<?xml version="1.0" encoding="utf-8"?>
<TestRun id="d42a7468-c2e4-4a60-b128-f34525d3f205" name="@dadsmbp 2025-08-22 08:18:24" xmlns="http://microsoft.com/schemas/VisualStudio/TeamTest/2010">
  <Times creation="2025-08-22T08:18:24.3567150-04:00" queuing="2025-08-22T08:18:24.3567150-04:00" start="2025-08-22T08:18:23.9734700-04:00" finish="2025-08-22T08:18:24.3805740-04:00" />
  <TestSettings name="default" id="c2e77be8-fffb-4dcb-9a25-d012b52a9a4b">
    <Deployment runDeploymentRoot="_dadsmbp_2025-08-22_08_18_24" />
  </TestSettings>
  <Results>
    <UnitTestResult executionId="912066d6-7a91-4121-8b4f-8cf2e07db3e5" testId="93036bb3-f81f-03cf-8baa-acc47ab0983f" testName="Repl_HelpCommand_ShowsHelp" computerName="dadsmbp" duration="00:00:00.0003189" startTime="2025-08-22T08:18:24.3278960-04:00" endTime="2025-08-22T08:18:24.3282530-04:00" testType="13cdc9d9-ddb5-4fa4-a97d-d965ccfc6d4b" outcome="Passed" testListId="8c84fa94-04c1-424b-9868-57a2d4851a1d" relativeResultsDirectory="912066d6-7a91-4121-8b4f-8cf2e07db3e5" />
    <UnitTestResult executionId="36f35098-1041-49e4-91e3-bf69402587f8" testId="cf2249f2-516c-27b4-3724-9f8ba03d50b4" testName="TestBasicExpressions" computerName="dadsmbp" duration="00:00:00.0040809" startTime="2025-08-22T08:18:24.3289850-04:00" endTime="2025-08-22T08:18:24.3331470-04:00" testType="13cdc9d9-ddb5-4fa4-a97d-d965ccfc6d4b" outcome="Passed" testListId="8c84fa94-04c1-424b-9868-57a2d4851a1d" relativeResultsDirectory="36f35098-1041-49e4-91e3-bf69402587f8" />
    <UnitTestResult executionId="68a30909-6b3d-4b8e-a37c-835ccc669614" testId="8e2c53c7-d6ce-0756-3772-aa3cdfa2e097" testName="Repl_ArithmeticAssignment_WorksCorrectly" computerName="dadsmbp" duration="00:00:00.0059660" startTime="2025-08-22T08:18:24.2808190-04:00" endTime="2025-08-22T08:18:24.2869310-04:00" testType="13cdc9d9-ddb5-4fa4-a97d-d965ccfc6d4b" outcome="Passed" testListId="8c84fa94-04c1-424b-9868-57a2d4851a1d" relativeResultsDirectory="68a30909-6b3d-4b8e-a37c-835ccc669614" />
    <UnitTestResult executionId="12024fd8-d308-461f-97a8-cc39bc20ebdf" testId="9b90e41c-0083-c3b0-f2d2-f3854a137e47" testName="Repl_MultiLineStatements_WorkCorrectly" computerName="dadsmbp" duration="00:00:00.0020094" startTime="2025-08-22T08:18:24.3258120-04:00" endTime="2025-08-22T08:18:24.3278700-04:00" testType="13cdc9d9-ddb5-4fa4-a97d-d965ccfc6d4b" outcome="Passed" testListId="8c84fa94-04c1-424b-9868-57a2d4851a1d" relativeResultsDirectory="12024fd8-d308-461f-97a8-cc39bc20ebdf" />
    <UnitTestResult executionId="76b4ab46-5f75-4e5d-8b52-7d073f44dca8" testId="ad823ee7-d245-b47c-07c3-293383d1e736" testName="Repl_MultipleArithmeticOperations_AllWork" computerName="dadsmbp" duration="00:00:00.0024842" startTime="2025-08-22T08:18:24.2870990-04:00" endTime="2025-08-22T08:18:24.2896890-04:00" testType="13cdc9d9-ddb5-4fa4-a97d-d965ccfc6d4b" outcome="Passed" testListId="8c84fa94-04c1-424b-9868-57a2d4851a1d" relativeResultsDirectory="76b4ab46-5f75-4e5d-8b52-7d073f44dca8" />
    <UnitTestResult executionId="4536a8ec-0a48-4c0b-a6a8-ba720222327f" testId="1ca9eaf6-8bf9-6c1a-cb10-c0305535000c" testName="Repl_UndefinedVariable_EvaluatesToNil" computerName="dadsmbp" duration="00:00:00.0003435" startTime="2025-08-22T08:18:24.2963010-04:00" endTime="2025-08-22T08:18:24.2967020-04:00" testType="13cdc9d9-ddb5-4fa4-a97d-d965ccfc6d4b" outcome="Passed" testListId="8c84fa94-04c1-424b-9868-57a2d4851a1d" relativeResultsDirectory="4536a8ec-0a48-4c0b-a6a8-ba720222327f" />
    <UnitTestResult executionId="08718654-b4b4-4d05-aa62-66ff592e4edd" testId="7f5f7dea-10e0-36c7-acbe-cbcfb014955d" testName="Repl_MixedStatementsAndExpressions_HandleCorrectly" computerName="dadsmbp" duration="00:00:00.0038344" startTime="2025-08-22T08:18:24.2922840-04:00" endTime="2025-08-22T08:18:24.2961890-04:00" testType="13cdc9d9-ddb5-4fa4-a97d-d965ccfc6d4b" outcome="Passed" testListId="8c84fa94-04c1-424b-9868-57a2d4851a1d" relativeResultsDirectory="08718654-b4b4-4d05-aa62-66ff592e4edd">
      <Output>
        <StdOut>Result:	30</StdOut>
      </Output>
    </UnitTestResult>
    <UnitTestResult executionId="3ab998d8-8cd9-44bf-acea-bbee698c44c3" testId="d38f9041-cb49-54fb-4fe8-bdaf67eaccca" testName="Repl_TableOperations_WorkCorrectly" computerName="dadsmbp" duration="00:00:00.0015485" startTime="2025-08-22T08:18:24.3241370-04:00" endTime="2025-08-22T08:18:24.3257680-04:00" testType="13cdc9d9-ddb5-4fa4-a97d-d965ccfc6d4b" outcome="Passed" testListId="8c84fa94-04c1-424b-9868-57a2d4851a1d" relativeResultsDirectory="3ab998d8-8cd9-44bf-acea-bbee698c44c3" />
    <UnitTestResult executionId="f66730dc-0d03-424e-85b9-9e1f7cd43905" testId="c9c9c6e0-588b-3e0e-9cb1-5a5ec3860814" testName="Repl_SimpleArithmetic_EvaluatesCorrectly" computerName="dadsmbp" duration="00:00:00.0573407" startTime="2025-08-22T08:18:24.2163200-04:00" endTime="2025-08-22T08:18:24.2787220-04:00" testType="13cdc9d9-ddb5-4fa4-a97d-d965ccfc6d4b" outcome="Passed" testListId="8c84fa94-04c1-424b-9868-57a2d4851a1d" relativeResultsDirectory="f66730dc-0d03-424e-85b9-9e1f7cd43905" />
    <UnitTestResult executionId="b3cc00ee-6220-4ffc-9058-c5b36ffdb3ec" testId="edea1e8a-700d-e188-d3ae-546dfcf6032f" testName="TestSimpleTable" computerName="dadsmbp" duration="00:00:00.0004189" startTime="2025-08-22T08:18:24.3335070-04:00" endTime="2025-08-22T08:18:24.3342380-04:00" testType="13cdc9d9-ddb5-4fa4-a97d-d965ccfc6d4b" outcome="Passed" testListId="8c84fa94-04c1-424b-9868-57a2d4851a1d" relativeResultsDirectory="b3cc00ee-6220-4ffc-9058-c5b36ffdb3ec" />
    <UnitTestResult executionId="10e64ec8-6f44-4bf8-a91d-bb890f33bea0" testId="7625c03e-5aef-1e46-4114-1cdae46ffc01" testName="Repl_FunctionDefinitionAndCall_WorksCorrectly" computerName="dadsmbp" duration="00:00:00.0110426" startTime="2025-08-22T08:18:24.2971020-04:00" endTime="2025-08-22T08:18:24.3088630-04:00" testType="13cdc9d9-ddb5-4fa4-a97d-d965ccfc6d4b" outcome="Failed" testListId="8c84fa94-04c1-424b-9868-57a2d4851a1d" relativeResultsDirectory="10e64ec8-6f44-4bf8-a91d-bb890f33bea0">
      <Output>
        <ErrorInfo>
          <Message>Assert.IsTrue failed. Expected '=&gt; 42' in output, but got: 
\ud83d\ude80 FLua Interactive REPL v2.1 (C#)
====================================
C# implementation of Lua interpreter
✨ Now with full module system support!

Commands:
  .help     - Show help
  .quit     - Exit the REPL
  .clear    - Clear screen

Enter Lua expressions or statements:

lua&gt;   &gt;&gt;   &gt;&gt; =&gt; nil
lua&gt; ❌ Error: LuaUserFunction.Call must be implemented by the interpreter
lua&gt; Goodbye! \ud83d\udc4b
Goodbye! \ud83d\udc4b
</Message>
          <StackTrace>   at FLua.Interpreter.Tests.LuaReplIntegrationTests.Repl_FunctionDefinitionAndCall_WorksCorrectly() in /Users/bill/Repos/FLua/FLua.Interpreter.Tests/LuaReplIntegrationTests.cs:line 171
   at System.RuntimeMethodHandle.InvokeMethod(Object target, Void** arguments, Signature sig, Boolean isConstructor)
   at System.Reflection.MethodBaseInvoker.InvokeWithNoArgs(Object obj, BindingFlags invokeAttr)
</StackTrace>
        </ErrorInfo>
      </Output>
    </UnitTestResult>
    <UnitTestResult executionId="c6e938d1-86ac-4d5a-a7ff-3b9fa4fbe87c" testId="f6903ec5-a862-79a8-fd09-5f36e04f79ce" testName="Repl_StringConcatenation_WorksCorrectly" computerName="dadsmbp" duration="00:00:00.0010357" startTime="2025-08-22T08:18:24.2897390-04:00" endTime="2025-08-22T08:18:24.2908440-04:00" testType="13cdc9d9-ddb5-4fa4-a97d-d965ccfc6d4b" outcome="Passed" testListId="8c84fa94-04c1-424b-9868-57a2d4851a1d" relativeResultsDirectory="c6e938d1-86ac-4d5a-a7ff-3b9fa4fbe87c" />
    <UnitTestResult executionId="9677c442-254c-4832-bd96-6b6571873493" testId="457d664e-b51f-7846-f3b5-07a078198c47" testName="Repl_LocalVariables_WorkCorrectly" computerName="dadsmbp" duration="00:00:00.0003386" startTime="2025-08-22T08:18:24.2967180-04:00" endTime="2025-08-22T08:18:24.2970880-04:00" testType="13cdc9d9-ddb5-4fa4-a97d-d965ccfc6d4b" outcome="Passed" testListId="8c84fa94-04c1-424b-9868-57a2d4851a1d" relativeResultsDirectory="9677c442-254c-4832-bd96-6b6571873493" />
    <UnitTestResult executionId="45782387-c439-4a59-aa15-0f7165d9cb33" testId="612a32a0-94b7-5e4c-510d-c639fd0745d4" testName="Repl_EmptyLines_AreIgnored" computerName="dadsmbp" duration="00:00:00.0001980" startTime="2025-08-22T08:18:24.3282660-04:00" endTime="2025-08-22T08:18:24.3284890-04:00" testType="13cdc9d9-ddb5-4fa4-a97d-d965ccfc6d4b" outcome="Passed" testListId="8c84fa94-04c1-424b-9868-57a2d4851a1d" relativeResultsDirectory="45782387-c439-4a59-aa15-0f7165d9cb33" />
    <UnitTestResult executionId="e2d575bb-15b5-4b85-9c31-07617625ca41" testId="a64c51e7-b9f6-3052-24ba-15ae3c7cfe16" testName="Repl_BooleanExpressions_EvaluateCorrectly" computerName="dadsmbp" duration="00:00:00.0013250" startTime="2025-08-22T08:18:24.2908660-04:00" endTime="2025-08-22T08:18:24.2922440-04:00" testType="13cdc9d9-ddb5-4fa4-a97d-d965ccfc6d4b" outcome="Passed" testListId="8c84fa94-04c1-424b-9868-57a2d4851a1d" relativeResultsDirectory="e2d575bb-15b5-4b85-9c31-07617625ca41" />
    <UnitTestResult executionId="507e3f15-d081-4b11-bcba-fe063a706cbf" testId="268d0ded-b6b6-df9d-1780-75275cc5eb9a" testName="Repl_ComplexExpression_EvaluatesCorrectly" computerName="dadsmbp" duration="00:00:00.0003829" startTime="2025-08-22T08:18:24.3285030-04:00" endTime="2025-08-22T08:18:24.3289710-04:00" testType="13cdc9d9-ddb5-4fa4-a97d-d965ccfc6d4b" outcome="Passed" testListId="8c84fa94-04c1-424b-9868-57a2d4851a1d" relativeResultsDirectory="507e3f15-d081-4b11-bcba-fe063a706cbf" />
    <UnitTestResult executionId="a6b0ec1b-d973-4bef-b2d7-3cb01c18c779" testId="d61f0401-ab27-756d-fe7d-a9fad9f02d8a" testName="TestSimpleVariables" computerName="dadsmbp" duration="00:00:00.0002749" startTime="2025-08-22T08:18:24.3331780-04:00" endTime="2025-08-22T08:18:24.3334930-04:00" testType="13cdc9d9-ddb5-4fa4-a97d-d965ccfc6d4b" outcome="Passed" testListId="8c84fa94-04c1-424b-9868-57a2d4851a1d" relativeResultsDirectory="a6b0ec1b-d973-4bef-b2d7-3cb01c18c779" />
  </Results>
  <TestDefinitions>
    <UnitTest name="Repl_HelpCommand_ShowsHelp" storage="/users/bill/repos/flua/flua.interpreter.tests/bin/debug/net8.0/flua.interpreter.tests.dll" id="93036bb3-f81f-03cf-8baa-acc47ab0983f">
      <Execution id="912066d6-7a91-4121-8b4f-8cf2e07db3e5" />
      <TestMethod codeBase="/Users/bill/Repos/FLua/FLua.Interpreter.Tests/bin/Debug/net8.0/FLua.Interpreter.Tests.dll" adapterTypeName="executor://mstestadapter/v2" className="FLua.Interpreter.Tests.LuaReplIntegrationTests" name="Repl_HelpCommand_ShowsHelp" />
    </UnitTest>
    <UnitTest name="Repl_TableOperations_WorkCorrectly" storage="/users/bill/repos/flua/flua.interpreter.tests/bin/debug/net8.0/flua.interpreter.tests.dll" id="d38f9041-cb49-54fb-4fe8-bdaf67eaccca">
      <Execution id="3ab998d8-8cd9-44bf-acea-bbee698c44c3" />
      <TestMethod codeBase="/Users/bill/Repos/FLua/FLua.Interpreter.Tests/bin/Debug/net8.0/FLua.Interpreter.Tests.dll" adapterTypeName="executor://mstestadapter/v2" className="FLua.Interpreter.Tests.LuaReplIntegrationTests" name="Repl_TableOperations_WorkCorrectly" />
    </UnitTest>
    <UnitTest name="Repl_StringConcatenation_WorksCorrectly" storage="/users/bill/repos/flua/flua.interpreter.tests/bin/debug/net8.0/flua.interpreter.tests.dll" id="f6903ec5-a862-79a8-fd09-5f36e04f79ce">
      <Execution id="c6e938d1-86ac-4d5a-a7ff-3b9fa4fbe87c" />
      <TestMethod codeBase="/Users/bill/Repos/FLua/FLua.Interpreter.Tests/bin/Debug/net8.0/FLua.Interpreter.Tests.dll" adapterTypeName="executor://mstestadapter/v2" className="FLua.Interpreter.Tests.LuaReplIntegrationTests" name="Repl_StringConcatenation_WorksCorrectly" />
    </UnitTest>
    <UnitTest name="Repl_MultipleArithmeticOperations_AllWork" storage="/users/bill/repos/flua/flua.interpreter.tests/bin/debug/net8.0/flua.interpreter.tests.dll" id="ad823ee7-d245-b47c-07c3-293383d1e736">
      <Execution id="76b4ab46-5f75-4e5d-8b52-7d073f44dca8" />
      <TestMethod codeBase="/Users/bill/Repos/FLua/FLua.Interpreter.Tests/bin/Debug/net8.0/FLua.Interpreter.Tests.dll" adapterTypeName="executor://mstestadapter/v2" className="FLua.Interpreter.Tests.LuaReplIntegrationTests" name="Repl_MultipleArithmeticOperations_AllWork" />
    </UnitTest>
    <UnitTest name="Repl_BooleanExpressions_EvaluateCorrectly" storage="/users/bill/repos/flua/flua.interpreter.tests/bin/debug/net8.0/flua.interpreter.tests.dll" id="a64c51e7-b9f6-3052-24ba-15ae3c7cfe16">
      <Execution id="e2d575bb-15b5-4b85-9c31-07617625ca41" />
      <TestMethod codeBase="/Users/bill/Repos/FLua/FLua.Interpreter.Tests/bin/Debug/net8.0/FLua.Interpreter.Tests.dll" adapterTypeName="executor://mstestadapter/v2" className="FLua.Interpreter.Tests.LuaReplIntegrationTests" name="Repl_BooleanExpressions_EvaluateCorrectly" />
    </UnitTest>
    <UnitTest name="Repl_EmptyLines_AreIgnored" storage="/users/bill/repos/flua/flua.interpreter.tests/bin/debug/net8.0/flua.interpreter.tests.dll" id="612a32a0-94b7-5e4c-510d-c639fd0745d4">
      <Execution id="45782387-c439-4a59-aa15-0f7165d9cb33" />
      <TestMethod codeBase="/Users/bill/Repos/FLua/FLua.Interpreter.Tests/bin/Debug/net8.0/FLua.Interpreter.Tests.dll" adapterTypeName="executor://mstestadapter/v2" className="FLua.Interpreter.Tests.LuaReplIntegrationTests" name="Repl_EmptyLines_AreIgnored" />
    </UnitTest>
    <UnitTest name="TestBasicExpressions" storage="/users/bill/repos/flua/flua.interpreter.tests/bin/debug/net8.0/flua.interpreter.tests.dll" id="cf2249f2-516c-27b4-3724-9f8ba03d50b4">
      <Execution id="36f35098-1041-49e4-91e3-bf69402587f8" />
      <TestMethod codeBase="/Users/bill/Repos/FLua/FLua.Interpreter.Tests/bin/Debug/net8.0/FLua.Interpreter.Tests.dll" adapterTypeName="executor://mstestadapter/v2" className="FLua.Interpreter.Tests.TestFeatures" name="TestBasicExpressions" />
    </UnitTest>
    <UnitTest name="Repl_FunctionDefinitionAndCall_WorksCorrectly" storage="/users/bill/repos/flua/flua.interpreter.tests/bin/debug/net8.0/flua.interpreter.tests.dll" id="7625c03e-5aef-1e46-4114-1cdae46ffc01">
      <Execution id="10e64ec8-6f44-4bf8-a91d-bb890f33bea0" />
      <TestMethod codeBase="/Users/bill/Repos/FLua/FLua.Interpreter.Tests/bin/Debug/net8.0/FLua.Interpreter.Tests.dll" adapterTypeName="executor://mstestadapter/v2" className="FLua.Interpreter.Tests.LuaReplIntegrationTests" name="Repl_FunctionDefinitionAndCall_WorksCorrectly" />
    </UnitTest>
    <UnitTest name="Repl_MixedStatementsAndExpressions_HandleCorrectly" storage="/users/bill/repos/flua/flua.interpreter.tests/bin/debug/net8.0/flua.interpreter.tests.dll" id="7f5f7dea-10e0-36c7-acbe-cbcfb014955d">
      <Execution id="08718654-b4b4-4d05-aa62-66ff592e4edd" />
      <TestMethod codeBase="/Users/bill/Repos/FLua/FLua.Interpreter.Tests/bin/Debug/net8.0/FLua.Interpreter.Tests.dll" adapterTypeName="executor://mstestadapter/v2" className="FLua.Interpreter.Tests.LuaReplIntegrationTests" name="Repl_MixedStatementsAndExpressions_HandleCorrectly" />
    </UnitTest>
    <UnitTest name="TestSimpleVariables" storage="/users/bill/repos/flua/flua.interpreter.tests/bin/debug/net8.0/flua.interpreter.tests.dll" id="d61f0401-ab27-756d-fe7d-a9fad9f02d8a">
      <Execution id="a6b0ec1b-d973-4bef-b2d7-3cb01c18c779" />
      <TestMethod codeBase="/Users/bill/Repos/FLua/FLua.Interpreter.Tests/bin/Debug/net8.0/FLua.Interpreter.Tests.dll" adapterTypeName="executor://mstestadapter/v2" className="FLua.Interpreter.Tests.TestFeatures" name="TestSimpleVariables" />
    </UnitTest>
    <UnitTest name="Repl_SimpleArithmetic_EvaluatesCorrectly" storage="/users/bill/repos/flua/flua.interpreter.tests/bin/debug/net8.0/flua.interpreter.tests.dll" id="c9c9c6e0-588b-3e0e-9cb1-5a5ec3860814">
      <Execution id="f66730dc-0d03-424e-85b9-9e1f7cd43905" />
      <TestMethod codeBase="/Users/bill/Repos/FLua/FLua.Interpreter.Tests/bin/Debug/net8.0/FLua.Interpreter.Tests.dll" adapterTypeName="executor://mstestadapter/v2" className="FLua.Interpreter.Tests.LuaReplIntegrationTests" name="Repl_SimpleArithmetic_EvaluatesCorrectly" />
    </UnitTest>
    <UnitTest name="TestSimpleTable" storage="/users/bill/repos/flua/flua.interpreter.tests/bin/debug/net8.0/flua.interpreter.tests.dll" id="edea1e8a-700d-e188-d3ae-546dfcf6032f">
      <Execution id="b3cc00ee-6220-4ffc-9058-c5b36ffdb3ec" />
      <TestMethod codeBase="/Users/bill/Repos/FLua/FLua.Interpreter.Tests/bin/Debug/net8.0/FLua.Interpreter.Tests.dll" adapterTypeName="executor://mstestadapter/v2" className="FLua.Interpreter.Tests.TestFeatures" name="TestSimpleTable" />
    </UnitTest>
    <UnitTest name="Repl_ArithmeticAssignment_WorksCorrectly" storage="/users/bill/repos/flua/flua.interpreter.tests/bin/debug/net8.0/flua.interpreter.tests.dll" id="8e2c53c7-d6ce-0756-3772-aa3cdfa2e097">
      <Execution id="68a30909-6b3d-4b8e-a37c-835ccc669614" />
      <TestMethod codeBase="/Users/bill/Repos/FLua/FLua.Interpreter.Tests/bin/Debug/net8.0/FLua.Interpreter.Tests.dll" adapterTypeName="executor://mstestadapter/v2" className="FLua.Interpreter.Tests.LuaReplIntegrationTests" name="Repl_ArithmeticAssignment_WorksCorrectly" />
    </UnitTest>
    <UnitTest name="Repl_LocalVariables_WorkCorrectly" storage="/users/bill/repos/flua/flua.interpreter.tests/bin/debug/net8.0/flua.interpreter.tests.dll" id="457d664e-b51f-7846-f3b5-07a078198c47">
      <Execution id="9677c442-254c-4832-bd96-6b6571873493" />
      <TestMethod codeBase="/Users/bill/Repos/FLua/FLua.Interpreter.Tests/bin/Debug/net8.0/FLua.Interpreter.Tests.dll" adapterTypeName="executor://mstestadapter/v2" className="FLua.Interpreter.Tests.LuaReplIntegrationTests" name="Repl_LocalVariables_WorkCorrectly" />
    </UnitTest>
    <UnitTest name="Repl_ComplexExpression_EvaluatesCorrectly" storage="/users/bill/repos/flua/flua.interpreter.tests/bin/debug/net8.0/flua.interpreter.tests.dll" id="268d0ded-b6b6-df9d-1780-75275cc5eb9a">
      <Execution id="507e3f15-d081-4b11-bcba-fe063a706cbf" />
      <TestMethod codeBase="/Users/bill/Repos/FLua/FLua.Interpreter.Tests/bin/Debug/net8.0/FLua.Interpreter.Tests.dll" adapterTypeName="executor://mstestadapter/v2" className="FLua.Interpreter.Tests.LuaReplIntegrationTests" name="Repl_ComplexExpression_EvaluatesCorrectly" />
    </UnitTest>
    <UnitTest name="Repl_UndefinedVariable_EvaluatesToNil" storage="/users/bill/repos/flua/flua.interpreter.tests/bin/debug/net8.0/flua.interpreter.tests.dll" id="1ca9eaf6-8bf9-6c1a-cb10-c0305535000c">
      <Execution id="4536a8ec-0a48-4c0b-a6a8-ba720222327f" />
      <TestMethod codeBase="/Users/bill/Repos/FLua/FLua.Interpreter.Tests/bin/Debug/net8.0/FLua.Interpreter.Tests.dll" adapterTypeName="executor://mstestadapter/v2" className="FLua.Interpreter.Tests.LuaReplIntegrationTests" name="Repl_UndefinedVariable_EvaluatesToNil" />
    </UnitTest>
    <UnitTest name="Repl_MultiLineStatements_WorkCorrectly" storage="/users/bill/repos/flua/flua.interpreter.tests/bin/debug/net8.0/flua.interpreter.tests.dll" id="9b90e41c-0083-c3b0-f2d2-f3854a137e47">
      <Execution id="12024fd8-d308-461f-97a8-cc39bc20ebdf" />
      <TestMethod codeBase="/Users/bill/Repos/FLua/FLua.Interpreter.Tests/bin/Debug/net8.0/FLua.Interpreter.Tests.dll" adapterTypeName="executor://mstestadapter/v2" className="FLua.Interpreter.Tests.LuaReplIntegrationTests" name="Repl_MultiLineStatements_WorkCorrectly" />
    </UnitTest>
  </TestDefinitions>
  <TestEntries>
    <TestEntry testId="93036bb3-f81f-03cf-8baa-acc47ab0983f" executionId="912066d6-7a91-4121-8b4f-8cf2e07db3e5" testListId="8c84fa94-04c1-424b-9868-57a2d4851a1d" />
    <TestEntry testId="cf2249f2-516c-27b4-3724-9f8ba03d50b4" executionId="36f35098-1041-49e4-91e3-bf69402587f8" testListId="8c84fa94-04c1-424b-9868-57a2d4851a1d" />
    <TestEntry testId="8e2c53c7-d6ce-0756-3772-aa3cdfa2e097" executionId="68a30909-6b3d-4b8e-a37c-835ccc669614" testListId="8c84fa94-04c1-424b-9868-57a2d4851a1d" />
    <TestEntry testId="9b90e41c-0083-c3b0-f2d2-f3854a137e47" executionId="12024fd8-d308-461f-97a8-cc39bc20ebdf" testListId="8c84fa94-04c1-424b-9868-57a2d4851a1d" />
    <TestEntry testId="ad823ee7-d245-b47c-07c3-293383d1e736" executionId="76b4ab46-5f75-4e5d-8b52-7d073f44dca8" testListId="8c84fa94-04c1-424b-9868-57a2d4851a1d" />
    <TestEntry testId="1ca9eaf6-8bf9-6c1a-cb10-c0305535000c" executionId="4536a8ec-0a48-4c0b-a6a8-ba720222327f" testListId="8c84fa94-04c1-424b-9868-57a2d4851a1d" />
    <TestEntry testId="7f5f7dea-10e0-36c7-acbe-cbcfb014955d" executionId="08718654-b4b4-4d05-aa62-66ff592e4edd" testListId="8c84fa94-04c1-424b-9868-57a2d4851a1d" />
    <TestEntry testId="d38f9041-cb49-54fb-4fe8-bdaf67eaccca" executionId="3ab998d8-8cd9-44bf-acea-bbee698c44c3" testListId="8c84fa94-04c1-424b-9868-57a2d4851a1d" />
    <TestEntry testId="c9c9c6e0-588b-3e0e-9cb1-5a5ec3860814" executionId="f66730dc-0d03-424e-85b9-9e1f7cd43905" testListId="8c84fa94-04c1-424b-9868-57a2d4851a1d" />
    <TestEntry testId="edea1e8a-700d-e188-d3ae-546dfcf6032f" executionId="b3cc00ee-6220-4ffc-9058-c5b36ffdb3ec" testListId="8c84fa94-04c1-424b-9868-57a2d4851a1d" />
    <TestEntry testId="7625c03e-5aef-1e46-4114-1cdae46ffc01" executionId="10e64ec8-6f44-4bf8-a91d-bb890f33bea0" testListId="8c84fa94-04c1-424b-9868-57a2d4851a1d" />
    <TestEntry testId="f6903ec5-a862-79a8-fd09-5f36e04f79ce" executionId="c6e938d1-86ac-4d5a-a7ff-3b9fa4fbe87c" testListId="8c84fa94-04c1-424b-9868-57a2d4851a1d" />
    <TestEntry testId="457d664e-b51f-7846-f3b5-07a078198c47" executionId="9677c442-254c-4832-bd96-6b6571873493" testListId="8c84fa94-04c1-424b-9868-57a2d4851a1d" />
    <TestEntry testId="612a32a0-94b7-5e4c-510d-c639fd0745d4" executionId="45782387-c439-4a59-aa15-0f7165d9cb33" testListId="8c84fa94-04c1-424b-9868-57a2d4851a1d" />
    <TestEntry testId="a64c51e7-b9f6-3052-24ba-15ae3c7cfe16" executionId="e2d575bb-15b5-4b85-9c31-07617625ca41" testListId="8c84fa94-04c1-424b-9868-57a2d4851a1d" />
    <TestEntry testId="268d0ded-b6b6-df9d-1780-75275cc5eb9a" executionId="507e3f15-d081-4b11-bcba-fe063a706cbf" testListId="8c84fa94-04c1-424b-9868-57a2d4851a1d" />
    <TestEntry testId="d61f0401-ab27-756d-fe7d-a9fad9f02d8a" executionId="a6b0ec1b-d973-4bef-b2d7-3cb01c18c779" testListId="8c84fa94-04c1-424b-9868-57a2d4851a1d" />
  </TestEntries>
  <TestLists>
    <TestList name="Results Not in a List" id="8c84fa94-04c1-424b-9868-57a2d4851a1d" />
    <TestList name="All Loaded Results" id="19431567-8539-422a-85d7-44ee4e166bda" />
  </TestLists>
  <ResultSummary outcome="Failed">
    <Counters total="17" executed="17" passed="16" failed="1" error="0" timeout="0" aborted="0" inconclusive="0" passedButRunAborted="0" notRunnable="0" notExecuted="0" disconnected="0" warning="0" completed="0" inProgress="0" pending="0" />
  </ResultSummary>
</TestRun>