<?xml version="1.0" encoding="utf-8"?>
<TestRun id="0712c353-3499-42c9-a3a3-4de405249e1e" name="@dadsmbp 2025-08-22 08:18:24" xmlns="http://microsoft.com/schemas/VisualStudio/TeamTest/2010">
  <Times creation="2025-08-22T08:18:24.0230510-04:00" queuing="2025-08-22T08:18:24.0230510-04:00" start="2025-08-22T08:18:23.6923100-04:00" finish="2025-08-22T08:18:24.2049920-04:00" />
  <TestSettings name="default" id="e1bcceb8-1fdf-4c7d-9500-bdc0db493804">
    <Deployment runDeploymentRoot="_dadsmbp_2025-08-22_08_18_24" />
  </TestSettings>
  <Results>
    <UnitTestResult executionId="aa341ac7-336e-464d-9dfe-bdaf313b652c" testId="4226b713-abd5-c748-6b0f-bf6bae6ee882" testName="Find_ComplexCharacterClass_TestsClassMatching" computerName="dadsmbp" duration="00:00:00.0001657" startTime="2025-08-22T08:18:24.1232350-04:00" endTime="2025-08-22T08:18:24.1234310-04:00" testType="13cdc9d9-ddb5-4fa4-a97d-d965ccfc6d4b" outcome="Failed" testListId="8c84fa94-04c1-424b-9868-57a2d4851a1d" relativeResultsDirectory="aa341ac7-336e-464d-9dfe-bdaf313b652c">
      <Output>
        <ErrorInfo>
          <Message>Assert.AreEqual failed. Expected:&lt;2&gt;. Actual:&lt;1&gt;. </Message>
          <StackTrace>   at FLua.Runtime.LibraryTests.LuaStringLibTests.Find_ComplexCharacterClass_TestsClassMatching() in /Users/bill/Repos/FLua/FLua.Runtime.LibraryTests/LuaStringLibTests.cs:line 1729
   at System.RuntimeMethodHandle.InvokeMethod(Object target, Void** arguments, Signature sig, Boolean isConstructor)
   at System.Reflection.MethodBaseInvoker.InvokeWithNoArgs(Object obj, BindingFlags invokeAttr)
</StackTrace>
        </ErrorInfo>
      </Output>
    </UnitTestResult>
    <UnitTestResult executionId="61aea24b-3d70-4912-be04-6db27962ae81" testId="2d699352-85d4-4161-4113-cf7cd0a1a389" testName="Float_NaN_ReturnsCorrectValue" computerName="dadsmbp" duration="00:00:00.0000345" startTime="2025-08-22T08:18:24.1697970-04:00" endTime="2025-08-22T08:18:24.1698480-04:00" testType="13cdc9d9-ddb5-4fa4-a97d-d965ccfc6d4b" outcome="Passed" testListId="8c84fa94-04c1-424b-9868-57a2d4851a1d" relativeResultsDirectory="61aea24b-3d70-4912-be04-6db27962ae81" />
    <UnitTestResult executionId="06a4cc50-5cd9-4b29-85fa-098ef48a4647" testId="5d3702d9-9a65-852b-004d-27341427f4f6" testName="Match_NegatedCharacterClass_MatchesExceptSet" computerName="dadsmbp" duration="00:00:00.0000522" startTime="2025-08-22T08:18:24.1029260-04:00" endTime="2025-08-22T08:18:24.1030060-04:00" testType="13cdc9d9-ddb5-4fa4-a97d-d965ccfc6d4b" outcome="Passed" testListId="8c84fa94-04c1-424b-9868-57a2d4851a1d" relativeResultsDirectory="06a4cc50-5cd9-4b29-85fa-098ef48a4647" />
    <UnitTestResult executionId="45faa0b4-ee3c-44c6-a756-45727e361d00" testId="93aea425-0484-f765-45a1-23486e2d2574" testName="ToConcatString_BooleanValue_ThrowsException" computerName="dadsmbp" duration="00:00:00.0000225" startTime="2025-08-22T08:18:24.1449520-04:00" endTime="2025-08-22T08:18:24.1450030-04:00" testType="13cdc9d9-ddb5-4fa4-a97d-d965ccfc6d4b" outcome="Failed" testListId="8c84fa94-04c1-424b-9868-57a2d4851a1d" relativeResultsDirectory="45faa0b4-ee3c-44c6-a756-45727e361d00">
      <Output>
        <ErrorInfo>
          <Message>Test method did not throw expected exception System.InvalidOperationException. </Message>
        </ErrorInfo>
      </Output>
    </UnitTestResult>
    <UnitTestResult executionId="b6f930de-bc9d-4c63-8ed4-baace5487b0d" testId="867b7719-8272-a309-02c4-493cf6c3a6c5" testName="ToString_NilValue_ThrowsException" computerName="dadsmbp" duration="00:00:00.0000198" startTime="2025-08-22T08:18:24.1437360-04:00" endTime="2025-08-22T08:18:24.1437790-04:00" testType="13cdc9d9-ddb5-4fa4-a97d-d965ccfc6d4b" outcome="Failed" testListId="8c84fa94-04c1-424b-9868-57a2d4851a1d" relativeResultsDirectory="b6f930de-bc9d-4c63-8ed4-baace5487b0d">
      <Output>
        <ErrorInfo>
          <Message>Test method did not throw expected exception System.InvalidOperationException. </Message>
        </ErrorInfo>
      </Output>
    </UnitTestResult>
    <UnitTestResult executionId="fb7f43e6-a7db-4a2e-9bca-c935c0c8198b" testId="dc983584-c031-7d34-88ae-0f42c4fbfcba" testName="CreateNumber_ZeroLong_ReturnsZeroInteger" computerName="dadsmbp" duration="00:00:00.0000284" startTime="2025-08-22T08:18:24.1655600-04:00" endTime="2025-08-22T08:18:24.1656040-04:00" testType="13cdc9d9-ddb5-4fa4-a97d-d965ccfc6d4b" outcome="Passed" testListId="8c84fa94-04c1-424b-9868-57a2d4851a1d" relativeResultsDirectory="fb7f43e6-a7db-4a2e-9bca-c935c0c8198b" />
    <UnitTestResult executionId="0d614657-9700-4887-b84f-678a39bd57d2" testId="b36a204b-6bba-e0c3-200f-59df401add70" testName="Codes_SingleCharacter_IteratesOnce" computerName="dadsmbp" duration="00:00:00.0000877" startTime="2025-08-22T08:18:24.1618580-04:00" endTime="2025-08-22T08:18:24.1619620-04:00" testType="13cdc9d9-ddb5-4fa4-a97d-d965ccfc6d4b" outcome="Passed" testListId="8c84fa94-04c1-424b-9868-57a2d4851a1d" relativeResultsDirectory="0d614657-9700-4887-b84f-678a39bd57d2" />
    <UnitTestResult executionId="0b84e257-ccc1-47d3-a922-06d561f3f8f5" testId="2a85935e-5001-a7a5-9055-56e88cd50aae" testName="Floor_Integer_ReturnsSameValue" computerName="dadsmbp" duration="00:00:00.0001438" startTime="2025-08-22T08:18:24.0355960-04:00" endTime="2025-08-22T08:18:24.0357580-04:00" testType="13cdc9d9-ddb5-4fa4-a97d-d965ccfc6d4b" outcome="Passed" testListId="8c84fa94-04c1-424b-9868-57a2d4851a1d" relativeResultsDirectory="0b84e257-ccc1-47d3-a922-06d561f3f8f5" />
    <UnitTestResult executionId="e2796195-0cf5-4467-b8b5-e015473456c3" testId="f3f69f6c-1e32-0999-9d11-05b98f36422c" testName="Find_PlainSearch_TreatsPatternLiterally" computerName="dadsmbp" duration="00:00:00.0000769" startTime="2025-08-22T08:18:24.0816310-04:00" endTime="2025-08-22T08:18:24.0817300-04:00" testType="13cdc9d9-ddb5-4fa4-a97d-d965ccfc6d4b" outcome="Passed" testListId="8c84fa94-04c1-424b-9868-57a2d4851a1d" relativeResultsDirectory="e2796195-0cf5-4467-b8b5-e015473456c3" />
    <UnitTestResult executionId="e06f2694-4f77-4526-93ef-cdae49754b19" testId="5d2ae755-0986-61cd-5beb-ff5cb0ae706b" testName="Char_SingleCodePoint_ReturnsSingleCharacter" computerName="dadsmbp" duration="00:00:00.0000400" startTime="2025-08-22T08:18:24.1572180-04:00" endTime="2025-08-22T08:18:24.1572750-04:00" testType="13cdc9d9-ddb5-4fa4-a97d-d965ccfc6d4b" outcome="Passed" testListId="8c84fa94-04c1-424b-9868-57a2d4851a1d" relativeResultsDirectory="e06f2694-4f77-4526-93ef-cdae49754b19" />
    <UnitTestResult executionId="d7474e2d-75ea-4f9f-af8c-2f6676b2f576" testId="fbe8371c-1bd1-f91b-8547-eaf0043cbd5e" testName="Float_PositiveValue_ReturnsCorrectValue" computerName="dadsmbp" duration="00:00:00.0000397" startTime="2025-08-22T08:18:24.1696140-04:00" endTime="2025-08-22T08:18:24.1696720-04:00" testType="13cdc9d9-ddb5-4fa4-a97d-d965ccfc6d4b" outcome="Passed" testListId="8c84fa94-04c1-424b-9868-57a2d4851a1d" relativeResultsDirectory="d7474e2d-75ea-4f9f-af8c-2f6676b2f576" />
    <UnitTestResult executionId="570f8026-8ecc-4c89-ace4-b2890083448b" testId="66ff3671-3d04-b35e-0edb-023c3c15e56b" testName="Remove_LastElement_ReturnsAndRemoves" computerName="dadsmbp" duration="00:00:00.0003675" startTime="2025-08-22T08:18:24.1293680-04:00" endTime="2025-08-22T08:18:24.1297640-04:00" testType="13cdc9d9-ddb5-4fa4-a97d-d965ccfc6d4b" outcome="Passed" testListId="8c84fa94-04c1-424b-9868-57a2d4851a1d" relativeResultsDirectory="570f8026-8ecc-4c89-ace4-b2890083448b" />
    <UnitTestResult executionId="4242540a-03d2-41cc-bc24-0433dd56ba08" testId="2f699bd0-bf79-3f7f-1414-cd67135ef89a" testName="GetEnv_ExistingVariable_ReturnsValue" computerName="dadsmbp" duration="00:00:00.0001578" startTime="2025-08-22T08:18:24.0630850-04:00" endTime="2025-08-22T08:18:24.0632610-04:00" testType="13cdc9d9-ddb5-4fa4-a97d-d965ccfc6d4b" outcome="Passed" testListId="8c84fa94-04c1-424b-9868-57a2d4851a1d" relativeResultsDirectory="4242540a-03d2-41cc-bc24-0433dd56ba08" />
    <UnitTestResult executionId="4dbde285-4084-44ab-813c-c9adf9064319" testId="65f12242-227e-467b-3997-8aa37655c793" testName="Remove_EmptyDirectory_ReturnsTrue" computerName="dadsmbp" duration="00:00:00.0002236" startTime="2025-08-22T08:18:24.0676580-04:00" endTime="2025-08-22T08:18:24.0679010-04:00" testType="13cdc9d9-ddb5-4fa4-a97d-d965ccfc6d4b" outcome="Passed" testListId="8c84fa94-04c1-424b-9868-57a2d4851a1d" relativeResultsDirectory="4dbde285-4084-44ab-813c-c9adf9064319" />
    <UnitTestResult executionId="90e8ab44-17b0-4e7d-a50f-6696aa04dfca" testId="38e46477-e8cd-ebae-2dca-03d9894f248c" testName="ToNumber_NegativeString_ReturnsCorrectNumber" computerName="dadsmbp" duration="00:00:00.0000329" startTime="2025-08-22T08:18:24.1410990-04:00" endTime="2025-08-22T08:18:24.1411490-04:00" testType="13cdc9d9-ddb5-4fa4-a97d-d965ccfc6d4b" outcome="Passed" testListId="8c84fa94-04c1-424b-9868-57a2d4851a1d" relativeResultsDirectory="90e8ab44-17b0-4e7d-a50f-6696aa04dfca" />
    <UnitTestResult executionId="f9c169f0-a27d-4762-b03f-1247260c21ad" testId="b4afe601-e3de-34b6-433a-57b6a7c650f0" testName="Concat_WithRange_JoinsSubset" computerName="dadsmbp" duration="00:00:00.0000913" startTime="2025-08-22T08:18:24.1332050-04:00" endTime="2025-08-22T08:18:24.1333200-04:00" testType="13cdc9d9-ddb5-4fa4-a97d-d965ccfc6d4b" outcome="Passed" testListId="8c84fa94-04c1-424b-9868-57a2d4851a1d" relativeResultsDirectory="f9c169f0-a27d-4762-b03f-1247260c21ad" />
    <UnitTestResult executionId="58578089-df2b-46b1-968f-7a48eb7d336c" testId="d2412a1a-4841-40cf-9656-805a3328669f" testName="Sub_ValidRange_ReturnsSubstring" computerName="dadsmbp" duration="00:00:00.0003226" startTime="2025-08-22T08:18:24.0721280-04:00" endTime="2025-08-22T08:18:24.0724760-04:00" testType="13cdc9d9-ddb5-4fa4-a97d-d965ccfc6d4b" outcome="Passed" testListId="8c84fa94-04c1-424b-9868-57a2d4851a1d" relativeResultsDirectory="58578089-df2b-46b1-968f-7a48eb7d336c" />
    <UnitTestResult executionId="0bcf7081-b5cb-4fd6-a86c-886222078f38" testId="b3ce1882-0b30-f00e-0788-a6798983f21c" testName="Rad_180_ReturnsPi" computerName="dadsmbp" duration="00:00:00.0000925" startTime="2025-08-22T08:18:24.0392130-04:00" endTime="2025-08-22T08:18:24.0393230-04:00" testType="13cdc9d9-ddb5-4fa4-a97d-d965ccfc6d4b" outcome="Passed" testListId="8c84fa94-04c1-424b-9868-57a2d4851a1d" relativeResultsDirectory="0bcf7081-b5cb-4fd6-a86c-886222078f38" />
    <UnitTestResult executionId="a3068db8-dc91-48bd-9068-2a8e23357880" testId="bd2408c3-bdd8-f993-5a45-170a97533f91" testName="ChildEnvironment_InheritsParentVariables" computerName="dadsmbp" duration="00:00:00.0000621" startTime="2025-08-22T08:18:23.9907940-04:00" endTime="2025-08-22T08:18:23.9908770-04:00" testType="13cdc9d9-ddb5-4fa4-a97d-d965ccfc6d4b" outcome="Passed" testListId="8c84fa94-04c1-424b-9868-57a2d4851a1d" relativeResultsDirectory="a3068db8-dc91-48bd-9068-2a8e23357880" />
    <UnitTestResult executionId="13733200-7b30-4086-9365-580097bad4a3" testId="3afc9177-ad93-b9af-75ec-7097ea116058" testName="Sin_PiOver2_ReturnsOne" computerName="dadsmbp" duration="00:00:00.0000490" startTime="2025-08-22T08:18:24.0381070-04:00" endTime="2025-08-22T08:18:24.0381740-04:00" testType="13cdc9d9-ddb5-4fa4-a97d-d965ccfc6d4b" outcome="Passed" testListId="8c84fa94-04c1-424b-9868-57a2d4851a1d" relativeResultsDirectory="13733200-7b30-4086-9365-580097bad4a3" />
    <UnitTestResult executionId="118b61ae-52d9-43a8-a8ad-5fd1c65220b4" testId="c5d177fc-0ecf-39b8-b3e2-28dbec2edf0d" testName="Match_DotWildcard_MatchesAnyCharacter" computerName="dadsmbp" duration="00:00:00.0000538" startTime="2025-08-22T08:18:24.1025620-04:00" endTime="2025-08-22T08:18:24.1026430-04:00" testType="13cdc9d9-ddb5-4fa4-a97d-d965ccfc6d4b" outcome="Passed" testListId="8c84fa94-04c1-424b-9868-57a2d4851a1d" relativeResultsDirectory="118b61ae-52d9-43a8-a8ad-5fd1c65220b4" />
    <UnitTestResult executionId="eeec9623-e8e9-43f6-9c12-ca042fe14912" testId="4c6d59de-90f4-9ae9-54d4-1a99c66126ef" testName="CreateNumber_NegativeInfinity_ReturnsNegativeInfinityFloat" computerName="dadsmbp" duration="00:00:00.0000308" startTime="2025-08-22T08:18:24.1665370-04:00" endTime="2025-08-22T08:18:24.1665820-04:00" testType="13cdc9d9-ddb5-4fa4-a97d-d965ccfc6d4b" outcome="Passed" testListId="8c84fa94-04c1-424b-9868-57a2d4851a1d" relativeResultsDirectory="eeec9623-e8e9-43f6-9c12-ca042fe14912" />
    <UnitTestResult executionId="6a415c98-c3b3-4c50-bc85-e3e4aeab25ee" testId="9bc25798-954f-516b-bc34-264993749262" testName="Nil_StaticField_ReturnsNilValue" computerName="dadsmbp" duration="00:00:00.0000582" startTime="2025-08-22T08:18:24.1687780-04:00" endTime="2025-08-22T08:18:24.1688540-04:00" testType="13cdc9d9-ddb5-4fa4-a97d-d965ccfc6d4b" outcome="Passed" testListId="8c84fa94-04c1-424b-9868-57a2d4851a1d" relativeResultsDirectory="6a415c98-c3b3-4c50-bc85-e3e4aeab25ee" />
    <UnitTestResult executionId="10f5915a-7c68-448e-99aa-7eedebda789d" testId="b9f567ab-135c-ccb6-04a4-b0ddd3213321" testName="Pack_ZeroTerminatedString_WorksCorrectly" computerName="dadsmbp" duration="00:00:00.0000691" startTime="2025-08-22T08:18:24.0933270-04:00" endTime="2025-08-22T08:18:24.0934230-04:00" testType="13cdc9d9-ddb5-4fa4-a97d-d965ccfc6d4b" outcome="Passed" testListId="8c84fa94-04c1-424b-9868-57a2d4851a1d" relativeResultsDirectory="10f5915a-7c68-448e-99aa-7eedebda789d" />
    <UnitTestResult executionId="abdcdc45-9272-49aa-9a48-8f045959fe60" testId="3537b0ed-bab1-c2f5-78f0-ffd787f9c64e" testName="AsDouble_IntegerValue_ReturnsDoubleValue" computerName="dadsmbp" duration="00:00:00.0000245" startTime="2025-08-22T08:18:24.1780310-04:00" endTime="2025-08-22T08:18:24.1780720-04:00" testType="13cdc9d9-ddb5-4fa4-a97d-d965ccfc6d4b" outcome="Passed" testListId="8c84fa94-04c1-424b-9868-57a2d4851a1d" relativeResultsDirectory="abdcdc45-9272-49aa-9a48-8f045959fe60" />
    <UnitTestResult executionId="ca7d73b1-c41b-45f9-b887-16398d59e526" testId="19fab2e7-c648-a071-f8f2-67a0e64ed548" testName="Open_InvalidMode_ReturnsNilWithError" computerName="dadsmbp" duration="00:00:00.0002940" startTime="2025-08-22T08:18:24.0083290-04:00" endTime="2025-08-22T08:18:24.0086500-04:00" testType="13cdc9d9-ddb5-4fa4-a97d-d965ccfc6d4b" outcome="Passed" testListId="8c84fa94-04c1-424b-9868-57a2d4851a1d" relativeResultsDirectory="ca7d73b1-c41b-45f9-b887-16398d59e526" />
    <UnitTestResult executionId="41ca8c95-b723-4592-a9f7-2e911012ccbf" testId="0f318cf0-c0ca-3783-f134-b14f246fed88" testName="GetEnv_NoArguments_ThrowsException" computerName="dadsmbp" duration="00:00:00.0001036" startTime="2025-08-22T08:18:24.0637950-04:00" endTime="2025-08-22T08:18:24.0639270-04:00" testType="13cdc9d9-ddb5-4fa4-a97d-d965ccfc6d4b" outcome="Passed" testListId="8c84fa94-04c1-424b-9868-57a2d4851a1d" relativeResultsDirectory="41ca8c95-b723-4592-a9f7-2e911012ccbf" />
    <UnitTestResult executionId="72a3fffe-0694-4660-98cb-52a598a59e1d" testId="5415e2be-9405-d4d2-5064-4eb3f03cb9cb" testName="Open_NonExistentFile_ReturnsNilWithError" computerName="dadsmbp" duration="00:00:00.0003375" startTime="2025-08-22T08:18:24.0079490-04:00" endTime="2025-08-22T08:18:24.0083150-04:00" testType="13cdc9d9-ddb5-4fa4-a97d-d965ccfc6d4b" outcome="Passed" testListId="8c84fa94-04c1-424b-9868-57a2d4851a1d" relativeResultsDirectory="72a3fffe-0694-4660-98cb-52a598a59e1d" />
    <UnitTestResult executionId="13e79f65-5ea6-4486-be5d-056be4900050" testId="f0e83354-b42c-c844-66d7-54ddeed220b1" testName="Power_IntegerInteger_ReturnsFloatResult" computerName="dadsmbp" duration="00:00:00.0000944" startTime="2025-08-22T08:18:24.1732580-04:00" endTime="2025-08-22T08:18:24.1733770-04:00" testType="13cdc9d9-ddb5-4fa4-a97d-d965ccfc6d4b" outcome="Passed" testListId="8c84fa94-04c1-424b-9868-57a2d4851a1d" relativeResultsDirectory="13e79f65-5ea6-4486-be5d-056be4900050" />
    <UnitTestResult executionId="41324556-983b-48a9-8177-e569545da0a1" testId="c44f7d30-784c-7e26-1152-1779da675100" testName="Format_CharacterFormatting_WorksCorrectly" computerName="dadsmbp" duration="00:00:00.0001476" startTime="2025-08-22T08:18:24.0869900-04:00" endTime="2025-08-22T08:18:24.0889170-04:00" testType="13cdc9d9-ddb5-4fa4-a97d-d965ccfc6d4b" outcome="Passed" testListId="8c84fa94-04c1-424b-9868-57a2d4851a1d" relativeResultsDirectory="41324556-983b-48a9-8177-e569545da0a1" />
    <UnitTestResult executionId="a2a291df-70b5-4d4e-907c-8a394faa8fa8" testId="9adece2e-f07c-eacf-8535-ac8dd30d5196" testName="IsString_NonStringValues_ReturnsFalse" computerName="dadsmbp" duration="00:00:00.0000330" startTime="2025-08-22T08:18:24.1672050-04:00" endTime="2025-08-22T08:18:24.1672540-04:00" testType="13cdc9d9-ddb5-4fa4-a97d-d965ccfc6d4b" outcome="Passed" testListId="8c84fa94-04c1-424b-9868-57a2d4851a1d" relativeResultsDirectory="a2a291df-70b5-4d4e-907c-8a394faa8fa8" />
    <UnitTestResult executionId="ff39690b-592a-40e1-807e-ba1ef7801d9e" testId="acbc6dfd-174b-2319-0d48-a9190bf7e33b" testName="Find_QuestionQuantifier_MatchesZeroOrOne" computerName="dadsmbp" duration="00:00:00.0000628" startTime="2025-08-22T08:18:24.1198970-04:00" endTime="2025-08-22T08:18:24.1199840-04:00" testType="13cdc9d9-ddb5-4fa4-a97d-d965ccfc6d4b" outcome="Passed" testListId="8c84fa94-04c1-424b-9868-57a2d4851a1d" relativeResultsDirectory="ff39690b-592a-40e1-807e-ba1ef7801d9e" />
    <UnitTestResult executionId="30aa326b-ba02-42dd-a0b1-2ca060868903" testId="0c035c29-46b0-3b14-47fe-3dbb61a8aca4" testName="SetLocale_InvalidCategory_ThrowsException" computerName="dadsmbp" duration="00:00:00.0001198" startTime="2025-08-22T08:18:24.0667290-04:00" endTime="2025-08-22T08:18:24.0668800-04:00" testType="13cdc9d9-ddb5-4fa4-a97d-d965ccfc6d4b" outcome="Passed" testListId="8c84fa94-04c1-424b-9868-57a2d4851a1d" relativeResultsDirectory="30aa326b-ba02-42dd-a0b1-2ca060868903" />
    <UnitTestResult executionId="72ecc1c0-aa7c-4b8a-8533-e82ba8513835" testId="e262bede-1020-7909-9238-a0d4967d85cc" testName="Char_NegativeCodePoint_ThrowsException" computerName="dadsmbp" duration="00:00:00.0001106" startTime="2025-08-22T08:18:24.1574750-04:00" endTime="2025-08-22T08:18:24.1576130-04:00" testType="13cdc9d9-ddb5-4fa4-a97d-d965ccfc6d4b" outcome="Passed" testListId="8c84fa94-04c1-424b-9868-57a2d4851a1d" relativeResultsDirectory="72ecc1c0-aa7c-4b8a-8533-e82ba8513835" />
    <UnitTestResult executionId="c68ae0c8-94f9-49c5-96a1-c10b44acb05e" testId="b7e6ffb7-96f3-825d-2d34-d16deaf080f1" testName="FileHandle_Read_AllFormat" computerName="dadsmbp" duration="00:00:00.0003627" startTime="2025-08-22T08:18:24.0106120-04:00" endTime="2025-08-22T08:18:24.0109980-04:00" testType="13cdc9d9-ddb5-4fa4-a97d-d965ccfc6d4b" outcome="Passed" testListId="8c84fa94-04c1-424b-9868-57a2d4851a1d" relativeResultsDirectory="c68ae0c8-94f9-49c5-96a1-c10b44acb05e" />
    <UnitTestResult executionId="28e6c8b0-c4d1-40aa-8ae0-fb48041c4855" testId="eff664ce-e42b-59e4-d1d2-9f9c8951c7c9" testName="Lines_FileWithManyLines_HandlesAll" computerName="dadsmbp" duration="00:00:00.0034942" startTime="2025-08-22T08:18:24.0264140-04:00" endTime="2025-08-22T08:18:24.0299570-04:00" testType="13cdc9d9-ddb5-4fa4-a97d-d965ccfc6d4b" outcome="Passed" testListId="8c84fa94-04c1-424b-9868-57a2d4851a1d" relativeResultsDirectory="28e6c8b0-c4d1-40aa-8ae0-fb48041c4855" />
    <UnitTestResult executionId="58947551-917b-48fd-a5ec-225415ad6fda" testId="96fc1885-37d5-b583-5c9d-58cc2bb7e2b6" testName="Exp_Zero_ReturnsOne" computerName="dadsmbp" duration="00:00:00.0000943" startTime="2025-08-22T08:18:24.0393300-04:00" endTime="2025-08-22T08:18:24.0394400-04:00" testType="13cdc9d9-ddb5-4fa4-a97d-d965ccfc6d4b" outcome="Passed" testListId="8c84fa94-04c1-424b-9868-57a2d4851a1d" relativeResultsDirectory="58947551-917b-48fd-a5ec-225415ad6fda" />
    <UnitTestResult executionId="922f2fe1-eb58-4d82-9694-630db949d6c6" testId="fc8d9af8-df11-31f7-cb7e-4ba7d3edc77c" testName="Find_CharacterClassWithQuantifier_CombinesFeatures" computerName="dadsmbp" duration="00:00:00.0000610" startTime="2025-08-22T08:18:24.1213490-04:00" endTime="2025-08-22T08:18:24.1214340-04:00" testType="13cdc9d9-ddb5-4fa4-a97d-d965ccfc6d4b" outcome="Passed" testListId="8c84fa94-04c1-424b-9868-57a2d4851a1d" relativeResultsDirectory="922f2fe1-eb58-4d82-9694-630db949d6c6" />
    <UnitTestResult executionId="9b9bc3d8-30dd-4908-a008-a30bce30fef5" testId="287ebacf-0654-b61a-0371-9b27449df053" testName="Ceil_PositiveFloat_ReturnsCeil" computerName="dadsmbp" duration="00:00:00.0001357" startTime="2025-08-22T08:18:24.0366090-04:00" endTime="2025-08-22T08:18:24.0367620-04:00" testType="13cdc9d9-ddb5-4fa4-a97d-d965ccfc6d4b" outcome="Passed" testListId="8c84fa94-04c1-424b-9868-57a2d4851a1d" relativeResultsDirectory="9b9bc3d8-30dd-4908-a008-a30bce30fef5" />
    <UnitTestResult executionId="0f3330d4-5685-4b0c-b950-b98848698d73" testId="f207283b-9414-41e7-9954-6e5cbf42bdec" testName="Clock_WithArguments_IgnoresThem" computerName="dadsmbp" duration="00:00:00.0000661" startTime="2025-08-22T08:18:24.0573130-04:00" endTime="2025-08-22T08:18:24.0574040-04:00" testType="13cdc9d9-ddb5-4fa4-a97d-d965ccfc6d4b" outcome="Passed" testListId="8c84fa94-04c1-424b-9868-57a2d4851a1d" relativeResultsDirectory="0f3330d4-5685-4b0c-b950-b98848698d73" />
    <UnitTestResult executionId="39a96669-4aa5-4028-9f44-a32a85cfe7e5" testId="c7577d20-faa3-b01c-9db3-524f0f988962" testName="Pack_VariableSizeSignedInteger_4Bytes" computerName="dadsmbp" duration="00:00:00.0000852" startTime="2025-08-22T08:18:24.0966500-04:00" endTime="2025-08-22T08:18:24.0967570-04:00" testType="13cdc9d9-ddb5-4fa4-a97d-d965ccfc6d4b" outcome="Passed" testListId="8c84fa94-04c1-424b-9868-57a2d4851a1d" relativeResultsDirectory="39a96669-4aa5-4028-9f44-a32a85cfe7e5" />
    <UnitTestResult executionId="f94a5376-4897-4086-87b3-206729770289" testId="f67deb6f-65aa-7a2e-b342-59474f6f3009" testName="Max_TwoFloats_ReturnsLarger" computerName="dadsmbp" duration="00:00:00.0000637" startTime="2025-08-22T08:18:24.0340880-04:00" endTime="2025-08-22T08:18:24.0341700-04:00" testType="13cdc9d9-ddb5-4fa4-a97d-d965ccfc6d4b" outcome="Passed" testListId="8c84fa94-04c1-424b-9868-57a2d4851a1d" relativeResultsDirectory="f94a5376-4897-4086-87b3-206729770289" />
    <UnitTestResult executionId="2ac6d13a-5731-44c3-b057-a0d50b5b678f" testId="975fe394-e7da-977e-affb-fec2f1b47edd" testName="DiffTime_NonNumericSecondArgument_ThrowsException" computerName="dadsmbp" duration="00:00:00.0001035" startTime="2025-08-22T08:18:24.0629490-04:00" endTime="2025-08-22T08:18:24.0630770-04:00" testType="13cdc9d9-ddb5-4fa4-a97d-d965ccfc6d4b" outcome="Passed" testListId="8c84fa94-04c1-424b-9868-57a2d4851a1d" relativeResultsDirectory="2ac6d13a-5731-44c3-b057-a0d50b5b678f" />
    <UnitTestResult executionId="4053c1d9-7a5d-4055-839e-9aa2c9ee761f" testId="34c8f6ea-a53e-f99f-4a93-1184a0ffea1e" testName="Integer_NegativeValue_ReturnsCorrectValue" computerName="dadsmbp" duration="00:00:00.0000330" startTime="2025-08-22T08:18:24.1690290-04:00" endTime="2025-08-22T08:18:24.1690780-04:00" testType="13cdc9d9-ddb5-4fa4-a97d-d965ccfc6d4b" outcome="Passed" testListId="8c84fa94-04c1-424b-9868-57a2d4851a1d" relativeResultsDirectory="4053c1d9-7a5d-4055-839e-9aa2c9ee761f" />
    <UnitTestResult executionId="a5c3a730-cd84-4efa-8dd5-b7d52602b5b0" testId="480742e5-a335-b984-3ef3-99064a4254c4" testName="Reverse_EmptyString_ReturnsEmpty" computerName="dadsmbp" duration="00:00:00.0000763" startTime="2025-08-22T08:18:24.0753490-04:00" endTime="2025-08-22T08:18:24.0754600-04:00" testType="13cdc9d9-ddb5-4fa4-a97d-d965ccfc6d4b" outcome="Passed" testListId="8c84fa94-04c1-424b-9868-57a2d4851a1d" relativeResultsDirectory="a5c3a730-cd84-4efa-8dd5-b7d52602b5b0" />
    <UnitTestResult executionId="446b0424-8909-494d-b4bb-be7003e57d8a" testId="5cdb03d8-4617-de7d-b17d-30206a4d1abb" testName="Time_NoArguments_ReturnsCurrentTime" computerName="dadsmbp" duration="00:00:00.0006686" startTime="2025-08-22T08:18:24.0574140-04:00" endTime="2025-08-22T08:18:24.0581080-04:00" testType="13cdc9d9-ddb5-4fa4-a97d-d965ccfc6d4b" outcome="Passed" testListId="8c84fa94-04c1-424b-9868-57a2d4851a1d" relativeResultsDirectory="446b0424-8909-494d-b4bb-be7003e57d8a" />
    <UnitTestResult executionId="7424e50b-6243-46b3-b426-e6c8a6e10304" testId="eb96c93f-d168-6c94-29ee-9fee3c31ed29" testName="Max_WithInfinity_ReturnsInfinity" computerName="dadsmbp" duration="00:00:00.0000509" startTime="2025-08-22T08:18:24.0348500-04:00" endTime="2025-08-22T08:18:24.0349190-04:00" testType="13cdc9d9-ddb5-4fa4-a97d-d965ccfc6d4b" outcome="Passed" testListId="8c84fa94-04c1-424b-9868-57a2d4851a1d" relativeResultsDirectory="7424e50b-6243-46b3-b426-e6c8a6e10304" />
    <UnitTestResult executionId="f52e0f21-e942-42bb-9f54-bd1212a328bb" testId="8f0bef6f-7b97-da84-7a3f-0c88521dd779" testName="Char_ASCIICodePoints_ReturnsString" computerName="dadsmbp" duration="00:00:00.0003349" startTime="2025-08-22T08:18:24.1567020-04:00" endTime="2025-08-22T08:18:24.1570590-04:00" testType="13cdc9d9-ddb5-4fa4-a97d-d965ccfc6d4b" outcome="Passed" testListId="8c84fa94-04c1-424b-9868-57a2d4851a1d" relativeResultsDirectory="f52e0f21-e942-42bb-9f54-bd1212a328bb" />
    <UnitTestResult executionId="3fdf388c-79e4-49e4-9164-5eb031d34c39" testId="88554170-5a60-2121-0eac-1e3a2f3be8b6" testName="Min_TwoIntegers_ReturnsSmaller" computerName="dadsmbp" duration="00:00:00.0001504" startTime="2025-08-22T08:18:24.0353390-04:00" endTime="2025-08-22T08:18:24.0355090-04:00" testType="13cdc9d9-ddb5-4fa4-a97d-d965ccfc6d4b" outcome="Passed" testListId="8c84fa94-04c1-424b-9868-57a2d4851a1d" relativeResultsDirectory="3fdf388c-79e4-49e4-9164-5eb031d34c39" />
    <UnitTestResult executionId="1fd7082e-8c9f-4f28-b9b2-e2790dd7cbf0" testId="2d85723d-d3b9-157a-79e0-814a5b206e52" testName="IsTruthy_TrueBoolean_ReturnsTrue" computerName="dadsmbp" duration="00:00:00.0000195" startTime="2025-08-22T08:18:24.1747160-04:00" endTime="2025-08-22T08:18:24.1747520-04:00" testType="13cdc9d9-ddb5-4fa4-a97d-d965ccfc6d4b" outcome="Passed" testListId="8c84fa94-04c1-424b-9868-57a2d4851a1d" relativeResultsDirectory="1fd7082e-8c9f-4f28-b9b2-e2790dd7cbf0" />
    <UnitTestResult executionId="fc69d64c-1888-4805-bccd-f4547c3bee1f" testId="5b70969d-3127-18e8-4abf-82acfd64a1f1" testName="Time_InvalidDateTable_ThrowsException" computerName="dadsmbp" duration="00:00:00.0002807" startTime="2025-08-22T08:18:24.0589550-04:00" endTime="2025-08-22T08:18:24.0592860-04:00" testType="13cdc9d9-ddb5-4fa4-a97d-d965ccfc6d4b" outcome="Passed" testListId="8c84fa94-04c1-424b-9868-57a2d4851a1d" relativeResultsDirectory="fc69d64c-1888-4805-bccd-f4547c3bee1f" />
    <UnitTestResult executionId="b6119492-609f-401f-9ee9-6081d644c0ed" testId="328622fb-d298-7a58-c8df-ac1300e888a2" testName="Char_ZeroCodePoint_ReturnsNullCharacter" computerName="dadsmbp" duration="00:00:00.0000390" startTime="2025-08-22T08:18:24.1572820-04:00" endTime="2025-08-22T08:18:24.1573380-04:00" testType="13cdc9d9-ddb5-4fa4-a97d-d965ccfc6d4b" outcome="Passed" testListId="8c84fa94-04c1-424b-9868-57a2d4851a1d" relativeResultsDirectory="b6119492-609f-401f-9ee9-6081d644c0ed" />
    <UnitTestResult executionId="2411a536-f510-44a5-99b3-f9e739d30400" testId="95e0c9ee-fb11-a7b4-7107-d35d418fded6" testName="Match_NegativeStartPosition_WorksFromEnd" computerName="dadsmbp" duration="00:00:00.0000559" startTime="2025-08-22T08:18:24.1020330-04:00" endTime="2025-08-22T08:18:24.1021120-04:00" testType="13cdc9d9-ddb5-4fa4-a97d-d965ccfc6d4b" outcome="Passed" testListId="8c84fa94-04c1-424b-9868-57a2d4851a1d" relativeResultsDirectory="2411a536-f510-44a5-99b3-f9e739d30400" />
    <UnitTestResult executionId="b21b484a-4a25-43f6-96a5-16dbeffa0b5d" testId="902fab0c-178e-1183-38f8-7d0efa75ff49" testName="GSub_WithLimit_LimitsReplacements" computerName="dadsmbp" duration="00:00:00.0001210" startTime="2025-08-22T08:18:24.1169210-04:00" endTime="2025-08-22T08:18:24.1170780-04:00" testType="13cdc9d9-ddb5-4fa4-a97d-d965ccfc6d4b" outcome="Passed" testListId="8c84fa94-04c1-424b-9868-57a2d4851a1d" relativeResultsDirectory="b21b484a-4a25-43f6-96a5-16dbeffa0b5d" />
    <UnitTestResult executionId="8f28dbbc-1334-454e-8e53-1fa79cd3e6e7" testId="9748d62b-1280-e0ee-352c-e19a548ff90e" testName="Len_EmptyString_ReturnsZero" computerName="dadsmbp" duration="00:00:00.0002765" startTime="2025-08-22T08:18:24.0702350-04:00" endTime="2025-08-22T08:18:24.0708250-04:00" testType="13cdc9d9-ddb5-4fa4-a97d-d965ccfc6d4b" outcome="Passed" testListId="8c84fa94-04c1-424b-9868-57a2d4851a1d" relativeResultsDirectory="8f28dbbc-1334-454e-8e53-1fa79cd3e6e7" />
    <UnitTestResult executionId="3609ccda-39ea-48a0-b429-369b80210b79" testId="f51aaabf-699f-5a7e-a75d-92261c46a111" testName="Offset_MissingOffsetArgument_ThrowsException" computerName="dadsmbp" duration="00:00:00.0000984" startTime="2025-08-22T08:18:24.1604450-04:00" endTime="2025-08-22T08:18:24.1605690-04:00" testType="13cdc9d9-ddb5-4fa4-a97d-d965ccfc6d4b" outcome="Passed" testListId="8c84fa94-04c1-424b-9868-57a2d4851a1d" relativeResultsDirectory="3609ccda-39ea-48a0-b429-369b80210b79" />
    <UnitTestResult executionId="500a6f82-ab32-4ba4-b2c8-4f2ce3a91537" testId="0cdcf849-b501-919d-5161-6ba795c26c61" testName="ToConcatString_IntegerValue_ReturnsStringRepresentation" computerName="dadsmbp" duration="00:00:00.0000274" startTime="2025-08-22T08:18:24.1448460-04:00" endTime="2025-08-22T08:18:24.1448910-04:00" testType="13cdc9d9-ddb5-4fa4-a97d-d965ccfc6d4b" outcome="Passed" testListId="8c84fa94-04c1-424b-9868-57a2d4851a1d" relativeResultsDirectory="500a6f82-ab32-4ba4-b2c8-4f2ce3a91537" />
    <UnitTestResult executionId="451c4132-12f0-453b-b0dc-11c87bb9e7d6" testId="4696a5ef-ce33-b72e-fbb0-317562b1441b" testName="Match_EscapeSequences_MatchesCorrectly" computerName="dadsmbp" duration="00:00:00.0011923" startTime="2025-08-22T08:18:24.1030130-04:00" endTime="2025-08-22T08:18:24.1042310-04:00" testType="13cdc9d9-ddb5-4fa4-a97d-d965ccfc6d4b" outcome="Passed" testListId="8c84fa94-04c1-424b-9868-57a2d4851a1d" relativeResultsDirectory="451c4132-12f0-453b-b0dc-11c87bb9e7d6" />
    <UnitTestResult executionId="413c527d-5d4b-4b6a-9fd2-d48d1d14c2af" testId="e87b50f4-3509-ae4d-a4c9-8d5ced4872ac" testName="Offset_UnicodeString_HandlesMultiByteCharacters" computerName="dadsmbp" duration="00:00:00.0000487" startTime="2025-08-22T08:18:24.1602410-04:00" endTime="2025-08-22T08:18:24.1603070-04:00" testType="13cdc9d9-ddb5-4fa4-a97d-d965ccfc6d4b" outcome="Passed" testListId="8c84fa94-04c1-424b-9868-57a2d4851a1d" relativeResultsDirectory="413c527d-5d4b-4b6a-9fd2-d48d1d14c2af" />
    <UnitTestResult executionId="50bdd3c9-cb19-49ce-b84a-dfe5e11619ed" testId="7e9db05d-e8ab-3c5c-752f-855438d19107" testName="GetEnv_NonExistentVariable_ReturnsNil" computerName="dadsmbp" duration="00:00:00.0000407" startTime="2025-08-22T08:18:24.0632690-04:00" endTime="2025-08-22T08:18:24.0633290-04:00" testType="13cdc9d9-ddb5-4fa4-a97d-d965ccfc6d4b" outcome="Passed" testListId="8c84fa94-04c1-424b-9868-57a2d4851a1d" relativeResultsDirectory="50bdd3c9-cb19-49ce-b84a-dfe5e11619ed" />
    <UnitTestResult executionId="5d35e0fa-0243-4d8c-825a-bed98b6c1982" testId="629283eb-6177-d626-a123-9129821a348b" testName="ToNumber_BooleanValue_ThrowsException" computerName="dadsmbp" duration="00:00:00.0000220" startTime="2025-08-22T08:18:24.1412900-04:00" endTime="2025-08-22T08:18:24.1413370-04:00" testType="13cdc9d9-ddb5-4fa4-a97d-d965ccfc6d4b" outcome="Failed" testListId="8c84fa94-04c1-424b-9868-57a2d4851a1d" relativeResultsDirectory="5d35e0fa-0243-4d8c-825a-bed98b6c1982">
      <Output>
        <ErrorInfo>
          <Message>Test method did not throw expected exception System.InvalidOperationException. </Message>
        </ErrorInfo>
      </Output>
    </UnitTestResult>
    <UnitTestResult executionId="00404822-75a5-4e81-a6eb-3b3582673a18" testId="cb7281b8-2dd7-3da0-5662-f11906512262" testName="Rep_MissingCount_ThrowsException" computerName="dadsmbp" duration="00:00:00.0001369" startTime="2025-08-22T08:18:24.0789740-04:00" endTime="2025-08-22T08:18:24.0791520-04:00" testType="13cdc9d9-ddb5-4fa4-a97d-d965ccfc6d4b" outcome="Passed" testListId="8c84fa94-04c1-424b-9868-57a2d4851a1d" relativeResultsDirectory="00404822-75a5-4e81-a6eb-3b3582673a18" />
    <UnitTestResult executionId="f06b7eb3-9ec5-4c0f-80d8-ef54284a2286" testId="a6d66bc8-a68e-28ad-be3e-5a01c49af426" testName="CreateNumber_LongValue_ReturnsIntegerLuaValue" computerName="dadsmbp" duration="00:00:00.0000506" startTime="2025-08-22T08:18:24.1654160-04:00" endTime="2025-08-22T08:18:24.1654830-04:00" testType="13cdc9d9-ddb5-4fa4-a97d-d965ccfc6d4b" outcome="Passed" testListId="8c84fa94-04c1-424b-9868-57a2d4851a1d" relativeResultsDirectory="f06b7eb3-9ec5-4c0f-80d8-ef54284a2286" />
    <UnitTestResult executionId="1167705c-a45a-4483-9e57-cc53442324a1" testId="8afde5b1-f025-bdd0-f9a8-e3e3069652fa" testName="GetInteger_MinValue_ReturnsCorrectValue" computerName="dadsmbp" duration="00:00:00.0000304" startTime="2025-08-22T08:18:24.1648430-04:00" endTime="2025-08-22T08:18:24.1648890-04:00" testType="13cdc9d9-ddb5-4fa4-a97d-d965ccfc6d4b" outcome="Passed" testListId="8c84fa94-04c1-424b-9868-57a2d4851a1d" relativeResultsDirectory="1167705c-a45a-4483-9e57-cc53442324a1" />
    <UnitTestResult executionId="fe105996-f8ce-40d6-8e93-c9b32b5c45ca" testId="216ea651-5930-4d04-4c8e-010ba90c82f5" testName="TryGetInteger_IntegerValue_ReturnsTrue" computerName="dadsmbp" duration="00:00:00.0000310" startTime="2025-08-22T08:18:24.1748380-04:00" endTime="2025-08-22T08:18:24.1748860-04:00" testType="13cdc9d9-ddb5-4fa4-a97d-d965ccfc6d4b" outcome="Passed" testListId="8c84fa94-04c1-424b-9868-57a2d4851a1d" relativeResultsDirectory="fe105996-f8ce-40d6-8e93-c9b32b5c45ca" />
    <UnitTestResult executionId="6e587033-c785-4ae8-b47a-bcb8d434be94" testId="2446aa42-9f87-998d-b9e3-20d1c568d1b1" testName="Find_EscapeSequences_MatchesSpecialCharacters" computerName="dadsmbp" duration="00:00:00.0000678" startTime="2025-08-22T08:18:24.1193810-04:00" endTime="2025-08-22T08:18:24.1194770-04:00" testType="13cdc9d9-ddb5-4fa4-a97d-d965ccfc6d4b" outcome="Passed" testListId="8c84fa94-04c1-424b-9868-57a2d4851a1d" relativeResultsDirectory="6e587033-c785-4ae8-b47a-bcb8d434be94" />
    <UnitTestResult executionId="a5064871-5574-43e2-b842-f39b40991032" testId="247f7b58-910c-0c73-20a5-0f0b1b80206a" testName="FileHandle_Read_VeryLargeCount" computerName="dadsmbp" duration="00:00:00.0004164" startTime="2025-08-22T08:18:24.0254780-04:00" endTime="2025-08-22T08:18:24.0259190-04:00" testType="13cdc9d9-ddb5-4fa4-a97d-d965ccfc6d4b" outcome="Passed" testListId="8c84fa94-04c1-424b-9868-57a2d4851a1d" relativeResultsDirectory="a5064871-5574-43e2-b842-f39b40991032" />
    <UnitTestResult executionId="c4be3672-6bcc-44b9-a34c-145a4e210ef9" testId="b6afd48c-caef-4c2d-99db-4083ef9a58f8" testName="Pack_MultipleFormats_WorksCorrectly" computerName="dadsmbp" duration="00:00:00.0001617" startTime="2025-08-22T08:18:24.0996300-04:00" endTime="2025-08-22T08:18:24.0998270-04:00" testType="13cdc9d9-ddb5-4fa4-a97d-d965ccfc6d4b" outcome="Passed" testListId="8c84fa94-04c1-424b-9868-57a2d4851a1d" relativeResultsDirectory="c4be3672-6bcc-44b9-a34c-145a4e210ef9" />
    <UnitTestResult executionId="3a6ceb28-38ff-4c40-9155-8217168c40cd" testId="3b7ba422-b9d0-2025-80df-e1fbf4f7c10c" testName="TryToNumber_StringWithWhitespace_ReturnsNumber" computerName="dadsmbp" duration="00:00:00.0000277" startTime="2025-08-22T08:18:24.1759440-04:00" endTime="2025-08-22T08:18:24.1759870-04:00" testType="13cdc9d9-ddb5-4fa4-a97d-d965ccfc6d4b" outcome="Passed" testListId="8c84fa94-04c1-424b-9868-57a2d4851a1d" relativeResultsDirectory="3a6ceb28-38ff-4c40-9155-8217168c40cd" />
    <UnitTestResult executionId="c1b7e375-70ff-4741-aea1-b4d84770d8a7" testId="f0703390-7a9e-b955-b28b-d8a4e6675aae" testName="Max_TwoIntegers_ReturnsLarger" computerName="dadsmbp" duration="00:00:00.0000532" startTime="2025-08-22T08:18:24.0340070-04:00" endTime="2025-08-22T08:18:24.0340810-04:00" testType="13cdc9d9-ddb5-4fa4-a97d-d965ccfc6d4b" outcome="Passed" testListId="8c84fa94-04c1-424b-9868-57a2d4851a1d" relativeResultsDirectory="c1b7e375-70ff-4741-aea1-b4d84770d8a7" />
    <UnitTestResult executionId="89ea9f2e-5fdd-4f1b-97df-836752d16483" testId="d8f43a08-3c9f-f76e-bf0b-96268eee817c" testName="Pack_SignedShort_WorksCorrectly" computerName="dadsmbp" duration="00:00:00.0000847" startTime="2025-08-22T08:18:24.0922970-04:00" endTime="2025-08-22T08:18:24.0924090-04:00" testType="13cdc9d9-ddb5-4fa4-a97d-d965ccfc6d4b" outcome="Passed" testListId="8c84fa94-04c1-424b-9868-57a2d4851a1d" relativeResultsDirectory="89ea9f2e-5fdd-4f1b-97df-836752d16483" />
    <UnitTestResult executionId="19ee7def-3b61-4393-9d95-a021091ffc21" testId="8de4d946-6548-473b-bb2c-33990e21615c" testName="Lines_WithFilename_ReturnsIterator" computerName="dadsmbp" duration="00:00:00.0007151" startTime="2025-08-22T08:18:24.0202820-04:00" endTime="2025-08-22T08:18:24.0210300-04:00" testType="13cdc9d9-ddb5-4fa4-a97d-d965ccfc6d4b" outcome="Passed" testListId="8c84fa94-04c1-424b-9868-57a2d4851a1d" relativeResultsDirectory="19ee7def-3b61-4393-9d95-a021091ffc21" />
    <UnitTestResult executionId="f7fbac78-7814-4f79-b787-25b336c06276" testId="33afb6d3-b187-b943-c57f-faeaa9ec0a3b" testName="ToLuaString_BooleanValues_ReturnsCorrectStrings" computerName="dadsmbp" duration="00:00:00.0000416" startTime="2025-08-22T08:18:24.1767350-04:00" endTime="2025-08-22T08:18:24.1767940-04:00" testType="13cdc9d9-ddb5-4fa4-a97d-d965ccfc6d4b" outcome="Passed" testListId="8c84fa94-04c1-424b-9868-57a2d4851a1d" relativeResultsDirectory="f7fbac78-7814-4f79-b787-25b336c06276" />
    <UnitTestResult executionId="9f02b65f-d35a-410e-beff-5d0504bcfadf" testId="b5a4087e-1bf3-a92c-626f-a642ce8f4fa4" testName="Constructor_CreatesEmptyEnvironment" computerName="dadsmbp" duration="00:00:00.0016160" startTime="2025-08-22T08:18:23.9608280-04:00" endTime="2025-08-22T08:18:23.9685950-04:00" testType="13cdc9d9-ddb5-4fa4-a97d-d965ccfc6d4b" outcome="Passed" testListId="8c84fa94-04c1-424b-9868-57a2d4851a1d" relativeResultsDirectory="9f02b65f-d35a-410e-beff-5d0504bcfadf" />
    <UnitTestResult executionId="72b1eb89-4e14-449b-8db9-afe64bb36e4b" testId="3acf344e-4c8f-c552-8c22-7e38bd81b005" testName="Insert_IntoEmptyTable_AddsFirstElement" computerName="dadsmbp" duration="00:00:00.0000958" startTime="2025-08-22T08:18:24.1277650-04:00" endTime="2025-08-22T08:18:24.1278880-04:00" testType="13cdc9d9-ddb5-4fa4-a97d-d965ccfc6d4b" outcome="Passed" testListId="8c84fa94-04c1-424b-9868-57a2d4851a1d" relativeResultsDirectory="72b1eb89-4e14-449b-8db9-afe64bb36e4b" />
    <UnitTestResult executionId="d4700f67-32e1-4c16-95fb-c83b6d76339a" testId="723e0d80-fb0b-5548-6757-d2d93e3878dc" testName="Add_FloatFloat_ReturnsFloatSum" computerName="dadsmbp" duration="00:00:00.0000551" startTime="2025-08-22T08:18:24.1717880-04:00" endTime="2025-08-22T08:18:24.1718650-04:00" testType="13cdc9d9-ddb5-4fa4-a97d-d965ccfc6d4b" outcome="Passed" testListId="8c84fa94-04c1-424b-9868-57a2d4851a1d" relativeResultsDirectory="d4700f67-32e1-4c16-95fb-c83b6d76339a" />
    <UnitTestResult executionId="31ee9441-5e04-429e-bf94-67af76dd3dea" testId="356baa41-3b27-bf0b-5456-925135030f90" testName="Char_SingleValue_ReturnsSingleCharacter" computerName="dadsmbp" duration="00:00:00.0000512" startTime="2025-08-22T08:18:24.0757970-04:00" endTime="2025-08-22T08:18:24.0758760-04:00" testType="13cdc9d9-ddb5-4fa4-a97d-d965ccfc6d4b" outcome="Passed" testListId="8c84fa94-04c1-424b-9868-57a2d4851a1d" relativeResultsDirectory="31ee9441-5e04-429e-bf94-67af76dd3dea" />
    <UnitTestResult executionId="1db3e83d-ea14-4f40-9cca-ac879475abed" testId="bf393bf9-bf79-37d7-7774-a2b1668179ce" testName="Pack_SignedShort_ComprehensiveTest" computerName="dadsmbp" duration="00:00:00.0001003" startTime="2025-08-22T08:18:24.0959680-04:00" endTime="2025-08-22T08:18:24.0960990-04:00" testType="13cdc9d9-ddb5-4fa4-a97d-d965ccfc6d4b" outcome="Passed" testListId="8c84fa94-04c1-424b-9868-57a2d4851a1d" relativeResultsDirectory="1db3e83d-ea14-4f40-9cca-ac879475abed" />
    <UnitTestResult executionId="4eb1a4b0-cab2-4296-9379-4d83ae120429" testId="bdf3ca6c-d109-aca8-ed7e-561d99e22cb0" testName="Sort_Strings_SortsLexicographically" computerName="dadsmbp" duration="00:00:00.0001262" startTime="2025-08-22T08:18:24.1349180-04:00" endTime="2025-08-22T08:18:24.1350700-04:00" testType="13cdc9d9-ddb5-4fa4-a97d-d965ccfc6d4b" outcome="Passed" testListId="8c84fa94-04c1-424b-9868-57a2d4851a1d" relativeResultsDirectory="4eb1a4b0-cab2-4296-9379-4d83ae120429" />
    <UnitTestResult executionId="9b6ca8bf-7289-474e-bac6-958d9c6833c6" testId="082d9a71-e2e1-0f41-dbb6-c1d879441d68" testName="TryToNumber_InvalidString_ReturnsFalse" computerName="dadsmbp" duration="00:00:00.0000286" startTime="2025-08-22T08:18:24.1759940-04:00" endTime="2025-08-22T08:18:24.1760390-04:00" testType="13cdc9d9-ddb5-4fa4-a97d-d965ccfc6d4b" outcome="Passed" testListId="8c84fa94-04c1-424b-9868-57a2d4851a1d" relativeResultsDirectory="9b6ca8bf-7289-474e-bac6-958d9c6833c6" />
    <UnitTestResult executionId="dc24e17e-cadc-4e0d-ab21-0be98c2f4750" testId="c659012b-8f4d-410e-6f83-db62acbbedbf" testName="Type_Float_ReturnsFloatString" computerName="dadsmbp" duration="00:00:00.0000482" startTime="2025-08-22T08:18:24.0419310-04:00" endTime="2025-08-22T08:18:24.0419990-04:00" testType="13cdc9d9-ddb5-4fa4-a97d-d965ccfc6d4b" outcome="Passed" testListId="8c84fa94-04c1-424b-9868-57a2d4851a1d" relativeResultsDirectory="dc24e17e-cadc-4e0d-ab21-0be98c2f4750" />
    <UnitTestResult executionId="98b8a84b-718b-4bfa-bd97-06edd7bf0df8" testId="aebaa27c-3bde-8f7b-ecd8-7d81a863224c" testName="IsNumber_FloatValue_ReturnsTrue" computerName="dadsmbp" duration="00:00:00.0000327" startTime="2025-08-22T08:18:24.1708530-04:00" endTime="2025-08-22T08:18:24.1709020-04:00" testType="13cdc9d9-ddb5-4fa4-a97d-d965ccfc6d4b" outcome="Passed" testListId="8c84fa94-04c1-424b-9868-57a2d4851a1d" relativeResultsDirectory="98b8a84b-718b-4bfa-bd97-06edd7bf0df8" />
    <UnitTestResult executionId="a25076cc-4824-450e-897c-1f495c631c8e" testId="336f24e8-a7fc-2241-5426-bf1a2f3aa99b" testName="Find_EmptyCapture_ReturnsEmptyString" computerName="dadsmbp" duration="00:00:00.0001728" startTime="2025-08-22T08:18:24.1245560-04:00" endTime="2025-08-22T08:18:24.1247570-04:00" testType="13cdc9d9-ddb5-4fa4-a97d-d965ccfc6d4b" outcome="Failed" testListId="8c84fa94-04c1-424b-9868-57a2d4851a1d" relativeResultsDirectory="a25076cc-4824-450e-897c-1f495c631c8e">
      <Output>
        <ErrorInfo>
          <Message>Assert.AreEqual failed. Expected:&lt;&gt;. Actual:&lt;ello&gt;. </Message>
          <StackTrace>   at FLua.Runtime.LibraryTests.LuaStringLibTests.Find_EmptyCapture_ReturnsEmptyString() in /Users/bill/Repos/FLua/FLua.Runtime.LibraryTests/LuaStringLibTests.cs:line 1780
   at System.RuntimeMethodHandle.InvokeMethod(Object target, Void** arguments, Signature sig, Boolean isConstructor)
   at System.Reflection.MethodBaseInvoker.InvokeWithNoArgs(Object obj, BindingFlags invokeAttr)
</StackTrace>
        </ErrorInfo>
      </Output>
    </UnitTestResult>
    <UnitTestResult executionId="b8dfe3fc-c144-407e-8989-92fd92a6f84e" testId="bf17b87c-01a5-a0d1-ddda-1055022da487" testName="Upper_NumbersAndSymbols_UnchangedExceptLetters" computerName="dadsmbp" duration="00:00:00.0000402" startTime="2025-08-22T08:18:24.0740840-04:00" endTime="2025-08-22T08:18:24.0741470-04:00" testType="13cdc9d9-ddb5-4fa4-a97d-d965ccfc6d4b" outcome="Passed" testListId="8c84fa94-04c1-424b-9868-57a2d4851a1d" relativeResultsDirectory="b8dfe3fc-c144-407e-8989-92fd92a6f84e" />
    <UnitTestResult executionId="735b9d20-95bd-487b-af1d-7b1f9b941b7b" testId="b7791621-2a97-4e3f-ca1c-60e1ad49b7c4" testName="CodePoint_SingleCharacter_ReturnsSingleCodePoint" computerName="dadsmbp" duration="00:00:00.0000402" startTime="2025-08-22T08:18:24.1587770-04:00" endTime="2025-08-22T08:18:24.1588340-04:00" testType="13cdc9d9-ddb5-4fa4-a97d-d965ccfc6d4b" outcome="Passed" testListId="8c84fa94-04c1-424b-9868-57a2d4851a1d" relativeResultsDirectory="735b9d20-95bd-487b-af1d-7b1f9b941b7b" />
    <UnitTestResult executionId="92c00e18-9db9-4555-b043-7645f60a0615" testId="29cca1e5-3b78-7eaf-e71e-89782af704c3" testName="Abs_NaN_ReturnsNaN" computerName="dadsmbp" duration="00:00:00.0000562" startTime="2025-08-22T08:18:24.0327330-04:00" endTime="2025-08-22T08:18:24.0328070-04:00" testType="13cdc9d9-ddb5-4fa4-a97d-d965ccfc6d4b" outcome="Passed" testListId="8c84fa94-04c1-424b-9868-57a2d4851a1d" relativeResultsDirectory="92c00e18-9db9-4555-b043-7645f60a0615" />
    <UnitTestResult executionId="af4e0b72-05b9-4933-ba3d-34305659fe5b" testId="c886bf97-c264-17f4-360b-1804dfde8668" testName="ToLuaString_StringValue_ReturnsString" computerName="dadsmbp" duration="00:00:00.0000274" startTime="2025-08-22T08:18:24.1766830-04:00" endTime="2025-08-22T08:18:24.1767280-04:00" testType="13cdc9d9-ddb5-4fa4-a97d-d965ccfc6d4b" outcome="Passed" testListId="8c84fa94-04c1-424b-9868-57a2d4851a1d" relativeResultsDirectory="af4e0b72-05b9-4933-ba3d-34305659fe5b" />
    <UnitTestResult executionId="ba6dd5e9-8761-4b8a-842f-41b9a4509b08" testId="720842e2-e1df-e534-9a77-705cc69c21aa" testName="Len_NegativeStart_StartsFromBeginning" computerName="dadsmbp" duration="00:00:00.0000427" startTime="2025-08-22T08:18:24.1560550-04:00" endTime="2025-08-22T08:18:24.1561150-04:00" testType="13cdc9d9-ddb5-4fa4-a97d-d965ccfc6d4b" outcome="Passed" testListId="8c84fa94-04c1-424b-9868-57a2d4851a1d" relativeResultsDirectory="ba6dd5e9-8761-4b8a-842f-41b9a4509b08" />
    <UnitTestResult executionId="c00c8d25-ff0e-49ef-bdba-9b04e18521ca" testId="a3943f49-80f0-e3b2-4adc-f5f0898d59a9" testName="FileHandle_Write_VeryLongString" computerName="dadsmbp" duration="00:00:00.0004490" startTime="2025-08-22T08:18:24.0259290-04:00" endTime="2025-08-22T08:18:24.0264030-04:00" testType="13cdc9d9-ddb5-4fa4-a97d-d965ccfc6d4b" outcome="Passed" testListId="8c84fa94-04c1-424b-9868-57a2d4851a1d" relativeResultsDirectory="c00c8d25-ff0e-49ef-bdba-9b04e18521ca" />
    <UnitTestResult executionId="401afa37-91bb-4326-8a4f-6867a77e2a56" testId="1ba26d15-331e-ba81-15ca-f8454597a5b5" testName="ToLuaString_NilValue_ReturnsNilString" computerName="dadsmbp" duration="00:00:00.0000252" startTime="2025-08-22T08:18:24.1768010-04:00" endTime="2025-08-22T08:18:24.1768430-04:00" testType="13cdc9d9-ddb5-4fa4-a97d-d965ccfc6d4b" outcome="Passed" testListId="8c84fa94-04c1-424b-9868-57a2d4851a1d" relativeResultsDirectory="401afa37-91bb-4326-8a4f-6867a77e2a56" />
    <UnitTestResult executionId="bbff0c87-8331-467d-9c6e-b641e0462dae" testId="625315d5-1f96-d3e3-d395-5255152d1261" testName="Insert_NoTable_ThrowsException" computerName="dadsmbp" duration="00:00:00.0001425" startTime="2025-08-22T08:18:24.1281260-04:00" endTime="2025-08-22T08:18:24.1283120-04:00" testType="13cdc9d9-ddb5-4fa4-a97d-d965ccfc6d4b" outcome="Passed" testListId="8c84fa94-04c1-424b-9868-57a2d4851a1d" relativeResultsDirectory="bbff0c87-8331-467d-9c6e-b641e0462dae" />
    <UnitTestResult executionId="9b79cc94-0bde-4443-a64e-c75cf5b90d31" testId="3e676126-0680-d296-db05-50bdf96cb309" testName="Match_WithStartPosition_SearchesFromPosition" computerName="dadsmbp" duration="00:00:00.0000611" startTime="2025-08-22T08:18:24.1019420-04:00" endTime="2025-08-22T08:18:24.1020260-04:00" testType="13cdc9d9-ddb5-4fa4-a97d-d965ccfc6d4b" outcome="Passed" testListId="8c84fa94-04c1-424b-9868-57a2d4851a1d" relativeResultsDirectory="9b79cc94-0bde-4443-a64e-c75cf5b90d31" />
    <UnitTestResult executionId="2bb92574-24c7-4aca-bab8-93fe9409b526" testId="e871c26a-04c9-313c-3a59-e1e9aa500c93" testName="Unpack_MultipleValues_ReturnsAllWithPosition" computerName="dadsmbp" duration="00:00:00.0001318" startTime="2025-08-22T08:18:24.1008670-04:00" endTime="2025-08-22T08:18:24.1010320-04:00" testType="13cdc9d9-ddb5-4fa4-a97d-d965ccfc6d4b" outcome="Passed" testListId="8c84fa94-04c1-424b-9868-57a2d4851a1d" relativeResultsDirectory="2bb92574-24c7-4aca-bab8-93fe9409b526" />
    <UnitTestResult executionId="f1f331bd-14a7-49dd-b537-859d2004a15d" testId="0b7d4fed-65c6-97e3-e070-64302d267ad1" testName="Upper_NoArguments_ThrowsException" computerName="dadsmbp" duration="00:00:00.0001080" startTime="2025-08-22T08:18:24.0747230-04:00" endTime="2025-08-22T08:18:24.0748660-04:00" testType="13cdc9d9-ddb5-4fa4-a97d-d965ccfc6d4b" outcome="Passed" testListId="8c84fa94-04c1-424b-9868-57a2d4851a1d" relativeResultsDirectory="f1f331bd-14a7-49dd-b537-859d2004a15d" />
    <UnitTestResult executionId="60d6910b-126e-42cf-ac21-ca85d405d7e3" testId="403d19c4-6761-052b-94ca-f86fc8efc73a" testName="GMatch_SimplePattern_ReturnsIterator" computerName="dadsmbp" duration="00:00:00.0004952" startTime="2025-08-22T08:18:24.1173990-04:00" endTime="2025-08-22T08:18:24.1179430-04:00" testType="13cdc9d9-ddb5-4fa4-a97d-d965ccfc6d4b" outcome="Passed" testListId="8c84fa94-04c1-424b-9868-57a2d4851a1d" relativeResultsDirectory="60d6910b-126e-42cf-ac21-ca85d405d7e3" />
    <UnitTestResult executionId="50ab227d-8c31-4334-b44f-df1ef627e0e5" testId="95b91c46-49e0-b980-ed58-7b03c4ecb41f" testName="IsNumber_IntegerValue_ReturnsTrue" computerName="dadsmbp" duration="00:00:00.0000417" startTime="2025-08-22T08:18:24.1665890-04:00" endTime="2025-08-22T08:18:24.1666460-04:00" testType="13cdc9d9-ddb5-4fa4-a97d-d965ccfc6d4b" outcome="Passed" testListId="8c84fa94-04c1-424b-9868-57a2d4851a1d" relativeResultsDirectory="50ab227d-8c31-4334-b44f-df1ef627e0e5" />
    <UnitTestResult executionId="eec83b9e-7ee4-456c-a220-84fb62742158" testId="9e316700-0b36-468e-c49a-81ab630e7de0" testName="Type_NonFileHandle_ReturnsNil" computerName="dadsmbp" duration="00:00:00.0001264" startTime="2025-08-22T08:18:24.0199770-04:00" endTime="2025-08-22T08:18:24.0201250-04:00" testType="13cdc9d9-ddb5-4fa4-a97d-d965ccfc6d4b" outcome="Passed" testListId="8c84fa94-04c1-424b-9868-57a2d4851a1d" relativeResultsDirectory="eec83b9e-7ee4-456c-a220-84fb62742158" />
    <UnitTestResult executionId="c5864875-b105-4f48-ac03-a9233587fdf8" testId="caed0eb2-fa06-9d39-a5dd-a22dfd378302" testName="Len_SingleCharacter_ReturnsOne" computerName="dadsmbp" duration="00:00:00.0001380" startTime="2025-08-22T08:18:24.0708390-04:00" endTime="2025-08-22T08:18:24.0710050-04:00" testType="13cdc9d9-ddb5-4fa4-a97d-d965ccfc6d4b" outcome="Passed" testListId="8c84fa94-04c1-424b-9868-57a2d4851a1d" relativeResultsDirectory="c5864875-b105-4f48-ac03-a9233587fdf8" />
    <UnitTestResult executionId="e362cc51-651e-4a20-958e-1078332c9706" testId="ef8f5e59-06d1-5f76-a841-1f5dcca9062b" testName="GetInteger_MaxValue_ReturnsCorrectValue" computerName="dadsmbp" duration="00:00:00.0000329" startTime="2025-08-22T08:18:24.1647870-04:00" endTime="2025-08-22T08:18:24.1648360-04:00" testType="13cdc9d9-ddb5-4fa4-a97d-d965ccfc6d4b" outcome="Passed" testListId="8c84fa94-04c1-424b-9868-57a2d4851a1d" relativeResultsDirectory="e362cc51-651e-4a20-958e-1078332c9706" />
    <UnitTestResult executionId="d125f038-6fde-4d8b-bdb5-f7bc722ab863" testId="5f2deeb6-72a0-03d5-4777-41bc6c7a5176" testName="Pack_UnsignedByte_WorksCorrectly" computerName="dadsmbp" duration="00:00:00.0015034" startTime="2025-08-22T08:18:24.0906180-04:00" endTime="2025-08-22T08:18:24.0921510-04:00" testType="13cdc9d9-ddb5-4fa4-a97d-d965ccfc6d4b" outcome="Passed" testListId="8c84fa94-04c1-424b-9868-57a2d4851a1d" relativeResultsDirectory="d125f038-6fde-4d8b-bdb5-f7bc722ab863" />
    <UnitTestResult executionId="7ba56aad-011f-483a-9b01-f703033360b9" testId="8a968789-0dc2-016b-d399-35b032ba8d33" testName="TypeConversion_StringNumberRoundTrip_MaintainsValue" computerName="dadsmbp" duration="00:00:00.0001295" startTime="2025-08-22T08:18:24.1522840-04:00" endTime="2025-08-22T08:18:24.1524400-04:00" testType="13cdc9d9-ddb5-4fa4-a97d-d965ccfc6d4b" outcome="Passed" testListId="8c84fa94-04c1-424b-9868-57a2d4851a1d" relativeResultsDirectory="7ba56aad-011f-483a-9b01-f703033360b9" />
    <UnitTestResult executionId="fb3a61c6-bfc3-430a-a297-b5c78d2c63da" testId="4f52ce54-7eee-326c-5bf4-aa1c32cef3d2" testName="Match_EmptyCaptureGroup_ReturnsEmptyString" computerName="dadsmbp" duration="00:00:00.0001697" startTime="2025-08-22T08:18:24.1113780-04:00" endTime="2025-08-22T08:18:24.1115850-04:00" testType="13cdc9d9-ddb5-4fa4-a97d-d965ccfc6d4b" outcome="Failed" testListId="8c84fa94-04c1-424b-9868-57a2d4851a1d" relativeResultsDirectory="fb3a61c6-bfc3-430a-a297-b5c78d2c63da">
      <Output>
        <ErrorInfo>
          <Message>Assert.AreEqual failed. Expected:&lt;&gt;. Actual:&lt;ello&gt;. </Message>
          <StackTrace>   at FLua.Runtime.LibraryTests.LuaStringLibTests.Match_EmptyCaptureGroup_ReturnsEmptyString() in /Users/bill/Repos/FLua/FLua.Runtime.LibraryTests/LuaStringLibTests.cs:line 1244
   at System.RuntimeMethodHandle.InvokeMethod(Object target, Void** arguments, Signature sig, Boolean isConstructor)
   at System.Reflection.MethodBaseInvoker.InvokeWithNoArgs(Object obj, BindingFlags invokeAttr)
</StackTrace>
        </ErrorInfo>
      </Output>
    </UnitTestResult>
    <UnitTestResult executionId="fdc1a446-73af-4080-9dcb-eacfe64d713a" testId="fec56cd7-fb5f-0c08-56f9-cb7ab79fe2c6" testName="ToLuaString_IntegerValue_ReturnsCorrectString" computerName="dadsmbp" duration="00:00:00.0000292" startTime="2025-08-22T08:18:24.1762120-04:00" endTime="2025-08-22T08:18:24.1762580-04:00" testType="13cdc9d9-ddb5-4fa4-a97d-d965ccfc6d4b" outcome="Passed" testListId="8c84fa94-04c1-424b-9868-57a2d4851a1d" relativeResultsDirectory="fdc1a446-73af-4080-9dcb-eacfe64d713a" />
    <UnitTestResult executionId="6e38f34f-ab0b-4c6c-9d90-411c11a3dd72" testId="b4c47432-3ddc-de7f-ab8e-61663e8bfca7" testName="Remove_OutOfBounds_ReturnsNil" computerName="dadsmbp" duration="00:00:00.0000778" startTime="2025-08-22T08:18:24.1302670-04:00" endTime="2025-08-22T08:18:24.1303620-04:00" testType="13cdc9d9-ddb5-4fa4-a97d-d965ccfc6d4b" outcome="Passed" testListId="8c84fa94-04c1-424b-9868-57a2d4851a1d" relativeResultsDirectory="6e38f34f-ab0b-4c6c-9d90-411c11a3dd72" />
    <UnitTestResult executionId="4f206317-95d2-4c42-97d8-c124a07856c2" testId="3f75e1dd-7d09-8aad-d8b3-ba4677ddc4f1" testName="Concat_WithSeparator_JoinsWithSeparator" computerName="dadsmbp" duration="00:00:00.0000630" startTime="2025-08-22T08:18:24.1327120-04:00" endTime="2025-08-22T08:18:24.1327950-04:00" testType="13cdc9d9-ddb5-4fa4-a97d-d965ccfc6d4b" outcome="Passed" testListId="8c84fa94-04c1-424b-9868-57a2d4851a1d" relativeResultsDirectory="4f206317-95d2-4c42-97d8-c124a07856c2" />
    <UnitTestResult executionId="bd47a6eb-9099-46d5-9364-2efe4ddb4ec9" testId="fc81d74d-15cc-c700-6394-437f323a77ac" testName="Pack_SignedByte_WorksCorrectly" computerName="dadsmbp" duration="00:00:00.0000848" startTime="2025-08-22T08:18:24.0921680-04:00" endTime="2025-08-22T08:18:24.0922870-04:00" testType="13cdc9d9-ddb5-4fa4-a97d-d965ccfc6d4b" outcome="Passed" testListId="8c84fa94-04c1-424b-9868-57a2d4851a1d" relativeResultsDirectory="bd47a6eb-9099-46d5-9364-2efe4ddb4ec9" />
    <UnitTestResult executionId="12a0fba3-85dc-479d-a481-2aff89151a49" testId="16b9feef-3faf-88f4-07b4-d0d7b6cb1d20" testName="ToBoolean_FalseValue_ReturnsFalse" computerName="dadsmbp" duration="00:00:00.0000223" startTime="2025-08-22T08:18:24.1438510-04:00" endTime="2025-08-22T08:18:24.1438900-04:00" testType="13cdc9d9-ddb5-4fa4-a97d-d965ccfc6d4b" outcome="Passed" testListId="8c84fa94-04c1-424b-9868-57a2d4851a1d" relativeResultsDirectory="12a0fba3-85dc-479d-a481-2aff89151a49" />
    <UnitTestResult executionId="026acb36-033e-469d-a179-1316d443e3f6" testId="482d096c-04ac-3c68-313a-e6e7131ab958" testName="Lines_SingleLineWithoutNewline_ReturnsOneLine" computerName="dadsmbp" duration="00:00:00.0016985" startTime="2025-08-22T08:18:24.0219260-04:00" endTime="2025-08-22T08:18:24.0236910-04:00" testType="13cdc9d9-ddb5-4fa4-a97d-d965ccfc6d4b" outcome="Passed" testListId="8c84fa94-04c1-424b-9868-57a2d4851a1d" relativeResultsDirectory="026acb36-033e-469d-a179-1316d443e3f6" />
    <UnitTestResult executionId="aa39decb-aae3-41f5-b1d2-6b190962c811" testId="d64ab112-e469-9b4c-1a0e-3d4f82051157" testName="Move_StartGreaterThanEnd_DoesNothing" computerName="dadsmbp" duration="00:00:00.0001125" startTime="2025-08-22T08:18:24.1319970-04:00" endTime="2025-08-22T08:18:24.1321250-04:00" testType="13cdc9d9-ddb5-4fa4-a97d-d965ccfc6d4b" outcome="Passed" testListId="8c84fa94-04c1-424b-9868-57a2d4851a1d" relativeResultsDirectory="aa39decb-aae3-41f5-b1d2-6b190962c811" />
    <UnitTestResult executionId="816c00c5-5421-4aee-8230-1b35ad9de4d2" testId="7d57d405-1d8f-d3c4-d49c-d9bc6cffff8b" testName="Insert_NegativePosition_ThrowsException" computerName="dadsmbp" duration="00:00:00.0001288" startTime="2025-08-22T08:18:24.1286400-04:00" endTime="2025-08-22T08:18:24.1287940-04:00" testType="13cdc9d9-ddb5-4fa4-a97d-d965ccfc6d4b" outcome="Passed" testListId="8c84fa94-04c1-424b-9868-57a2d4851a1d" relativeResultsDirectory="816c00c5-5421-4aee-8230-1b35ad9de4d2" />
    <UnitTestResult executionId="dd29e3b4-dbe8-49e7-baf6-042c238f6e89" testId="f0bb5538-c706-81b0-e10b-60999c7211a2" testName="Pack_LuaUnsigned_WorksCorrectly" computerName="dadsmbp" duration="00:00:00.0001486" startTime="2025-08-22T08:18:24.0993970-04:00" endTime="2025-08-22T08:18:24.0996120-04:00" testType="13cdc9d9-ddb5-4fa4-a97d-d965ccfc6d4b" outcome="Passed" testListId="8c84fa94-04c1-424b-9868-57a2d4851a1d" relativeResultsDirectory="dd29e3b4-dbe8-49e7-baf6-042c238f6e89" />
    <UnitTestResult executionId="018ce7d9-0913-4d19-a746-3ab2110cf97e" testId="8a3bd477-df6d-ba85-9a1c-134e1698f17b" testName="IsTable_TableValue_ReturnsTrue" computerName="dadsmbp" duration="00:00:00.0000468" startTime="2025-08-22T08:18:24.1672610-04:00" endTime="2025-08-22T08:18:24.1673230-04:00" testType="13cdc9d9-ddb5-4fa4-a97d-d965ccfc6d4b" outcome="Passed" testListId="8c84fa94-04c1-424b-9868-57a2d4851a1d" relativeResultsDirectory="018ce7d9-0913-4d19-a746-3ab2110cf97e" />
    <UnitTestResult executionId="cdabda89-c0f6-4b8e-8d45-38597aabbc2c" testId="003443bf-783a-2caf-ab98-33ae82136736" testName="GetNumber_NonNumericValue_ThrowsException" computerName="dadsmbp" duration="00:00:00.0000314" startTime="2025-08-22T08:18:24.1645600-04:00" endTime="2025-08-22T08:18:24.1646230-04:00" testType="13cdc9d9-ddb5-4fa4-a97d-d965ccfc6d4b" outcome="Failed" testListId="8c84fa94-04c1-424b-9868-57a2d4851a1d" relativeResultsDirectory="cdabda89-c0f6-4b8e-8d45-38597aabbc2c">
      <Output>
        <ErrorInfo>
          <Message>Test method did not throw expected exception System.InvalidOperationException. </Message>
        </ErrorInfo>
      </Output>
    </UnitTestResult>
    <UnitTestResult executionId="29cd483a-f739-4247-acb4-d962e5a1ceda" testId="a21acbc2-cbc5-753d-ebd1-7d9d61a1a921" testName="PackSize_ComplexFormat_CalculatesCorrectly" computerName="dadsmbp" duration="00:00:00.0000733" startTime="2025-08-22T08:18:24.0999750-04:00" endTime="2025-08-22T08:18:24.1000750-04:00" testType="13cdc9d9-ddb5-4fa4-a97d-d965ccfc6d4b" outcome="Passed" testListId="8c84fa94-04c1-424b-9868-57a2d4851a1d" relativeResultsDirectory="29cd483a-f739-4247-acb4-d962e5a1ceda" />
    <UnitTestResult executionId="b2d9255e-4e26-4b97-be3d-f0f7737d6a25" testId="57c265eb-6f4f-6e64-cc22-19546a1d775a" testName="SetVariable_GlobalScope_CanRetrieve" computerName="dadsmbp" duration="00:00:00.0012288" startTime="2025-08-22T08:18:23.9720390-04:00" endTime="2025-08-22T08:18:23.9733200-04:00" testType="13cdc9d9-ddb5-4fa4-a97d-d965ccfc6d4b" outcome="Passed" testListId="8c84fa94-04c1-424b-9868-57a2d4851a1d" relativeResultsDirectory="b2d9255e-4e26-4b97-be3d-f0f7737d6a25" />
    <UnitTestResult executionId="071613e9-2a32-4b76-8d6a-0fb2c3d82de0" testId="3b79bcb2-9c96-0857-98b5-47d890c00284" testName="Unpack_InsufficientData_ThrowsException" computerName="dadsmbp" duration="00:00:00.0001201" startTime="2025-08-22T08:18:24.1012210-04:00" endTime="2025-08-22T08:18:24.1013740-04:00" testType="13cdc9d9-ddb5-4fa4-a97d-d965ccfc6d4b" outcome="Passed" testListId="8c84fa94-04c1-424b-9868-57a2d4851a1d" relativeResultsDirectory="071613e9-2a32-4b76-8d6a-0fb2c3d82de0" />
    <UnitTestResult executionId="d45c6b59-6ac8-401c-9f4e-ce06739e00c8" testId="ce6e61f0-02b6-b566-1b38-58cf8c7eddc5" testName="Format_FloatFormatting_WorksCorrectly" computerName="dadsmbp" duration="00:00:00.0003589" startTime="2025-08-22T08:18:24.0857040-04:00" endTime="2025-08-22T08:18:24.0860930-04:00" testType="13cdc9d9-ddb5-4fa4-a97d-d965ccfc6d4b" outcome="Passed" testListId="8c84fa94-04c1-424b-9868-57a2d4851a1d" relativeResultsDirectory="d45c6b59-6ac8-401c-9f4e-ce06739e00c8" />
    <UnitTestResult executionId="e2b5d567-81b5-42d9-8dc7-4551bd9ff2e7" testId="877e5135-11a8-16d8-5c7f-380550c8faef" testName="String_NullString_ReturnsNilValue" computerName="dadsmbp" duration="00:00:00.0001876" startTime="2025-08-22T08:18:24.1704290-04:00" endTime="2025-08-22T08:18:24.1706410-04:00" testType="13cdc9d9-ddb5-4fa4-a97d-d965ccfc6d4b" outcome="Failed" testListId="8c84fa94-04c1-424b-9868-57a2d4851a1d" relativeResultsDirectory="e2b5d567-81b5-42d9-8dc7-4551bd9ff2e7">
      <Output>
        <ErrorInfo>
          <Message>Assert.AreEqual failed. Expected:&lt;Nil&gt;. Actual:&lt;String&gt;. </Message>
          <StackTrace>   at FLua.Runtime.LibraryTests.LuaValueTests.String_NullString_ReturnsNilValue() in /Users/bill/Repos/FLua/FLua.Runtime.LibraryTests/LuaValueTests.cs:line 209
   at System.RuntimeMethodHandle.InvokeMethod(Object target, Void** arguments, Signature sig, Boolean isConstructor)
   at System.Reflection.MethodBaseInvoker.InvokeWithNoArgs(Object obj, BindingFlags invokeAttr)
</StackTrace>
        </ErrorInfo>
      </Output>
    </UnitTestResult>
    <UnitTestResult executionId="cd9ee762-3acd-4bca-89c1-f21ab48e3712" testId="419707ef-ceb4-922e-6994-fdc5080f43ba" testName="Equals_SameStringValues_ReturnsTrue" computerName="dadsmbp" duration="00:00:00.0000365" startTime="2025-08-22T08:18:24.1737250-04:00" endTime="2025-08-22T08:18:24.1737780-04:00" testType="13cdc9d9-ddb5-4fa4-a97d-d965ccfc6d4b" outcome="Passed" testListId="8c84fa94-04c1-424b-9868-57a2d4851a1d" relativeResultsDirectory="cd9ee762-3acd-4bca-89c1-f21ab48e3712" />
    <UnitTestResult executionId="675f6b15-c33d-4eab-9bdd-a68d18b44fbe" testId="fe18ee17-d285-ef9a-d3a8-64994317ac0f" testName="Codes_NoArguments_ThrowsException" computerName="dadsmbp" duration="00:00:00.0000962" startTime="2025-08-22T08:18:24.1620770-04:00" endTime="2025-08-22T08:18:24.1621990-04:00" testType="13cdc9d9-ddb5-4fa4-a97d-d965ccfc6d4b" outcome="Passed" testListId="8c84fa94-04c1-424b-9868-57a2d4851a1d" relativeResultsDirectory="675f6b15-c33d-4eab-9bdd-a68d18b44fbe" />
    <UnitTestResult executionId="5b0488d1-6719-46bb-8cbd-97f5681774f3" testId="fba9da05-8511-2781-6ba7-33f97bdf4e79" testName="Rep_NonIntegerCount_ThrowsException" computerName="dadsmbp" duration="00:00:00.0001110" startTime="2025-08-22T08:18:24.0791620-04:00" endTime="2025-08-22T08:18:24.0793070-04:00" testType="13cdc9d9-ddb5-4fa4-a97d-d965ccfc6d4b" outcome="Passed" testListId="8c84fa94-04c1-424b-9868-57a2d4851a1d" relativeResultsDirectory="5b0488d1-6719-46bb-8cbd-97f5681774f3" />
    <UnitTestResult executionId="75619018-11f2-4e93-b014-c632da45e8c3" testId="4e5502ac-bda2-4618-9cdc-4a77f465f2cd" testName="Find_NegativeStartPosition_WorksFromEnd" computerName="dadsmbp" duration="00:00:00.0000673" startTime="2025-08-22T08:18:24.0815270-04:00" endTime="2025-08-22T08:18:24.0816230-04:00" testType="13cdc9d9-ddb5-4fa4-a97d-d965ccfc6d4b" outcome="Passed" testListId="8c84fa94-04c1-424b-9868-57a2d4851a1d" relativeResultsDirectory="75619018-11f2-4e93-b014-c632da45e8c3" />
    <UnitTestResult executionId="3b8abe08-9cf3-4d0f-a541-3084131e279e" testId="0375210f-cc53-e565-1dd1-49c56166eb87" testName="Sin_Pi_ReturnsZero" computerName="dadsmbp" duration="00:00:00.0000414" startTime="2025-08-22T08:18:24.0381810-04:00" endTime="2025-08-22T08:18:24.0382390-04:00" testType="13cdc9d9-ddb5-4fa4-a97d-d965ccfc6d4b" outcome="Passed" testListId="8c84fa94-04c1-424b-9868-57a2d4851a1d" relativeResultsDirectory="3b8abe08-9cf3-4d0f-a541-3084131e279e" />
    <UnitTestResult executionId="13250d81-6daf-403d-8878-467ed3818a28" testId="fad3615d-b120-c546-2daf-144e1c4fd08c" testName="CreateNumber_NaN_ReturnsNaNFloat" computerName="dadsmbp" duration="00:00:00.0000314" startTime="2025-08-22T08:18:24.1664240-04:00" endTime="2025-08-22T08:18:24.1664710-04:00" testType="13cdc9d9-ddb5-4fa4-a97d-d965ccfc6d4b" outcome="Passed" testListId="8c84fa94-04c1-424b-9868-57a2d4851a1d" relativeResultsDirectory="13250d81-6daf-403d-8878-467ed3818a28" />
    <UnitTestResult executionId="63b51738-6b58-4fc1-a9ad-84b31c67e5cd" testId="0962b052-25b5-015e-e85d-065851746177" testName="TryGetFloat_IntegerValue_ReturnsTrue" computerName="dadsmbp" duration="00:00:00.0001480" startTime="2025-08-22T08:18:24.1750330-04:00" endTime="2025-08-22T08:18:24.1751990-04:00" testType="13cdc9d9-ddb5-4fa4-a97d-d965ccfc6d4b" outcome="Failed" testListId="8c84fa94-04c1-424b-9868-57a2d4851a1d" relativeResultsDirectory="63b51738-6b58-4fc1-a9ad-84b31c67e5cd">
      <Output>
        <ErrorInfo>
          <Message>Assert.IsTrue failed. </Message>
          <StackTrace>   at FLua.Runtime.LibraryTests.LuaValueTests.TryGetFloat_IntegerValue_ReturnsTrue() in /Users/bill/Repos/FLua/FLua.Runtime.LibraryTests/LuaValueTests.cs:line 682
   at System.RuntimeMethodHandle.InvokeMethod(Object target, Void** arguments, Signature sig, Boolean isConstructor)
   at System.Reflection.MethodBaseInvoker.InvokeWithNoArgs(Object obj, BindingFlags invokeAttr)
</StackTrace>
        </ErrorInfo>
      </Output>
    </UnitTestResult>
    <UnitTestResult executionId="3f4e1faf-36d4-4d27-8ec1-e635db3fda51" testId="b20233ec-015e-3cd3-212c-d09042def4c8" testName="Floor_NegativeFloat_ReturnsFloor" computerName="dadsmbp" duration="00:00:00.0000482" startTime="2025-08-22T08:18:24.0361870-04:00" endTime="2025-08-22T08:18:24.0362540-04:00" testType="13cdc9d9-ddb5-4fa4-a97d-d965ccfc6d4b" outcome="Passed" testListId="8c84fa94-04c1-424b-9868-57a2d4851a1d" relativeResultsDirectory="3f4e1faf-36d4-4d27-8ec1-e635db3fda51" />
    <UnitTestResult executionId="f59e9a96-9510-4801-a655-690368f678f7" testId="7b024e75-7530-b0a6-5744-3126d3ec9697" testName="Reverse_Palindrome_ReturnsSameString" computerName="dadsmbp" duration="00:00:00.0000526" startTime="2025-08-22T08:18:24.0754700-04:00" endTime="2025-08-22T08:18:24.0755530-04:00" testType="13cdc9d9-ddb5-4fa4-a97d-d965ccfc6d4b" outcome="Passed" testListId="8c84fa94-04c1-424b-9868-57a2d4851a1d" relativeResultsDirectory="f59e9a96-9510-4801-a655-690368f678f7" />
    <UnitTestResult executionId="ad07534d-20be-41d3-920a-13dd2a43da63" testId="ef4bfb85-1bf8-c28e-ab05-376804b161f2" testName="Concat_NonTable_ThrowsException" computerName="dadsmbp" duration="00:00:00.0000930" startTime="2025-08-22T08:18:24.1337980-04:00" endTime="2025-08-22T08:18:24.1339160-04:00" testType="13cdc9d9-ddb5-4fa4-a97d-d965ccfc6d4b" outcome="Passed" testListId="8c84fa94-04c1-424b-9868-57a2d4851a1d" relativeResultsDirectory="ad07534d-20be-41d3-920a-13dd2a43da63" />
    <UnitTestResult executionId="7aea9661-57e7-4c54-b5f2-964fd8131ea9" testId="98f90aa5-a4eb-5d57-00bb-d3f86c10a7cf" testName="IsNumber_NonNumericValues_ReturnsFalse" computerName="dadsmbp" duration="00:00:00.0000344" startTime="2025-08-22T08:18:24.1666990-04:00" endTime="2025-08-22T08:18:24.1667480-04:00" testType="13cdc9d9-ddb5-4fa4-a97d-d965ccfc6d4b" outcome="Passed" testListId="8c84fa94-04c1-424b-9868-57a2d4851a1d" relativeResultsDirectory="7aea9661-57e7-4c54-b5f2-964fd8131ea9" />
    <UnitTestResult executionId="126bbec7-1c95-43df-be45-85cc4c0eb7b3" testId="35b8885e-5e8d-9b1a-cab6-d81ac88a9066" testName="Ceil_NegativeFloat_ReturnsCeil" computerName="dadsmbp" duration="00:00:00.0000453" startTime="2025-08-22T08:18:24.0367700-04:00" endTime="2025-08-22T08:18:24.0368340-04:00" testType="13cdc9d9-ddb5-4fa4-a97d-d965ccfc6d4b" outcome="Passed" testListId="8c84fa94-04c1-424b-9868-57a2d4851a1d" relativeResultsDirectory="126bbec7-1c95-43df-be45-85cc4c0eb7b3" />
    <UnitTestResult executionId="96ea39ce-7f74-4733-9dc7-8fa64af35463" testId="40d7ff11-e73a-2f04-0d03-5c1ccdae7938" testName="Unpack_WithRange_ReturnsSubset" computerName="dadsmbp" duration="00:00:00.0001037" startTime="2025-08-22T08:18:24.1374090-04:00" endTime="2025-08-22T08:18:24.1375330-04:00" testType="13cdc9d9-ddb5-4fa4-a97d-d965ccfc6d4b" outcome="Passed" testListId="8c84fa94-04c1-424b-9868-57a2d4851a1d" relativeResultsDirectory="96ea39ce-7f74-4733-9dc7-8fa64af35463" />
    <UnitTestResult executionId="edda0a37-82b6-483d-beaf-b819ce44edfc" testId="a0eb5310-291b-8863-e084-f56ae7a156c4" testName="Sqrt_Four_ReturnsTwo" computerName="dadsmbp" duration="00:00:00.0001023" startTime="2025-08-22T08:18:24.0401010-04:00" endTime="2025-08-22T08:18:24.0402240-04:00" testType="13cdc9d9-ddb5-4fa4-a97d-d965ccfc6d4b" outcome="Passed" testListId="8c84fa94-04c1-424b-9868-57a2d4851a1d" relativeResultsDirectory="edda0a37-82b6-483d-beaf-b819ce44edfc" />
    <UnitTestResult executionId="741c1efd-8b4d-488b-9ce8-ac28fc4cd743" testId="bcb69bb9-380e-15f5-1853-2cf4976f1fae" testName="Dispose_WithChildEnvironments_HandledCorrectly" computerName="dadsmbp" duration="00:00:00.0000650" startTime="2025-08-22T08:18:24.0015990-04:00" endTime="2025-08-22T08:18:24.0016830-04:00" testType="13cdc9d9-ddb5-4fa4-a97d-d965ccfc6d4b" outcome="Passed" testListId="8c84fa94-04c1-424b-9868-57a2d4851a1d" relativeResultsDirectory="741c1efd-8b4d-488b-9ce8-ac28fc4cd743" />
    <UnitTestResult executionId="9a2f80e5-46ba-489d-817d-9fe646683de4" testId="c8cf448d-a8a9-06de-d925-6badd8bf6d0f" testName="Find_DotWildcard_MatchesAnyCharacter" computerName="dadsmbp" duration="00:00:00.0000634" startTime="2025-08-22T08:18:24.1189290-04:00" endTime="2025-08-22T08:18:24.1190190-04:00" testType="13cdc9d9-ddb5-4fa4-a97d-d965ccfc6d4b" outcome="Passed" testListId="8c84fa94-04c1-424b-9868-57a2d4851a1d" relativeResultsDirectory="9a2f80e5-46ba-489d-817d-9fe646683de4" />
    <UnitTestResult executionId="5157aa13-e94b-45e7-8133-624d4dc11795" testId="5df45a42-ad77-4b51-e583-37d4d92a2e05" testName="Char_UnicodeCodePoints_ReturnsUnicodeString" computerName="dadsmbp" duration="00:00:00.0000537" startTime="2025-08-22T08:18:24.1570690-04:00" endTime="2025-08-22T08:18:24.1571430-04:00" testType="13cdc9d9-ddb5-4fa4-a97d-d965ccfc6d4b" outcome="Passed" testListId="8c84fa94-04c1-424b-9868-57a2d4851a1d" relativeResultsDirectory="5157aa13-e94b-45e7-8133-624d4dc11795" />
    <UnitTestResult executionId="ec70d970-f61f-4ab0-a103-fd7975487e8b" testId="9c529e5d-5f0c-4527-2177-7b62e95f8735" testName="ToInteger_IntegerValue_ReturnsLongValue" computerName="dadsmbp" duration="00:00:00.0004523" startTime="2025-08-22T08:18:24.1418180-04:00" endTime="2025-08-22T08:18:24.1422920-04:00" testType="13cdc9d9-ddb5-4fa4-a97d-d965ccfc6d4b" outcome="Passed" testListId="8c84fa94-04c1-424b-9868-57a2d4851a1d" relativeResultsDirectory="ec70d970-f61f-4ab0-a103-fd7975487e8b" />
    <UnitTestResult executionId="daf4ac90-19ff-4f50-b4bf-2f661d294d35" testId="5f6a1f6e-ca69-a6cf-b2ba-49c8baaa1f06" testName="Pack_Double_WorksCorrectly" computerName="dadsmbp" duration="00:00:00.0001008" startTime="2025-08-22T08:18:24.0925170-04:00" endTime="2025-08-22T08:18:24.0926390-04:00" testType="13cdc9d9-ddb5-4fa4-a97d-d965ccfc6d4b" outcome="Passed" testListId="8c84fa94-04c1-424b-9868-57a2d4851a1d" relativeResultsDirectory="daf4ac90-19ff-4f50-b4bf-2f661d294d35" />
    <UnitTestResult executionId="d327a4b4-a1c7-4399-a9d6-26395555d120" testId="2b1673d0-6185-d718-2fae-b7ac1df7bc45" testName="GetInteger_IntegerValue_ReturnsCorrectLong" computerName="dadsmbp" duration="00:00:00.0001317" startTime="2025-08-22T08:18:24.1646310-04:00" endTime="2025-08-22T08:18:24.1647800-04:00" testType="13cdc9d9-ddb5-4fa4-a97d-d965ccfc6d4b" outcome="Passed" testListId="8c84fa94-04c1-424b-9868-57a2d4851a1d" relativeResultsDirectory="d327a4b4-a1c7-4399-a9d6-26395555d120" />
    <UnitTestResult executionId="8bfd6791-7eda-4b5c-b6a7-a9643bd54730" testId="7ceaf476-8c61-f022-d603-bee99b2eb8b9" testName="Find_StarQuantifier_MatchesZeroOrMore" computerName="dadsmbp" duration="00:00:00.0001739" startTime="2025-08-22T08:18:24.1194870-04:00" endTime="2025-08-22T08:18:24.1196870-04:00" testType="13cdc9d9-ddb5-4fa4-a97d-d965ccfc6d4b" outcome="Failed" testListId="8c84fa94-04c1-424b-9868-57a2d4851a1d" relativeResultsDirectory="8bfd6791-7eda-4b5c-b6a7-a9643bd54730">
      <Output>
        <ErrorInfo>
          <Message>Assert.AreEqual failed. Expected:&lt;2&gt;. Actual:&lt;1&gt;. </Message>
          <StackTrace>   at FLua.Runtime.LibraryTests.LuaStringLibTests.Find_StarQuantifier_MatchesZeroOrMore() in /Users/bill/Repos/FLua/FLua.Runtime.LibraryTests/LuaStringLibTests.cs:line 1529
   at System.RuntimeMethodHandle.InvokeMethod(Object target, Void** arguments, Signature sig, Boolean isConstructor)
   at System.Reflection.MethodBaseInvoker.InvokeWithNoArgs(Object obj, BindingFlags invokeAttr)
</StackTrace>
        </ErrorInfo>
      </Output>
    </UnitTestResult>
    <UnitTestResult executionId="958cfbd3-2f7b-40ff-95bc-5a54fba9c8a9" testId="616faad7-b5d9-993a-603a-ab6159c74652" testName="Find_TrailingEscape_TreatsLiteralPercent" computerName="dadsmbp" duration="00:00:00.0002084" startTime="2025-08-22T08:18:24.1222360-04:00" endTime="2025-08-22T08:18:24.1224770-04:00" testType="13cdc9d9-ddb5-4fa4-a97d-d965ccfc6d4b" outcome="Failed" testListId="8c84fa94-04c1-424b-9868-57a2d4851a1d" relativeResultsDirectory="958cfbd3-2f7b-40ff-95bc-5a54fba9c8a9">
      <Output>
        <ErrorInfo>
          <Message>Assert.AreEqual failed. Expected:&lt;6&gt;. Actual:&lt;1&gt;. </Message>
          <StackTrace>   at FLua.Runtime.LibraryTests.LuaStringLibTests.Find_TrailingEscape_TreatsLiteralPercent() in /Users/bill/Repos/FLua/FLua.Runtime.LibraryTests/LuaStringLibTests.cs:line 1686
   at System.RuntimeMethodHandle.InvokeMethod(Object target, Void** arguments, Signature sig, Boolean isConstructor)
   at System.Reflection.MethodBaseInvoker.InvokeWithNoArgs(Object obj, BindingFlags invokeAttr)
</StackTrace>
        </ErrorInfo>
      </Output>
    </UnitTestResult>
    <UnitTestResult executionId="27649db9-a60a-4c7f-bf7e-85157751ebc5" testId="edb57239-6d61-afc5-a9d7-c8f2ec92e7b4" testName="ToConcatString_NilValue_ThrowsException" computerName="dadsmbp" duration="00:00:00.0000230" startTime="2025-08-22T08:18:24.1453700-04:00" endTime="2025-08-22T08:18:24.1454260-04:00" testType="13cdc9d9-ddb5-4fa4-a97d-d965ccfc6d4b" outcome="Failed" testListId="8c84fa94-04c1-424b-9868-57a2d4851a1d" relativeResultsDirectory="27649db9-a60a-4c7f-bf7e-85157751ebc5">
      <Output>
        <ErrorInfo>
          <Message>Test method did not throw expected exception System.InvalidOperationException. </Message>
        </ErrorInfo>
      </Output>
    </UnitTestResult>
    <UnitTestResult executionId="ef933d25-7e8e-46e6-bf83-36848d505c4f" testId="396a515e-8e91-32db-79ef-6ca5f0e6e119" testName="Find_StartPositionAtEnd_ReturnsNil" computerName="dadsmbp" duration="00:00:00.0000539" startTime="2025-08-22T08:18:24.1209620-04:00" endTime="2025-08-22T08:18:24.1210380-04:00" testType="13cdc9d9-ddb5-4fa4-a97d-d965ccfc6d4b" outcome="Passed" testListId="8c84fa94-04c1-424b-9868-57a2d4851a1d" relativeResultsDirectory="ef933d25-7e8e-46e6-bf83-36848d505c4f" />
    <UnitTestResult executionId="17482136-64a8-4a44-8f33-a991734da8ee" testId="34d8198b-1b9c-148a-ad5a-54fcb21b1184" testName="Open_ReadWriteMode_AllowsBothOperations" computerName="dadsmbp" duration="00:00:00.0005157" startTime="2025-08-22T08:18:24.0064120-04:00" endTime="2025-08-22T08:18:24.0069940-04:00" testType="13cdc9d9-ddb5-4fa4-a97d-d965ccfc6d4b" outcome="Passed" testListId="8c84fa94-04c1-424b-9868-57a2d4851a1d" relativeResultsDirectory="17482136-64a8-4a44-8f33-a991734da8ee" />
    <UnitTestResult executionId="8fc748fb-55c5-429b-945a-b7f865381101" testId="55029406-4511-58c6-dc46-df35de46509a" testName="IsNumber_NonNumericTypes_ReturnsFalse" computerName="dadsmbp" duration="00:00:00.0000491" startTime="2025-08-22T08:18:24.1709080-04:00" endTime="2025-08-22T08:18:24.1709730-04:00" testType="13cdc9d9-ddb5-4fa4-a97d-d965ccfc6d4b" outcome="Passed" testListId="8c84fa94-04c1-424b-9868-57a2d4851a1d" relativeResultsDirectory="8fc748fb-55c5-429b-945a-b7f865381101" />
    <UnitTestResult executionId="bd5d8766-a54f-4315-9601-c6acfa4e9cb2" testId="7673e8ff-411c-906d-a457-e8d11f56e8fc" testName="GetHashCode_DifferentValues_ReturnsDifferentHashes" computerName="dadsmbp" duration="00:00:00.0001306" startTime="2025-08-22T08:18:24.1744600-04:00" endTime="2025-08-22T08:18:24.1746140-04:00" testType="13cdc9d9-ddb5-4fa4-a97d-d965ccfc6d4b" outcome="Passed" testListId="8c84fa94-04c1-424b-9868-57a2d4851a1d" relativeResultsDirectory="bd5d8766-a54f-4315-9601-c6acfa4e9cb2" />
    <UnitTestResult executionId="87efc46a-b3fb-46e9-abc2-ff9358c7242f" testId="4640a655-d9e1-2f2a-aa6d-6cdadf1e2c34" testName="Concat_NoTable_ThrowsException" computerName="dadsmbp" duration="00:00:00.0001003" startTime="2025-08-22T08:18:24.1336630-04:00" endTime="2025-08-22T08:18:24.1337900-04:00" testType="13cdc9d9-ddb5-4fa4-a97d-d965ccfc6d4b" outcome="Passed" testListId="8c84fa94-04c1-424b-9868-57a2d4851a1d" relativeResultsDirectory="87efc46a-b3fb-46e9-abc2-ff9358c7242f" />
    <UnitTestResult executionId="28a8e425-b0b7-4b36-83c1-be062a6a9c3a" testId="3183239c-49be-13db-94b9-ad8c4858d6b4" testName="ToInteger_FloatWithFractionalPart_ThrowsException" computerName="dadsmbp" duration="00:00:00.0000350" startTime="2025-08-22T08:18:24.1423780-04:00" endTime="2025-08-22T08:18:24.1424400-04:00" testType="13cdc9d9-ddb5-4fa4-a97d-d965ccfc6d4b" outcome="Failed" testListId="8c84fa94-04c1-424b-9868-57a2d4851a1d" relativeResultsDirectory="28a8e425-b0b7-4b36-83c1-be062a6a9c3a">
      <Output>
        <ErrorInfo>
          <Message>Test method did not throw expected exception System.InvalidOperationException. </Message>
        </ErrorInfo>
      </Output>
    </UnitTestResult>
    <UnitTestResult executionId="c6dfde6d-8ec0-4415-aa3e-5067b6bc8462" testId="db15e783-48bf-728a-de98-ec96c8b2bc01" testName="Insert_ZeroPosition_ThrowsException" computerName="dadsmbp" duration="00:00:00.0001253" startTime="2025-08-22T08:18:24.1288030-04:00" endTime="2025-08-22T08:18:24.1289530-04:00" testType="13cdc9d9-ddb5-4fa4-a97d-d965ccfc6d4b" outcome="Passed" testListId="8c84fa94-04c1-424b-9868-57a2d4851a1d" relativeResultsDirectory="c6dfde6d-8ec0-4415-aa3e-5067b6bc8462" />
    <UnitTestResult executionId="183d9e15-cc94-4e28-9684-5fcac5001808" testId="d9c53d49-ba67-5df0-3f9a-69a8f0b66684" testName="String_LongString_ReturnsCorrectValue" computerName="dadsmbp" duration="00:00:00.0000445" startTime="2025-08-22T08:18:24.1707260-04:00" endTime="2025-08-22T08:18:24.1707890-04:00" testType="13cdc9d9-ddb5-4fa4-a97d-d965ccfc6d4b" outcome="Passed" testListId="8c84fa94-04c1-424b-9868-57a2d4851a1d" relativeResultsDirectory="183d9e15-cc94-4e28-9684-5fcac5001808" />
    <UnitTestResult executionId="262228d7-6074-45ff-8156-e8d81821fdcd" testId="5483ec0e-d8d4-5849-fd6d-6dcc2b8e4eb1" testName="Find_NestedQuantifiers_HandlesComplexPattern" computerName="dadsmbp" duration="00:00:00.0001889" startTime="2025-08-22T08:18:24.1227860-04:00" endTime="2025-08-22T08:18:24.1230090-04:00" testType="13cdc9d9-ddb5-4fa4-a97d-d965ccfc6d4b" outcome="Failed" testListId="8c84fa94-04c1-424b-9868-57a2d4851a1d" relativeResultsDirectory="262228d7-6074-45ff-8156-e8d81821fdcd">
      <Output>
        <ErrorInfo>
          <Message>Assert.AreEqual failed. Expected:&lt;9&gt;. Actual:&lt;4&gt;. </Message>
          <StackTrace>   at FLua.Runtime.LibraryTests.LuaStringLibTests.Find_NestedQuantifiers_HandlesComplexPattern() in /Users/bill/Repos/FLua/FLua.Runtime.LibraryTests/LuaStringLibTests.cs:line 1711
   at System.RuntimeMethodHandle.InvokeMethod(Object target, Void** arguments, Signature sig, Boolean isConstructor)
   at System.Reflection.MethodBaseInvoker.InvokeWithNoArgs(Object obj, BindingFlags invokeAttr)
</StackTrace>
        </ErrorInfo>
      </Output>
    </UnitTestResult>
    <UnitTestResult executionId="2ae3fc80-21c5-4b67-8e32-3f6d37f8e8d2" testId="cad49189-1373-0c24-63ff-b25bdfaa3818" testName="ToConcatString_FloatValue_ReturnsStringRepresentation" computerName="dadsmbp" duration="00:00:00.0000318" startTime="2025-08-22T08:18:24.1448970-04:00" endTime="2025-08-22T08:18:24.1449460-04:00" testType="13cdc9d9-ddb5-4fa4-a97d-d965ccfc6d4b" outcome="Passed" testListId="8c84fa94-04c1-424b-9868-57a2d4851a1d" relativeResultsDirectory="2ae3fc80-21c5-4b67-8e32-3f6d37f8e8d2" />
    <UnitTestResult executionId="ed4ae192-9839-4aa1-a7fe-3352188ddb4a" testId="4798ebe8-290d-6e6b-ee8c-f9ee0b060029" testName="Abs_NoArguments_ThrowsException" computerName="dadsmbp" duration="00:00:00.0001551" startTime="2025-08-22T08:18:24.0333280-04:00" endTime="2025-08-22T08:18:24.0335270-04:00" testType="13cdc9d9-ddb5-4fa4-a97d-d965ccfc6d4b" outcome="Passed" testListId="8c84fa94-04c1-424b-9868-57a2d4851a1d" relativeResultsDirectory="ed4ae192-9839-4aa1-a7fe-3352188ddb4a" />
    <UnitTestResult executionId="e013c7db-1606-4015-b623-767bcb4834c0" testId="58df3a5a-211f-7463-8db4-a6f841f19890" testName="Sin_Zero_ReturnsZero" computerName="dadsmbp" duration="00:00:00.0001095" startTime="2025-08-22T08:18:24.0379710-04:00" endTime="2025-08-22T08:18:24.0381000-04:00" testType="13cdc9d9-ddb5-4fa4-a97d-d965ccfc6d4b" outcome="Passed" testListId="8c84fa94-04c1-424b-9868-57a2d4851a1d" relativeResultsDirectory="e013c7db-1606-4015-b623-767bcb4834c0" />
    <UnitTestResult executionId="10626f1f-89c8-41fa-a416-048b88e9e45d" testId="23676ef4-c83e-cda8-aec7-49d778b6550a" testName="Open_AppendMode_AppendsToFile" computerName="dadsmbp" duration="00:00:00.0011139" startTime="2025-08-22T08:18:24.0051680-04:00" endTime="2025-08-22T08:18:24.0063720-04:00" testType="13cdc9d9-ddb5-4fa4-a97d-d965ccfc6d4b" outcome="Passed" testListId="8c84fa94-04c1-424b-9868-57a2d4851a1d" relativeResultsDirectory="10626f1f-89c8-41fa-a416-048b88e9e45d" />
    <UnitTestResult executionId="1b61a176-03b0-4aea-b2bd-38524d28e40a" testId="48073f64-8607-75e8-4a6d-239cdf528320" testName="Match_SingleCaptureGroup_ReturnsCapture" computerName="dadsmbp" duration="00:00:00.0003688" startTime="2025-08-22T08:18:24.1099160-04:00" endTime="2025-08-22T08:18:24.1103600-04:00" testType="13cdc9d9-ddb5-4fa4-a97d-d965ccfc6d4b" outcome="Failed" testListId="8c84fa94-04c1-424b-9868-57a2d4851a1d" relativeResultsDirectory="1b61a176-03b0-4aea-b2bd-38524d28e40a">
      <Output>
        <ErrorInfo>
          <Message>Assert.AreEqual failed. Expected:&lt;ell&gt;. Actual:&lt;ello&gt;. </Message>
          <StackTrace>   at FLua.Runtime.LibraryTests.LuaStringLibTests.Match_SingleCaptureGroup_ReturnsCapture() in /Users/bill/Repos/FLua/FLua.Runtime.LibraryTests/LuaStringLibTests.cs:line 1214
   at System.RuntimeMethodHandle.InvokeMethod(Object target, Void** arguments, Signature sig, Boolean isConstructor)
   at System.Reflection.MethodBaseInvoker.InvokeWithNoArgs(Object obj, BindingFlags invokeAttr)
</StackTrace>
        </ErrorInfo>
      </Output>
    </UnitTestResult>
    <UnitTestResult executionId="b54dd12e-3b94-4e5a-8fb7-2872cfba9675" testId="814b5ffa-2707-b100-271f-17785605b035" testName="Find_AlternatingPatterns_TestsBacktracking" computerName="dadsmbp" duration="00:00:00.0001699" startTime="2025-08-22T08:18:24.1230220-04:00" endTime="2025-08-22T08:18:24.1232220-04:00" testType="13cdc9d9-ddb5-4fa4-a97d-d965ccfc6d4b" outcome="Failed" testListId="8c84fa94-04c1-424b-9868-57a2d4851a1d" relativeResultsDirectory="b54dd12e-3b94-4e5a-8fb7-2872cfba9675">
      <Output>
        <ErrorInfo>
          <Message>Assert.AreEqual failed. Expected:&lt;2&gt;. Actual:&lt;1&gt;. </Message>
          <StackTrace>   at FLua.Runtime.LibraryTests.LuaStringLibTests.Find_AlternatingPatterns_TestsBacktracking() in /Users/bill/Repos/FLua/FLua.Runtime.LibraryTests/LuaStringLibTests.cs:line 1719
   at System.RuntimeMethodHandle.InvokeMethod(Object target, Void** arguments, Signature sig, Boolean isConstructor)
   at System.Reflection.MethodBaseInvoker.InvokeWithNoArgs(Object obj, BindingFlags invokeAttr)
</StackTrace>
        </ErrorInfo>
      </Output>
    </UnitTestResult>
    <UnitTestResult executionId="0059bc80-b872-4c1f-a71b-de8b0e487b97" testId="13a1c7cf-0e07-1cf0-d642-53c48e767830" testName="PackSize_VariableLengthFormat_ThrowsException" computerName="dadsmbp" duration="00:00:00.0001220" startTime="2025-08-22T08:18:24.0937840-04:00" endTime="2025-08-22T08:18:24.0939470-04:00" testType="13cdc9d9-ddb5-4fa4-a97d-d965ccfc6d4b" outcome="Passed" testListId="8c84fa94-04c1-424b-9868-57a2d4851a1d" relativeResultsDirectory="0059bc80-b872-4c1f-a71b-de8b0e487b97" />
    <UnitTestResult executionId="b91b3f47-b3a6-4ed9-b215-5478f1dedcb9" testId="9f9de1f0-fe21-a713-852c-588c6f9080dc" testName="Divide_IntegerInteger_ReturnsFloatQuotient" computerName="dadsmbp" duration="00:00:00.0000857" startTime="2025-08-22T08:18:24.1723740-04:00" endTime="2025-08-22T08:18:24.1724780-04:00" testType="13cdc9d9-ddb5-4fa4-a97d-d965ccfc6d4b" outcome="Passed" testListId="8c84fa94-04c1-424b-9868-57a2d4851a1d" relativeResultsDirectory="b91b3f47-b3a6-4ed9-b215-5478f1dedcb9" />
    <UnitTestResult executionId="78379312-540a-419b-a210-a0588196f1ba" testId="6747fa71-994b-a5ca-90f4-678c091caece" testName="StringToNumber_ValidIntegerString_ReturnsIntegerValue" computerName="dadsmbp" duration="00:00:00.0002029" startTime="2025-08-22T08:18:24.1454360-04:00" endTime="2025-08-22T08:18:24.1456590-04:00" testType="13cdc9d9-ddb5-4fa4-a97d-d965ccfc6d4b" outcome="Passed" testListId="8c84fa94-04c1-424b-9868-57a2d4851a1d" relativeResultsDirectory="78379312-540a-419b-a210-a0588196f1ba" />
    <UnitTestResult executionId="cebb6b94-9f4b-4728-8532-99261face3e5" testId="f13c82e0-7392-33c2-2e26-3ec76e9d7308" testName="Date_MonthFormat_ReturnsMonth" computerName="dadsmbp" duration="00:00:00.0000565" startTime="2025-08-22T08:18:24.0616620-04:00" endTime="2025-08-22T08:18:24.0617400-04:00" testType="13cdc9d9-ddb5-4fa4-a97d-d965ccfc6d4b" outcome="Passed" testListId="8c84fa94-04c1-424b-9868-57a2d4851a1d" relativeResultsDirectory="cebb6b94-9f4b-4728-8532-99261face3e5" />
    <UnitTestResult executionId="0a04d6a0-e987-439a-8ca4-f9b29fe03f8a" testId="685fbf40-f61b-eb1f-4feb-0e01d0a2d4dd" testName="ImplicitConversion_DoubleToLuaValue_WorksCorrectly" computerName="dadsmbp" duration="00:00:00.0000441" startTime="2025-08-22T08:18:24.1769180-04:00" endTime="2025-08-22T08:18:24.1769790-04:00" testType="13cdc9d9-ddb5-4fa4-a97d-d965ccfc6d4b" outcome="Passed" testListId="8c84fa94-04c1-424b-9868-57a2d4851a1d" relativeResultsDirectory="0a04d6a0-e987-439a-8ca4-f9b29fe03f8a" />
    <UnitTestResult executionId="a54577f1-7253-4566-b92d-af06effa5058" testId="1b7089d6-940d-cde2-e437-2a307b7d2116" testName="Floor_NearZeroNegative_ReturnsNegativeOne" computerName="dadsmbp" duration="00:00:00.0000419" startTime="2025-08-22T08:18:24.0365440-04:00" endTime="2025-08-22T08:18:24.0366020-04:00" testType="13cdc9d9-ddb5-4fa4-a97d-d965ccfc6d4b" outcome="Passed" testListId="8c84fa94-04c1-424b-9868-57a2d4851a1d" relativeResultsDirectory="a54577f1-7253-4566-b92d-af06effa5058" />
    <UnitTestResult executionId="1fab3bf3-ec45-4c3f-97d4-bdd04c01258e" testId="e5632502-4f60-e04d-9e4b-856aa2f472eb" testName="VariableName_VeryLongString_HandledCorrectly" computerName="dadsmbp" duration="00:00:00.0000577" startTime="2025-08-22T08:18:24.0005900-04:00" endTime="2025-08-22T08:18:24.0006670-04:00" testType="13cdc9d9-ddb5-4fa4-a97d-d965ccfc6d4b" outcome="Passed" testListId="8c84fa94-04c1-424b-9868-57a2d4851a1d" relativeResultsDirectory="1fab3bf3-ec45-4c3f-97d4-bdd04c01258e" />
    <UnitTestResult executionId="f34c8b01-87bc-4bef-b3af-abe11a93bfdd" testId="2f80f069-ce89-152d-e7bd-c7d7ec2af756" testName="Unpack_StartGreaterThanEnd_ReturnsEmpty" computerName="dadsmbp" duration="00:00:00.0000647" startTime="2025-08-22T08:18:24.1377320-04:00" endTime="2025-08-22T08:18:24.1378140-04:00" testType="13cdc9d9-ddb5-4fa4-a97d-d965ccfc6d4b" outcome="Passed" testListId="8c84fa94-04c1-424b-9868-57a2d4851a1d" relativeResultsDirectory="f34c8b01-87bc-4bef-b3af-abe11a93bfdd" />
    <UnitTestResult executionId="4c251f28-26cb-4b8f-9b6f-71d756ad8fc1" testId="f3647307-8fa1-ea9a-d61e-ff0e0e3b3c0f" testName="Move_NonTableSource_ThrowsException" computerName="dadsmbp" duration="00:00:00.0001097" startTime="2025-08-22T08:18:24.1322960-04:00" endTime="2025-08-22T08:18:24.1324290-04:00" testType="13cdc9d9-ddb5-4fa4-a97d-d965ccfc6d4b" outcome="Passed" testListId="8c84fa94-04c1-424b-9868-57a2d4851a1d" relativeResultsDirectory="4c251f28-26cb-4b8f-9b6f-71d756ad8fc1" />
    <UnitTestResult executionId="791a7347-7c59-4ad9-ab2a-02675d34a1f6" testId="ca09bb58-7f95-8094-b392-d26392066009" testName="Format_HexFormatting_WorksCorrectly" computerName="dadsmbp" duration="00:00:00.0001409" startTime="2025-08-22T08:18:24.0865350-04:00" endTime="2025-08-22T08:18:24.0867220-04:00" testType="13cdc9d9-ddb5-4fa4-a97d-d965ccfc6d4b" outcome="Passed" testListId="8c84fa94-04c1-424b-9868-57a2d4851a1d" relativeResultsDirectory="791a7347-7c59-4ad9-ab2a-02675d34a1f6" />
    <UnitTestResult executionId="b6b7d783-d981-42d5-b112-d7c63f747a09" testId="c2318fc6-5106-8e75-97ea-6cec983c0b4a" testName="Pow_AnyNumberToThePowerOfZero_ReturnsOne" computerName="dadsmbp" duration="00:00:00.0000489" startTime="2025-08-22T08:18:24.0404450-04:00" endTime="2025-08-22T08:18:24.0405110-04:00" testType="13cdc9d9-ddb5-4fa4-a97d-d965ccfc6d4b" outcome="Passed" testListId="8c84fa94-04c1-424b-9868-57a2d4851a1d" relativeResultsDirectory="b6b7d783-d981-42d5-b112-d7c63f747a09" />
    <UnitTestResult executionId="117f007c-be72-42a0-a61d-04218cfd1514" testId="217c72ec-29ce-d3de-11dc-4adfccfa3970" testName="Byte_SingleCharacter_ReturnsByteValue" computerName="dadsmbp" duration="00:00:00.0002171" startTime="2025-08-22T08:18:24.0770300-04:00" endTime="2025-08-22T08:18:24.0772770-04:00" testType="13cdc9d9-ddb5-4fa4-a97d-d965ccfc6d4b" outcome="Passed" testListId="8c84fa94-04c1-424b-9868-57a2d4851a1d" relativeResultsDirectory="117f007c-be72-42a0-a61d-04218cfd1514" />
    <UnitTestResult executionId="c3c8604b-5fd8-4c8b-87d7-26c5fe19ab85" testId="4664ecd0-4892-f47b-b43e-af8c61996ac8" testName="Float_NegativeValue_ReturnsCorrectValue" computerName="dadsmbp" duration="00:00:00.0000347" startTime="2025-08-22T08:18:24.1696790-04:00" endTime="2025-08-22T08:18:24.1697310-04:00" testType="13cdc9d9-ddb5-4fa4-a97d-d965ccfc6d4b" outcome="Passed" testListId="8c84fa94-04c1-424b-9868-57a2d4851a1d" relativeResultsDirectory="c3c8604b-5fd8-4c8b-87d7-26c5fe19ab85" />
    <UnitTestResult executionId="9669af5d-6579-41b1-b489-d35e83393b87" testId="d2140570-9e33-308a-7666-319988c1d656" testName="Integer_PositiveValue_ReturnsCorrectValue" computerName="dadsmbp" duration="00:00:00.0000347" startTime="2025-08-22T08:18:24.1689710-04:00" endTime="2025-08-22T08:18:24.1690220-04:00" testType="13cdc9d9-ddb5-4fa4-a97d-d965ccfc6d4b" outcome="Passed" testListId="8c84fa94-04c1-424b-9868-57a2d4851a1d" relativeResultsDirectory="9669af5d-6579-41b1-b489-d35e83393b87" />
    <UnitTestResult executionId="d6c86b9c-d9ec-4554-8310-ff250411e51c" testId="e4cdf034-27ef-ed10-9bc7-3ea36c0718c7" testName="Sub_NegativeIndices_WorksFromEnd" computerName="dadsmbp" duration="00:00:00.0000563" startTime="2025-08-22T08:18:24.0725750-04:00" endTime="2025-08-22T08:18:24.0726550-04:00" testType="13cdc9d9-ddb5-4fa4-a97d-d965ccfc6d4b" outcome="Passed" testListId="8c84fa94-04c1-424b-9868-57a2d4851a1d" relativeResultsDirectory="d6c86b9c-d9ec-4554-8310-ff250411e51c" />
    <UnitTestResult executionId="97203357-12a4-4b35-950d-998091d62049" testId="8ae4fd12-f125-9f84-a866-c91316a2ebb5" testName="ToNumber_NumericString_ReturnsCorrectNumber" computerName="dadsmbp" duration="00:00:00.0015059" startTime="2025-08-22T08:18:24.1394110-04:00" endTime="2025-08-22T08:18:24.1409430-04:00" testType="13cdc9d9-ddb5-4fa4-a97d-d965ccfc6d4b" outcome="Passed" testListId="8c84fa94-04c1-424b-9868-57a2d4851a1d" relativeResultsDirectory="97203357-12a4-4b35-950d-998091d62049" />
    <UnitTestResult executionId="3d6e7677-920e-4811-8189-46cbdf4d4691" testId="8082c4c3-da68-d305-da4c-2d05b5c16fc2" testName="Match_Anchors_WorkCorrectly" computerName="dadsmbp" duration="00:00:00.0001755" startTime="2025-08-22T08:18:24.1042420-04:00" endTime="2025-08-22T08:18:24.1044440-04:00" testType="13cdc9d9-ddb5-4fa4-a97d-d965ccfc6d4b" outcome="Passed" testListId="8c84fa94-04c1-424b-9868-57a2d4851a1d" relativeResultsDirectory="3d6e7677-920e-4811-8189-46cbdf4d4691" />
    <UnitTestResult executionId="48b290f8-3bca-4825-aa88-944d6cae35a6" testId="0d7b1475-87d6-6f89-09c7-883523fe257e" testName="Byte_MultipleCharacters_ReturnsMultipleValues" computerName="dadsmbp" duration="00:00:00.0001355" startTime="2025-08-22T08:18:24.0772870-04:00" endTime="2025-08-22T08:18:24.0774490-04:00" testType="13cdc9d9-ddb5-4fa4-a97d-d965ccfc6d4b" outcome="Passed" testListId="8c84fa94-04c1-424b-9868-57a2d4851a1d" relativeResultsDirectory="48b290f8-3bca-4825-aa88-944d6cae35a6" />
    <UnitTestResult executionId="bcd391c5-ad65-48c8-a666-cc8e2afbc5c6" testId="6e899d16-ba0b-ff6c-59ed-edc365ee0288" testName="Find_MultipleCaptureGroups_ReturnsAllCaptures" computerName="dadsmbp" duration="00:00:00.0001961" startTime="2025-08-22T08:18:24.1243200-04:00" endTime="2025-08-22T08:18:24.1245450-04:00" testType="13cdc9d9-ddb5-4fa4-a97d-d965ccfc6d4b" outcome="Failed" testListId="8c84fa94-04c1-424b-9868-57a2d4851a1d" relativeResultsDirectory="bcd391c5-ad65-48c8-a666-cc8e2afbc5c6">
      <Output>
        <ErrorInfo>
          <Message>Assert.AreEqual failed. Expected:&lt;5&gt;. Actual:&lt;1&gt;. </Message>
          <StackTrace>   at FLua.Runtime.LibraryTests.LuaStringLibTests.Find_MultipleCaptureGroups_ReturnsAllCaptures() in /Users/bill/Repos/FLua/FLua.Runtime.LibraryTests/LuaStringLibTests.cs:line 1764
   at System.RuntimeMethodHandle.InvokeMethod(Object target, Void** arguments, Signature sig, Boolean isConstructor)
   at System.Reflection.MethodBaseInvoker.InvokeWithNoArgs(Object obj, BindingFlags invokeAttr)
</StackTrace>
        </ErrorInfo>
      </Output>
    </UnitTestResult>
    <UnitTestResult executionId="f3827ceb-1d70-4eda-bb4d-644c9391fa46" testId="6cc07460-5fb6-c713-1995-9f7347e597ba" testName="TryToInteger_FloatWithFractionalPart_ReturnsFalse" computerName="dadsmbp" duration="00:00:00.0000296" startTime="2025-08-22T08:18:24.1761580-04:00" endTime="2025-08-22T08:18:24.1762050-04:00" testType="13cdc9d9-ddb5-4fa4-a97d-d965ccfc6d4b" outcome="Passed" testListId="8c84fa94-04c1-424b-9868-57a2d4851a1d" relativeResultsDirectory="f3827ceb-1d70-4eda-bb4d-644c9391fa46" />
    <UnitTestResult executionId="99f22d66-dfb5-4ca2-8431-c03f19cc61d2" testId="181bb0ae-15a8-805b-2d7c-e0bee459e205" testName="Find_StarQuantifierWithLetters_KnownLimitation" computerName="dadsmbp" startTime="2025-08-22T08:18:24.1255560-04:00" endTime="2025-08-22T08:18:24.1255750-04:00" testType="13cdc9d9-ddb5-4fa4-a97d-d965ccfc6d4b" outcome="NotExecuted" testListId="8c84fa94-04c1-424b-9868-57a2d4851a1d" relativeResultsDirectory="99f22d66-dfb5-4ca2-8431-c03f19cc61d2">
      <Output>
        <ErrorInfo>
          <Message>Known implementation gap: Star quantifier returns zero-width matches</Message>
        </ErrorInfo>
      </Output>
    </UnitTestResult>
    <UnitTestResult executionId="ebd552af-fbe1-49ef-b92e-5df63e088ef0" testId="0d5af833-f41c-9353-5a95-8869d39f3279" testName="Move_DifferentTables_CopiesElements" computerName="dadsmbp" duration="00:00:00.0001372" startTime="2025-08-22T08:18:24.1317150-04:00" endTime="2025-08-22T08:18:24.1318730-04:00" testType="13cdc9d9-ddb5-4fa4-a97d-d965ccfc6d4b" outcome="Passed" testListId="8c84fa94-04c1-424b-9868-57a2d4851a1d" relativeResultsDirectory="ebd552af-fbe1-49ef-b92e-5df63e088ef0" />
    <UnitTestResult executionId="881d9f00-4ba8-489b-8d7b-7222d14b4540" testId="1162632b-d466-d9f8-290c-74cce54c50a7" testName="DiffTime_FloatingPointTimes_HandlesDecimals" computerName="dadsmbp" duration="00:00:00.0000569" startTime="2025-08-22T08:18:24.0625440-04:00" endTime="2025-08-22T08:18:24.0626200-04:00" testType="13cdc9d9-ddb5-4fa4-a97d-d965ccfc6d4b" outcome="Passed" testListId="8c84fa94-04c1-424b-9868-57a2d4851a1d" relativeResultsDirectory="881d9f00-4ba8-489b-8d7b-7222d14b4540" />
    <UnitTestResult executionId="a070e368-4f2f-4390-8210-c5dfa2a9a638" testId="db101ea6-5520-5369-0787-ca894017242c" testName="Pack_InvalidFormatSpecifier_ThrowsException" computerName="dadsmbp" duration="00:00:00.0001284" startTime="2025-08-22T08:18:24.1010440-04:00" endTime="2025-08-22T08:18:24.1012120-04:00" testType="13cdc9d9-ddb5-4fa4-a97d-d965ccfc6d4b" outcome="Passed" testListId="8c84fa94-04c1-424b-9868-57a2d4851a1d" relativeResultsDirectory="a070e368-4f2f-4390-8210-c5dfa2a9a638" />
    <UnitTestResult executionId="951d1396-6af4-46ce-9c41-8d685a8261f1" testId="7a04b199-7d69-5b3e-c54a-df29134cbf27" testName="Insert_NonTable_ThrowsException" computerName="dadsmbp" duration="00:00:00.0001136" startTime="2025-08-22T08:18:24.1283230-04:00" endTime="2025-08-22T08:18:24.1284650-04:00" testType="13cdc9d9-ddb5-4fa4-a97d-d965ccfc6d4b" outcome="Passed" testListId="8c84fa94-04c1-424b-9868-57a2d4851a1d" relativeResultsDirectory="951d1396-6af4-46ce-9c41-8d685a8261f1" />
    <UnitTestResult executionId="6f5609f3-c6ca-4a5a-bdc2-46d44bf3b0d0" testId="c3862e82-30a0-85ec-833e-1ae2f2d59fdb" testName="Match_NoArguments_ThrowsException" computerName="dadsmbp" duration="00:00:00.0002105" startTime="2025-08-22T08:18:24.1149010-04:00" endTime="2025-08-22T08:18:24.1152230-04:00" testType="13cdc9d9-ddb5-4fa4-a97d-d965ccfc6d4b" outcome="Passed" testListId="8c84fa94-04c1-424b-9868-57a2d4851a1d" relativeResultsDirectory="6f5609f3-c6ca-4a5a-bdc2-46d44bf3b0d0" />
    <UnitTestResult executionId="1783b1bb-2b02-495f-b967-43d771be5c04" testId="730f5bdd-2db2-1c8d-a33e-c1f9dd7b77f3" testName="Pack_SignedLong_WorksCorrectly" computerName="dadsmbp" duration="00:00:00.0000887" startTime="2025-08-22T08:18:24.0962360-04:00" endTime="2025-08-22T08:18:24.0963490-04:00" testType="13cdc9d9-ddb5-4fa4-a97d-d965ccfc6d4b" outcome="Passed" testListId="8c84fa94-04c1-424b-9868-57a2d4851a1d" relativeResultsDirectory="1783b1bb-2b02-495f-b967-43d771be5c04" />
    <UnitTestResult executionId="b25ab7d4-a8c7-4a8e-b532-56ce83d6e481" testId="82f1b943-0634-06f5-65fb-059c120c860b" testName="Concat_NumberElements_ConvertsToString" computerName="dadsmbp" duration="00:00:00.0000689" startTime="2025-08-22T08:18:24.1335710-04:00" endTime="2025-08-22T08:18:24.1336560-04:00" testType="13cdc9d9-ddb5-4fa4-a97d-d965ccfc6d4b" outcome="Passed" testListId="8c84fa94-04c1-424b-9868-57a2d4851a1d" relativeResultsDirectory="b25ab7d4-a8c7-4a8e-b532-56ce83d6e481" />
    <UnitTestResult executionId="561fc4fd-fc98-4cac-baa1-7d8c2ff3f666" testId="75777ee9-b384-7b18-484c-624e5c8b45eb" testName="FileHandle_Read_DefaultReadsLine" computerName="dadsmbp" duration="00:00:00.0007122" startTime="2025-08-22T08:18:24.0094180-04:00" endTime="2025-08-22T08:18:24.0101550-04:00" testType="13cdc9d9-ddb5-4fa4-a97d-d965ccfc6d4b" outcome="Passed" testListId="8c84fa94-04c1-424b-9868-57a2d4851a1d" relativeResultsDirectory="561fc4fd-fc98-4cac-baa1-7d8c2ff3f666" />
    <UnitTestResult executionId="b257bab0-8648-422a-b4d1-b7d90870a765" testId="b464d5e7-77bb-f039-0989-ac134c6ef40c" testName="Len_NoArguments_ThrowsException" computerName="dadsmbp" duration="00:00:00.0001527" startTime="2025-08-22T08:18:24.1564880-04:00" endTime="2025-08-22T08:18:24.1566900-04:00" testType="13cdc9d9-ddb5-4fa4-a97d-d965ccfc6d4b" outcome="Passed" testListId="8c84fa94-04c1-424b-9868-57a2d4851a1d" relativeResultsDirectory="b257bab0-8648-422a-b4d1-b7d90870a765" />
    <UnitTestResult executionId="a698b3c5-adf4-4b09-a875-6f5a596d3a18" testId="519530f8-ec69-7fc8-d74d-d5e225edfcdc" testName="ToInteger_NonNumericString_ReturnsNil" computerName="dadsmbp" duration="00:00:00.0017665" startTime="2025-08-22T08:18:24.0429690-04:00" endTime="2025-08-22T08:18:24.0447590-04:00" testType="13cdc9d9-ddb5-4fa4-a97d-d965ccfc6d4b" outcome="Passed" testListId="8c84fa94-04c1-424b-9868-57a2d4851a1d" relativeResultsDirectory="a698b3c5-adf4-4b09-a875-6f5a596d3a18" />
    <UnitTestResult executionId="b4914886-4ff0-4d8e-8a94-8454c01b2dd9" testId="6a3e1ea6-7efd-59c8-0079-ca724e40ddfa" testName="Pack_UnsignedShort_WorksCorrectly" computerName="dadsmbp" duration="00:00:00.0000923" startTime="2025-08-22T08:18:24.0961100-04:00" endTime="2025-08-22T08:18:24.0962270-04:00" testType="13cdc9d9-ddb5-4fa4-a97d-d965ccfc6d4b" outcome="Passed" testListId="8c84fa94-04c1-424b-9868-57a2d4851a1d" relativeResultsDirectory="b4914886-4ff0-4d8e-8a94-8454c01b2dd9" />
    <UnitTestResult executionId="c2840f14-dec5-45bc-9d8f-8c30e334c758" testId="b25385a5-9267-04f0-7f76-6fb411e78232" testName="Char_MaxValidCodePoint_Works" computerName="dadsmbp" duration="00:00:00.0000451" startTime="2025-08-22T08:18:24.1573460-04:00" endTime="2025-08-22T08:18:24.1574060-04:00" testType="13cdc9d9-ddb5-4fa4-a97d-d965ccfc6d4b" outcome="Passed" testListId="8c84fa94-04c1-424b-9868-57a2d4851a1d" relativeResultsDirectory="c2840f14-dec5-45bc-9d8f-8c30e334c758" />
    <UnitTestResult executionId="77e40096-e2f4-47d3-be90-723d7a8c9292" testId="9bc37241-2ce9-6c7d-e3bb-69d55d043fa0" testName="Find_EscapeSequenceWithPlusQuantifier_KnownLimitation" computerName="dadsmbp" startTime="2025-08-22T08:18:24.1252180-04:00" endTime="2025-08-22T08:18:24.1254600-04:00" testType="13cdc9d9-ddb5-4fa4-a97d-d965ccfc6d4b" outcome="NotExecuted" testListId="8c84fa94-04c1-424b-9868-57a2d4851a1d" relativeResultsDirectory="77e40096-e2f4-47d3-be90-723d7a8c9292">
      <Output>
        <ErrorInfo>
          <Message>Known implementation gap: Quantifiers with escape sequences not fully supported</Message>
        </ErrorInfo>
      </Output>
    </UnitTestResult>
    <UnitTestResult executionId="3e7e695c-4c33-4462-9a38-67eefbc92ecc" testId="61423e44-b30b-4fb9-613b-a441276074cb" testName="Equals_DifferentTypes_ReturnsFalse" computerName="dadsmbp" duration="00:00:00.0001755" startTime="2025-08-22T08:18:24.1737850-04:00" endTime="2025-08-22T08:18:24.1739780-04:00" testType="13cdc9d9-ddb5-4fa4-a97d-d965ccfc6d4b" outcome="Failed" testListId="8c84fa94-04c1-424b-9868-57a2d4851a1d" relativeResultsDirectory="3e7e695c-4c33-4462-9a38-67eefbc92ecc">
      <Output>
        <ErrorInfo>
          <Message>Assert.IsFalse failed. </Message>
          <StackTrace>   at FLua.Runtime.LibraryTests.LuaValueTests.Equals_DifferentTypes_ReturnsFalse() in /Users/bill/Repos/FLua/FLua.Runtime.LibraryTests/LuaValueTests.cs:line 555
   at System.RuntimeMethodHandle.InvokeMethod(Object target, Void** arguments, Signature sig, Boolean isConstructor)
   at System.Reflection.MethodBaseInvoker.InvokeWithNoArgs(Object obj, BindingFlags invokeAttr)
</StackTrace>
        </ErrorInfo>
      </Output>
    </UnitTestResult>
    <UnitTestResult executionId="7cc7cacf-d7db-4a8b-b714-da2eea86f778" testId="4040e00f-72b8-0774-cd66-78bbbbf80ed4" testName="GetNumber_IntegerValue_ReturnsCorrectDouble" computerName="dadsmbp" duration="00:00:00.0001572" startTime="2025-08-22T08:18:24.1640770-04:00" endTime="2025-08-22T08:18:24.1643350-04:00" testType="13cdc9d9-ddb5-4fa4-a97d-d965ccfc6d4b" outcome="Passed" testListId="8c84fa94-04c1-424b-9868-57a2d4851a1d" relativeResultsDirectory="7cc7cacf-d7db-4a8b-b714-da2eea86f778" />
    <UnitTestResult executionId="ed5dd6a9-886d-4efd-ba5f-d5eca7ebfb9d" testId="8c645da4-ac87-9798-ea13-ecc81c4deae1" testName="Offset_DefaultStartPosition_UsesOne" computerName="dadsmbp" duration="00:00:00.0000419" startTime="2025-08-22T08:18:24.1603130-04:00" endTime="2025-08-22T08:18:24.1603710-04:00" testType="13cdc9d9-ddb5-4fa4-a97d-d965ccfc6d4b" outcome="Passed" testListId="8c84fa94-04c1-424b-9868-57a2d4851a1d" relativeResultsDirectory="ed5dd6a9-886d-4efd-ba5f-d5eca7ebfb9d" />
    <UnitTestResult executionId="737ecb6f-be61-41af-8da6-ec0a499617b6" testId="d7c8f7b5-c3b8-357d-b44b-90988bbf4f71" testName="GSub_SimpleReplacement_WorksCorrectly" computerName="dadsmbp" duration="00:00:00.0011981" startTime="2025-08-22T08:18:24.1156680-04:00" endTime="2025-08-22T08:18:24.1169030-04:00" testType="13cdc9d9-ddb5-4fa4-a97d-d965ccfc6d4b" outcome="Passed" testListId="8c84fa94-04c1-424b-9868-57a2d4851a1d" relativeResultsDirectory="737ecb6f-be61-41af-8da6-ec0a499617b6" />
    <UnitTestResult executionId="ddb23a64-5195-4f09-b59c-00b81c98be51" testId="d79a2c0a-beef-581c-8321-d33ace64639c" testName="Upper_LowercaseString_ReturnsUppercase" computerName="dadsmbp" duration="00:00:00.0000934" startTime="2025-08-22T08:18:24.0738150-04:00" endTime="2025-08-22T08:18:24.0739330-04:00" testType="13cdc9d9-ddb5-4fa4-a97d-d965ccfc6d4b" outcome="Passed" testListId="8c84fa94-04c1-424b-9868-57a2d4851a1d" relativeResultsDirectory="ddb23a64-5195-4f09-b59c-00b81c98be51" />
    <UnitTestResult executionId="f7fdfaab-be18-412a-b506-42dc278062c7" testId="a70f8697-e19f-f996-8516-2d37ef5660ce" testName="ImplicitConversion_IntToLuaValue_WorksCorrectly" computerName="dadsmbp" duration="00:00:00.0000457" startTime="2025-08-22T08:18:24.1768490-04:00" endTime="2025-08-22T08:18:24.1769120-04:00" testType="13cdc9d9-ddb5-4fa4-a97d-d965ccfc6d4b" outcome="Passed" testListId="8c84fa94-04c1-424b-9868-57a2d4851a1d" relativeResultsDirectory="f7fdfaab-be18-412a-b506-42dc278062c7" />
    <UnitTestResult executionId="434a5046-ddbb-4df2-8e1d-639d5d210e1a" testId="4e0d0548-af81-0df3-d0fa-d376255a5b9d" testName="ToString_BooleanValue_ThrowsException" computerName="dadsmbp" duration="00:00:00.0000219" startTime="2025-08-22T08:18:24.1436820-04:00" endTime="2025-08-22T08:18:24.1437300-04:00" testType="13cdc9d9-ddb5-4fa4-a97d-d965ccfc6d4b" outcome="Failed" testListId="8c84fa94-04c1-424b-9868-57a2d4851a1d" relativeResultsDirectory="434a5046-ddbb-4df2-8e1d-639d5d210e1a">
      <Output>
        <ErrorInfo>
          <Message>Test method did not throw expected exception System.InvalidOperationException. </Message>
        </ErrorInfo>
      </Output>
    </UnitTestResult>
    <UnitTestResult executionId="62237b46-ac65-4f71-a89a-b1e29747a49a" testId="2583f021-343e-fb4e-1585-e43296031618" testName="TmpName_WithArguments_IgnoresThem" computerName="dadsmbp" duration="00:00:00.0001435" startTime="2025-08-22T08:18:24.0694670-04:00" endTime="2025-08-22T08:18:24.0696460-04:00" testType="13cdc9d9-ddb5-4fa4-a97d-d965ccfc6d4b" outcome="Passed" testListId="8c84fa94-04c1-424b-9868-57a2d4851a1d" relativeResultsDirectory="62237b46-ac65-4f71-a89a-b1e29747a49a" />
    <UnitTestResult executionId="1966b95b-cad7-4abd-92cd-d5d8f812be49" testId="3aedc30b-49f4-ff0f-680b-aad67022a5d1" testName="CreateStandardEnvironment_HasRawOperations" computerName="dadsmbp" duration="00:00:00.0000927" startTime="2025-08-22T08:18:23.9956420-04:00" endTime="2025-08-22T08:18:23.9957620-04:00" testType="13cdc9d9-ddb5-4fa4-a97d-d965ccfc6d4b" outcome="Passed" testListId="8c84fa94-04c1-424b-9868-57a2d4851a1d" relativeResultsDirectory="1966b95b-cad7-4abd-92cd-d5d8f812be49" />
    <UnitTestResult executionId="c42b0505-ee71-4edc-aa11-1d1b2aec9531" testId="e734a4fb-980b-5ed5-5ba2-483d1649dae6" testName="Floor_Zero_ReturnsZero" computerName="dadsmbp" duration="00:00:00.0000439" startTime="2025-08-22T08:18:24.0364110-04:00" endTime="2025-08-22T08:18:24.0364710-04:00" testType="13cdc9d9-ddb5-4fa4-a97d-d965ccfc6d4b" outcome="Passed" testListId="8c84fa94-04c1-424b-9868-57a2d4851a1d" relativeResultsDirectory="c42b0505-ee71-4edc-aa11-1d1b2aec9531" />
    <UnitTestResult executionId="f9d870d3-1980-4dab-a757-fbaa2d43f11e" testId="67750e5f-4c1a-63e1-17aa-e0c00b26bd00" testName="TryGetString_StringValue_ReturnsTrue" computerName="dadsmbp" duration="00:00:00.0000991" startTime="2025-08-22T08:18:24.1755500-04:00" endTime="2025-08-22T08:18:24.1756740-04:00" testType="13cdc9d9-ddb5-4fa4-a97d-d965ccfc6d4b" outcome="Passed" testListId="8c84fa94-04c1-424b-9868-57a2d4851a1d" relativeResultsDirectory="f9d870d3-1980-4dab-a757-fbaa2d43f11e" />
    <UnitTestResult executionId="274a35dc-82d1-4cea-9b04-c8e957180efa" testId="db78a550-b1c2-473a-4ce9-f52879bfa1ff" testName="Concat_StartGreaterThanEnd_ReturnsEmpty" computerName="dadsmbp" duration="00:00:00.0000687" startTime="2025-08-22T08:18:24.1334790-04:00" endTime="2025-08-22T08:18:24.1335630-04:00" testType="13cdc9d9-ddb5-4fa4-a97d-d965ccfc6d4b" outcome="Passed" testListId="8c84fa94-04c1-424b-9868-57a2d4851a1d" relativeResultsDirectory="274a35dc-82d1-4cea-9b04-c8e957180efa" />
    <UnitTestResult executionId="932d6651-103f-4bf7-a390-bf4e63d723f3" testId="e276c011-d85d-887b-a451-4b05ec23be57" testName="Unpack_NonIntegerEndIndex_ThrowsException" computerName="dadsmbp" duration="00:00:00.0001297" startTime="2025-08-22T08:18:24.1380840-04:00" endTime="2025-08-22T08:18:24.1382380-04:00" testType="13cdc9d9-ddb5-4fa4-a97d-d965ccfc6d4b" outcome="Passed" testListId="8c84fa94-04c1-424b-9868-57a2d4851a1d" relativeResultsDirectory="932d6651-103f-4bf7-a390-bf4e63d723f3" />
    <UnitTestResult executionId="bb0988e2-de1b-425e-8a0d-77a3f5e2ae66" testId="0788d6d5-684c-aed2-3f13-19da4f20b164" testName="Len_WithStartPosition_CountsFromPosition" computerName="dadsmbp" duration="00:00:00.0000567" startTime="2025-08-22T08:18:24.1557550-04:00" endTime="2025-08-22T08:18:24.1558300-04:00" testType="13cdc9d9-ddb5-4fa4-a97d-d965ccfc6d4b" outcome="Passed" testListId="8c84fa94-04c1-424b-9868-57a2d4851a1d" relativeResultsDirectory="bb0988e2-de1b-425e-8a0d-77a3f5e2ae66" />
    <UnitTestResult executionId="0969332e-6ab2-4cae-aa77-b448531840ba" testId="e45664ba-6fd5-244e-e12c-9f7d25f5bab2" testName="GetTypeName_AllLuaTypes_ReturnsCorrectNames" computerName="dadsmbp" duration="00:00:00.0001312" startTime="2025-08-22T08:18:24.1443830-04:00" endTime="2025-08-22T08:18:24.1445330-04:00" testType="13cdc9d9-ddb5-4fa4-a97d-d965ccfc6d4b" outcome="Passed" testListId="8c84fa94-04c1-424b-9868-57a2d4851a1d" relativeResultsDirectory="0969332e-6ab2-4cae-aa77-b448531840ba" />
    <UnitTestResult executionId="ebf32c17-49a9-47aa-a1e0-d13d3769ddb4" testId="31fa06ab-d5a3-b57b-1725-ae41e6861f7a" testName="Move_SameTable_CopiesElements" computerName="dadsmbp" duration="00:00:00.0004025" startTime="2025-08-22T08:18:24.1312820-04:00" endTime="2025-08-22T08:18:24.1317060-04:00" testType="13cdc9d9-ddb5-4fa4-a97d-d965ccfc6d4b" outcome="Passed" testListId="8c84fa94-04c1-424b-9868-57a2d4851a1d" relativeResultsDirectory="ebf32c17-49a9-47aa-a1e0-d13d3769ddb4" />
    <UnitTestResult executionId="a9465858-c08f-45c2-b12e-c8a156a34118" testId="4460a51b-7dbe-79e0-dfc7-8e853c83e4e3" testName="LocalVariable_ExistingLocal_CanRetrieve" computerName="dadsmbp" duration="00:00:00.0000581" startTime="2025-08-22T08:18:23.9752930-04:00" endTime="2025-08-22T08:18:23.9753800-04:00" testType="13cdc9d9-ddb5-4fa4-a97d-d965ccfc6d4b" outcome="Passed" testListId="8c84fa94-04c1-424b-9868-57a2d4851a1d" relativeResultsDirectory="a9465858-c08f-45c2-b12e-c8a156a34118" />
    <UnitTestResult executionId="1705cd4b-700d-4aca-a221-292f97dcc18f" testId="93b341b6-a5db-14cd-05fe-4c1e0fcee7e4" testName="Len_LongString_ReturnsCorrectLength" computerName="dadsmbp" duration="00:00:00.0000525" startTime="2025-08-22T08:18:24.0710150-04:00" endTime="2025-08-22T08:18:24.0710940-04:00" testType="13cdc9d9-ddb5-4fa4-a97d-d965ccfc6d4b" outcome="Passed" testListId="8c84fa94-04c1-424b-9868-57a2d4851a1d" relativeResultsDirectory="1705cd4b-700d-4aca-a221-292f97dcc18f" />
    <UnitTestResult executionId="8daaad8e-3bf2-4f7e-a914-a80e5df524da" testId="37650bf7-28da-c8e7-055d-d9c2af6b5cc2" testName="ProtectedCall_Function_CatchesErrors" computerName="dadsmbp" duration="00:00:00.0004491" startTime="2025-08-22T08:18:23.9998430-04:00" endTime="2025-08-22T08:18:24.0003250-04:00" testType="13cdc9d9-ddb5-4fa4-a97d-d965ccfc6d4b" outcome="Passed" testListId="8c84fa94-04c1-424b-9868-57a2d4851a1d" relativeResultsDirectory="8daaad8e-3bf2-4f7e-a914-a80e5df524da" />
    <UnitTestResult executionId="e502f0f7-8f05-44fb-8118-8d6ccc51c7c3" testId="2a5faa5a-4d2a-07ee-d54a-0bde21ce290e" testName="Remove_NonIntegerPosition_ThrowsException" computerName="dadsmbp" duration="00:00:00.0001325" startTime="2025-08-22T08:18:24.1311040-04:00" endTime="2025-08-22T08:18:24.1312700-04:00" testType="13cdc9d9-ddb5-4fa4-a97d-d965ccfc6d4b" outcome="Passed" testListId="8c84fa94-04c1-424b-9868-57a2d4851a1d" relativeResultsDirectory="e502f0f7-8f05-44fb-8118-8d6ccc51c7c3" />
    <UnitTestResult executionId="c00adb07-3cf1-4d34-84d2-5068d4adc124" testId="e352272b-49e3-425f-a616-29ac08fa22e8" testName="SetVariable_OverwriteExisting_UpdatesValue" computerName="dadsmbp" duration="00:00:00.0001039" startTime="2025-08-22T08:18:23.9733460-04:00" endTime="2025-08-22T08:18:23.9734890-04:00" testType="13cdc9d9-ddb5-4fa4-a97d-d965ccfc6d4b" outcome="Passed" testListId="8c84fa94-04c1-424b-9868-57a2d4851a1d" relativeResultsDirectory="c00adb07-3cf1-4d34-84d2-5068d4adc124" />
    <UnitTestResult executionId="107318ab-c805-442e-a05e-85954c96e6f4" testId="9d5e7ccc-a83c-de0a-d9b5-9a6494150899" testName="CreateNumber_DoubleValue_ReturnsFloatLuaValue" computerName="dadsmbp" duration="00:00:00.0000491" startTime="2025-08-22T08:18:24.1654890-04:00" endTime="2025-08-22T08:18:24.1655540-04:00" testType="13cdc9d9-ddb5-4fa4-a97d-d965ccfc6d4b" outcome="Passed" testListId="8c84fa94-04c1-424b-9868-57a2d4851a1d" relativeResultsDirectory="107318ab-c805-442e-a05e-85954c96e6f4" />
    <UnitTestResult executionId="27aed5a4-d2df-4e95-a17c-edcccdb9f6d8" testId="7e5098ca-337c-500f-febe-1538d90cbf3b" testName="Pack_FixedString_Truncation" computerName="dadsmbp" duration="00:00:00.0000723" startTime="2025-08-22T08:18:24.0980440-04:00" endTime="2025-08-22T08:18:24.0981370-04:00" testType="13cdc9d9-ddb5-4fa4-a97d-d965ccfc6d4b" outcome="Passed" testListId="8c84fa94-04c1-424b-9868-57a2d4851a1d" relativeResultsDirectory="27aed5a4-d2df-4e95-a17c-edcccdb9f6d8" />
    <UnitTestResult executionId="5c20db49-c680-4501-8ea9-56945e64b1f6" testId="1a0432b7-1115-58b0-0702-0af7a644ff96" testName="Byte_OutOfRange_ReturnsNoValues" computerName="dadsmbp" duration="00:00:00.0000441" startTime="2025-08-22T08:18:24.0776270-04:00" endTime="2025-08-22T08:18:24.0776930-04:00" testType="13cdc9d9-ddb5-4fa4-a97d-d965ccfc6d4b" outcome="Passed" testListId="8c84fa94-04c1-424b-9868-57a2d4851a1d" relativeResultsDirectory="5c20db49-c680-4501-8ea9-56945e64b1f6" />
    <UnitTestResult executionId="03825d7a-5ae5-4db1-befc-1a2c18fdbb70" testId="41f760a9-a423-8221-622c-601a088c4be6" testName="StringToNumber_ScientificNotation_ReturnsCorrectValue" computerName="dadsmbp" duration="00:00:00.0003867" startTime="2025-08-22T08:18:24.1467190-04:00" endTime="2025-08-22T08:18:24.1471260-04:00" testType="13cdc9d9-ddb5-4fa4-a97d-d965ccfc6d4b" outcome="Failed" testListId="8c84fa94-04c1-424b-9868-57a2d4851a1d" relativeResultsDirectory="03825d7a-5ae5-4db1-befc-1a2c18fdbb70">
      <Output>
        <ErrorInfo>
          <Message>Assert.AreEqual failed. Expected:&lt;Float&gt;. Actual:&lt;Integer&gt;. </Message>
          <StackTrace>   at FLua.Runtime.LibraryTests.LuaTypeConversionTests.StringToNumber_ScientificNotation_ReturnsCorrectValue() in /Users/bill/Repos/FLua/FLua.Runtime.LibraryTests/LuaTypeConversionTests.cs:line 526
   at System.RuntimeMethodHandle.InvokeMethod(Object target, Void** arguments, Signature sig, Boolean isConstructor)
   at System.Reflection.MethodBaseInvoker.InvokeWithNoArgs(Object obj, BindingFlags invokeAttr)
</StackTrace>
        </ErrorInfo>
      </Output>
    </UnitTestResult>
    <UnitTestResult executionId="d2a7686a-4ee2-4897-9cd6-9ecd34bae09f" testId="092d3db4-bd27-e826-9b24-629c17ea85e9" testName="AsInteger_NonIntegerValue_ThrowsException" computerName="dadsmbp" duration="00:00:00.0000930" startTime="2025-08-22T08:18:24.1775970-04:00" endTime="2025-08-22T08:18:24.1777220-04:00" testType="13cdc9d9-ddb5-4fa4-a97d-d965ccfc6d4b" outcome="Passed" testListId="8c84fa94-04c1-424b-9868-57a2d4851a1d" relativeResultsDirectory="d2a7686a-4ee2-4897-9cd6-9ecd34bae09f" />
    <UnitTestResult executionId="43e72f51-9e9d-413e-94fa-ddec701181e9" testId="21135710-4fad-9760-c6da-d12dad4d3161" testName="Char_MixedCodePoints_CreatesCorrectString" computerName="dadsmbp" duration="00:00:00.0000595" startTime="2025-08-22T08:18:24.1639830-04:00" endTime="2025-08-22T08:18:24.1640670-04:00" testType="13cdc9d9-ddb5-4fa4-a97d-d965ccfc6d4b" outcome="Passed" testListId="8c84fa94-04c1-424b-9868-57a2d4851a1d" relativeResultsDirectory="43e72f51-9e9d-413e-94fa-ddec701181e9" />
    <UnitTestResult executionId="3b52bf51-e8f1-4a33-930c-16a29bbf83b1" testId="d4b5d219-056e-cc0e-be33-1d6004bba6c4" testName="Format_MissingArgument_ThrowsException" computerName="dadsmbp" duration="00:00:00.0001548" startTime="2025-08-22T08:18:24.0900950-04:00" endTime="2025-08-22T08:18:24.0902970-04:00" testType="13cdc9d9-ddb5-4fa4-a97d-d965ccfc6d4b" outcome="Passed" testListId="8c84fa94-04c1-424b-9868-57a2d4851a1d" relativeResultsDirectory="3b52bf51-e8f1-4a33-930c-16a29bbf83b1" />
    <UnitTestResult executionId="1d3fc5e9-42e1-499a-8ba1-70305fd860ea" testId="a0fa1c06-0e69-d238-e7ec-ec84e1e82659" testName="Sub_ZeroIndex_TreatedAsOne" computerName="dadsmbp" duration="00:00:00.0000600" startTime="2025-08-22T08:18:24.0733260-04:00" endTime="2025-08-22T08:18:24.0734170-04:00" testType="13cdc9d9-ddb5-4fa4-a97d-d965ccfc6d4b" outcome="Passed" testListId="8c84fa94-04c1-424b-9868-57a2d4851a1d" relativeResultsDirectory="1d3fc5e9-42e1-499a-8ba1-70305fd860ea" />
    <UnitTestResult executionId="d7e9a56d-cb4e-4b9c-a256-3b2f0035e2c5" testId="f86fab50-04b6-d9f8-f261-916523537541" testName="ToInteger_ZeroString_ReturnsZero" computerName="dadsmbp" duration="00:00:00.0000316" startTime="2025-08-22T08:18:24.1425680-04:00" endTime="2025-08-22T08:18:24.1426170-04:00" testType="13cdc9d9-ddb5-4fa4-a97d-d965ccfc6d4b" outcome="Passed" testListId="8c84fa94-04c1-424b-9868-57a2d4851a1d" relativeResultsDirectory="d7e9a56d-cb4e-4b9c-a256-3b2f0035e2c5" />
    <UnitTestResult executionId="af8bb885-c79e-4095-9946-804c6066ba2a" testId="c9b41b16-24ce-496b-987c-abd353e461e5" testName="CreateNumber_NegativeLong_ReturnsCorrectInteger" computerName="dadsmbp" duration="00:00:00.0000332" startTime="2025-08-22T08:18:24.1658470-04:00" endTime="2025-08-22T08:18:24.1659000-04:00" testType="13cdc9d9-ddb5-4fa4-a97d-d965ccfc6d4b" outcome="Passed" testListId="8c84fa94-04c1-424b-9868-57a2d4851a1d" relativeResultsDirectory="af8bb885-c79e-4095-9946-804c6066ba2a" />
    <UnitTestResult executionId="fca887dc-f11f-4280-be02-9008465de4da" testId="3357e835-cd07-a322-d7e3-de79066a2658" testName="Insert_BeyondArrayBounds_CreatesGap" computerName="dadsmbp" duration="00:00:00.0001955" startTime="2025-08-22T08:18:24.1278980-04:00" endTime="2025-08-22T08:18:24.1281160-04:00" testType="13cdc9d9-ddb5-4fa4-a97d-d965ccfc6d4b" outcome="Passed" testListId="8c84fa94-04c1-424b-9868-57a2d4851a1d" relativeResultsDirectory="fca887dc-f11f-4280-be02-9008465de4da" />
    <UnitTestResult executionId="cc4f5ba9-1f9a-4923-ad2e-4c301fb124cf" testId="5c483893-fa82-d878-b041-f216dab50b58" testName="DiffTime_MinValues_HandlesNegativeNumbers" computerName="dadsmbp" duration="00:00:00.0000560" startTime="2025-08-22T08:18:24.0701520-04:00" endTime="2025-08-22T08:18:24.0702280-04:00" testType="13cdc9d9-ddb5-4fa4-a97d-d965ccfc6d4b" outcome="Passed" testListId="8c84fa94-04c1-424b-9868-57a2d4851a1d" relativeResultsDirectory="cc4f5ba9-1f9a-4923-ad2e-4c301fb124cf" />
    <UnitTestResult executionId="2cf562cd-b373-4de7-8593-e851299c2cb1" testId="7b8d7a22-5ad4-8b4c-067c-e062e266a614" testName="Match_ComplexPattern_WorksCorrectly" computerName="dadsmbp" duration="00:00:00.0016250" startTime="2025-08-22T08:18:24.1118420-04:00" endTime="2025-08-22T08:18:24.1135030-04:00" testType="13cdc9d9-ddb5-4fa4-a97d-d965ccfc6d4b" outcome="Failed" testListId="8c84fa94-04c1-424b-9868-57a2d4851a1d" relativeResultsDirectory="2cf562cd-b373-4de7-8593-e851299c2cb1">
      <Output>
        <ErrorInfo>
          <Message>Test method FLua.Runtime.LibraryTests.LuaStringLibTests.Match_ComplexPattern_WorksCorrectly threw exception: &#xD;
System.InvalidOperationException: Value is not a string, it's Nil</Message>
          <StackTrace>    at FLua.Runtime.LuaValue.AsString() in /Users/bill/Repos/FLua/FLua.Runtime/LuaValue.cs:line 225
   at FLua.Runtime.LibraryTests.LuaStringLibTests.Match_ComplexPattern_WorksCorrectly() in /Users/bill/Repos/FLua/FLua.Runtime.LibraryTests/LuaStringLibTests.cs:line 1270
   at System.RuntimeMethodHandle.InvokeMethod(Object target, Void** arguments, Signature sig, Boolean isConstructor)
   at System.Reflection.MethodBaseInvoker.InvokeWithNoArgs(Object obj, BindingFlags invokeAttr)
</StackTrace>
        </ErrorInfo>
      </Output>
    </UnitTestResult>
    <UnitTestResult executionId="67f607e8-27ed-48c8-bc9c-68e097287038" testId="c81ea6a6-3b8e-410c-61f2-eae488d7b049" testName="Date_WithSpecificTime_ReturnsCorrectDate" computerName="dadsmbp" duration="00:00:00.0001877" startTime="2025-08-22T08:18:24.0612170-04:00" endTime="2025-08-22T08:18:24.0614290-04:00" testType="13cdc9d9-ddb5-4fa4-a97d-d965ccfc6d4b" outcome="Passed" testListId="8c84fa94-04c1-424b-9868-57a2d4851a1d" relativeResultsDirectory="67f607e8-27ed-48c8-bc9c-68e097287038" />
    <UnitTestResult executionId="db59d92a-1bb8-433c-b27f-ff38cc63bc7e" testId="57f8a2f6-de67-a92d-3675-f9cfbc8e65a2" testName="Abs_NegativeInteger_ReturnsPositive" computerName="dadsmbp" duration="00:00:00.0000538" startTime="2025-08-22T08:18:24.0322710-04:00" endTime="2025-08-22T08:18:24.0323510-04:00" testType="13cdc9d9-ddb5-4fa4-a97d-d965ccfc6d4b" outcome="Passed" testListId="8c84fa94-04c1-424b-9868-57a2d4851a1d" relativeResultsDirectory="db59d92a-1bb8-433c-b27f-ff38cc63bc7e" />
    <UnitTestResult executionId="b410584d-326e-4917-99d4-6accac863a98" testId="1cb9d42a-446e-6702-65e7-c0f68d134285" testName="StringToNumber_EmptyString_ReturnsNull" computerName="dadsmbp" duration="00:00:00.0000256" startTime="2025-08-22T08:18:24.1516360-04:00" endTime="2025-08-22T08:18:24.1516820-04:00" testType="13cdc9d9-ddb5-4fa4-a97d-d965ccfc6d4b" outcome="Passed" testListId="8c84fa94-04c1-424b-9868-57a2d4851a1d" relativeResultsDirectory="b410584d-326e-4917-99d4-6accac863a98" />
    <UnitTestResult executionId="af5f2c91-6438-485d-b78b-713f06ec53c7" testId="f0574140-05e7-8498-9329-657513183047" testName="Len_StartGreaterThanEnd_ReturnsZero" computerName="dadsmbp" duration="00:00:00.0000495" startTime="2025-08-22T08:18:24.1559140-04:00" endTime="2025-08-22T08:18:24.1559800-04:00" testType="13cdc9d9-ddb5-4fa4-a97d-d965ccfc6d4b" outcome="Passed" testListId="8c84fa94-04c1-424b-9868-57a2d4851a1d" relativeResultsDirectory="af5f2c91-6438-485d-b78b-713f06ec53c7" />
    <UnitTestResult executionId="477e396c-f091-460a-bcf8-87e335e7f7ad" testId="9238f544-c615-304b-16e5-15a92d1d94ec" testName="Pack_MultipleArguments_PacksAll" computerName="dadsmbp" duration="00:00:00.0001332" startTime="2025-08-22T08:18:24.1364230-04:00" endTime="2025-08-22T08:18:24.1365740-04:00" testType="13cdc9d9-ddb5-4fa4-a97d-d965ccfc6d4b" outcome="Passed" testListId="8c84fa94-04c1-424b-9868-57a2d4851a1d" relativeResultsDirectory="477e396c-f091-460a-bcf8-87e335e7f7ad" />
    <UnitTestResult executionId="879204e4-707a-4d13-bb24-e6a6b5a74101" testId="9e3c7df3-c05a-1a65-1b15-9b73dc7da4b9" testName="Max_NonNumericFirstArgument_ThrowsException" computerName="dadsmbp" duration="00:00:00.0001060" startTime="2025-08-22T08:18:24.0350640-04:00" endTime="2025-08-22T08:18:24.0351940-04:00" testType="13cdc9d9-ddb5-4fa4-a97d-d965ccfc6d4b" outcome="Passed" testListId="8c84fa94-04c1-424b-9868-57a2d4851a1d" relativeResultsDirectory="879204e4-707a-4d13-bb24-e6a6b5a74101" />
    <UnitTestResult executionId="6ac5aab8-0951-462a-ad2c-678738ce42fc" testId="3483b99b-fc69-a667-3fb8-b744a04642ad" testName="Unpack_SimpleArray_ReturnsElements" computerName="dadsmbp" duration="00:00:00.0002935" startTime="2025-08-22T08:18:24.1370860-04:00" endTime="2025-08-22T08:18:24.1374010-04:00" testType="13cdc9d9-ddb5-4fa4-a97d-d965ccfc6d4b" outcome="Passed" testListId="8c84fa94-04c1-424b-9868-57a2d4851a1d" relativeResultsDirectory="6ac5aab8-0951-462a-ad2c-678738ce42fc" />
    <UnitTestResult executionId="b09548b9-b0bf-42b6-a0cd-d095856d74a0" testId="f78c516b-19b5-6162-b927-304c88d19605" testName="CodePoint_OutOfBounds_ReturnsEmpty" computerName="dadsmbp" duration="00:00:00.0000442" startTime="2025-08-22T08:18:24.1594140-04:00" endTime="2025-08-22T08:18:24.1594820-04:00" testType="13cdc9d9-ddb5-4fa4-a97d-d965ccfc6d4b" outcome="Passed" testListId="8c84fa94-04c1-424b-9868-57a2d4851a1d" relativeResultsDirectory="b09548b9-b0bf-42b6-a0cd-d095856d74a0" />
    <UnitTestResult executionId="86fbf8a6-bf56-4ddf-8f8f-a29c53515717" testId="f440d74d-4659-d24e-4f36-0923af04b8c4" testName="SetLocalVariable_WithAttributes_HandlesCorrectly" computerName="dadsmbp" duration="00:00:00.0001294" startTime="2025-08-22T08:18:23.9750520-04:00" endTime="2025-08-22T08:18:23.9752720-04:00" testType="13cdc9d9-ddb5-4fa4-a97d-d965ccfc6d4b" outcome="Passed" testListId="8c84fa94-04c1-424b-9868-57a2d4851a1d" relativeResultsDirectory="86fbf8a6-bf56-4ddf-8f8f-a29c53515717" />
    <UnitTestResult executionId="6134229f-f3d0-4d59-9008-2a24414fdeaa" testId="ce110ec4-6807-151f-0f3f-e817293b8781" testName="DiffTime_NegativeDifference_ReturnsNegativeValue" computerName="dadsmbp" duration="00:00:00.0000604" startTime="2025-08-22T08:18:24.0623690-04:00" endTime="2025-08-22T08:18:24.0624520-04:00" testType="13cdc9d9-ddb5-4fa4-a97d-d965ccfc6d4b" outcome="Passed" testListId="8c84fa94-04c1-424b-9868-57a2d4851a1d" relativeResultsDirectory="6134229f-f3d0-4d59-9008-2a24414fdeaa" />
    <UnitTestResult executionId="8e1b54d1-e055-4b31-9f61-8bed079c4bce" testId="f43867cd-0b2f-6df4-761d-a58f20129501" testName="ToInteger_IntegerString_ReturnsCorrectInteger" computerName="dadsmbp" duration="00:00:00.0000373" startTime="2025-08-22T08:18:24.1424480-04:00" endTime="2025-08-22T08:18:24.1425030-04:00" testType="13cdc9d9-ddb5-4fa4-a97d-d965ccfc6d4b" outcome="Passed" testListId="8c84fa94-04c1-424b-9868-57a2d4851a1d" relativeResultsDirectory="8e1b54d1-e055-4b31-9f61-8bed079c4bce" />
    <UnitTestResult executionId="5a1a63df-e66f-4e65-8fe0-be85a7cd423f" testId="33774f0a-03c8-2311-2a85-e92e1dde26f6" testName="Find_EscapedMetacharacterWithQuantifier_CombinesFeatures" computerName="dadsmbp" duration="00:00:00.0001882" startTime="2025-08-22T08:18:24.1218200-04:00" endTime="2025-08-22T08:18:24.1220390-04:00" testType="13cdc9d9-ddb5-4fa4-a97d-d965ccfc6d4b" outcome="Failed" testListId="8c84fa94-04c1-424b-9868-57a2d4851a1d" relativeResultsDirectory="5a1a63df-e66f-4e65-8fe0-be85a7cd423f">
      <Output>
        <ErrorInfo>
          <Message>Assert.AreEqual failed. Expected:&lt;2&gt;. Actual:&lt;1&gt;. </Message>
          <StackTrace>   at FLua.Runtime.LibraryTests.LuaStringLibTests.Find_EscapedMetacharacterWithQuantifier_CombinesFeatures() in /Users/bill/Repos/FLua/FLua.Runtime.LibraryTests/LuaStringLibTests.cs:line 1653
   at System.RuntimeMethodHandle.InvokeMethod(Object target, Void** arguments, Signature sig, Boolean isConstructor)
   at System.Reflection.MethodBaseInvoker.InvokeWithNoArgs(Object obj, BindingFlags invokeAttr)
</StackTrace>
        </ErrorInfo>
      </Output>
    </UnitTestResult>
    <UnitTestResult executionId="6bcd98a4-a965-46fd-8fac-0e91000dc390" testId="6f55bfdb-27a2-7e64-9be2-ed7620d4103c" testName="Random_ZeroArgument_ThrowsException" computerName="dadsmbp" duration="00:00:00.0001084" startTime="2025-08-22T08:18:24.0414900-04:00" endTime="2025-08-22T08:18:24.0416290-04:00" testType="13cdc9d9-ddb5-4fa4-a97d-d965ccfc6d4b" outcome="Passed" testListId="8c84fa94-04c1-424b-9868-57a2d4851a1d" relativeResultsDirectory="6bcd98a4-a965-46fd-8fac-0e91000dc390" />
    <UnitTestResult executionId="15b86377-bfbf-41d6-bdcf-4c7a8494c95b" testId="efe6f1f1-276f-48ab-2ff8-8d09cfa65408" testName="Match_NestedCaptureGroups_WorksCorrectly" computerName="dadsmbp" duration="00:00:00.0002322" startTime="2025-08-22T08:18:24.1106160-04:00" endTime="2025-08-22T08:18:24.1108780-04:00" testType="13cdc9d9-ddb5-4fa4-a97d-d965ccfc6d4b" outcome="Failed" testListId="8c84fa94-04c1-424b-9868-57a2d4851a1d" relativeResultsDirectory="15b86377-bfbf-41d6-bdcf-4c7a8494c95b">
      <Output>
        <ErrorInfo>
          <Message>Assert.AreEqual failed. Expected:&lt;abc123d&gt;. Actual:&lt;123def&gt;. </Message>
          <StackTrace>   at FLua.Runtime.LibraryTests.LuaStringLibTests.Match_NestedCaptureGroups_WorksCorrectly() in /Users/bill/Repos/FLua/FLua.Runtime.LibraryTests/LuaStringLibTests.cs:line 1233
   at System.RuntimeMethodHandle.InvokeMethod(Object target, Void** arguments, Signature sig, Boolean isConstructor)
   at System.Reflection.MethodBaseInvoker.InvokeWithNoArgs(Object obj, BindingFlags invokeAttr)
</StackTrace>
        </ErrorInfo>
      </Output>
    </UnitTestResult>
    <UnitTestResult executionId="3f6d08ad-3fde-4f77-a755-ac818a785e75" testId="4267d6e4-f070-3f35-1504-961c36e6f0aa" testName="Insert_NonIntegerPosition_ThrowsException" computerName="dadsmbp" duration="00:00:00.0001317" startTime="2025-08-22T08:18:24.1284730-04:00" endTime="2025-08-22T08:18:24.1286320-04:00" testType="13cdc9d9-ddb5-4fa4-a97d-d965ccfc6d4b" outcome="Passed" testListId="8c84fa94-04c1-424b-9868-57a2d4851a1d" relativeResultsDirectory="3f6d08ad-3fde-4f77-a755-ac818a785e75" />
    <UnitTestResult executionId="7c33ccac-6e7d-4ea0-8788-c92196f0dfd0" testId="4e6e0a21-4db3-e860-7b53-c6aab6b891d5" testName="Pack_WithWhitespace_IgnoresSpaces" computerName="dadsmbp" duration="00:00:00.0000987" startTime="2025-08-22T08:18:24.0998390-04:00" endTime="2025-08-22T08:18:24.0999660-04:00" testType="13cdc9d9-ddb5-4fa4-a97d-d965ccfc6d4b" outcome="Passed" testListId="8c84fa94-04c1-424b-9868-57a2d4851a1d" relativeResultsDirectory="7c33ccac-6e7d-4ea0-8788-c92196f0dfd0" />
    <UnitTestResult executionId="37d3183a-b566-42ba-843a-01c8618c262b" testId="e96eba43-707e-f129-90f4-8d4bc696c294" testName="StringToNumber_HexadecimalString_ReturnsCorrectValue" computerName="dadsmbp" duration="00:00:00.0006623" startTime="2025-08-22T08:18:24.1460310-04:00" endTime="2025-08-22T08:18:24.1467110-04:00" testType="13cdc9d9-ddb5-4fa4-a97d-d965ccfc6d4b" outcome="Passed" testListId="8c84fa94-04c1-424b-9868-57a2d4851a1d" relativeResultsDirectory="37d3183a-b566-42ba-843a-01c8618c262b" />
    <UnitTestResult executionId="2a39513e-697f-45bc-86bd-9471863ef14c" testId="2d933501-9945-b51e-a2b6-1c4bddacc8c7" testName="Sub_MissingStartIndex_ThrowsException" computerName="dadsmbp" duration="00:00:00.0001137" startTime="2025-08-22T08:18:24.0735170-04:00" endTime="2025-08-22T08:18:24.0736660-04:00" testType="13cdc9d9-ddb5-4fa4-a97d-d965ccfc6d4b" outcome="Passed" testListId="8c84fa94-04c1-424b-9868-57a2d4851a1d" relativeResultsDirectory="2a39513e-697f-45bc-86bd-9471863ef14c" />
    <UnitTestResult executionId="122360ce-c0f1-4be9-8b38-984ddebad6bc" testId="a83ddcd3-28fa-aab5-89ca-a841306de32e" testName="Type_NonNumber_ReturnsNil" computerName="dadsmbp" duration="00:00:00.0000405" startTime="2025-08-22T08:18:24.0420060-04:00" endTime="2025-08-22T08:18:24.0420630-04:00" testType="13cdc9d9-ddb5-4fa4-a97d-d965ccfc6d4b" outcome="Passed" testListId="8c84fa94-04c1-424b-9868-57a2d4851a1d" relativeResultsDirectory="122360ce-c0f1-4be9-8b38-984ddebad6bc" />
    <UnitTestResult executionId="7b15c689-2c11-497c-a8d9-d176e4faca4e" testId="f66b7177-2762-23f8-2c30-048debb04846" testName="Format_MultiplePlaceholders_WorksCorrectly" computerName="dadsmbp" duration="00:00:00.0001073" startTime="2025-08-22T08:18:24.0899430-04:00" endTime="2025-08-22T08:18:24.0900820-04:00" testType="13cdc9d9-ddb5-4fa4-a97d-d965ccfc6d4b" outcome="Passed" testListId="8c84fa94-04c1-424b-9868-57a2d4851a1d" relativeResultsDirectory="7b15c689-2c11-497c-a8d9-d176e4faca4e" />
    <UnitTestResult executionId="f81c67d6-8747-4cad-9e19-86862fbc1446" testId="d4208e9d-84cf-12a5-fe3c-68de214fd15b" testName="IsTruthy_NilValue_ReturnsFalse" computerName="dadsmbp" duration="00:00:00.0000217" startTime="2025-08-22T08:18:24.1746240-04:00" endTime="2025-08-22T08:18:24.1746650-04:00" testType="13cdc9d9-ddb5-4fa4-a97d-d965ccfc6d4b" outcome="Passed" testListId="8c84fa94-04c1-424b-9868-57a2d4851a1d" relativeResultsDirectory="f81c67d6-8747-4cad-9e19-86862fbc1446" />
    <UnitTestResult executionId="7d76e235-326f-4106-9505-326ff6b99679" testId="52df723a-c1e8-d26c-e420-4811e9153678" testName="Type_Integer_ReturnsIntegerString" computerName="dadsmbp" duration="00:00:00.0001200" startTime="2025-08-22T08:18:24.0417850-04:00" endTime="2025-08-22T08:18:24.0419230-04:00" testType="13cdc9d9-ddb5-4fa4-a97d-d965ccfc6d4b" outcome="Passed" testListId="8c84fa94-04c1-424b-9868-57a2d4851a1d" relativeResultsDirectory="7d76e235-326f-4106-9505-326ff6b99679" />
    <UnitTestResult executionId="414c6202-ac56-45f7-9e32-1205aa64e1b9" testId="05a62926-3f5d-b1e6-9c77-b3c365f471b4" testName="Pack_LuaInteger_WorksCorrectly" computerName="dadsmbp" duration="00:00:00.0000817" startTime="2025-08-22T08:18:24.0964490-04:00" endTime="2025-08-22T08:18:24.0965510-04:00" testType="13cdc9d9-ddb5-4fa4-a97d-d965ccfc6d4b" outcome="Passed" testListId="8c84fa94-04c1-424b-9868-57a2d4851a1d" relativeResultsDirectory="414c6202-ac56-45f7-9e32-1205aa64e1b9" />
    <UnitTestResult executionId="48cf5dca-8979-47cd-bd5c-b2569dd95d82" testId="a6a84474-a7e5-fd38-f41a-bd1ab5de1d1c" testName="ToBoolean_NilValue_ReturnsFalse" computerName="dadsmbp" duration="00:00:00.0000248" startTime="2025-08-22T08:18:24.1442510-04:00" endTime="2025-08-22T08:18:24.1443010-04:00" testType="13cdc9d9-ddb5-4fa4-a97d-d965ccfc6d4b" outcome="Passed" testListId="8c84fa94-04c1-424b-9868-57a2d4851a1d" relativeResultsDirectory="48cf5dca-8979-47cd-bd5c-b2569dd95d82" />
    <UnitTestResult executionId="99999378-e935-4ae4-9275-ee845a5495d9" testId="0a304703-e8a6-5773-ccd3-9414e37a01c6" testName="ATan_TwoArguments_ReturnsAtan2" computerName="dadsmbp" duration="00:00:00.0001425" startTime="2025-08-22T08:18:24.0389240-04:00" endTime="2025-08-22T08:18:24.0390850-04:00" testType="13cdc9d9-ddb5-4fa4-a97d-d965ccfc6d4b" outcome="Passed" testListId="8c84fa94-04c1-424b-9868-57a2d4851a1d" relativeResultsDirectory="99999378-e935-4ae4-9275-ee845a5495d9" />
    <UnitTestResult executionId="a8b47105-bf9a-4906-8f30-d26876cb3a8c" testId="b9d0df09-72a3-019d-19ba-8b0138ba0782" testName="GetTypeName_TableValue_ReturnsTable" computerName="dadsmbp" duration="00:00:00.0000361" startTime="2025-08-22T08:18:24.1445390-04:00" endTime="2025-08-22T08:18:24.1445920-04:00" testType="13cdc9d9-ddb5-4fa4-a97d-d965ccfc6d4b" outcome="Passed" testListId="8c84fa94-04c1-424b-9868-57a2d4851a1d" relativeResultsDirectory="a8b47105-bf9a-4906-8f30-d26876cb3a8c" />
    <UnitTestResult executionId="6d02c4f4-413b-4097-a77b-242c646ec67c" testId="74fb065f-393b-c12e-b373-f932e00d2384" testName="Match_NumberExtraction_WorksCorrectly" computerName="dadsmbp" duration="00:00:00.0001919" startTime="2025-08-22T08:18:24.1135250-04:00" endTime="2025-08-22T08:18:24.1137570-04:00" testType="13cdc9d9-ddb5-4fa4-a97d-d965ccfc6d4b" outcome="Failed" testListId="8c84fa94-04c1-424b-9868-57a2d4851a1d" relativeResultsDirectory="6d02c4f4-413b-4097-a77b-242c646ec67c">
      <Output>
        <ErrorInfo>
          <Message>Assert.AreEqual failed. Expected:&lt;1&gt;. Actual:&lt;0&gt;. </Message>
          <StackTrace>   at FLua.Runtime.LibraryTests.LuaStringLibTests.Match_NumberExtraction_WorksCorrectly() in /Users/bill/Repos/FLua/FLua.Runtime.LibraryTests/LuaStringLibTests.cs:line 1278
   at System.RuntimeMethodHandle.InvokeMethod(Object target, Void** arguments, Signature sig, Boolean isConstructor)
   at System.Reflection.MethodBaseInvoker.InvokeWithNoArgs(Object obj, BindingFlags invokeAttr)
</StackTrace>
        </ErrorInfo>
      </Output>
    </UnitTestResult>
    <UnitTestResult executionId="c6f31d89-59f7-4040-bb5b-c64102bd089c" testId="41090eae-0671-f825-92f0-3835cb20447f" testName="Sub_NonIntegerStartIndex_ThrowsException" computerName="dadsmbp" duration="00:00:00.0001026" startTime="2025-08-22T08:18:24.0736740-04:00" endTime="2025-08-22T08:18:24.0738080-04:00" testType="13cdc9d9-ddb5-4fa4-a97d-d965ccfc6d4b" outcome="Passed" testListId="8c84fa94-04c1-424b-9868-57a2d4851a1d" relativeResultsDirectory="c6f31d89-59f7-4040-bb5b-c64102bd089c" />
    <UnitTestResult executionId="927a6f55-f883-4a29-8a94-a6b2e1e9e8f8" testId="06e24568-cd99-4f48-d287-0a5f76b1d178" testName="Pack_VariableSizeInteger_TooLarge_ThrowsException" computerName="dadsmbp" duration="00:00:00.0001227" startTime="2025-08-22T08:18:24.0968520-04:00" endTime="2025-08-22T08:18:24.0970080-04:00" testType="13cdc9d9-ddb5-4fa4-a97d-d965ccfc6d4b" outcome="Passed" testListId="8c84fa94-04c1-424b-9868-57a2d4851a1d" relativeResultsDirectory="927a6f55-f883-4a29-8a94-a6b2e1e9e8f8" />
    <UnitTestResult executionId="a1c53259-56a7-4796-9736-9397604922ff" testId="676d6765-26c4-35f0-cf62-f14803cb820f" testName="Remove_NoTable_ThrowsException" computerName="dadsmbp" duration="00:00:00.0001019" startTime="2025-08-22T08:18:24.1304650-04:00" endTime="2025-08-22T08:18:24.1305930-04:00" testType="13cdc9d9-ddb5-4fa4-a97d-d965ccfc6d4b" outcome="Passed" testListId="8c84fa94-04c1-424b-9868-57a2d4851a1d" relativeResultsDirectory="a1c53259-56a7-4796-9736-9397604922ff" />
    <UnitTestResult executionId="f53da5ac-8d82-4756-9a65-0e72951e0926" testId="4f6c972b-4005-cefe-b356-77e1117476de" testName="FMod_IntegerArguments_ReturnsInteger" computerName="dadsmbp" duration="00:00:00.0000525" startTime="2025-08-22T08:18:24.0373830-04:00" endTime="2025-08-22T08:18:24.0374550-04:00" testType="13cdc9d9-ddb5-4fa4-a97d-d965ccfc6d4b" outcome="Passed" testListId="8c84fa94-04c1-424b-9868-57a2d4851a1d" relativeResultsDirectory="f53da5ac-8d82-4756-9a65-0e72951e0926" />
    <UnitTestResult executionId="a1dd281a-b65b-424b-a22c-d55224f3657b" testId="29e6f38a-3853-fdc3-b694-8eae6c353cec" testName="Find_MixedEscapeSequences_TestsEscapeHandling" computerName="dadsmbp" duration="00:00:00.0001707" startTime="2025-08-22T08:18:24.1234410-04:00" endTime="2025-08-22T08:18:24.1236400-04:00" testType="13cdc9d9-ddb5-4fa4-a97d-d965ccfc6d4b" outcome="Failed" testListId="8c84fa94-04c1-424b-9868-57a2d4851a1d" relativeResultsDirectory="a1dd281a-b65b-424b-a22c-d55224f3657b">
      <Output>
        <ErrorInfo>
          <Message>Assert.AreEqual failed. Expected:&lt;2&gt;. Actual:&lt;1&gt;. </Message>
          <StackTrace>   at FLua.Runtime.LibraryTests.LuaStringLibTests.Find_MixedEscapeSequences_TestsEscapeHandling() in /Users/bill/Repos/FLua/FLua.Runtime.LibraryTests/LuaStringLibTests.cs:line 1739
   at System.RuntimeMethodHandle.InvokeMethod(Object target, Void** arguments, Signature sig, Boolean isConstructor)
   at System.Reflection.MethodBaseInvoker.InvokeWithNoArgs(Object obj, BindingFlags invokeAttr)
</StackTrace>
        </ErrorInfo>
      </Output>
    </UnitTestResult>
    <UnitTestResult executionId="7d4b15ab-2310-42e1-be33-442656d09057" testId="dc8e12f0-fd89-2fdd-e7b5-0da90646fdd5" testName="GetInteger_NonNumericValue_ThrowsException" computerName="dadsmbp" duration="00:00:00.0000224" startTime="2025-08-22T08:18:24.1653630-04:00" endTime="2025-08-22T08:18:24.1654100-04:00" testType="13cdc9d9-ddb5-4fa4-a97d-d965ccfc6d4b" outcome="Failed" testListId="8c84fa94-04c1-424b-9868-57a2d4851a1d" relativeResultsDirectory="7d4b15ab-2310-42e1-be33-442656d09057">
      <Output>
        <ErrorInfo>
          <Message>Test method did not throw expected exception System.InvalidOperationException. </Message>
        </ErrorInfo>
      </Output>
    </UnitTestResult>
    <UnitTestResult executionId="647f9ac4-5be7-42ba-b95a-b26c221275c7" testId="0a229eec-1f6b-5c21-27f6-5257de8d66d5" testName="Char_ValueOver255_ThrowsException" computerName="dadsmbp" duration="00:00:00.0001121" startTime="2025-08-22T08:18:24.0767100-04:00" endTime="2025-08-22T08:18:24.0768610-04:00" testType="13cdc9d9-ddb5-4fa4-a97d-d965ccfc6d4b" outcome="Passed" testListId="8c84fa94-04c1-424b-9868-57a2d4851a1d" relativeResultsDirectory="647f9ac4-5be7-42ba-b95a-b26c221275c7" />
    <UnitTestResult executionId="6c9162f1-88a0-47fa-901a-120c7bdf85af" testId="de02e07c-e953-bc75-6860-f856afa99263" testName="Unpack_WithNField_UsesNAsLength" computerName="dadsmbp" duration="00:00:00.0001051" startTime="2025-08-22T08:18:24.1376030-04:00" endTime="2025-08-22T08:18:24.1377250-04:00" testType="13cdc9d9-ddb5-4fa4-a97d-d965ccfc6d4b" outcome="Passed" testListId="8c84fa94-04c1-424b-9868-57a2d4851a1d" relativeResultsDirectory="6c9162f1-88a0-47fa-901a-120c7bdf85af" />
    <UnitTestResult executionId="98c5c948-4974-4ad8-a330-4a735620c1a0" testId="5fc823fd-951f-33c2-2110-b44d10b1fd32" testName="Log_WithBase_ReturnsCorrectValue" computerName="dadsmbp" duration="00:00:00.0000573" startTime="2025-08-22T08:18:24.0400100-04:00" endTime="2025-08-22T08:18:24.0400910-04:00" testType="13cdc9d9-ddb5-4fa4-a97d-d965ccfc6d4b" outcome="Passed" testListId="8c84fa94-04c1-424b-9868-57a2d4851a1d" relativeResultsDirectory="98c5c948-4974-4ad8-a330-4a735620c1a0" />
    <UnitTestResult executionId="bd5d91da-b1bd-43fc-93fa-b9ba887de164" testId="0d7c05bc-6d36-8126-cd8b-bc1a9c92e925" testName="Time_NonTableArgument_ThrowsException" computerName="dadsmbp" duration="00:00:00.0001050" startTime="2025-08-22T08:18:24.0592950-04:00" endTime="2025-08-22T08:18:24.0594300-04:00" testType="13cdc9d9-ddb5-4fa4-a97d-d965ccfc6d4b" outcome="Passed" testListId="8c84fa94-04c1-424b-9868-57a2d4851a1d" relativeResultsDirectory="bd5d91da-b1bd-43fc-93fa-b9ba887de164" />
    <UnitTestResult executionId="806d6292-aafa-4ab4-aa01-31eda82f5d57" testId="b6a0f5fb-4bb7-97bd-2c15-5ee7f1f2c8d5" testName="Find_PlusQuantifier_MatchesOneOrMore" computerName="dadsmbp" duration="00:00:00.0001656" startTime="2025-08-22T08:18:24.1196960-04:00" endTime="2025-08-22T08:18:24.1198870-04:00" testType="13cdc9d9-ddb5-4fa4-a97d-d965ccfc6d4b" outcome="Failed" testListId="8c84fa94-04c1-424b-9868-57a2d4851a1d" relativeResultsDirectory="806d6292-aafa-4ab4-aa01-31eda82f5d57">
      <Output>
        <ErrorInfo>
          <Message>Assert.AreEqual failed. Expected:&lt;5&gt;. Actual:&lt;3&gt;. </Message>
          <StackTrace>   at FLua.Runtime.LibraryTests.LuaStringLibTests.Find_PlusQuantifier_MatchesOneOrMore() in /Users/bill/Repos/FLua/FLua.Runtime.LibraryTests/LuaStringLibTests.cs:line 1539
   at System.RuntimeMethodHandle.InvokeMethod(Object target, Void** arguments, Signature sig, Boolean isConstructor)
   at System.Reflection.MethodBaseInvoker.InvokeWithNoArgs(Object obj, BindingFlags invokeAttr)
</StackTrace>
        </ErrorInfo>
      </Output>
    </UnitTestResult>
    <UnitTestResult executionId="95387a27-edf0-40c6-94f5-eca1e3a9ab64" testId="282bfad2-7437-cfcb-0f6d-9824d48799ce" testName="GetEnv_NonStringArgument_ConvertsToString" computerName="dadsmbp" duration="00:00:00.0000410" startTime="2025-08-22T08:18:24.0639360-04:00" endTime="2025-08-22T08:18:24.0639970-04:00" testType="13cdc9d9-ddb5-4fa4-a97d-d965ccfc6d4b" outcome="Passed" testListId="8c84fa94-04c1-424b-9868-57a2d4851a1d" relativeResultsDirectory="95387a27-edf0-40c6-94f5-eca1e3a9ab64" />
    <UnitTestResult executionId="cc9ba144-1742-4dc7-a544-435aaa93a5fc" testId="087d8f88-fcff-1c56-9396-984308af2b08" testName="Char_CodePointTooLarge_ThrowsException" computerName="dadsmbp" duration="00:00:00.0001028" startTime="2025-08-22T08:18:24.1579810-04:00" endTime="2025-08-22T08:18:24.1581160-04:00" testType="13cdc9d9-ddb5-4fa4-a97d-d965ccfc6d4b" outcome="Passed" testListId="8c84fa94-04c1-424b-9868-57a2d4851a1d" relativeResultsDirectory="cc9ba144-1742-4dc7-a544-435aaa93a5fc" />
    <UnitTestResult executionId="c3055ff1-c3ee-4b03-b3eb-850062b9be38" testId="16e939ca-b9af-a2dd-b850-cb16dfe77ac1" testName="Len_UnicodeString_ReturnsCorrectCount" computerName="dadsmbp" duration="00:00:00.0000490" startTime="2025-08-22T08:18:24.1555320-04:00" endTime="2025-08-22T08:18:24.1556060-04:00" testType="13cdc9d9-ddb5-4fa4-a97d-d965ccfc6d4b" outcome="Passed" testListId="8c84fa94-04c1-424b-9868-57a2d4851a1d" relativeResultsDirectory="c3055ff1-c3ee-4b03-b3eb-850062b9be38" />
    <UnitTestResult executionId="c1954327-8bc9-4f20-be9f-c96a6dd56c34" testId="3cd9abb0-8f7b-9e19-3dca-8803acc63b4d" testName="Equals_SameIntegerValues_ReturnsTrue" computerName="dadsmbp" duration="00:00:00.0000675" startTime="2025-08-22T08:18:24.1735670-04:00" endTime="2025-08-22T08:18:24.1736510-04:00" testType="13cdc9d9-ddb5-4fa4-a97d-d965ccfc6d4b" outcome="Passed" testListId="8c84fa94-04c1-424b-9868-57a2d4851a1d" relativeResultsDirectory="c1954327-8bc9-4f20-be9f-c96a6dd56c34" />
    <UnitTestResult executionId="1505e1d9-dc77-4bd9-b0a9-f993d2f4650e" testId="77384db3-4321-1fbc-042f-30de6613acfa" testName="Sub_StartGreaterThanEnd_ReturnsEmptyString" computerName="dadsmbp" duration="00:00:00.0000583" startTime="2025-08-22T08:18:24.0727550-04:00" endTime="2025-08-22T08:18:24.0728350-04:00" testType="13cdc9d9-ddb5-4fa4-a97d-d965ccfc6d4b" outcome="Passed" testListId="8c84fa94-04c1-424b-9868-57a2d4851a1d" relativeResultsDirectory="1505e1d9-dc77-4bd9-b0a9-f993d2f4650e" />
    <UnitTestResult executionId="206335a6-09a9-493b-9690-dc885a21a9e0" testId="a788033e-bd92-31f1-6a8c-3336c6034218" testName="Remove_NonExistentFile_ReturnsNilWithMessage" computerName="dadsmbp" duration="00:00:00.0001194" startTime="2025-08-22T08:18:24.0675060-04:00" endTime="2025-08-22T08:18:24.0676490-04:00" testType="13cdc9d9-ddb5-4fa4-a97d-d965ccfc6d4b" outcome="Passed" testListId="8c84fa94-04c1-424b-9868-57a2d4851a1d" relativeResultsDirectory="206335a6-09a9-493b-9690-dc885a21a9e0" />
    <UnitTestResult executionId="5ab04dd6-5dfa-4f93-aba1-cf33b174c5e7" testId="1c5b00fb-89ae-4050-e6f8-086da0ce80c2" testName="Random_NoArguments_ReturnsBetweenZeroAndOne" computerName="dadsmbp" duration="00:00:00.0002778" startTime="2025-08-22T08:18:24.0405180-04:00" endTime="2025-08-22T08:18:24.0408140-04:00" testType="13cdc9d9-ddb5-4fa4-a97d-d965ccfc6d4b" outcome="Passed" testListId="8c84fa94-04c1-424b-9868-57a2d4851a1d" relativeResultsDirectory="5ab04dd6-5dfa-4f93-aba1-cf33b174c5e7" />
    <UnitTestResult executionId="9be7ec43-3139-43ea-9d4b-ecd0f9ee95a2" testId="d36c23d8-cd5d-0faf-c7e3-44ef6aa608bf" testName="Floor_ExactFloat_ReturnsInteger" computerName="dadsmbp" duration="00:00:00.0000451" startTime="2025-08-22T08:18:24.0362630-04:00" endTime="2025-08-22T08:18:24.0363260-04:00" testType="13cdc9d9-ddb5-4fa4-a97d-d965ccfc6d4b" outcome="Passed" testListId="8c84fa94-04c1-424b-9868-57a2d4851a1d" relativeResultsDirectory="9be7ec43-3139-43ea-9d4b-ecd0f9ee95a2" />
    <UnitTestResult executionId="1922596e-9790-4e71-b639-0ae36b1ee0f4" testId="6d197bb9-1173-907c-86dd-da4d440dbbc2" testName="Pack_FixedString_ExactSize" computerName="dadsmbp" duration="00:00:00.0001087" startTime="2025-08-22T08:18:24.0977960-04:00" endTime="2025-08-22T08:18:24.0979270-04:00" testType="13cdc9d9-ddb5-4fa4-a97d-d965ccfc6d4b" outcome="Passed" testListId="8c84fa94-04c1-424b-9868-57a2d4851a1d" relativeResultsDirectory="1922596e-9790-4e71-b639-0ae36b1ee0f4" />
    <UnitTestResult executionId="f1d474bc-73fa-4c5e-93b9-448e17aec0fe" testId="4bab1271-a1c2-887f-6fbf-41dd45181049" testName="Type_ClosedFileHandle_ReturnsClosedFile" computerName="dadsmbp" duration="00:00:00.0003323" startTime="2025-08-22T08:18:24.0196050-04:00" endTime="2025-08-22T08:18:24.0199650-04:00" testType="13cdc9d9-ddb5-4fa4-a97d-d965ccfc6d4b" outcome="Passed" testListId="8c84fa94-04c1-424b-9868-57a2d4851a1d" relativeResultsDirectory="f1d474bc-73fa-4c5e-93b9-448e17aec0fe" />
    <UnitTestResult executionId="15693c13-7fd7-498e-ab44-a504e7c93bea" testId="cf84fde5-5978-141c-c3a7-e0e4ca2b5a40" testName="Char_Zero_ReturnsNullCharacter" computerName="dadsmbp" duration="00:00:00.0000462" startTime="2025-08-22T08:18:24.0758850-04:00" endTime="2025-08-22T08:18:24.0759590-04:00" testType="13cdc9d9-ddb5-4fa4-a97d-d965ccfc6d4b" outcome="Passed" testListId="8c84fa94-04c1-424b-9868-57a2d4851a1d" relativeResultsDirectory="15693c13-7fd7-498e-ab44-a504e7c93bea" />
    <UnitTestResult executionId="717abc3c-aa96-407a-b0a3-e1e0d7b0fb95" testId="3d6ed08b-49fe-e94a-d455-e94243bf5e8e" testName="Clock_NoArguments_Works" computerName="dadsmbp" duration="00:00:00.0000882" startTime="2025-08-22T08:18:24.0571350-04:00" endTime="2025-08-22T08:18:24.0572980-04:00" testType="13cdc9d9-ddb5-4fa4-a97d-d965ccfc6d4b" outcome="Passed" testListId="8c84fa94-04c1-424b-9868-57a2d4851a1d" relativeResultsDirectory="717abc3c-aa96-407a-b0a3-e1e0d7b0fb95" />
    <UnitTestResult executionId="782035cb-bcde-4fc4-ac40-3a4561dcf7e0" testId="cb49c7e8-ea4d-898f-49f3-d946b28a4ad3" testName="String_NormalString_ReturnsCorrectValue" computerName="dadsmbp" duration="00:00:00.0000377" startTime="2025-08-22T08:18:24.1699670-04:00" endTime="2025-08-22T08:18:24.1700210-04:00" testType="13cdc9d9-ddb5-4fa4-a97d-d965ccfc6d4b" outcome="Passed" testListId="8c84fa94-04c1-424b-9868-57a2d4851a1d" relativeResultsDirectory="782035cb-bcde-4fc4-ac40-3a4561dcf7e0" />
    <UnitTestResult executionId="7cd1589f-c3d7-4b17-9ae4-808e590869f4" testId="161cb7a5-dc79-fdb3-9773-7bfe9f340b13" testName="FileHandle_Read_NumericCount" computerName="dadsmbp" duration="00:00:00.0004085" startTime="2025-08-22T08:18:24.0110090-04:00" endTime="2025-08-22T08:18:24.0114510-04:00" testType="13cdc9d9-ddb5-4fa4-a97d-d965ccfc6d4b" outcome="Passed" testListId="8c84fa94-04c1-424b-9868-57a2d4851a1d" relativeResultsDirectory="7cd1589f-c3d7-4b17-9ae4-808e590869f4" />
    <UnitTestResult executionId="4dc13bd7-1a27-4fbd-9d7a-ee1d22bd0e76" testId="e9a955a7-9ffb-d751-ae47-723c138cf9a8" testName="Find_EmptyPattern_MatchesEmptyString" computerName="dadsmbp" duration="00:00:00.0000641" startTime="2025-08-22T08:18:24.1205980-04:00" endTime="2025-08-22T08:18:24.1206910-04:00" testType="13cdc9d9-ddb5-4fa4-a97d-d965ccfc6d4b" outcome="Passed" testListId="8c84fa94-04c1-424b-9868-57a2d4851a1d" relativeResultsDirectory="4dc13bd7-1a27-4fbd-9d7a-ee1d22bd0e76" />
    <UnitTestResult executionId="df93d5bc-e13c-4325-90b2-680b4dff1232" testId="4e15999a-f878-fa2f-0422-7bd030ec8a62" testName="VariableName_EmptyString_HandledCorrectly" computerName="dadsmbp" duration="00:00:00.0000502" startTime="2025-08-22T08:18:24.0005080-04:00" endTime="2025-08-22T08:18:24.0005820-04:00" testType="13cdc9d9-ddb5-4fa4-a97d-d965ccfc6d4b" outcome="Passed" testListId="8c84fa94-04c1-424b-9868-57a2d4851a1d" relativeResultsDirectory="df93d5bc-e13c-4325-90b2-680b4dff1232" />
    <UnitTestResult executionId="bcedafad-9ab4-4010-8b95-088243687743" testId="fb02144e-cda0-e59f-9f1c-b8472ef40372" testName="Char_MaxASCII_Works" computerName="dadsmbp" duration="00:00:00.0000428" startTime="2025-08-22T08:18:24.1627110-04:00" endTime="2025-08-22T08:18:24.1627760-04:00" testType="13cdc9d9-ddb5-4fa4-a97d-d965ccfc6d4b" outcome="Passed" testListId="8c84fa94-04c1-424b-9868-57a2d4851a1d" relativeResultsDirectory="bcedafad-9ab4-4010-8b95-088243687743" />
    <UnitTestResult executionId="e0590e79-df7f-4757-a913-3561b1eb7488" testId="5c9daec0-82d1-a930-ebc4-f5a522998bf9" testName="CreateNumber_NegativeDouble_ReturnsCorrectFloat" computerName="dadsmbp" duration="00:00:00.0000313" startTime="2025-08-22T08:18:24.1659080-04:00" endTime="2025-08-22T08:18:24.1659560-04:00" testType="13cdc9d9-ddb5-4fa4-a97d-d965ccfc6d4b" outcome="Passed" testListId="8c84fa94-04c1-424b-9868-57a2d4851a1d" relativeResultsDirectory="e0590e79-df7f-4757-a913-3561b1eb7488" />
    <UnitTestResult executionId="bf6934ac-3cc1-4425-a311-bd71ec0c8905" testId="91c71e42-f716-f1a3-a456-b6b83f89c8d2" testName="Match_SimplePattern_ReturnsMatchedString" computerName="dadsmbp" duration="00:00:00.0002817" startTime="2025-08-22T08:18:24.1015390-04:00" endTime="2025-08-22T08:18:24.1018460-04:00" testType="13cdc9d9-ddb5-4fa4-a97d-d965ccfc6d4b" outcome="Passed" testListId="8c84fa94-04c1-424b-9868-57a2d4851a1d" relativeResultsDirectory="bf6934ac-3cc1-4425-a311-bd71ec0c8905" />
    <UnitTestResult executionId="456579a0-1b6c-49a8-be6f-3fe7af1f77f4" testId="20dd689a-578f-5454-f77f-d1ac3d4a2168" testName="Match_SingleCharacter_WorksCorrectly" computerName="dadsmbp" duration="00:00:00.0000497" startTime="2025-08-22T08:18:24.1141460-04:00" endTime="2025-08-22T08:18:24.1142190-04:00" testType="13cdc9d9-ddb5-4fa4-a97d-d965ccfc6d4b" outcome="Passed" testListId="8c84fa94-04c1-424b-9868-57a2d4851a1d" relativeResultsDirectory="456579a0-1b6c-49a8-be6f-3fe7af1f77f4" />
    <UnitTestResult executionId="c231f268-5206-4069-95d7-82be7fb936ed" testId="ffa17173-c9f9-35db-0b79-586ccedd5675" testName="Format_NoArguments_ThrowsException" computerName="dadsmbp" duration="00:00:00.0001013" startTime="2025-08-22T08:18:24.0904780-04:00" endTime="2025-08-22T08:18:24.0906100-04:00" testType="13cdc9d9-ddb5-4fa4-a97d-d965ccfc6d4b" outcome="Passed" testListId="8c84fa94-04c1-424b-9868-57a2d4851a1d" relativeResultsDirectory="c231f268-5206-4069-95d7-82be7fb936ed" />
    <UnitTestResult executionId="998b68b9-1886-4b94-963e-cfb46b835e1d" testId="8a8b8b7a-b160-2bcf-4182-3505e77285c7" testName="Close_NoArguments_ClosesDefaultOutput" computerName="dadsmbp" duration="00:00:00.0002538" startTime="2025-08-22T08:18:24.0249210-04:00" endTime="2025-08-22T08:18:24.0252020-04:00" testType="13cdc9d9-ddb5-4fa4-a97d-d965ccfc6d4b" outcome="Passed" testListId="8c84fa94-04c1-424b-9868-57a2d4851a1d" relativeResultsDirectory="998b68b9-1886-4b94-963e-cfb46b835e1d" />
    <UnitTestResult executionId="fdc6df03-2c52-4f1b-8efb-d799b720e62c" testId="e899062e-6894-38dc-a3d4-ea350524792f" testName="Codes_UnicodeString_IteratesCodePoints" computerName="dadsmbp" duration="00:00:00.0001250" startTime="2025-08-22T08:18:24.1616150-04:00" endTime="2025-08-22T08:18:24.1617610-04:00" testType="13cdc9d9-ddb5-4fa4-a97d-d965ccfc6d4b" outcome="Passed" testListId="8c84fa94-04c1-424b-9868-57a2d4851a1d" relativeResultsDirectory="fdc6df03-2c52-4f1b-8efb-d799b720e62c" />
    <UnitTestResult executionId="d0ec5b67-43c5-4456-aa58-86e8a026a301" testId="be96acaf-c981-ee90-0d44-8c6bb765af2e" testName="Max_EqualValues_ReturnsFirst" computerName="dadsmbp" duration="00:00:00.0000535" startTime="2025-08-22T08:18:24.0346790-04:00" endTime="2025-08-22T08:18:24.0347560-04:00" testType="13cdc9d9-ddb5-4fa4-a97d-d965ccfc6d4b" outcome="Passed" testListId="8c84fa94-04c1-424b-9868-57a2d4851a1d" relativeResultsDirectory="d0ec5b67-43c5-4456-aa58-86e8a026a301" />
    <UnitTestResult executionId="05b7fae1-ad55-44a4-9cd1-965a27b34d00" testId="a8a70edc-394e-fc45-f84b-f8a8a6b710af" testName="Add_IntegerFloat_ReturnsFloatSum" computerName="dadsmbp" duration="00:00:00.0000456" startTime="2025-08-22T08:18:24.1713670-04:00" endTime="2025-08-22T08:18:24.1714300-04:00" testType="13cdc9d9-ddb5-4fa4-a97d-d965ccfc6d4b" outcome="Passed" testListId="8c84fa94-04c1-424b-9868-57a2d4851a1d" relativeResultsDirectory="05b7fae1-ad55-44a4-9cd1-965a27b34d00" />
    <UnitTestResult executionId="8e60362b-9e70-4edd-8de1-efef9f43b9d4" testId="b48ffaf8-bc78-a6ec-3880-be95cfae8c19" testName="CreateNumber_PositiveInfinity_ReturnsInfinityFloat" computerName="dadsmbp" duration="00:00:00.0000366" startTime="2025-08-22T08:18:24.1664790-04:00" endTime="2025-08-22T08:18:24.1665300-04:00" testType="13cdc9d9-ddb5-4fa4-a97d-d965ccfc6d4b" outcome="Passed" testListId="8c84fa94-04c1-424b-9868-57a2d4851a1d" relativeResultsDirectory="8e60362b-9e70-4edd-8de1-efef9f43b9d4" />
    <UnitTestResult executionId="09518491-39db-4ca3-8d17-f5f2d7ad60f9" testId="a738a1c0-e979-fed3-ccac-c70172ed8a79" testName="Random_TwoArguments_ReturnsBetweenMAndN" computerName="dadsmbp" duration="00:00:00.0000580" startTime="2025-08-22T08:18:24.0409020-04:00" endTime="2025-08-22T08:18:24.0409770-04:00" testType="13cdc9d9-ddb5-4fa4-a97d-d965ccfc6d4b" outcome="Passed" testListId="8c84fa94-04c1-424b-9868-57a2d4851a1d" relativeResultsDirectory="09518491-39db-4ca3-8d17-f5f2d7ad60f9" />
    <UnitTestResult executionId="791b1c4b-0f12-4429-a33d-b58a0f6fac35" testId="5f25129a-2ba1-3f22-76aa-c76ead3c590d" testName="Open_DefaultMode_UsesReadMode" computerName="dadsmbp" duration="00:00:00.0003956" startTime="2025-08-22T08:18:24.0074880-04:00" endTime="2025-08-22T08:18:24.0079310-04:00" testType="13cdc9d9-ddb5-4fa4-a97d-d965ccfc6d4b" outcome="Passed" testListId="8c84fa94-04c1-424b-9868-57a2d4851a1d" relativeResultsDirectory="791b1c4b-0f12-4429-a33d-b58a0f6fac35" />
    <UnitTestResult executionId="11074d1e-32fb-44dc-a785-887f8d599794" testId="1423f0fc-351d-9fc1-c88f-cdbed4df034d" testName="SetLocale_EmptyString_ReturnsCurrentLocale" computerName="dadsmbp" duration="00:00:00.0000382" startTime="2025-08-22T08:18:24.0643540-04:00" endTime="2025-08-22T08:18:24.0644120-04:00" testType="13cdc9d9-ddb5-4fa4-a97d-d965ccfc6d4b" outcome="Passed" testListId="8c84fa94-04c1-424b-9868-57a2d4851a1d" relativeResultsDirectory="11074d1e-32fb-44dc-a785-887f8d599794" />
    <UnitTestResult executionId="d572c965-3420-440c-b4d6-56d1a8ef5be4" testId="c4132299-7f1a-5b63-066c-77ac81c58122" testName="FMod_DivisionByZero_ThrowsException" computerName="dadsmbp" duration="00:00:00.0001192" startTime="2025-08-22T08:18:24.0375400-04:00" endTime="2025-08-22T08:18:24.0376890-04:00" testType="13cdc9d9-ddb5-4fa4-a97d-d965ccfc6d4b" outcome="Passed" testListId="8c84fa94-04c1-424b-9868-57a2d4851a1d" relativeResultsDirectory="d572c965-3420-440c-b4d6-56d1a8ef5be4" />
    <UnitTestResult executionId="9fd49300-93ac-490e-85b9-b1882f46d90e" testId="aa3dcf33-9e0f-5175-b5ba-e865902bf797" testName="Pack_InsufficientArguments_ThrowsException" computerName="dadsmbp" duration="00:00:00.0001145" startTime="2025-08-22T08:18:24.1013840-04:00" endTime="2025-08-22T08:18:24.1015310-04:00" testType="13cdc9d9-ddb5-4fa4-a97d-d965ccfc6d4b" outcome="Passed" testListId="8c84fa94-04c1-424b-9868-57a2d4851a1d" relativeResultsDirectory="9fd49300-93ac-490e-85b9-b1882f46d90e" />
    <UnitTestResult executionId="28821e26-9c48-4df5-9ce1-4f9fc19fed68" testId="40143769-ff20-ceb9-24f7-34372f2ce35e" testName="GetInteger_FloatValue_ThrowsException" computerName="dadsmbp" duration="00:00:00.0000253" startTime="2025-08-22T08:18:24.1653030-04:00" endTime="2025-08-22T08:18:24.1653550-04:00" testType="13cdc9d9-ddb5-4fa4-a97d-d965ccfc6d4b" outcome="Failed" testListId="8c84fa94-04c1-424b-9868-57a2d4851a1d" relativeResultsDirectory="28821e26-9c48-4df5-9ce1-4f9fc19fed68">
      <Output>
        <ErrorInfo>
          <Message>Test method did not throw expected exception System.InvalidOperationException. </Message>
        </ErrorInfo>
      </Output>
    </UnitTestResult>
    <UnitTestResult executionId="52ecfaa9-2af3-47de-b15a-b5202819ecb0" testId="3e805ed9-9ca9-a643-85c9-cc7cf1031aa6" testName="Open_EmptyFilename_ReturnsNilWithError" computerName="dadsmbp" duration="00:00:00.0002112" startTime="2025-08-22T08:18:24.0091710-04:00" endTime="2025-08-22T08:18:24.0094080-04:00" testType="13cdc9d9-ddb5-4fa4-a97d-d965ccfc6d4b" outcome="Passed" testListId="8c84fa94-04c1-424b-9868-57a2d4851a1d" relativeResultsDirectory="52ecfaa9-2af3-47de-b15a-b5202819ecb0" />
    <UnitTestResult executionId="1abb6566-3d1f-4e50-a81b-878c44215299" testId="5e4370a9-e725-b06f-f680-a7ac00d166d5" testName="Floor_LargeFloat_ReturnsFloat" computerName="dadsmbp" duration="00:00:00.0000530" startTime="2025-08-22T08:18:24.0363330-04:00" endTime="2025-08-22T08:18:24.0364040-04:00" testType="13cdc9d9-ddb5-4fa4-a97d-d965ccfc6d4b" outcome="Passed" testListId="8c84fa94-04c1-424b-9868-57a2d4851a1d" relativeResultsDirectory="1abb6566-3d1f-4e50-a81b-878c44215299" />
    <UnitTestResult executionId="7b60f776-6641-4cfd-aee2-93969e729079" testId="15db09ba-67c9-9115-d1c7-0d4367a1444e" testName="Type_OpenFileHandle_ReturnsFile" computerName="dadsmbp" duration="00:00:00.0005920" startTime="2025-08-22T08:18:24.0189720-04:00" endTime="2025-08-22T08:18:24.0195920-04:00" testType="13cdc9d9-ddb5-4fa4-a97d-d965ccfc6d4b" outcome="Passed" testListId="8c84fa94-04c1-424b-9868-57a2d4851a1d" relativeResultsDirectory="7b60f776-6641-4cfd-aee2-93969e729079" />
    <UnitTestResult executionId="d7afd99f-9161-4bb1-9542-1d97a1c87661" testId="e3280519-58dc-2950-b834-1a3c0ded5167" testName="Random_NegativeArgument_ThrowsException" computerName="dadsmbp" duration="00:00:00.0001144" startTime="2025-08-22T08:18:24.0409840-04:00" endTime="2025-08-22T08:18:24.0411270-04:00" testType="13cdc9d9-ddb5-4fa4-a97d-d965ccfc6d4b" outcome="Passed" testListId="8c84fa94-04c1-424b-9868-57a2d4851a1d" relativeResultsDirectory="d7afd99f-9161-4bb1-9542-1d97a1c87661" />
    <UnitTestResult executionId="ccc5e798-76fc-494c-9d32-d53af1343308" testId="ad900887-b256-3109-2599-8d9a6433bb2e" testName="Match_Quantifiers_WorkCorrectly" computerName="dadsmbp" duration="00:00:00.0052084" startTime="2025-08-22T08:18:24.1044530-04:00" endTime="2025-08-22T08:18:24.1098430-04:00" testType="13cdc9d9-ddb5-4fa4-a97d-d965ccfc6d4b" outcome="Failed" testListId="8c84fa94-04c1-424b-9868-57a2d4851a1d" relativeResultsDirectory="ccc5e798-76fc-494c-9d32-d53af1343308">
      <Output>
        <ErrorInfo>
          <Message>Assert.AreEqual failed. Expected:&lt;bbb&gt;. Actual:&lt;b&gt;. </Message>
          <StackTrace>   at FLua.Runtime.LibraryTests.LuaStringLibTests.Match_Quantifiers_WorkCorrectly() in /Users/bill/Repos/FLua/FLua.Runtime.LibraryTests/LuaStringLibTests.cs:line 1195
   at System.RuntimeMethodHandle.InvokeMethod(Object target, Void** arguments, Signature sig, Boolean isConstructor)
   at System.Reflection.MethodBaseInvoker.InvokeWithNoArgs(Object obj, BindingFlags invokeAttr)
</StackTrace>
        </ErrorInfo>
      </Output>
    </UnitTestResult>
    <UnitTestResult executionId="b95dab8c-1864-4a4a-9376-1700928221a7" testId="a8f5fb8d-2534-f1ff-b75f-db0c27695f15" testName="String_EmptyString_ReturnsCorrectValue" computerName="dadsmbp" duration="00:00:00.0000349" startTime="2025-08-22T08:18:24.1700270-04:00" endTime="2025-08-22T08:18:24.1700780-04:00" testType="13cdc9d9-ddb5-4fa4-a97d-d965ccfc6d4b" outcome="Passed" testListId="8c84fa94-04c1-424b-9868-57a2d4851a1d" relativeResultsDirectory="b95dab8c-1864-4a4a-9376-1700928221a7" />
    <UnitTestResult executionId="f9c5316c-b7ec-4b8b-87f8-2458d0b505e3" testId="ec784ee1-cdfa-859d-8e70-7383a9624858" testName="Find_MissingPattern_ThrowsException" computerName="dadsmbp" duration="00:00:00.0001169" startTime="2025-08-22T08:18:24.0818200-04:00" endTime="2025-08-22T08:18:24.0819770-04:00" testType="13cdc9d9-ddb5-4fa4-a97d-d965ccfc6d4b" outcome="Passed" testListId="8c84fa94-04c1-424b-9868-57a2d4851a1d" relativeResultsDirectory="f9c5316c-b7ec-4b8b-87f8-2458d0b505e3" />
    <UnitTestResult executionId="c43097c6-1395-46cd-9559-75b6d1c81fb8" testId="fe09da01-1fdc-84de-24ce-f3ff05ac9669" testName="Float_NegativeInfinity_ReturnsCorrectValue" computerName="dadsmbp" duration="00:00:00.0000329" startTime="2025-08-22T08:18:24.1699110-04:00" endTime="2025-08-22T08:18:24.1699610-04:00" testType="13cdc9d9-ddb5-4fa4-a97d-d965ccfc6d4b" outcome="Passed" testListId="8c84fa94-04c1-424b-9868-57a2d4851a1d" relativeResultsDirectory="c43097c6-1395-46cd-9559-75b6d1c81fb8" />
    <UnitTestResult executionId="1b476a94-ad5b-4e75-882a-1cc07b528001" testId="5e867a51-a9c3-4542-6de1-9d964cecbd2f" testName="ChildEnvironment_CanOverrideParentVariables" computerName="dadsmbp" duration="00:00:00.0000888" startTime="2025-08-22T08:18:23.9909550-04:00" endTime="2025-08-22T08:18:23.9910620-04:00" testType="13cdc9d9-ddb5-4fa4-a97d-d965ccfc6d4b" outcome="Passed" testListId="8c84fa94-04c1-424b-9868-57a2d4851a1d" relativeResultsDirectory="1b476a94-ad5b-4e75-882a-1cc07b528001" />
    <UnitTestResult executionId="09fe8a92-1f26-43d7-ab74-78dbffa7491a" testId="c95181fb-a469-7e1a-e0b7-34c883e587b6" testName="StringToNumber_InvalidString_ReturnsNull" computerName="dadsmbp" duration="00:00:00.0000736" startTime="2025-08-22T08:18:24.1514830-04:00" endTime="2025-08-22T08:18:24.1516150-04:00" testType="13cdc9d9-ddb5-4fa4-a97d-d965ccfc6d4b" outcome="Passed" testListId="8c84fa94-04c1-424b-9868-57a2d4851a1d" relativeResultsDirectory="09fe8a92-1f26-43d7-ab74-78dbffa7491a" />
    <UnitTestResult executionId="181194fe-fee8-4fef-b908-072544d0e616" testId="82de464a-226b-a43c-456d-d1097e73d4b7" testName="ChildEnvironment_LocalVariablesDontAffectParent" computerName="dadsmbp" duration="00:00:00.0000415" startTime="2025-08-22T08:18:23.9908860-04:00" endTime="2025-08-22T08:18:23.9909470-04:00" testType="13cdc9d9-ddb5-4fa4-a97d-d965ccfc6d4b" outcome="Passed" testListId="8c84fa94-04c1-424b-9868-57a2d4851a1d" relativeResultsDirectory="181194fe-fee8-4fef-b908-072544d0e616" />
    <UnitTestResult executionId="a7fac0ee-38f3-4086-9d46-74e77f97b117" testId="9f9f5600-a201-c1c7-8801-7f54257744c2" testName="AsIntegerValue_IntegerValue_ReturnsValue" computerName="dadsmbp" duration="00:00:00.0001022" startTime="2025-08-22T08:18:24.1778520-04:00" endTime="2025-08-22T08:18:24.1779730-04:00" testType="13cdc9d9-ddb5-4fa4-a97d-d965ccfc6d4b" outcome="Passed" testListId="8c84fa94-04c1-424b-9868-57a2d4851a1d" relativeResultsDirectory="a7fac0ee-38f3-4086-9d46-74e77f97b117" />
    <UnitTestResult executionId="774f26ac-ae57-4279-85b6-689136070d50" testId="ac2e1c3f-04fd-ad3c-2e2f-8a8d42842b44" testName="Len_MixedASCIIUnicode_CountsCorrectly" computerName="dadsmbp" duration="00:00:00.0000593" startTime="2025-08-22T08:18:24.1634750-04:00" endTime="2025-08-22T08:18:24.1635520-04:00" testType="13cdc9d9-ddb5-4fa4-a97d-d965ccfc6d4b" outcome="Passed" testListId="8c84fa94-04c1-424b-9868-57a2d4851a1d" relativeResultsDirectory="774f26ac-ae57-4279-85b6-689136070d50" />
    <UnitTestResult executionId="a77b30b3-2331-42f3-b2fd-12d8d367f1c4" testId="bdfc419e-7b06-ae56-1790-4aecf9839ca8" testName="Abs_NonNumericArgument_ThrowsException" computerName="dadsmbp" duration="00:00:00.0001076" startTime="2025-08-22T08:18:24.0335370-04:00" endTime="2025-08-22T08:18:24.0336750-04:00" testType="13cdc9d9-ddb5-4fa4-a97d-d965ccfc6d4b" outcome="Passed" testListId="8c84fa94-04c1-424b-9868-57a2d4851a1d" relativeResultsDirectory="a77b30b3-2331-42f3-b2fd-12d8d367f1c4" />
    <UnitTestResult executionId="ab8da712-1646-4495-bdab-08ac86704779" testId="2cbe5417-e99d-1e00-1b6f-0c1dfa4276fa" testName="Close_InvalidHandle_ThrowsException" computerName="dadsmbp" duration="00:00:00.0002127" startTime="2025-08-22T08:18:24.0252130-04:00" endTime="2025-08-22T08:18:24.0254670-04:00" testType="13cdc9d9-ddb5-4fa4-a97d-d965ccfc6d4b" outcome="Passed" testListId="8c84fa94-04c1-424b-9868-57a2d4851a1d" relativeResultsDirectory="ab8da712-1646-4495-bdab-08ac86704779" />
    <UnitTestResult executionId="1bbaf701-e550-4781-af7c-a5bd16ba5b82" testId="1de81a3f-8399-6f86-0d78-6acfb9de4fe1" testName="Len_EmptyString_ReturnsZero" computerName="dadsmbp" duration="00:00:00.0005251" startTime="2025-08-22T08:18:24.1541400-04:00" endTime="2025-08-22T08:18:24.1548170-04:00" testType="13cdc9d9-ddb5-4fa4-a97d-d965ccfc6d4b" outcome="Passed" testListId="8c84fa94-04c1-424b-9868-57a2d4851a1d" relativeResultsDirectory="1bbaf701-e550-4781-af7c-a5bd16ba5b82" />
    <UnitTestResult executionId="6bd5fd55-7112-42e2-b53c-d2734228e0d1" testId="9ad6a220-54a1-bc36-db9e-30965a41d307" testName="Max_NonNumericSecondArgument_ThrowsException" computerName="dadsmbp" duration="00:00:00.0001078" startTime="2025-08-22T08:18:24.0352010-04:00" endTime="2025-08-22T08:18:24.0353320-04:00" testType="13cdc9d9-ddb5-4fa4-a97d-d965ccfc6d4b" outcome="Passed" testListId="8c84fa94-04c1-424b-9868-57a2d4851a1d" relativeResultsDirectory="6bd5fd55-7112-42e2-b53c-d2734228e0d1" />
    <UnitTestResult executionId="f4ce71d4-28be-446a-b84b-4e11dcaa4f07" testId="970a1107-4220-944c-48b9-92f435716a22" testName="Pack_SingleArgument_PacksCorrectly" computerName="dadsmbp" duration="00:00:00.0000893" startTime="2025-08-22T08:18:24.1363090-04:00" endTime="2025-08-22T08:18:24.1364170-04:00" testType="13cdc9d9-ddb5-4fa4-a97d-d965ccfc6d4b" outcome="Passed" testListId="8c84fa94-04c1-424b-9868-57a2d4851a1d" relativeResultsDirectory="f4ce71d4-28be-446a-b84b-4e11dcaa4f07" />
    <UnitTestResult executionId="88eff873-f9bf-40eb-a527-8f31aaafd254" testId="e86749b0-8a23-780c-934b-3de14fa7fc28" testName="Log_E_ReturnsOne" computerName="dadsmbp" duration="00:00:00.0001285" startTime="2025-08-22T08:18:24.0395120-04:00" endTime="2025-08-22T08:18:24.0396570-04:00" testType="13cdc9d9-ddb5-4fa4-a97d-d965ccfc6d4b" outcome="Passed" testListId="8c84fa94-04c1-424b-9868-57a2d4851a1d" relativeResultsDirectory="88eff873-f9bf-40eb-a527-8f31aaafd254" />
    <UnitTestResult executionId="d58cb0d4-0362-475a-a112-3e4e2fca18be" testId="f1e94523-e0bb-d4c8-8cba-98983116d729" testName="StringToNumber_ValidFloatString_ReturnsFloatValue" computerName="dadsmbp" duration="00:00:00.0000572" startTime="2025-08-22T08:18:24.1456680-04:00" endTime="2025-08-22T08:18:24.1457460-04:00" testType="13cdc9d9-ddb5-4fa4-a97d-d965ccfc6d4b" outcome="Passed" testListId="8c84fa94-04c1-424b-9868-57a2d4851a1d" relativeResultsDirectory="d58cb0d4-0362-475a-a112-3e4e2fca18be" />
    <UnitTestResult executionId="e0a1b5c3-213f-41c0-8cfb-4516f647e8d6" testId="602edd5b-ab04-6baa-7d5b-bfedbcb3d92f" testName="TryGetBoolean_BooleanValue_ReturnsTrue" computerName="dadsmbp" duration="00:00:00.0000602" startTime="2025-08-22T08:18:24.1756840-04:00" endTime="2025-08-22T08:18:24.1757650-04:00" testType="13cdc9d9-ddb5-4fa4-a97d-d965ccfc6d4b" outcome="Passed" testListId="8c84fa94-04c1-424b-9868-57a2d4851a1d" relativeResultsDirectory="e0a1b5c3-213f-41c0-8cfb-4516f647e8d6" />
    <UnitTestResult executionId="e7c929f7-ab52-4819-bcc7-b72204ca4a5b" testId="80357ee3-2308-8b5b-a4ea-aff6df7d3e4c" testName="Len_ASCIIString_ReturnsCharacterCount" computerName="dadsmbp" duration="00:00:00.0002082" startTime="2025-08-22T08:18:24.1552730-04:00" endTime="2025-08-22T08:18:24.1555180-04:00" testType="13cdc9d9-ddb5-4fa4-a97d-d965ccfc6d4b" outcome="Passed" testListId="8c84fa94-04c1-424b-9868-57a2d4851a1d" relativeResultsDirectory="e7c929f7-ab52-4819-bcc7-b72204ca4a5b" />
    <UnitTestResult executionId="42a8feda-06f1-497d-a4d1-8f56b474572d" testId="e519c82d-c22e-5b8a-7ed3-317204664e9a" testName="IsString_EmptyString_ReturnsTrue" computerName="dadsmbp" duration="00:00:00.0000270" startTime="2025-08-22T08:18:24.1671490-04:00" endTime="2025-08-22T08:18:24.1671950-04:00" testType="13cdc9d9-ddb5-4fa4-a97d-d965ccfc6d4b" outcome="Passed" testListId="8c84fa94-04c1-424b-9868-57a2d4851a1d" relativeResultsDirectory="42a8feda-06f1-497d-a4d1-8f56b474572d" />
    <UnitTestResult executionId="6a6576ce-72cb-45c8-9f04-8b1993c268af" testId="fcc963cf-c9d1-9b26-9125-b101615c7252" testName="Pack_ZeroTerminatedString_ComprehensiveTest" computerName="dadsmbp" duration="00:00:00.0000954" startTime="2025-08-22T08:18:24.0981440-04:00" endTime="2025-08-22T08:18:24.0982610-04:00" testType="13cdc9d9-ddb5-4fa4-a97d-d965ccfc6d4b" outcome="Passed" testListId="8c84fa94-04c1-424b-9868-57a2d4851a1d" relativeResultsDirectory="6a6576ce-72cb-45c8-9f04-8b1993c268af" />
    <UnitTestResult executionId="ac614cf6-59d8-45de-a651-24f7d2cedbd3" testId="14dff083-c9f6-edb1-f839-0afb5426adcd" testName="IsNumber_FloatValue_ReturnsTrue" computerName="dadsmbp" duration="00:00:00.0000240" startTime="2025-08-22T08:18:24.1666530-04:00" endTime="2025-08-22T08:18:24.1666930-04:00" testType="13cdc9d9-ddb5-4fa4-a97d-d965ccfc6d4b" outcome="Passed" testListId="8c84fa94-04c1-424b-9868-57a2d4851a1d" relativeResultsDirectory="ac614cf6-59d8-45de-a651-24f7d2cedbd3" />
    <UnitTestResult executionId="acb446bb-9f70-4383-8c37-77a1b3ebfed0" testId="10878a1e-6024-2c44-7b6f-c73183c982b4" testName="Pack_Double_PrecisionTest" computerName="dadsmbp" duration="00:00:00.0000952" startTime="2025-08-22T08:18:24.0975250-04:00" endTime="2025-08-22T08:18:24.0976680-04:00" testType="13cdc9d9-ddb5-4fa4-a97d-d965ccfc6d4b" outcome="Passed" testListId="8c84fa94-04c1-424b-9868-57a2d4851a1d" relativeResultsDirectory="acb446bb-9f70-4383-8c37-77a1b3ebfed0" />
    <UnitTestResult executionId="78d3512d-1be6-4720-92d9-61af51d84898" testId="92019c40-aeec-d92d-3b94-82ab04bad7ea" testName="StringToNumber_NullString_ReturnsNull" computerName="dadsmbp" duration="00:00:00.0003315" startTime="2025-08-22T08:18:24.1516900-04:00" endTime="2025-08-22T08:18:24.1520610-04:00" testType="13cdc9d9-ddb5-4fa4-a97d-d965ccfc6d4b" outcome="Failed" testListId="8c84fa94-04c1-424b-9868-57a2d4851a1d" relativeResultsDirectory="78d3512d-1be6-4720-92d9-61af51d84898">
      <Output>
        <ErrorInfo>
          <Message>Test method FLua.Runtime.LibraryTests.LuaTypeConversionTests.StringToNumber_NullString_ReturnsNull threw exception: &#xD;
System.NullReferenceException: Object reference not set to an instance of an object.</Message>
          <StackTrace>    at FLua.Runtime.LuaTypeConversion.StringToNumber(String str, Nullable`1 base_) in /Users/bill/Repos/FLua/FLua.Runtime/LuaTypeConversion.cs:line 179
   at FLua.Runtime.LibraryTests.LuaTypeConversionTests.StringToNumber_NullString_ReturnsNull() in /Users/bill/Repos/FLua/FLua.Runtime.LibraryTests/LuaTypeConversionTests.cs:line 552
   at System.RuntimeMethodHandle.InvokeMethod(Object target, Void** arguments, Signature sig, Boolean isConstructor)
   at System.Reflection.MethodBaseInvoker.InvokeWithNoArgs(Object obj, BindingFlags invokeAttr)
</StackTrace>
        </ErrorInfo>
      </Output>
    </UnitTestResult>
    <UnitTestResult executionId="68ac0812-c275-4245-bcca-051784e91b30" testId="22655daf-ecc4-6c41-b980-a5fba70bf9b7" testName="IsFunction_NonFunctionValues_ReturnsFalse" computerName="dadsmbp" duration="00:00:00.0000476" startTime="2025-08-22T08:18:24.1675140-04:00" endTime="2025-08-22T08:18:24.1675770-04:00" testType="13cdc9d9-ddb5-4fa4-a97d-d965ccfc6d4b" outcome="Passed" testListId="8c84fa94-04c1-424b-9868-57a2d4851a1d" relativeResultsDirectory="68ac0812-c275-4245-bcca-051784e91b30" />
    <UnitTestResult executionId="fe7f8e5e-d3a9-4011-9713-90a457b20f70" testId="c449ff5e-a04c-65d2-8358-81dfa42bfb3c" testName="Sub_StartEqualsEnd_ReturnsSingleCharacter" computerName="dadsmbp" duration="00:00:00.0000549" startTime="2025-08-22T08:18:24.0726620-04:00" endTime="2025-08-22T08:18:24.0727460-04:00" testType="13cdc9d9-ddb5-4fa4-a97d-d965ccfc6d4b" outcome="Passed" testListId="8c84fa94-04c1-424b-9868-57a2d4851a1d" relativeResultsDirectory="fe7f8e5e-d3a9-4011-9713-90a457b20f70" />
    <UnitTestResult executionId="d6ffe724-d47f-4287-8ec6-186d8c1e45df" testId="0683bfa0-f565-6d1c-623a-4b4052649ade" testName="CreateStandardEnvironment_HasTableFunctions" computerName="dadsmbp" duration="00:00:00.0001060" startTime="2025-08-22T08:18:23.9954540-04:00" endTime="2025-08-22T08:18:23.9956270-04:00" testType="13cdc9d9-ddb5-4fa4-a97d-d965ccfc6d4b" outcome="Passed" testListId="8c84fa94-04c1-424b-9868-57a2d4851a1d" relativeResultsDirectory="d6ffe724-d47f-4287-8ec6-186d8c1e45df" />
    <UnitTestResult executionId="2d6c7e50-f179-453c-a9ed-a41b13ed899f" testId="fdb2e25c-b946-3dee-a267-27396896444e" testName="Remove_NoArguments_ThrowsException" computerName="dadsmbp" duration="00:00:00.0001108" startTime="2025-08-22T08:18:24.0679090-04:00" endTime="2025-08-22T08:18:24.0680490-04:00" testType="13cdc9d9-ddb5-4fa4-a97d-d965ccfc6d4b" outcome="Passed" testListId="8c84fa94-04c1-424b-9868-57a2d4851a1d" relativeResultsDirectory="2d6c7e50-f179-453c-a9ed-a41b13ed899f" />
    <UnitTestResult executionId="35e2e7e8-93ea-41ae-8fe5-c371c4f80497" testId="4cb93273-3097-1b0d-7b2a-2bef26f68fd7" testName="Time_PartialDateTable_FillsDefaults" computerName="dadsmbp" duration="00:00:00.0001272" startTime="2025-08-22T08:18:24.0587870-04:00" endTime="2025-08-22T08:18:24.0589430-04:00" testType="13cdc9d9-ddb5-4fa4-a97d-d965ccfc6d4b" outcome="Passed" testListId="8c84fa94-04c1-424b-9868-57a2d4851a1d" relativeResultsDirectory="35e2e7e8-93ea-41ae-8fe5-c371c4f80497" />
    <UnitTestResult executionId="caa30fcd-650a-4e86-90d7-5938205ad76a" testId="e5859f74-ea44-74ff-47ac-165a13d29c4e" testName="GetEnv_EmptyVariableName_ReturnsNil" computerName="dadsmbp" duration="00:00:00.0000467" startTime="2025-08-22T08:18:24.0637130-04:00" endTime="2025-08-22T08:18:24.0637850-04:00" testType="13cdc9d9-ddb5-4fa4-a97d-d965ccfc6d4b" outcome="Passed" testListId="8c84fa94-04c1-424b-9868-57a2d4851a1d" relativeResultsDirectory="caa30fcd-650a-4e86-90d7-5938205ad76a" />
    <UnitTestResult executionId="c8bb1fe9-2201-440d-8542-cd6c251c2c4d" testId="730bb781-0b75-c6e2-e3ef-0b70b99fc8d3" testName="GetNumber_NegativeNumber_ReturnsCorrectValue" computerName="dadsmbp" duration="00:00:00.0000320" startTime="2025-08-22T08:18:24.1645050-04:00" endTime="2025-08-22T08:18:24.1645530-04:00" testType="13cdc9d9-ddb5-4fa4-a97d-d965ccfc6d4b" outcome="Passed" testListId="8c84fa94-04c1-424b-9868-57a2d4851a1d" relativeResultsDirectory="c8bb1fe9-2201-440d-8542-cd6c251c2c4d" />
    <UnitTestResult executionId="4d61f2e5-1611-4f90-8a04-22e3a6309eb1" testId="5394a606-f7a5-621f-bc3e-a3055ecabf7b" testName="StringToNumber_ZeroString_ReturnsZeroInteger" computerName="dadsmbp" duration="00:00:00.0000452" startTime="2025-08-22T08:18:24.1458940-04:00" endTime="2025-08-22T08:18:24.1459560-04:00" testType="13cdc9d9-ddb5-4fa4-a97d-d965ccfc6d4b" outcome="Passed" testListId="8c84fa94-04c1-424b-9868-57a2d4851a1d" relativeResultsDirectory="4d61f2e5-1611-4f90-8a04-22e3a6309eb1" />
    <UnitTestResult executionId="4d0cc7e0-38c1-4d94-ad84-1c66ce062aff" testId="fbd97d9a-f945-e484-b68c-8886ab375c29" testName="FileHandle_Write_Numbers_ConvertsToString" computerName="dadsmbp" duration="00:00:00.0014087" startTime="2025-08-22T08:18:24.0143300-04:00" endTime="2025-08-22T08:18:24.0157810-04:00" testType="13cdc9d9-ddb5-4fa4-a97d-d965ccfc6d4b" outcome="Passed" testListId="8c84fa94-04c1-424b-9868-57a2d4851a1d" relativeResultsDirectory="4d0cc7e0-38c1-4d94-ad84-1c66ce062aff" />
    <UnitTestResult executionId="be63b567-ed0f-4b14-bbaf-28938b7314ed" testId="92d40d22-aa79-198f-78bb-e1b4434c8a26" testName="Clock_ReturnsPositiveNumber" computerName="dadsmbp" duration="00:00:00.0006003" startTime="2025-08-22T08:18:24.0449700-04:00" endTime="2025-08-22T08:18:24.0457020-04:00" testType="13cdc9d9-ddb5-4fa4-a97d-d965ccfc6d4b" outcome="Passed" testListId="8c84fa94-04c1-424b-9868-57a2d4851a1d" relativeResultsDirectory="be63b567-ed0f-4b14-bbaf-28938b7314ed" />
    <UnitTestResult executionId="8603bc5c-a0f8-413b-8d42-caee47aeda38" testId="9186ebd9-ad74-9a93-7846-3306a04539b9" testName="Codes_VeryLongString_IteratesCorrectly" computerName="dadsmbp" duration="00:00:00.0001650" startTime="2025-08-22T08:18:24.1632850-04:00" endTime="2025-08-22T08:18:24.1634670-04:00" testType="13cdc9d9-ddb5-4fa4-a97d-d965ccfc6d4b" outcome="Passed" testListId="8c84fa94-04c1-424b-9868-57a2d4851a1d" relativeResultsDirectory="8603bc5c-a0f8-413b-8d42-caee47aeda38" />
    <UnitTestResult executionId="c03db839-6656-4dac-b48d-602db77f2e3b" testId="ce8879f5-6e83-5bff-bdae-70b3e4d2e15b" testName="Sub_EmptyString_ReturnsEmpty" computerName="dadsmbp" duration="00:00:00.0000557" startTime="2025-08-22T08:18:24.0734270-04:00" endTime="2025-08-22T08:18:24.0735080-04:00" testType="13cdc9d9-ddb5-4fa4-a97d-d965ccfc6d4b" outcome="Passed" testListId="8c84fa94-04c1-424b-9868-57a2d4851a1d" relativeResultsDirectory="c03db839-6656-4dac-b48d-602db77f2e3b" />
    <UnitTestResult executionId="e09f8e01-b1f8-4f60-a7f0-e83339167a57" testId="ecfd8baf-76be-e64b-eeab-b52cc7f1657d" testName="Abs_PositiveFloat_ReturnsPositive" computerName="dadsmbp" duration="00:00:00.0000481" startTime="2025-08-22T08:18:24.0325880-04:00" endTime="2025-08-22T08:18:24.0326550-04:00" testType="13cdc9d9-ddb5-4fa4-a97d-d965ccfc6d4b" outcome="Passed" testListId="8c84fa94-04c1-424b-9868-57a2d4851a1d" relativeResultsDirectory="e09f8e01-b1f8-4f60-a7f0-e83339167a57" />
    <UnitTestResult executionId="c20ba8c3-5e01-48f3-be45-05fbac4094ed" testId="8cc00ae9-19cf-450b-5f01-0eafc1f1b5e6" testName="FileHandle_Read_LineFormat" computerName="dadsmbp" duration="00:00:00.0004069" startTime="2025-08-22T08:18:24.0101680-04:00" endTime="2025-08-22T08:18:24.0106010-04:00" testType="13cdc9d9-ddb5-4fa4-a97d-d965ccfc6d4b" outcome="Passed" testListId="8c84fa94-04c1-424b-9868-57a2d4851a1d" relativeResultsDirectory="c20ba8c3-5e01-48f3-be45-05fbac4094ed" />
    <UnitTestResult executionId="a5936399-b678-4650-beb4-5386edcc5072" testId="e3373e42-ae8a-062b-59b7-a271e4559170" testName="Format_PlusSignFlag_ShowsSign" computerName="dadsmbp" duration="00:00:00.0000601" startTime="2025-08-22T08:18:24.0894380-04:00" endTime="2025-08-22T08:18:24.0895220-04:00" testType="13cdc9d9-ddb5-4fa4-a97d-d965ccfc6d4b" outcome="Passed" testListId="8c84fa94-04c1-424b-9868-57a2d4851a1d" relativeResultsDirectory="a5936399-b678-4650-beb4-5386edcc5072" />
    <UnitTestResult executionId="acbe86a6-9489-4c79-b930-0dfdfbc405f8" testId="d02f5bba-c8de-e57f-ea30-ea01e97a5b43" testName="Abs_PositiveInteger_ReturnsPositive" computerName="dadsmbp" duration="00:00:00.0003367" startTime="2025-08-22T08:18:24.0318770-04:00" endTime="2025-08-22T08:18:24.0322570-04:00" testType="13cdc9d9-ddb5-4fa4-a97d-d965ccfc6d4b" outcome="Passed" testListId="8c84fa94-04c1-424b-9868-57a2d4851a1d" relativeResultsDirectory="acbe86a6-9489-4c79-b930-0dfdfbc405f8" />
    <UnitTestResult executionId="2a7b8dbb-5bbd-46ad-814e-01d969f8b5d1" testId="21ebecd4-b2b5-f81b-86e5-e23af883bc0d" testName="Constants_ShouldHaveCorrectValues" computerName="dadsmbp" duration="00:00:00.0012174" startTime="2025-08-22T08:18:24.0299910-04:00" endTime="2025-08-22T08:18:24.0314100-04:00" testType="13cdc9d9-ddb5-4fa4-a97d-d965ccfc6d4b" outcome="Passed" testListId="8c84fa94-04c1-424b-9868-57a2d4851a1d" relativeResultsDirectory="2a7b8dbb-5bbd-46ad-814e-01d969f8b5d1" />
    <UnitTestResult executionId="6b342b7b-e95a-419b-aca7-9170ca045dac" testId="f8c6d118-8285-f0e3-6fcd-ab9b306bd086" testName="Offset_ZeroOffset_ReturnsCharacterBounds" computerName="dadsmbp" duration="00:00:00.0004190" startTime="2025-08-22T08:18:24.1596320-04:00" endTime="2025-08-22T08:18:24.1600720-04:00" testType="13cdc9d9-ddb5-4fa4-a97d-d965ccfc6d4b" outcome="Passed" testListId="8c84fa94-04c1-424b-9868-57a2d4851a1d" relativeResultsDirectory="6b342b7b-e95a-419b-aca7-9170ca045dac" />
    <UnitTestResult executionId="dad3f743-6dfd-43b6-b420-eb292bc28311" testId="e98b4b51-54e6-732a-a117-1f66388678a8" testName="Sub_StartOnly_ReturnsFromStartToEnd" computerName="dadsmbp" duration="00:00:00.0000552" startTime="2025-08-22T08:18:24.0724850-04:00" endTime="2025-08-22T08:18:24.0725670-04:00" testType="13cdc9d9-ddb5-4fa4-a97d-d965ccfc6d4b" outcome="Passed" testListId="8c84fa94-04c1-424b-9868-57a2d4851a1d" relativeResultsDirectory="dad3f743-6dfd-43b6-b420-eb292bc28311" />
    <UnitTestResult executionId="f6fa1031-96e2-4342-b9a6-cd5b0040ab42" testId="c1baf7cd-baf6-a6dc-ac96-f4833dd5d5c5" testName="ToNumber_FloatValue_ReturnsDoubleValue" computerName="dadsmbp" duration="00:00:00.0000922" startTime="2025-08-22T08:18:24.1392850-04:00" endTime="2025-08-22T08:18:24.1394020-04:00" testType="13cdc9d9-ddb5-4fa4-a97d-d965ccfc6d4b" outcome="Passed" testListId="8c84fa94-04c1-424b-9868-57a2d4851a1d" relativeResultsDirectory="f6fa1031-96e2-4342-b9a6-cd5b0040ab42" />
    <UnitTestResult executionId="e9c41e84-8643-4704-bed0-e3df7e9d5c4a" testId="83f36d15-72a9-2497-69c3-ee0d968aa3e0" testName="ToString_IntegerValue_ReturnsStringRepresentation" computerName="dadsmbp" duration="00:00:00.0000291" startTime="2025-08-22T08:18:24.1435680-04:00" endTime="2025-08-22T08:18:24.1436150-04:00" testType="13cdc9d9-ddb5-4fa4-a97d-d965ccfc6d4b" outcome="Passed" testListId="8c84fa94-04c1-424b-9868-57a2d4851a1d" relativeResultsDirectory="e9c41e84-8643-4704-bed0-e3df7e9d5c4a" />
    <UnitTestResult executionId="012af840-ace6-479f-86aa-68c78447789d" testId="db5a89db-b439-9b2a-f537-73650ad78de0" testName="Upper_EmptyString_ReturnsEmpty" computerName="dadsmbp" duration="00:00:00.0000393" startTime="2025-08-22T08:18:24.0740160-04:00" endTime="2025-08-22T08:18:24.0740780-04:00" testType="13cdc9d9-ddb5-4fa4-a97d-d965ccfc6d4b" outcome="Passed" testListId="8c84fa94-04c1-424b-9868-57a2d4851a1d" relativeResultsDirectory="012af840-ace6-479f-86aa-68c78447789d" />
    <UnitTestResult executionId="07f6a7cf-8b75-4f8f-995e-908072bc2336" testId="9f43f0fd-4cab-8122-ca5d-4f18042da626" testName="FileHandle_Write_EmptyString" computerName="dadsmbp" duration="00:00:00.0004564" startTime="2025-08-22T08:18:24.0158130-04:00" endTime="2025-08-22T08:18:24.0163190-04:00" testType="13cdc9d9-ddb5-4fa4-a97d-d965ccfc6d4b" outcome="Passed" testListId="8c84fa94-04c1-424b-9868-57a2d4851a1d" relativeResultsDirectory="07f6a7cf-8b75-4f8f-995e-908072bc2336" />
    <UnitTestResult executionId="55360424-bb8d-4baa-ac3a-544b5bfaf2b4" testId="dc2c84c8-44bb-4ef8-69bb-c08aa54f4e45" testName="Equals_BothNil_ReturnsTrue" computerName="dadsmbp" duration="00:00:00.0000352" startTime="2025-08-22T08:18:24.1739880-04:00" endTime="2025-08-22T08:18:24.1740420-04:00" testType="13cdc9d9-ddb5-4fa4-a97d-d965ccfc6d4b" outcome="Passed" testListId="8c84fa94-04c1-424b-9868-57a2d4851a1d" relativeResultsDirectory="55360424-bb8d-4baa-ac3a-544b5bfaf2b4" />
    <UnitTestResult executionId="69aa183b-d600-4c2a-bdc9-e54ba9caebd2" testId="15f02d6a-c4fe-b756-2146-795394f86d00" testName="ToInteger_InvalidString_ThrowsException" computerName="dadsmbp" duration="00:00:00.0000228" startTime="2025-08-22T08:18:24.1429310-04:00" endTime="2025-08-22T08:18:24.1429790-04:00" testType="13cdc9d9-ddb5-4fa4-a97d-d965ccfc6d4b" outcome="Failed" testListId="8c84fa94-04c1-424b-9868-57a2d4851a1d" relativeResultsDirectory="69aa183b-d600-4c2a-bdc9-e54ba9caebd2">
      <Output>
        <ErrorInfo>
          <Message>Test method did not throw expected exception System.InvalidOperationException. </Message>
        </ErrorInfo>
      </Output>
    </UnitTestResult>
    <UnitTestResult executionId="7fb039db-9493-4345-9f80-d4841338b453" testId="f8b35697-a784-9611-59fe-4de3db35410f" testName="Find_NegativePositionBoundary_WorksFromEnd" computerName="dadsmbp" duration="00:00:00.0001733" startTime="2025-08-22T08:18:24.1210440-04:00" endTime="2025-08-22T08:18:24.1212420-04:00" testType="13cdc9d9-ddb5-4fa4-a97d-d965ccfc6d4b" outcome="Failed" testListId="8c84fa94-04c1-424b-9868-57a2d4851a1d" relativeResultsDirectory="7fb039db-9493-4345-9f80-d4841338b453">
      <Output>
        <ErrorInfo>
          <Message>Assert.AreEqual failed. Expected:&lt;2&gt;. Actual:&lt;1&gt;. </Message>
          <StackTrace>   at FLua.Runtime.LibraryTests.LuaStringLibTests.Find_NegativePositionBoundary_WorksFromEnd() in /Users/bill/Repos/FLua/FLua.Runtime.LibraryTests/LuaStringLibTests.cs:line 1617
   at System.RuntimeMethodHandle.InvokeMethod(Object target, Void** arguments, Signature sig, Boolean isConstructor)
   at System.Reflection.MethodBaseInvoker.InvokeWithNoArgs(Object obj, BindingFlags invokeAttr)
</StackTrace>
        </ErrorInfo>
      </Output>
    </UnitTestResult>
    <UnitTestResult executionId="96a1c4c0-788d-418e-8900-f5fbe70a91ca" testId="7fc54ed7-fc8a-0da5-3a30-a492d81d7d42" testName="ToInteger_MaxLongValue_ReturnsMaxValue" computerName="dadsmbp" duration="00:00:00.0000371" startTime="2025-08-22T08:18:24.1433590-04:00" endTime="2025-08-22T08:18:24.1434220-04:00" testType="13cdc9d9-ddb5-4fa4-a97d-d965ccfc6d4b" outcome="Passed" testListId="8c84fa94-04c1-424b-9868-57a2d4851a1d" relativeResultsDirectory="96a1c4c0-788d-418e-8900-f5fbe70a91ca" />
    <UnitTestResult executionId="f586dcbb-172c-4ee5-adf8-db93775a0f15" testId="3543a2c9-757e-2f45-d5df-15b9a0ae61c4" testName="Sort_AlreadySorted_RemainsUnchanged" computerName="dadsmbp" duration="00:00:00.0000893" startTime="2025-08-22T08:18:24.1356470-04:00" endTime="2025-08-22T08:18:24.1357550-04:00" testType="13cdc9d9-ddb5-4fa4-a97d-d965ccfc6d4b" outcome="Passed" testListId="8c84fa94-04c1-424b-9868-57a2d4851a1d" relativeResultsDirectory="f586dcbb-172c-4ee5-adf8-db93775a0f15" />
    <UnitTestResult executionId="868eaea2-08fa-46e5-a5f9-64e915ebf050" testId="f758e466-f99e-2f24-2103-23592204a18c" testName="CreateNumber_MaxLong_ReturnsMaxInteger" computerName="dadsmbp" duration="00:00:00.0000316" startTime="2025-08-22T08:18:24.1663080-04:00" endTime="2025-08-22T08:18:24.1663610-04:00" testType="13cdc9d9-ddb5-4fa4-a97d-d965ccfc6d4b" outcome="Passed" testListId="8c84fa94-04c1-424b-9868-57a2d4851a1d" relativeResultsDirectory="868eaea2-08fa-46e5-a5f9-64e915ebf050" />
    <UnitTestResult executionId="b042aadf-bd69-4a53-82e4-16baf54d9806" testId="3549a63c-f3bb-0bf5-9803-5ce3032e3912" testName="Offset_NonIntegerOffset_ThrowsException" computerName="dadsmbp" duration="00:00:00.0001057" startTime="2025-08-22T08:18:24.1609290-04:00" endTime="2025-08-22T08:18:24.1610670-04:00" testType="13cdc9d9-ddb5-4fa4-a97d-d965ccfc6d4b" outcome="Passed" testListId="8c84fa94-04c1-424b-9868-57a2d4851a1d" relativeResultsDirectory="b042aadf-bd69-4a53-82e4-16baf54d9806" />
    <UnitTestResult executionId="7b43dd43-4245-4c49-a534-14cb971f6e86" testId="4a5a9497-6482-4f28-826d-674900fa84eb" testName="Helpers_AllNumberTypes_ConsistentBehavior" computerName="dadsmbp" duration="00:00:00.0000766" startTime="2025-08-22T08:18:24.1675840-04:00" endTime="2025-08-22T08:18:24.1676750-04:00" testType="13cdc9d9-ddb5-4fa4-a97d-d965ccfc6d4b" outcome="Passed" testListId="8c84fa94-04c1-424b-9868-57a2d4851a1d" relativeResultsDirectory="7b43dd43-4245-4c49-a534-14cb971f6e86" />
    <UnitTestResult executionId="e670936e-03e0-4f28-af67-019722eba537" testId="80691151-143c-52a8-bcbb-bd76651c398f" testName="Clock_SuccessiveCallsIncreaseMonotonically" computerName="dadsmbp" duration="00:00:00.0113047" startTime="2025-08-22T08:18:24.0457140-04:00" endTime="2025-08-22T08:18:24.0570800-04:00" testType="13cdc9d9-ddb5-4fa4-a97d-d965ccfc6d4b" outcome="Passed" testListId="8c84fa94-04c1-424b-9868-57a2d4851a1d" relativeResultsDirectory="e670936e-03e0-4f28-af67-019722eba537" />
    <UnitTestResult executionId="ab8afb39-e224-477d-b5a7-6f922b8ee357" testId="51ec0946-f9f5-840d-31a4-2c42c422cf9d" testName="FMod_NegativeDividend_ReturnsNegativeRemainder" computerName="dadsmbp" duration="00:00:00.0000498" startTime="2025-08-22T08:18:24.0374630-04:00" endTime="2025-08-22T08:18:24.0375320-04:00" testType="13cdc9d9-ddb5-4fa4-a97d-d965ccfc6d4b" outcome="Passed" testListId="8c84fa94-04c1-424b-9868-57a2d4851a1d" relativeResultsDirectory="ab8afb39-e224-477d-b5a7-6f922b8ee357" />
    <UnitTestResult executionId="760005bc-d9b8-4cf3-9183-fdb8926c99e7" testId="fdaf6464-8a8c-65cb-0f1d-55fdb4d37cc5" testName="Ult_UnsignedComparison_ReturnsCorrectResult" computerName="dadsmbp" duration="00:00:00.0001592" startTime="2025-08-22T08:18:24.0447740-04:00" endTime="2025-08-22T08:18:24.0449620-04:00" testType="13cdc9d9-ddb5-4fa4-a97d-d965ccfc6d4b" outcome="Passed" testListId="8c84fa94-04c1-424b-9868-57a2d4851a1d" relativeResultsDirectory="760005bc-d9b8-4cf3-9183-fdb8926c99e7" />
    <UnitTestResult executionId="baaaef0d-65f9-4a7d-9173-d0de0c87641c" testId="6c30615a-35f0-23d2-2af1-7f5ba4d86cd0" testName="DiffTime_MissingSecondArgument_ThrowsException" computerName="dadsmbp" duration="00:00:00.0001311" startTime="2025-08-22T08:18:24.0626270-04:00" endTime="2025-08-22T08:18:24.0627950-04:00" testType="13cdc9d9-ddb5-4fa4-a97d-d965ccfc6d4b" outcome="Passed" testListId="8c84fa94-04c1-424b-9868-57a2d4851a1d" relativeResultsDirectory="baaaef0d-65f9-4a7d-9173-d0de0c87641c" />
    <UnitTestResult executionId="d53b425f-f009-40fc-915f-1ec2e624e397" testId="2510cad0-dba4-2567-1491-42328e012c5c" testName="Find_StarQuantifierWithSpaces_KnownLimitation" computerName="dadsmbp" startTime="2025-08-22T08:18:24.1255280-04:00" endTime="2025-08-22T08:18:24.1255490-04:00" testType="13cdc9d9-ddb5-4fa4-a97d-d965ccfc6d4b" outcome="NotExecuted" testListId="8c84fa94-04c1-424b-9868-57a2d4851a1d" relativeResultsDirectory="d53b425f-f009-40fc-915f-1ec2e624e397">
      <Output>
        <ErrorInfo>
          <Message>Known implementation gap: Star quantifier returns zero-width matches</Message>
        </ErrorInfo>
      </Output>
    </UnitTestResult>
    <UnitTestResult executionId="e916c4f0-4a7b-4488-94d6-af1047be2177" testId="683a53b6-551e-df54-4350-749ad538bcf4" testName="Char_MinUnicode_Works" computerName="dadsmbp" duration="00:00:00.0000376" startTime="2025-08-22T08:18:24.1627860-04:00" endTime="2025-08-22T08:18:24.1628410-04:00" testType="13cdc9d9-ddb5-4fa4-a97d-d965ccfc6d4b" outcome="Passed" testListId="8c84fa94-04c1-424b-9868-57a2d4851a1d" relativeResultsDirectory="e916c4f0-4a7b-4488-94d6-af1047be2177" />
    <UnitTestResult executionId="fa30fd16-710c-4440-b3a4-a1785767fdb4" testId="21f636ef-9fca-a9cc-a5e8-ed3b8d49bb1b" testName="Codes_EmptyString_ReturnsEmptyIterator" computerName="dadsmbp" duration="00:00:00.0000633" startTime="2025-08-22T08:18:24.1617690-04:00" endTime="2025-08-22T08:18:24.1618510-04:00" testType="13cdc9d9-ddb5-4fa4-a97d-d965ccfc6d4b" outcome="Passed" testListId="8c84fa94-04c1-424b-9868-57a2d4851a1d" relativeResultsDirectory="fa30fd16-710c-4440-b3a4-a1785767fdb4" />
    <UnitTestResult executionId="6acf6fde-73f9-4a9d-bdb9-e8b90fa3bf53" testId="627aed26-e2b4-f50f-e572-71b44329f602" testName="Abs_NegativeInfinity_ReturnsPositiveInfinity" computerName="dadsmbp" duration="00:00:00.0000508" startTime="2025-08-22T08:18:24.0332410-04:00" endTime="2025-08-22T08:18:24.0333170-04:00" testType="13cdc9d9-ddb5-4fa4-a97d-d965ccfc6d4b" outcome="Passed" testListId="8c84fa94-04c1-424b-9868-57a2d4851a1d" relativeResultsDirectory="6acf6fde-73f9-4a9d-bdb9-e8b90fa3bf53" />
    <UnitTestResult executionId="13fa03b5-6b82-42a3-9335-cc089d26dea5" testId="ba2fe975-537e-50f3-f754-c1766b4c62cf" testName="FileHandle_Read_EmptyFile_ReturnsNil" computerName="dadsmbp" duration="00:00:00.0003557" startTime="2025-08-22T08:18:24.0130550-04:00" endTime="2025-08-22T08:18:24.0134430-04:00" testType="13cdc9d9-ddb5-4fa4-a97d-d965ccfc6d4b" outcome="Passed" testListId="8c84fa94-04c1-424b-9868-57a2d4851a1d" relativeResultsDirectory="13fa03b5-6b82-42a3-9335-cc089d26dea5" />
    <UnitTestResult executionId="04d8cc60-96bf-4d5e-aff9-38444dcfada2" testId="ab2bd540-86e6-8c34-10b0-e2398e1dd43b" testName="Close_WithFileHandle_ClosesFile" computerName="dadsmbp" duration="00:00:00.0006165" startTime="2025-08-22T08:18:24.0242550-04:00" endTime="2025-08-22T08:18:24.0249040-04:00" testType="13cdc9d9-ddb5-4fa4-a97d-d965ccfc6d4b" outcome="Passed" testListId="8c84fa94-04c1-424b-9868-57a2d4851a1d" relativeResultsDirectory="04d8cc60-96bf-4d5e-aff9-38444dcfada2" />
    <UnitTestResult executionId="1888bab0-3a39-45a0-8a2b-05c1e6f7a2b6" testId="3683a355-39c4-d715-ff87-e30621906b12" testName="FileHandle_WriteAfterClose_ThrowsException" computerName="dadsmbp" duration="00:00:00.0003882" startTime="2025-08-22T08:18:24.0177080-04:00" endTime="2025-08-22T08:18:24.0181440-04:00" testType="13cdc9d9-ddb5-4fa4-a97d-d965ccfc6d4b" outcome="Passed" testListId="8c84fa94-04c1-424b-9868-57a2d4851a1d" relativeResultsDirectory="1888bab0-3a39-45a0-8a2b-05c1e6f7a2b6" />
    <UnitTestResult executionId="e1a8ac51-6666-4ea7-b159-f49022ed2f8f" testId="e01c2c3b-1921-8eb0-c672-b4392577f2dc" testName="FMod_NonNumericFirstArgument_ThrowsException" computerName="dadsmbp" duration="00:00:00.0001094" startTime="2025-08-22T08:18:24.0378300-04:00" endTime="2025-08-22T08:18:24.0379630-04:00" testType="13cdc9d9-ddb5-4fa4-a97d-d965ccfc6d4b" outcome="Passed" testListId="8c84fa94-04c1-424b-9868-57a2d4851a1d" relativeResultsDirectory="e1a8ac51-6666-4ea7-b159-f49022ed2f8f" />
    <UnitTestResult executionId="8359b963-bf9d-4dae-a42f-5399e6e9ac3b" testId="4ed965d2-3dad-6d46-8308-17a2939d2380" testName="GetInteger_Zero_ReturnsZero" computerName="dadsmbp" duration="00:00:00.0000359" startTime="2025-08-22T08:18:24.1652370-04:00" endTime="2025-08-22T08:18:24.1652940-04:00" testType="13cdc9d9-ddb5-4fa4-a97d-d965ccfc6d4b" outcome="Passed" testListId="8c84fa94-04c1-424b-9868-57a2d4851a1d" relativeResultsDirectory="8359b963-bf9d-4dae-a42f-5399e6e9ac3b" />
    <UnitTestResult executionId="6153203b-12a2-4987-b724-8680df8442de" testId="1be4d8ac-08d1-1c29-8438-276c7cb6ba43" testName="Pack_SignedByte_BoundaryValues" computerName="dadsmbp" duration="00:00:00.0001091" startTime="2025-08-22T08:18:24.0954510-04:00" endTime="2025-08-22T08:18:24.0955820-04:00" testType="13cdc9d9-ddb5-4fa4-a97d-d965ccfc6d4b" outcome="Passed" testListId="8c84fa94-04c1-424b-9868-57a2d4851a1d" relativeResultsDirectory="6153203b-12a2-4987-b724-8680df8442de" />
    <UnitTestResult executionId="0d3dfca5-8113-4a01-bef9-e1f20141e2b9" testId="a8611396-3b36-50d1-03e4-055ad4e763e2" testName="Unpack_WithPosition_StartsAtCorrectOffset" computerName="dadsmbp" duration="00:00:00.0001077" startTime="2025-08-22T08:18:24.1002920-04:00" endTime="2025-08-22T08:18:24.1004240-04:00" testType="13cdc9d9-ddb5-4fa4-a97d-d965ccfc6d4b" outcome="Passed" testListId="8c84fa94-04c1-424b-9868-57a2d4851a1d" relativeResultsDirectory="0d3dfca5-8113-4a01-bef9-e1f20141e2b9" />
    <UnitTestResult executionId="3d6f73d7-5b5a-4c56-95bb-b654f6203ed5" testId="b66be048-67b6-a9ab-2817-6a378783d48c" testName="GetVariable_NonexistentVariable_ReturnsNil" computerName="dadsmbp" duration="00:00:00.0009642" startTime="2025-08-22T08:18:23.9708400-04:00" endTime="2025-08-22T08:18:23.9719270-04:00" testType="13cdc9d9-ddb5-4fa4-a97d-d965ccfc6d4b" outcome="Passed" testListId="8c84fa94-04c1-424b-9868-57a2d4851a1d" relativeResultsDirectory="3d6f73d7-5b5a-4c56-95bb-b654f6203ed5" />
    <UnitTestResult executionId="b64eb0f0-03f4-401a-af6f-df068bbe38e5" testId="3cd2c9df-7251-60fe-ac0d-70ffb25e5f5c" testName="Abs_NegativeFloat_ReturnsPositive" computerName="dadsmbp" duration="00:00:00.0000442" startTime="2025-08-22T08:18:24.0326620-04:00" endTime="2025-08-22T08:18:24.0327250-04:00" testType="13cdc9d9-ddb5-4fa4-a97d-d965ccfc6d4b" outcome="Passed" testListId="8c84fa94-04c1-424b-9868-57a2d4851a1d" relativeResultsDirectory="b64eb0f0-03f4-401a-af6f-df068bbe38e5" />
    <UnitTestResult executionId="e87256fe-f8a5-4dcf-adc4-3f1b757c8cba" testId="b215ab59-8b07-a2e4-c7ff-6b309cf82bd3" testName="Remove_FromEmptyTable_ReturnsNil" computerName="dadsmbp" duration="00:00:00.0000429" startTime="2025-08-22T08:18:24.1301060-04:00" endTime="2025-08-22T08:18:24.1301670-04:00" testType="13cdc9d9-ddb5-4fa4-a97d-d965ccfc6d4b" outcome="Passed" testListId="8c84fa94-04c1-424b-9868-57a2d4851a1d" relativeResultsDirectory="e87256fe-f8a5-4dcf-adc4-3f1b757c8cba" />
    <UnitTestResult executionId="43dd8ed7-5add-4a18-beb5-8a6e7d16eefe" testId="2ceef316-547f-296a-0d4f-13975d8da686" testName="Sort_NonTable_ThrowsException" computerName="dadsmbp" duration="00:00:00.0000942" startTime="2025-08-22T08:18:24.1360080-04:00" endTime="2025-08-22T08:18:24.1361270-04:00" testType="13cdc9d9-ddb5-4fa4-a97d-d965ccfc6d4b" outcome="Passed" testListId="8c84fa94-04c1-424b-9868-57a2d4851a1d" relativeResultsDirectory="43dd8ed7-5add-4a18-beb5-8a6e7d16eefe" />
    <UnitTestResult executionId="b2c7d35e-1e4e-402e-9a95-10c770b3dd16" testId="1b7433fc-720c-62b6-538b-08680d59707a" testName="Sort_SingleElement_DoesNothing" computerName="dadsmbp" duration="00:00:00.0000827" startTime="2025-08-22T08:18:24.1355360-04:00" endTime="2025-08-22T08:18:24.1356380-04:00" testType="13cdc9d9-ddb5-4fa4-a97d-d965ccfc6d4b" outcome="Passed" testListId="8c84fa94-04c1-424b-9868-57a2d4851a1d" relativeResultsDirectory="b2c7d35e-1e4e-402e-9a95-10c770b3dd16" />
    <UnitTestResult executionId="4416cbc9-10ee-411a-adb3-614cca114cb7" testId="e5c5ad1e-516b-ba8f-d8b3-2dec54cb31d0" testName="Format_SimpleStringReplacement_WorksCorrectly" computerName="dadsmbp" duration="00:00:00.0034401" startTime="2025-08-22T08:18:24.0819850-04:00" endTime="2025-08-22T08:18:24.0854620-04:00" testType="13cdc9d9-ddb5-4fa4-a97d-d965ccfc6d4b" outcome="Passed" testListId="8c84fa94-04c1-424b-9868-57a2d4851a1d" relativeResultsDirectory="4416cbc9-10ee-411a-adb3-614cca114cb7" />
    <UnitTestResult executionId="5ccb0bc5-fb38-4fd8-84b4-6f3992f6bb7d" testId="5da605c7-ed7d-f7ee-e9f9-3d2c3f257ac8" testName="Pack_LuaNumber_WorksCorrectly" computerName="dadsmbp" duration="00:00:00.0000881" startTime="2025-08-22T08:18:24.0976770-04:00" endTime="2025-08-22T08:18:24.0977890-04:00" testType="13cdc9d9-ddb5-4fa4-a97d-d965ccfc6d4b" outcome="Passed" testListId="8c84fa94-04c1-424b-9868-57a2d4851a1d" relativeResultsDirectory="5ccb0bc5-fb38-4fd8-84b4-6f3992f6bb7d" />
    <UnitTestResult executionId="2776e980-2841-40c9-887d-f082e150b9b7" testId="b77c3d97-8779-ea19-5caf-381b3202e91f" testName="Find_AnchorEnd_MatchesEnd" computerName="dadsmbp" duration="00:00:00.0000909" startTime="2025-08-22T08:18:24.1187990-04:00" endTime="2025-08-22T08:18:24.1189190-04:00" testType="13cdc9d9-ddb5-4fa4-a97d-d965ccfc6d4b" outcome="Passed" testListId="8c84fa94-04c1-424b-9868-57a2d4851a1d" relativeResultsDirectory="2776e980-2841-40c9-887d-f082e150b9b7" />
    <UnitTestResult executionId="feb25eb0-97e7-4701-996c-dc6fd61d292d" testId="9a4f3b01-7a96-0f4d-6e37-89ee283279de" testName="Byte_WithStartIndex_ReturnsFromPosition" computerName="dadsmbp" duration="00:00:00.0000515" startTime="2025-08-22T08:18:24.0774580-04:00" endTime="2025-08-22T08:18:24.0775340-04:00" testType="13cdc9d9-ddb5-4fa4-a97d-d965ccfc6d4b" outcome="Passed" testListId="8c84fa94-04c1-424b-9868-57a2d4851a1d" relativeResultsDirectory="feb25eb0-97e7-4701-996c-dc6fd61d292d" />
    <UnitTestResult executionId="42230716-a08d-4baa-b5a5-06fba18e9886" testId="43b79d3c-aeeb-5633-2f01-4138af819202" testName="Rep_ValidCount_RepeatsString" computerName="dadsmbp" duration="00:00:00.0003262" startTime="2025-08-22T08:18:24.0780920-04:00" endTime="2025-08-22T08:18:24.0784750-04:00" testType="13cdc9d9-ddb5-4fa4-a97d-d965ccfc6d4b" outcome="Passed" testListId="8c84fa94-04c1-424b-9868-57a2d4851a1d" relativeResultsDirectory="42230716-a08d-4baa-b5a5-06fba18e9886" />
    <UnitTestResult executionId="81f4fcac-0747-4558-ac43-8e87253a1e05" testId="b298e0d9-f136-e212-c94d-06280e794709" testName="Find_AlphaSequenceWithPlusQuantifier_KnownLimitation" computerName="dadsmbp" startTime="2025-08-22T08:18:24.1254930-04:00" endTime="2025-08-22T08:18:24.1255200-04:00" testType="13cdc9d9-ddb5-4fa4-a97d-d965ccfc6d4b" outcome="NotExecuted" testListId="8c84fa94-04c1-424b-9868-57a2d4851a1d" relativeResultsDirectory="81f4fcac-0747-4558-ac43-8e87253a1e05">
      <Output>
        <ErrorInfo>
          <Message>Known implementation gap: Quantifiers with escape sequences not fully supported</Message>
        </ErrorInfo>
      </Output>
    </UnitTestResult>
    <UnitTestResult executionId="a8c32914-7c3f-48fd-b946-9cb21622bf41" testId="2e4b145d-b268-b7b6-608f-1595b9bea834" testName="Insert_AtBeginning_ShiftsAllElements" computerName="dadsmbp" duration="00:00:00.0001611" startTime="2025-08-22T08:18:24.1275340-04:00" endTime="2025-08-22T08:18:24.1277500-04:00" testType="13cdc9d9-ddb5-4fa4-a97d-d965ccfc6d4b" outcome="Passed" testListId="8c84fa94-04c1-424b-9868-57a2d4851a1d" relativeResultsDirectory="a8c32914-7c3f-48fd-b946-9cb21622bf41" />
    <UnitTestResult executionId="9f874ad7-d7ce-4a87-8469-d0ff8d743fef" testId="6819383c-cf63-f039-bf35-77515e4446a2" testName="Add_OperatorOverload_WorksCorrectly" computerName="dadsmbp" duration="00:00:00.0000653" startTime="2025-08-22T08:18:24.1718750-04:00" endTime="2025-08-22T08:18:24.1719590-04:00" testType="13cdc9d9-ddb5-4fa4-a97d-d965ccfc6d4b" outcome="Passed" testListId="8c84fa94-04c1-424b-9868-57a2d4851a1d" relativeResultsDirectory="9f874ad7-d7ce-4a87-8469-d0ff8d743fef" />
    <UnitTestResult executionId="c823a70d-450d-432b-b58f-76c5d80101c1" testId="142ab414-74a6-96fd-05b9-0c28a4a97a1c" testName="FileHandle_FlushAfterClose_ThrowsException" computerName="dadsmbp" duration="00:00:00.0003439" startTime="2025-08-22T08:18:24.0185810-04:00" endTime="2025-08-22T08:18:24.0189600-04:00" testType="13cdc9d9-ddb5-4fa4-a97d-d965ccfc6d4b" outcome="Passed" testListId="8c84fa94-04c1-424b-9868-57a2d4851a1d" relativeResultsDirectory="c823a70d-450d-432b-b58f-76c5d80101c1" />
    <UnitTestResult executionId="aea32ea1-0999-4a44-9c7c-ba35147294fa" testId="22025405-4164-9e68-7325-572d01c97c5d" testName="Nil_CreateNil_ReturnsNilValue" computerName="dadsmbp" duration="00:00:00.0000417" startTime="2025-08-22T08:18:24.1685780-04:00" endTime="2025-08-22T08:18:24.1687690-04:00" testType="13cdc9d9-ddb5-4fa4-a97d-d965ccfc6d4b" outcome="Passed" testListId="8c84fa94-04c1-424b-9868-57a2d4851a1d" relativeResultsDirectory="aea32ea1-0999-4a44-9c7c-ba35147294fa" />
    <UnitTestResult executionId="0b6ed4a6-426d-413e-a83c-856cf7f4660c" testId="ac1bcad3-93cc-09b2-2596-dbc032c5565b" testName="PackSize_VariableLengthString_ThrowsException" computerName="dadsmbp" duration="00:00:00.0001526" startTime="2025-08-22T08:18:24.1000840-04:00" endTime="2025-08-22T08:18:24.1002830-04:00" testType="13cdc9d9-ddb5-4fa4-a97d-d965ccfc6d4b" outcome="Passed" testListId="8c84fa94-04c1-424b-9868-57a2d4851a1d" relativeResultsDirectory="0b6ed4a6-426d-413e-a83c-856cf7f4660c" />
    <UnitTestResult executionId="3b926685-1692-42f8-bb98-859ee56ba840" testId="c8755625-971f-3215-9a42-f4870a9948c6" testName="GSub_NoMatches_ReturnsOriginal" computerName="dadsmbp" duration="00:00:00.0000910" startTime="2025-08-22T08:18:24.1170900-04:00" endTime="2025-08-22T08:18:24.1172100-04:00" testType="13cdc9d9-ddb5-4fa4-a97d-d965ccfc6d4b" outcome="Passed" testListId="8c84fa94-04c1-424b-9868-57a2d4851a1d" relativeResultsDirectory="3b926685-1692-42f8-bb98-859ee56ba840" />
    <UnitTestResult executionId="d269b90e-a9cf-429a-b42b-a8eee8094d1e" testId="6642b87e-f989-fa7e-fc87-e099ff904a87" testName="Pow_TwoToThePowerOfThree_ReturnsEight" computerName="dadsmbp" duration="00:00:00.0001186" startTime="2025-08-22T08:18:24.0403010-04:00" endTime="2025-08-22T08:18:24.0404380-04:00" testType="13cdc9d9-ddb5-4fa4-a97d-d965ccfc6d4b" outcome="Passed" testListId="8c84fa94-04c1-424b-9868-57a2d4851a1d" relativeResultsDirectory="d269b90e-a9cf-429a-b42b-a8eee8094d1e" />
    <UnitTestResult executionId="0f1b8983-83f6-446f-bc60-8cf44ebf42db" testId="bcb794be-5164-aa37-82b9-4f97d40df88b" testName="GSub_MissingReplacementArgument_ThrowsException" computerName="dadsmbp" duration="00:00:00.0001315" startTime="2025-08-22T08:18:24.1172200-04:00" endTime="2025-08-22T08:18:24.1173900-04:00" testType="13cdc9d9-ddb5-4fa4-a97d-d965ccfc6d4b" outcome="Passed" testListId="8c84fa94-04c1-424b-9868-57a2d4851a1d" relativeResultsDirectory="0f1b8983-83f6-446f-bc60-8cf44ebf42db" />
    <UnitTestResult executionId="eb4f361d-6605-495c-8daa-62a701a71772" testId="d74c40de-e568-1f3e-371d-ca78fc5ef994" testName="CharPattern_IsAvailable" computerName="dadsmbp" duration="00:00:00.0000640" startTime="2025-08-22T08:18:24.1622070-04:00" endTime="2025-08-22T08:18:24.1622870-04:00" testType="13cdc9d9-ddb5-4fa4-a97d-d965ccfc6d4b" outcome="Passed" testListId="8c84fa94-04c1-424b-9868-57a2d4851a1d" relativeResultsDirectory="eb4f361d-6605-495c-8daa-62a701a71772" />
    <UnitTestResult executionId="e48e7c23-11be-43cd-82aa-0b56e2355217" testId="d898b746-6798-ab6d-18c9-e3fe06c92b96" testName="Upper_MixedCaseString_ReturnsUppercase" computerName="dadsmbp" duration="00:00:00.0000446" startTime="2025-08-22T08:18:24.0739430-04:00" endTime="2025-08-22T08:18:24.0740090-04:00" testType="13cdc9d9-ddb5-4fa4-a97d-d965ccfc6d4b" outcome="Passed" testListId="8c84fa94-04c1-424b-9868-57a2d4851a1d" relativeResultsDirectory="e48e7c23-11be-43cd-82aa-0b56e2355217" />
    <UnitTestResult executionId="004d8033-e80b-495a-8149-9b36b1cf0c69" testId="d4672541-c440-0312-b1b6-4a3b3137f111" testName="ValueCreation_ManyValues_HandlesCorrectly" computerName="dadsmbp" duration="00:00:00.0003058" startTime="2025-08-22T08:18:24.1780790-04:00" endTime="2025-08-22T08:18:24.1784010-04:00" testType="13cdc9d9-ddb5-4fa4-a97d-d965ccfc6d4b" outcome="Passed" testListId="8c84fa94-04c1-424b-9868-57a2d4851a1d" relativeResultsDirectory="004d8033-e80b-495a-8149-9b36b1cf0c69" />
    <UnitTestResult executionId="23204d11-c0af-4ab1-bdc6-3ae45ebb971e" testId="006c22c6-5988-a575-a69c-6419c30f7084" testName="FMod_MissingSecondArgument_ThrowsException" computerName="dadsmbp" duration="00:00:00.0000995" startTime="2025-08-22T08:18:24.0376970-04:00" endTime="2025-08-22T08:18:24.0378230-04:00" testType="13cdc9d9-ddb5-4fa4-a97d-d965ccfc6d4b" outcome="Passed" testListId="8c84fa94-04c1-424b-9868-57a2d4851a1d" relativeResultsDirectory="23204d11-c0af-4ab1-bdc6-3ae45ebb971e" />
    <UnitTestResult executionId="2dcd00b9-218e-41e9-b185-8c7c11330a2c" testId="b6fd2798-51e6-e208-f521-186d79f850bd" testName="Char_ValidASCIIValues_ReturnsString" computerName="dadsmbp" duration="00:00:00.0001937" startTime="2025-08-22T08:18:24.0755640-04:00" endTime="2025-08-22T08:18:24.0757840-04:00" testType="13cdc9d9-ddb5-4fa4-a97d-d965ccfc6d4b" outcome="Passed" testListId="8c84fa94-04c1-424b-9868-57a2d4851a1d" relativeResultsDirectory="2dcd00b9-218e-41e9-b185-8c7c11330a2c" />
    <UnitTestResult executionId="c32e302b-3dad-4983-acf7-055f1fa47530" testId="d7968170-8519-52de-cda2-a0ab30c45af2" testName="Rep_NegativeCount_ReturnsEmptyString" computerName="dadsmbp" duration="00:00:00.0000529" startTime="2025-08-22T08:18:24.0787100-04:00" endTime="2025-08-22T08:18:24.0787870-04:00" testType="13cdc9d9-ddb5-4fa4-a97d-d965ccfc6d4b" outcome="Passed" testListId="8c84fa94-04c1-424b-9868-57a2d4851a1d" relativeResultsDirectory="c32e302b-3dad-4983-acf7-055f1fa47530" />
    <UnitTestResult executionId="ca2749db-a653-4341-a7e7-cd8f7e155e97" testId="6a6a1622-4a4e-805a-335a-6ccdb5d9a6de" testName="ToInteger_FloatString_ThrowsException" computerName="dadsmbp" duration="00:00:00.0002760" startTime="2025-08-22T08:18:24.1426230-04:00" endTime="2025-08-22T08:18:24.1429240-04:00" testType="13cdc9d9-ddb5-4fa4-a97d-d965ccfc6d4b" outcome="Failed" testListId="8c84fa94-04c1-424b-9868-57a2d4851a1d" relativeResultsDirectory="ca2749db-a653-4341-a7e7-cd8f7e155e97">
      <Output>
        <ErrorInfo>
          <Message>Test method did not throw expected exception System.InvalidOperationException. </Message>
        </ErrorInfo>
      </Output>
    </UnitTestResult>
    <UnitTestResult executionId="c8f38f11-956c-4f5b-8b82-054e37e57e5e" testId="530cf092-f04e-afb3-9bb2-9d00e432ef37" testName="Remove_NegativeIndex_ReturnsNil" computerName="dadsmbp" duration="00:00:00.0000731" startTime="2025-08-22T08:18:24.1303690-04:00" endTime="2025-08-22T08:18:24.1304590-04:00" testType="13cdc9d9-ddb5-4fa4-a97d-d965ccfc6d4b" outcome="Passed" testListId="8c84fa94-04c1-424b-9868-57a2d4851a1d" relativeResultsDirectory="c8f38f11-956c-4f5b-8b82-054e37e57e5e" />
    <UnitTestResult executionId="eaed9c16-6206-4445-a40a-d07035fb3bac" testId="e59567ee-4c47-17a6-c6ab-c9f2f770b121" testName="CodePoint_WithPosition_ReturnsFromPosition" computerName="dadsmbp" duration="00:00:00.0000449" startTime="2025-08-22T08:18:24.1588410-04:00" endTime="2025-08-22T08:18:24.1589020-04:00" testType="13cdc9d9-ddb5-4fa4-a97d-d965ccfc6d4b" outcome="Passed" testListId="8c84fa94-04c1-424b-9868-57a2d4851a1d" relativeResultsDirectory="eaed9c16-6206-4445-a40a-d07035fb3bac" />
    <UnitTestResult executionId="e81e2056-4a6b-4c15-9c96-801c2382f345" testId="c58415fd-06be-8de0-12b6-8b886c39540c" testName="LocalVariable_NonexistentLocal_ReturnsNil" computerName="dadsmbp" duration="00:00:00.0000296" startTime="2025-08-22T08:18:23.9753900-04:00" endTime="2025-08-22T08:18:23.9754410-04:00" testType="13cdc9d9-ddb5-4fa4-a97d-d965ccfc6d4b" outcome="Passed" testListId="8c84fa94-04c1-424b-9868-57a2d4851a1d" relativeResultsDirectory="e81e2056-4a6b-4c15-9c96-801c2382f345" />
    <UnitTestResult executionId="4d19d8c7-3597-4f77-928d-0a1ff8e605e4" testId="c5f6a300-0605-66f5-f86b-813f6490bc39" testName="Find_AnchorStart_MatchesBeginning" computerName="dadsmbp" duration="00:00:00.0000905" startTime="2025-08-22T08:18:24.1186510-04:00" endTime="2025-08-22T08:18:24.1187850-04:00" testType="13cdc9d9-ddb5-4fa4-a97d-d965ccfc6d4b" outcome="Passed" testListId="8c84fa94-04c1-424b-9868-57a2d4851a1d" relativeResultsDirectory="4d19d8c7-3597-4f77-928d-0a1ff8e605e4" />
    <UnitTestResult executionId="198eee9f-ce56-4b1b-ab5b-83cc0bcb2a6f" testId="7b538466-a97b-e9ac-673d-c16af3cbdd43" testName="ToLuaString_FloatValue_ReturnsCorrectString" computerName="dadsmbp" duration="00:00:00.0000435" startTime="2025-08-22T08:18:24.1766080-04:00" endTime="2025-08-22T08:18:24.1766730-04:00" testType="13cdc9d9-ddb5-4fa4-a97d-d965ccfc6d4b" outcome="Passed" testListId="8c84fa94-04c1-424b-9868-57a2d4851a1d" relativeResultsDirectory="198eee9f-ce56-4b1b-ab5b-83cc0bcb2a6f" />
    <UnitTestResult executionId="c9c49906-0e7a-4efc-bb95-b378156b0e8a" testId="a1ad0f11-1acf-9951-e51b-5aa2d40e334d" testName="IsString_StringValue_ReturnsTrue" computerName="dadsmbp" duration="00:00:00.0000381" startTime="2025-08-22T08:18:24.1667540-04:00" endTime="2025-08-22T08:18:24.1668070-04:00" testType="13cdc9d9-ddb5-4fa4-a97d-d965ccfc6d4b" outcome="Passed" testListId="8c84fa94-04c1-424b-9868-57a2d4851a1d" relativeResultsDirectory="c9c49906-0e7a-4efc-bb95-b378156b0e8a" />
    <UnitTestResult executionId="35f2ac10-95cb-4a55-b5bc-894a7ad2e038" testId="9b5c69f7-a346-95bf-b7f5-220fb58ef5ab" testName="Find_WithStartPosition_SearchesFromPosition" computerName="dadsmbp" duration="00:00:00.0000786" startTime="2025-08-22T08:18:24.0814110-04:00" endTime="2025-08-22T08:18:24.0815180-04:00" testType="13cdc9d9-ddb5-4fa4-a97d-d965ccfc6d4b" outcome="Passed" testListId="8c84fa94-04c1-424b-9868-57a2d4851a1d" relativeResultsDirectory="35f2ac10-95cb-4a55-b5bc-894a7ad2e038" />
    <UnitTestResult executionId="30d049ce-a5c4-4ea6-b73d-1f6fdb910f44" testId="2e518224-3b0a-3d1b-9a76-50a35594c7ae" testName="Len_NoArguments_ThrowsException" computerName="dadsmbp" duration="00:00:00.0001585" startTime="2025-08-22T08:18:24.0717550-04:00" endTime="2025-08-22T08:18:24.0719630-04:00" testType="13cdc9d9-ddb5-4fa4-a97d-d965ccfc6d4b" outcome="Passed" testListId="8c84fa94-04c1-424b-9868-57a2d4851a1d" relativeResultsDirectory="30d049ce-a5c4-4ea6-b73d-1f6fdb910f44" />
    <UnitTestResult executionId="2896759e-c6e4-48c7-aae0-a280a0e13ca5" testId="316e17c5-c5ba-ac81-4655-609abada5b0e" testName="Open_WriteMode_CreatesNewFile" computerName="dadsmbp" duration="00:00:00.0006924" startTime="2025-08-22T08:18:24.0043240-04:00" endTime="2025-08-22T08:18:24.0051190-04:00" testType="13cdc9d9-ddb5-4fa4-a97d-d965ccfc6d4b" outcome="Passed" testListId="8c84fa94-04c1-424b-9868-57a2d4851a1d" relativeResultsDirectory="2896759e-c6e4-48c7-aae0-a280a0e13ca5" />
    <UnitTestResult executionId="f995d14e-c202-4a9f-90af-9a3763998d25" testId="caecfbcd-42a1-0bf6-8888-3ba079be496e" testName="TryGetInteger_NonIntegerValue_ReturnsFalse" computerName="dadsmbp" duration="00:00:00.0000279" startTime="2025-08-22T08:18:24.1748920-04:00" endTime="2025-08-22T08:18:24.1749350-04:00" testType="13cdc9d9-ddb5-4fa4-a97d-d965ccfc6d4b" outcome="Passed" testListId="8c84fa94-04c1-424b-9868-57a2d4851a1d" relativeResultsDirectory="f995d14e-c202-4a9f-90af-9a3763998d25" />
    <UnitTestResult executionId="fc2086ba-0db6-470c-bdbe-e56194784f62" testId="7be779a3-329d-c2a3-df19-b7f10f5274d9" testName="Pack_Float_WorksCorrectly" computerName="dadsmbp" duration="00:00:00.0000705" startTime="2025-08-22T08:18:24.0924170-04:00" endTime="2025-08-22T08:18:24.0925090-04:00" testType="13cdc9d9-ddb5-4fa4-a97d-d965ccfc6d4b" outcome="Passed" testListId="8c84fa94-04c1-424b-9868-57a2d4851a1d" relativeResultsDirectory="fc2086ba-0db6-470c-bdbe-e56194784f62" />
    <UnitTestResult executionId="e4d20e96-224b-435f-ace8-b854559341ae" testId="bcd34259-a5fc-b188-f42e-4264b24f96a5" testName="Subtract_IntegerInteger_ReturnsCorrectDifference" computerName="dadsmbp" duration="00:00:00.0001147" startTime="2025-08-22T08:18:24.1719670-04:00" endTime="2025-08-22T08:18:24.1721010-04:00" testType="13cdc9d9-ddb5-4fa4-a97d-d965ccfc6d4b" outcome="Passed" testListId="8c84fa94-04c1-424b-9868-57a2d4851a1d" relativeResultsDirectory="e4d20e96-224b-435f-ace8-b854559341ae" />
    <UnitTestResult executionId="eb7f03a0-c2f8-45e4-b71e-f56a896300cb" testId="0c4235b4-a2bc-0b8a-7c78-72fa60fd5d70" testName="Open_NoFilename_ThrowsException" computerName="dadsmbp" duration="00:00:00.0004431" startTime="2025-08-22T08:18:24.0086610-04:00" endTime="2025-08-22T08:18:24.0091580-04:00" testType="13cdc9d9-ddb5-4fa4-a97d-d965ccfc6d4b" outcome="Passed" testListId="8c84fa94-04c1-424b-9868-57a2d4851a1d" relativeResultsDirectory="eb7f03a0-c2f8-45e4-b71e-f56a896300cb" />
    <UnitTestResult executionId="90daba89-94c3-4920-b648-e8465ea9a665" testId="28b68190-b011-28ce-504a-915eec13872f" testName="Float_PositiveInfinity_ReturnsCorrectValue" computerName="dadsmbp" duration="00:00:00.0000335" startTime="2025-08-22T08:18:24.1698550-04:00" endTime="2025-08-22T08:18:24.1699050-04:00" testType="13cdc9d9-ddb5-4fa4-a97d-d965ccfc6d4b" outcome="Passed" testListId="8c84fa94-04c1-424b-9868-57a2d4851a1d" relativeResultsDirectory="90daba89-94c3-4920-b648-e8465ea9a665" />
    <UnitTestResult executionId="9db5c835-000e-4950-a7a2-ec45ef5a7161" testId="4167cbe8-38c1-7cb3-882f-3969c597defd" testName="Deg_Pi_Returns180" computerName="dadsmbp" duration="00:00:00.0000950" startTime="2025-08-22T08:18:24.0390930-04:00" endTime="2025-08-22T08:18:24.0392060-04:00" testType="13cdc9d9-ddb5-4fa4-a97d-d965ccfc6d4b" outcome="Passed" testListId="8c84fa94-04c1-424b-9868-57a2d4851a1d" relativeResultsDirectory="9db5c835-000e-4950-a7a2-ec45ef5a7161" />
    <UnitTestResult executionId="ed0c11bf-60d4-479c-a88e-9d6dea679813" testId="12900eb4-3074-c08c-c57e-89a65a2ed93b" testName="VariableName_SpecialCharacters_HandledCorrectly" computerName="dadsmbp" duration="00:00:00.0001179" startTime="2025-08-22T08:18:24.0013650-04:00" endTime="2025-08-22T08:18:24.0015170-04:00" testType="13cdc9d9-ddb5-4fa4-a97d-d965ccfc6d4b" outcome="Passed" testListId="8c84fa94-04c1-424b-9868-57a2d4851a1d" relativeResultsDirectory="ed0c11bf-60d4-479c-a88e-9d6dea679813" />
    <UnitTestResult executionId="13be6d32-48b5-483d-ba9c-3d7bed641db8" testId="1e4b9f12-058b-fa11-1552-0a13271ffe9f" testName="Find_MultipleAnchors_HandlesEdgeCase" computerName="dadsmbp" duration="00:00:00.0000543" startTime="2025-08-22T08:18:24.1220510-04:00" endTime="2025-08-22T08:18:24.1221330-04:00" testType="13cdc9d9-ddb5-4fa4-a97d-d965ccfc6d4b" outcome="Passed" testListId="8c84fa94-04c1-424b-9868-57a2d4851a1d" relativeResultsDirectory="13be6d32-48b5-483d-ba9c-3d7bed641db8" />
    <UnitTestResult executionId="b00ac76c-e57c-4950-9305-be57a3d9fa81" testId="ce1b4c45-e339-a35b-7326-51d2826fbeb5" testName="Float_Zero_ReturnsCorrectValue" computerName="dadsmbp" duration="00:00:00.0000351" startTime="2025-08-22T08:18:24.1697380-04:00" endTime="2025-08-22T08:18:24.1697910-04:00" testType="13cdc9d9-ddb5-4fa4-a97d-d965ccfc6d4b" outcome="Passed" testListId="8c84fa94-04c1-424b-9868-57a2d4851a1d" relativeResultsDirectory="b00ac76c-e57c-4950-9305-be57a3d9fa81" />
    <UnitTestResult executionId="fee3e92d-1f5c-4544-b628-00e6fefc1b3c" testId="81432b5a-0a92-dee0-84a6-365867d576ce" testName="String_UnicodeString_ReturnsCorrectValue" computerName="dadsmbp" duration="00:00:00.0000439" startTime="2025-08-22T08:18:24.1706530-04:00" endTime="2025-08-22T08:18:24.1707180-04:00" testType="13cdc9d9-ddb5-4fa4-a97d-d965ccfc6d4b" outcome="Passed" testListId="8c84fa94-04c1-424b-9868-57a2d4851a1d" relativeResultsDirectory="fee3e92d-1f5c-4544-b628-00e6fefc1b3c" />
    <UnitTestResult executionId="3f3ebc35-de43-42ae-bfd4-b42fddd7da23" testId="de943867-21cc-aa19-e2a9-d72e5263da08" testName="Time_UnixEpoch_ReturnsZero" computerName="dadsmbp" duration="00:00:00.0001579" startTime="2025-08-22T08:18:24.0696590-04:00" endTime="2025-08-22T08:18:24.0698420-04:00" testType="13cdc9d9-ddb5-4fa4-a97d-d965ccfc6d4b" outcome="Passed" testListId="8c84fa94-04c1-424b-9868-57a2d4851a1d" relativeResultsDirectory="3f3ebc35-de43-42ae-bfd4-b42fddd7da23" />
    <UnitTestResult executionId="b368b0aa-3c52-4077-8344-ed4a733638b5" testId="5e598697-ca6c-d690-b979-5538ac0b1f53" testName="ProtectedCall_Function_ReturnsSuccessResults" computerName="dadsmbp" duration="00:00:00.0001286" startTime="2025-08-22T08:18:24.0003400-04:00" endTime="2025-08-22T08:18:24.0004960-04:00" testType="13cdc9d9-ddb5-4fa4-a97d-d965ccfc6d4b" outcome="Passed" testListId="8c84fa94-04c1-424b-9868-57a2d4851a1d" relativeResultsDirectory="b368b0aa-3c52-4077-8344-ed4a733638b5" />
    <UnitTestResult executionId="234e4e0b-cf21-495a-be4b-aafc9f83eb54" testId="17a80196-cc70-f363-61a5-e5d1b115cb9c" testName="TryGetFloat_FloatValue_ReturnsTrue" computerName="dadsmbp" duration="00:00:00.0000674" startTime="2025-08-22T08:18:24.1749420-04:00" endTime="2025-08-22T08:18:24.1750260-04:00" testType="13cdc9d9-ddb5-4fa4-a97d-d965ccfc6d4b" outcome="Passed" testListId="8c84fa94-04c1-424b-9868-57a2d4851a1d" relativeResultsDirectory="234e4e0b-cf21-495a-be4b-aafc9f83eb54" />
    <UnitTestResult executionId="1ec2d1a0-f638-42f4-a42e-97055db9b821" testId="9475ee7f-34ac-cccd-70a7-5737f1f061fd" testName="Remove_NonTable_ThrowsException" computerName="dadsmbp" duration="00:00:00.0000987" startTime="2025-08-22T08:18:24.1306020-04:00" endTime="2025-08-22T08:18:24.1307250-04:00" testType="13cdc9d9-ddb5-4fa4-a97d-d965ccfc6d4b" outcome="Passed" testListId="8c84fa94-04c1-424b-9868-57a2d4851a1d" relativeResultsDirectory="1ec2d1a0-f638-42f4-a42e-97055db9b821" />
    <UnitTestResult executionId="1a1d91ee-2876-4689-b8c0-60d0eaa23c32" testId="007d7452-e937-5060-143d-1f8bb76c1ca0" testName="Helpers_CreateAndExtract_RoundTrip" computerName="dadsmbp" duration="00:00:00.0000626" startTime="2025-08-22T08:18:24.1676820-04:00" endTime="2025-08-22T08:18:24.1677600-04:00" testType="13cdc9d9-ddb5-4fa4-a97d-d965ccfc6d4b" outcome="Passed" testListId="8c84fa94-04c1-424b-9868-57a2d4851a1d" relativeResultsDirectory="1a1d91ee-2876-4689-b8c0-60d0eaa23c32" />
    <UnitTestResult executionId="b6492526-4973-476f-9897-b38d57c49aa2" testId="c5fc564f-4bc6-94b2-c436-be6d6db5efb0" testName="Print_Function_IsCallable" computerName="dadsmbp" duration="00:00:00.0015196" startTime="2025-08-22T08:18:23.9968110-04:00" endTime="2025-08-22T08:18:23.9983610-04:00" testType="13cdc9d9-ddb5-4fa4-a97d-d965ccfc6d4b" outcome="Passed" testListId="8c84fa94-04c1-424b-9868-57a2d4851a1d" relativeResultsDirectory="b6492526-4973-476f-9897-b38d57c49aa2">
      <Output>
        <StdOut>test
42	test</StdOut>
      </Output>
    </UnitTestResult>
    <UnitTestResult executionId="5f839184-0e49-4d8a-be30-9137049cce3a" testId="2e4c0694-a653-ff92-e2b6-e4f3118f07d1" testName="Reverse_SingleCharacter_ReturnsSameCharacter" computerName="dadsmbp" duration="00:00:00.0000846" startTime="2025-08-22T08:18:24.0752010-04:00" endTime="2025-08-22T08:18:24.0753340-04:00" testType="13cdc9d9-ddb5-4fa4-a97d-d965ccfc6d4b" outcome="Passed" testListId="8c84fa94-04c1-424b-9868-57a2d4851a1d" relativeResultsDirectory="5f839184-0e49-4d8a-be30-9137049cce3a" />
    <UnitTestResult executionId="b114153a-1167-48a5-9a41-26d55b92269a" testId="459baa70-2775-96e9-04a2-c39b866a77c2" testName="CodePoint_NewlineCharacter_HandlesCorrectly" computerName="dadsmbp" duration="00:00:00.0000448" startTime="2025-08-22T08:18:24.1629160-04:00" endTime="2025-08-22T08:18:24.1629790-04:00" testType="13cdc9d9-ddb5-4fa4-a97d-d965ccfc6d4b" outcome="Passed" testListId="8c84fa94-04c1-424b-9868-57a2d4851a1d" relativeResultsDirectory="b114153a-1167-48a5-9a41-26d55b92269a" />
    <UnitTestResult executionId="c3b747e5-08bb-4f4b-9aa5-dcbdd80c13aa" testId="05ae02b1-5669-b205-ae3e-0f20a2128d81" testName="Find_FullStringPattern_MatchesEntireString" computerName="dadsmbp" duration="00:00:00.0000583" startTime="2025-08-22T08:18:24.1207940-04:00" endTime="2025-08-22T08:18:24.1208760-04:00" testType="13cdc9d9-ddb5-4fa4-a97d-d965ccfc6d4b" outcome="Passed" testListId="8c84fa94-04c1-424b-9868-57a2d4851a1d" relativeResultsDirectory="c3b747e5-08bb-4f4b-9aa5-dcbdd80c13aa" />
    <UnitTestResult executionId="83b12228-c13b-45ee-b6a1-6b3c673d3f55" testId="7f421944-18a1-cd49-28b2-c2eb69df927a" testName="AsBoolean_NonBooleanValue_ThrowsException" computerName="dadsmbp" duration="00:00:00.0001041" startTime="2025-08-22T08:18:24.1771020-04:00" endTime="2025-08-22T08:18:24.1772440-04:00" testType="13cdc9d9-ddb5-4fa4-a97d-d965ccfc6d4b" outcome="Passed" testListId="8c84fa94-04c1-424b-9868-57a2d4851a1d" relativeResultsDirectory="83b12228-c13b-45ee-b6a1-6b3c673d3f55" />
    <UnitTestResult executionId="f5f32a79-a9f3-436b-83d6-76a73777ebcd" testId="dfc036ea-bf1a-0b2d-8a92-09848982d9b7" testName="Pack_VariableSizeUnsignedInteger_8Bytes" computerName="dadsmbp" duration="00:00:00.0000579" startTime="2025-08-22T08:18:24.0967640-04:00" endTime="2025-08-22T08:18:24.0968450-04:00" testType="13cdc9d9-ddb5-4fa4-a97d-d965ccfc6d4b" outcome="Passed" testListId="8c84fa94-04c1-424b-9868-57a2d4851a1d" relativeResultsDirectory="f5f32a79-a9f3-436b-83d6-76a73777ebcd" />
    <UnitTestResult executionId="28a3a99d-936b-4641-b9dd-87702a869289" testId="91457ee6-4393-3cf1-d878-bbed1b581f4c" testName="Match_WordBoundaries_WorkCorrectly" computerName="dadsmbp" duration="00:00:00.0001606" startTime="2025-08-22T08:18:24.1137690-04:00" endTime="2025-08-22T08:18:24.1139580-04:00" testType="13cdc9d9-ddb5-4fa4-a97d-d965ccfc6d4b" outcome="Failed" testListId="8c84fa94-04c1-424b-9868-57a2d4851a1d" relativeResultsDirectory="28a3a99d-936b-4641-b9dd-87702a869289">
      <Output>
        <ErrorInfo>
          <Message>Test method FLua.Runtime.LibraryTests.LuaStringLibTests.Match_WordBoundaries_WorkCorrectly threw exception: &#xD;
System.InvalidOperationException: Value is not a string, it's Nil</Message>
          <StackTrace>    at FLua.Runtime.LuaValue.AsString() in /Users/bill/Repos/FLua/FLua.Runtime/LuaValue.cs:line 225
   at FLua.Runtime.LibraryTests.LuaStringLibTests.Match_WordBoundaries_WorkCorrectly() in /Users/bill/Repos/FLua/FLua.Runtime.LibraryTests/LuaStringLibTests.cs:line 1287
   at System.RuntimeMethodHandle.InvokeMethod(Object target, Void** arguments, Signature sig, Boolean isConstructor)
   at System.Reflection.MethodBaseInvoker.InvokeWithNoArgs(Object obj, BindingFlags invokeAttr)
</StackTrace>
        </ErrorInfo>
      </Output>
    </UnitTestResult>
    <UnitTestResult executionId="e792dbf0-8427-4559-8bfe-fe4167bd95ab" testId="09c1e8b9-f4bd-cb7a-19ba-2bf13a66c37e" testName="Pack_FixedString_Padding" computerName="dadsmbp" duration="00:00:00.0000811" startTime="2025-08-22T08:18:24.0979350-04:00" endTime="2025-08-22T08:18:24.0980370-04:00" testType="13cdc9d9-ddb5-4fa4-a97d-d965ccfc6d4b" outcome="Passed" testListId="8c84fa94-04c1-424b-9868-57a2d4851a1d" relativeResultsDirectory="e792dbf0-8427-4559-8bfe-fe4167bd95ab" />
    <UnitTestResult executionId="69977895-8b8e-4db9-823d-8cbf2a73e7ee" testId="5926ec70-f74b-dd0a-2ec6-8f5699757970" testName="ToString_StringValue_ReturnsString" computerName="dadsmbp" duration="00:00:00.0000514" startTime="2025-08-22T08:18:24.1434930-04:00" endTime="2025-08-22T08:18:24.1435610-04:00" testType="13cdc9d9-ddb5-4fa4-a97d-d965ccfc6d4b" outcome="Passed" testListId="8c84fa94-04c1-424b-9868-57a2d4851a1d" relativeResultsDirectory="69977895-8b8e-4db9-823d-8cbf2a73e7ee" />
    <UnitTestResult executionId="e2022753-b44f-4034-86b9-1211192c1f12" testId="d2f79be1-f1ca-d801-4182-02bc9225c1f3" testName="Len_MixedString_CountsCorrectly" computerName="dadsmbp" duration="00:00:00.0000405" startTime="2025-08-22T08:18:24.1556890-04:00" endTime="2025-08-22T08:18:24.1557480-04:00" testType="13cdc9d9-ddb5-4fa4-a97d-d965ccfc6d4b" outcome="Passed" testListId="8c84fa94-04c1-424b-9868-57a2d4851a1d" relativeResultsDirectory="e2022753-b44f-4034-86b9-1211192c1f12" />
    <UnitTestResult executionId="ecd79295-5011-4bce-a9d0-4f7ce146995f" testId="f1130e59-d09d-ed7f-5879-209442de9d00" testName="Multiply_IntegerInteger_ReturnsCorrectProduct" computerName="dadsmbp" duration="00:00:00.0001093" startTime="2025-08-22T08:18:24.1721730-04:00" endTime="2025-08-22T08:18:24.1722990-04:00" testType="13cdc9d9-ddb5-4fa4-a97d-d965ccfc6d4b" outcome="Passed" testListId="8c84fa94-04c1-424b-9868-57a2d4851a1d" relativeResultsDirectory="ecd79295-5011-4bce-a9d0-4f7ce146995f" />
    <UnitTestResult executionId="dc1d5c42-5584-469f-9ad8-72d342680e9e" testId="fec8e7d0-a919-01a6-d40f-af4e5424a86b" testName="CodePoint_NoArguments_ThrowsException" computerName="dadsmbp" duration="00:00:00.0001035" startTime="2025-08-22T08:18:24.1594920-04:00" endTime="2025-08-22T08:18:24.1596240-04:00" testType="13cdc9d9-ddb5-4fa4-a97d-d965ccfc6d4b" outcome="Passed" testListId="8c84fa94-04c1-424b-9868-57a2d4851a1d" relativeResultsDirectory="dc1d5c42-5584-469f-9ad8-72d342680e9e" />
    <UnitTestResult executionId="f34580f7-a340-4892-b039-40f9cc7986e6" testId="39aacc35-e4dd-8316-f7f7-c8dc0df088dd" testName="Lower_MixedCaseString_ReturnsLowercase" computerName="dadsmbp" duration="00:00:00.0000467" startTime="2025-08-22T08:18:24.0746370-04:00" endTime="2025-08-22T08:18:24.0747130-04:00" testType="13cdc9d9-ddb5-4fa4-a97d-d965ccfc6d4b" outcome="Passed" testListId="8c84fa94-04c1-424b-9868-57a2d4851a1d" relativeResultsDirectory="f34580f7-a340-4892-b039-40f9cc7986e6" />
    <UnitTestResult executionId="9bd8c62d-e343-4775-88f1-2e2f6347710c" testId="d1109ccc-a242-cc78-d211-86880289e44e" testName="Find_UnterminatedCharacterClass_TreatsLiteralBracket" computerName="dadsmbp" duration="00:00:00.0000628" startTime="2025-08-22T08:18:24.1221420-04:00" endTime="2025-08-22T08:18:24.1222290-04:00" testType="13cdc9d9-ddb5-4fa4-a97d-d965ccfc6d4b" outcome="Passed" testListId="8c84fa94-04c1-424b-9868-57a2d4851a1d" relativeResultsDirectory="9bd8c62d-e343-4775-88f1-2e2f6347710c" />
    <UnitTestResult executionId="ffb5b7db-a728-4e58-88a4-1c73473babc4" testId="5fc26d7f-904c-f092-0a78-2a57fde6bffe" testName="ToNumber_NilValue_ThrowsException" computerName="dadsmbp" duration="00:00:00.0000252" startTime="2025-08-22T08:18:24.1417480-04:00" endTime="2025-08-22T08:18:24.1418080-04:00" testType="13cdc9d9-ddb5-4fa4-a97d-d965ccfc6d4b" outcome="Failed" testListId="8c84fa94-04c1-424b-9868-57a2d4851a1d" relativeResultsDirectory="ffb5b7db-a728-4e58-88a4-1c73473babc4">
      <Output>
        <ErrorInfo>
          <Message>Test method did not throw expected exception System.InvalidOperationException. </Message>
        </ErrorInfo>
      </Output>
    </UnitTestResult>
    <UnitTestResult executionId="29160c8d-f8c5-4b1c-a4ce-a8724c8eb2f8" testId="599c52c0-7569-f4bd-5624-e58ca7f44e96" testName="StringToNumber_NegativeInteger_ReturnsCorrectValue" computerName="dadsmbp" duration="00:00:00.0000462" startTime="2025-08-22T08:18:24.1457520-04:00" endTime="2025-08-22T08:18:24.1458170-04:00" testType="13cdc9d9-ddb5-4fa4-a97d-d965ccfc6d4b" outcome="Passed" testListId="8c84fa94-04c1-424b-9868-57a2d4851a1d" relativeResultsDirectory="29160c8d-f8c5-4b1c-a4ce-a8724c8eb2f8" />
    <UnitTestResult executionId="2c93bfce-6274-479f-a048-3963988725e7" testId="f55a5996-a93a-395d-1d6d-59ff353ab40d" testName="GMatch_MissingPattern_ThrowsException" computerName="dadsmbp" duration="00:00:00.0001541" startTime="2025-08-22T08:18:24.1179770-04:00" endTime="2025-08-22T08:18:24.1182130-04:00" testType="13cdc9d9-ddb5-4fa4-a97d-d965ccfc6d4b" outcome="Passed" testListId="8c84fa94-04c1-424b-9868-57a2d4851a1d" relativeResultsDirectory="2c93bfce-6274-479f-a048-3963988725e7" />
    <UnitTestResult executionId="8dbe065e-1a63-4f29-915d-aea530c87038" testId="7a427c76-6277-3d44-85c8-288ce907545c" testName="TryToInteger_FloatWithIntegerValue_ReturnsInteger" computerName="dadsmbp" duration="00:00:00.0000889" startTime="2025-08-22T08:18:24.1760460-04:00" endTime="2025-08-22T08:18:24.1761510-04:00" testType="13cdc9d9-ddb5-4fa4-a97d-d965ccfc6d4b" outcome="Passed" testListId="8c84fa94-04c1-424b-9868-57a2d4851a1d" relativeResultsDirectory="8dbe065e-1a63-4f29-915d-aea530c87038" />
    <UnitTestResult executionId="b2964fb6-3f9d-4b66-89f3-b70aef8840f9" testId="b8768c0b-ea25-073c-58b6-a26a7c43957a" testName="FloorDivide_FloatFloat_ReturnsIntegerResult" computerName="dadsmbp" duration="00:00:00.0002525" startTime="2025-08-22T08:18:24.1724840-04:00" endTime="2025-08-22T08:18:24.1727550-04:00" testType="13cdc9d9-ddb5-4fa4-a97d-d965ccfc6d4b" outcome="Failed" testListId="8c84fa94-04c1-424b-9868-57a2d4851a1d" relativeResultsDirectory="b2964fb6-3f9d-4b66-89f3-b70aef8840f9">
      <Output>
        <ErrorInfo>
          <Message>Assert.AreEqual failed. Expected:&lt;Integer&gt;. Actual:&lt;Float&gt;. </Message>
          <StackTrace>   at FLua.Runtime.LibraryTests.LuaValueTests.FloorDivide_FloatFloat_ReturnsIntegerResult() in /Users/bill/Repos/FLua/FLua.Runtime.LibraryTests/LuaValueTests.cs:line 453
   at System.RuntimeMethodHandle.InvokeMethod(Object target, Void** arguments, Signature sig, Boolean isConstructor)
   at System.Reflection.MethodBaseInvoker.InvokeWithNoArgs(Object obj, BindingFlags invokeAttr)
</StackTrace>
        </ErrorInfo>
      </Output>
    </UnitTestResult>
    <UnitTestResult executionId="4cfbde51-2ae7-45ba-adf1-7bcccb0a13b3" testId="2b109f4d-545f-71f7-985e-4200fa15d786" testName="Max_NoArguments_ThrowsException" computerName="dadsmbp" duration="00:00:00.0001034" startTime="2025-08-22T08:18:24.0349260-04:00" endTime="2025-08-22T08:18:24.0350570-04:00" testType="13cdc9d9-ddb5-4fa4-a97d-d965ccfc6d4b" outcome="Passed" testListId="8c84fa94-04c1-424b-9868-57a2d4851a1d" relativeResultsDirectory="4cfbde51-2ae7-45ba-adf1-7bcccb0a13b3" />
    <UnitTestResult executionId="974661a8-beaf-462c-8123-32e615abc48f" testId="a50baded-3ebb-ce8a-a889-ba502cbb0aaf" testName="ImplicitConversion_BoolToLuaValue_WorksCorrectly" computerName="dadsmbp" duration="00:00:00.0000413" startTime="2025-08-22T08:18:24.1770370-04:00" endTime="2025-08-22T08:18:24.1770950-04:00" testType="13cdc9d9-ddb5-4fa4-a97d-d965ccfc6d4b" outcome="Passed" testListId="8c84fa94-04c1-424b-9868-57a2d4851a1d" relativeResultsDirectory="974661a8-beaf-462c-8123-32e615abc48f" />
    <UnitTestResult executionId="4ca18bed-1a68-460b-b042-718a376ccad8" testId="eb76ace6-853a-21b1-ca5c-5e67b7601320" testName="Sort_Numbers_SortsNumerically" computerName="dadsmbp" duration="00:00:00.0009599" startTime="2025-08-22T08:18:24.1339230-04:00" endTime="2025-08-22T08:18:24.1349050-04:00" testType="13cdc9d9-ddb5-4fa4-a97d-d965ccfc6d4b" outcome="Passed" testListId="8c84fa94-04c1-424b-9868-57a2d4851a1d" relativeResultsDirectory="4ca18bed-1a68-460b-b042-718a376ccad8" />
    <UnitTestResult executionId="257de753-0326-4780-92d3-085ff5b63416" testId="196d6ce2-55a5-ba7c-0853-11dff621fc56" testName="Format_LeftAlignFlag_AlignCorrectly" computerName="dadsmbp" duration="00:00:00.0000622" startTime="2025-08-22T08:18:24.0891660-04:00" endTime="2025-08-22T08:18:24.0892530-04:00" testType="13cdc9d9-ddb5-4fa4-a97d-d965ccfc6d4b" outcome="Passed" testListId="8c84fa94-04c1-424b-9868-57a2d4851a1d" relativeResultsDirectory="257de753-0326-4780-92d3-085ff5b63416" />
    <UnitTestResult executionId="d5fa99a7-43c0-4790-9414-23db11a63261" testId="caa97aeb-b955-b84c-ff17-c4d81181a679" testName="Random_InvalidRange_ThrowsException" computerName="dadsmbp" duration="00:00:00.0001091" startTime="2025-08-22T08:18:24.0416400-04:00" endTime="2025-08-22T08:18:24.0417750-04:00" testType="13cdc9d9-ddb5-4fa4-a97d-d965ccfc6d4b" outcome="Passed" testListId="8c84fa94-04c1-424b-9868-57a2d4851a1d" relativeResultsDirectory="d5fa99a7-43c0-4790-9414-23db11a63261" />
    <UnitTestResult executionId="9d84ab06-d47b-44f1-85f3-329929ee8885" testId="820c4f0e-05b4-2838-625c-3833faffc573" testName="Integer_MinValue_ReturnsCorrectValue" computerName="dadsmbp" duration="00:00:00.0000362" startTime="2025-08-22T08:18:24.1695460-04:00" endTime="2025-08-22T08:18:24.1696040-04:00" testType="13cdc9d9-ddb5-4fa4-a97d-d965ccfc6d4b" outcome="Passed" testListId="8c84fa94-04c1-424b-9868-57a2d4851a1d" relativeResultsDirectory="9d84ab06-d47b-44f1-85f3-329929ee8885" />
    <UnitTestResult executionId="eced6e34-9bbf-4e34-a925-6e722ad82e7b" testId="ea99302a-a9b9-a725-f6ed-10fffa5e3897" testName="DiffTime_PositiveDifference_ReturnsCorrectValue" computerName="dadsmbp" duration="00:00:00.0001566" startTime="2025-08-22T08:18:24.0621700-04:00" endTime="2025-08-22T08:18:24.0623580-04:00" testType="13cdc9d9-ddb5-4fa4-a97d-d965ccfc6d4b" outcome="Passed" testListId="8c84fa94-04c1-424b-9868-57a2d4851a1d" relativeResultsDirectory="eced6e34-9bbf-4e34-a925-6e722ad82e7b" />
    <UnitTestResult executionId="373b23c6-5674-4e3a-ac1c-6c000f0889c9" testId="2f051a86-ec7d-2716-11ce-6dcd168e6855" testName="Pack_Float_PrecisionTest" computerName="dadsmbp" duration="00:00:00.0001029" startTime="2025-08-22T08:18:24.0973800-04:00" endTime="2025-08-22T08:18:24.0975140-04:00" testType="13cdc9d9-ddb5-4fa4-a97d-d965ccfc6d4b" outcome="Passed" testListId="8c84fa94-04c1-424b-9868-57a2d4851a1d" relativeResultsDirectory="373b23c6-5674-4e3a-ac1c-6c000f0889c9" />
    <UnitTestResult executionId="8466b6a7-5d18-43a6-9988-693fb8d59ae0" testId="5b8c6bfa-12fd-de38-151d-c13a681780e1" testName="ToInteger_NonExactFloat_ReturnsNil" computerName="dadsmbp" duration="00:00:00.0000408" startTime="2025-08-22T08:18:24.0423780-04:00" endTime="2025-08-22T08:18:24.0424360-04:00" testType="13cdc9d9-ddb5-4fa4-a97d-d965ccfc6d4b" outcome="Passed" testListId="8c84fa94-04c1-424b-9868-57a2d4851a1d" relativeResultsDirectory="8466b6a7-5d18-43a6-9988-693fb8d59ae0" />
    <UnitTestResult executionId="f582376b-98e1-45a2-893d-62c5fceea938" testId="83532c81-6d36-55f5-0752-3600785002fe" testName="IsNumber_IntegerValue_ReturnsTrue" computerName="dadsmbp" duration="00:00:00.0000329" startTime="2025-08-22T08:18:24.1707960-04:00" endTime="2025-08-22T08:18:24.1708470-04:00" testType="13cdc9d9-ddb5-4fa4-a97d-d965ccfc6d4b" outcome="Passed" testListId="8c84fa94-04c1-424b-9868-57a2d4851a1d" relativeResultsDirectory="f582376b-98e1-45a2-893d-62c5fceea938" />
    <UnitTestResult executionId="cd258521-86b9-4cf3-a2db-46fade96d41d" testId="037af028-4c17-d84f-cacf-d2b184a449de" testName="Match_MultipleCaptureGroups_ReturnsAllCaptures" computerName="dadsmbp" duration="00:00:00.0001904" startTime="2025-08-22T08:18:24.1103770-04:00" endTime="2025-08-22T08:18:24.1106040-04:00" testType="13cdc9d9-ddb5-4fa4-a97d-d965ccfc6d4b" outcome="Failed" testListId="8c84fa94-04c1-424b-9868-57a2d4851a1d" relativeResultsDirectory="cd258521-86b9-4cf3-a2db-46fade96d41d">
      <Output>
        <ErrorInfo>
          <Message>Assert.AreEqual failed. Expected:&lt;hello&gt;. Actual:&lt;world&gt;. </Message>
          <StackTrace>   at FLua.Runtime.LibraryTests.LuaStringLibTests.Match_MultipleCaptureGroups_ReturnsAllCaptures() in /Users/bill/Repos/FLua/FLua.Runtime.LibraryTests/LuaStringLibTests.cs:line 1223
   at System.RuntimeMethodHandle.InvokeMethod(Object target, Void** arguments, Signature sig, Boolean isConstructor)
   at System.Reflection.MethodBaseInvoker.InvokeWithNoArgs(Object obj, BindingFlags invokeAttr)
</StackTrace>
        </ErrorInfo>
      </Output>
    </UnitTestResult>
    <UnitTestResult executionId="f025882f-277b-414c-aaeb-a4e2d084be44" testId="fcda39ff-b557-0a93-d6a5-7d79c9d91933" testName="Max_MultipleArguments_ReturnsLargest" computerName="dadsmbp" duration="00:00:00.0000619" startTime="2025-08-22T08:18:24.0342520-04:00" endTime="2025-08-22T08:18:24.0343320-04:00" testType="13cdc9d9-ddb5-4fa4-a97d-d965ccfc6d4b" outcome="Passed" testListId="8c84fa94-04c1-424b-9868-57a2d4851a1d" relativeResultsDirectory="f025882f-277b-414c-aaeb-a4e2d084be44" />
    <UnitTestResult executionId="d55b8e5b-9c8d-4e12-999b-f972db48f2d2" testId="eb0ad89a-467e-5427-a85d-1b735871336e" testName="Match_MissingPattern_ThrowsException" computerName="dadsmbp" duration="00:00:00.0001380" startTime="2025-08-22T08:18:24.1152570-04:00" endTime="2025-08-22T08:18:24.1154430-04:00" testType="13cdc9d9-ddb5-4fa4-a97d-d965ccfc6d4b" outcome="Passed" testListId="8c84fa94-04c1-424b-9868-57a2d4851a1d" relativeResultsDirectory="d55b8e5b-9c8d-4e12-999b-f972db48f2d2" />
    <UnitTestResult executionId="25652013-c9d8-4c82-bbad-41e5026761ae" testId="c63d86c2-9f73-d877-b5a0-7d8de8f2034a" testName="TypeProperties_AllTypes_ReturnCorrectValues" computerName="dadsmbp" duration="00:00:00.0002070" startTime="2025-08-22T08:18:24.1709800-04:00" endTime="2025-08-22T08:18:24.1712040-04:00" testType="13cdc9d9-ddb5-4fa4-a97d-d965ccfc6d4b" outcome="Passed" testListId="8c84fa94-04c1-424b-9868-57a2d4851a1d" relativeResultsDirectory="25652013-c9d8-4c82-bbad-41e5026761ae" />
    <UnitTestResult executionId="49ccb164-2bca-4081-aa1b-5159423c537e" testId="6f8b2a13-eda3-0198-f134-c98d4de05918" testName="Format_UppercaseHexFormatting_WorksCorrectly" computerName="dadsmbp" duration="00:00:00.0000701" startTime="2025-08-22T08:18:24.0867360-04:00" endTime="2025-08-22T08:18:24.0868380-04:00" testType="13cdc9d9-ddb5-4fa4-a97d-d965ccfc6d4b" outcome="Passed" testListId="8c84fa94-04c1-424b-9868-57a2d4851a1d" relativeResultsDirectory="49ccb164-2bca-4081-aa1b-5159423c537e" />
    <UnitTestResult executionId="f73677e5-a5c0-49ee-8c4a-67ad0632afe4" testId="47ac3cbb-aa32-69aa-eb93-a86a9fb3bda6" testName="Sqrt_Zero_ReturnsZero" computerName="dadsmbp" duration="00:00:00.0000433" startTime="2025-08-22T08:18:24.0402320-04:00" endTime="2025-08-22T08:18:24.0402940-04:00" testType="13cdc9d9-ddb5-4fa4-a97d-d965ccfc6d4b" outcome="Passed" testListId="8c84fa94-04c1-424b-9868-57a2d4851a1d" relativeResultsDirectory="f73677e5-a5c0-49ee-8c4a-67ad0632afe4" />
    <UnitTestResult executionId="d0706f94-db6c-4b16-b33a-89c101f895fe" testId="8cbed7a8-bbf2-1874-8d9f-dc6223aceb35" testName="Remove_FromSingleElementTable_ReturnsElement" computerName="dadsmbp" duration="00:00:00.0000671" startTime="2025-08-22T08:18:24.1301750-04:00" endTime="2025-08-22T08:18:24.1302590-04:00" testType="13cdc9d9-ddb5-4fa4-a97d-d965ccfc6d4b" outcome="Passed" testListId="8c84fa94-04c1-424b-9868-57a2d4851a1d" relativeResultsDirectory="d0706f94-db6c-4b16-b33a-89c101f895fe" />
    <UnitTestResult executionId="1d376613-5e23-4aae-a5e7-f2371388aa68" testId="b38032bb-5665-9be4-fc9e-54ffb90756f6" testName="Pack_VariableSizeSignedInteger_1Byte" computerName="dadsmbp" duration="00:00:00.0000630" startTime="2025-08-22T08:18:24.0965580-04:00" endTime="2025-08-22T08:18:24.0966430-04:00" testType="13cdc9d9-ddb5-4fa4-a97d-d965ccfc6d4b" outcome="Passed" testListId="8c84fa94-04c1-424b-9868-57a2d4851a1d" relativeResultsDirectory="1d376613-5e23-4aae-a5e7-f2371388aa68" />
    <UnitTestResult executionId="d44cdf27-0923-4998-b7d1-f2f645947d42" testId="69724134-57a6-301e-1873-5f66721ff43d" testName="Pack_StringWithLength_DefaultSize" computerName="dadsmbp" duration="00:00:00.0000832" startTime="2025-08-22T08:18:24.0982680-04:00" endTime="2025-08-22T08:18:24.0983730-04:00" testType="13cdc9d9-ddb5-4fa4-a97d-d965ccfc6d4b" outcome="Passed" testListId="8c84fa94-04c1-424b-9868-57a2d4851a1d" relativeResultsDirectory="d44cdf27-0923-4998-b7d1-f2f645947d42" />
    <UnitTestResult executionId="5f038663-6878-4097-91dd-900310e639e6" testId="6bffafa7-179c-fb43-76cb-4d6d8841c323" testName="Date_UTCFormat_ReturnsUTCTime" computerName="dadsmbp" duration="00:00:00.0001018" startTime="2025-08-22T08:18:24.0614380-04:00" endTime="2025-08-22T08:18:24.0615590-04:00" testType="13cdc9d9-ddb5-4fa4-a97d-d965ccfc6d4b" outcome="Passed" testListId="8c84fa94-04c1-424b-9868-57a2d4851a1d" relativeResultsDirectory="5f038663-6878-4097-91dd-900310e639e6" />
    <UnitTestResult executionId="3d75d626-dd5d-4b50-9b5b-df4c61ea6ddb" testId="0095b07d-3265-ab2f-55ff-1bf773bfc729" testName="Pack_Padding_WorksCorrectly" computerName="dadsmbp" duration="00:00:00.0000729" startTime="2025-08-22T08:18:24.0990560-04:00" endTime="2025-08-22T08:18:24.0991540-04:00" testType="13cdc9d9-ddb5-4fa4-a97d-d965ccfc6d4b" outcome="Passed" testListId="8c84fa94-04c1-424b-9868-57a2d4851a1d" relativeResultsDirectory="3d75d626-dd5d-4b50-9b5b-df4c61ea6ddb" />
    <UnitTestResult executionId="9dfd1637-ddba-4059-a1d5-4edbb2703d00" testId="3cc36533-57cf-f049-94fe-b0929a9f967d" testName="Integer_MaxValue_ReturnsCorrectValue" computerName="dadsmbp" duration="00:00:00.0000319" startTime="2025-08-22T08:18:24.1691390-04:00" endTime="2025-08-22T08:18:24.1691870-04:00" testType="13cdc9d9-ddb5-4fa4-a97d-d965ccfc6d4b" outcome="Passed" testListId="8c84fa94-04c1-424b-9868-57a2d4851a1d" relativeResultsDirectory="9dfd1637-ddba-4059-a1d5-4edbb2703d00" />
    <UnitTestResult executionId="d0152cdc-aacb-4db3-a3b3-5687ad081bb1" testId="3c540af4-349e-bde0-27be-ef5bab204a0c" testName="Offset_PositiveOffset_MovesForward" computerName="dadsmbp" duration="00:00:00.0000575" startTime="2025-08-22T08:18:24.1600810-04:00" endTime="2025-08-22T08:18:24.1601590-04:00" testType="13cdc9d9-ddb5-4fa4-a97d-d965ccfc6d4b" outcome="Passed" testListId="8c84fa94-04c1-424b-9868-57a2d4851a1d" relativeResultsDirectory="d0152cdc-aacb-4db3-a3b3-5687ad081bb1" />
    <UnitTestResult executionId="3c49d514-785a-474e-9476-5ffff02aa6d6" testId="f8a856fd-b8ec-e105-fb04-512d8ea885db" testName="SetLocale_CLocale_ReturnsC" computerName="dadsmbp" duration="00:00:00.0000860" startTime="2025-08-22T08:18:24.0644200-04:00" endTime="2025-08-22T08:18:24.0645240-04:00" testType="13cdc9d9-ddb5-4fa4-a97d-d965ccfc6d4b" outcome="Passed" testListId="8c84fa94-04c1-424b-9868-57a2d4851a1d" relativeResultsDirectory="3c49d514-785a-474e-9476-5ffff02aa6d6" />
    <UnitTestResult executionId="14ffdad3-a014-4695-897a-cbc02b918e88" testId="da2d786f-538e-7702-aa12-98bb27105cae" testName="Type_NoArguments_ReturnsNil" computerName="dadsmbp" duration="00:00:00.0001182" startTime="2025-08-22T08:18:24.0201360-04:00" endTime="2025-08-22T08:18:24.0202740-04:00" testType="13cdc9d9-ddb5-4fa4-a97d-d965ccfc6d4b" outcome="Passed" testListId="8c84fa94-04c1-424b-9868-57a2d4851a1d" relativeResultsDirectory="14ffdad3-a014-4695-897a-cbc02b918e88" />
    <UnitTestResult executionId="abc7ca0f-7c49-4033-b394-a143c9e5610c" testId="9d0e765b-206d-289c-6c70-026befa2bf08" testName="AsDouble_FloatValue_ReturnsDoubleValue" computerName="dadsmbp" duration="00:00:00.0000261" startTime="2025-08-22T08:18:24.1779800-04:00" endTime="2025-08-22T08:18:24.1780240-04:00" testType="13cdc9d9-ddb5-4fa4-a97d-d965ccfc6d4b" outcome="Passed" testListId="8c84fa94-04c1-424b-9868-57a2d4851a1d" relativeResultsDirectory="abc7ca0f-7c49-4033-b394-a143c9e5610c" />
    <UnitTestResult executionId="dc8e3c16-3d41-43d2-9cdf-fd154b074168" testId="4b863a5a-2f8f-6229-cf63-cd337141124e" testName="Lines_NonExistentFile_ThrowsException" computerName="dadsmbp" duration="00:00:00.0004300" startTime="2025-08-22T08:18:24.0237260-04:00" endTime="2025-08-22T08:18:24.0242400-04:00" testType="13cdc9d9-ddb5-4fa4-a97d-d965ccfc6d4b" outcome="Passed" testListId="8c84fa94-04c1-424b-9868-57a2d4851a1d" relativeResultsDirectory="dc8e3c16-3d41-43d2-9cdf-fd154b074168" />
    <UnitTestResult executionId="6d0bfcd2-e23a-4c1e-a53c-30fbf13e7d57" testId="5f0ddcb8-e30e-8f66-7d14-631b65aaad0f" testName="Integer_Zero_ReturnsCorrectValue" computerName="dadsmbp" duration="00:00:00.0000330" startTime="2025-08-22T08:18:24.1690840-04:00" endTime="2025-08-22T08:18:24.1691330-04:00" testType="13cdc9d9-ddb5-4fa4-a97d-d965ccfc6d4b" outcome="Passed" testListId="8c84fa94-04c1-424b-9868-57a2d4851a1d" relativeResultsDirectory="6d0bfcd2-e23a-4c1e-a53c-30fbf13e7d57" />
    <UnitTestResult executionId="20011c68-a959-4c04-bff1-7e4c27c8dbb7" testId="b99139a6-eb41-e964-38ea-1f3edbf8e841" testName="ToNumber_StringWithWhitespace_ReturnsCorrectNumber" computerName="dadsmbp" duration="00:00:00.0000355" startTime="2025-08-22T08:18:24.1410380-04:00" endTime="2025-08-22T08:18:24.1410920-04:00" testType="13cdc9d9-ddb5-4fa4-a97d-d965ccfc6d4b" outcome="Passed" testListId="8c84fa94-04c1-424b-9868-57a2d4851a1d" relativeResultsDirectory="20011c68-a959-4c04-bff1-7e4c27c8dbb7" />
    <UnitTestResult executionId="b827b66d-9f9a-47ee-b4db-0156718773a3" testId="8b7b7561-ae52-30ee-a733-a8ffe04da06d" testName="Floor_NearZeroPositive_ReturnsZero" computerName="dadsmbp" duration="00:00:00.0000418" startTime="2025-08-22T08:18:24.0364780-04:00" endTime="2025-08-22T08:18:24.0365370-04:00" testType="13cdc9d9-ddb5-4fa4-a97d-d965ccfc6d4b" outcome="Passed" testListId="8c84fa94-04c1-424b-9868-57a2d4851a1d" relativeResultsDirectory="b827b66d-9f9a-47ee-b4db-0156718773a3" />
    <UnitTestResult executionId="0d1c394c-6296-4420-b345-9b8ef062c7fc" testId="80646168-bc5f-2e48-0309-c13793f0df62" testName="Open_ReadMode_OpensExistingFile" computerName="dadsmbp" duration="00:00:00.0015284" startTime="2025-08-22T08:18:24.0025880-04:00" endTime="2025-08-22T08:18:24.0042770-04:00" testType="13cdc9d9-ddb5-4fa4-a97d-d965ccfc6d4b" outcome="Passed" testListId="8c84fa94-04c1-424b-9868-57a2d4851a1d" relativeResultsDirectory="0d1c394c-6296-4420-b345-9b8ef062c7fc" />
    <UnitTestResult executionId="2c317885-6611-417e-a1b6-b5e41eddb96d" testId="76fe9faa-4618-ea82-de42-cef87ef7ab6f" testName="SetLocale_AllCategory_SetsLocale" computerName="dadsmbp" duration="00:00:00.0000565" startTime="2025-08-22T08:18:24.0661910-04:00" endTime="2025-08-22T08:18:24.0662690-04:00" testType="13cdc9d9-ddb5-4fa4-a97d-d965ccfc6d4b" outcome="Passed" testListId="8c84fa94-04c1-424b-9868-57a2d4851a1d" relativeResultsDirectory="2c317885-6611-417e-a1b6-b5e41eddb96d" />
    <UnitTestResult executionId="e48613cf-e215-4dce-b92f-24b9d076cb52" testId="9eb26002-4ff4-481e-a0be-51994ffd6d3b" testName="TmpName_ReturnsValidTempFileName" computerName="dadsmbp" duration="00:00:00.0002209" startTime="2025-08-22T08:18:24.0680560-04:00" endTime="2025-08-22T08:18:24.0682950-04:00" testType="13cdc9d9-ddb5-4fa4-a97d-d965ccfc6d4b" outcome="Passed" testListId="8c84fa94-04c1-424b-9868-57a2d4851a1d" relativeResultsDirectory="e48613cf-e215-4dce-b92f-24b9d076cb52" />
    <UnitTestResult executionId="f1f7bbc1-d21f-41d4-9de4-d40f47459ffd" testId="53fcdc6f-1a53-2c37-03c9-02277540dcfe" testName="Match_VeryLongString_HandlesCorrectly" computerName="dadsmbp" duration="00:00:00.0001057" startTime="2025-08-22T08:18:24.1142260-04:00" endTime="2025-08-22T08:18:24.1143540-04:00" testType="13cdc9d9-ddb5-4fa4-a97d-d965ccfc6d4b" outcome="Passed" testListId="8c84fa94-04c1-424b-9868-57a2d4851a1d" relativeResultsDirectory="f1f7bbc1-d21f-41d4-9de4-d40f47459ffd" />
    <UnitTestResult executionId="ed1abb0b-fdc0-48b8-86c6-71e418881923" testId="e2b2e85e-40bb-ee45-19ac-a85354ec2aff" testName="Remove_AtPosition_ShiftsElements" computerName="dadsmbp" duration="00:00:00.0001397" startTime="2025-08-22T08:18:24.1297760-04:00" endTime="2025-08-22T08:18:24.1299390-04:00" testType="13cdc9d9-ddb5-4fa4-a97d-d965ccfc6d4b" outcome="Passed" testListId="8c84fa94-04c1-424b-9868-57a2d4851a1d" relativeResultsDirectory="ed1abb0b-fdc0-48b8-86c6-71e418881923" />
    <UnitTestResult executionId="d29ac177-8244-4430-88a3-a1bb9729ff26" testId="56e8f16c-2755-7c09-2d35-9cce1a8a5fce" testName="Sort_NoTable_ThrowsException" computerName="dadsmbp" duration="00:00:00.0001040" startTime="2025-08-22T08:18:24.1358690-04:00" endTime="2025-08-22T08:18:24.1360000-04:00" testType="13cdc9d9-ddb5-4fa4-a97d-d965ccfc6d4b" outcome="Passed" testListId="8c84fa94-04c1-424b-9868-57a2d4851a1d" relativeResultsDirectory="d29ac177-8244-4430-88a3-a1bb9729ff26" />
    <UnitTestResult executionId="c2bbaefd-405f-4fd3-8c18-d5d3bdee37a1" testId="84f1d4b1-bb44-6663-b053-ada892b94f8c" testName="Pack_UnsignedLong_WorksCorrectly" computerName="dadsmbp" duration="00:00:00.0000630" startTime="2025-08-22T08:18:24.0963570-04:00" endTime="2025-08-22T08:18:24.0964410-04:00" testType="13cdc9d9-ddb5-4fa4-a97d-d965ccfc6d4b" outcome="Passed" testListId="8c84fa94-04c1-424b-9868-57a2d4851a1d" relativeResultsDirectory="c2bbaefd-405f-4fd3-8c18-d5d3bdee37a1" />
    <UnitTestResult executionId="b12f4c98-e234-40d6-9d9f-06f5c5c231af" testId="61cba68d-6f00-6386-cb53-aeb815d7cf10" testName="Time_WithDateTable_ReturnsCorrectTimestamp" computerName="dadsmbp" duration="00:00:00.0001705" startTime="2025-08-22T08:18:24.0581220-04:00" endTime="2025-08-22T08:18:24.0583180-04:00" testType="13cdc9d9-ddb5-4fa4-a97d-d965ccfc6d4b" outcome="Passed" testListId="8c84fa94-04c1-424b-9868-57a2d4851a1d" relativeResultsDirectory="b12f4c98-e234-40d6-9d9f-06f5c5c231af" />
    <UnitTestResult executionId="aed06b61-c584-47a8-9b8a-35f7590604d7" testId="ee03bbaa-432e-87a5-cbbb-463cacc67db0" testName="ToInteger_StringWithSpaces_ReturnsInteger" computerName="dadsmbp" duration="00:00:00.0000522" startTime="2025-08-22T08:18:24.0428850-04:00" endTime="2025-08-22T08:18:24.0429590-04:00" testType="13cdc9d9-ddb5-4fa4-a97d-d965ccfc6d4b" outcome="Passed" testListId="8c84fa94-04c1-424b-9868-57a2d4851a1d" relativeResultsDirectory="aed06b61-c584-47a8-9b8a-35f7590604d7" />
    <UnitTestResult executionId="d1851e32-0b04-4841-903a-c0186475f307" testId="255ed03d-88d1-ac23-e858-9c4051807dc7" testName="ToString_FloatValue_ReturnsStringRepresentation" computerName="dadsmbp" duration="00:00:00.0000377" startTime="2025-08-22T08:18:24.1436210-04:00" endTime="2025-08-22T08:18:24.1436750-04:00" testType="13cdc9d9-ddb5-4fa4-a97d-d965ccfc6d4b" outcome="Passed" testListId="8c84fa94-04c1-424b-9868-57a2d4851a1d" relativeResultsDirectory="d1851e32-0b04-4841-903a-c0186475f307" />
    <UnitTestResult executionId="cfd41dca-71d4-4ea3-bcd4-3495db34f910" testId="32684739-aece-8133-523b-5437cf00c332" testName="FileHandle_Read_BeyondEOF_ReturnsNil" computerName="dadsmbp" duration="00:00:00.0004429" startTime="2025-08-22T08:18:24.0125570-04:00" endTime="2025-08-22T08:18:24.0130370-04:00" testType="13cdc9d9-ddb5-4fa4-a97d-d965ccfc6d4b" outcome="Passed" testListId="8c84fa94-04c1-424b-9868-57a2d4851a1d" relativeResultsDirectory="cfd41dca-71d4-4ea3-bcd4-3495db34f910" />
    <UnitTestResult executionId="b553a27f-5ade-493c-9f89-46e092a39260" testId="21990a7c-5cca-9f6a-aea0-ace86ae84ccb" testName="Find_PatternLongerThanString_ReturnsNil" computerName="dadsmbp" duration="00:00:00.0000505" startTime="2025-08-22T08:18:24.1208830-04:00" endTime="2025-08-22T08:18:24.1209550-04:00" testType="13cdc9d9-ddb5-4fa4-a97d-d965ccfc6d4b" outcome="Passed" testListId="8c84fa94-04c1-424b-9868-57a2d4851a1d" relativeResultsDirectory="b553a27f-5ade-493c-9f89-46e092a39260" />
    <UnitTestResult executionId="7b0185ed-926d-498b-b5dc-d5ce5d81b6ed" testId="f5771f47-72bb-2b74-51a1-2368d016e1ff" testName="Sort_ReverseSorted_GetsReversed" computerName="dadsmbp" duration="00:00:00.0000821" startTime="2025-08-22T08:18:24.1357630-04:00" endTime="2025-08-22T08:18:24.1358610-04:00" testType="13cdc9d9-ddb5-4fa4-a97d-d965ccfc6d4b" outcome="Passed" testListId="8c84fa94-04c1-424b-9868-57a2d4851a1d" relativeResultsDirectory="7b0185ed-926d-498b-b5dc-d5ce5d81b6ed" />
    <UnitTestResult executionId="b3efd7e5-2817-4e40-b361-98c2dc531fa5" testId="5120adc9-5543-4180-ab04-3d6847e634e7" testName="CodePoint_ControlCharacters_HandlesCorrectly" computerName="dadsmbp" duration="00:00:00.0000421" startTime="2025-08-22T08:18:24.1628490-04:00" endTime="2025-08-22T08:18:24.1629080-04:00" testType="13cdc9d9-ddb5-4fa4-a97d-d965ccfc6d4b" outcome="Passed" testListId="8c84fa94-04c1-424b-9868-57a2d4851a1d" relativeResultsDirectory="b3efd7e5-2817-4e40-b361-98c2dc531fa5" />
    <UnitTestResult executionId="48d527d1-3d40-4902-b513-b813f401b3ca" testId="590adee5-50f6-084e-de58-916930d7bbd1" testName="Len_NilArgument_ThrowsException" computerName="dadsmbp" duration="00:00:00.0001104" startTime="2025-08-22T08:18:24.0719730-04:00" endTime="2025-08-22T08:18:24.0721190-04:00" testType="13cdc9d9-ddb5-4fa4-a97d-d965ccfc6d4b" outcome="Passed" testListId="8c84fa94-04c1-424b-9868-57a2d4851a1d" relativeResultsDirectory="48d527d1-3d40-4902-b513-b813f401b3ca" />
    <UnitTestResult executionId="b806dce8-bc23-4ce4-b1ee-bd88e7cb40d3" testId="35cd6f78-6d0e-1ad0-f328-76b29b7411f0" testName="Offset_NegativeOffset_MovesBackward" computerName="dadsmbp" duration="00:00:00.0000505" startTime="2025-08-22T08:18:24.1601670-04:00" endTime="2025-08-22T08:18:24.1602350-04:00" testType="13cdc9d9-ddb5-4fa4-a97d-d965ccfc6d4b" outcome="Passed" testListId="8c84fa94-04c1-424b-9868-57a2d4851a1d" relativeResultsDirectory="b806dce8-bc23-4ce4-b1ee-bd88e7cb40d3" />
    <UnitTestResult executionId="4b41f9da-117e-4130-ae76-8e5e986d5dca" testId="77e7eb16-37aa-1a4c-c76f-b65b7044c57c" testName="CodePoint_EmojiString_ReturnsEmojiCodePoint" computerName="dadsmbp" duration="00:00:00.0000425" startTime="2025-08-22T08:18:24.1587090-04:00" endTime="2025-08-22T08:18:24.1587690-04:00" testType="13cdc9d9-ddb5-4fa4-a97d-d965ccfc6d4b" outcome="Passed" testListId="8c84fa94-04c1-424b-9868-57a2d4851a1d" relativeResultsDirectory="4b41f9da-117e-4130-ae76-8e5e986d5dca" />
    <UnitTestResult executionId="6aa390d4-b5fa-4af0-b7fe-391eabdf0855" testId="3725ed9d-fa75-4215-a7b8-4a32f173aba8" testName="Exp_One_ReturnsE" computerName="dadsmbp" duration="00:00:00.0000419" startTime="2025-08-22T08:18:24.0394470-04:00" endTime="2025-08-22T08:18:24.0395050-04:00" testType="13cdc9d9-ddb5-4fa4-a97d-d965ccfc6d4b" outcome="Passed" testListId="8c84fa94-04c1-424b-9868-57a2d4851a1d" relativeResultsDirectory="6aa390d4-b5fa-4af0-b7fe-391eabdf0855" />
    <UnitTestResult executionId="c266f7cc-2ac0-482a-8adc-8d074de1217e" testId="dac940c8-7974-39d2-69a3-556042fa8985" testName="ToNumber_ZeroString_ReturnsZero" computerName="dadsmbp" duration="00:00:00.0000327" startTime="2025-08-22T08:18:24.1411560-04:00" endTime="2025-08-22T08:18:24.1412060-04:00" testType="13cdc9d9-ddb5-4fa4-a97d-d965ccfc6d4b" outcome="Passed" testListId="8c84fa94-04c1-424b-9868-57a2d4851a1d" relativeResultsDirectory="c266f7cc-2ac0-482a-8adc-8d074de1217e" />
    <UnitTestResult executionId="49714ffd-a710-4cff-bc57-90650e4e35ab" testId="b1290e8a-3650-3b20-9f96-245bcab7ff4e" testName="Char_NoArguments_ReturnsEmptyString" computerName="dadsmbp" duration="00:00:00.0000378" startTime="2025-08-22T08:18:24.1574140-04:00" endTime="2025-08-22T08:18:24.1574670-04:00" testType="13cdc9d9-ddb5-4fa4-a97d-d965ccfc6d4b" outcome="Passed" testListId="8c84fa94-04c1-424b-9868-57a2d4851a1d" relativeResultsDirectory="49714ffd-a710-4cff-bc57-90650e4e35ab" />
    <UnitTestResult executionId="843aeed0-d685-4a60-ade2-8faf16b2a361" testId="1abe0b29-ffbf-39a6-7724-fc14377111b2" testName="Rep_EmptyString_ReturnsEmpty" computerName="dadsmbp" duration="00:00:00.0000490" startTime="2025-08-22T08:18:24.0788920-04:00" endTime="2025-08-22T08:18:24.0789650-04:00" testType="13cdc9d9-ddb5-4fa4-a97d-d965ccfc6d4b" outcome="Passed" testListId="8c84fa94-04c1-424b-9868-57a2d4851a1d" relativeResultsDirectory="843aeed0-d685-4a60-ade2-8faf16b2a361" />
    <UnitTestResult executionId="a3501170-b7ca-48d1-8ee3-a33b50066d5e" testId="47b82896-45a0-a4a5-9d50-f3fbe1a7464b" testName="Len_NumberAsString_ReturnsStringLength" computerName="dadsmbp" duration="00:00:00.0000505" startTime="2025-08-22T08:18:24.0716630-04:00" endTime="2025-08-22T08:18:24.0717440-04:00" testType="13cdc9d9-ddb5-4fa4-a97d-d965ccfc6d4b" outcome="Passed" testListId="8c84fa94-04c1-424b-9868-57a2d4851a1d" relativeResultsDirectory="a3501170-b7ca-48d1-8ee3-a33b50066d5e" />
    <UnitTestResult executionId="77aa2f5c-63aa-41ee-b508-ef87df2da022" testId="9b56cfb9-586a-9651-3fac-504fa070f523" testName="FileHandle_Read_ZeroCount_ReturnsEmpty" computerName="dadsmbp" duration="00:00:00.0005505" startTime="2025-08-22T08:18:24.0119220-04:00" endTime="2025-08-22T08:18:24.0125320-04:00" testType="13cdc9d9-ddb5-4fa4-a97d-d965ccfc6d4b" outcome="Passed" testListId="8c84fa94-04c1-424b-9868-57a2d4851a1d" relativeResultsDirectory="77aa2f5c-63aa-41ee-b508-ef87df2da022" />
    <UnitTestResult executionId="da8cac5f-47ea-4c2a-989a-442d12c8eb05" testId="2612273a-d5c4-4832-8695-dd20406cbed0" testName="CreateNumber_ZeroDouble_ReturnsZeroFloat" computerName="dadsmbp" duration="00:00:00.0002089" startTime="2025-08-22T08:18:24.1656110-04:00" endTime="2025-08-22T08:18:24.1658370-04:00" testType="13cdc9d9-ddb5-4fa4-a97d-d965ccfc6d4b" outcome="Failed" testListId="8c84fa94-04c1-424b-9868-57a2d4851a1d" relativeResultsDirectory="da8cac5f-47ea-4c2a-989a-442d12c8eb05">
      <Output>
        <ErrorInfo>
          <Message>Assert.AreEqual failed. Expected:&lt;Float&gt;. Actual:&lt;Integer&gt;. </Message>
          <StackTrace>   at FLua.Runtime.LibraryTests.LuaValueHelpersTests.CreateNumber_ZeroDouble_ReturnsZeroFloat() in /Users/bill/Repos/FLua/FLua.Runtime.LibraryTests/LuaValueHelpersTests.cs:line 180
   at System.RuntimeMethodHandle.InvokeMethod(Object target, Void** arguments, Signature sig, Boolean isConstructor)
   at System.Reflection.MethodBaseInvoker.InvokeWithNoArgs(Object obj, BindingFlags invokeAttr)
</StackTrace>
        </ErrorInfo>
      </Output>
    </UnitTestResult>
    <UnitTestResult executionId="7d729581-e423-47cd-9036-6bf45d6d75c5" testId="124d3c7b-3365-bbdd-9d85-586dea470e39" testName="Match_StartBeyondString_ReturnsNil" computerName="dadsmbp" duration="00:00:00.0000524" startTime="2025-08-22T08:18:24.1021200-04:00" endTime="2025-08-22T08:18:24.1021940-04:00" testType="13cdc9d9-ddb5-4fa4-a97d-d965ccfc6d4b" outcome="Passed" testListId="8c84fa94-04c1-424b-9868-57a2d4851a1d" relativeResultsDirectory="7d729581-e423-47cd-9036-6bf45d6d75c5" />
    <UnitTestResult executionId="c2e05682-9c8a-4c97-bcdf-1355bff451f9" testId="c30f375d-bb42-6c2b-5206-9699f2408f8e" testName="ManyVariables_Performance_Acceptable" computerName="dadsmbp" duration="00:00:00.0006117" startTime="2025-08-22T08:18:24.0016900-04:00" endTime="2025-08-22T08:18:24.0023210-04:00" testType="13cdc9d9-ddb5-4fa4-a97d-d965ccfc6d4b" outcome="Passed" testListId="8c84fa94-04c1-424b-9868-57a2d4851a1d" relativeResultsDirectory="c2e05682-9c8a-4c97-bcdf-1355bff451f9" />
    <UnitTestResult executionId="6de81d87-4756-4c98-978b-96b11869b933" testId="9612546d-018d-a9c4-f710-6f8b93722d9b" testName="Format_IntegerFormatting_WorksCorrectly" computerName="dadsmbp" duration="00:00:00.0001518" startTime="2025-08-22T08:18:24.0854870-04:00" endTime="2025-08-22T08:18:24.0856900-04:00" testType="13cdc9d9-ddb5-4fa4-a97d-d965ccfc6d4b" outcome="Passed" testListId="8c84fa94-04c1-424b-9868-57a2d4851a1d" relativeResultsDirectory="6de81d87-4756-4c98-978b-96b11869b933" />
    <UnitTestResult executionId="8cbac854-77e8-4564-aa12-a4a084960dfc" testId="3a9ab7c4-305b-e025-0b7a-1a16c88ced2d" testName="CreateStandardEnvironment_HasMetatableFunctions" computerName="dadsmbp" duration="00:00:00.0000657" startTime="2025-08-22T08:18:23.9957730-04:00" endTime="2025-08-22T08:18:23.9958600-04:00" testType="13cdc9d9-ddb5-4fa4-a97d-d965ccfc6d4b" outcome="Passed" testListId="8c84fa94-04c1-424b-9868-57a2d4851a1d" relativeResultsDirectory="8cbac854-77e8-4564-aa12-a4a084960dfc" />
    <UnitTestResult executionId="74bc1b62-ea7f-4626-a648-a907dfc392fe" testId="46b73069-0ed5-b1f9-c58c-87f44366a25e" testName="Pack_StringLength_TooLarge_ThrowsException" computerName="dadsmbp" duration="00:00:00.0001329" startTime="2025-08-22T08:18:24.0988660-04:00" endTime="2025-08-22T08:18:24.0990450-04:00" testType="13cdc9d9-ddb5-4fa4-a97d-d965ccfc6d4b" outcome="Passed" testListId="8c84fa94-04c1-424b-9868-57a2d4851a1d" relativeResultsDirectory="74bc1b62-ea7f-4626-a648-a907dfc392fe" />
    <UnitTestResult executionId="75682007-cdb5-4652-8891-2135339ea4b4" testId="97d244a7-1a5e-678e-299a-e574ad165cd5" testName="Date_UnixEpoch_ReturnsCorrectDate" computerName="dadsmbp" duration="00:00:00.0001678" startTime="2025-08-22T08:18:24.0698540-04:00" endTime="2025-08-22T08:18:24.0700450-04:00" testType="13cdc9d9-ddb5-4fa4-a97d-d965ccfc6d4b" outcome="Passed" testListId="8c84fa94-04c1-424b-9868-57a2d4851a1d" relativeResultsDirectory="75682007-cdb5-4652-8891-2135339ea4b4" />
    <UnitTestResult executionId="43c430b5-3758-4f1a-90e6-d29486299e36" testId="75426563-105d-051c-51b4-c45cb83a72e3" testName="HasVariable_ChecksLocalThenGlobal" computerName="dadsmbp" duration="00:00:00.0002088" startTime="2025-08-22T08:18:23.9903190-04:00" endTime="2025-08-22T08:18:23.9906150-04:00" testType="13cdc9d9-ddb5-4fa4-a97d-d965ccfc6d4b" outcome="Passed" testListId="8c84fa94-04c1-424b-9868-57a2d4851a1d" relativeResultsDirectory="43c430b5-3758-4f1a-90e6-d29486299e36" />
    <UnitTestResult executionId="7dcaeb2a-2079-4324-b04e-53ed4b868b07" testId="848fbea3-efed-1259-ade9-233ff86cddbc" testName="Modulo_IntegerInteger_ReturnsCorrectRemainder" computerName="dadsmbp" duration="00:00:00.0001150" startTime="2025-08-22T08:18:24.1727640-04:00" endTime="2025-08-22T08:18:24.1729010-04:00" testType="13cdc9d9-ddb5-4fa4-a97d-d965ccfc6d4b" outcome="Passed" testListId="8c84fa94-04c1-424b-9868-57a2d4851a1d" relativeResultsDirectory="7dcaeb2a-2079-4324-b04e-53ed4b868b07" />
    <UnitTestResult executionId="3e956726-d728-49e3-ad7e-111242c396ac" testId="91fa945e-534a-024b-68c1-09481e2cfed7" testName="Abs_PositiveInfinity_ReturnsPositiveInfinity" computerName="dadsmbp" duration="00:00:00.0000524" startTime="2025-08-22T08:18:24.0328140-04:00" endTime="2025-08-22T08:18:24.0328860-04:00" testType="13cdc9d9-ddb5-4fa4-a97d-d965ccfc6d4b" outcome="Passed" testListId="8c84fa94-04c1-424b-9868-57a2d4851a1d" relativeResultsDirectory="3e956726-d728-49e3-ad7e-111242c396ac" />
    <UnitTestResult executionId="217c787d-21af-410a-86d8-5707d50f2dcd" testId="44c2b30a-73d1-23ad-9948-fc56edd29d71" testName="IsTable_NonTableValues_ReturnsFalse" computerName="dadsmbp" duration="00:00:00.0000389" startTime="2025-08-22T08:18:24.1673310-04:00" endTime="2025-08-22T08:18:24.1673860-04:00" testType="13cdc9d9-ddb5-4fa4-a97d-d965ccfc6d4b" outcome="Passed" testListId="8c84fa94-04c1-424b-9868-57a2d4851a1d" relativeResultsDirectory="217c787d-21af-410a-86d8-5707d50f2dcd" />
    <UnitTestResult executionId="37084aa2-81db-43e7-b507-1e367a213a59" testId="393d8447-963e-7f24-cf6e-98d97ad5ad33" testName="IsTruthy_AllOtherTypes_ReturnTrue" computerName="dadsmbp" duration="00:00:00.0000572" startTime="2025-08-22T08:18:24.1747580-04:00" endTime="2025-08-22T08:18:24.1748320-04:00" testType="13cdc9d9-ddb5-4fa4-a97d-d965ccfc6d4b" outcome="Passed" testListId="8c84fa94-04c1-424b-9868-57a2d4851a1d" relativeResultsDirectory="37084aa2-81db-43e7-b507-1e367a213a59" />
    <UnitTestResult executionId="d45c1761-75b7-4e82-a601-4149fb7699e5" testId="04edf3a2-5fe7-091f-aa74-ced4a831b2e3" testName="GetTypeName_FunctionValue_ReturnsFunction" computerName="dadsmbp" duration="00:00:00.0000949" startTime="2025-08-22T08:18:24.1445980-04:00" endTime="2025-08-22T08:18:24.1447100-04:00" testType="13cdc9d9-ddb5-4fa4-a97d-d965ccfc6d4b" outcome="Passed" testListId="8c84fa94-04c1-424b-9868-57a2d4851a1d" relativeResultsDirectory="d45c1761-75b7-4e82-a601-4149fb7699e5" />
    <UnitTestResult executionId="3c5b9ceb-5c4e-43cb-9571-281426a4c7d5" testId="8b7d5bc8-c8ce-1412-af68-97cd16f8e716" testName="CodePoint_EmptyString_ReturnsEmpty" computerName="dadsmbp" duration="00:00:00.0000327" startTime="2025-08-22T08:18:24.1590010-04:00" endTime="2025-08-22T08:18:24.1590500-04:00" testType="13cdc9d9-ddb5-4fa4-a97d-d965ccfc6d4b" outcome="Passed" testListId="8c84fa94-04c1-424b-9868-57a2d4851a1d" relativeResultsDirectory="3c5b9ceb-5c4e-43cb-9571-281426a4c7d5" />
    <UnitTestResult executionId="ba5159d4-11b4-4851-a313-f61263bec9e6" testId="af4adf45-29e6-c2e3-2de7-876094d3ec0f" testName="DeepEnvironmentHierarchy_HandledCorrectly" computerName="dadsmbp" duration="00:00:00.0001485" startTime="2025-08-22T08:18:24.0023350-04:00" endTime="2025-08-22T08:18:24.0025780-04:00" testType="13cdc9d9-ddb5-4fa4-a97d-d965ccfc6d4b" outcome="Passed" testListId="8c84fa94-04c1-424b-9868-57a2d4851a1d" relativeResultsDirectory="ba5159d4-11b4-4851-a313-f61263bec9e6" />
    <UnitTestResult executionId="31d8fa3b-6ac0-480a-8e65-d6af4c58e3e3" testId="f477e06b-3d5f-bee0-38bd-bff285d6fa2d" testName="Remove_ExistingFile_ReturnsTrue" computerName="dadsmbp" duration="00:00:00.0005833" startTime="2025-08-22T08:18:24.0668890-04:00" endTime="2025-08-22T08:18:24.0674950-04:00" testType="13cdc9d9-ddb5-4fa4-a97d-d965ccfc6d4b" outcome="Passed" testListId="8c84fa94-04c1-424b-9868-57a2d4851a1d" relativeResultsDirectory="31d8fa3b-6ac0-480a-8e65-d6af4c58e3e3" />
    <UnitTestResult executionId="6604db39-5674-4360-92eb-11b03231cec5" testId="b1281940-f7f8-63c3-f3ba-f29258f117ee" testName="Move_MissingArguments_ThrowsException" computerName="dadsmbp" duration="00:00:00.0001284" startTime="2025-08-22T08:18:24.1321330-04:00" endTime="2025-08-22T08:18:24.1322870-04:00" testType="13cdc9d9-ddb5-4fa4-a97d-d965ccfc6d4b" outcome="Passed" testListId="8c84fa94-04c1-424b-9868-57a2d4851a1d" relativeResultsDirectory="6604db39-5674-4360-92eb-11b03231cec5" />
    <UnitTestResult executionId="b085215c-2e69-44ca-a458-f9df67b656fa" testId="cfef56c6-2396-ef92-3122-6427ef7aeee9" testName="Abs_MinValue_ReturnsMinValue" computerName="dadsmbp" duration="00:00:00.0000465" startTime="2025-08-22T08:18:24.0324400-04:00" endTime="2025-08-22T08:18:24.0325070-04:00" testType="13cdc9d9-ddb5-4fa4-a97d-d965ccfc6d4b" outcome="Passed" testListId="8c84fa94-04c1-424b-9868-57a2d4851a1d" relativeResultsDirectory="b085215c-2e69-44ca-a458-f9df67b656fa" />
    <UnitTestResult executionId="71894906-f83e-4119-b0cb-69b84e69155c" testId="9b50ae46-74c2-0e66-4e47-9cab9e38eccf" testName="Char_NonIntegerArgument_ThrowsException" computerName="dadsmbp" duration="00:00:00.0000976" startTime="2025-08-22T08:18:24.1581270-04:00" endTime="2025-08-22T08:18:24.1582500-04:00" testType="13cdc9d9-ddb5-4fa4-a97d-d965ccfc6d4b" outcome="Passed" testListId="8c84fa94-04c1-424b-9868-57a2d4851a1d" relativeResultsDirectory="71894906-f83e-4119-b0cb-69b84e69155c" />
    <UnitTestResult executionId="629f8231-3c2e-40e5-831c-9d27ca9b1654" testId="28203906-87b7-67ae-2629-b9a0fb52b6d8" testName="Abs_NilArgument_ThrowsException" computerName="dadsmbp" duration="00:00:00.0001007" startTime="2025-08-22T08:18:24.0336830-04:00" endTime="2025-08-22T08:18:24.0338100-04:00" testType="13cdc9d9-ddb5-4fa4-a97d-d965ccfc6d4b" outcome="Passed" testListId="8c84fa94-04c1-424b-9868-57a2d4851a1d" relativeResultsDirectory="629f8231-3c2e-40e5-831c-9d27ca9b1654" />
    <UnitTestResult executionId="ea09f84b-1dfb-40c4-8509-4bb7313a8b85" testId="fff38a50-6978-73d7-97be-0090cd17e9f4" testName="CreateStandardEnvironment_HasBasicFunctions" computerName="dadsmbp" duration="00:00:00.0042802" startTime="2025-08-22T08:18:23.9910700-04:00" endTime="2025-08-22T08:18:23.9954040-04:00" testType="13cdc9d9-ddb5-4fa4-a97d-d965ccfc6d4b" outcome="Passed" testListId="8c84fa94-04c1-424b-9868-57a2d4851a1d" relativeResultsDirectory="ea09f84b-1dfb-40c4-8509-4bb7313a8b85" />
    <UnitTestResult executionId="0bebee2d-4143-4a70-8b87-b81429b7d075" testId="9511ab97-a3b6-dc47-a5eb-e8d4aa09e933" testName="Len_OutOfBoundsStart_ReturnsZero" computerName="dadsmbp" duration="00:00:00.0000437" startTime="2025-08-22T08:18:24.1559870-04:00" endTime="2025-08-22T08:18:24.1560480-04:00" testType="13cdc9d9-ddb5-4fa4-a97d-d965ccfc6d4b" outcome="Passed" testListId="8c84fa94-04c1-424b-9868-57a2d4851a1d" relativeResultsDirectory="0bebee2d-4143-4a70-8b87-b81429b7d075" />
    <UnitTestResult executionId="a22f2d1a-c881-4376-9147-727729757025" testId="a00a85f6-c83e-9567-9587-55100932b603" testName="Tan_Zero_ReturnsZero" computerName="dadsmbp" duration="00:00:00.0000940" startTime="2025-08-22T08:18:24.0388060-04:00" endTime="2025-08-22T08:18:24.0389180-04:00" testType="13cdc9d9-ddb5-4fa4-a97d-d965ccfc6d4b" outcome="Passed" testListId="8c84fa94-04c1-424b-9868-57a2d4851a1d" relativeResultsDirectory="a22f2d1a-c881-4376-9147-727729757025" />
    <UnitTestResult executionId="58b1387f-96d4-414e-a2da-68c38582b92b" testId="f0713fbf-9795-fb87-dc72-78a566934f4f" testName="Date_DefaultFormat_ReturnsFormattedString" computerName="dadsmbp" duration="00:00:00.0013788" startTime="2025-08-22T08:18:24.0594380-04:00" endTime="2025-08-22T08:18:24.0608450-04:00" testType="13cdc9d9-ddb5-4fa4-a97d-d965ccfc6d4b" outcome="Passed" testListId="8c84fa94-04c1-424b-9868-57a2d4851a1d" relativeResultsDirectory="58b1387f-96d4-414e-a2da-68c38582b92b" />
    <UnitTestResult executionId="b7a8062d-df01-4b42-94b7-748e6110e6ba" testId="5188b289-d241-dc5f-5994-5803e3cbfcd3" testName="Insert_AtPosition_ShiftsElements" computerName="dadsmbp" duration="00:00:00.0006067" startTime="2025-08-22T08:18:24.1268380-04:00" endTime="2025-08-22T08:18:24.1274980-04:00" testType="13cdc9d9-ddb5-4fa4-a97d-d965ccfc6d4b" outcome="Passed" testListId="8c84fa94-04c1-424b-9868-57a2d4851a1d" relativeResultsDirectory="b7a8062d-df01-4b42-94b7-748e6110e6ba" />
    <UnitTestResult executionId="bfae190e-fa35-4d9b-8cd7-d99ce75e2706" testId="2f8e678b-4650-b4bf-8f5f-1e968fcf762f" testName="FileHandle_Write_SingleString" computerName="dadsmbp" duration="00:00:00.0003951" startTime="2025-08-22T08:18:24.0134560-04:00" endTime="2025-08-22T08:18:24.0138800-04:00" testType="13cdc9d9-ddb5-4fa4-a97d-d965ccfc6d4b" outcome="Passed" testListId="8c84fa94-04c1-424b-9868-57a2d4851a1d" relativeResultsDirectory="bfae190e-fa35-4d9b-8cd7-d99ce75e2706" />
    <UnitTestResult executionId="4465cc42-8055-4feb-8dbd-78dda98eb5ca" testId="16196e7e-8c1d-a121-8e50-bc789f45bf42" testName="PackSize_ValidFormat_ReturnsSize" computerName="dadsmbp" duration="00:00:00.0003176" startTime="2025-08-22T08:18:24.0934310-04:00" endTime="2025-08-22T08:18:24.0937740-04:00" testType="13cdc9d9-ddb5-4fa4-a97d-d965ccfc6d4b" outcome="Passed" testListId="8c84fa94-04c1-424b-9868-57a2d4851a1d" relativeResultsDirectory="4465cc42-8055-4feb-8dbd-78dda98eb5ca" />
    <UnitTestResult executionId="65a59f19-100f-44c4-9c81-43ca051c0daa" testId="a7df0caf-e635-8a6b-7a7a-cb512aedeaf2" testName="Codes_ASCIIString_ReturnsIterator" computerName="dadsmbp" duration="00:00:00.0005056" startTime="2025-08-22T08:18:24.1610770-04:00" endTime="2025-08-22T08:18:24.1616050-04:00" testType="13cdc9d9-ddb5-4fa4-a97d-d965ccfc6d4b" outcome="Passed" testListId="8c84fa94-04c1-424b-9868-57a2d4851a1d" relativeResultsDirectory="65a59f19-100f-44c4-9c81-43ca051c0daa" />
    <UnitTestResult executionId="1302d023-31a2-41d3-9d16-17237a3873a8" testId="69b291bb-5a9f-ecaa-0be9-3fda0d5c8920" testName="Find_NegatedCharacterClass_MatchesExceptSet" computerName="dadsmbp" duration="00:00:00.0002227" startTime="2025-08-22T08:18:24.1191220-04:00" endTime="2025-08-22T08:18:24.1193700-04:00" testType="13cdc9d9-ddb5-4fa4-a97d-d965ccfc6d4b" outcome="Failed" testListId="8c84fa94-04c1-424b-9868-57a2d4851a1d" relativeResultsDirectory="1302d023-31a2-41d3-9d16-17237a3873a8">
      <Output>
        <ErrorInfo>
          <Message>Assert.AreEqual failed. Expected:&lt;2&gt;. Actual:&lt;1&gt;. </Message>
          <StackTrace>   at FLua.Runtime.LibraryTests.LuaStringLibTests.Find_NegatedCharacterClass_MatchesExceptSet() in /Users/bill/Repos/FLua/FLua.Runtime.LibraryTests/LuaStringLibTests.cs:line 1502
   at System.RuntimeMethodHandle.InvokeMethod(Object target, Void** arguments, Signature sig, Boolean isConstructor)
   at System.Reflection.MethodBaseInvoker.InvokeWithNoArgs(Object obj, BindingFlags invokeAttr)
</StackTrace>
        </ErrorInfo>
      </Output>
    </UnitTestResult>
    <UnitTestResult executionId="fb49e94a-61b0-4e16-a8c0-db69bc18f763" testId="1c68a643-0b2a-59da-b10f-67013d7542a4" testName="Char_NegativeValue_ThrowsException" computerName="dadsmbp" duration="00:00:00.0001545" startTime="2025-08-22T08:18:24.0764990-04:00" endTime="2025-08-22T08:18:24.0767000-04:00" testType="13cdc9d9-ddb5-4fa4-a97d-d965ccfc6d4b" outcome="Passed" testListId="8c84fa94-04c1-424b-9868-57a2d4851a1d" relativeResultsDirectory="fb49e94a-61b0-4e16-a8c0-db69bc18f763" />
    <UnitTestResult executionId="d2b28288-d786-4b30-b459-277c3401dc4a" testId="aa3b852f-cc11-9ed5-e993-0c70235b4caf" testName="CharPattern_HasCorrectValue" computerName="dadsmbp" duration="00:00:00.0000489" startTime="2025-08-22T08:18:24.1622940-04:00" endTime="2025-08-22T08:18:24.1623590-04:00" testType="13cdc9d9-ddb5-4fa4-a97d-d965ccfc6d4b" outcome="Passed" testListId="8c84fa94-04c1-424b-9868-57a2d4851a1d" relativeResultsDirectory="d2b28288-d786-4b30-b459-277c3401dc4a" />
    <UnitTestResult executionId="8d0d958f-2550-412e-bbfd-4e11d5f4c99c" testId="1aef1e14-ab3d-a461-ee80-f27b864ed7cf" testName="SetVariable_DifferentTypes_AllSupported" computerName="dadsmbp" duration="00:00:00.0010957" startTime="2025-08-22T08:18:23.9735020-04:00" endTime="2025-08-22T08:18:23.9746280-04:00" testType="13cdc9d9-ddb5-4fa4-a97d-d965ccfc6d4b" outcome="Passed" testListId="8c84fa94-04c1-424b-9868-57a2d4851a1d" relativeResultsDirectory="8d0d958f-2550-412e-bbfd-4e11d5f4c99c" />
    <UnitTestResult executionId="6c353713-210a-41a0-bd39-f97d1978691d" testId="e8e7e8b2-544a-dfe0-aff7-6f7f43f6fb0c" testName="Min_WithNegativeInfinity_ReturnsNegativeInfinity" computerName="dadsmbp" duration="00:00:00.0000519" startTime="2025-08-22T08:18:24.0355170-04:00" endTime="2025-08-22T08:18:24.0355880-04:00" testType="13cdc9d9-ddb5-4fa4-a97d-d965ccfc6d4b" outcome="Passed" testListId="8c84fa94-04c1-424b-9868-57a2d4851a1d" relativeResultsDirectory="6c353713-210a-41a0-bd39-f97d1978691d" />
    <UnitTestResult executionId="37c3c170-d637-46ea-9a26-93cb4a32c067" testId="ec103471-4d87-2a17-10f9-3da97d31d9bc" testName="FileHandle_ReadAfterClose_ThrowsException" computerName="dadsmbp" duration="00:00:00.0004644" startTime="2025-08-22T08:18:24.0167190-04:00" endTime="2025-08-22T08:18:24.0172380-04:00" testType="13cdc9d9-ddb5-4fa4-a97d-d965ccfc6d4b" outcome="Passed" testListId="8c84fa94-04c1-424b-9868-57a2d4851a1d" relativeResultsDirectory="37c3c170-d637-46ea-9a26-93cb4a32c067" />
    <UnitTestResult executionId="95f2697b-a42c-4586-b2a7-f1e1e83605ed" testId="3b9f54eb-8de3-b189-bbd7-8852b278301c" testName="GetHashCode_SameValues_ReturnsSameHash" computerName="dadsmbp" duration="00:00:00.0000368" startTime="2025-08-22T08:18:24.1740500-04:00" endTime="2025-08-22T08:18:24.1741040-04:00" testType="13cdc9d9-ddb5-4fa4-a97d-d965ccfc6d4b" outcome="Passed" testListId="8c84fa94-04c1-424b-9868-57a2d4851a1d" relativeResultsDirectory="95f2697b-a42c-4586-b2a7-f1e1e83605ed" />
    <UnitTestResult executionId="eb7abd62-59fa-4a59-a9b0-98af91fca248" testId="6e0480a2-e23c-3dae-1b00-9a923cff2450" testName="Codes_EmojiString_HandlesEmoji" computerName="dadsmbp" duration="00:00:00.0000848" startTime="2025-08-22T08:18:24.1619690-04:00" endTime="2025-08-22T08:18:24.1620700-04:00" testType="13cdc9d9-ddb5-4fa4-a97d-d965ccfc6d4b" outcome="Passed" testListId="8c84fa94-04c1-424b-9868-57a2d4851a1d" relativeResultsDirectory="eb7abd62-59fa-4a59-a9b0-98af91fca248" />
    <UnitTestResult executionId="045b7487-7d24-4c3a-b3c3-267e13250a93" testId="f8170700-62ea-10e9-5b9a-cbd40a7cc0c2" testName="Char_MaxValue255_ReturnsHighASCII" computerName="dadsmbp" duration="00:00:00.0000684" startTime="2025-08-22T08:18:24.0763830-04:00" endTime="2025-08-22T08:18:24.0764850-04:00" testType="13cdc9d9-ddb5-4fa4-a97d-d965ccfc6d4b" outcome="Passed" testListId="8c84fa94-04c1-424b-9868-57a2d4851a1d" relativeResultsDirectory="045b7487-7d24-4c3a-b3c3-267e13250a93" />
    <UnitTestResult executionId="88f49723-5c90-4392-a708-84d4aa2aa955" testId="d912bce0-3671-c8d0-96d4-0f06af9e2253" testName="Match_OptionalCaptureGroup_HandlesCorrectly" computerName="dadsmbp" duration="00:00:00.0002016" startTime="2025-08-22T08:18:24.1115980-04:00" endTime="2025-08-22T08:18:24.1118300-04:00" testType="13cdc9d9-ddb5-4fa4-a97d-d965ccfc6d4b" outcome="Failed" testListId="8c84fa94-04c1-424b-9868-57a2d4851a1d" relativeResultsDirectory="88f49723-5c90-4392-a708-84d4aa2aa955">
      <Output>
        <ErrorInfo>
          <Message>Assert.AreEqual failed. Expected:&lt;1&gt;. Actual:&lt;0&gt;. </Message>
          <StackTrace>   at FLua.Runtime.LibraryTests.LuaStringLibTests.Match_OptionalCaptureGroup_HandlesCorrectly() in /Users/bill/Repos/FLua/FLua.Runtime.LibraryTests/LuaStringLibTests.cs:line 1252
   at System.RuntimeMethodHandle.InvokeMethod(Object target, Void** arguments, Signature sig, Boolean isConstructor)
   at System.Reflection.MethodBaseInvoker.InvokeWithNoArgs(Object obj, BindingFlags invokeAttr)
</StackTrace>
        </ErrorInfo>
      </Output>
    </UnitTestResult>
    <UnitTestResult executionId="65b8d806-9e8b-463c-b351-bcc65c2f4952" testId="bc5b4279-4cbd-3d1b-6c3c-43a92a980df8" testName="AsString_NilValue_ThrowsException" computerName="dadsmbp" duration="00:00:00.0000846" startTime="2025-08-22T08:18:24.1777320-04:00" endTime="2025-08-22T08:18:24.1778430-04:00" testType="13cdc9d9-ddb5-4fa4-a97d-d965ccfc6d4b" outcome="Passed" testListId="8c84fa94-04c1-424b-9868-57a2d4851a1d" relativeResultsDirectory="65b8d806-9e8b-463c-b351-bcc65c2f4952" />
    <UnitTestResult executionId="d5148eea-8eb4-4f04-97b1-75f22307b3bf" testId="8f7ff48a-4c1e-4d61-fde9-42fc25934238" testName="Pack_NoArguments_ReturnsEmptyTableWithCount" computerName="dadsmbp" duration="00:00:00.0001490" startTime="2025-08-22T08:18:24.1361340-04:00" endTime="2025-08-22T08:18:24.1363010-04:00" testType="13cdc9d9-ddb5-4fa4-a97d-d965ccfc6d4b" outcome="Passed" testListId="8c84fa94-04c1-424b-9868-57a2d4851a1d" relativeResultsDirectory="d5148eea-8eb4-4f04-97b1-75f22307b3bf" />
    <UnitTestResult executionId="7d2de641-012f-4e99-95f5-9b525eb9437a" testId="4218853d-609e-8179-fbd8-9f18a53333b1" testName="Len_VeryLongString_HandlesCorrectly" computerName="dadsmbp" duration="00:00:00.0001933" startTime="2025-08-22T08:18:24.1629860-04:00" endTime="2025-08-22T08:18:24.1631960-04:00" testType="13cdc9d9-ddb5-4fa4-a97d-d965ccfc6d4b" outcome="Passed" testListId="8c84fa94-04c1-424b-9868-57a2d4851a1d" relativeResultsDirectory="7d2de641-012f-4e99-95f5-9b525eb9437a" />
    <UnitTestResult executionId="57487a0c-ba70-4d78-b344-9f98356cac78" testId="329390c7-be25-eb32-0931-3c61f1551a71" testName="FileHandle_Write_MultipleStrings" computerName="dadsmbp" duration="00:00:00.0003941" startTime="2025-08-22T08:18:24.0138930-04:00" endTime="2025-08-22T08:18:24.0143170-04:00" testType="13cdc9d9-ddb5-4fa4-a97d-d965ccfc6d4b" outcome="Passed" testListId="8c84fa94-04c1-424b-9868-57a2d4851a1d" relativeResultsDirectory="57487a0c-ba70-4d78-b344-9f98356cac78" />
    <UnitTestResult executionId="e585f0ce-ff45-4f59-8c3e-4968349039a0" testId="02dc116f-8b19-4672-020d-011c8a6b46a7" testName="UnaryMinus_PositiveInteger_ReturnsNegative" computerName="dadsmbp" duration="00:00:00.0000919" startTime="2025-08-22T08:18:24.1733870-04:00" endTime="2025-08-22T08:18:24.1734990-04:00" testType="13cdc9d9-ddb5-4fa4-a97d-d965ccfc6d4b" outcome="Passed" testListId="8c84fa94-04c1-424b-9868-57a2d4851a1d" relativeResultsDirectory="e585f0ce-ff45-4f59-8c3e-4968349039a0" />
    <UnitTestResult executionId="4a6de3e0-a728-433c-a696-7431d3c24ee6" testId="722cd6e6-520c-c38c-565b-863e1072acd7" testName="TypeConversion_Performance_ManyConversions" computerName="dadsmbp" duration="00:00:00.0002940" startTime="2025-08-22T08:18:24.1537780-04:00" endTime="2025-08-22T08:18:24.1541250-04:00" testType="13cdc9d9-ddb5-4fa4-a97d-d965ccfc6d4b" outcome="Passed" testListId="8c84fa94-04c1-424b-9868-57a2d4851a1d" relativeResultsDirectory="4a6de3e0-a728-433c-a696-7431d3c24ee6" />
    <UnitTestResult executionId="697f0c74-42b6-4ed2-9bb7-6d5e1cd37fcf" testId="fd69c4ac-50bd-7e5b-7ad0-78485a15572d" testName="CreateChild_CreatesChildEnvironment" computerName="dadsmbp" duration="00:00:00.0000949" startTime="2025-08-22T08:18:23.9906560-04:00" endTime="2025-08-22T08:18:23.9907800-04:00" testType="13cdc9d9-ddb5-4fa4-a97d-d965ccfc6d4b" outcome="Passed" testListId="8c84fa94-04c1-424b-9868-57a2d4851a1d" relativeResultsDirectory="697f0c74-42b6-4ed2-9bb7-6d5e1cd37fcf" />
    <UnitTestResult executionId="f26001fb-c6f3-49f6-8a48-069a6f7df875" testId="cbd44fa0-1841-feeb-ba6f-9b2a2996baf7" testName="Pack_PreservesNilValues_IncludesInCount" computerName="dadsmbp" duration="00:00:00.0001183" startTime="2025-08-22T08:18:24.1369340-04:00" endTime="2025-08-22T08:18:24.1370760-04:00" testType="13cdc9d9-ddb5-4fa4-a97d-d965ccfc6d4b" outcome="Passed" testListId="8c84fa94-04c1-424b-9868-57a2d4851a1d" relativeResultsDirectory="f26001fb-c6f3-49f6-8a48-069a6f7df875" />
    <UnitTestResult executionId="5e0cba7d-38fa-4960-b6c9-51882671ef26" testId="bf6984f3-23f5-96b6-ec6d-970fa211de8c" testName="Cos_PiOver2_ReturnsZero" computerName="dadsmbp" duration="00:00:00.0000442" startTime="2025-08-22T08:18:24.0387340-04:00" endTime="2025-08-22T08:18:24.0387980-04:00" testType="13cdc9d9-ddb5-4fa4-a97d-d965ccfc6d4b" outcome="Passed" testListId="8c84fa94-04c1-424b-9868-57a2d4851a1d" relativeResultsDirectory="5e0cba7d-38fa-4960-b6c9-51882671ef26" />
    <UnitTestResult executionId="07e96326-528b-44a1-8e67-d5588cd7dfa0" testId="3d90cd3d-ee12-6e09-21a9-d0a8acdd81f8" testName="CreateNumber_MinLong_ReturnsMinInteger" computerName="dadsmbp" duration="00:00:00.0000288" startTime="2025-08-22T08:18:24.1663710-04:00" endTime="2025-08-22T08:18:24.1664170-04:00" testType="13cdc9d9-ddb5-4fa4-a97d-d965ccfc6d4b" outcome="Passed" testListId="8c84fa94-04c1-424b-9868-57a2d4851a1d" relativeResultsDirectory="07e96326-528b-44a1-8e67-d5588cd7dfa0" />
    <UnitTestResult executionId="3664100f-5b8b-4eaa-8e29-3eacb93fbe60" testId="d4e1f88d-41ce-084a-764a-04bbb509148d" testName="Floor_PositiveFloat_ReturnsFloor" computerName="dadsmbp" duration="00:00:00.0000511" startTime="2025-08-22T08:18:24.0361010-04:00" endTime="2025-08-22T08:18:24.0361770-04:00" testType="13cdc9d9-ddb5-4fa4-a97d-d965ccfc6d4b" outcome="Passed" testListId="8c84fa94-04c1-424b-9868-57a2d4851a1d" relativeResultsDirectory="3664100f-5b8b-4eaa-8e29-3eacb93fbe60" />
    <UnitTestResult executionId="531f67a2-37dc-4dab-9bac-e529c05cbf07" testId="da8c1c06-614a-07f5-8ed3-ca61da1ccd9b" testName="Format_WidthSpecifier_PadsCorrectly" computerName="dadsmbp" duration="00:00:00.0000740" startTime="2025-08-22T08:18:24.0890580-04:00" endTime="2025-08-22T08:18:24.0891570-04:00" testType="13cdc9d9-ddb5-4fa4-a97d-d965ccfc6d4b" outcome="Passed" testListId="8c84fa94-04c1-424b-9868-57a2d4851a1d" relativeResultsDirectory="531f67a2-37dc-4dab-9bac-e529c05cbf07" />
    <UnitTestResult executionId="189e1aa5-6593-4574-a401-d87019c32ec7" testId="b931607b-ba65-f0fe-f4b5-565ebc4e7bc9" testName="Find_SimplePattern_ReturnsPosition" computerName="dadsmbp" duration="00:00:00.0014980" startTime="2025-08-22T08:18:24.0793150-04:00" endTime="2025-08-22T08:18:24.0808480-04:00" testType="13cdc9d9-ddb5-4fa4-a97d-d965ccfc6d4b" outcome="Passed" testListId="8c84fa94-04c1-424b-9868-57a2d4851a1d" relativeResultsDirectory="189e1aa5-6593-4574-a401-d87019c32ec7" />
    <UnitTestResult executionId="80e4bdf5-df09-4c71-ba15-607ee1f47c10" testId="53bb8678-03b7-4bbc-dee8-5dab70b705f3" testName="Match_CharacterClass_MatchesSet" computerName="dadsmbp" duration="00:00:00.0002372" startTime="2025-08-22T08:18:24.1026540-04:00" endTime="2025-08-22T08:18:24.1029150-04:00" testType="13cdc9d9-ddb5-4fa4-a97d-d965ccfc6d4b" outcome="Passed" testListId="8c84fa94-04c1-424b-9868-57a2d4851a1d" relativeResultsDirectory="80e4bdf5-df09-4c71-ba15-607ee1f47c10" />
    <UnitTestResult executionId="4c2152e9-8f9e-4f5d-94a7-8dc8f401436a" testId="d1ccdec5-7d6a-f381-3938-017c672cf4cc" testName="CodePoint_UnicodeString_ReturnsCorrectCodePoints" computerName="dadsmbp" duration="00:00:00.0000559" startTime="2025-08-22T08:18:24.1586240-04:00" endTime="2025-08-22T08:18:24.1587010-04:00" testType="13cdc9d9-ddb5-4fa4-a97d-d965ccfc6d4b" outcome="Passed" testListId="8c84fa94-04c1-424b-9868-57a2d4851a1d" relativeResultsDirectory="4c2152e9-8f9e-4f5d-94a7-8dc8f401436a" />
    <UnitTestResult executionId="8de30aeb-f1a8-4821-ad12-ed2d4f080a07" testId="853a1028-490c-1729-f33f-53860c4d5e46" testName="ToNumber_InvalidString_ThrowsException" computerName="dadsmbp" duration="00:00:00.0000342" startTime="2025-08-22T08:18:24.1412120-04:00" endTime="2025-08-22T08:18:24.1412830-04:00" testType="13cdc9d9-ddb5-4fa4-a97d-d965ccfc6d4b" outcome="Failed" testListId="8c84fa94-04c1-424b-9868-57a2d4851a1d" relativeResultsDirectory="8de30aeb-f1a8-4821-ad12-ed2d4f080a07">
      <Output>
        <ErrorInfo>
          <Message>Test method did not throw expected exception System.InvalidOperationException. </Message>
        </ErrorInfo>
      </Output>
    </UnitTestResult>
    <UnitTestResult executionId="fd7e6587-4845-4339-8704-68d431c6ce8a" testId="c9e3b85c-08c6-c9b0-c2c1-08d8f5887312" testName="Rep_CountOne_ReturnsSameString" computerName="dadsmbp" duration="00:00:00.0000662" startTime="2025-08-22T08:18:24.0784970-04:00" endTime="2025-08-22T08:18:24.0785990-04:00" testType="13cdc9d9-ddb5-4fa4-a97d-d965ccfc6d4b" outcome="Passed" testListId="8c84fa94-04c1-424b-9868-57a2d4851a1d" relativeResultsDirectory="fd7e6587-4845-4339-8704-68d431c6ce8a" />
    <UnitTestResult executionId="b9d05c26-4731-4354-a3a5-c2805a3490ab" testId="d5f79c47-ffc8-b440-c71d-83b2bd2cd7bc" testName="ToInteger_NegativeIntegerString_ReturnsCorrectInteger" computerName="dadsmbp" duration="00:00:00.0000336" startTime="2025-08-22T08:18:24.1425100-04:00" endTime="2025-08-22T08:18:24.1425610-04:00" testType="13cdc9d9-ddb5-4fa4-a97d-d965ccfc6d4b" outcome="Passed" testListId="8c84fa94-04c1-424b-9868-57a2d4851a1d" relativeResultsDirectory="b9d05c26-4731-4354-a3a5-c2805a3490ab" />
    <UnitTestResult executionId="7135c8b7-eeea-4c79-aca0-26a7aad3224f" testId="39a175cb-8470-7478-0559-74546990a78a" testName="SetLocale_POSIXLocale_ReturnsC" computerName="dadsmbp" duration="00:00:00.0000584" startTime="2025-08-22T08:18:24.0645320-04:00" endTime="2025-08-22T08:18:24.0646080-04:00" testType="13cdc9d9-ddb5-4fa4-a97d-d965ccfc6d4b" outcome="Passed" testListId="8c84fa94-04c1-424b-9868-57a2d4851a1d" relativeResultsDirectory="7135c8b7-eeea-4c79-aca0-26a7aad3224f" />
    <UnitTestResult executionId="aed8f33c-e009-416c-834d-4560590bc999" testId="69d81196-4db6-658e-c598-91e2e91ff420" testName="Lower_UppercaseString_ReturnsLowercase" computerName="dadsmbp" duration="00:00:00.0000815" startTime="2025-08-22T08:18:24.0741530-04:00" endTime="2025-08-22T08:18:24.0742570-04:00" testType="13cdc9d9-ddb5-4fa4-a97d-d965ccfc6d4b" outcome="Passed" testListId="8c84fa94-04c1-424b-9868-57a2d4851a1d" relativeResultsDirectory="aed8f33c-e009-416c-834d-4560590bc999" />
    <UnitTestResult executionId="996945e5-5d06-4dde-82c9-90f35d39596c" testId="952a8a71-b4cd-9818-5a02-92acc1efe8b0" testName="Pack_SizeT_WorksCorrectly" computerName="dadsmbp" duration="00:00:00.0001473" startTime="2025-08-22T08:18:24.0991630-04:00" endTime="2025-08-22T08:18:24.0993600-04:00" testType="13cdc9d9-ddb5-4fa4-a97d-d965ccfc6d4b" outcome="Passed" testListId="8c84fa94-04c1-424b-9868-57a2d4851a1d" relativeResultsDirectory="996945e5-5d06-4dde-82c9-90f35d39596c" />
    <UnitTestResult executionId="931bde66-bff2-4aad-8a73-5f331b0ecb39" testId="bef66b0d-967a-cee6-357a-0a9c38b52500" testName="Add_IntegerInteger_ReturnsCorrectSum" computerName="dadsmbp" duration="00:00:00.0001311" startTime="2025-08-22T08:18:24.1712110-04:00" endTime="2025-08-22T08:18:24.1713600-04:00" testType="13cdc9d9-ddb5-4fa4-a97d-d965ccfc6d4b" outcome="Passed" testListId="8c84fa94-04c1-424b-9868-57a2d4851a1d" relativeResultsDirectory="931bde66-bff2-4aad-8a73-5f331b0ecb39" />
    <UnitTestResult executionId="0a0e2aae-de8d-4f08-82a0-7c88d2d65e86" testId="2f5449f4-ae34-2096-d216-329b99d5ec46" testName="Unpack_NonTable_ThrowsException" computerName="dadsmbp" duration="00:00:00.0000942" startTime="2025-08-22T08:18:24.1379580-04:00" endTime="2025-08-22T08:18:24.1380770-04:00" testType="13cdc9d9-ddb5-4fa4-a97d-d965ccfc6d4b" outcome="Passed" testListId="8c84fa94-04c1-424b-9868-57a2d4851a1d" relativeResultsDirectory="0a0e2aae-de8d-4f08-82a0-7c88d2d65e86" />
    <UnitTestResult executionId="c856bc9f-63af-4758-8d8c-8aaa2da19010" testId="09da649e-f156-15bf-398b-520b4478c270" testName="ToInteger_FloatWithIntegerValue_ReturnsInteger" computerName="dadsmbp" duration="00:00:00.0000468" startTime="2025-08-22T08:18:24.1423020-04:00" endTime="2025-08-22T08:18:24.1423710-04:00" testType="13cdc9d9-ddb5-4fa4-a97d-d965ccfc6d4b" outcome="Passed" testListId="8c84fa94-04c1-424b-9868-57a2d4851a1d" relativeResultsDirectory="c856bc9f-63af-4758-8d8c-8aaa2da19010" />
    <UnitTestResult executionId="4ebb0230-12b9-4065-9703-c3d60baf11c3" testId="ccf23ab7-115e-2662-58a4-13e2a82492a2" testName="GetNumber_FloatValue_ReturnsCorrectDouble" computerName="dadsmbp" duration="00:00:00.0000801" startTime="2025-08-22T08:18:24.1643440-04:00" endTime="2025-08-22T08:18:24.1644410-04:00" testType="13cdc9d9-ddb5-4fa4-a97d-d965ccfc6d4b" outcome="Passed" testListId="8c84fa94-04c1-424b-9868-57a2d4851a1d" relativeResultsDirectory="4ebb0230-12b9-4065-9703-c3d60baf11c3" />
    <UnitTestResult executionId="0d370f01-bd70-499e-8de3-8137d0553643" testId="19bc8828-c242-ab6c-68b7-511c9c806723" testName="ToBoolean_TrueValue_ReturnsTrue" computerName="dadsmbp" duration="00:00:00.0000406" startTime="2025-08-22T08:18:24.1437880-04:00" endTime="2025-08-22T08:18:24.1438440-04:00" testType="13cdc9d9-ddb5-4fa4-a97d-d965ccfc6d4b" outcome="Passed" testListId="8c84fa94-04c1-424b-9868-57a2d4851a1d" relativeResultsDirectory="0d370f01-bd70-499e-8de3-8137d0553643" />
    <UnitTestResult executionId="f66b4603-030a-4534-b918-2b4185f96d6e" testId="2933f253-5c44-bde7-7981-7cb778f4736c" testName="Dispose_ReleasesResources" computerName="dadsmbp" duration="00:00:00.0000359" startTime="2025-08-22T08:18:24.0015330-04:00" endTime="2025-08-22T08:18:24.0015900-04:00" testType="13cdc9d9-ddb5-4fa4-a97d-d965ccfc6d4b" outcome="Passed" testListId="8c84fa94-04c1-424b-9868-57a2d4851a1d" relativeResultsDirectory="f66b4603-030a-4534-b918-2b4185f96d6e" />
    <UnitTestResult executionId="6ffeec66-1e19-42b2-93a7-9eadb2244889" testId="3d768b9a-c4ab-bbaf-9f45-9650c89ece8c" testName="Concat_SimpleArray_JoinsElements" computerName="dadsmbp" duration="00:00:00.0002481" startTime="2025-08-22T08:18:24.1324360-04:00" endTime="2025-08-22T08:18:24.1327030-04:00" testType="13cdc9d9-ddb5-4fa4-a97d-d965ccfc6d4b" outcome="Passed" testListId="8c84fa94-04c1-424b-9868-57a2d4851a1d" relativeResultsDirectory="6ffeec66-1e19-42b2-93a7-9eadb2244889" />
    <UnitTestResult executionId="5b06d01d-957e-485d-96cc-f49c3a97c66e" testId="9af04cd0-e415-7c62-a390-eb66c8800892" testName="Equals_DifferentIntegerValues_ReturnsFalse" computerName="dadsmbp" duration="00:00:00.0000432" startTime="2025-08-22T08:18:24.1736580-04:00" endTime="2025-08-22T08:18:24.1737180-04:00" testType="13cdc9d9-ddb5-4fa4-a97d-d965ccfc6d4b" outcome="Passed" testListId="8c84fa94-04c1-424b-9868-57a2d4851a1d" relativeResultsDirectory="5b06d01d-957e-485d-96cc-f49c3a97c66e" />
    <UnitTestResult executionId="dd55786d-ea89-4c93-b0df-b2125ee8c815" testId="4ff82df3-2a8b-d871-a8b5-23e407fbce15" testName="FileHandle_Flush_SuccessfulFlush" computerName="dadsmbp" duration="00:00:00.0003793" startTime="2025-08-22T08:18:24.0181600-04:00" endTime="2025-08-22T08:18:24.0185670-04:00" testType="13cdc9d9-ddb5-4fa4-a97d-d965ccfc6d4b" outcome="Passed" testListId="8c84fa94-04c1-424b-9868-57a2d4851a1d" relativeResultsDirectory="dd55786d-ea89-4c93-b0df-b2125ee8c815" />
    <UnitTestResult executionId="919ebc25-b677-4cd8-a7a6-3958d306a3ce" testId="7313386a-5d26-9aa2-0acf-f3c0e885a30b" testName="Find_StartBeyondStringLength_ReturnsNil" computerName="dadsmbp" duration="00:00:00.0000510" startTime="2025-08-22T08:18:24.0817370-04:00" endTime="2025-08-22T08:18:24.0818130-04:00" testType="13cdc9d9-ddb5-4fa4-a97d-d965ccfc6d4b" outcome="Passed" testListId="8c84fa94-04c1-424b-9868-57a2d4851a1d" relativeResultsDirectory="919ebc25-b677-4cd8-a7a6-3958d306a3ce" />
    <UnitTestResult executionId="3e658c32-e508-4964-8c16-265712e14c2f" testId="280bdde6-aea9-003d-2c18-953337083652" testName="Type_Function_ReturnsCorrectTypes" computerName="dadsmbp" duration="00:00:00.0002537" startTime="2025-08-22T08:18:23.9984580-04:00" endTime="2025-08-22T08:18:23.9987510-04:00" testType="13cdc9d9-ddb5-4fa4-a97d-d965ccfc6d4b" outcome="Passed" testListId="8c84fa94-04c1-424b-9868-57a2d4851a1d" relativeResultsDirectory="3e658c32-e508-4964-8c16-265712e14c2f" />
    <UnitTestResult executionId="9dc945b8-64ec-40fe-8f0b-a00cbd9dc96b" testId="e50414de-0354-82ef-9f8b-66fe1fd6787f" testName="Date_TableFormat_ReturnsDateTable" computerName="dadsmbp" duration="00:00:00.0003058" startTime="2025-08-22T08:18:24.0608640-04:00" endTime="2025-08-22T08:18:24.0612050-04:00" testType="13cdc9d9-ddb5-4fa4-a97d-d965ccfc6d4b" outcome="Passed" testListId="8c84fa94-04c1-424b-9868-57a2d4851a1d" relativeResultsDirectory="9dc945b8-64ec-40fe-8f0b-a00cbd9dc96b" />
    <UnitTestResult executionId="41deeb91-95eb-41fb-965f-512fb6cc4d87" testId="9174375c-0b3c-1055-5fb5-df8ca562869a" testName="Len_EmojiString_CountsCorrectly" computerName="dadsmbp" duration="00:00:00.0000444" startTime="2025-08-22T08:18:24.1556160-04:00" endTime="2025-08-22T08:18:24.1556810-04:00" testType="13cdc9d9-ddb5-4fa4-a97d-d965ccfc6d4b" outcome="Passed" testListId="8c84fa94-04c1-424b-9868-57a2d4851a1d" relativeResultsDirectory="41deeb91-95eb-41fb-965f-512fb6cc4d87" />
    <UnitTestResult executionId="171fc5af-e3eb-4579-9d19-0ffbf895ab54" testId="342e01e1-9cce-68b1-12c2-b542ef47ae8d" testName="TypeConversion_BooleanTruthiness_FollowsLuaRules" computerName="dadsmbp" duration="00:00:00.0000770" startTime="2025-08-22T08:18:24.1524500-04:00" endTime="2025-08-22T08:18:24.1525480-04:00" testType="13cdc9d9-ddb5-4fa4-a97d-d965ccfc6d4b" outcome="Passed" testListId="8c84fa94-04c1-424b-9868-57a2d4851a1d" relativeResultsDirectory="171fc5af-e3eb-4579-9d19-0ffbf895ab54" />
    <UnitTestResult executionId="52f74296-5739-423d-853f-c2470d9296c2" testId="b33ce3c3-a76e-3fd5-774d-ad2d0e8829fd" testName="Pack_NoArguments_ThrowsException" computerName="dadsmbp" duration="00:00:00.0001024" startTime="2025-08-22T08:18:24.0951730-04:00" endTime="2025-08-22T08:18:24.0953050-04:00" testType="13cdc9d9-ddb5-4fa4-a97d-d965ccfc6d4b" outcome="Passed" testListId="8c84fa94-04c1-424b-9868-57a2d4851a1d" relativeResultsDirectory="52f74296-5739-423d-853f-c2470d9296c2" />
    <UnitTestResult executionId="e5942063-1a3e-4406-8b56-b131d6b0b87f" testId="d7f62077-1ab5-34a1-6b82-6e34851d7055" testName="FileHandle_Close_SuccessfulClose" computerName="dadsmbp" duration="00:00:00.0003435" startTime="2025-08-22T08:18:24.0163340-04:00" endTime="2025-08-22T08:18:24.0167080-04:00" testType="13cdc9d9-ddb5-4fa4-a97d-d965ccfc6d4b" outcome="Passed" testListId="8c84fa94-04c1-424b-9868-57a2d4851a1d" relativeResultsDirectory="e5942063-1a3e-4406-8b56-b131d6b0b87f" />
    <UnitTestResult executionId="80d5e2c3-71b7-411f-83fb-236ed6a20647" testId="e141e7ed-cf22-2d48-27ef-158fbcb16ad6" testName="Match_EmptyString_ReturnsNil" computerName="dadsmbp" duration="00:00:00.0000533" startTime="2025-08-22T08:18:24.1139680-04:00" endTime="2025-08-22T08:18:24.1140480-04:00" testType="13cdc9d9-ddb5-4fa4-a97d-d965ccfc6d4b" outcome="Passed" testListId="8c84fa94-04c1-424b-9868-57a2d4851a1d" relativeResultsDirectory="80d5e2c3-71b7-411f-83fb-236ed6a20647" />
    <UnitTestResult executionId="a5070bb2-fc6b-45ef-bb55-54b4170613d2" testId="c02a12a3-eb79-001a-eceb-d655add22afb" testName="SetLocalVariable_CreatesInCurrentScope" computerName="dadsmbp" duration="00:00:00.0002986" startTime="2025-08-22T08:18:23.9746490-04:00" endTime="2025-08-22T08:18:23.9749820-04:00" testType="13cdc9d9-ddb5-4fa4-a97d-d965ccfc6d4b" outcome="Passed" testListId="8c84fa94-04c1-424b-9868-57a2d4851a1d" relativeResultsDirectory="a5070bb2-fc6b-45ef-bb55-54b4170613d2" />
    <UnitTestResult executionId="d71cd1dc-c9e4-49d6-b8dc-a23c2ac541a4" testId="cfe3c6cb-f9cb-e7fb-76df-ae6bb4558124" testName="Reverse_NormalString_ReturnsReversed" computerName="dadsmbp" duration="00:00:00.0002653" startTime="2025-08-22T08:18:24.0748770-04:00" endTime="2025-08-22T08:18:24.0751790-04:00" testType="13cdc9d9-ddb5-4fa4-a97d-d965ccfc6d4b" outcome="Passed" testListId="8c84fa94-04c1-424b-9868-57a2d4851a1d" relativeResultsDirectory="d71cd1dc-c9e4-49d6-b8dc-a23c2ac541a4" />
    <UnitTestResult executionId="a85c1446-3154-4ac7-b743-a20bf5d49e5b" testId="75dc166b-6aaa-dfc7-7d3f-834ca55d7568" testName="ToInteger_MinLongValue_ReturnsMinValue" computerName="dadsmbp" duration="00:00:00.0000330" startTime="2025-08-22T08:18:24.1434340-04:00" endTime="2025-08-22T08:18:24.1434840-04:00" testType="13cdc9d9-ddb5-4fa4-a97d-d965ccfc6d4b" outcome="Passed" testListId="8c84fa94-04c1-424b-9868-57a2d4851a1d" relativeResultsDirectory="a85c1446-3154-4ac7-b743-a20bf5d49e5b" />
    <UnitTestResult executionId="bfbf8e40-b0af-4334-982a-d3202d8d1629" testId="82acd130-2fd0-0ba2-61ee-17254e47c79e" testName="ImplicitConversion_StringToLuaValue_WorksCorrectly" computerName="dadsmbp" duration="00:00:00.0000292" startTime="2025-08-22T08:18:24.1769860-04:00" endTime="2025-08-22T08:18:24.1770310-04:00" testType="13cdc9d9-ddb5-4fa4-a97d-d965ccfc6d4b" outcome="Passed" testListId="8c84fa94-04c1-424b-9868-57a2d4851a1d" relativeResultsDirectory="bfbf8e40-b0af-4334-982a-d3202d8d1629" />
    <UnitTestResult executionId="cc74ebaf-6f04-42e2-9f4b-500b1d92e3ef" testId="a7865787-7750-24f4-b467-d1d7c819c4a4" testName="Cos_Zero_ReturnsOne" computerName="dadsmbp" duration="00:00:00.0001032" startTime="2025-08-22T08:18:24.0385970-04:00" endTime="2025-08-22T08:18:24.0387240-04:00" testType="13cdc9d9-ddb5-4fa4-a97d-d965ccfc6d4b" outcome="Passed" testListId="8c84fa94-04c1-424b-9868-57a2d4851a1d" relativeResultsDirectory="cc74ebaf-6f04-42e2-9f4b-500b1d92e3ef" />
    <UnitTestResult executionId="f8ba4acf-31d6-4de8-b9f7-664974a2e404" testId="81dea3be-097f-0510-60ee-4ed801fd3da2" testName="Rep_CountZero_ReturnsEmptyString" computerName="dadsmbp" duration="00:00:00.0000558" startTime="2025-08-22T08:18:24.0786120-04:00" endTime="2025-08-22T08:18:24.0787010-04:00" testType="13cdc9d9-ddb5-4fa4-a97d-d965ccfc6d4b" outcome="Passed" testListId="8c84fa94-04c1-424b-9868-57a2d4851a1d" relativeResultsDirectory="f8ba4acf-31d6-4de8-b9f7-664974a2e404" />
    <UnitTestResult executionId="3c0144f0-31b3-4183-9c56-5323060c8e75" testId="f635a4e1-91b8-ff28-8263-826b96571943" testName="Multiply_IntegerFloat_ReturnsFloatProduct" computerName="dadsmbp" duration="00:00:00.0000435" startTime="2025-08-22T08:18:24.1723060-04:00" endTime="2025-08-22T08:18:24.1723680-04:00" testType="13cdc9d9-ddb5-4fa4-a97d-d965ccfc6d4b" outcome="Passed" testListId="8c84fa94-04c1-424b-9868-57a2d4851a1d" relativeResultsDirectory="3c0144f0-31b3-4183-9c56-5323060c8e75" />
    <UnitTestResult executionId="f82c5e29-a754-43bc-8904-3b67ea2a0f7d" testId="8c888541-83a4-9bc7-1641-1c8a20e561de" testName="TypeConversion_NumberRoundTrip_MaintainsValue" computerName="dadsmbp" duration="00:00:00.0001197" startTime="2025-08-22T08:18:24.1520980-04:00" endTime="2025-08-22T08:18:24.1522700-04:00" testType="13cdc9d9-ddb5-4fa4-a97d-d965ccfc6d4b" outcome="Passed" testListId="8c84fa94-04c1-424b-9868-57a2d4851a1d" relativeResultsDirectory="f82c5e29-a754-43bc-8904-3b67ea2a0f7d" />
    <UnitTestResult executionId="77138789-c673-44a1-8434-ac78e93baaa6" testId="176db431-b11f-67e9-857d-a0aa3a19ab72" testName="ToInteger_ExactFloat_ReturnsInteger" computerName="dadsmbp" duration="00:00:00.0000605" startTime="2025-08-22T08:18:24.0422910-04:00" endTime="2025-08-22T08:18:24.0423700-04:00" testType="13cdc9d9-ddb5-4fa4-a97d-d965ccfc6d4b" outcome="Passed" testListId="8c84fa94-04c1-424b-9868-57a2d4851a1d" relativeResultsDirectory="77138789-c673-44a1-8434-ac78e93baaa6" />
    <UnitTestResult executionId="faa790dc-d766-4a0f-8a16-64e36e1c2f90" testId="94249136-3b52-f9c3-1d42-b3ed9b46e46d" testName="Pack_FixedString_WorksCorrectly" computerName="dadsmbp" duration="00:00:00.0002570" startTime="2025-08-22T08:18:24.0930300-04:00" endTime="2025-08-22T08:18:24.0933160-04:00" testType="13cdc9d9-ddb5-4fa4-a97d-d965ccfc6d4b" outcome="Passed" testListId="8c84fa94-04c1-424b-9868-57a2d4851a1d" relativeResultsDirectory="faa790dc-d766-4a0f-8a16-64e36e1c2f90" />
    <UnitTestResult executionId="d5df209c-d9bc-4305-8d8c-51b015baf123" testId="99a2c369-4455-5d5f-a682-cac8c5476c10" testName="DiffTime_MaxValues_HandlesLargeNumbers" computerName="dadsmbp" duration="00:00:00.0000667" startTime="2025-08-22T08:18:24.0700560-04:00" endTime="2025-08-22T08:18:24.0701440-04:00" testType="13cdc9d9-ddb5-4fa4-a97d-d965ccfc6d4b" outcome="Passed" testListId="8c84fa94-04c1-424b-9868-57a2d4851a1d" relativeResultsDirectory="d5df209c-d9bc-4305-8d8c-51b015baf123" />
    <UnitTestResult executionId="f882dfb8-7ede-4227-b4a3-6dfbf07037c3" testId="f45f745f-8400-5cce-fd41-0bd4f97bd45c" testName="CodePoint_WithRange_ReturnsRange" computerName="dadsmbp" duration="00:00:00.0000695" startTime="2025-08-22T08:18:24.1589090-04:00" endTime="2025-08-22T08:18:24.1589950-04:00" testType="13cdc9d9-ddb5-4fa4-a97d-d965ccfc6d4b" outcome="Passed" testListId="8c84fa94-04c1-424b-9868-57a2d4851a1d" relativeResultsDirectory="f882dfb8-7ede-4227-b4a3-6dfbf07037c3" />
    <UnitTestResult executionId="c00aa051-2697-4b89-9150-a5aa6c0b1392" testId="17b70409-028a-c834-68fe-79b67f3b9ce1" testName="Move_SingleElement_WorksCorrectly" computerName="dadsmbp" duration="00:00:00.0000903" startTime="2025-08-22T08:18:24.1318810-04:00" endTime="2025-08-22T08:18:24.1319900-04:00" testType="13cdc9d9-ddb5-4fa4-a97d-d965ccfc6d4b" outcome="Passed" testListId="8c84fa94-04c1-424b-9868-57a2d4851a1d" relativeResultsDirectory="c00aa051-2697-4b89-9150-a5aa6c0b1392" />
    <UnitTestResult executionId="2c856edd-b7f9-4220-8ad3-eacd9f268f25" testId="e66ea803-41ea-dd7e-a790-9ff8d4e692fa" testName="Char_NonIntegerArgument_ThrowsException" computerName="dadsmbp" duration="00:00:00.0001177" startTime="2025-08-22T08:18:24.0768720-04:00" endTime="2025-08-22T08:18:24.0770210-04:00" testType="13cdc9d9-ddb5-4fa4-a97d-d965ccfc6d4b" outcome="Passed" testListId="8c84fa94-04c1-424b-9868-57a2d4851a1d" relativeResultsDirectory="2c856edd-b7f9-4220-8ad3-eacd9f268f25" />
    <UnitTestResult executionId="3ea4acd9-290d-4fcc-aeeb-891d8bab1b1c" testId="cb15a14f-0bc3-ae5e-3ef0-096a041e6611" testName="ToNumber_IntegerValue_ReturnsDoubleValue" computerName="dadsmbp" duration="00:00:00.0004749" startTime="2025-08-22T08:18:24.1386080-04:00" endTime="2025-08-22T08:18:24.1392730-04:00" testType="13cdc9d9-ddb5-4fa4-a97d-d965ccfc6d4b" outcome="Passed" testListId="8c84fa94-04c1-424b-9868-57a2d4851a1d" relativeResultsDirectory="3ea4acd9-290d-4fcc-aeeb-891d8bab1b1c" />
    <UnitTestResult executionId="508da482-de4a-4ad5-8720-c7047481f377" testId="3eafc5cf-27e0-505e-a974-21909a6ec104" testName="Unpack_EmptyTable_ReturnsNoElements" computerName="dadsmbp" duration="00:00:00.0000387" startTime="2025-08-22T08:18:24.1375410-04:00" endTime="2025-08-22T08:18:24.1375960-04:00" testType="13cdc9d9-ddb5-4fa4-a97d-d965ccfc6d4b" outcome="Passed" testListId="8c84fa94-04c1-424b-9868-57a2d4851a1d" relativeResultsDirectory="508da482-de4a-4ad5-8720-c7047481f377" />
    <UnitTestResult executionId="95377d08-4ef6-49aa-84a7-1948aca3a5ca" testId="1bfd024f-c9e2-76e3-155b-3c6ea8db6b6b" testName="Boolean_False_ReturnsCorrectValue" computerName="dadsmbp" duration="00:00:00.0000305" startTime="2025-08-22T08:18:24.1689170-04:00" endTime="2025-08-22T08:18:24.1689640-04:00" testType="13cdc9d9-ddb5-4fa4-a97d-d965ccfc6d4b" outcome="Passed" testListId="8c84fa94-04c1-424b-9868-57a2d4851a1d" relativeResultsDirectory="95377d08-4ef6-49aa-84a7-1948aca3a5ca" />
    <UnitTestResult executionId="0d471fb0-3395-4a00-b408-c5d78e4d8184" testId="4e65ecd1-811d-e85b-e491-b23053ef27c3" testName="Find_MinusQuantifier_MatchesNonGreedy" computerName="dadsmbp" duration="00:00:00.0001797" startTime="2025-08-22T08:18:24.1203730-04:00" endTime="2025-08-22T08:18:24.1205850-04:00" testType="13cdc9d9-ddb5-4fa4-a97d-d965ccfc6d4b" outcome="Failed" testListId="8c84fa94-04c1-424b-9868-57a2d4851a1d" relativeResultsDirectory="0d471fb0-3395-4a00-b408-c5d78e4d8184">
      <Output>
        <ErrorInfo>
          <Message>Assert.AreEqual failed. Expected:&lt;2&gt;. Actual:&lt;1&gt;. </Message>
          <StackTrace>   at FLua.Runtime.LibraryTests.LuaStringLibTests.Find_MinusQuantifier_MatchesNonGreedy() in /Users/bill/Repos/FLua/FLua.Runtime.LibraryTests/LuaStringLibTests.cs:line 1557
   at System.RuntimeMethodHandle.InvokeMethod(Object target, Void** arguments, Signature sig, Boolean isConstructor)
   at System.Reflection.MethodBaseInvoker.InvokeWithNoArgs(Object obj, BindingFlags invokeAttr)
</StackTrace>
        </ErrorInfo>
      </Output>
    </UnitTestResult>
    <UnitTestResult executionId="f6317843-1179-4769-b968-fce4ebcc7082" testId="3edeb166-83d3-2beb-133d-ac8b60db8b5a" testName="TryToNumber_StringWithInteger_ReturnsInteger" computerName="dadsmbp" duration="00:00:00.0000906" startTime="2025-08-22T08:18:24.1757730-04:00" endTime="2025-08-22T08:18:24.1758810-04:00" testType="13cdc9d9-ddb5-4fa4-a97d-d965ccfc6d4b" outcome="Passed" testListId="8c84fa94-04c1-424b-9868-57a2d4851a1d" relativeResultsDirectory="f6317843-1179-4769-b968-fce4ebcc7082" />
    <UnitTestResult executionId="f065cdd8-26be-4e32-b7a7-744ee8fa635d" testId="6ca184c4-e9f1-dddc-05c6-3003f381a406" testName="Format_PercentEscape_WorksCorrectly" computerName="dadsmbp" duration="00:00:00.0000665" startTime="2025-08-22T08:18:24.0889390-04:00" endTime="2025-08-22T08:18:24.0890480-04:00" testType="13cdc9d9-ddb5-4fa4-a97d-d965ccfc6d4b" outcome="Passed" testListId="8c84fa94-04c1-424b-9868-57a2d4851a1d" relativeResultsDirectory="f065cdd8-26be-4e32-b7a7-744ee8fa635d" />
    <UnitTestResult executionId="b712285c-5638-46f9-b514-ce0749216bfb" testId="7a517512-31db-43a3-ae7d-6a5e831b689f" testName="Assert_Function_WorksCorrectly" computerName="dadsmbp" duration="00:00:00.0004120" startTime="2025-08-22T08:18:23.9987630-04:00" endTime="2025-08-22T08:18:23.9992100-04:00" testType="13cdc9d9-ddb5-4fa4-a97d-d965ccfc6d4b" outcome="Passed" testListId="8c84fa94-04c1-424b-9868-57a2d4851a1d" relativeResultsDirectory="b712285c-5638-46f9-b514-ce0749216bfb" />
    <UnitTestResult executionId="a0322e70-b5ee-4dd2-a7fc-7e4b6bdcbf5c" testId="b20a0e51-1563-a968-27f7-785c41b1392c" testName="Find_UnbalancedCaptures_HandlesGracefully" computerName="dadsmbp" duration="00:00:00.0002337" startTime="2025-08-22T08:18:24.1224960-04:00" endTime="2025-08-22T08:18:24.1227730-04:00" testType="13cdc9d9-ddb5-4fa4-a97d-d965ccfc6d4b" outcome="Failed" testListId="8c84fa94-04c1-424b-9868-57a2d4851a1d" relativeResultsDirectory="a0322e70-b5ee-4dd2-a7fc-7e4b6bdcbf5c">
      <Output>
        <ErrorInfo>
          <Message>Assert.AreEqual failed. Expected:&lt;2&gt;. Actual:&lt;1&gt;. </Message>
          <StackTrace>   at FLua.Runtime.LibraryTests.LuaStringLibTests.Find_UnbalancedCaptures_HandlesGracefully() in /Users/bill/Repos/FLua/FLua.Runtime.LibraryTests/LuaStringLibTests.cs:line 1695
   at System.RuntimeMethodHandle.InvokeMethod(Object target, Void** arguments, Signature sig, Boolean isConstructor)
   at System.Reflection.MethodBaseInvoker.InvokeWithNoArgs(Object obj, BindingFlags invokeAttr)
</StackTrace>
        </ErrorInfo>
      </Output>
    </UnitTestResult>
    <UnitTestResult executionId="1352b9c9-db88-41a7-92d8-43c2b8851506" testId="7ed5bc42-f48f-e144-df67-ea61a8761ea2" testName="Len_WithStartAndEnd_CountsRange" computerName="dadsmbp" duration="00:00:00.0000521" startTime="2025-08-22T08:18:24.1558370-04:00" endTime="2025-08-22T08:18:24.1559060-04:00" testType="13cdc9d9-ddb5-4fa4-a97d-d965ccfc6d4b" outcome="Passed" testListId="8c84fa94-04c1-424b-9868-57a2d4851a1d" relativeResultsDirectory="1352b9c9-db88-41a7-92d8-43c2b8851506" />
    <UnitTestResult executionId="832bd7a5-e0a7-4017-9f84-4687b6da693d" testId="83e2d380-8332-fbbf-f333-d8c513c140de" testName="Unpack_NoTable_ThrowsException" computerName="dadsmbp" duration="00:00:00.0000982" startTime="2025-08-22T08:18:24.1378210-04:00" endTime="2025-08-22T08:18:24.1379510-04:00" testType="13cdc9d9-ddb5-4fa4-a97d-d965ccfc6d4b" outcome="Passed" testListId="8c84fa94-04c1-424b-9868-57a2d4851a1d" relativeResultsDirectory="832bd7a5-e0a7-4017-9f84-4687b6da693d" />
    <UnitTestResult executionId="2ef31b5f-80b5-492d-9798-42722a0ff3d8" testId="8a12688d-cfc8-14f7-74f6-6916940ca70e" testName="CreateStandardEnvironment_HasStandardLibraries" computerName="dadsmbp" duration="00:00:00.0001137" startTime="2025-08-22T08:18:23.9966460-04:00" endTime="2025-08-22T08:18:23.9967960-04:00" testType="13cdc9d9-ddb5-4fa4-a97d-d965ccfc6d4b" outcome="Passed" testListId="8c84fa94-04c1-424b-9868-57a2d4851a1d" relativeResultsDirectory="2ef31b5f-80b5-492d-9798-42722a0ff3d8" />
    <UnitTestResult executionId="12fc3c94-fb00-4e10-b713-5dc73abc94c3" testId="720227b8-85bc-42b5-d668-3a0e2ec59857" testName="Find_SimpleCaptureGroup_ReturnsCapture" computerName="dadsmbp" duration="00:00:00.0002032" startTime="2025-08-22T08:18:24.1240680-04:00" endTime="2025-08-22T08:18:24.1243070-04:00" testType="13cdc9d9-ddb5-4fa4-a97d-d965ccfc6d4b" outcome="Failed" testListId="8c84fa94-04c1-424b-9868-57a2d4851a1d" relativeResultsDirectory="12fc3c94-fb00-4e10-b713-5dc73abc94c3">
      <Output>
        <ErrorInfo>
          <Message>Assert.AreEqual failed. Expected:&lt;3&gt;. Actual:&lt;1&gt;. </Message>
          <StackTrace>   at FLua.Runtime.LibraryTests.LuaStringLibTests.Find_SimpleCaptureGroup_ReturnsCapture() in /Users/bill/Repos/FLua/FLua.Runtime.LibraryTests/LuaStringLibTests.cs:line 1753
   at System.RuntimeMethodHandle.InvokeMethod(Object target, Void** arguments, Signature sig, Boolean isConstructor)
   at System.Reflection.MethodBaseInvoker.InvokeWithNoArgs(Object obj, BindingFlags invokeAttr)
</StackTrace>
        </ErrorInfo>
      </Output>
    </UnitTestResult>
    <UnitTestResult executionId="e6d1303e-9e73-41bb-98cb-9a9abc402dd0" testId="8868fdb5-6923-2dd5-4325-73d75faf269d" testName="TryToNumber_StringWithFloat_ReturnsFloat" computerName="dadsmbp" duration="00:00:00.0000321" startTime="2025-08-22T08:18:24.1758880-04:00" endTime="2025-08-22T08:18:24.1759370-04:00" testType="13cdc9d9-ddb5-4fa4-a97d-d965ccfc6d4b" outcome="Passed" testListId="8c84fa94-04c1-424b-9868-57a2d4851a1d" relativeResultsDirectory="e6d1303e-9e73-41bb-98cb-9a9abc402dd0" />
    <UnitTestResult executionId="514fb7a0-5cd0-4af1-8fa5-8d99b789e726" testId="d7709714-e12a-f356-7edb-6e61b3dde0d3" testName="Sub_OutOfBounds_ReturnsPartialOrEmpty" computerName="dadsmbp" duration="00:00:00.0000521" startTime="2025-08-22T08:18:24.0728420-04:00" endTime="2025-08-22T08:18:24.0729180-04:00" testType="13cdc9d9-ddb5-4fa4-a97d-d965ccfc6d4b" outcome="Passed" testListId="8c84fa94-04c1-424b-9868-57a2d4851a1d" relativeResultsDirectory="514fb7a0-5cd0-4af1-8fa5-8d99b789e726" />
    <UnitTestResult executionId="26389406-ce8e-4ee1-8862-9e59f318332a" testId="eb91c2e7-0cf8-390b-5e2b-dd836f3bbd8a" testName="CodePoint_MixedString_ReturnsAllCodePoints" computerName="dadsmbp" duration="00:00:00.0000598" startTime="2025-08-22T08:18:24.1635590-04:00" endTime="2025-08-22T08:18:24.1636350-04:00" testType="13cdc9d9-ddb5-4fa4-a97d-d965ccfc6d4b" outcome="Passed" testListId="8c84fa94-04c1-424b-9868-57a2d4851a1d" relativeResultsDirectory="26389406-ce8e-4ee1-8862-9e59f318332a" />
    <UnitTestResult executionId="13eff10a-136a-4369-9459-22ff5966d13e" testId="2fc93ba3-96a1-6c43-4db3-7fbfc5aa3330" testName="Helpers_Performance_ManyOperations" computerName="dadsmbp" duration="00:00:00.0002907" startTime="2025-08-22T08:18:24.1682530-04:00" endTime="2025-08-22T08:18:24.1685670-04:00" testType="13cdc9d9-ddb5-4fa4-a97d-d965ccfc6d4b" outcome="Passed" testListId="8c84fa94-04c1-424b-9868-57a2d4851a1d" relativeResultsDirectory="13eff10a-136a-4369-9459-22ff5966d13e" />
    <UnitTestResult executionId="1a66c44a-98ed-4db0-a6b3-2add6664d891" testId="60d50c97-5182-9a55-77f0-c93956e2a219" testName="FMod_ValidArguments_ReturnsRemainder" computerName="dadsmbp" duration="00:00:00.0001631" startTime="2025-08-22T08:18:24.0371860-04:00" endTime="2025-08-22T08:18:24.0373720-04:00" testType="13cdc9d9-ddb5-4fa4-a97d-d965ccfc6d4b" outcome="Passed" testListId="8c84fa94-04c1-424b-9868-57a2d4851a1d" relativeResultsDirectory="1a66c44a-98ed-4db0-a6b3-2add6664d891" />
    <UnitTestResult executionId="8fa7689a-b889-4d5a-8cfd-6ee9c0c37f60" testId="8f5dab9b-e772-79eb-2a67-42eaae48c62b" testName="Len_UnicodeString_ReturnsCharacterCount" computerName="dadsmbp" duration="00:00:00.0000465" startTime="2025-08-22T08:18:24.0711020-04:00" endTime="2025-08-22T08:18:24.0711740-04:00" testType="13cdc9d9-ddb5-4fa4-a97d-d965ccfc6d4b" outcome="Passed" testListId="8c84fa94-04c1-424b-9868-57a2d4851a1d" relativeResultsDirectory="8fa7689a-b889-4d5a-8cfd-6ee9c0c37f60" />
    <UnitTestResult executionId="a16e2d34-68f0-478d-a9be-6f5c5681d419" testId="12a32e54-5254-1490-859a-b6053824e69f" testName="Byte_NegativeIndex_WorksFromEnd" computerName="dadsmbp" duration="00:00:00.0000527" startTime="2025-08-22T08:18:24.0775410-04:00" endTime="2025-08-22T08:18:24.0776170-04:00" testType="13cdc9d9-ddb5-4fa4-a97d-d965ccfc6d4b" outcome="Passed" testListId="8c84fa94-04c1-424b-9868-57a2d4851a1d" relativeResultsDirectory="a16e2d34-68f0-478d-a9be-6f5c5681d419" />
    <UnitTestResult executionId="3101dd74-ebe0-4d51-b751-a3d46518df0a" testId="69caa7bd-9c65-a490-43e7-fe3d9dae9c02" testName="Find_PatternNotFound_ReturnsNil" computerName="dadsmbp" duration="00:00:00.0000718" startTime="2025-08-22T08:18:24.0812860-04:00" endTime="2025-08-22T08:18:24.0813990-04:00" testType="13cdc9d9-ddb5-4fa4-a97d-d965ccfc6d4b" outcome="Passed" testListId="8c84fa94-04c1-424b-9868-57a2d4851a1d" relativeResultsDirectory="3101dd74-ebe0-4d51-b751-a3d46518df0a" />
    <UnitTestResult executionId="4ed6b970-78d6-49fb-a9f0-656c9b216c72" testId="302be2d9-e67e-17ff-92a8-c4111efae5bb" testName="ToInteger_StringInteger_ReturnsInteger" computerName="dadsmbp" duration="00:00:00.0000527" startTime="2025-08-22T08:18:24.0424420-04:00" endTime="2025-08-22T08:18:24.0425130-04:00" testType="13cdc9d9-ddb5-4fa4-a97d-d965ccfc6d4b" outcome="Passed" testListId="8c84fa94-04c1-424b-9868-57a2d4851a1d" relativeResultsDirectory="4ed6b970-78d6-49fb-a9f0-656c9b216c72" />
    <UnitTestResult executionId="c40ef6d4-7219-4fba-81dc-e99034c4ffaa" testId="417ed471-c272-f304-00b4-248e83dc3474" testName="CodePoint_ASCIIString_ReturnsCodePoints" computerName="dadsmbp" duration="00:00:00.0003345" startTime="2025-08-22T08:18:24.1582590-04:00" endTime="2025-08-22T08:18:24.1586140-04:00" testType="13cdc9d9-ddb5-4fa4-a97d-d965ccfc6d4b" outcome="Passed" testListId="8c84fa94-04c1-424b-9868-57a2d4851a1d" relativeResultsDirectory="c40ef6d4-7219-4fba-81dc-e99034c4ffaa" />
    <UnitTestResult executionId="ec0fec84-f23b-4904-a767-d2b98189d1bb" testId="99236272-2706-b2dd-eb36-1d46b6e282f0" testName="TmpName_NoArguments_Works" computerName="dadsmbp" duration="00:00:00.0001212" startTime="2025-08-22T08:18:24.0688770-04:00" endTime="2025-08-22T08:18:24.0690350-04:00" testType="13cdc9d9-ddb5-4fa4-a97d-d965ccfc6d4b" outcome="Passed" testListId="8c84fa94-04c1-424b-9868-57a2d4851a1d" relativeResultsDirectory="ec0fec84-f23b-4904-a767-d2b98189d1bb" />
    <UnitTestResult executionId="9f5d37d7-e463-4a82-9d0c-78b7568ee78b" testId="1e299a37-0f21-4ef3-9262-0e3c73eced5f" testName="StringToNumber_NegativeFloat_ReturnsCorrectValue" computerName="dadsmbp" duration="00:00:00.0000469" startTime="2025-08-22T08:18:24.1458230-04:00" endTime="2025-08-22T08:18:24.1458870-04:00" testType="13cdc9d9-ddb5-4fa4-a97d-d965ccfc6d4b" outcome="Passed" testListId="8c84fa94-04c1-424b-9868-57a2d4851a1d" relativeResultsDirectory="9f5d37d7-e463-4a82-9d0c-78b7568ee78b" />
    <UnitTestResult executionId="16a84daf-b160-4dba-9a2b-3b996b40b18d" testId="39e39652-5abc-9b45-4a9e-09dc134d2d9e" testName="DiffTime_NonNumericFirstArgument_ThrowsException" computerName="dadsmbp" duration="00:00:00.0001088" startTime="2025-08-22T08:18:24.0628040-04:00" endTime="2025-08-22T08:18:24.0629410-04:00" testType="13cdc9d9-ddb5-4fa4-a97d-d965ccfc6d4b" outcome="Passed" testListId="8c84fa94-04c1-424b-9868-57a2d4851a1d" relativeResultsDirectory="16a84daf-b160-4dba-9a2b-3b996b40b18d" />
    <UnitTestResult executionId="9a515ef9-8f1e-4acb-9de5-be40fd2b91de" testId="7d08eb8a-1fa0-8b3e-ba01-15f4d3ef598b" testName="StringToNumber_StringWithWhitespace_ReturnsCorrectValue" computerName="dadsmbp" duration="00:00:00.0000457" startTime="2025-08-22T08:18:24.1459620-04:00" endTime="2025-08-22T08:18:24.1460250-04:00" testType="13cdc9d9-ddb5-4fa4-a97d-d965ccfc6d4b" outcome="Passed" testListId="8c84fa94-04c1-424b-9868-57a2d4851a1d" relativeResultsDirectory="9a515ef9-8f1e-4acb-9de5-be40fd2b91de" />
    <UnitTestResult executionId="6adfebc5-44bb-4346-a37c-b78a0acd48cb" testId="e0fa63d2-29e3-f2cc-83ce-456d57f05a7e" testName="Find_CharacterClass_MatchesSetOfCharacters" computerName="dadsmbp" duration="00:00:00.0000630" startTime="2025-08-22T08:18:24.1190270-04:00" endTime="2025-08-22T08:18:24.1191140-04:00" testType="13cdc9d9-ddb5-4fa4-a97d-d965ccfc6d4b" outcome="Passed" testListId="8c84fa94-04c1-424b-9868-57a2d4851a1d" relativeResultsDirectory="6adfebc5-44bb-4346-a37c-b78a0acd48cb" />
    <UnitTestResult executionId="a3aff09c-c957-409d-a145-eca6089ec60f" testId="79827bb7-932f-70a1-ce8a-d8cee579280e" testName="Abs_MaxValue_ReturnsMaxValue" computerName="dadsmbp" duration="00:00:00.0000458" startTime="2025-08-22T08:18:24.0325150-04:00" endTime="2025-08-22T08:18:24.0325800-04:00" testType="13cdc9d9-ddb5-4fa4-a97d-d965ccfc6d4b" outcome="Passed" testListId="8c84fa94-04c1-424b-9868-57a2d4851a1d" relativeResultsDirectory="a3aff09c-c957-409d-a145-eca6089ec60f" />
    <UnitTestResult executionId="dd61ef13-fbba-462c-944b-96e900046a7f" testId="e6946507-55d5-384d-c1bf-e4e92ffa4462" testName="Match_NoMatch_ReturnsNil" computerName="dadsmbp" duration="00:00:00.0000528" startTime="2025-08-22T08:18:24.1018560-04:00" endTime="2025-08-22T08:18:24.1019340-04:00" testType="13cdc9d9-ddb5-4fa4-a97d-d965ccfc6d4b" outcome="Passed" testListId="8c84fa94-04c1-424b-9868-57a2d4851a1d" relativeResultsDirectory="dd61ef13-fbba-462c-944b-96e900046a7f" />
    <UnitTestResult executionId="95a6e039-1d34-4ec9-8166-7707aafd643a" testId="ad77e077-f60b-047c-5056-ff5f5b8ab833" testName="IsTruthy_FalseBoolean_ReturnsFalse" computerName="dadsmbp" duration="00:00:00.0000205" startTime="2025-08-22T08:18:24.1746720-04:00" endTime="2025-08-22T08:18:24.1747100-04:00" testType="13cdc9d9-ddb5-4fa4-a97d-d965ccfc6d4b" outcome="Passed" testListId="8c84fa94-04c1-424b-9868-57a2d4851a1d" relativeResultsDirectory="95a6e039-1d34-4ec9-8166-7707aafd643a" />
    <UnitTestResult executionId="638cb03e-5989-4f2e-82c7-3320cc2e59ac" testId="e9556a5f-cf4a-e0de-7abb-5d65c7b41dfc" testName="Match_EmptyPattern_MatchesEmptyAtStart" computerName="dadsmbp" duration="00:00:00.0000547" startTime="2025-08-22T08:18:24.1140580-04:00" endTime="2025-08-22T08:18:24.1141370-04:00" testType="13cdc9d9-ddb5-4fa4-a97d-d965ccfc6d4b" outcome="Passed" testListId="8c84fa94-04c1-424b-9868-57a2d4851a1d" relativeResultsDirectory="638cb03e-5989-4f2e-82c7-3320cc2e59ac" />
    <UnitTestResult executionId="f2b07742-57cf-4793-bec9-3280f04e33fa" testId="c745b49e-0b06-9050-ea27-f3fe6be9c9a3" testName="TestMethod1" computerName="dadsmbp" duration="00:00:00.0000246" startTime="2025-08-22T08:18:24.1785600-04:00" endTime="2025-08-22T08:18:24.1789250-04:00" testType="13cdc9d9-ddb5-4fa4-a97d-d965ccfc6d4b" outcome="Passed" testListId="8c84fa94-04c1-424b-9868-57a2d4851a1d" relativeResultsDirectory="f2b07742-57cf-4793-bec9-3280f04e33fa" />
    <UnitTestResult executionId="74e1b8dd-ccd5-4d2b-ba52-e9272ea1135d" testId="7d5b48f4-9eb0-92b7-dec2-f9b13eb82277" testName="Unpack_MissingDataArgument_ThrowsException" computerName="dadsmbp" duration="00:00:00.0000991" startTime="2025-08-22T08:18:24.0953140-04:00" endTime="2025-08-22T08:18:24.0954430-04:00" testType="13cdc9d9-ddb5-4fa4-a97d-d965ccfc6d4b" outcome="Passed" testListId="8c84fa94-04c1-424b-9868-57a2d4851a1d" relativeResultsDirectory="74e1b8dd-ccd5-4d2b-ba52-e9272ea1135d" />
    <UnitTestResult executionId="8fe047b0-71b3-4e61-8e58-3ebaf453eed9" testId="ebf87f26-06ae-013b-9ca8-21f98a2fd024" testName="Max_SingleArgument_ReturnsSameValue" computerName="dadsmbp" duration="00:00:00.0001618" startTime="2025-08-22T08:18:24.0338170-04:00" endTime="2025-08-22T08:18:24.0339980-04:00" testType="13cdc9d9-ddb5-4fa4-a97d-d965ccfc6d4b" outcome="Passed" testListId="8c84fa94-04c1-424b-9868-57a2d4851a1d" relativeResultsDirectory="8fe047b0-71b3-4e61-8e58-3ebaf453eed9" />
    <UnitTestResult executionId="3ed38fec-2ec6-40cc-b3ab-adf1401467d0" testId="797f74ab-502e-753e-792c-01d61bf281a5" testName="Lines_EmptyFile_ReturnsEmptyIterator" computerName="dadsmbp" duration="00:00:00.0003715" startTime="2025-08-22T08:18:24.0210560-04:00" endTime="2025-08-22T08:18:24.0214700-04:00" testType="13cdc9d9-ddb5-4fa4-a97d-d965ccfc6d4b" outcome="Passed" testListId="8c84fa94-04c1-424b-9868-57a2d4851a1d" relativeResultsDirectory="3ed38fec-2ec6-40cc-b3ab-adf1401467d0" />
    <UnitTestResult executionId="cec9a6e4-fde3-4fa1-8943-95733e3972e5" testId="6269b9ab-37ac-9c42-8cf1-a189054c855c" testName="Date_YearFormat_ReturnsYear" computerName="dadsmbp" duration="00:00:00.0000682" startTime="2025-08-22T08:18:24.0615670-04:00" endTime="2025-08-22T08:18:24.0616540-04:00" testType="13cdc9d9-ddb5-4fa4-a97d-d965ccfc6d4b" outcome="Passed" testListId="8c84fa94-04c1-424b-9868-57a2d4851a1d" relativeResultsDirectory="cec9a6e4-fde3-4fa1-8943-95733e3972e5" />
    <UnitTestResult executionId="e99dddbb-7480-4cbe-8251-a63ca92b2fed" testId="ef807e78-f429-6b6c-27f3-a7216cb3bccc" testName="Concat_EmptyTable_ReturnsEmptyString" computerName="dadsmbp" duration="00:00:00.0000479" startTime="2025-08-22T08:18:24.1333300-04:00" endTime="2025-08-22T08:18:24.1333970-04:00" testType="13cdc9d9-ddb5-4fa4-a97d-d965ccfc6d4b" outcome="Passed" testListId="8c84fa94-04c1-424b-9868-57a2d4851a1d" relativeResultsDirectory="e99dddbb-7480-4cbe-8251-a63ca92b2fed" />
    <UnitTestResult executionId="36c86224-0a34-4ff1-8b91-4ac046339f66" testId="167a4e6d-4824-6211-7676-fc97fb9c5c55" testName="Char_EmojiCodePoint_ReturnsEmoji" computerName="dadsmbp" duration="00:00:00.0000415" startTime="2025-08-22T08:18:24.1571510-04:00" endTime="2025-08-22T08:18:24.1572110-04:00" testType="13cdc9d9-ddb5-4fa4-a97d-d965ccfc6d4b" outcome="Passed" testListId="8c84fa94-04c1-424b-9868-57a2d4851a1d" relativeResultsDirectory="36c86224-0a34-4ff1-8b91-4ac046339f66" />
    <UnitTestResult executionId="21ccbd64-2d73-4d15-89ea-c4c3e09e2ccb" testId="0cf5bcaa-e30c-358e-ede3-0ec1f16ee90e" testName="ToBoolean_NonBooleanNonNilValues_ReturnTrue" computerName="dadsmbp" duration="00:00:00.0000472" startTime="2025-08-22T08:18:24.1443120-04:00" endTime="2025-08-22T08:18:24.1443760-04:00" testType="13cdc9d9-ddb5-4fa4-a97d-d965ccfc6d4b" outcome="Passed" testListId="8c84fa94-04c1-424b-9868-57a2d4851a1d" relativeResultsDirectory="21ccbd64-2d73-4d15-89ea-c4c3e09e2ccb" />
    <UnitTestResult executionId="ede62466-3b28-4036-975a-b5d65f1d93e0" testId="6cb345b8-8fe9-acca-a881-28eabc3423b0" testName="TmpName_MultipleCallsReturnDifferentNames" computerName="dadsmbp" duration="00:00:00.0005252" startTime="2025-08-22T08:18:24.0683030-04:00" endTime="2025-08-22T08:18:24.0688570-04:00" testType="13cdc9d9-ddb5-4fa4-a97d-d965ccfc6d4b" outcome="Passed" testListId="8c84fa94-04c1-424b-9868-57a2d4851a1d" relativeResultsDirectory="ede62466-3b28-4036-975a-b5d65f1d93e0" />
    <UnitTestResult executionId="0e58006c-3fab-45bb-aa3b-b0cf7ba01f56" testId="b7d95339-e140-5f3e-0d81-600edb2bba27" testName="Find_CharacterClassWithPlusQuantifier_NowWorking" computerName="dadsmbp" duration="00:00:00.0003953" startTime="2025-08-22T08:18:24.1247670-04:00" endTime="2025-08-22T08:18:24.1251970-04:00" testType="13cdc9d9-ddb5-4fa4-a97d-d965ccfc6d4b" outcome="Failed" testListId="8c84fa94-04c1-424b-9868-57a2d4851a1d" relativeResultsDirectory="0e58006c-3fab-45bb-aa3b-b0cf7ba01f56">
      <Output>
        <ErrorInfo>
          <Message>Assert.AreEqual failed. Expected:&lt;2&gt;. Actual:&lt;1&gt;. </Message>
          <StackTrace>   at FLua.Runtime.LibraryTests.LuaStringLibTests.Find_CharacterClassWithPlusQuantifier_NowWorking() in /Users/bill/Repos/FLua/FLua.Runtime.LibraryTests/LuaStringLibTests.cs:line 1798
   at System.RuntimeMethodHandle.InvokeMethod(Object target, Void** arguments, Signature sig, Boolean isConstructor)
   at System.Reflection.MethodBaseInvoker.InvokeWithNoArgs(Object obj, BindingFlags invokeAttr)
</StackTrace>
        </ErrorInfo>
      </Output>
    </UnitTestResult>
    <UnitTestResult executionId="80b05e94-606a-4cac-93ed-952ebce08361" testId="f1c5c84e-f344-d115-dd3e-ea9e05107ade" testName="DiffTime_SameTimes_ReturnsZero" computerName="dadsmbp" duration="00:00:00.0000557" startTime="2025-08-22T08:18:24.0624610-04:00" endTime="2025-08-22T08:18:24.0625360-04:00" testType="13cdc9d9-ddb5-4fa4-a97d-d965ccfc6d4b" outcome="Passed" testListId="8c84fa94-04c1-424b-9868-57a2d4851a1d" relativeResultsDirectory="80b05e94-606a-4cac-93ed-952ebce08361" />
    <UnitTestResult executionId="2680b1c6-66dc-49d3-af8b-cbd6ef284adf" testId="63d280db-6040-fbee-36a1-148cfca64c9c" testName="Max_MixedTypes_ReturnsLarger" computerName="dadsmbp" duration="00:00:00.0000501" startTime="2025-08-22T08:18:24.0341770-04:00" endTime="2025-08-22T08:18:24.0342450-04:00" testType="13cdc9d9-ddb5-4fa4-a97d-d965ccfc6d4b" outcome="Passed" testListId="8c84fa94-04c1-424b-9868-57a2d4851a1d" relativeResultsDirectory="2680b1c6-66dc-49d3-af8b-cbd6ef284adf" />
    <UnitTestResult executionId="2bef4c9c-36ec-443d-b574-c4791258f588" testId="366317f0-6bff-0005-2442-754d5f63303e" testName="Find_SingleCharacterPattern_MatchesSingleChar" computerName="dadsmbp" duration="00:00:00.0000617" startTime="2025-08-22T08:18:24.1207000-04:00" endTime="2025-08-22T08:18:24.1207860-04:00" testType="13cdc9d9-ddb5-4fa4-a97d-d965ccfc6d4b" outcome="Passed" testListId="8c84fa94-04c1-424b-9868-57a2d4851a1d" relativeResultsDirectory="2bef4c9c-36ec-443d-b574-c4791258f588" />
    <UnitTestResult executionId="202b0b19-53e5-4553-9660-5a302f47c744" testId="4b5a73e9-cab1-5370-0e7f-190c57a4b5c3" testName="SetLocale_NoArguments_ReturnsCurrentLocale" computerName="dadsmbp" duration="00:00:00.0003226" startTime="2025-08-22T08:18:24.0640040-04:00" endTime="2025-08-22T08:18:24.0643450-04:00" testType="13cdc9d9-ddb5-4fa4-a97d-d965ccfc6d4b" outcome="Passed" testListId="8c84fa94-04c1-424b-9868-57a2d4851a1d" relativeResultsDirectory="202b0b19-53e5-4553-9660-5a302f47c744" />
    <UnitTestResult executionId="a53d358b-f998-4d15-91f6-1f72eea5ea0a" testId="d8323f7b-b6f4-aef1-d95d-3f7a76da7d37" testName="Random_SingleArgument_ReturnsBetweenOneAndN" computerName="dadsmbp" duration="00:00:00.0000523" startTime="2025-08-22T08:18:24.0408220-04:00" endTime="2025-08-22T08:18:24.0408950-04:00" testType="13cdc9d9-ddb5-4fa4-a97d-d965ccfc6d4b" outcome="Passed" testListId="8c84fa94-04c1-424b-9868-57a2d4851a1d" relativeResultsDirectory="a53d358b-f998-4d15-91f6-1f72eea5ea0a" />
    <UnitTestResult executionId="9bb66a14-1b9c-4e9f-9416-94fd68fc3adb" testId="60d7f227-5213-98ed-7452-51c5a4679700" testName="Unpack_DataTooShort_ThrowsException" computerName="dadsmbp" duration="00:00:00.0001263" startTime="2025-08-22T08:18:24.0949990-04:00" endTime="2025-08-22T08:18:24.0951640-04:00" testType="13cdc9d9-ddb5-4fa4-a97d-d965ccfc6d4b" outcome="Passed" testListId="8c84fa94-04c1-424b-9868-57a2d4851a1d" relativeResultsDirectory="9bb66a14-1b9c-4e9f-9416-94fd68fc3adb" />
    <UnitTestResult executionId="82acdff1-bc8b-43c3-9e21-88aefb9def90" testId="b1a93aa2-0e75-ec18-726f-2623a7ba282b" testName="Release_CalledOnValues_DoesNotThrow" computerName="dadsmbp" duration="00:00:00.0001224" startTime="2025-08-22T08:18:24.1784120-04:00" endTime="2025-08-22T08:18:24.1785530-04:00" testType="13cdc9d9-ddb5-4fa4-a97d-d965ccfc6d4b" outcome="Passed" testListId="8c84fa94-04c1-424b-9868-57a2d4851a1d" relativeResultsDirectory="82acdff1-bc8b-43c3-9e21-88aefb9def90" />
    <UnitTestResult executionId="8b4e8d5a-c6a1-44af-8ea7-9e79ef7c3894" testId="5dbdb775-78b1-be55-4c75-a0fbc63969c3" testName="Format_OctalFormatting_WorksCorrectly" computerName="dadsmbp" duration="00:00:00.0001067" startTime="2025-08-22T08:18:24.0868480-04:00" endTime="2025-08-22T08:18:24.0869810-04:00" testType="13cdc9d9-ddb5-4fa4-a97d-d965ccfc6d4b" outcome="Passed" testListId="8c84fa94-04c1-424b-9868-57a2d4851a1d" relativeResultsDirectory="8b4e8d5a-c6a1-44af-8ea7-9e79ef7c3894" />
    <UnitTestResult executionId="30bc0a1c-bbe8-4f0d-928e-1167b3242a06" testId="e128d051-1d7b-50a9-7f94-b558f761b014" testName="ToInteger_Integer_ReturnsSameValue" computerName="dadsmbp" duration="00:00:00.0001964" startTime="2025-08-22T08:18:24.0420700-04:00" endTime="2025-08-22T08:18:24.0422840-04:00" testType="13cdc9d9-ddb5-4fa4-a97d-d965ccfc6d4b" outcome="Passed" testListId="8c84fa94-04c1-424b-9868-57a2d4851a1d" relativeResultsDirectory="30bc0a1c-bbe8-4f0d-928e-1167b3242a06" />
    <UnitTestResult executionId="00812c1f-54d6-4f76-93cc-c27724cc8f85" testId="4082b2e7-4ef8-8357-e9c1-61cc1deba8f1" testName="Assert_Function_ThrowsOnFalse" computerName="dadsmbp" duration="00:00:00.0005526" startTime="2025-08-22T08:18:23.9992320-04:00" endTime="2025-08-22T08:18:23.9998260-04:00" testType="13cdc9d9-ddb5-4fa4-a97d-d965ccfc6d4b" outcome="Passed" testListId="8c84fa94-04c1-424b-9868-57a2d4851a1d" relativeResultsDirectory="00812c1f-54d6-4f76-93cc-c27724cc8f85" />
    <UnitTestResult executionId="9dec3fd4-fccd-472b-8583-d0b50d4ba437" testId="e59c2cad-046b-d243-ce9e-459fab50cf08" testName="Unpack_UnsignedByte_WorksCorrectly" computerName="dadsmbp" duration="00:00:00.0010027" startTime="2025-08-22T08:18:24.0939560-04:00" endTime="2025-08-22T08:18:24.0949870-04:00" testType="13cdc9d9-ddb5-4fa4-a97d-d965ccfc6d4b" outcome="Passed" testListId="8c84fa94-04c1-424b-9868-57a2d4851a1d" relativeResultsDirectory="9dec3fd4-fccd-472b-8583-d0b50d4ba437" />
    <UnitTestResult executionId="6a7711c9-3ef0-41b0-9f63-fb152ce57b0c" testId="adbefa0c-7967-f778-545f-1fa2bfdb9eb8" testName="Boolean_True_ReturnsCorrectValue" computerName="dadsmbp" duration="00:00:00.0000318" startTime="2025-08-22T08:18:24.1688610-04:00" endTime="2025-08-22T08:18:24.1689100-04:00" testType="13cdc9d9-ddb5-4fa4-a97d-d965ccfc6d4b" outcome="Passed" testListId="8c84fa94-04c1-424b-9868-57a2d4851a1d" relativeResultsDirectory="6a7711c9-3ef0-41b0-9f63-fb152ce57b0c" />
    <UnitTestResult executionId="9a99039e-9893-4213-9c62-0e4628056deb" testId="27e7e791-ddf6-23ac-f33f-a414200d8fd4" testName="Insert_AtEnd_AddsElement" computerName="dadsmbp" duration="00:00:00.0006158" startTime="2025-08-22T08:18:24.1255820-04:00" endTime="2025-08-22T08:18:24.1263490-04:00" testType="13cdc9d9-ddb5-4fa4-a97d-d965ccfc6d4b" outcome="Passed" testListId="8c84fa94-04c1-424b-9868-57a2d4851a1d" relativeResultsDirectory="9a99039e-9893-4213-9c62-0e4628056deb" />
    <UnitTestResult executionId="e7e6ba40-f423-4f5a-b260-a0c09b21c640" testId="35638a06-e900-359a-f48b-e666ac30a863" testName="Sort_EmptyTable_DoesNothing" computerName="dadsmbp" duration="00:00:00.0000540" startTime="2025-08-22T08:18:24.1354450-04:00" endTime="2025-08-22T08:18:24.1355250-04:00" testType="13cdc9d9-ddb5-4fa4-a97d-d965ccfc6d4b" outcome="Passed" testListId="8c84fa94-04c1-424b-9868-57a2d4851a1d" relativeResultsDirectory="e7e6ba40-f423-4f5a-b260-a0c09b21c640" />
    <UnitTestResult executionId="cecc7b85-ca3f-471e-bad2-d25a1090aab8" testId="19cca489-0f1c-201a-a555-2398cee95895" testName="UnaryMinus_NegativeFloat_ReturnsPositive" computerName="dadsmbp" duration="00:00:00.0000361" startTime="2025-08-22T08:18:24.1735070-04:00" endTime="2025-08-22T08:18:24.1735610-04:00" testType="13cdc9d9-ddb5-4fa4-a97d-d965ccfc6d4b" outcome="Passed" testListId="8c84fa94-04c1-424b-9868-57a2d4851a1d" relativeResultsDirectory="cecc7b85-ca3f-471e-bad2-d25a1090aab8" />
    <UnitTestResult executionId="5b870e49-bf6e-448e-b29c-2d154707d8c6" testId="6c4e1079-634b-6cb9-67f8-5b043265ef01" testName="SetLocale_InvalidLocale_ReturnsNil" computerName="dadsmbp" duration="00:00:00.0015442" startTime="2025-08-22T08:18:24.0646150-04:00" endTime="2025-08-22T08:18:24.0661790-04:00" testType="13cdc9d9-ddb5-4fa4-a97d-d965ccfc6d4b" outcome="Passed" testListId="8c84fa94-04c1-424b-9868-57a2d4851a1d" relativeResultsDirectory="5b870e49-bf6e-448e-b29c-2d154707d8c6" />
    <UnitTestResult executionId="f9e9cdd2-ad1d-4af0-ada4-ff953cbb0a81" testId="af4aecbe-45ca-e947-c49b-2ea432bb973a" testName="TypeConversion_ConsistentTypeNames_AllTypes" computerName="dadsmbp" duration="00:00:00.0011474" startTime="2025-08-22T08:18:24.1525570-04:00" endTime="2025-08-22T08:18:24.1537450-04:00" testType="13cdc9d9-ddb5-4fa4-a97d-d965ccfc6d4b" outcome="Passed" testListId="8c84fa94-04c1-424b-9868-57a2d4851a1d" relativeResultsDirectory="f9e9cdd2-ad1d-4af0-ada4-ff953cbb0a81" />
    <UnitTestResult executionId="2ffb5c89-7a05-4b60-92f7-50e837c12adf" testId="55e9949d-742f-dcb9-0b57-6b46d153ec62" testName="Helpers_TypeConsistency_AllMethods" computerName="dadsmbp" duration="00:00:00.0001232" startTime="2025-08-22T08:18:24.1677660-04:00" endTime="2025-08-22T08:18:24.1679050-04:00" testType="13cdc9d9-ddb5-4fa4-a97d-d965ccfc6d4b" outcome="Passed" testListId="8c84fa94-04c1-424b-9868-57a2d4851a1d" relativeResultsDirectory="2ffb5c89-7a05-4b60-92f7-50e837c12adf" />
    <UnitTestResult executionId="89a77517-f56a-4086-a915-bfb39578a72d" testId="96bd226b-7335-f1a5-f645-19034cd2d19c" testName="Subtract_NegativeResult_ReturnsCorrectValue" computerName="dadsmbp" duration="00:00:00.0000408" startTime="2025-08-22T08:18:24.1721070-04:00" endTime="2025-08-22T08:18:24.1721660-04:00" testType="13cdc9d9-ddb5-4fa4-a97d-d965ccfc6d4b" outcome="Passed" testListId="8c84fa94-04c1-424b-9868-57a2d4851a1d" relativeResultsDirectory="89a77517-f56a-4086-a915-bfb39578a72d" />
    <UnitTestResult executionId="68162a78-9d54-4933-a23c-26f76482624a" testId="3d5fbdc9-3b58-e0e1-df82-cbbc53938b74" testName="SetLocale_NumericCategory_SetsLocale" computerName="dadsmbp" duration="00:00:00.0000520" startTime="2025-08-22T08:18:24.0666440-04:00" endTime="2025-08-22T08:18:24.0667190-04:00" testType="13cdc9d9-ddb5-4fa4-a97d-d965ccfc6d4b" outcome="Passed" testListId="8c84fa94-04c1-424b-9868-57a2d4851a1d" relativeResultsDirectory="68162a78-9d54-4933-a23c-26f76482624a" />
    <UnitTestResult executionId="6eb938e7-37ed-4464-a7b3-aad61ded1e9d" testId="b1a38c9c-e65d-39f9-0583-284794d50406" testName="Pack_StringWithLength_SpecifiedSize" computerName="dadsmbp" duration="00:00:00.0000927" startTime="2025-08-22T08:18:24.0983800-04:00" endTime="2025-08-22T08:18:24.0984940-04:00" testType="13cdc9d9-ddb5-4fa4-a97d-d965ccfc6d4b" outcome="Passed" testListId="8c84fa94-04c1-424b-9868-57a2d4851a1d" relativeResultsDirectory="6eb938e7-37ed-4464-a7b3-aad61ded1e9d" />
    <UnitTestResult executionId="4b3c7a9f-9def-4684-a059-193082b50270" testId="c04916e9-b6ac-fd8a-dfdc-65e0247e2335" testName="Offset_BeyondBounds_ReturnsEmpty" computerName="dadsmbp" duration="00:00:00.0000436" startTime="2025-08-22T08:18:24.1603790-04:00" endTime="2025-08-22T08:18:24.1604380-04:00" testType="13cdc9d9-ddb5-4fa4-a97d-d965ccfc6d4b" outcome="Passed" testListId="8c84fa94-04c1-424b-9868-57a2d4851a1d" relativeResultsDirectory="4b3c7a9f-9def-4684-a059-193082b50270" />
    <UnitTestResult executionId="f48e1285-60d9-4f3d-93e2-567afdd4a368" testId="4909b3c7-d672-4664-64f2-6c7b68af7409" testName="ToConcatString_StringValue_ReturnsString" computerName="dadsmbp" duration="00:00:00.0001041" startTime="2025-08-22T08:18:24.1447170-04:00" endTime="2025-08-22T08:18:24.1448390-04:00" testType="13cdc9d9-ddb5-4fa4-a97d-d965ccfc6d4b" outcome="Passed" testListId="8c84fa94-04c1-424b-9868-57a2d4851a1d" relativeResultsDirectory="f48e1285-60d9-4f3d-93e2-567afdd4a368" />
    <UnitTestResult executionId="3b142756-a5c8-4c6f-8749-90c8f4d7b223" testId="40042172-ec16-8281-20ef-ba2c828df388" testName="Format_CharacterOutOfRange_ThrowsException" computerName="dadsmbp" duration="00:00:00.0001283" startTime="2025-08-22T08:18:24.0903080-04:00" endTime="2025-08-22T08:18:24.0904690-04:00" testType="13cdc9d9-ddb5-4fa4-a97d-d965ccfc6d4b" outcome="Passed" testListId="8c84fa94-04c1-424b-9868-57a2d4851a1d" relativeResultsDirectory="3b142756-a5c8-4c6f-8749-90c8f4d7b223" />
    <UnitTestResult executionId="8922185a-ab34-40c8-8de9-3f98c668356a" testId="08c2404b-62c9-aae9-50d9-31907f1c5884" testName="Max_WithNaN_ReturnsNaN" computerName="dadsmbp" duration="00:00:00.0000582" startTime="2025-08-22T08:18:24.0347660-04:00" endTime="2025-08-22T08:18:24.0348420-04:00" testType="13cdc9d9-ddb5-4fa4-a97d-d965ccfc6d4b" outcome="Passed" testListId="8c84fa94-04c1-424b-9868-57a2d4851a1d" relativeResultsDirectory="8922185a-ab34-40c8-8de9-3f98c668356a" />
    <UnitTestResult executionId="4d646e57-6783-4175-8068-08354b9762a3" testId="8d7ffd3c-c613-fdd4-5501-a0aadc600b6a" testName="GetNumber_ZeroInteger_ReturnsZero" computerName="dadsmbp" duration="00:00:00.0000342" startTime="2025-08-22T08:18:24.1644480-04:00" endTime="2025-08-22T08:18:24.1644990-04:00" testType="13cdc9d9-ddb5-4fa4-a97d-d965ccfc6d4b" outcome="Passed" testListId="8c84fa94-04c1-424b-9868-57a2d4851a1d" relativeResultsDirectory="4d646e57-6783-4175-8068-08354b9762a3" />
    <UnitTestResult executionId="0ad09e5d-2c7a-4b78-bd02-700afbc39ae9" testId="196b7b60-dc92-32c5-65a3-05ea8cf6b621" testName="Match_InvalidPattern_ThrowsException" computerName="dadsmbp" duration="00:00:00.0001582" startTime="2025-08-22T08:18:24.1154580-04:00" endTime="2025-08-22T08:18:24.1156550-04:00" testType="13cdc9d9-ddb5-4fa4-a97d-d965ccfc6d4b" outcome="Failed" testListId="8c84fa94-04c1-424b-9868-57a2d4851a1d" relativeResultsDirectory="0ad09e5d-2c7a-4b78-bd02-700afbc39ae9">
      <Output>
        <ErrorInfo>
          <Message>Test method did not throw expected exception FLua.Runtime.LuaRuntimeException. </Message>
        </ErrorInfo>
      </Output>
    </UnitTestResult>
    <UnitTestResult executionId="bf0cb849-85fc-4239-af81-e890de59b42b" testId="c40de6ef-701b-5428-07ea-ecd4751328f4" testName="Remove_FirstElement_ShiftsAllElements" computerName="dadsmbp" duration="00:00:00.0001291" startTime="2025-08-22T08:18:24.1299490-04:00" endTime="2025-08-22T08:18:24.1300980-04:00" testType="13cdc9d9-ddb5-4fa4-a97d-d965ccfc6d4b" outcome="Passed" testListId="8c84fa94-04c1-424b-9868-57a2d4851a1d" relativeResultsDirectory="bf0cb849-85fc-4239-af81-e890de59b42b" />
    <UnitTestResult executionId="37720f77-da1c-466c-baba-9c2769145357" testId="73ccba10-4792-a7c4-8757-e19ab0cf3e8a" testName="Abs_Zero_ReturnsZero" computerName="dadsmbp" duration="00:00:00.0000488" startTime="2025-08-22T08:18:24.0323610-04:00" endTime="2025-08-22T08:18:24.0324310-04:00" testType="13cdc9d9-ddb5-4fa4-a97d-d965ccfc6d4b" outcome="Passed" testListId="8c84fa94-04c1-424b-9868-57a2d4851a1d" relativeResultsDirectory="37720f77-da1c-466c-baba-9c2769145357" />
    <UnitTestResult executionId="e7401e0d-58b5-4971-bead-423b288b6d96" testId="bf97e7b3-ad23-5ac0-29a6-925724141bd2" testName="Rep_WithSeparator_InterleavesSeparator" computerName="dadsmbp" duration="00:00:00.0000619" startTime="2025-08-22T08:18:24.0787960-04:00" endTime="2025-08-22T08:18:24.0788850-04:00" testType="13cdc9d9-ddb5-4fa4-a97d-d965ccfc6d4b" outcome="Passed" testListId="8c84fa94-04c1-424b-9868-57a2d4851a1d" relativeResultsDirectory="e7401e0d-58b5-4971-bead-423b288b6d96" />
    <UnitTestResult executionId="b7b27bf5-be88-4e10-a4d7-edd7397f61a3" testId="17386706-45ae-d62e-68a0-1c2563136f66" testName="ToNumber_IntegerString_ReturnsCorrectNumber" computerName="dadsmbp" duration="00:00:00.0000445" startTime="2025-08-22T08:18:24.1409570-04:00" endTime="2025-08-22T08:18:24.1410300-04:00" testType="13cdc9d9-ddb5-4fa4-a97d-d965ccfc6d4b" outcome="Passed" testListId="8c84fa94-04c1-424b-9868-57a2d4851a1d" relativeResultsDirectory="b7b27bf5-be88-4e10-a4d7-edd7397f61a3" />
    <UnitTestResult executionId="b58b7fb0-55db-4ff1-81f5-deadf3be70f4" testId="6c91472b-2bee-42f0-be91-5560cb8ef8bd" testName="Concat_SingleElement_ReturnsElement" computerName="dadsmbp" duration="00:00:00.0000498" startTime="2025-08-22T08:18:24.1334050-04:00" endTime="2025-08-22T08:18:24.1334720-04:00" testType="13cdc9d9-ddb5-4fa4-a97d-d965ccfc6d4b" outcome="Passed" testListId="8c84fa94-04c1-424b-9868-57a2d4851a1d" relativeResultsDirectory="b58b7fb0-55db-4ff1-81f5-deadf3be70f4" />
    <UnitTestResult executionId="dd3f4884-a226-4772-a233-894936cb1f52" testId="1e79e19d-9838-d7b5-fae7-4255c8f85c46" testName="Find_AnchoredQuantifierPattern_CombinesFeatures" computerName="dadsmbp" duration="00:00:00.0000648" startTime="2025-08-22T08:18:24.1212510-04:00" endTime="2025-08-22T08:18:24.1213400-04:00" testType="13cdc9d9-ddb5-4fa4-a97d-d965ccfc6d4b" outcome="Passed" testListId="8c84fa94-04c1-424b-9868-57a2d4851a1d" relativeResultsDirectory="dd3f4884-a226-4772-a233-894936cb1f52" />
    <UnitTestResult executionId="4dca802f-7849-4cfe-adb3-55a5844be27c" testId="b67f05c3-f268-37f5-0e44-5c83fb1f84fb" testName="Len_VeryLongUnicodeString_HandlesCorrectly" computerName="dadsmbp" duration="00:00:00.0000595" startTime="2025-08-22T08:18:24.1632030-04:00" endTime="2025-08-22T08:18:24.1632790-04:00" testType="13cdc9d9-ddb5-4fa4-a97d-d965ccfc6d4b" outcome="Passed" testListId="8c84fa94-04c1-424b-9868-57a2d4851a1d" relativeResultsDirectory="4dca802f-7849-4cfe-adb3-55a5844be27c" />
    <UnitTestResult executionId="579013b8-725a-4cee-8a0a-e9cf20f2cc59" testId="92d129aa-64ed-22db-4bde-585d3381802c" testName="IsFunction_FunctionValue_ReturnsTrue" computerName="dadsmbp" duration="00:00:00.0001006" startTime="2025-08-22T08:18:24.1673920-04:00" endTime="2025-08-22T08:18:24.1675070-04:00" testType="13cdc9d9-ddb5-4fa4-a97d-d965ccfc6d4b" outcome="Passed" testListId="8c84fa94-04c1-424b-9868-57a2d4851a1d" relativeResultsDirectory="579013b8-725a-4cee-8a0a-e9cf20f2cc59" />
    <UnitTestResult executionId="d0a42d83-afe5-43f6-b23d-a9fbeef84777" testId="bc1ff08e-1e15-6ede-0c74-21fde48f6fcd" testName="Format_ZeroPadFlag_PadsWithZeros" computerName="dadsmbp" duration="00:00:00.0001437" startTime="2025-08-22T08:18:24.0892610-04:00" endTime="2025-08-22T08:18:24.0894300-04:00" testType="13cdc9d9-ddb5-4fa4-a97d-d965ccfc6d4b" outcome="Passed" testListId="8c84fa94-04c1-424b-9868-57a2d4851a1d" relativeResultsDirectory="d0a42d83-afe5-43f6-b23d-a9fbeef84777" />
  </Results>
  <TestDefinitions>
    <UnitTest name="CreateStandardEnvironment_HasBasicFunctions" storage="/users/bill/repos/flua/flua.runtime.librarytests/bin/debug/net8.0/flua.runtime.librarytests.dll" id="fff38a50-6978-73d7-97be-0090cd17e9f4">
      <Execution id="ea09f84b-1dfb-40c4-8509-4bb7313a8b85" />
      <TestMethod codeBase="/Users/bill/Repos/FLua/FLua.Runtime.LibraryTests/bin/Debug/net8.0/FLua.Runtime.LibraryTests.dll" adapterTypeName="executor://mstestadapter/v2" className="FLua.Runtime.LibraryTests.LuaEnvironmentTests" name="CreateStandardEnvironment_HasBasicFunctions" />
    </UnitTest>
    <UnitTest name="ToString_BooleanValue_ThrowsException" storage="/users/bill/repos/flua/flua.runtime.librarytests/bin/debug/net8.0/flua.runtime.librarytests.dll" id="4e0d0548-af81-0df3-d0fa-d376255a5b9d">
      <Execution id="434a5046-ddbb-4df2-8e1d-639d5d210e1a" />
      <TestMethod codeBase="/Users/bill/Repos/FLua/FLua.Runtime.LibraryTests/bin/Debug/net8.0/FLua.Runtime.LibraryTests.dll" adapterTypeName="executor://mstestadapter/v2" className="FLua.Runtime.LibraryTests.LuaTypeConversionTests" name="ToString_BooleanValue_ThrowsException" />
    </UnitTest>
    <UnitTest name="Random_SingleArgument_ReturnsBetweenOneAndN" storage="/users/bill/repos/flua/flua.runtime.librarytests/bin/debug/net8.0/flua.runtime.librarytests.dll" id="d8323f7b-b6f4-aef1-d95d-3f7a76da7d37">
      <Execution id="a53d358b-f998-4d15-91f6-1f72eea5ea0a" />
      <TestMethod codeBase="/Users/bill/Repos/FLua/FLua.Runtime.LibraryTests/bin/Debug/net8.0/FLua.Runtime.LibraryTests.dll" adapterTypeName="executor://mstestadapter/v2" className="FLua.Runtime.LibraryTests.LuaMathLibTests" name="Random_SingleArgument_ReturnsBetweenOneAndN" />
    </UnitTest>
    <UnitTest name="Max_MixedTypes_ReturnsLarger" storage="/users/bill/repos/flua/flua.runtime.librarytests/bin/debug/net8.0/flua.runtime.librarytests.dll" id="63d280db-6040-fbee-36a1-148cfca64c9c">
      <Execution id="2680b1c6-66dc-49d3-af8b-cbd6ef284adf" />
      <TestMethod codeBase="/Users/bill/Repos/FLua/FLua.Runtime.LibraryTests/bin/Debug/net8.0/FLua.Runtime.LibraryTests.dll" adapterTypeName="executor://mstestadapter/v2" className="FLua.Runtime.LibraryTests.LuaMathLibTests" name="Max_MixedTypes_ReturnsLarger" />
    </UnitTest>
    <UnitTest name="ToInteger_IntegerString_ReturnsCorrectInteger" storage="/users/bill/repos/flua/flua.runtime.librarytests/bin/debug/net8.0/flua.runtime.librarytests.dll" id="f43867cd-0b2f-6df4-761d-a58f20129501">
      <Execution id="8e1b54d1-e055-4b31-9f61-8bed079c4bce" />
      <TestMethod codeBase="/Users/bill/Repos/FLua/FLua.Runtime.LibraryTests/bin/Debug/net8.0/FLua.Runtime.LibraryTests.dll" adapterTypeName="executor://mstestadapter/v2" className="FLua.Runtime.LibraryTests.LuaTypeConversionTests" name="ToInteger_IntegerString_ReturnsCorrectInteger" />
    </UnitTest>
    <UnitTest name="Find_MultipleAnchors_HandlesEdgeCase" storage="/users/bill/repos/flua/flua.runtime.librarytests/bin/debug/net8.0/flua.runtime.librarytests.dll" id="1e4b9f12-058b-fa11-1552-0a13271ffe9f">
      <Execution id="13be6d32-48b5-483d-ba9c-3d7bed641db8" />
      <TestMethod codeBase="/Users/bill/Repos/FLua/FLua.Runtime.LibraryTests/bin/Debug/net8.0/FLua.Runtime.LibraryTests.dll" adapterTypeName="executor://mstestadapter/v2" className="FLua.Runtime.LibraryTests.LuaStringLibTests" name="Find_MultipleAnchors_HandlesEdgeCase" />
    </UnitTest>
    <UnitTest name="Insert_NegativePosition_ThrowsException" storage="/users/bill/repos/flua/flua.runtime.librarytests/bin/debug/net8.0/flua.runtime.librarytests.dll" id="7d57d405-1d8f-d3c4-d49c-d9bc6cffff8b">
      <Execution id="816c00c5-5421-4aee-8230-1b35ad9de4d2" />
      <TestMethod codeBase="/Users/bill/Repos/FLua/FLua.Runtime.LibraryTests/bin/Debug/net8.0/FLua.Runtime.LibraryTests.dll" adapterTypeName="executor://mstestadapter/v2" className="FLua.Runtime.LibraryTests.LuaTableLibTests" name="Insert_NegativePosition_ThrowsException" />
    </UnitTest>
    <UnitTest name="Subtract_NegativeResult_ReturnsCorrectValue" storage="/users/bill/repos/flua/flua.runtime.librarytests/bin/debug/net8.0/flua.runtime.librarytests.dll" id="96bd226b-7335-f1a5-f645-19034cd2d19c">
      <Execution id="89a77517-f56a-4086-a915-bfb39578a72d" />
      <TestMethod codeBase="/Users/bill/Repos/FLua/FLua.Runtime.LibraryTests/bin/Debug/net8.0/FLua.Runtime.LibraryTests.dll" adapterTypeName="executor://mstestadapter/v2" className="FLua.Runtime.LibraryTests.LuaValueTests" name="Subtract_NegativeResult_ReturnsCorrectValue" />
    </UnitTest>
    <UnitTest name="FileHandle_Flush_SuccessfulFlush" storage="/users/bill/repos/flua/flua.runtime.librarytests/bin/debug/net8.0/flua.runtime.librarytests.dll" id="4ff82df3-2a8b-d871-a8b5-23e407fbce15">
      <Execution id="dd55786d-ea89-4c93-b0df-b2125ee8c815" />
      <TestMethod codeBase="/Users/bill/Repos/FLua/FLua.Runtime.LibraryTests/bin/Debug/net8.0/FLua.Runtime.LibraryTests.dll" adapterTypeName="executor://mstestadapter/v2" className="FLua.Runtime.LibraryTests.LuaIOLibTests" name="FileHandle_Flush_SuccessfulFlush" />
    </UnitTest>
    <UnitTest name="Find_EmptyCapture_ReturnsEmptyString" storage="/users/bill/repos/flua/flua.runtime.librarytests/bin/debug/net8.0/flua.runtime.librarytests.dll" id="336f24e8-a7fc-2241-5426-bf1a2f3aa99b">
      <Execution id="a25076cc-4824-450e-897c-1f495c631c8e" />
      <TestMethod codeBase="/Users/bill/Repos/FLua/FLua.Runtime.LibraryTests/bin/Debug/net8.0/FLua.Runtime.LibraryTests.dll" adapterTypeName="executor://mstestadapter/v2" className="FLua.Runtime.LibraryTests.LuaStringLibTests" name="Find_EmptyCapture_ReturnsEmptyString" />
    </UnitTest>
    <UnitTest name="Match_MissingPattern_ThrowsException" storage="/users/bill/repos/flua/flua.runtime.librarytests/bin/debug/net8.0/flua.runtime.librarytests.dll" id="eb0ad89a-467e-5427-a85d-1b735871336e">
      <Execution id="d55b8e5b-9c8d-4e12-999b-f972db48f2d2" />
      <TestMethod codeBase="/Users/bill/Repos/FLua/FLua.Runtime.LibraryTests/bin/Debug/net8.0/FLua.Runtime.LibraryTests.dll" adapterTypeName="executor://mstestadapter/v2" className="FLua.Runtime.LibraryTests.LuaStringLibTests" name="Match_MissingPattern_ThrowsException" />
    </UnitTest>
    <UnitTest name="Move_MissingArguments_ThrowsException" storage="/users/bill/repos/flua/flua.runtime.librarytests/bin/debug/net8.0/flua.runtime.librarytests.dll" id="b1281940-f7f8-63c3-f3ba-f29258f117ee">
      <Execution id="6604db39-5674-4360-92eb-11b03231cec5" />
      <TestMethod codeBase="/Users/bill/Repos/FLua/FLua.Runtime.LibraryTests/bin/Debug/net8.0/FLua.Runtime.LibraryTests.dll" adapterTypeName="executor://mstestadapter/v2" className="FLua.Runtime.LibraryTests.LuaTableLibTests" name="Move_MissingArguments_ThrowsException" />
    </UnitTest>
    <UnitTest name="Pack_SignedByte_WorksCorrectly" storage="/users/bill/repos/flua/flua.runtime.librarytests/bin/debug/net8.0/flua.runtime.librarytests.dll" id="fc81d74d-15cc-c700-6394-437f323a77ac">
      <Execution id="bd47a6eb-9099-46d5-9364-2efe4ddb4ec9" />
      <TestMethod codeBase="/Users/bill/Repos/FLua/FLua.Runtime.LibraryTests/bin/Debug/net8.0/FLua.Runtime.LibraryTests.dll" adapterTypeName="executor://mstestadapter/v2" className="FLua.Runtime.LibraryTests.LuaStringLibTests" name="Pack_SignedByte_WorksCorrectly" />
    </UnitTest>
    <UnitTest name="TryToNumber_StringWithFloat_ReturnsFloat" storage="/users/bill/repos/flua/flua.runtime.librarytests/bin/debug/net8.0/flua.runtime.librarytests.dll" id="8868fdb5-6923-2dd5-4325-73d75faf269d">
      <Execution id="e6d1303e-9e73-41bb-98cb-9a9abc402dd0" />
      <TestMethod codeBase="/Users/bill/Repos/FLua/FLua.Runtime.LibraryTests/bin/Debug/net8.0/FLua.Runtime.LibraryTests.dll" adapterTypeName="executor://mstestadapter/v2" className="FLua.Runtime.LibraryTests.LuaValueTests" name="TryToNumber_StringWithFloat_ReturnsFloat" />
    </UnitTest>
    <UnitTest name="Match_SingleCaptureGroup_ReturnsCapture" storage="/users/bill/repos/flua/flua.runtime.librarytests/bin/debug/net8.0/flua.runtime.librarytests.dll" id="48073f64-8607-75e8-4a6d-239cdf528320">
      <Execution id="1b61a176-03b0-4aea-b2bd-38524d28e40a" />
      <TestMethod codeBase="/Users/bill/Repos/FLua/FLua.Runtime.LibraryTests/bin/Debug/net8.0/FLua.Runtime.LibraryTests.dll" adapterTypeName="executor://mstestadapter/v2" className="FLua.Runtime.LibraryTests.LuaStringLibTests" name="Match_SingleCaptureGroup_ReturnsCapture" />
    </UnitTest>
    <UnitTest name="Len_EmptyString_ReturnsZero" storage="/users/bill/repos/flua/flua.runtime.librarytests/bin/debug/net8.0/flua.runtime.librarytests.dll" id="9748d62b-1280-e0ee-352c-e19a548ff90e">
      <Execution id="8f28dbbc-1334-454e-8e53-1fa79cd3e6e7" />
      <TestMethod codeBase="/Users/bill/Repos/FLua/FLua.Runtime.LibraryTests/bin/Debug/net8.0/FLua.Runtime.LibraryTests.dll" adapterTypeName="executor://mstestadapter/v2" className="FLua.Runtime.LibraryTests.LuaStringLibTests" name="Len_EmptyString_ReturnsZero" />
    </UnitTest>
    <UnitTest name="TryGetInteger_NonIntegerValue_ReturnsFalse" storage="/users/bill/repos/flua/flua.runtime.librarytests/bin/debug/net8.0/flua.runtime.librarytests.dll" id="caecfbcd-42a1-0bf6-8888-3ba079be496e">
      <Execution id="f995d14e-c202-4a9f-90af-9a3763998d25" />
      <TestMethod codeBase="/Users/bill/Repos/FLua/FLua.Runtime.LibraryTests/bin/Debug/net8.0/FLua.Runtime.LibraryTests.dll" adapterTypeName="executor://mstestadapter/v2" className="FLua.Runtime.LibraryTests.LuaValueTests" name="TryGetInteger_NonIntegerValue_ReturnsFalse" />
    </UnitTest>
    <UnitTest name="Pack_FixedString_ExactSize" storage="/users/bill/repos/flua/flua.runtime.librarytests/bin/debug/net8.0/flua.runtime.librarytests.dll" id="6d197bb9-1173-907c-86dd-da4d440dbbc2">
      <Execution id="1922596e-9790-4e71-b639-0ae36b1ee0f4" />
      <TestMethod codeBase="/Users/bill/Repos/FLua/FLua.Runtime.LibraryTests/bin/Debug/net8.0/FLua.Runtime.LibraryTests.dll" adapterTypeName="executor://mstestadapter/v2" className="FLua.Runtime.LibraryTests.LuaStringLibTests" name="Pack_FixedString_ExactSize" />
    </UnitTest>
    <UnitTest name="Open_DefaultMode_UsesReadMode" storage="/users/bill/repos/flua/flua.runtime.librarytests/bin/debug/net8.0/flua.runtime.librarytests.dll" id="5f25129a-2ba1-3f22-76aa-c76ead3c590d">
      <Execution id="791b1c4b-0f12-4429-a33d-b58a0f6fac35" />
      <TestMethod codeBase="/Users/bill/Repos/FLua/FLua.Runtime.LibraryTests/bin/Debug/net8.0/FLua.Runtime.LibraryTests.dll" adapterTypeName="executor://mstestadapter/v2" className="FLua.Runtime.LibraryTests.LuaIOLibTests" name="Open_DefaultMode_UsesReadMode" />
    </UnitTest>
    <UnitTest name="VariableName_EmptyString_HandledCorrectly" storage="/users/bill/repos/flua/flua.runtime.librarytests/bin/debug/net8.0/flua.runtime.librarytests.dll" id="4e15999a-f878-fa2f-0422-7bd030ec8a62">
      <Execution id="df93d5bc-e13c-4325-90b2-680b4dff1232" />
      <TestMethod codeBase="/Users/bill/Repos/FLua/FLua.Runtime.LibraryTests/bin/Debug/net8.0/FLua.Runtime.LibraryTests.dll" adapterTypeName="executor://mstestadapter/v2" className="FLua.Runtime.LibraryTests.LuaEnvironmentTests" name="VariableName_EmptyString_HandledCorrectly" />
    </UnitTest>
    <UnitTest name="Insert_NonTable_ThrowsException" storage="/users/bill/repos/flua/flua.runtime.librarytests/bin/debug/net8.0/flua.runtime.librarytests.dll" id="7a04b199-7d69-5b3e-c54a-df29134cbf27">
      <Execution id="951d1396-6af4-46ce-9c41-8d685a8261f1" />
      <TestMethod codeBase="/Users/bill/Repos/FLua/FLua.Runtime.LibraryTests/bin/Debug/net8.0/FLua.Runtime.LibraryTests.dll" adapterTypeName="executor://mstestadapter/v2" className="FLua.Runtime.LibraryTests.LuaTableLibTests" name="Insert_NonTable_ThrowsException" />
    </UnitTest>
    <UnitTest name="Pack_ZeroTerminatedString_WorksCorrectly" storage="/users/bill/repos/flua/flua.runtime.librarytests/bin/debug/net8.0/flua.runtime.librarytests.dll" id="b9f567ab-135c-ccb6-04a4-b0ddd3213321">
      <Execution id="10f5915a-7c68-448e-99aa-7eedebda789d" />
      <TestMethod codeBase="/Users/bill/Repos/FLua/FLua.Runtime.LibraryTests/bin/Debug/net8.0/FLua.Runtime.LibraryTests.dll" adapterTypeName="executor://mstestadapter/v2" className="FLua.Runtime.LibraryTests.LuaStringLibTests" name="Pack_ZeroTerminatedString_WorksCorrectly" />
    </UnitTest>
    <UnitTest name="ToBoolean_NonBooleanNonNilValues_ReturnTrue" storage="/users/bill/repos/flua/flua.runtime.librarytests/bin/debug/net8.0/flua.runtime.librarytests.dll" id="0cf5bcaa-e30c-358e-ede3-0ec1f16ee90e">
      <Execution id="21ccbd64-2d73-4d15-89ea-c4c3e09e2ccb" />
      <TestMethod codeBase="/Users/bill/Repos/FLua/FLua.Runtime.LibraryTests/bin/Debug/net8.0/FLua.Runtime.LibraryTests.dll" adapterTypeName="executor://mstestadapter/v2" className="FLua.Runtime.LibraryTests.LuaTypeConversionTests" name="ToBoolean_NonBooleanNonNilValues_ReturnTrue" />
    </UnitTest>
    <UnitTest name="ToInteger_ExactFloat_ReturnsInteger" storage="/users/bill/repos/flua/flua.runtime.librarytests/bin/debug/net8.0/flua.runtime.librarytests.dll" id="176db431-b11f-67e9-857d-a0aa3a19ab72">
      <Execution id="77138789-c673-44a1-8434-ac78e93baaa6" />
      <TestMethod codeBase="/Users/bill/Repos/FLua/FLua.Runtime.LibraryTests/bin/Debug/net8.0/FLua.Runtime.LibraryTests.dll" adapterTypeName="executor://mstestadapter/v2" className="FLua.Runtime.LibraryTests.LuaMathLibTests" name="ToInteger_ExactFloat_ReturnsInteger" />
    </UnitTest>
    <UnitTest name="IsNumber_FloatValue_ReturnsTrue" storage="/users/bill/repos/flua/flua.runtime.librarytests/bin/debug/net8.0/flua.runtime.librarytests.dll" id="aebaa27c-3bde-8f7b-ecd8-7d81a863224c">
      <Execution id="98b8a84b-718b-4bfa-bd97-06edd7bf0df8" />
      <TestMethod codeBase="/Users/bill/Repos/FLua/FLua.Runtime.LibraryTests/bin/Debug/net8.0/FLua.Runtime.LibraryTests.dll" adapterTypeName="executor://mstestadapter/v2" className="FLua.Runtime.LibraryTests.LuaValueTests" name="IsNumber_FloatValue_ReturnsTrue" />
    </UnitTest>
    <UnitTest name="VariableName_VeryLongString_HandledCorrectly" storage="/users/bill/repos/flua/flua.runtime.librarytests/bin/debug/net8.0/flua.runtime.librarytests.dll" id="e5632502-4f60-e04d-9e4b-856aa2f472eb">
      <Execution id="1fab3bf3-ec45-4c3f-97d4-bdd04c01258e" />
      <TestMethod codeBase="/Users/bill/Repos/FLua/FLua.Runtime.LibraryTests/bin/Debug/net8.0/FLua.Runtime.LibraryTests.dll" adapterTypeName="executor://mstestadapter/v2" className="FLua.Runtime.LibraryTests.LuaEnvironmentTests" name="VariableName_VeryLongString_HandledCorrectly" />
    </UnitTest>
    <UnitTest name="Close_InvalidHandle_ThrowsException" storage="/users/bill/repos/flua/flua.runtime.librarytests/bin/debug/net8.0/flua.runtime.librarytests.dll" id="2cbe5417-e99d-1e00-1b6f-0c1dfa4276fa">
      <Execution id="ab8da712-1646-4495-bdab-08ac86704779" />
      <TestMethod codeBase="/Users/bill/Repos/FLua/FLua.Runtime.LibraryTests/bin/Debug/net8.0/FLua.Runtime.LibraryTests.dll" adapterTypeName="executor://mstestadapter/v2" className="FLua.Runtime.LibraryTests.LuaIOLibTests" name="Close_InvalidHandle_ThrowsException" />
    </UnitTest>
    <UnitTest name="Len_StartGreaterThanEnd_ReturnsZero" storage="/users/bill/repos/flua/flua.runtime.librarytests/bin/debug/net8.0/flua.runtime.librarytests.dll" id="f0574140-05e7-8498-9329-657513183047">
      <Execution id="af5f2c91-6438-485d-b78b-713f06ec53c7" />
      <TestMethod codeBase="/Users/bill/Repos/FLua/FLua.Runtime.LibraryTests/bin/Debug/net8.0/FLua.Runtime.LibraryTests.dll" adapterTypeName="executor://mstestadapter/v2" className="FLua.Runtime.LibraryTests.LuaUTF8LibTests" name="Len_StartGreaterThanEnd_ReturnsZero" />
    </UnitTest>
    <UnitTest name="Match_MultipleCaptureGroups_ReturnsAllCaptures" storage="/users/bill/repos/flua/flua.runtime.librarytests/bin/debug/net8.0/flua.runtime.librarytests.dll" id="037af028-4c17-d84f-cacf-d2b184a449de">
      <Execution id="cd258521-86b9-4cf3-a2db-46fade96d41d" />
      <TestMethod codeBase="/Users/bill/Repos/FLua/FLua.Runtime.LibraryTests/bin/Debug/net8.0/FLua.Runtime.LibraryTests.dll" adapterTypeName="executor://mstestadapter/v2" className="FLua.Runtime.LibraryTests.LuaStringLibTests" name="Match_MultipleCaptureGroups_ReturnsAllCaptures" />
    </UnitTest>
    <UnitTest name="Format_IntegerFormatting_WorksCorrectly" storage="/users/bill/repos/flua/flua.runtime.librarytests/bin/debug/net8.0/flua.runtime.librarytests.dll" id="9612546d-018d-a9c4-f710-6f8b93722d9b">
      <Execution id="6de81d87-4756-4c98-978b-96b11869b933" />
      <TestMethod codeBase="/Users/bill/Repos/FLua/FLua.Runtime.LibraryTests/bin/Debug/net8.0/FLua.Runtime.LibraryTests.dll" adapterTypeName="executor://mstestadapter/v2" className="FLua.Runtime.LibraryTests.LuaStringLibTests" name="Format_IntegerFormatting_WorksCorrectly" />
    </UnitTest>
    <UnitTest name="Add_FloatFloat_ReturnsFloatSum" storage="/users/bill/repos/flua/flua.runtime.librarytests/bin/debug/net8.0/flua.runtime.librarytests.dll" id="723e0d80-fb0b-5548-6757-d2d93e3878dc">
      <Execution id="d4700f67-32e1-4c16-95fb-c83b6d76339a" />
      <TestMethod codeBase="/Users/bill/Repos/FLua/FLua.Runtime.LibraryTests/bin/Debug/net8.0/FLua.Runtime.LibraryTests.dll" adapterTypeName="executor://mstestadapter/v2" className="FLua.Runtime.LibraryTests.LuaValueTests" name="Add_FloatFloat_ReturnsFloatSum" />
    </UnitTest>
    <UnitTest name="Pack_NoArguments_ReturnsEmptyTableWithCount" storage="/users/bill/repos/flua/flua.runtime.librarytests/bin/debug/net8.0/flua.runtime.librarytests.dll" id="8f7ff48a-4c1e-4d61-fde9-42fc25934238">
      <Execution id="d5148eea-8eb4-4f04-97b1-75f22307b3bf" />
      <TestMethod codeBase="/Users/bill/Repos/FLua/FLua.Runtime.LibraryTests/bin/Debug/net8.0/FLua.Runtime.LibraryTests.dll" adapterTypeName="executor://mstestadapter/v2" className="FLua.Runtime.LibraryTests.LuaTableLibTests" name="Pack_NoArguments_ReturnsEmptyTableWithCount" />
    </UnitTest>
    <UnitTest name="Format_CharacterFormatting_WorksCorrectly" storage="/users/bill/repos/flua/flua.runtime.librarytests/bin/debug/net8.0/flua.runtime.librarytests.dll" id="c44f7d30-784c-7e26-1152-1779da675100">
      <Execution id="41324556-983b-48a9-8177-e569545da0a1" />
      <TestMethod codeBase="/Users/bill/Repos/FLua/FLua.Runtime.LibraryTests/bin/Debug/net8.0/FLua.Runtime.LibraryTests.dll" adapterTypeName="executor://mstestadapter/v2" className="FLua.Runtime.LibraryTests.LuaStringLibTests" name="Format_CharacterFormatting_WorksCorrectly" />
    </UnitTest>
    <UnitTest name="Concat_NumberElements_ConvertsToString" storage="/users/bill/repos/flua/flua.runtime.librarytests/bin/debug/net8.0/flua.runtime.librarytests.dll" id="82f1b943-0634-06f5-65fb-059c120c860b">
      <Execution id="b25ab7d4-a8c7-4a8e-b532-56ce83d6e481" />
      <TestMethod codeBase="/Users/bill/Repos/FLua/FLua.Runtime.LibraryTests/bin/Debug/net8.0/FLua.Runtime.LibraryTests.dll" adapterTypeName="executor://mstestadapter/v2" className="FLua.Runtime.LibraryTests.LuaTableLibTests" name="Concat_NumberElements_ConvertsToString" />
    </UnitTest>
    <UnitTest name="Byte_SingleCharacter_ReturnsByteValue" storage="/users/bill/repos/flua/flua.runtime.librarytests/bin/debug/net8.0/flua.runtime.librarytests.dll" id="217c72ec-29ce-d3de-11dc-4adfccfa3970">
      <Execution id="117f007c-be72-42a0-a61d-04218cfd1514" />
      <TestMethod codeBase="/Users/bill/Repos/FLua/FLua.Runtime.LibraryTests/bin/Debug/net8.0/FLua.Runtime.LibraryTests.dll" adapterTypeName="executor://mstestadapter/v2" className="FLua.Runtime.LibraryTests.LuaStringLibTests" name="Byte_SingleCharacter_ReturnsByteValue" />
    </UnitTest>
    <UnitTest name="DiffTime_NonNumericFirstArgument_ThrowsException" storage="/users/bill/repos/flua/flua.runtime.librarytests/bin/debug/net8.0/flua.runtime.librarytests.dll" id="39e39652-5abc-9b45-4a9e-09dc134d2d9e">
      <Execution id="16a84daf-b160-4dba-9a2b-3b996b40b18d" />
      <TestMethod codeBase="/Users/bill/Repos/FLua/FLua.Runtime.LibraryTests/bin/Debug/net8.0/FLua.Runtime.LibraryTests.dll" adapterTypeName="executor://mstestadapter/v2" className="FLua.Runtime.LibraryTests.LuaOSLibTests" name="DiffTime_NonNumericFirstArgument_ThrowsException" />
    </UnitTest>
    <UnitTest name="CodePoint_WithPosition_ReturnsFromPosition" storage="/users/bill/repos/flua/flua.runtime.librarytests/bin/debug/net8.0/flua.runtime.librarytests.dll" id="e59567ee-4c47-17a6-c6ab-c9f2f770b121">
      <Execution id="eaed9c16-6206-4445-a40a-d07035fb3bac" />
      <TestMethod codeBase="/Users/bill/Repos/FLua/FLua.Runtime.LibraryTests/bin/Debug/net8.0/FLua.Runtime.LibraryTests.dll" adapterTypeName="executor://mstestadapter/v2" className="FLua.Runtime.LibraryTests.LuaUTF8LibTests" name="CodePoint_WithPosition_ReturnsFromPosition" />
    </UnitTest>
    <UnitTest name="CreateNumber_DoubleValue_ReturnsFloatLuaValue" storage="/users/bill/repos/flua/flua.runtime.librarytests/bin/debug/net8.0/flua.runtime.librarytests.dll" id="9d5e7ccc-a83c-de0a-d9b5-9a6494150899">
      <Execution id="107318ab-c805-442e-a05e-85954c96e6f4" />
      <TestMethod codeBase="/Users/bill/Repos/FLua/FLua.Runtime.LibraryTests/bin/Debug/net8.0/FLua.Runtime.LibraryTests.dll" adapterTypeName="executor://mstestadapter/v2" className="FLua.Runtime.LibraryTests.LuaValueHelpersTests" name="CreateNumber_DoubleValue_ReturnsFloatLuaValue" />
    </UnitTest>
    <UnitTest name="Type_Function_ReturnsCorrectTypes" storage="/users/bill/repos/flua/flua.runtime.librarytests/bin/debug/net8.0/flua.runtime.librarytests.dll" id="280bdde6-aea9-003d-2c18-953337083652">
      <Execution id="3e658c32-e508-4964-8c16-265712e14c2f" />
      <TestMethod codeBase="/Users/bill/Repos/FLua/FLua.Runtime.LibraryTests/bin/Debug/net8.0/FLua.Runtime.LibraryTests.dll" adapterTypeName="executor://mstestadapter/v2" className="FLua.Runtime.LibraryTests.LuaEnvironmentTests" name="Type_Function_ReturnsCorrectTypes" />
    </UnitTest>
    <UnitTest name="Find_TrailingEscape_TreatsLiteralPercent" storage="/users/bill/repos/flua/flua.runtime.librarytests/bin/debug/net8.0/flua.runtime.librarytests.dll" id="616faad7-b5d9-993a-603a-ab6159c74652">
      <Execution id="958cfbd3-2f7b-40ff-95bc-5a54fba9c8a9" />
      <TestMethod codeBase="/Users/bill/Repos/FLua/FLua.Runtime.LibraryTests/bin/Debug/net8.0/FLua.Runtime.LibraryTests.dll" adapterTypeName="executor://mstestadapter/v2" className="FLua.Runtime.LibraryTests.LuaStringLibTests" name="Find_TrailingEscape_TreatsLiteralPercent" />
    </UnitTest>
    <UnitTest name="Remove_NonTable_ThrowsException" storage="/users/bill/repos/flua/flua.runtime.librarytests/bin/debug/net8.0/flua.runtime.librarytests.dll" id="9475ee7f-34ac-cccd-70a7-5737f1f061fd">
      <Execution id="1ec2d1a0-f638-42f4-a42e-97055db9b821" />
      <TestMethod codeBase="/Users/bill/Repos/FLua/FLua.Runtime.LibraryTests/bin/Debug/net8.0/FLua.Runtime.LibraryTests.dll" adapterTypeName="executor://mstestadapter/v2" className="FLua.Runtime.LibraryTests.LuaTableLibTests" name="Remove_NonTable_ThrowsException" />
    </UnitTest>
    <UnitTest name="Pack_VariableSizeSignedInteger_4Bytes" storage="/users/bill/repos/flua/flua.runtime.librarytests/bin/debug/net8.0/flua.runtime.librarytests.dll" id="c7577d20-faa3-b01c-9db3-524f0f988962">
      <Execution id="39a96669-4aa5-4028-9f44-a32a85cfe7e5" />
      <TestMethod codeBase="/Users/bill/Repos/FLua/FLua.Runtime.LibraryTests/bin/Debug/net8.0/FLua.Runtime.LibraryTests.dll" adapterTypeName="executor://mstestadapter/v2" className="FLua.Runtime.LibraryTests.LuaStringLibTests" name="Pack_VariableSizeSignedInteger_4Bytes" />
    </UnitTest>
    <UnitTest name="ToNumber_StringWithWhitespace_ReturnsCorrectNumber" storage="/users/bill/repos/flua/flua.runtime.librarytests/bin/debug/net8.0/flua.runtime.librarytests.dll" id="b99139a6-eb41-e964-38ea-1f3edbf8e841">
      <Execution id="20011c68-a959-4c04-bff1-7e4c27c8dbb7" />
      <TestMethod codeBase="/Users/bill/Repos/FLua/FLua.Runtime.LibraryTests/bin/Debug/net8.0/FLua.Runtime.LibraryTests.dll" adapterTypeName="executor://mstestadapter/v2" className="FLua.Runtime.LibraryTests.LuaTypeConversionTests" name="ToNumber_StringWithWhitespace_ReturnsCorrectNumber" />
    </UnitTest>
    <UnitTest name="Power_IntegerInteger_ReturnsFloatResult" storage="/users/bill/repos/flua/flua.runtime.librarytests/bin/debug/net8.0/flua.runtime.librarytests.dll" id="f0e83354-b42c-c844-66d7-54ddeed220b1">
      <Execution id="13e79f65-5ea6-4486-be5d-056be4900050" />
      <TestMethod codeBase="/Users/bill/Repos/FLua/FLua.Runtime.LibraryTests/bin/Debug/net8.0/FLua.Runtime.LibraryTests.dll" adapterTypeName="executor://mstestadapter/v2" className="FLua.Runtime.LibraryTests.LuaValueTests" name="Power_IntegerInteger_ReturnsFloatResult" />
    </UnitTest>
    <UnitTest name="Integer_MaxValue_ReturnsCorrectValue" storage="/users/bill/repos/flua/flua.runtime.librarytests/bin/debug/net8.0/flua.runtime.librarytests.dll" id="3cc36533-57cf-f049-94fe-b0929a9f967d">
      <Execution id="9dfd1637-ddba-4059-a1d5-4edbb2703d00" />
      <TestMethod codeBase="/Users/bill/Repos/FLua/FLua.Runtime.LibraryTests/bin/Debug/net8.0/FLua.Runtime.LibraryTests.dll" adapterTypeName="executor://mstestadapter/v2" className="FLua.Runtime.LibraryTests.LuaValueTests" name="Integer_MaxValue_ReturnsCorrectValue" />
    </UnitTest>
    <UnitTest name="FileHandle_Write_VeryLongString" storage="/users/bill/repos/flua/flua.runtime.librarytests/bin/debug/net8.0/flua.runtime.librarytests.dll" id="a3943f49-80f0-e3b2-4adc-f5f0898d59a9">
      <Execution id="c00c8d25-ff0e-49ef-bdba-9b04e18521ca" />
      <TestMethod codeBase="/Users/bill/Repos/FLua/FLua.Runtime.LibraryTests/bin/Debug/net8.0/FLua.Runtime.LibraryTests.dll" adapterTypeName="executor://mstestadapter/v2" className="FLua.Runtime.LibraryTests.LuaIOLibTests" name="FileHandle_Write_VeryLongString" />
    </UnitTest>
    <UnitTest name="Deg_Pi_Returns180" storage="/users/bill/repos/flua/flua.runtime.librarytests/bin/debug/net8.0/flua.runtime.librarytests.dll" id="4167cbe8-38c1-7cb3-882f-3969c597defd">
      <Execution id="9db5c835-000e-4950-a7a2-ec45ef5a7161" />
      <TestMethod codeBase="/Users/bill/Repos/FLua/FLua.Runtime.LibraryTests/bin/Debug/net8.0/FLua.Runtime.LibraryTests.dll" adapterTypeName="executor://mstestadapter/v2" className="FLua.Runtime.LibraryTests.LuaMathLibTests" name="Deg_Pi_Returns180" />
    </UnitTest>
    <UnitTest name="Insert_ZeroPosition_ThrowsException" storage="/users/bill/repos/flua/flua.runtime.librarytests/bin/debug/net8.0/flua.runtime.librarytests.dll" id="db15e783-48bf-728a-de98-ec96c8b2bc01">
      <Execution id="c6dfde6d-8ec0-4415-aa3e-5067b6bc8462" />
      <TestMethod codeBase="/Users/bill/Repos/FLua/FLua.Runtime.LibraryTests/bin/Debug/net8.0/FLua.Runtime.LibraryTests.dll" adapterTypeName="executor://mstestadapter/v2" className="FLua.Runtime.LibraryTests.LuaTableLibTests" name="Insert_ZeroPosition_ThrowsException" />
    </UnitTest>
    <UnitTest name="Reverse_EmptyString_ReturnsEmpty" storage="/users/bill/repos/flua/flua.runtime.librarytests/bin/debug/net8.0/flua.runtime.librarytests.dll" id="480742e5-a335-b984-3ef3-99064a4254c4">
      <Execution id="a5c3a730-cd84-4efa-8dd5-b7d52602b5b0" />
      <TestMethod codeBase="/Users/bill/Repos/FLua/FLua.Runtime.LibraryTests/bin/Debug/net8.0/FLua.Runtime.LibraryTests.dll" adapterTypeName="executor://mstestadapter/v2" className="FLua.Runtime.LibraryTests.LuaStringLibTests" name="Reverse_EmptyString_ReturnsEmpty" />
    </UnitTest>
    <UnitTest name="Move_SameTable_CopiesElements" storage="/users/bill/repos/flua/flua.runtime.librarytests/bin/debug/net8.0/flua.runtime.librarytests.dll" id="31fa06ab-d5a3-b57b-1725-ae41e6861f7a">
      <Execution id="ebf32c17-49a9-47aa-a1e0-d13d3769ddb4" />
      <TestMethod codeBase="/Users/bill/Repos/FLua/FLua.Runtime.LibraryTests/bin/Debug/net8.0/FLua.Runtime.LibraryTests.dll" adapterTypeName="executor://mstestadapter/v2" className="FLua.Runtime.LibraryTests.LuaTableLibTests" name="Move_SameTable_CopiesElements" />
    </UnitTest>
    <UnitTest name="Time_PartialDateTable_FillsDefaults" storage="/users/bill/repos/flua/flua.runtime.librarytests/bin/debug/net8.0/flua.runtime.librarytests.dll" id="4cb93273-3097-1b0d-7b2a-2bef26f68fd7">
      <Execution id="35e2e7e8-93ea-41ae-8fe5-c371c4f80497" />
      <TestMethod codeBase="/Users/bill/Repos/FLua/FLua.Runtime.LibraryTests/bin/Debug/net8.0/FLua.Runtime.LibraryTests.dll" adapterTypeName="executor://mstestadapter/v2" className="FLua.Runtime.LibraryTests.LuaOSLibTests" name="Time_PartialDateTable_FillsDefaults" />
    </UnitTest>
    <UnitTest name="String_LongString_ReturnsCorrectValue" storage="/users/bill/repos/flua/flua.runtime.librarytests/bin/debug/net8.0/flua.runtime.librarytests.dll" id="d9c53d49-ba67-5df0-3f9a-69a8f0b66684">
      <Execution id="183d9e15-cc94-4e28-9684-5fcac5001808" />
      <TestMethod codeBase="/Users/bill/Repos/FLua/FLua.Runtime.LibraryTests/bin/Debug/net8.0/FLua.Runtime.LibraryTests.dll" adapterTypeName="executor://mstestadapter/v2" className="FLua.Runtime.LibraryTests.LuaValueTests" name="String_LongString_ReturnsCorrectValue" />
    </UnitTest>
    <UnitTest name="Pack_LuaUnsigned_WorksCorrectly" storage="/users/bill/repos/flua/flua.runtime.librarytests/bin/debug/net8.0/flua.runtime.librarytests.dll" id="f0bb5538-c706-81b0-e10b-60999c7211a2">
      <Execution id="dd29e3b4-dbe8-49e7-baf6-042c238f6e89" />
      <TestMethod codeBase="/Users/bill/Repos/FLua/FLua.Runtime.LibraryTests/bin/Debug/net8.0/FLua.Runtime.LibraryTests.dll" adapterTypeName="executor://mstestadapter/v2" className="FLua.Runtime.LibraryTests.LuaStringLibTests" name="Pack_LuaUnsigned_WorksCorrectly" />
    </UnitTest>
    <UnitTest name="ToInteger_MinLongValue_ReturnsMinValue" storage="/users/bill/repos/flua/flua.runtime.librarytests/bin/debug/net8.0/flua.runtime.librarytests.dll" id="75dc166b-6aaa-dfc7-7d3f-834ca55d7568">
      <Execution id="a85c1446-3154-4ac7-b743-a20bf5d49e5b" />
      <TestMethod codeBase="/Users/bill/Repos/FLua/FLua.Runtime.LibraryTests/bin/Debug/net8.0/FLua.Runtime.LibraryTests.dll" adapterTypeName="executor://mstestadapter/v2" className="FLua.Runtime.LibraryTests.LuaTypeConversionTests" name="ToInteger_MinLongValue_ReturnsMinValue" />
    </UnitTest>
    <UnitTest name="ToInteger_NonNumericString_ReturnsNil" storage="/users/bill/repos/flua/flua.runtime.librarytests/bin/debug/net8.0/flua.runtime.librarytests.dll" id="519530f8-ec69-7fc8-d74d-d5e225edfcdc">
      <Execution id="a698b3c5-adf4-4b09-a875-6f5a596d3a18" />
      <TestMethod codeBase="/Users/bill/Repos/FLua/FLua.Runtime.LibraryTests/bin/Debug/net8.0/FLua.Runtime.LibraryTests.dll" adapterTypeName="executor://mstestadapter/v2" className="FLua.Runtime.LibraryTests.LuaMathLibTests" name="ToInteger_NonNumericString_ReturnsNil" />
    </UnitTest>
    <UnitTest name="Random_NegativeArgument_ThrowsException" storage="/users/bill/repos/flua/flua.runtime.librarytests/bin/debug/net8.0/flua.runtime.librarytests.dll" id="e3280519-58dc-2950-b834-1a3c0ded5167">
      <Execution id="d7afd99f-9161-4bb1-9542-1d97a1c87661" />
      <TestMethod codeBase="/Users/bill/Repos/FLua/FLua.Runtime.LibraryTests/bin/Debug/net8.0/FLua.Runtime.LibraryTests.dll" adapterTypeName="executor://mstestadapter/v2" className="FLua.Runtime.LibraryTests.LuaMathLibTests" name="Random_NegativeArgument_ThrowsException" />
    </UnitTest>
    <UnitTest name="IsTruthy_AllOtherTypes_ReturnTrue" storage="/users/bill/repos/flua/flua.runtime.librarytests/bin/debug/net8.0/flua.runtime.librarytests.dll" id="393d8447-963e-7f24-cf6e-98d97ad5ad33">
      <Execution id="37084aa2-81db-43e7-b507-1e367a213a59" />
      <TestMethod codeBase="/Users/bill/Repos/FLua/FLua.Runtime.LibraryTests/bin/Debug/net8.0/FLua.Runtime.LibraryTests.dll" adapterTypeName="executor://mstestadapter/v2" className="FLua.Runtime.LibraryTests.LuaValueTests" name="IsTruthy_AllOtherTypes_ReturnTrue" />
    </UnitTest>
    <UnitTest name="Find_EscapedMetacharacterWithQuantifier_CombinesFeatures" storage="/users/bill/repos/flua/flua.runtime.librarytests/bin/debug/net8.0/flua.runtime.librarytests.dll" id="33774f0a-03c8-2311-2a85-e92e1dde26f6">
      <Execution id="5a1a63df-e66f-4e65-8fe0-be85a7cd423f" />
      <TestMethod codeBase="/Users/bill/Repos/FLua/FLua.Runtime.LibraryTests/bin/Debug/net8.0/FLua.Runtime.LibraryTests.dll" adapterTypeName="executor://mstestadapter/v2" className="FLua.Runtime.LibraryTests.LuaStringLibTests" name="Find_EscapedMetacharacterWithQuantifier_CombinesFeatures" />
    </UnitTest>
    <UnitTest name="Find_MissingPattern_ThrowsException" storage="/users/bill/repos/flua/flua.runtime.librarytests/bin/debug/net8.0/flua.runtime.librarytests.dll" id="ec784ee1-cdfa-859d-8e70-7383a9624858">
      <Execution id="f9c5316c-b7ec-4b8b-87f8-2458d0b505e3" />
      <TestMethod codeBase="/Users/bill/Repos/FLua/FLua.Runtime.LibraryTests/bin/Debug/net8.0/FLua.Runtime.LibraryTests.dll" adapterTypeName="executor://mstestadapter/v2" className="FLua.Runtime.LibraryTests.LuaStringLibTests" name="Find_MissingPattern_ThrowsException" />
    </UnitTest>
    <UnitTest name="TryToInteger_FloatWithIntegerValue_ReturnsInteger" storage="/users/bill/repos/flua/flua.runtime.librarytests/bin/debug/net8.0/flua.runtime.librarytests.dll" id="7a427c76-6277-3d44-85c8-288ce907545c">
      <Execution id="8dbe065e-1a63-4f29-915d-aea530c87038" />
      <TestMethod codeBase="/Users/bill/Repos/FLua/FLua.Runtime.LibraryTests/bin/Debug/net8.0/FLua.Runtime.LibraryTests.dll" adapterTypeName="executor://mstestadapter/v2" className="FLua.Runtime.LibraryTests.LuaValueTests" name="TryToInteger_FloatWithIntegerValue_ReturnsInteger" />
    </UnitTest>
    <UnitTest name="Concat_EmptyTable_ReturnsEmptyString" storage="/users/bill/repos/flua/flua.runtime.librarytests/bin/debug/net8.0/flua.runtime.librarytests.dll" id="ef807e78-f429-6b6c-27f3-a7216cb3bccc">
      <Execution id="e99dddbb-7480-4cbe-8251-a63ca92b2fed" />
      <TestMethod codeBase="/Users/bill/Repos/FLua/FLua.Runtime.LibraryTests/bin/Debug/net8.0/FLua.Runtime.LibraryTests.dll" adapterTypeName="executor://mstestadapter/v2" className="FLua.Runtime.LibraryTests.LuaTableLibTests" name="Concat_EmptyTable_ReturnsEmptyString" />
    </UnitTest>
    <UnitTest name="Find_StarQuantifier_MatchesZeroOrMore" storage="/users/bill/repos/flua/flua.runtime.librarytests/bin/debug/net8.0/flua.runtime.librarytests.dll" id="7ceaf476-8c61-f022-d603-bee99b2eb8b9">
      <Execution id="8bfd6791-7eda-4b5c-b6a7-a9643bd54730" />
      <TestMethod codeBase="/Users/bill/Repos/FLua/FLua.Runtime.LibraryTests/bin/Debug/net8.0/FLua.Runtime.LibraryTests.dll" adapterTypeName="executor://mstestadapter/v2" className="FLua.Runtime.LibraryTests.LuaStringLibTests" name="Find_StarQuantifier_MatchesZeroOrMore" />
    </UnitTest>
    <UnitTest name="Insert_AtEnd_AddsElement" storage="/users/bill/repos/flua/flua.runtime.librarytests/bin/debug/net8.0/flua.runtime.librarytests.dll" id="27e7e791-ddf6-23ac-f33f-a414200d8fd4">
      <Execution id="9a99039e-9893-4213-9c62-0e4628056deb" />
      <TestMethod codeBase="/Users/bill/Repos/FLua/FLua.Runtime.LibraryTests/bin/Debug/net8.0/FLua.Runtime.LibraryTests.dll" adapterTypeName="executor://mstestadapter/v2" className="FLua.Runtime.LibraryTests.LuaTableLibTests" name="Insert_AtEnd_AddsElement" />
    </UnitTest>
    <UnitTest name="FMod_NegativeDividend_ReturnsNegativeRemainder" storage="/users/bill/repos/flua/flua.runtime.librarytests/bin/debug/net8.0/flua.runtime.librarytests.dll" id="51ec0946-f9f5-840d-31a4-2c42c422cf9d">
      <Execution id="ab8afb39-e224-477d-b5a7-6f922b8ee357" />
      <TestMethod codeBase="/Users/bill/Repos/FLua/FLua.Runtime.LibraryTests/bin/Debug/net8.0/FLua.Runtime.LibraryTests.dll" adapterTypeName="executor://mstestadapter/v2" className="FLua.Runtime.LibraryTests.LuaMathLibTests" name="FMod_NegativeDividend_ReturnsNegativeRemainder" />
    </UnitTest>
    <UnitTest name="Byte_WithStartIndex_ReturnsFromPosition" storage="/users/bill/repos/flua/flua.runtime.librarytests/bin/debug/net8.0/flua.runtime.librarytests.dll" id="9a4f3b01-7a96-0f4d-6e37-89ee283279de">
      <Execution id="feb25eb0-97e7-4701-996c-dc6fd61d292d" />
      <TestMethod codeBase="/Users/bill/Repos/FLua/FLua.Runtime.LibraryTests/bin/Debug/net8.0/FLua.Runtime.LibraryTests.dll" adapterTypeName="executor://mstestadapter/v2" className="FLua.Runtime.LibraryTests.LuaStringLibTests" name="Byte_WithStartIndex_ReturnsFromPosition" />
    </UnitTest>
    <UnitTest name="Date_DefaultFormat_ReturnsFormattedString" storage="/users/bill/repos/flua/flua.runtime.librarytests/bin/debug/net8.0/flua.runtime.librarytests.dll" id="f0713fbf-9795-fb87-dc72-78a566934f4f">
      <Execution id="58b1387f-96d4-414e-a2da-68c38582b92b" />
      <TestMethod codeBase="/Users/bill/Repos/FLua/FLua.Runtime.LibraryTests/bin/Debug/net8.0/FLua.Runtime.LibraryTests.dll" adapterTypeName="executor://mstestadapter/v2" className="FLua.Runtime.LibraryTests.LuaOSLibTests" name="Date_DefaultFormat_ReturnsFormattedString" />
    </UnitTest>
    <UnitTest name="ToInteger_FloatString_ThrowsException" storage="/users/bill/repos/flua/flua.runtime.librarytests/bin/debug/net8.0/flua.runtime.librarytests.dll" id="6a6a1622-4a4e-805a-335a-6ccdb5d9a6de">
      <Execution id="ca2749db-a653-4341-a7e7-cd8f7e155e97" />
      <TestMethod codeBase="/Users/bill/Repos/FLua/FLua.Runtime.LibraryTests/bin/Debug/net8.0/FLua.Runtime.LibraryTests.dll" adapterTypeName="executor://mstestadapter/v2" className="FLua.Runtime.LibraryTests.LuaTypeConversionTests" name="ToInteger_FloatString_ThrowsException" />
    </UnitTest>
    <UnitTest name="Random_ZeroArgument_ThrowsException" storage="/users/bill/repos/flua/flua.runtime.librarytests/bin/debug/net8.0/flua.runtime.librarytests.dll" id="6f55bfdb-27a2-7e64-9be2-ed7620d4103c">
      <Execution id="6bcd98a4-a965-46fd-8fac-0e91000dc390" />
      <TestMethod codeBase="/Users/bill/Repos/FLua/FLua.Runtime.LibraryTests/bin/Debug/net8.0/FLua.Runtime.LibraryTests.dll" adapterTypeName="executor://mstestadapter/v2" className="FLua.Runtime.LibraryTests.LuaMathLibTests" name="Random_ZeroArgument_ThrowsException" />
    </UnitTest>
    <UnitTest name="TypeConversion_StringNumberRoundTrip_MaintainsValue" storage="/users/bill/repos/flua/flua.runtime.librarytests/bin/debug/net8.0/flua.runtime.librarytests.dll" id="8a968789-0dc2-016b-d399-35b032ba8d33">
      <Execution id="7ba56aad-011f-483a-9b01-f703033360b9" />
      <TestMethod codeBase="/Users/bill/Repos/FLua/FLua.Runtime.LibraryTests/bin/Debug/net8.0/FLua.Runtime.LibraryTests.dll" adapterTypeName="executor://mstestadapter/v2" className="FLua.Runtime.LibraryTests.LuaTypeConversionTests" name="TypeConversion_StringNumberRoundTrip_MaintainsValue" />
    </UnitTest>
    <UnitTest name="IsFunction_NonFunctionValues_ReturnsFalse" storage="/users/bill/repos/flua/flua.runtime.librarytests/bin/debug/net8.0/flua.runtime.librarytests.dll" id="22655daf-ecc4-6c41-b980-a5fba70bf9b7">
      <Execution id="68ac0812-c275-4245-bcca-051784e91b30" />
      <TestMethod codeBase="/Users/bill/Repos/FLua/FLua.Runtime.LibraryTests/bin/Debug/net8.0/FLua.Runtime.LibraryTests.dll" adapterTypeName="executor://mstestadapter/v2" className="FLua.Runtime.LibraryTests.LuaValueHelpersTests" name="IsFunction_NonFunctionValues_ReturnsFalse" />
    </UnitTest>
    <UnitTest name="Time_WithDateTable_ReturnsCorrectTimestamp" storage="/users/bill/repos/flua/flua.runtime.librarytests/bin/debug/net8.0/flua.runtime.librarytests.dll" id="61cba68d-6f00-6386-cb53-aeb815d7cf10">
      <Execution id="b12f4c98-e234-40d6-9d9f-06f5c5c231af" />
      <TestMethod codeBase="/Users/bill/Repos/FLua/FLua.Runtime.LibraryTests/bin/Debug/net8.0/FLua.Runtime.LibraryTests.dll" adapterTypeName="executor://mstestadapter/v2" className="FLua.Runtime.LibraryTests.LuaOSLibTests" name="Time_WithDateTable_ReturnsCorrectTimestamp" />
    </UnitTest>
    <UnitTest name="Abs_NegativeInfinity_ReturnsPositiveInfinity" storage="/users/bill/repos/flua/flua.runtime.librarytests/bin/debug/net8.0/flua.runtime.librarytests.dll" id="627aed26-e2b4-f50f-e572-71b44329f602">
      <Execution id="6acf6fde-73f9-4a9d-bdb9-e8b90fa3bf53" />
      <TestMethod codeBase="/Users/bill/Repos/FLua/FLua.Runtime.LibraryTests/bin/Debug/net8.0/FLua.Runtime.LibraryTests.dll" adapterTypeName="executor://mstestadapter/v2" className="FLua.Runtime.LibraryTests.LuaMathLibTests" name="Abs_NegativeInfinity_ReturnsPositiveInfinity" />
    </UnitTest>
    <UnitTest name="Match_InvalidPattern_ThrowsException" storage="/users/bill/repos/flua/flua.runtime.librarytests/bin/debug/net8.0/flua.runtime.librarytests.dll" id="196b7b60-dc92-32c5-65a3-05ea8cf6b621">
      <Execution id="0ad09e5d-2c7a-4b78-bd02-700afbc39ae9" />
      <TestMethod codeBase="/Users/bill/Repos/FLua/FLua.Runtime.LibraryTests/bin/Debug/net8.0/FLua.Runtime.LibraryTests.dll" adapterTypeName="executor://mstestadapter/v2" className="FLua.Runtime.LibraryTests.LuaStringLibTests" name="Match_InvalidPattern_ThrowsException" />
    </UnitTest>
    <UnitTest name="Unpack_MissingDataArgument_ThrowsException" storage="/users/bill/repos/flua/flua.runtime.librarytests/bin/debug/net8.0/flua.runtime.librarytests.dll" id="7d5b48f4-9eb0-92b7-dec2-f9b13eb82277">
      <Execution id="74e1b8dd-ccd5-4d2b-ba52-e9272ea1135d" />
      <TestMethod codeBase="/Users/bill/Repos/FLua/FLua.Runtime.LibraryTests/bin/Debug/net8.0/FLua.Runtime.LibraryTests.dll" adapterTypeName="executor://mstestadapter/v2" className="FLua.Runtime.LibraryTests.LuaStringLibTests" name="Unpack_MissingDataArgument_ThrowsException" />
    </UnitTest>
    <UnitTest name="VariableName_SpecialCharacters_HandledCorrectly" storage="/users/bill/repos/flua/flua.runtime.librarytests/bin/debug/net8.0/flua.runtime.librarytests.dll" id="12900eb4-3074-c08c-c57e-89a65a2ed93b">
      <Execution id="ed0c11bf-60d4-479c-a88e-9d6dea679813" />
      <TestMethod codeBase="/Users/bill/Repos/FLua/FLua.Runtime.LibraryTests/bin/Debug/net8.0/FLua.Runtime.LibraryTests.dll" adapterTypeName="executor://mstestadapter/v2" className="FLua.Runtime.LibraryTests.LuaEnvironmentTests" name="VariableName_SpecialCharacters_HandledCorrectly" />
    </UnitTest>
    <UnitTest name="UnaryMinus_NegativeFloat_ReturnsPositive" storage="/users/bill/repos/flua/flua.runtime.librarytests/bin/debug/net8.0/flua.runtime.librarytests.dll" id="19cca489-0f1c-201a-a555-2398cee95895">
      <Execution id="cecc7b85-ca3f-471e-bad2-d25a1090aab8" />
      <TestMethod codeBase="/Users/bill/Repos/FLua/FLua.Runtime.LibraryTests/bin/Debug/net8.0/FLua.Runtime.LibraryTests.dll" adapterTypeName="executor://mstestadapter/v2" className="FLua.Runtime.LibraryTests.LuaValueTests" name="UnaryMinus_NegativeFloat_ReturnsPositive" />
    </UnitTest>
    <UnitTest name="Helpers_CreateAndExtract_RoundTrip" storage="/users/bill/repos/flua/flua.runtime.librarytests/bin/debug/net8.0/flua.runtime.librarytests.dll" id="007d7452-e937-5060-143d-1f8bb76c1ca0">
      <Execution id="1a1d91ee-2876-4689-b8c0-60d0eaa23c32" />
      <TestMethod codeBase="/Users/bill/Repos/FLua/FLua.Runtime.LibraryTests/bin/Debug/net8.0/FLua.Runtime.LibraryTests.dll" adapterTypeName="executor://mstestadapter/v2" className="FLua.Runtime.LibraryTests.LuaValueHelpersTests" name="Helpers_CreateAndExtract_RoundTrip" />
    </UnitTest>
    <UnitTest name="Len_MixedASCIIUnicode_CountsCorrectly" storage="/users/bill/repos/flua/flua.runtime.librarytests/bin/debug/net8.0/flua.runtime.librarytests.dll" id="ac2e1c3f-04fd-ad3c-2e2f-8a8d42842b44">
      <Execution id="774f26ac-ae57-4279-85b6-689136070d50" />
      <TestMethod codeBase="/Users/bill/Repos/FLua/FLua.Runtime.LibraryTests/bin/Debug/net8.0/FLua.Runtime.LibraryTests.dll" adapterTypeName="executor://mstestadapter/v2" className="FLua.Runtime.LibraryTests.LuaUTF8LibTests" name="Len_MixedASCIIUnicode_CountsCorrectly" />
    </UnitTest>
    <UnitTest name="GetInteger_Zero_ReturnsZero" storage="/users/bill/repos/flua/flua.runtime.librarytests/bin/debug/net8.0/flua.runtime.librarytests.dll" id="4ed965d2-3dad-6d46-8308-17a2939d2380">
      <Execution id="8359b963-bf9d-4dae-a42f-5399e6e9ac3b" />
      <TestMethod codeBase="/Users/bill/Repos/FLua/FLua.Runtime.LibraryTests/bin/Debug/net8.0/FLua.Runtime.LibraryTests.dll" adapterTypeName="executor://mstestadapter/v2" className="FLua.Runtime.LibraryTests.LuaValueHelpersTests" name="GetInteger_Zero_ReturnsZero" />
    </UnitTest>
    <UnitTest name="GetEnv_NonExistentVariable_ReturnsNil" storage="/users/bill/repos/flua/flua.runtime.librarytests/bin/debug/net8.0/flua.runtime.librarytests.dll" id="7e9db05d-e8ab-3c5c-752f-855438d19107">
      <Execution id="50bdd3c9-cb19-49ce-b84a-dfe5e11619ed" />
      <TestMethod codeBase="/Users/bill/Repos/FLua/FLua.Runtime.LibraryTests/bin/Debug/net8.0/FLua.Runtime.LibraryTests.dll" adapterTypeName="executor://mstestadapter/v2" className="FLua.Runtime.LibraryTests.LuaOSLibTests" name="GetEnv_NonExistentVariable_ReturnsNil" />
    </UnitTest>
    <UnitTest name="Max_MultipleArguments_ReturnsLargest" storage="/users/bill/repos/flua/flua.runtime.librarytests/bin/debug/net8.0/flua.runtime.librarytests.dll" id="fcda39ff-b557-0a93-d6a5-7d79c9d91933">
      <Execution id="f025882f-277b-414c-aaeb-a4e2d084be44" />
      <TestMethod codeBase="/Users/bill/Repos/FLua/FLua.Runtime.LibraryTests/bin/Debug/net8.0/FLua.Runtime.LibraryTests.dll" adapterTypeName="executor://mstestadapter/v2" className="FLua.Runtime.LibraryTests.LuaMathLibTests" name="Max_MultipleArguments_ReturnsLargest" />
    </UnitTest>
    <UnitTest name="Pack_VariableSizeSignedInteger_1Byte" storage="/users/bill/repos/flua/flua.runtime.librarytests/bin/debug/net8.0/flua.runtime.librarytests.dll" id="b38032bb-5665-9be4-fc9e-54ffb90756f6">
      <Execution id="1d376613-5e23-4aae-a5e7-f2371388aa68" />
      <TestMethod codeBase="/Users/bill/Repos/FLua/FLua.Runtime.LibraryTests/bin/Debug/net8.0/FLua.Runtime.LibraryTests.dll" adapterTypeName="executor://mstestadapter/v2" className="FLua.Runtime.LibraryTests.LuaStringLibTests" name="Pack_VariableSizeSignedInteger_1Byte" />
    </UnitTest>
    <UnitTest name="CreateNumber_LongValue_ReturnsIntegerLuaValue" storage="/users/bill/repos/flua/flua.runtime.librarytests/bin/debug/net8.0/flua.runtime.librarytests.dll" id="a6d66bc8-a68e-28ad-be3e-5a01c49af426">
      <Execution id="f06b7eb3-9ec5-4c0f-80d8-ef54284a2286" />
      <TestMethod codeBase="/Users/bill/Repos/FLua/FLua.Runtime.LibraryTests/bin/Debug/net8.0/FLua.Runtime.LibraryTests.dll" adapterTypeName="executor://mstestadapter/v2" className="FLua.Runtime.LibraryTests.LuaValueHelpersTests" name="CreateNumber_LongValue_ReturnsIntegerLuaValue" />
    </UnitTest>
    <UnitTest name="Find_PlusQuantifier_MatchesOneOrMore" storage="/users/bill/repos/flua/flua.runtime.librarytests/bin/debug/net8.0/flua.runtime.librarytests.dll" id="b6a0f5fb-4bb7-97bd-2c15-5ee7f1f2c8d5">
      <Execution id="806d6292-aafa-4ab4-aa01-31eda82f5d57" />
      <TestMethod codeBase="/Users/bill/Repos/FLua/FLua.Runtime.LibraryTests/bin/Debug/net8.0/FLua.Runtime.LibraryTests.dll" adapterTypeName="executor://mstestadapter/v2" className="FLua.Runtime.LibraryTests.LuaStringLibTests" name="Find_PlusQuantifier_MatchesOneOrMore" />
    </UnitTest>
    <UnitTest name="Find_PlainSearch_TreatsPatternLiterally" storage="/users/bill/repos/flua/flua.runtime.librarytests/bin/debug/net8.0/flua.runtime.librarytests.dll" id="f3f69f6c-1e32-0999-9d11-05b98f36422c">
      <Execution id="e2796195-0cf5-4467-b8b5-e015473456c3" />
      <TestMethod codeBase="/Users/bill/Repos/FLua/FLua.Runtime.LibraryTests/bin/Debug/net8.0/FLua.Runtime.LibraryTests.dll" adapterTypeName="executor://mstestadapter/v2" className="FLua.Runtime.LibraryTests.LuaStringLibTests" name="Find_PlainSearch_TreatsPatternLiterally" />
    </UnitTest>
    <UnitTest name="Move_SingleElement_WorksCorrectly" storage="/users/bill/repos/flua/flua.runtime.librarytests/bin/debug/net8.0/flua.runtime.librarytests.dll" id="17b70409-028a-c834-68fe-79b67f3b9ce1">
      <Execution id="c00aa051-2697-4b89-9150-a5aa6c0b1392" />
      <TestMethod codeBase="/Users/bill/Repos/FLua/FLua.Runtime.LibraryTests/bin/Debug/net8.0/FLua.Runtime.LibraryTests.dll" adapterTypeName="executor://mstestadapter/v2" className="FLua.Runtime.LibraryTests.LuaTableLibTests" name="Move_SingleElement_WorksCorrectly" />
    </UnitTest>
    <UnitTest name="Sub_OutOfBounds_ReturnsPartialOrEmpty" storage="/users/bill/repos/flua/flua.runtime.librarytests/bin/debug/net8.0/flua.runtime.librarytests.dll" id="d7709714-e12a-f356-7edb-6e61b3dde0d3">
      <Execution id="514fb7a0-5cd0-4af1-8fa5-8d99b789e726" />
      <TestMethod codeBase="/Users/bill/Repos/FLua/FLua.Runtime.LibraryTests/bin/Debug/net8.0/FLua.Runtime.LibraryTests.dll" adapterTypeName="executor://mstestadapter/v2" className="FLua.Runtime.LibraryTests.LuaStringLibTests" name="Sub_OutOfBounds_ReturnsPartialOrEmpty" />
    </UnitTest>
    <UnitTest name="Floor_PositiveFloat_ReturnsFloor" storage="/users/bill/repos/flua/flua.runtime.librarytests/bin/debug/net8.0/flua.runtime.librarytests.dll" id="d4e1f88d-41ce-084a-764a-04bbb509148d">
      <Execution id="3664100f-5b8b-4eaa-8e29-3eacb93fbe60" />
      <TestMethod codeBase="/Users/bill/Repos/FLua/FLua.Runtime.LibraryTests/bin/Debug/net8.0/FLua.Runtime.LibraryTests.dll" adapterTypeName="executor://mstestadapter/v2" className="FLua.Runtime.LibraryTests.LuaMathLibTests" name="Floor_PositiveFloat_ReturnsFloor" />
    </UnitTest>
    <UnitTest name="Float_NaN_ReturnsCorrectValue" storage="/users/bill/repos/flua/flua.runtime.librarytests/bin/debug/net8.0/flua.runtime.librarytests.dll" id="2d699352-85d4-4161-4113-cf7cd0a1a389">
      <Execution id="61aea24b-3d70-4912-be04-6db27962ae81" />
      <TestMethod codeBase="/Users/bill/Repos/FLua/FLua.Runtime.LibraryTests/bin/Debug/net8.0/FLua.Runtime.LibraryTests.dll" adapterTypeName="executor://mstestadapter/v2" className="FLua.Runtime.LibraryTests.LuaValueTests" name="Float_NaN_ReturnsCorrectValue" />
    </UnitTest>
    <UnitTest name="UnaryMinus_PositiveInteger_ReturnsNegative" storage="/users/bill/repos/flua/flua.runtime.librarytests/bin/debug/net8.0/flua.runtime.librarytests.dll" id="02dc116f-8b19-4672-020d-011c8a6b46a7">
      <Execution id="e585f0ce-ff45-4f59-8c3e-4968349039a0" />
      <TestMethod codeBase="/Users/bill/Repos/FLua/FLua.Runtime.LibraryTests/bin/Debug/net8.0/FLua.Runtime.LibraryTests.dll" adapterTypeName="executor://mstestadapter/v2" className="FLua.Runtime.LibraryTests.LuaValueTests" name="UnaryMinus_PositiveInteger_ReturnsNegative" />
    </UnitTest>
    <UnitTest name="Pack_MultipleFormats_WorksCorrectly" storage="/users/bill/repos/flua/flua.runtime.librarytests/bin/debug/net8.0/flua.runtime.librarytests.dll" id="b6afd48c-caef-4c2d-99db-4083ef9a58f8">
      <Execution id="c4be3672-6bcc-44b9-a34c-145a4e210ef9" />
      <TestMethod codeBase="/Users/bill/Repos/FLua/FLua.Runtime.LibraryTests/bin/Debug/net8.0/FLua.Runtime.LibraryTests.dll" adapterTypeName="executor://mstestadapter/v2" className="FLua.Runtime.LibraryTests.LuaStringLibTests" name="Pack_MultipleFormats_WorksCorrectly" />
    </UnitTest>
    <UnitTest name="Modulo_IntegerInteger_ReturnsCorrectRemainder" storage="/users/bill/repos/flua/flua.runtime.librarytests/bin/debug/net8.0/flua.runtime.librarytests.dll" id="848fbea3-efed-1259-ade9-233ff86cddbc">
      <Execution id="7dcaeb2a-2079-4324-b04e-53ed4b868b07" />
      <TestMethod codeBase="/Users/bill/Repos/FLua/FLua.Runtime.LibraryTests/bin/Debug/net8.0/FLua.Runtime.LibraryTests.dll" adapterTypeName="executor://mstestadapter/v2" className="FLua.Runtime.LibraryTests.LuaValueTests" name="Modulo_IntegerInteger_ReturnsCorrectRemainder" />
    </UnitTest>
    <UnitTest name="DiffTime_NonNumericSecondArgument_ThrowsException" storage="/users/bill/repos/flua/flua.runtime.librarytests/bin/debug/net8.0/flua.runtime.librarytests.dll" id="975fe394-e7da-977e-affb-fec2f1b47edd">
      <Execution id="2ac6d13a-5731-44c3-b057-a0d50b5b678f" />
      <TestMethod codeBase="/Users/bill/Repos/FLua/FLua.Runtime.LibraryTests/bin/Debug/net8.0/FLua.Runtime.LibraryTests.dll" adapterTypeName="executor://mstestadapter/v2" className="FLua.Runtime.LibraryTests.LuaOSLibTests" name="DiffTime_NonNumericSecondArgument_ThrowsException" />
    </UnitTest>
    <UnitTest name="Char_MixedCodePoints_CreatesCorrectString" storage="/users/bill/repos/flua/flua.runtime.librarytests/bin/debug/net8.0/flua.runtime.librarytests.dll" id="21135710-4fad-9760-c6da-d12dad4d3161">
      <Execution id="43e72f51-9e9d-413e-94fa-ddec701181e9" />
      <TestMethod codeBase="/Users/bill/Repos/FLua/FLua.Runtime.LibraryTests/bin/Debug/net8.0/FLua.Runtime.LibraryTests.dll" adapterTypeName="executor://mstestadapter/v2" className="FLua.Runtime.LibraryTests.LuaUTF8LibTests" name="Char_MixedCodePoints_CreatesCorrectString" />
    </UnitTest>
    <UnitTest name="CodePoint_UnicodeString_ReturnsCorrectCodePoints" storage="/users/bill/repos/flua/flua.runtime.librarytests/bin/debug/net8.0/flua.runtime.librarytests.dll" id="d1ccdec5-7d6a-f381-3938-017c672cf4cc">
      <Execution id="4c2152e9-8f9e-4f5d-94a7-8dc8f401436a" />
      <TestMethod codeBase="/Users/bill/Repos/FLua/FLua.Runtime.LibraryTests/bin/Debug/net8.0/FLua.Runtime.LibraryTests.dll" adapterTypeName="executor://mstestadapter/v2" className="FLua.Runtime.LibraryTests.LuaUTF8LibTests" name="CodePoint_UnicodeString_ReturnsCorrectCodePoints" />
    </UnitTest>
    <UnitTest name="Reverse_SingleCharacter_ReturnsSameCharacter" storage="/users/bill/repos/flua/flua.runtime.librarytests/bin/debug/net8.0/flua.runtime.librarytests.dll" id="2e4c0694-a653-ff92-e2b6-e4f3118f07d1">
      <Execution id="5f839184-0e49-4d8a-be30-9137049cce3a" />
      <TestMethod codeBase="/Users/bill/Repos/FLua/FLua.Runtime.LibraryTests/bin/Debug/net8.0/FLua.Runtime.LibraryTests.dll" adapterTypeName="executor://mstestadapter/v2" className="FLua.Runtime.LibraryTests.LuaStringLibTests" name="Reverse_SingleCharacter_ReturnsSameCharacter" />
    </UnitTest>
    <UnitTest name="Match_OptionalCaptureGroup_HandlesCorrectly" storage="/users/bill/repos/flua/flua.runtime.librarytests/bin/debug/net8.0/flua.runtime.librarytests.dll" id="d912bce0-3671-c8d0-96d4-0f06af9e2253">
      <Execution id="88f49723-5c90-4392-a708-84d4aa2aa955" />
      <TestMethod codeBase="/Users/bill/Repos/FLua/FLua.Runtime.LibraryTests/bin/Debug/net8.0/FLua.Runtime.LibraryTests.dll" adapterTypeName="executor://mstestadapter/v2" className="FLua.Runtime.LibraryTests.LuaStringLibTests" name="Match_OptionalCaptureGroup_HandlesCorrectly" />
    </UnitTest>
    <UnitTest name="Codes_ASCIIString_ReturnsIterator" storage="/users/bill/repos/flua/flua.runtime.librarytests/bin/debug/net8.0/flua.runtime.librarytests.dll" id="a7df0caf-e635-8a6b-7a7a-cb512aedeaf2">
      <Execution id="65a59f19-100f-44c4-9c81-43ca051c0daa" />
      <TestMethod codeBase="/Users/bill/Repos/FLua/FLua.Runtime.LibraryTests/bin/Debug/net8.0/FLua.Runtime.LibraryTests.dll" adapterTypeName="executor://mstestadapter/v2" className="FLua.Runtime.LibraryTests.LuaUTF8LibTests" name="Codes_ASCIIString_ReturnsIterator" />
    </UnitTest>
    <UnitTest name="Match_NoArguments_ThrowsException" storage="/users/bill/repos/flua/flua.runtime.librarytests/bin/debug/net8.0/flua.runtime.librarytests.dll" id="c3862e82-30a0-85ec-833e-1ae2f2d59fdb">
      <Execution id="6f5609f3-c6ca-4a5a-bdc2-46d44bf3b0d0" />
      <TestMethod codeBase="/Users/bill/Repos/FLua/FLua.Runtime.LibraryTests/bin/Debug/net8.0/FLua.Runtime.LibraryTests.dll" adapterTypeName="executor://mstestadapter/v2" className="FLua.Runtime.LibraryTests.LuaStringLibTests" name="Match_NoArguments_ThrowsException" />
    </UnitTest>
    <UnitTest name="GetEnv_NonStringArgument_ConvertsToString" storage="/users/bill/repos/flua/flua.runtime.librarytests/bin/debug/net8.0/flua.runtime.librarytests.dll" id="282bfad2-7437-cfcb-0f6d-9824d48799ce">
      <Execution id="95387a27-edf0-40c6-94f5-eca1e3a9ab64" />
      <TestMethod codeBase="/Users/bill/Repos/FLua/FLua.Runtime.LibraryTests/bin/Debug/net8.0/FLua.Runtime.LibraryTests.dll" adapterTypeName="executor://mstestadapter/v2" className="FLua.Runtime.LibraryTests.LuaOSLibTests" name="GetEnv_NonStringArgument_ConvertsToString" />
    </UnitTest>
    <UnitTest name="GetInteger_IntegerValue_ReturnsCorrectLong" storage="/users/bill/repos/flua/flua.runtime.librarytests/bin/debug/net8.0/flua.runtime.librarytests.dll" id="2b1673d0-6185-d718-2fae-b7ac1df7bc45">
      <Execution id="d327a4b4-a1c7-4399-a9d6-26395555d120" />
      <TestMethod codeBase="/Users/bill/Repos/FLua/FLua.Runtime.LibraryTests/bin/Debug/net8.0/FLua.Runtime.LibraryTests.dll" adapterTypeName="executor://mstestadapter/v2" className="FLua.Runtime.LibraryTests.LuaValueHelpersTests" name="GetInteger_IntegerValue_ReturnsCorrectLong" />
    </UnitTest>
    <UnitTest name="Ceil_PositiveFloat_ReturnsCeil" storage="/users/bill/repos/flua/flua.runtime.librarytests/bin/debug/net8.0/flua.runtime.librarytests.dll" id="287ebacf-0654-b61a-0371-9b27449df053">
      <Execution id="9b9bc3d8-30dd-4908-a008-a30bce30fef5" />
      <TestMethod codeBase="/Users/bill/Repos/FLua/FLua.Runtime.LibraryTests/bin/Debug/net8.0/FLua.Runtime.LibraryTests.dll" adapterTypeName="executor://mstestadapter/v2" className="FLua.Runtime.LibraryTests.LuaMathLibTests" name="Ceil_PositiveFloat_ReturnsCeil" />
    </UnitTest>
    <UnitTest name="Match_WithStartPosition_SearchesFromPosition" storage="/users/bill/repos/flua/flua.runtime.librarytests/bin/debug/net8.0/flua.runtime.librarytests.dll" id="3e676126-0680-d296-db05-50bdf96cb309">
      <Execution id="9b79cc94-0bde-4443-a64e-c75cf5b90d31" />
      <TestMethod codeBase="/Users/bill/Repos/FLua/FLua.Runtime.LibraryTests/bin/Debug/net8.0/FLua.Runtime.LibraryTests.dll" adapterTypeName="executor://mstestadapter/v2" className="FLua.Runtime.LibraryTests.LuaStringLibTests" name="Match_WithStartPosition_SearchesFromPosition" />
    </UnitTest>
    <UnitTest name="Format_CharacterOutOfRange_ThrowsException" storage="/users/bill/repos/flua/flua.runtime.librarytests/bin/debug/net8.0/flua.runtime.librarytests.dll" id="40042172-ec16-8281-20ef-ba2c828df388">
      <Execution id="3b142756-a5c8-4c6f-8749-90c8f4d7b223" />
      <TestMethod codeBase="/Users/bill/Repos/FLua/FLua.Runtime.LibraryTests/bin/Debug/net8.0/FLua.Runtime.LibraryTests.dll" adapterTypeName="executor://mstestadapter/v2" className="FLua.Runtime.LibraryTests.LuaStringLibTests" name="Format_CharacterOutOfRange_ThrowsException" />
    </UnitTest>
    <UnitTest name="Abs_Zero_ReturnsZero" storage="/users/bill/repos/flua/flua.runtime.librarytests/bin/debug/net8.0/flua.runtime.librarytests.dll" id="73ccba10-4792-a7c4-8757-e19ab0cf3e8a">
      <Execution id="37720f77-da1c-466c-baba-9c2769145357" />
      <TestMethod codeBase="/Users/bill/Repos/FLua/FLua.Runtime.LibraryTests/bin/Debug/net8.0/FLua.Runtime.LibraryTests.dll" adapterTypeName="executor://mstestadapter/v2" className="FLua.Runtime.LibraryTests.LuaMathLibTests" name="Abs_Zero_ReturnsZero" />
    </UnitTest>
    <UnitTest name="Equals_DifferentTypes_ReturnsFalse" storage="/users/bill/repos/flua/flua.runtime.librarytests/bin/debug/net8.0/flua.runtime.librarytests.dll" id="61423e44-b30b-4fb9-613b-a441276074cb">
      <Execution id="3e7e695c-4c33-4462-9a38-67eefbc92ecc" />
      <TestMethod codeBase="/Users/bill/Repos/FLua/FLua.Runtime.LibraryTests/bin/Debug/net8.0/FLua.Runtime.LibraryTests.dll" adapterTypeName="executor://mstestadapter/v2" className="FLua.Runtime.LibraryTests.LuaValueTests" name="Equals_DifferentTypes_ReturnsFalse" />
    </UnitTest>
    <UnitTest name="Find_AlternatingPatterns_TestsBacktracking" storage="/users/bill/repos/flua/flua.runtime.librarytests/bin/debug/net8.0/flua.runtime.librarytests.dll" id="814b5ffa-2707-b100-271f-17785605b035">
      <Execution id="b54dd12e-3b94-4e5a-8fb7-2872cfba9675" />
      <TestMethod codeBase="/Users/bill/Repos/FLua/FLua.Runtime.LibraryTests/bin/Debug/net8.0/FLua.Runtime.LibraryTests.dll" adapterTypeName="executor://mstestadapter/v2" className="FLua.Runtime.LibraryTests.LuaStringLibTests" name="Find_AlternatingPatterns_TestsBacktracking" />
    </UnitTest>
    <UnitTest name="Sort_ReverseSorted_GetsReversed" storage="/users/bill/repos/flua/flua.runtime.librarytests/bin/debug/net8.0/flua.runtime.librarytests.dll" id="f5771f47-72bb-2b74-51a1-2368d016e1ff">
      <Execution id="7b0185ed-926d-498b-b5dc-d5ce5d81b6ed" />
      <TestMethod codeBase="/Users/bill/Repos/FLua/FLua.Runtime.LibraryTests/bin/Debug/net8.0/FLua.Runtime.LibraryTests.dll" adapterTypeName="executor://mstestadapter/v2" className="FLua.Runtime.LibraryTests.LuaTableLibTests" name="Sort_ReverseSorted_GetsReversed" />
    </UnitTest>
    <UnitTest name="Insert_AtBeginning_ShiftsAllElements" storage="/users/bill/repos/flua/flua.runtime.librarytests/bin/debug/net8.0/flua.runtime.librarytests.dll" id="2e4b145d-b268-b7b6-608f-1595b9bea834">
      <Execution id="a8c32914-7c3f-48fd-b946-9cb21622bf41" />
      <TestMethod codeBase="/Users/bill/Repos/FLua/FLua.Runtime.LibraryTests/bin/Debug/net8.0/FLua.Runtime.LibraryTests.dll" adapterTypeName="executor://mstestadapter/v2" className="FLua.Runtime.LibraryTests.LuaTableLibTests" name="Insert_AtBeginning_ShiftsAllElements" />
    </UnitTest>
    <UnitTest name="DiffTime_SameTimes_ReturnsZero" storage="/users/bill/repos/flua/flua.runtime.librarytests/bin/debug/net8.0/flua.runtime.librarytests.dll" id="f1c5c84e-f344-d115-dd3e-ea9e05107ade">
      <Execution id="80b05e94-606a-4cac-93ed-952ebce08361" />
      <TestMethod codeBase="/Users/bill/Repos/FLua/FLua.Runtime.LibraryTests/bin/Debug/net8.0/FLua.Runtime.LibraryTests.dll" adapterTypeName="executor://mstestadapter/v2" className="FLua.Runtime.LibraryTests.LuaOSLibTests" name="DiffTime_SameTimes_ReturnsZero" />
    </UnitTest>
    <UnitTest name="FileHandle_Write_MultipleStrings" storage="/users/bill/repos/flua/flua.runtime.librarytests/bin/debug/net8.0/flua.runtime.librarytests.dll" id="329390c7-be25-eb32-0931-3c61f1551a71">
      <Execution id="57487a0c-ba70-4d78-b344-9f98356cac78" />
      <TestMethod codeBase="/Users/bill/Repos/FLua/FLua.Runtime.LibraryTests/bin/Debug/net8.0/FLua.Runtime.LibraryTests.dll" adapterTypeName="executor://mstestadapter/v2" className="FLua.Runtime.LibraryTests.LuaIOLibTests" name="FileHandle_Write_MultipleStrings" />
    </UnitTest>
    <UnitTest name="Char_MaxValidCodePoint_Works" storage="/users/bill/repos/flua/flua.runtime.librarytests/bin/debug/net8.0/flua.runtime.librarytests.dll" id="b25385a5-9267-04f0-7f76-6fb411e78232">
      <Execution id="c2840f14-dec5-45bc-9d8f-8c30e334c758" />
      <TestMethod codeBase="/Users/bill/Repos/FLua/FLua.Runtime.LibraryTests/bin/Debug/net8.0/FLua.Runtime.LibraryTests.dll" adapterTypeName="executor://mstestadapter/v2" className="FLua.Runtime.LibraryTests.LuaUTF8LibTests" name="Char_MaxValidCodePoint_Works" />
    </UnitTest>
    <UnitTest name="TypeConversion_ConsistentTypeNames_AllTypes" storage="/users/bill/repos/flua/flua.runtime.librarytests/bin/debug/net8.0/flua.runtime.librarytests.dll" id="af4aecbe-45ca-e947-c49b-2ea432bb973a">
      <Execution id="f9e9cdd2-ad1d-4af0-ada4-ff953cbb0a81" />
      <TestMethod codeBase="/Users/bill/Repos/FLua/FLua.Runtime.LibraryTests/bin/Debug/net8.0/FLua.Runtime.LibraryTests.dll" adapterTypeName="executor://mstestadapter/v2" className="FLua.Runtime.LibraryTests.LuaTypeConversionTests" name="TypeConversion_ConsistentTypeNames_AllTypes" />
    </UnitTest>
    <UnitTest name="ImplicitConversion_BoolToLuaValue_WorksCorrectly" storage="/users/bill/repos/flua/flua.runtime.librarytests/bin/debug/net8.0/flua.runtime.librarytests.dll" id="a50baded-3ebb-ce8a-a889-ba502cbb0aaf">
      <Execution id="974661a8-beaf-462c-8123-32e615abc48f" />
      <TestMethod codeBase="/Users/bill/Repos/FLua/FLua.Runtime.LibraryTests/bin/Debug/net8.0/FLua.Runtime.LibraryTests.dll" adapterTypeName="executor://mstestadapter/v2" className="FLua.Runtime.LibraryTests.LuaValueTests" name="ImplicitConversion_BoolToLuaValue_WorksCorrectly" />
    </UnitTest>
    <UnitTest name="ToInteger_IntegerValue_ReturnsLongValue" storage="/users/bill/repos/flua/flua.runtime.librarytests/bin/debug/net8.0/flua.runtime.librarytests.dll" id="9c529e5d-5f0c-4527-2177-7b62e95f8735">
      <Execution id="ec70d970-f61f-4ab0-a103-fd7975487e8b" />
      <TestMethod codeBase="/Users/bill/Repos/FLua/FLua.Runtime.LibraryTests/bin/Debug/net8.0/FLua.Runtime.LibraryTests.dll" adapterTypeName="executor://mstestadapter/v2" className="FLua.Runtime.LibraryTests.LuaTypeConversionTests" name="ToInteger_IntegerValue_ReturnsLongValue" />
    </UnitTest>
    <UnitTest name="Char_NegativeCodePoint_ThrowsException" storage="/users/bill/repos/flua/flua.runtime.librarytests/bin/debug/net8.0/flua.runtime.librarytests.dll" id="e262bede-1020-7909-9238-a0d4967d85cc">
      <Execution id="72ecc1c0-aa7c-4b8a-8533-e82ba8513835" />
      <TestMethod codeBase="/Users/bill/Repos/FLua/FLua.Runtime.LibraryTests/bin/Debug/net8.0/FLua.Runtime.LibraryTests.dll" adapterTypeName="executor://mstestadapter/v2" className="FLua.Runtime.LibraryTests.LuaUTF8LibTests" name="Char_NegativeCodePoint_ThrowsException" />
    </UnitTest>
    <UnitTest name="Match_ComplexPattern_WorksCorrectly" storage="/users/bill/repos/flua/flua.runtime.librarytests/bin/debug/net8.0/flua.runtime.librarytests.dll" id="7b8d7a22-5ad4-8b4c-067c-e062e266a614">
      <Execution id="2cf562cd-b373-4de7-8593-e851299c2cb1" />
      <TestMethod codeBase="/Users/bill/Repos/FLua/FLua.Runtime.LibraryTests/bin/Debug/net8.0/FLua.Runtime.LibraryTests.dll" adapterTypeName="executor://mstestadapter/v2" className="FLua.Runtime.LibraryTests.LuaStringLibTests" name="Match_ComplexPattern_WorksCorrectly" />
    </UnitTest>
    <UnitTest name="FileHandle_WriteAfterClose_ThrowsException" storage="/users/bill/repos/flua/flua.runtime.librarytests/bin/debug/net8.0/flua.runtime.librarytests.dll" id="3683a355-39c4-d715-ff87-e30621906b12">
      <Execution id="1888bab0-3a39-45a0-8a2b-05c1e6f7a2b6" />
      <TestMethod codeBase="/Users/bill/Repos/FLua/FLua.Runtime.LibraryTests/bin/Debug/net8.0/FLua.Runtime.LibraryTests.dll" adapterTypeName="executor://mstestadapter/v2" className="FLua.Runtime.LibraryTests.LuaIOLibTests" name="FileHandle_WriteAfterClose_ThrowsException" />
    </UnitTest>
    <UnitTest name="CreateNumber_PositiveInfinity_ReturnsInfinityFloat" storage="/users/bill/repos/flua/flua.runtime.librarytests/bin/debug/net8.0/flua.runtime.librarytests.dll" id="b48ffaf8-bc78-a6ec-3880-be95cfae8c19">
      <Execution id="8e60362b-9e70-4edd-8de1-efef9f43b9d4" />
      <TestMethod codeBase="/Users/bill/Repos/FLua/FLua.Runtime.LibraryTests/bin/Debug/net8.0/FLua.Runtime.LibraryTests.dll" adapterTypeName="executor://mstestadapter/v2" className="FLua.Runtime.LibraryTests.LuaValueHelpersTests" name="CreateNumber_PositiveInfinity_ReturnsInfinityFloat" />
    </UnitTest>
    <UnitTest name="Remove_LastElement_ReturnsAndRemoves" storage="/users/bill/repos/flua/flua.runtime.librarytests/bin/debug/net8.0/flua.runtime.librarytests.dll" id="66ff3671-3d04-b35e-0edb-023c3c15e56b">
      <Execution id="570f8026-8ecc-4c89-ace4-b2890083448b" />
      <TestMethod codeBase="/Users/bill/Repos/FLua/FLua.Runtime.LibraryTests/bin/Debug/net8.0/FLua.Runtime.LibraryTests.dll" adapterTypeName="executor://mstestadapter/v2" className="FLua.Runtime.LibraryTests.LuaTableLibTests" name="Remove_LastElement_ReturnsAndRemoves" />
    </UnitTest>
    <UnitTest name="IsTable_TableValue_ReturnsTrue" storage="/users/bill/repos/flua/flua.runtime.librarytests/bin/debug/net8.0/flua.runtime.librarytests.dll" id="8a3bd477-df6d-ba85-9a1c-134e1698f17b">
      <Execution id="018ce7d9-0913-4d19-a746-3ab2110cf97e" />
      <TestMethod codeBase="/Users/bill/Repos/FLua/FLua.Runtime.LibraryTests/bin/Debug/net8.0/FLua.Runtime.LibraryTests.dll" adapterTypeName="executor://mstestadapter/v2" className="FLua.Runtime.LibraryTests.LuaValueHelpersTests" name="IsTable_TableValue_ReturnsTrue" />
    </UnitTest>
    <UnitTest name="PackSize_ComplexFormat_CalculatesCorrectly" storage="/users/bill/repos/flua/flua.runtime.librarytests/bin/debug/net8.0/flua.runtime.librarytests.dll" id="a21acbc2-cbc5-753d-ebd1-7d9d61a1a921">
      <Execution id="29cd483a-f739-4247-acb4-d962e5a1ceda" />
      <TestMethod codeBase="/Users/bill/Repos/FLua/FLua.Runtime.LibraryTests/bin/Debug/net8.0/FLua.Runtime.LibraryTests.dll" adapterTypeName="executor://mstestadapter/v2" className="FLua.Runtime.LibraryTests.LuaStringLibTests" name="PackSize_ComplexFormat_CalculatesCorrectly" />
    </UnitTest>
    <UnitTest name="Match_NestedCaptureGroups_WorksCorrectly" storage="/users/bill/repos/flua/flua.runtime.librarytests/bin/debug/net8.0/flua.runtime.librarytests.dll" id="efe6f1f1-276f-48ab-2ff8-8d09cfa65408">
      <Execution id="15b86377-bfbf-41d6-bdcf-4c7a8494c95b" />
      <TestMethod codeBase="/Users/bill/Repos/FLua/FLua.Runtime.LibraryTests/bin/Debug/net8.0/FLua.Runtime.LibraryTests.dll" adapterTypeName="executor://mstestadapter/v2" className="FLua.Runtime.LibraryTests.LuaStringLibTests" name="Match_NestedCaptureGroups_WorksCorrectly" />
    </UnitTest>
    <UnitTest name="ToNumber_InvalidString_ThrowsException" storage="/users/bill/repos/flua/flua.runtime.librarytests/bin/debug/net8.0/flua.runtime.librarytests.dll" id="853a1028-490c-1729-f33f-53860c4d5e46">
      <Execution id="8de30aeb-f1a8-4821-ad12-ed2d4f080a07" />
      <TestMethod codeBase="/Users/bill/Repos/FLua/FLua.Runtime.LibraryTests/bin/Debug/net8.0/FLua.Runtime.LibraryTests.dll" adapterTypeName="executor://mstestadapter/v2" className="FLua.Runtime.LibraryTests.LuaTypeConversionTests" name="ToNumber_InvalidString_ThrowsException" />
    </UnitTest>
    <UnitTest name="TypeProperties_AllTypes_ReturnCorrectValues" storage="/users/bill/repos/flua/flua.runtime.librarytests/bin/debug/net8.0/flua.runtime.librarytests.dll" id="c63d86c2-9f73-d877-b5a0-7d8de8f2034a">
      <Execution id="25652013-c9d8-4c82-bbad-41e5026761ae" />
      <TestMethod codeBase="/Users/bill/Repos/FLua/FLua.Runtime.LibraryTests/bin/Debug/net8.0/FLua.Runtime.LibraryTests.dll" adapterTypeName="executor://mstestadapter/v2" className="FLua.Runtime.LibraryTests.LuaValueTests" name="TypeProperties_AllTypes_ReturnCorrectValues" />
    </UnitTest>
    <UnitTest name="Char_NegativeValue_ThrowsException" storage="/users/bill/repos/flua/flua.runtime.librarytests/bin/debug/net8.0/flua.runtime.librarytests.dll" id="1c68a643-0b2a-59da-b10f-67013d7542a4">
      <Execution id="fb49e94a-61b0-4e16-a8c0-db69bc18f763" />
      <TestMethod codeBase="/Users/bill/Repos/FLua/FLua.Runtime.LibraryTests/bin/Debug/net8.0/FLua.Runtime.LibraryTests.dll" adapterTypeName="executor://mstestadapter/v2" className="FLua.Runtime.LibraryTests.LuaStringLibTests" name="Char_NegativeValue_ThrowsException" />
    </UnitTest>
    <UnitTest name="Pack_Padding_WorksCorrectly" storage="/users/bill/repos/flua/flua.runtime.librarytests/bin/debug/net8.0/flua.runtime.librarytests.dll" id="0095b07d-3265-ab2f-55ff-1bf773bfc729">
      <Execution id="3d75d626-dd5d-4b50-9b5b-df4c61ea6ddb" />
      <TestMethod codeBase="/Users/bill/Repos/FLua/FLua.Runtime.LibraryTests/bin/Debug/net8.0/FLua.Runtime.LibraryTests.dll" adapterTypeName="executor://mstestadapter/v2" className="FLua.Runtime.LibraryTests.LuaStringLibTests" name="Pack_Padding_WorksCorrectly" />
    </UnitTest>
    <UnitTest name="Rep_ValidCount_RepeatsString" storage="/users/bill/repos/flua/flua.runtime.librarytests/bin/debug/net8.0/flua.runtime.librarytests.dll" id="43b79d3c-aeeb-5633-2f01-4138af819202">
      <Execution id="42230716-a08d-4baa-b5a5-06fba18e9886" />
      <TestMethod codeBase="/Users/bill/Repos/FLua/FLua.Runtime.LibraryTests/bin/Debug/net8.0/FLua.Runtime.LibraryTests.dll" adapterTypeName="executor://mstestadapter/v2" className="FLua.Runtime.LibraryTests.LuaStringLibTests" name="Rep_ValidCount_RepeatsString" />
    </UnitTest>
    <UnitTest name="FloorDivide_FloatFloat_ReturnsIntegerResult" storage="/users/bill/repos/flua/flua.runtime.librarytests/bin/debug/net8.0/flua.runtime.librarytests.dll" id="b8768c0b-ea25-073c-58b6-a26a7c43957a">
      <Execution id="b2964fb6-3f9d-4b66-89f3-b70aef8840f9" />
      <TestMethod codeBase="/Users/bill/Repos/FLua/FLua.Runtime.LibraryTests/bin/Debug/net8.0/FLua.Runtime.LibraryTests.dll" adapterTypeName="executor://mstestadapter/v2" className="FLua.Runtime.LibraryTests.LuaValueTests" name="FloorDivide_FloatFloat_ReturnsIntegerResult" />
    </UnitTest>
    <UnitTest name="CodePoint_MixedString_ReturnsAllCodePoints" storage="/users/bill/repos/flua/flua.runtime.librarytests/bin/debug/net8.0/flua.runtime.librarytests.dll" id="eb91c2e7-0cf8-390b-5e2b-dd836f3bbd8a">
      <Execution id="26389406-ce8e-4ee1-8862-9e59f318332a" />
      <TestMethod codeBase="/Users/bill/Repos/FLua/FLua.Runtime.LibraryTests/bin/Debug/net8.0/FLua.Runtime.LibraryTests.dll" adapterTypeName="executor://mstestadapter/v2" className="FLua.Runtime.LibraryTests.LuaUTF8LibTests" name="CodePoint_MixedString_ReturnsAllCodePoints" />
    </UnitTest>
    <UnitTest name="Char_NoArguments_ReturnsEmptyString" storage="/users/bill/repos/flua/flua.runtime.librarytests/bin/debug/net8.0/flua.runtime.librarytests.dll" id="b1290e8a-3650-3b20-9f96-245bcab7ff4e">
      <Execution id="49714ffd-a710-4cff-bc57-90650e4e35ab" />
      <TestMethod codeBase="/Users/bill/Repos/FLua/FLua.Runtime.LibraryTests/bin/Debug/net8.0/FLua.Runtime.LibraryTests.dll" adapterTypeName="executor://mstestadapter/v2" className="FLua.Runtime.LibraryTests.LuaUTF8LibTests" name="Char_NoArguments_ReturnsEmptyString" />
    </UnitTest>
    <UnitTest name="Unpack_DataTooShort_ThrowsException" storage="/users/bill/repos/flua/flua.runtime.librarytests/bin/debug/net8.0/flua.runtime.librarytests.dll" id="60d7f227-5213-98ed-7452-51c5a4679700">
      <Execution id="9bb66a14-1b9c-4e9f-9416-94fd68fc3adb" />
      <TestMethod codeBase="/Users/bill/Repos/FLua/FLua.Runtime.LibraryTests/bin/Debug/net8.0/FLua.Runtime.LibraryTests.dll" adapterTypeName="executor://mstestadapter/v2" className="FLua.Runtime.LibraryTests.LuaStringLibTests" name="Unpack_DataTooShort_ThrowsException" />
    </UnitTest>
    <UnitTest name="Insert_IntoEmptyTable_AddsFirstElement" storage="/users/bill/repos/flua/flua.runtime.librarytests/bin/debug/net8.0/flua.runtime.librarytests.dll" id="3acf344e-4c8f-c552-8c22-7e38bd81b005">
      <Execution id="72b1eb89-4e14-449b-8db9-afe64bb36e4b" />
      <TestMethod codeBase="/Users/bill/Repos/FLua/FLua.Runtime.LibraryTests/bin/Debug/net8.0/FLua.Runtime.LibraryTests.dll" adapterTypeName="executor://mstestadapter/v2" className="FLua.Runtime.LibraryTests.LuaTableLibTests" name="Insert_IntoEmptyTable_AddsFirstElement" />
    </UnitTest>
    <UnitTest name="Match_EscapeSequences_MatchesCorrectly" storage="/users/bill/repos/flua/flua.runtime.librarytests/bin/debug/net8.0/flua.runtime.librarytests.dll" id="4696a5ef-ce33-b72e-fbb0-317562b1441b">
      <Execution id="451c4132-12f0-453b-b0dc-11c87bb9e7d6" />
      <TestMethod codeBase="/Users/bill/Repos/FLua/FLua.Runtime.LibraryTests/bin/Debug/net8.0/FLua.Runtime.LibraryTests.dll" adapterTypeName="executor://mstestadapter/v2" className="FLua.Runtime.LibraryTests.LuaStringLibTests" name="Match_EscapeSequences_MatchesCorrectly" />
    </UnitTest>
    <UnitTest name="GetNumber_FloatValue_ReturnsCorrectDouble" storage="/users/bill/repos/flua/flua.runtime.librarytests/bin/debug/net8.0/flua.runtime.librarytests.dll" id="ccf23ab7-115e-2662-58a4-13e2a82492a2">
      <Execution id="4ebb0230-12b9-4065-9703-c3d60baf11c3" />
      <TestMethod codeBase="/Users/bill/Repos/FLua/FLua.Runtime.LibraryTests/bin/Debug/net8.0/FLua.Runtime.LibraryTests.dll" adapterTypeName="executor://mstestadapter/v2" className="FLua.Runtime.LibraryTests.LuaValueHelpersTests" name="GetNumber_FloatValue_ReturnsCorrectDouble" />
    </UnitTest>
    <UnitTest name="Concat_StartGreaterThanEnd_ReturnsEmpty" storage="/users/bill/repos/flua/flua.runtime.librarytests/bin/debug/net8.0/flua.runtime.librarytests.dll" id="db78a550-b1c2-473a-4ce9-f52879bfa1ff">
      <Execution id="274a35dc-82d1-4cea-9b04-c8e957180efa" />
      <TestMethod codeBase="/Users/bill/Repos/FLua/FLua.Runtime.LibraryTests/bin/Debug/net8.0/FLua.Runtime.LibraryTests.dll" adapterTypeName="executor://mstestadapter/v2" className="FLua.Runtime.LibraryTests.LuaTableLibTests" name="Concat_StartGreaterThanEnd_ReturnsEmpty" />
    </UnitTest>
    <UnitTest name="FileHandle_Write_EmptyString" storage="/users/bill/repos/flua/flua.runtime.librarytests/bin/debug/net8.0/flua.runtime.librarytests.dll" id="9f43f0fd-4cab-8122-ca5d-4f18042da626">
      <Execution id="07f6a7cf-8b75-4f8f-995e-908072bc2336" />
      <TestMethod codeBase="/Users/bill/Repos/FLua/FLua.Runtime.LibraryTests/bin/Debug/net8.0/FLua.Runtime.LibraryTests.dll" adapterTypeName="executor://mstestadapter/v2" className="FLua.Runtime.LibraryTests.LuaIOLibTests" name="FileHandle_Write_EmptyString" />
    </UnitTest>
    <UnitTest name="DiffTime_MaxValues_HandlesLargeNumbers" storage="/users/bill/repos/flua/flua.runtime.librarytests/bin/debug/net8.0/flua.runtime.librarytests.dll" id="99a2c369-4455-5d5f-a682-cac8c5476c10">
      <Execution id="d5df209c-d9bc-4305-8d8c-51b015baf123" />
      <TestMethod codeBase="/Users/bill/Repos/FLua/FLua.Runtime.LibraryTests/bin/Debug/net8.0/FLua.Runtime.LibraryTests.dll" adapterTypeName="executor://mstestadapter/v2" className="FLua.Runtime.LibraryTests.LuaOSLibTests" name="DiffTime_MaxValues_HandlesLargeNumbers" />
    </UnitTest>
    <UnitTest name="Max_TwoFloats_ReturnsLarger" storage="/users/bill/repos/flua/flua.runtime.librarytests/bin/debug/net8.0/flua.runtime.librarytests.dll" id="f67deb6f-65aa-7a2e-b342-59474f6f3009">
      <Execution id="f94a5376-4897-4086-87b3-206729770289" />
      <TestMethod codeBase="/Users/bill/Repos/FLua/FLua.Runtime.LibraryTests/bin/Debug/net8.0/FLua.Runtime.LibraryTests.dll" adapterTypeName="executor://mstestadapter/v2" className="FLua.Runtime.LibraryTests.LuaMathLibTests" name="Max_TwoFloats_ReturnsLarger" />
    </UnitTest>
    <UnitTest name="ProtectedCall_Function_ReturnsSuccessResults" storage="/users/bill/repos/flua/flua.runtime.librarytests/bin/debug/net8.0/flua.runtime.librarytests.dll" id="5e598697-ca6c-d690-b979-5538ac0b1f53">
      <Execution id="b368b0aa-3c52-4077-8344-ed4a733638b5" />
      <TestMethod codeBase="/Users/bill/Repos/FLua/FLua.Runtime.LibraryTests/bin/Debug/net8.0/FLua.Runtime.LibraryTests.dll" adapterTypeName="executor://mstestadapter/v2" className="FLua.Runtime.LibraryTests.LuaEnvironmentTests" name="ProtectedCall_Function_ReturnsSuccessResults" />
    </UnitTest>
    <UnitTest name="FMod_DivisionByZero_ThrowsException" storage="/users/bill/repos/flua/flua.runtime.librarytests/bin/debug/net8.0/flua.runtime.librarytests.dll" id="c4132299-7f1a-5b63-066c-77ac81c58122">
      <Execution id="d572c965-3420-440c-b4d6-56d1a8ef5be4" />
      <TestMethod codeBase="/Users/bill/Repos/FLua/FLua.Runtime.LibraryTests/bin/Debug/net8.0/FLua.Runtime.LibraryTests.dll" adapterTypeName="executor://mstestadapter/v2" className="FLua.Runtime.LibraryTests.LuaMathLibTests" name="FMod_DivisionByZero_ThrowsException" />
    </UnitTest>
    <UnitTest name="Len_WithStartPosition_CountsFromPosition" storage="/users/bill/repos/flua/flua.runtime.librarytests/bin/debug/net8.0/flua.runtime.librarytests.dll" id="0788d6d5-684c-aed2-3f13-19da4f20b164">
      <Execution id="bb0988e2-de1b-425e-8a0d-77a3f5e2ae66" />
      <TestMethod codeBase="/Users/bill/Repos/FLua/FLua.Runtime.LibraryTests/bin/Debug/net8.0/FLua.Runtime.LibraryTests.dll" adapterTypeName="executor://mstestadapter/v2" className="FLua.Runtime.LibraryTests.LuaUTF8LibTests" name="Len_WithStartPosition_CountsFromPosition" />
    </UnitTest>
    <UnitTest name="PackSize_VariableLengthString_ThrowsException" storage="/users/bill/repos/flua/flua.runtime.librarytests/bin/debug/net8.0/flua.runtime.librarytests.dll" id="ac1bcad3-93cc-09b2-2596-dbc032c5565b">
      <Execution id="0b6ed4a6-426d-413e-a83c-856cf7f4660c" />
      <TestMethod codeBase="/Users/bill/Repos/FLua/FLua.Runtime.LibraryTests/bin/Debug/net8.0/FLua.Runtime.LibraryTests.dll" adapterTypeName="executor://mstestadapter/v2" className="FLua.Runtime.LibraryTests.LuaStringLibTests" name="PackSize_VariableLengthString_ThrowsException" />
    </UnitTest>
    <UnitTest name="Pack_Float_PrecisionTest" storage="/users/bill/repos/flua/flua.runtime.librarytests/bin/debug/net8.0/flua.runtime.librarytests.dll" id="2f051a86-ec7d-2716-11ce-6dcd168e6855">
      <Execution id="373b23c6-5674-4e3a-ac1c-6c000f0889c9" />
      <TestMethod codeBase="/Users/bill/Repos/FLua/FLua.Runtime.LibraryTests/bin/Debug/net8.0/FLua.Runtime.LibraryTests.dll" adapterTypeName="executor://mstestadapter/v2" className="FLua.Runtime.LibraryTests.LuaStringLibTests" name="Pack_Float_PrecisionTest" />
    </UnitTest>
    <UnitTest name="StringToNumber_ValidFloatString_ReturnsFloatValue" storage="/users/bill/repos/flua/flua.runtime.librarytests/bin/debug/net8.0/flua.runtime.librarytests.dll" id="f1e94523-e0bb-d4c8-8cba-98983116d729">
      <Execution id="d58cb0d4-0362-475a-a112-3e4e2fca18be" />
      <TestMethod codeBase="/Users/bill/Repos/FLua/FLua.Runtime.LibraryTests/bin/Debug/net8.0/FLua.Runtime.LibraryTests.dll" adapterTypeName="executor://mstestadapter/v2" className="FLua.Runtime.LibraryTests.LuaTypeConversionTests" name="StringToNumber_ValidFloatString_ReturnsFloatValue" />
    </UnitTest>
    <UnitTest name="Concat_NoTable_ThrowsException" storage="/users/bill/repos/flua/flua.runtime.librarytests/bin/debug/net8.0/flua.runtime.librarytests.dll" id="4640a655-d9e1-2f2a-aa6d-6cdadf1e2c34">
      <Execution id="87efc46a-b3fb-46e9-abc2-ff9358c7242f" />
      <TestMethod codeBase="/Users/bill/Repos/FLua/FLua.Runtime.LibraryTests/bin/Debug/net8.0/FLua.Runtime.LibraryTests.dll" adapterTypeName="executor://mstestadapter/v2" className="FLua.Runtime.LibraryTests.LuaTableLibTests" name="Concat_NoTable_ThrowsException" />
    </UnitTest>
    <UnitTest name="Len_VeryLongString_HandlesCorrectly" storage="/users/bill/repos/flua/flua.runtime.librarytests/bin/debug/net8.0/flua.runtime.librarytests.dll" id="4218853d-609e-8179-fbd8-9f18a53333b1">
      <Execution id="7d2de641-012f-4e99-95f5-9b525eb9437a" />
      <TestMethod codeBase="/Users/bill/Repos/FLua/FLua.Runtime.LibraryTests/bin/Debug/net8.0/FLua.Runtime.LibraryTests.dll" adapterTypeName="executor://mstestadapter/v2" className="FLua.Runtime.LibraryTests.LuaUTF8LibTests" name="Len_VeryLongString_HandlesCorrectly" />
    </UnitTest>
    <UnitTest name="ChildEnvironment_LocalVariablesDontAffectParent" storage="/users/bill/repos/flua/flua.runtime.librarytests/bin/debug/net8.0/flua.runtime.librarytests.dll" id="82de464a-226b-a43c-456d-d1097e73d4b7">
      <Execution id="181194fe-fee8-4fef-b908-072544d0e616" />
      <TestMethod codeBase="/Users/bill/Repos/FLua/FLua.Runtime.LibraryTests/bin/Debug/net8.0/FLua.Runtime.LibraryTests.dll" adapterTypeName="executor://mstestadapter/v2" className="FLua.Runtime.LibraryTests.LuaEnvironmentTests" name="ChildEnvironment_LocalVariablesDontAffectParent" />
    </UnitTest>
    <UnitTest name="Insert_NonIntegerPosition_ThrowsException" storage="/users/bill/repos/flua/flua.runtime.librarytests/bin/debug/net8.0/flua.runtime.librarytests.dll" id="4267d6e4-f070-3f35-1504-961c36e6f0aa">
      <Execution id="3f6d08ad-3fde-4f77-a755-ac818a785e75" />
      <TestMethod codeBase="/Users/bill/Repos/FLua/FLua.Runtime.LibraryTests/bin/Debug/net8.0/FLua.Runtime.LibraryTests.dll" adapterTypeName="executor://mstestadapter/v2" className="FLua.Runtime.LibraryTests.LuaTableLibTests" name="Insert_NonIntegerPosition_ThrowsException" />
    </UnitTest>
    <UnitTest name="GetEnv_EmptyVariableName_ReturnsNil" storage="/users/bill/repos/flua/flua.runtime.librarytests/bin/debug/net8.0/flua.runtime.librarytests.dll" id="e5859f74-ea44-74ff-47ac-165a13d29c4e">
      <Execution id="caa30fcd-650a-4e86-90d7-5938205ad76a" />
      <TestMethod codeBase="/Users/bill/Repos/FLua/FLua.Runtime.LibraryTests/bin/Debug/net8.0/FLua.Runtime.LibraryTests.dll" adapterTypeName="executor://mstestadapter/v2" className="FLua.Runtime.LibraryTests.LuaOSLibTests" name="GetEnv_EmptyVariableName_ReturnsNil" />
    </UnitTest>
    <UnitTest name="Open_ReadMode_OpensExistingFile" storage="/users/bill/repos/flua/flua.runtime.librarytests/bin/debug/net8.0/flua.runtime.librarytests.dll" id="80646168-bc5f-2e48-0309-c13793f0df62">
      <Execution id="0d1c394c-6296-4420-b345-9b8ef062c7fc" />
      <TestMethod codeBase="/Users/bill/Repos/FLua/FLua.Runtime.LibraryTests/bin/Debug/net8.0/FLua.Runtime.LibraryTests.dll" adapterTypeName="executor://mstestadapter/v2" className="FLua.Runtime.LibraryTests.LuaIOLibTests" name="Open_ReadMode_OpensExistingFile" />
    </UnitTest>
    <UnitTest name="Type_NonFileHandle_ReturnsNil" storage="/users/bill/repos/flua/flua.runtime.librarytests/bin/debug/net8.0/flua.runtime.librarytests.dll" id="9e316700-0b36-468e-c49a-81ab630e7de0">
      <Execution id="eec83b9e-7ee4-456c-a220-84fb62742158" />
      <TestMethod codeBase="/Users/bill/Repos/FLua/FLua.Runtime.LibraryTests/bin/Debug/net8.0/FLua.Runtime.LibraryTests.dll" adapterTypeName="executor://mstestadapter/v2" className="FLua.Runtime.LibraryTests.LuaIOLibTests" name="Type_NonFileHandle_ReturnsNil" />
    </UnitTest>
    <UnitTest name="GetTypeName_TableValue_ReturnsTable" storage="/users/bill/repos/flua/flua.runtime.librarytests/bin/debug/net8.0/flua.runtime.librarytests.dll" id="b9d0df09-72a3-019d-19ba-8b0138ba0782">
      <Execution id="a8b47105-bf9a-4906-8f30-d26876cb3a8c" />
      <TestMethod codeBase="/Users/bill/Repos/FLua/FLua.Runtime.LibraryTests/bin/Debug/net8.0/FLua.Runtime.LibraryTests.dll" adapterTypeName="executor://mstestadapter/v2" className="FLua.Runtime.LibraryTests.LuaTypeConversionTests" name="GetTypeName_TableValue_ReturnsTable" />
    </UnitTest>
    <UnitTest name="Match_WordBoundaries_WorkCorrectly" storage="/users/bill/repos/flua/flua.runtime.librarytests/bin/debug/net8.0/flua.runtime.librarytests.dll" id="91457ee6-4393-3cf1-d878-bbed1b581f4c">
      <Execution id="28a3a99d-936b-4641-b9dd-87702a869289" />
      <TestMethod codeBase="/Users/bill/Repos/FLua/FLua.Runtime.LibraryTests/bin/Debug/net8.0/FLua.Runtime.LibraryTests.dll" adapterTypeName="executor://mstestadapter/v2" className="FLua.Runtime.LibraryTests.LuaStringLibTests" name="Match_WordBoundaries_WorkCorrectly" />
    </UnitTest>
    <UnitTest name="SetLocale_InvalidCategory_ThrowsException" storage="/users/bill/repos/flua/flua.runtime.librarytests/bin/debug/net8.0/flua.runtime.librarytests.dll" id="0c035c29-46b0-3b14-47fe-3dbb61a8aca4">
      <Execution id="30aa326b-ba02-42dd-a0b1-2ca060868903" />
      <TestMethod codeBase="/Users/bill/Repos/FLua/FLua.Runtime.LibraryTests/bin/Debug/net8.0/FLua.Runtime.LibraryTests.dll" adapterTypeName="executor://mstestadapter/v2" className="FLua.Runtime.LibraryTests.LuaOSLibTests" name="SetLocale_InvalidCategory_ThrowsException" />
    </UnitTest>
    <UnitTest name="Random_InvalidRange_ThrowsException" storage="/users/bill/repos/flua/flua.runtime.librarytests/bin/debug/net8.0/flua.runtime.librarytests.dll" id="caa97aeb-b955-b84c-ff17-c4d81181a679">
      <Execution id="d5fa99a7-43c0-4790-9414-23db11a63261" />
      <TestMethod codeBase="/Users/bill/Repos/FLua/FLua.Runtime.LibraryTests/bin/Debug/net8.0/FLua.Runtime.LibraryTests.dll" adapterTypeName="executor://mstestadapter/v2" className="FLua.Runtime.LibraryTests.LuaMathLibTests" name="Random_InvalidRange_ThrowsException" />
    </UnitTest>
    <UnitTest name="Date_YearFormat_ReturnsYear" storage="/users/bill/repos/flua/flua.runtime.librarytests/bin/debug/net8.0/flua.runtime.librarytests.dll" id="6269b9ab-37ac-9c42-8cf1-a189054c855c">
      <Execution id="cec9a6e4-fde3-4fa1-8943-95733e3972e5" />
      <TestMethod codeBase="/Users/bill/Repos/FLua/FLua.Runtime.LibraryTests/bin/Debug/net8.0/FLua.Runtime.LibraryTests.dll" adapterTypeName="executor://mstestadapter/v2" className="FLua.Runtime.LibraryTests.LuaOSLibTests" name="Date_YearFormat_ReturnsYear" />
    </UnitTest>
    <UnitTest name="Close_NoArguments_ClosesDefaultOutput" storage="/users/bill/repos/flua/flua.runtime.librarytests/bin/debug/net8.0/flua.runtime.librarytests.dll" id="8a8b8b7a-b160-2bcf-4182-3505e77285c7">
      <Execution id="998b68b9-1886-4b94-963e-cfb46b835e1d" />
      <TestMethod codeBase="/Users/bill/Repos/FLua/FLua.Runtime.LibraryTests/bin/Debug/net8.0/FLua.Runtime.LibraryTests.dll" adapterTypeName="executor://mstestadapter/v2" className="FLua.Runtime.LibraryTests.LuaIOLibTests" name="Close_NoArguments_ClosesDefaultOutput" />
    </UnitTest>
    <UnitTest name="Match_SimplePattern_ReturnsMatchedString" storage="/users/bill/repos/flua/flua.runtime.librarytests/bin/debug/net8.0/flua.runtime.librarytests.dll" id="91c71e42-f716-f1a3-a456-b6b83f89c8d2">
      <Execution id="bf6934ac-3cc1-4425-a311-bd71ec0c8905" />
      <TestMethod codeBase="/Users/bill/Repos/FLua/FLua.Runtime.LibraryTests/bin/Debug/net8.0/FLua.Runtime.LibraryTests.dll" adapterTypeName="executor://mstestadapter/v2" className="FLua.Runtime.LibraryTests.LuaStringLibTests" name="Match_SimplePattern_ReturnsMatchedString" />
    </UnitTest>
    <UnitTest name="Match_NegativeStartPosition_WorksFromEnd" storage="/users/bill/repos/flua/flua.runtime.librarytests/bin/debug/net8.0/flua.runtime.librarytests.dll" id="95e0c9ee-fb11-a7b4-7107-d35d418fded6">
      <Execution id="2411a536-f510-44a5-99b3-f9e739d30400" />
      <TestMethod codeBase="/Users/bill/Repos/FLua/FLua.Runtime.LibraryTests/bin/Debug/net8.0/FLua.Runtime.LibraryTests.dll" adapterTypeName="executor://mstestadapter/v2" className="FLua.Runtime.LibraryTests.LuaStringLibTests" name="Match_NegativeStartPosition_WorksFromEnd" />
    </UnitTest>
    <UnitTest name="Find_QuestionQuantifier_MatchesZeroOrOne" storage="/users/bill/repos/flua/flua.runtime.librarytests/bin/debug/net8.0/flua.runtime.librarytests.dll" id="acbc6dfd-174b-2319-0d48-a9190bf7e33b">
      <Execution id="ff39690b-592a-40e1-807e-ba1ef7801d9e" />
      <TestMethod codeBase="/Users/bill/Repos/FLua/FLua.Runtime.LibraryTests/bin/Debug/net8.0/FLua.Runtime.LibraryTests.dll" adapterTypeName="executor://mstestadapter/v2" className="FLua.Runtime.LibraryTests.LuaStringLibTests" name="Find_QuestionQuantifier_MatchesZeroOrOne" />
    </UnitTest>
    <UnitTest name="CreateNumber_ZeroLong_ReturnsZeroInteger" storage="/users/bill/repos/flua/flua.runtime.librarytests/bin/debug/net8.0/flua.runtime.librarytests.dll" id="dc983584-c031-7d34-88ae-0f42c4fbfcba">
      <Execution id="fb7f43e6-a7db-4a2e-9bca-c935c0c8198b" />
      <TestMethod codeBase="/Users/bill/Repos/FLua/FLua.Runtime.LibraryTests/bin/Debug/net8.0/FLua.Runtime.LibraryTests.dll" adapterTypeName="executor://mstestadapter/v2" className="FLua.Runtime.LibraryTests.LuaValueHelpersTests" name="CreateNumber_ZeroLong_ReturnsZeroInteger" />
    </UnitTest>
    <UnitTest name="Find_SimpleCaptureGroup_ReturnsCapture" storage="/users/bill/repos/flua/flua.runtime.librarytests/bin/debug/net8.0/flua.runtime.librarytests.dll" id="720227b8-85bc-42b5-d668-3a0e2ec59857">
      <Execution id="12fc3c94-fb00-4e10-b713-5dc73abc94c3" />
      <TestMethod codeBase="/Users/bill/Repos/FLua/FLua.Runtime.LibraryTests/bin/Debug/net8.0/FLua.Runtime.LibraryTests.dll" adapterTypeName="executor://mstestadapter/v2" className="FLua.Runtime.LibraryTests.LuaStringLibTests" name="Find_SimpleCaptureGroup_ReturnsCapture" />
    </UnitTest>
    <UnitTest name="Char_SingleValue_ReturnsSingleCharacter" storage="/users/bill/repos/flua/flua.runtime.librarytests/bin/debug/net8.0/flua.runtime.librarytests.dll" id="356baa41-3b27-bf0b-5456-925135030f90">
      <Execution id="31ee9441-5e04-429e-bf94-67af76dd3dea" />
      <TestMethod codeBase="/Users/bill/Repos/FLua/FLua.Runtime.LibraryTests/bin/Debug/net8.0/FLua.Runtime.LibraryTests.dll" adapterTypeName="executor://mstestadapter/v2" className="FLua.Runtime.LibraryTests.LuaStringLibTests" name="Char_SingleValue_ReturnsSingleCharacter" />
    </UnitTest>
    <UnitTest name="Pack_SignedShort_WorksCorrectly" storage="/users/bill/repos/flua/flua.runtime.librarytests/bin/debug/net8.0/flua.runtime.librarytests.dll" id="d8f43a08-3c9f-f76e-bf0b-96268eee817c">
      <Execution id="89ea9f2e-5fdd-4f1b-97df-836752d16483" />
      <TestMethod codeBase="/Users/bill/Repos/FLua/FLua.Runtime.LibraryTests/bin/Debug/net8.0/FLua.Runtime.LibraryTests.dll" adapterTypeName="executor://mstestadapter/v2" className="FLua.Runtime.LibraryTests.LuaStringLibTests" name="Pack_SignedShort_WorksCorrectly" />
    </UnitTest>
    <UnitTest name="FileHandle_Write_SingleString" storage="/users/bill/repos/flua/flua.runtime.librarytests/bin/debug/net8.0/flua.runtime.librarytests.dll" id="2f8e678b-4650-b4bf-8f5f-1e968fcf762f">
      <Execution id="bfae190e-fa35-4d9b-8cd7-d99ce75e2706" />
      <TestMethod codeBase="/Users/bill/Repos/FLua/FLua.Runtime.LibraryTests/bin/Debug/net8.0/FLua.Runtime.LibraryTests.dll" adapterTypeName="executor://mstestadapter/v2" className="FLua.Runtime.LibraryTests.LuaIOLibTests" name="FileHandle_Write_SingleString" />
    </UnitTest>
    <UnitTest name="TmpName_NoArguments_Works" storage="/users/bill/repos/flua/flua.runtime.librarytests/bin/debug/net8.0/flua.runtime.librarytests.dll" id="99236272-2706-b2dd-eb36-1d46b6e282f0">
      <Execution id="ec0fec84-f23b-4904-a767-d2b98189d1bb" />
      <TestMethod codeBase="/Users/bill/Repos/FLua/FLua.Runtime.LibraryTests/bin/Debug/net8.0/FLua.Runtime.LibraryTests.dll" adapterTypeName="executor://mstestadapter/v2" className="FLua.Runtime.LibraryTests.LuaOSLibTests" name="TmpName_NoArguments_Works" />
    </UnitTest>
    <UnitTest name="GSub_MissingReplacementArgument_ThrowsException" storage="/users/bill/repos/flua/flua.runtime.librarytests/bin/debug/net8.0/flua.runtime.librarytests.dll" id="bcb794be-5164-aa37-82b9-4f97d40df88b">
      <Execution id="0f1b8983-83f6-446f-bc60-8cf44ebf42db" />
      <TestMethod codeBase="/Users/bill/Repos/FLua/FLua.Runtime.LibraryTests/bin/Debug/net8.0/FLua.Runtime.LibraryTests.dll" adapterTypeName="executor://mstestadapter/v2" className="FLua.Runtime.LibraryTests.LuaStringLibTests" name="GSub_MissingReplacementArgument_ThrowsException" />
    </UnitTest>
    <UnitTest name="Format_HexFormatting_WorksCorrectly" storage="/users/bill/repos/flua/flua.runtime.librarytests/bin/debug/net8.0/flua.runtime.librarytests.dll" id="ca09bb58-7f95-8094-b392-d26392066009">
      <Execution id="791a7347-7c59-4ad9-ab2a-02675d34a1f6" />
      <TestMethod codeBase="/Users/bill/Repos/FLua/FLua.Runtime.LibraryTests/bin/Debug/net8.0/FLua.Runtime.LibraryTests.dll" adapterTypeName="executor://mstestadapter/v2" className="FLua.Runtime.LibraryTests.LuaStringLibTests" name="Format_HexFormatting_WorksCorrectly" />
    </UnitTest>
    <UnitTest name="SetLocalVariable_CreatesInCurrentScope" storage="/users/bill/repos/flua/flua.runtime.librarytests/bin/debug/net8.0/flua.runtime.librarytests.dll" id="c02a12a3-eb79-001a-eceb-d655add22afb">
      <Execution id="a5070bb2-fc6b-45ef-bb55-54b4170613d2" />
      <TestMethod codeBase="/Users/bill/Repos/FLua/FLua.Runtime.LibraryTests/bin/Debug/net8.0/FLua.Runtime.LibraryTests.dll" adapterTypeName="executor://mstestadapter/v2" className="FLua.Runtime.LibraryTests.LuaEnvironmentTests" name="SetLocalVariable_CreatesInCurrentScope" />
    </UnitTest>
    <UnitTest name="Char_SingleCodePoint_ReturnsSingleCharacter" storage="/users/bill/repos/flua/flua.runtime.librarytests/bin/debug/net8.0/flua.runtime.librarytests.dll" id="5d2ae755-0986-61cd-5beb-ff5cb0ae706b">
      <Execution id="e06f2694-4f77-4526-93ef-cdae49754b19" />
      <TestMethod codeBase="/Users/bill/Repos/FLua/FLua.Runtime.LibraryTests/bin/Debug/net8.0/FLua.Runtime.LibraryTests.dll" adapterTypeName="executor://mstestadapter/v2" className="FLua.Runtime.LibraryTests.LuaUTF8LibTests" name="Char_SingleCodePoint_ReturnsSingleCharacter" />
    </UnitTest>
    <UnitTest name="GSub_WithLimit_LimitsReplacements" storage="/users/bill/repos/flua/flua.runtime.librarytests/bin/debug/net8.0/flua.runtime.librarytests.dll" id="902fab0c-178e-1183-38f8-7d0efa75ff49">
      <Execution id="b21b484a-4a25-43f6-96a5-16dbeffa0b5d" />
      <TestMethod codeBase="/Users/bill/Repos/FLua/FLua.Runtime.LibraryTests/bin/Debug/net8.0/FLua.Runtime.LibraryTests.dll" adapterTypeName="executor://mstestadapter/v2" className="FLua.Runtime.LibraryTests.LuaStringLibTests" name="GSub_WithLimit_LimitsReplacements" />
    </UnitTest>
    <UnitTest name="FMod_IntegerArguments_ReturnsInteger" storage="/users/bill/repos/flua/flua.runtime.librarytests/bin/debug/net8.0/flua.runtime.librarytests.dll" id="4f6c972b-4005-cefe-b356-77e1117476de">
      <Execution id="f53da5ac-8d82-4756-9a65-0e72951e0926" />
      <TestMethod codeBase="/Users/bill/Repos/FLua/FLua.Runtime.LibraryTests/bin/Debug/net8.0/FLua.Runtime.LibraryTests.dll" adapterTypeName="executor://mstestadapter/v2" className="FLua.Runtime.LibraryTests.LuaMathLibTests" name="FMod_IntegerArguments_ReturnsInteger" />
    </UnitTest>
    <UnitTest name="Find_MixedEscapeSequences_TestsEscapeHandling" storage="/users/bill/repos/flua/flua.runtime.librarytests/bin/debug/net8.0/flua.runtime.librarytests.dll" id="29e6f38a-3853-fdc3-b694-8eae6c353cec">
      <Execution id="a1dd281a-b65b-424b-a22c-d55224f3657b" />
      <TestMethod codeBase="/Users/bill/Repos/FLua/FLua.Runtime.LibraryTests/bin/Debug/net8.0/FLua.Runtime.LibraryTests.dll" adapterTypeName="executor://mstestadapter/v2" className="FLua.Runtime.LibraryTests.LuaStringLibTests" name="Find_MixedEscapeSequences_TestsEscapeHandling" />
    </UnitTest>
    <UnitTest name="Upper_NoArguments_ThrowsException" storage="/users/bill/repos/flua/flua.runtime.librarytests/bin/debug/net8.0/flua.runtime.librarytests.dll" id="0b7d4fed-65c6-97e3-e070-64302d267ad1">
      <Execution id="f1f331bd-14a7-49dd-b537-859d2004a15d" />
      <TestMethod codeBase="/Users/bill/Repos/FLua/FLua.Runtime.LibraryTests/bin/Debug/net8.0/FLua.Runtime.LibraryTests.dll" adapterTypeName="executor://mstestadapter/v2" className="FLua.Runtime.LibraryTests.LuaStringLibTests" name="Upper_NoArguments_ThrowsException" />
    </UnitTest>
    <UnitTest name="Match_StartBeyondString_ReturnsNil" storage="/users/bill/repos/flua/flua.runtime.librarytests/bin/debug/net8.0/flua.runtime.librarytests.dll" id="124d3c7b-3365-bbdd-9d85-586dea470e39">
      <Execution id="7d729581-e423-47cd-9036-6bf45d6d75c5" />
      <TestMethod codeBase="/Users/bill/Repos/FLua/FLua.Runtime.LibraryTests/bin/Debug/net8.0/FLua.Runtime.LibraryTests.dll" adapterTypeName="executor://mstestadapter/v2" className="FLua.Runtime.LibraryTests.LuaStringLibTests" name="Match_StartBeyondString_ReturnsNil" />
    </UnitTest>
    <UnitTest name="FileHandle_Read_BeyondEOF_ReturnsNil" storage="/users/bill/repos/flua/flua.runtime.librarytests/bin/debug/net8.0/flua.runtime.librarytests.dll" id="32684739-aece-8133-523b-5437cf00c332">
      <Execution id="cfd41dca-71d4-4ea3-bcd4-3495db34f910" />
      <TestMethod codeBase="/Users/bill/Repos/FLua/FLua.Runtime.LibraryTests/bin/Debug/net8.0/FLua.Runtime.LibraryTests.dll" adapterTypeName="executor://mstestadapter/v2" className="FLua.Runtime.LibraryTests.LuaIOLibTests" name="FileHandle_Read_BeyondEOF_ReturnsNil" />
    </UnitTest>
    <UnitTest name="Len_NoArguments_ThrowsException" storage="/users/bill/repos/flua/flua.runtime.librarytests/bin/debug/net8.0/flua.runtime.librarytests.dll" id="b464d5e7-77bb-f039-0989-ac134c6ef40c">
      <Execution id="b257bab0-8648-422a-b4d1-b7d90870a765" />
      <TestMethod codeBase="/Users/bill/Repos/FLua/FLua.Runtime.LibraryTests/bin/Debug/net8.0/FLua.Runtime.LibraryTests.dll" adapterTypeName="executor://mstestadapter/v2" className="FLua.Runtime.LibraryTests.LuaUTF8LibTests" name="Len_NoArguments_ThrowsException" />
    </UnitTest>
    <UnitTest name="DiffTime_FloatingPointTimes_HandlesDecimals" storage="/users/bill/repos/flua/flua.runtime.librarytests/bin/debug/net8.0/flua.runtime.librarytests.dll" id="1162632b-d466-d9f8-290c-74cce54c50a7">
      <Execution id="881d9f00-4ba8-489b-8d7b-7222d14b4540" />
      <TestMethod codeBase="/Users/bill/Repos/FLua/FLua.Runtime.LibraryTests/bin/Debug/net8.0/FLua.Runtime.LibraryTests.dll" adapterTypeName="executor://mstestadapter/v2" className="FLua.Runtime.LibraryTests.LuaOSLibTests" name="DiffTime_FloatingPointTimes_HandlesDecimals" />
    </UnitTest>
    <UnitTest name="Assert_Function_ThrowsOnFalse" storage="/users/bill/repos/flua/flua.runtime.librarytests/bin/debug/net8.0/flua.runtime.librarytests.dll" id="4082b2e7-4ef8-8357-e9c1-61cc1deba8f1">
      <Execution id="00812c1f-54d6-4f76-93cc-c27724cc8f85" />
      <TestMethod codeBase="/Users/bill/Repos/FLua/FLua.Runtime.LibraryTests/bin/Debug/net8.0/FLua.Runtime.LibraryTests.dll" adapterTypeName="executor://mstestadapter/v2" className="FLua.Runtime.LibraryTests.LuaEnvironmentTests" name="Assert_Function_ThrowsOnFalse" />
    </UnitTest>
    <UnitTest name="ProtectedCall_Function_CatchesErrors" storage="/users/bill/repos/flua/flua.runtime.librarytests/bin/debug/net8.0/flua.runtime.librarytests.dll" id="37650bf7-28da-c8e7-055d-d9c2af6b5cc2">
      <Execution id="8daaad8e-3bf2-4f7e-a914-a80e5df524da" />
      <TestMethod codeBase="/Users/bill/Repos/FLua/FLua.Runtime.LibraryTests/bin/Debug/net8.0/FLua.Runtime.LibraryTests.dll" adapterTypeName="executor://mstestadapter/v2" className="FLua.Runtime.LibraryTests.LuaEnvironmentTests" name="ProtectedCall_Function_CatchesErrors" />
    </UnitTest>
    <UnitTest name="Match_Anchors_WorkCorrectly" storage="/users/bill/repos/flua/flua.runtime.librarytests/bin/debug/net8.0/flua.runtime.librarytests.dll" id="8082c4c3-da68-d305-da4c-2d05b5c16fc2">
      <Execution id="3d6e7677-920e-4811-8189-46cbdf4d4691" />
      <TestMethod codeBase="/Users/bill/Repos/FLua/FLua.Runtime.LibraryTests/bin/Debug/net8.0/FLua.Runtime.LibraryTests.dll" adapterTypeName="executor://mstestadapter/v2" className="FLua.Runtime.LibraryTests.LuaStringLibTests" name="Match_Anchors_WorkCorrectly" />
    </UnitTest>
    <UnitTest name="Sort_EmptyTable_DoesNothing" storage="/users/bill/repos/flua/flua.runtime.librarytests/bin/debug/net8.0/flua.runtime.librarytests.dll" id="35638a06-e900-359a-f48b-e666ac30a863">
      <Execution id="e7e6ba40-f423-4f5a-b260-a0c09b21c640" />
      <TestMethod codeBase="/Users/bill/Repos/FLua/FLua.Runtime.LibraryTests/bin/Debug/net8.0/FLua.Runtime.LibraryTests.dll" adapterTypeName="executor://mstestadapter/v2" className="FLua.Runtime.LibraryTests.LuaTableLibTests" name="Sort_EmptyTable_DoesNothing" />
    </UnitTest>
    <UnitTest name="CodePoint_NewlineCharacter_HandlesCorrectly" storage="/users/bill/repos/flua/flua.runtime.librarytests/bin/debug/net8.0/flua.runtime.librarytests.dll" id="459baa70-2775-96e9-04a2-c39b866a77c2">
      <Execution id="b114153a-1167-48a5-9a41-26d55b92269a" />
      <TestMethod codeBase="/Users/bill/Repos/FLua/FLua.Runtime.LibraryTests/bin/Debug/net8.0/FLua.Runtime.LibraryTests.dll" adapterTypeName="executor://mstestadapter/v2" className="FLua.Runtime.LibraryTests.LuaUTF8LibTests" name="CodePoint_NewlineCharacter_HandlesCorrectly" />
    </UnitTest>
    <UnitTest name="Rep_MissingCount_ThrowsException" storage="/users/bill/repos/flua/flua.runtime.librarytests/bin/debug/net8.0/flua.runtime.librarytests.dll" id="cb7281b8-2dd7-3da0-5662-f11906512262">
      <Execution id="00404822-75a5-4e81-a6eb-3b3582673a18" />
      <TestMethod codeBase="/Users/bill/Repos/FLua/FLua.Runtime.LibraryTests/bin/Debug/net8.0/FLua.Runtime.LibraryTests.dll" adapterTypeName="executor://mstestadapter/v2" className="FLua.Runtime.LibraryTests.LuaStringLibTests" name="Rep_MissingCount_ThrowsException" />
    </UnitTest>
    <UnitTest name="Lines_WithFilename_ReturnsIterator" storage="/users/bill/repos/flua/flua.runtime.librarytests/bin/debug/net8.0/flua.runtime.librarytests.dll" id="8de4d946-6548-473b-bb2c-33990e21615c">
      <Execution id="19ee7def-3b61-4393-9d95-a021091ffc21" />
      <TestMethod codeBase="/Users/bill/Repos/FLua/FLua.Runtime.LibraryTests/bin/Debug/net8.0/FLua.Runtime.LibraryTests.dll" adapterTypeName="executor://mstestadapter/v2" className="FLua.Runtime.LibraryTests.LuaIOLibTests" name="Lines_WithFilename_ReturnsIterator" />
    </UnitTest>
    <UnitTest name="ToNumber_NegativeString_ReturnsCorrectNumber" storage="/users/bill/repos/flua/flua.runtime.librarytests/bin/debug/net8.0/flua.runtime.librarytests.dll" id="38e46477-e8cd-ebae-2dca-03d9894f248c">
      <Execution id="90e8ab44-17b0-4e7d-a50f-6696aa04dfca" />
      <TestMethod codeBase="/Users/bill/Repos/FLua/FLua.Runtime.LibraryTests/bin/Debug/net8.0/FLua.Runtime.LibraryTests.dll" adapterTypeName="executor://mstestadapter/v2" className="FLua.Runtime.LibraryTests.LuaTypeConversionTests" name="ToNumber_NegativeString_ReturnsCorrectNumber" />
    </UnitTest>
    <UnitTest name="GetVariable_NonexistentVariable_ReturnsNil" storage="/users/bill/repos/flua/flua.runtime.librarytests/bin/debug/net8.0/flua.runtime.librarytests.dll" id="b66be048-67b6-a9ab-2817-6a378783d48c">
      <Execution id="3d6f73d7-5b5a-4c56-95bb-b654f6203ed5" />
      <TestMethod codeBase="/Users/bill/Repos/FLua/FLua.Runtime.LibraryTests/bin/Debug/net8.0/FLua.Runtime.LibraryTests.dll" adapterTypeName="executor://mstestadapter/v2" className="FLua.Runtime.LibraryTests.LuaEnvironmentTests" name="GetVariable_NonexistentVariable_ReturnsNil" />
    </UnitTest>
    <UnitTest name="SetLocale_InvalidLocale_ReturnsNil" storage="/users/bill/repos/flua/flua.runtime.librarytests/bin/debug/net8.0/flua.runtime.librarytests.dll" id="6c4e1079-634b-6cb9-67f8-5b043265ef01">
      <Execution id="5b870e49-bf6e-448e-b29c-2d154707d8c6" />
      <TestMethod codeBase="/Users/bill/Repos/FLua/FLua.Runtime.LibraryTests/bin/Debug/net8.0/FLua.Runtime.LibraryTests.dll" adapterTypeName="executor://mstestadapter/v2" className="FLua.Runtime.LibraryTests.LuaOSLibTests" name="SetLocale_InvalidLocale_ReturnsNil" />
    </UnitTest>
    <UnitTest name="Open_EmptyFilename_ReturnsNilWithError" storage="/users/bill/repos/flua/flua.runtime.librarytests/bin/debug/net8.0/flua.runtime.librarytests.dll" id="3e805ed9-9ca9-a643-85c9-cc7cf1031aa6">
      <Execution id="52ecfaa9-2af3-47de-b15a-b5202819ecb0" />
      <TestMethod codeBase="/Users/bill/Repos/FLua/FLua.Runtime.LibraryTests/bin/Debug/net8.0/FLua.Runtime.LibraryTests.dll" adapterTypeName="executor://mstestadapter/v2" className="FLua.Runtime.LibraryTests.LuaIOLibTests" name="Open_EmptyFilename_ReturnsNilWithError" />
    </UnitTest>
    <UnitTest name="ToString_IntegerValue_ReturnsStringRepresentation" storage="/users/bill/repos/flua/flua.runtime.librarytests/bin/debug/net8.0/flua.runtime.librarytests.dll" id="83f36d15-72a9-2497-69c3-ee0d968aa3e0">
      <Execution id="e9c41e84-8643-4704-bed0-e3df7e9d5c4a" />
      <TestMethod codeBase="/Users/bill/Repos/FLua/FLua.Runtime.LibraryTests/bin/Debug/net8.0/FLua.Runtime.LibraryTests.dll" adapterTypeName="executor://mstestadapter/v2" className="FLua.Runtime.LibraryTests.LuaTypeConversionTests" name="ToString_IntegerValue_ReturnsStringRepresentation" />
    </UnitTest>
    <UnitTest name="Max_SingleArgument_ReturnsSameValue" storage="/users/bill/repos/flua/flua.runtime.librarytests/bin/debug/net8.0/flua.runtime.librarytests.dll" id="ebf87f26-06ae-013b-9ca8-21f98a2fd024">
      <Execution id="8fe047b0-71b3-4e61-8e58-3ebaf453eed9" />
      <TestMethod codeBase="/Users/bill/Repos/FLua/FLua.Runtime.LibraryTests/bin/Debug/net8.0/FLua.Runtime.LibraryTests.dll" adapterTypeName="executor://mstestadapter/v2" className="FLua.Runtime.LibraryTests.LuaMathLibTests" name="Max_SingleArgument_ReturnsSameValue" />
    </UnitTest>
    <UnitTest name="Find_NegativeStartPosition_WorksFromEnd" storage="/users/bill/repos/flua/flua.runtime.librarytests/bin/debug/net8.0/flua.runtime.librarytests.dll" id="4e5502ac-bda2-4618-9cdc-4a77f465f2cd">
      <Execution id="75619018-11f2-4e93-b014-c632da45e8c3" />
      <TestMethod codeBase="/Users/bill/Repos/FLua/FLua.Runtime.LibraryTests/bin/Debug/net8.0/FLua.Runtime.LibraryTests.dll" adapterTypeName="executor://mstestadapter/v2" className="FLua.Runtime.LibraryTests.LuaStringLibTests" name="Find_NegativeStartPosition_WorksFromEnd" />
    </UnitTest>
    <UnitTest name="CreateNumber_NegativeInfinity_ReturnsNegativeInfinityFloat" storage="/users/bill/repos/flua/flua.runtime.librarytests/bin/debug/net8.0/flua.runtime.librarytests.dll" id="4c6d59de-90f4-9ae9-54d4-1a99c66126ef">
      <Execution id="eeec9623-e8e9-43f6-9c12-ca042fe14912" />
      <TestMethod codeBase="/Users/bill/Repos/FLua/FLua.Runtime.LibraryTests/bin/Debug/net8.0/FLua.Runtime.LibraryTests.dll" adapterTypeName="executor://mstestadapter/v2" className="FLua.Runtime.LibraryTests.LuaValueHelpersTests" name="CreateNumber_NegativeInfinity_ReturnsNegativeInfinityFloat" />
    </UnitTest>
    <UnitTest name="Move_StartGreaterThanEnd_DoesNothing" storage="/users/bill/repos/flua/flua.runtime.librarytests/bin/debug/net8.0/flua.runtime.librarytests.dll" id="d64ab112-e469-9b4c-1a0e-3d4f82051157">
      <Execution id="aa39decb-aae3-41f5-b1d2-6b190962c811" />
      <TestMethod codeBase="/Users/bill/Repos/FLua/FLua.Runtime.LibraryTests/bin/Debug/net8.0/FLua.Runtime.LibraryTests.dll" adapterTypeName="executor://mstestadapter/v2" className="FLua.Runtime.LibraryTests.LuaTableLibTests" name="Move_StartGreaterThanEnd_DoesNothing" />
    </UnitTest>
    <UnitTest name="SetLocale_POSIXLocale_ReturnsC" storage="/users/bill/repos/flua/flua.runtime.librarytests/bin/debug/net8.0/flua.runtime.librarytests.dll" id="39a175cb-8470-7478-0559-74546990a78a">
      <Execution id="7135c8b7-eeea-4c79-aca0-26a7aad3224f" />
      <TestMethod codeBase="/Users/bill/Repos/FLua/FLua.Runtime.LibraryTests/bin/Debug/net8.0/FLua.Runtime.LibraryTests.dll" adapterTypeName="executor://mstestadapter/v2" className="FLua.Runtime.LibraryTests.LuaOSLibTests" name="SetLocale_POSIXLocale_ReturnsC" />
    </UnitTest>
    <UnitTest name="Find_CharacterClassWithQuantifier_CombinesFeatures" storage="/users/bill/repos/flua/flua.runtime.librarytests/bin/debug/net8.0/flua.runtime.librarytests.dll" id="fc8d9af8-df11-31f7-cb7e-4ba7d3edc77c">
      <Execution id="922f2fe1-eb58-4d82-9694-630db949d6c6" />
      <TestMethod codeBase="/Users/bill/Repos/FLua/FLua.Runtime.LibraryTests/bin/Debug/net8.0/FLua.Runtime.LibraryTests.dll" adapterTypeName="executor://mstestadapter/v2" className="FLua.Runtime.LibraryTests.LuaStringLibTests" name="Find_CharacterClassWithQuantifier_CombinesFeatures" />
    </UnitTest>
    <UnitTest name="Unpack_InsufficientData_ThrowsException" storage="/users/bill/repos/flua/flua.runtime.librarytests/bin/debug/net8.0/flua.runtime.librarytests.dll" id="3b79bcb2-9c96-0857-98b5-47d890c00284">
      <Execution id="071613e9-2a32-4b76-8d6a-0fb2c3d82de0" />
      <TestMethod codeBase="/Users/bill/Repos/FLua/FLua.Runtime.LibraryTests/bin/Debug/net8.0/FLua.Runtime.LibraryTests.dll" adapterTypeName="executor://mstestadapter/v2" className="FLua.Runtime.LibraryTests.LuaStringLibTests" name="Unpack_InsufficientData_ThrowsException" />
    </UnitTest>
    <UnitTest name="CreateStandardEnvironment_HasTableFunctions" storage="/users/bill/repos/flua/flua.runtime.librarytests/bin/debug/net8.0/flua.runtime.librarytests.dll" id="0683bfa0-f565-6d1c-623a-4b4052649ade">
      <Execution id="d6ffe724-d47f-4287-8ec6-186d8c1e45df" />
      <TestMethod codeBase="/Users/bill/Repos/FLua/FLua.Runtime.LibraryTests/bin/Debug/net8.0/FLua.Runtime.LibraryTests.dll" adapterTypeName="executor://mstestadapter/v2" className="FLua.Runtime.LibraryTests.LuaEnvironmentTests" name="CreateStandardEnvironment_HasTableFunctions" />
    </UnitTest>
    <UnitTest name="TryGetFloat_IntegerValue_ReturnsTrue" storage="/users/bill/repos/flua/flua.runtime.librarytests/bin/debug/net8.0/flua.runtime.librarytests.dll" id="0962b052-25b5-015e-e85d-065851746177">
      <Execution id="63b51738-6b58-4fc1-a9ad-84b31c67e5cd" />
      <TestMethod codeBase="/Users/bill/Repos/FLua/FLua.Runtime.LibraryTests/bin/Debug/net8.0/FLua.Runtime.LibraryTests.dll" adapterTypeName="executor://mstestadapter/v2" className="FLua.Runtime.LibraryTests.LuaValueTests" name="TryGetFloat_IntegerValue_ReturnsTrue" />
    </UnitTest>
    <UnitTest name="Find_CharacterClassWithPlusQuantifier_NowWorking" storage="/users/bill/repos/flua/flua.runtime.librarytests/bin/debug/net8.0/flua.runtime.librarytests.dll" id="b7d95339-e140-5f3e-0d81-600edb2bba27">
      <Execution id="0e58006c-3fab-45bb-aa3b-b0cf7ba01f56" />
      <TestMethod codeBase="/Users/bill/Repos/FLua/FLua.Runtime.LibraryTests/bin/Debug/net8.0/FLua.Runtime.LibraryTests.dll" adapterTypeName="executor://mstestadapter/v2" className="FLua.Runtime.LibraryTests.LuaStringLibTests" name="Find_CharacterClassWithPlusQuantifier_NowWorking" />
    </UnitTest>
    <UnitTest name="ChildEnvironment_CanOverrideParentVariables" storage="/users/bill/repos/flua/flua.runtime.librarytests/bin/debug/net8.0/flua.runtime.librarytests.dll" id="5e867a51-a9c3-4542-6de1-9d964cecbd2f">
      <Execution id="1b476a94-ad5b-4e75-882a-1cc07b528001" />
      <TestMethod codeBase="/Users/bill/Repos/FLua/FLua.Runtime.LibraryTests/bin/Debug/net8.0/FLua.Runtime.LibraryTests.dll" adapterTypeName="executor://mstestadapter/v2" className="FLua.Runtime.LibraryTests.LuaEnvironmentTests" name="ChildEnvironment_CanOverrideParentVariables" />
    </UnitTest>
    <UnitTest name="Min_WithNegativeInfinity_ReturnsNegativeInfinity" storage="/users/bill/repos/flua/flua.runtime.librarytests/bin/debug/net8.0/flua.runtime.librarytests.dll" id="e8e7e8b2-544a-dfe0-aff7-6f7f43f6fb0c">
      <Execution id="6c353713-210a-41a0-bd39-f97d1978691d" />
      <TestMethod codeBase="/Users/bill/Repos/FLua/FLua.Runtime.LibraryTests/bin/Debug/net8.0/FLua.Runtime.LibraryTests.dll" adapterTypeName="executor://mstestadapter/v2" className="FLua.Runtime.LibraryTests.LuaMathLibTests" name="Min_WithNegativeInfinity_ReturnsNegativeInfinity" />
    </UnitTest>
    <UnitTest name="AsBoolean_NonBooleanValue_ThrowsException" storage="/users/bill/repos/flua/flua.runtime.librarytests/bin/debug/net8.0/flua.runtime.librarytests.dll" id="7f421944-18a1-cd49-28b2-c2eb69df927a">
      <Execution id="83b12228-c13b-45ee-b6a1-6b3c673d3f55" />
      <TestMethod codeBase="/Users/bill/Repos/FLua/FLua.Runtime.LibraryTests/bin/Debug/net8.0/FLua.Runtime.LibraryTests.dll" adapterTypeName="executor://mstestadapter/v2" className="FLua.Runtime.LibraryTests.LuaValueTests" name="AsBoolean_NonBooleanValue_ThrowsException" />
    </UnitTest>
    <UnitTest name="GetInteger_MaxValue_ReturnsCorrectValue" storage="/users/bill/repos/flua/flua.runtime.librarytests/bin/debug/net8.0/flua.runtime.librarytests.dll" id="ef8f5e59-06d1-5f76-a841-1f5dcca9062b">
      <Execution id="e362cc51-651e-4a20-958e-1078332c9706" />
      <TestMethod codeBase="/Users/bill/Repos/FLua/FLua.Runtime.LibraryTests/bin/Debug/net8.0/FLua.Runtime.LibraryTests.dll" adapterTypeName="executor://mstestadapter/v2" className="FLua.Runtime.LibraryTests.LuaValueHelpersTests" name="GetInteger_MaxValue_ReturnsCorrectValue" />
    </UnitTest>
    <UnitTest name="Max_EqualValues_ReturnsFirst" storage="/users/bill/repos/flua/flua.runtime.librarytests/bin/debug/net8.0/flua.runtime.librarytests.dll" id="be96acaf-c981-ee90-0d44-8c6bb765af2e">
      <Execution id="d0ec5b67-43c5-4456-aa58-86e8a026a301" />
      <TestMethod codeBase="/Users/bill/Repos/FLua/FLua.Runtime.LibraryTests/bin/Debug/net8.0/FLua.Runtime.LibraryTests.dll" adapterTypeName="executor://mstestadapter/v2" className="FLua.Runtime.LibraryTests.LuaMathLibTests" name="Max_EqualValues_ReturnsFirst" />
    </UnitTest>
    <UnitTest name="IsNumber_IntegerValue_ReturnsTrue" storage="/users/bill/repos/flua/flua.runtime.librarytests/bin/debug/net8.0/flua.runtime.librarytests.dll" id="83532c81-6d36-55f5-0752-3600785002fe">
      <Execution id="f582376b-98e1-45a2-893d-62c5fceea938" />
      <TestMethod codeBase="/Users/bill/Repos/FLua/FLua.Runtime.LibraryTests/bin/Debug/net8.0/FLua.Runtime.LibraryTests.dll" adapterTypeName="executor://mstestadapter/v2" className="FLua.Runtime.LibraryTests.LuaValueTests" name="IsNumber_IntegerValue_ReturnsTrue" />
    </UnitTest>
    <UnitTest name="Offset_ZeroOffset_ReturnsCharacterBounds" storage="/users/bill/repos/flua/flua.runtime.librarytests/bin/debug/net8.0/flua.runtime.librarytests.dll" id="f8c6d118-8285-f0e3-6fcd-ab9b306bd086">
      <Execution id="6b342b7b-e95a-419b-aca7-9170ca045dac" />
      <TestMethod codeBase="/Users/bill/Repos/FLua/FLua.Runtime.LibraryTests/bin/Debug/net8.0/FLua.Runtime.LibraryTests.dll" adapterTypeName="executor://mstestadapter/v2" className="FLua.Runtime.LibraryTests.LuaUTF8LibTests" name="Offset_ZeroOffset_ReturnsCharacterBounds" />
    </UnitTest>
    <UnitTest name="IsTruthy_NilValue_ReturnsFalse" storage="/users/bill/repos/flua/flua.runtime.librarytests/bin/debug/net8.0/flua.runtime.librarytests.dll" id="d4208e9d-84cf-12a5-fe3c-68de214fd15b">
      <Execution id="f81c67d6-8747-4cad-9e19-86862fbc1446" />
      <TestMethod codeBase="/Users/bill/Repos/FLua/FLua.Runtime.LibraryTests/bin/Debug/net8.0/FLua.Runtime.LibraryTests.dll" adapterTypeName="executor://mstestadapter/v2" className="FLua.Runtime.LibraryTests.LuaValueTests" name="IsTruthy_NilValue_ReturnsFalse" />
    </UnitTest>
    <UnitTest name="Lower_UppercaseString_ReturnsLowercase" storage="/users/bill/repos/flua/flua.runtime.librarytests/bin/debug/net8.0/flua.runtime.librarytests.dll" id="69d81196-4db6-658e-c598-91e2e91ff420">
      <Execution id="aed8f33c-e009-416c-834d-4560590bc999" />
      <TestMethod codeBase="/Users/bill/Repos/FLua/FLua.Runtime.LibraryTests/bin/Debug/net8.0/FLua.Runtime.LibraryTests.dll" adapterTypeName="executor://mstestadapter/v2" className="FLua.Runtime.LibraryTests.LuaStringLibTests" name="Lower_UppercaseString_ReturnsLowercase" />
    </UnitTest>
    <UnitTest name="Assert_Function_WorksCorrectly" storage="/users/bill/repos/flua/flua.runtime.librarytests/bin/debug/net8.0/flua.runtime.librarytests.dll" id="7a517512-31db-43a3-ae7d-6a5e831b689f">
      <Execution id="b712285c-5638-46f9-b514-ce0749216bfb" />
      <TestMethod codeBase="/Users/bill/Repos/FLua/FLua.Runtime.LibraryTests/bin/Debug/net8.0/FLua.Runtime.LibraryTests.dll" adapterTypeName="executor://mstestadapter/v2" className="FLua.Runtime.LibraryTests.LuaEnvironmentTests" name="Assert_Function_WorksCorrectly" />
    </UnitTest>
    <UnitTest name="CharPattern_HasCorrectValue" storage="/users/bill/repos/flua/flua.runtime.librarytests/bin/debug/net8.0/flua.runtime.librarytests.dll" id="aa3b852f-cc11-9ed5-e993-0c70235b4caf">
      <Execution id="d2b28288-d786-4b30-b459-277c3401dc4a" />
      <TestMethod codeBase="/Users/bill/Repos/FLua/FLua.Runtime.LibraryTests/bin/Debug/net8.0/FLua.Runtime.LibraryTests.dll" adapterTypeName="executor://mstestadapter/v2" className="FLua.Runtime.LibraryTests.LuaUTF8LibTests" name="CharPattern_HasCorrectValue" />
    </UnitTest>
    <UnitTest name="Codes_EmptyString_ReturnsEmptyIterator" storage="/users/bill/repos/flua/flua.runtime.librarytests/bin/debug/net8.0/flua.runtime.librarytests.dll" id="21f636ef-9fca-a9cc-a5e8-ed3b8d49bb1b">
      <Execution id="fa30fd16-710c-4440-b3a4-a1785767fdb4" />
      <TestMethod codeBase="/Users/bill/Repos/FLua/FLua.Runtime.LibraryTests/bin/Debug/net8.0/FLua.Runtime.LibraryTests.dll" adapterTypeName="executor://mstestadapter/v2" className="FLua.Runtime.LibraryTests.LuaUTF8LibTests" name="Codes_EmptyString_ReturnsEmptyIterator" />
    </UnitTest>
    <UnitTest name="ToNumber_NilValue_ThrowsException" storage="/users/bill/repos/flua/flua.runtime.librarytests/bin/debug/net8.0/flua.runtime.librarytests.dll" id="5fc26d7f-904c-f092-0a78-2a57fde6bffe">
      <Execution id="ffb5b7db-a728-4e58-88a4-1c73473babc4" />
      <TestMethod codeBase="/Users/bill/Repos/FLua/FLua.Runtime.LibraryTests/bin/Debug/net8.0/FLua.Runtime.LibraryTests.dll" adapterTypeName="executor://mstestadapter/v2" className="FLua.Runtime.LibraryTests.LuaTypeConversionTests" name="ToNumber_NilValue_ThrowsException" />
    </UnitTest>
    <UnitTest name="ToNumber_NumericString_ReturnsCorrectNumber" storage="/users/bill/repos/flua/flua.runtime.librarytests/bin/debug/net8.0/flua.runtime.librarytests.dll" id="8ae4fd12-f125-9f84-a866-c91316a2ebb5">
      <Execution id="97203357-12a4-4b35-950d-998091d62049" />
      <TestMethod codeBase="/Users/bill/Repos/FLua/FLua.Runtime.LibraryTests/bin/Debug/net8.0/FLua.Runtime.LibraryTests.dll" adapterTypeName="executor://mstestadapter/v2" className="FLua.Runtime.LibraryTests.LuaTypeConversionTests" name="ToNumber_NumericString_ReturnsCorrectNumber" />
    </UnitTest>
    <UnitTest name="Pack_NoArguments_ThrowsException" storage="/users/bill/repos/flua/flua.runtime.librarytests/bin/debug/net8.0/flua.runtime.librarytests.dll" id="b33ce3c3-a76e-3fd5-774d-ad2d0e8829fd">
      <Execution id="52f74296-5739-423d-853f-c2470d9296c2" />
      <TestMethod codeBase="/Users/bill/Repos/FLua/FLua.Runtime.LibraryTests/bin/Debug/net8.0/FLua.Runtime.LibraryTests.dll" adapterTypeName="executor://mstestadapter/v2" className="FLua.Runtime.LibraryTests.LuaStringLibTests" name="Pack_NoArguments_ThrowsException" />
    </UnitTest>
    <UnitTest name="Len_ASCIIString_ReturnsCharacterCount" storage="/users/bill/repos/flua/flua.runtime.librarytests/bin/debug/net8.0/flua.runtime.librarytests.dll" id="80357ee3-2308-8b5b-a4ea-aff6df7d3e4c">
      <Execution id="e7c929f7-ab52-4819-bcc7-b72204ca4a5b" />
      <TestMethod codeBase="/Users/bill/Repos/FLua/FLua.Runtime.LibraryTests/bin/Debug/net8.0/FLua.Runtime.LibraryTests.dll" adapterTypeName="executor://mstestadapter/v2" className="FLua.Runtime.LibraryTests.LuaUTF8LibTests" name="Len_ASCIIString_ReturnsCharacterCount" />
    </UnitTest>
    <UnitTest name="Sort_SingleElement_DoesNothing" storage="/users/bill/repos/flua/flua.runtime.librarytests/bin/debug/net8.0/flua.runtime.librarytests.dll" id="1b7433fc-720c-62b6-538b-08680d59707a">
      <Execution id="b2c7d35e-1e4e-402e-9a95-10c770b3dd16" />
      <TestMethod codeBase="/Users/bill/Repos/FLua/FLua.Runtime.LibraryTests/bin/Debug/net8.0/FLua.Runtime.LibraryTests.dll" adapterTypeName="executor://mstestadapter/v2" className="FLua.Runtime.LibraryTests.LuaTableLibTests" name="Sort_SingleElement_DoesNothing" />
    </UnitTest>
    <UnitTest name="AsDouble_IntegerValue_ReturnsDoubleValue" storage="/users/bill/repos/flua/flua.runtime.librarytests/bin/debug/net8.0/flua.runtime.librarytests.dll" id="3537b0ed-bab1-c2f5-78f0-ffd787f9c64e">
      <Execution id="abdcdc45-9272-49aa-9a48-8f045959fe60" />
      <TestMethod codeBase="/Users/bill/Repos/FLua/FLua.Runtime.LibraryTests/bin/Debug/net8.0/FLua.Runtime.LibraryTests.dll" adapterTypeName="executor://mstestadapter/v2" className="FLua.Runtime.LibraryTests.LuaValueTests" name="AsDouble_IntegerValue_ReturnsDoubleValue" />
    </UnitTest>
    <UnitTest name="Find_NegatedCharacterClass_MatchesExceptSet" storage="/users/bill/repos/flua/flua.runtime.librarytests/bin/debug/net8.0/flua.runtime.librarytests.dll" id="69b291bb-5a9f-ecaa-0be9-3fda0d5c8920">
      <Execution id="1302d023-31a2-41d3-9d16-17237a3873a8" />
      <TestMethod codeBase="/Users/bill/Repos/FLua/FLua.Runtime.LibraryTests/bin/Debug/net8.0/FLua.Runtime.LibraryTests.dll" adapterTypeName="executor://mstestadapter/v2" className="FLua.Runtime.LibraryTests.LuaStringLibTests" name="Find_NegatedCharacterClass_MatchesExceptSet" />
    </UnitTest>
    <UnitTest name="ToInteger_FloatWithIntegerValue_ReturnsInteger" storage="/users/bill/repos/flua/flua.runtime.librarytests/bin/debug/net8.0/flua.runtime.librarytests.dll" id="09da649e-f156-15bf-398b-520b4478c270">
      <Execution id="c856bc9f-63af-4758-8d8c-8aaa2da19010" />
      <TestMethod codeBase="/Users/bill/Repos/FLua/FLua.Runtime.LibraryTests/bin/Debug/net8.0/FLua.Runtime.LibraryTests.dll" adapterTypeName="executor://mstestadapter/v2" className="FLua.Runtime.LibraryTests.LuaTypeConversionTests" name="ToInteger_FloatWithIntegerValue_ReturnsInteger" />
    </UnitTest>
    <UnitTest name="ValueCreation_ManyValues_HandlesCorrectly" storage="/users/bill/repos/flua/flua.runtime.librarytests/bin/debug/net8.0/flua.runtime.librarytests.dll" id="d4672541-c440-0312-b1b6-4a3b3137f111">
      <Execution id="004d8033-e80b-495a-8149-9b36b1cf0c69" />
      <TestMethod codeBase="/Users/bill/Repos/FLua/FLua.Runtime.LibraryTests/bin/Debug/net8.0/FLua.Runtime.LibraryTests.dll" adapterTypeName="executor://mstestadapter/v2" className="FLua.Runtime.LibraryTests.LuaValueTests" name="ValueCreation_ManyValues_HandlesCorrectly" />
    </UnitTest>
    <UnitTest name="Find_CharacterClass_MatchesSetOfCharacters" storage="/users/bill/repos/flua/flua.runtime.librarytests/bin/debug/net8.0/flua.runtime.librarytests.dll" id="e0fa63d2-29e3-f2cc-83ce-456d57f05a7e">
      <Execution id="6adfebc5-44bb-4346-a37c-b78a0acd48cb" />
      <TestMethod codeBase="/Users/bill/Repos/FLua/FLua.Runtime.LibraryTests/bin/Debug/net8.0/FLua.Runtime.LibraryTests.dll" adapterTypeName="executor://mstestadapter/v2" className="FLua.Runtime.LibraryTests.LuaStringLibTests" name="Find_CharacterClass_MatchesSetOfCharacters" />
    </UnitTest>
    <UnitTest name="Byte_NegativeIndex_WorksFromEnd" storage="/users/bill/repos/flua/flua.runtime.librarytests/bin/debug/net8.0/flua.runtime.librarytests.dll" id="12a32e54-5254-1490-859a-b6053824e69f">
      <Execution id="a16e2d34-68f0-478d-a9be-6f5c5681d419" />
      <TestMethod codeBase="/Users/bill/Repos/FLua/FLua.Runtime.LibraryTests/bin/Debug/net8.0/FLua.Runtime.LibraryTests.dll" adapterTypeName="executor://mstestadapter/v2" className="FLua.Runtime.LibraryTests.LuaStringLibTests" name="Byte_NegativeIndex_WorksFromEnd" />
    </UnitTest>
    <UnitTest name="Codes_EmojiString_HandlesEmoji" storage="/users/bill/repos/flua/flua.runtime.librarytests/bin/debug/net8.0/flua.runtime.librarytests.dll" id="6e0480a2-e23c-3dae-1b00-9a923cff2450">
      <Execution id="eb7abd62-59fa-4a59-a9b0-98af91fca248" />
      <TestMethod codeBase="/Users/bill/Repos/FLua/FLua.Runtime.LibraryTests/bin/Debug/net8.0/FLua.Runtime.LibraryTests.dll" adapterTypeName="executor://mstestadapter/v2" className="FLua.Runtime.LibraryTests.LuaUTF8LibTests" name="Codes_EmojiString_HandlesEmoji" />
    </UnitTest>
    <UnitTest name="IsFunction_FunctionValue_ReturnsTrue" storage="/users/bill/repos/flua/flua.runtime.librarytests/bin/debug/net8.0/flua.runtime.librarytests.dll" id="92d129aa-64ed-22db-4bde-585d3381802c">
      <Execution id="579013b8-725a-4cee-8a0a-e9cf20f2cc59" />
      <TestMethod codeBase="/Users/bill/Repos/FLua/FLua.Runtime.LibraryTests/bin/Debug/net8.0/FLua.Runtime.LibraryTests.dll" adapterTypeName="executor://mstestadapter/v2" className="FLua.Runtime.LibraryTests.LuaValueHelpersTests" name="IsFunction_FunctionValue_ReturnsTrue" />
    </UnitTest>
    <UnitTest name="Find_FullStringPattern_MatchesEntireString" storage="/users/bill/repos/flua/flua.runtime.librarytests/bin/debug/net8.0/flua.runtime.librarytests.dll" id="05ae02b1-5669-b205-ae3e-0f20a2128d81">
      <Execution id="c3b747e5-08bb-4f4b-9aa5-dcbdd80c13aa" />
      <TestMethod codeBase="/Users/bill/Repos/FLua/FLua.Runtime.LibraryTests/bin/Debug/net8.0/FLua.Runtime.LibraryTests.dll" adapterTypeName="executor://mstestadapter/v2" className="FLua.Runtime.LibraryTests.LuaStringLibTests" name="Find_FullStringPattern_MatchesEntireString" />
    </UnitTest>
    <UnitTest name="Remove_NonIntegerPosition_ThrowsException" storage="/users/bill/repos/flua/flua.runtime.librarytests/bin/debug/net8.0/flua.runtime.librarytests.dll" id="2a5faa5a-4d2a-07ee-d54a-0bde21ce290e">
      <Execution id="e502f0f7-8f05-44fb-8118-8d6ccc51c7c3" />
      <TestMethod codeBase="/Users/bill/Repos/FLua/FLua.Runtime.LibraryTests/bin/Debug/net8.0/FLua.Runtime.LibraryTests.dll" adapterTypeName="executor://mstestadapter/v2" className="FLua.Runtime.LibraryTests.LuaTableLibTests" name="Remove_NonIntegerPosition_ThrowsException" />
    </UnitTest>
    <UnitTest name="Type_Float_ReturnsFloatString" storage="/users/bill/repos/flua/flua.runtime.librarytests/bin/debug/net8.0/flua.runtime.librarytests.dll" id="c659012b-8f4d-410e-6f83-db62acbbedbf">
      <Execution id="dc24e17e-cadc-4e0d-ab21-0be98c2f4750" />
      <TestMethod codeBase="/Users/bill/Repos/FLua/FLua.Runtime.LibraryTests/bin/Debug/net8.0/FLua.Runtime.LibraryTests.dll" adapterTypeName="executor://mstestadapter/v2" className="FLua.Runtime.LibraryTests.LuaMathLibTests" name="Type_Float_ReturnsFloatString" />
    </UnitTest>
    <UnitTest name="Pack_LuaInteger_WorksCorrectly" storage="/users/bill/repos/flua/flua.runtime.librarytests/bin/debug/net8.0/flua.runtime.librarytests.dll" id="05a62926-3f5d-b1e6-9c77-b3c365f471b4">
      <Execution id="414c6202-ac56-45f7-9e32-1205aa64e1b9" />
      <TestMethod codeBase="/Users/bill/Repos/FLua/FLua.Runtime.LibraryTests/bin/Debug/net8.0/FLua.Runtime.LibraryTests.dll" adapterTypeName="executor://mstestadapter/v2" className="FLua.Runtime.LibraryTests.LuaStringLibTests" name="Pack_LuaInteger_WorksCorrectly" />
    </UnitTest>
    <UnitTest name="Exp_Zero_ReturnsOne" storage="/users/bill/repos/flua/flua.runtime.librarytests/bin/debug/net8.0/flua.runtime.librarytests.dll" id="96fc1885-37d5-b583-5c9d-58cc2bb7e2b6">
      <Execution id="58947551-917b-48fd-a5ec-225415ad6fda" />
      <TestMethod codeBase="/Users/bill/Repos/FLua/FLua.Runtime.LibraryTests/bin/Debug/net8.0/FLua.Runtime.LibraryTests.dll" adapterTypeName="executor://mstestadapter/v2" className="FLua.Runtime.LibraryTests.LuaMathLibTests" name="Exp_Zero_ReturnsOne" />
    </UnitTest>
    <UnitTest name="Find_UnbalancedCaptures_HandlesGracefully" storage="/users/bill/repos/flua/flua.runtime.librarytests/bin/debug/net8.0/flua.runtime.librarytests.dll" id="b20a0e51-1563-a968-27f7-785c41b1392c">
      <Execution id="a0322e70-b5ee-4dd2-a7fc-7e4b6bdcbf5c" />
      <TestMethod codeBase="/Users/bill/Repos/FLua/FLua.Runtime.LibraryTests/bin/Debug/net8.0/FLua.Runtime.LibraryTests.dll" adapterTypeName="executor://mstestadapter/v2" className="FLua.Runtime.LibraryTests.LuaStringLibTests" name="Find_UnbalancedCaptures_HandlesGracefully" />
    </UnitTest>
    <UnitTest name="Pack_InsufficientArguments_ThrowsException" storage="/users/bill/repos/flua/flua.runtime.librarytests/bin/debug/net8.0/flua.runtime.librarytests.dll" id="aa3dcf33-9e0f-5175-b5ba-e865902bf797">
      <Execution id="9fd49300-93ac-490e-85b9-b1882f46d90e" />
      <TestMethod codeBase="/Users/bill/Repos/FLua/FLua.Runtime.LibraryTests/bin/Debug/net8.0/FLua.Runtime.LibraryTests.dll" adapterTypeName="executor://mstestadapter/v2" className="FLua.Runtime.LibraryTests.LuaStringLibTests" name="Pack_InsufficientArguments_ThrowsException" />
    </UnitTest>
    <UnitTest name="Float_PositiveInfinity_ReturnsCorrectValue" storage="/users/bill/repos/flua/flua.runtime.librarytests/bin/debug/net8.0/flua.runtime.librarytests.dll" id="28b68190-b011-28ce-504a-915eec13872f">
      <Execution id="90daba89-94c3-4920-b648-e8465ea9a665" />
      <TestMethod codeBase="/Users/bill/Repos/FLua/FLua.Runtime.LibraryTests/bin/Debug/net8.0/FLua.Runtime.LibraryTests.dll" adapterTypeName="executor://mstestadapter/v2" className="FLua.Runtime.LibraryTests.LuaValueTests" name="Float_PositiveInfinity_ReturnsCorrectValue" />
    </UnitTest>
    <UnitTest name="Abs_PositiveFloat_ReturnsPositive" storage="/users/bill/repos/flua/flua.runtime.librarytests/bin/debug/net8.0/flua.runtime.librarytests.dll" id="ecfd8baf-76be-e64b-eeab-b52cc7f1657d">
      <Execution id="e09f8e01-b1f8-4f60-a7f0-e83339167a57" />
      <TestMethod codeBase="/Users/bill/Repos/FLua/FLua.Runtime.LibraryTests/bin/Debug/net8.0/FLua.Runtime.LibraryTests.dll" adapterTypeName="executor://mstestadapter/v2" className="FLua.Runtime.LibraryTests.LuaMathLibTests" name="Abs_PositiveFloat_ReturnsPositive" />
    </UnitTest>
    <UnitTest name="StringToNumber_ScientificNotation_ReturnsCorrectValue" storage="/users/bill/repos/flua/flua.runtime.librarytests/bin/debug/net8.0/flua.runtime.librarytests.dll" id="41f760a9-a423-8221-622c-601a088c4be6">
      <Execution id="03825d7a-5ae5-4db1-befc-1a2c18fdbb70" />
      <TestMethod codeBase="/Users/bill/Repos/FLua/FLua.Runtime.LibraryTests/bin/Debug/net8.0/FLua.Runtime.LibraryTests.dll" adapterTypeName="executor://mstestadapter/v2" className="FLua.Runtime.LibraryTests.LuaTypeConversionTests" name="StringToNumber_ScientificNotation_ReturnsCorrectValue" />
    </UnitTest>
    <UnitTest name="StringToNumber_InvalidString_ReturnsNull" storage="/users/bill/repos/flua/flua.runtime.librarytests/bin/debug/net8.0/flua.runtime.librarytests.dll" id="c95181fb-a469-7e1a-e0b7-34c883e587b6">
      <Execution id="09fe8a92-1f26-43d7-ab74-78dbffa7491a" />
      <TestMethod codeBase="/Users/bill/Repos/FLua/FLua.Runtime.LibraryTests/bin/Debug/net8.0/FLua.Runtime.LibraryTests.dll" adapterTypeName="executor://mstestadapter/v2" className="FLua.Runtime.LibraryTests.LuaTypeConversionTests" name="StringToNumber_InvalidString_ReturnsNull" />
    </UnitTest>
    <UnitTest name="Match_DotWildcard_MatchesAnyCharacter" storage="/users/bill/repos/flua/flua.runtime.librarytests/bin/debug/net8.0/flua.runtime.librarytests.dll" id="c5d177fc-0ecf-39b8-b3e2-28dbec2edf0d">
      <Execution id="118b61ae-52d9-43a8-a8ad-5fd1c65220b4" />
      <TestMethod codeBase="/Users/bill/Repos/FLua/FLua.Runtime.LibraryTests/bin/Debug/net8.0/FLua.Runtime.LibraryTests.dll" adapterTypeName="executor://mstestadapter/v2" className="FLua.Runtime.LibraryTests.LuaStringLibTests" name="Match_DotWildcard_MatchesAnyCharacter" />
    </UnitTest>
    <UnitTest name="ToLuaString_BooleanValues_ReturnsCorrectStrings" storage="/users/bill/repos/flua/flua.runtime.librarytests/bin/debug/net8.0/flua.runtime.librarytests.dll" id="33afb6d3-b187-b943-c57f-faeaa9ec0a3b">
      <Execution id="f7fbac78-7814-4f79-b787-25b336c06276" />
      <TestMethod codeBase="/Users/bill/Repos/FLua/FLua.Runtime.LibraryTests/bin/Debug/net8.0/FLua.Runtime.LibraryTests.dll" adapterTypeName="executor://mstestadapter/v2" className="FLua.Runtime.LibraryTests.LuaValueTests" name="ToLuaString_BooleanValues_ReturnsCorrectStrings" />
    </UnitTest>
    <UnitTest name="ToNumber_FloatValue_ReturnsDoubleValue" storage="/users/bill/repos/flua/flua.runtime.librarytests/bin/debug/net8.0/flua.runtime.librarytests.dll" id="c1baf7cd-baf6-a6dc-ac96-f4833dd5d5c5">
      <Execution id="f6fa1031-96e2-4342-b9a6-cd5b0040ab42" />
      <TestMethod codeBase="/Users/bill/Repos/FLua/FLua.Runtime.LibraryTests/bin/Debug/net8.0/FLua.Runtime.LibraryTests.dll" adapterTypeName="executor://mstestadapter/v2" className="FLua.Runtime.LibraryTests.LuaTypeConversionTests" name="ToNumber_FloatValue_ReturnsDoubleValue" />
    </UnitTest>
    <UnitTest name="Sub_StartGreaterThanEnd_ReturnsEmptyString" storage="/users/bill/repos/flua/flua.runtime.librarytests/bin/debug/net8.0/flua.runtime.librarytests.dll" id="77384db3-4321-1fbc-042f-30de6613acfa">
      <Execution id="1505e1d9-dc77-4bd9-b0a9-f993d2f4650e" />
      <TestMethod codeBase="/Users/bill/Repos/FLua/FLua.Runtime.LibraryTests/bin/Debug/net8.0/FLua.Runtime.LibraryTests.dll" adapterTypeName="executor://mstestadapter/v2" className="FLua.Runtime.LibraryTests.LuaStringLibTests" name="Sub_StartGreaterThanEnd_ReturnsEmptyString" />
    </UnitTest>
    <UnitTest name="Len_NoArguments_ThrowsException" storage="/users/bill/repos/flua/flua.runtime.librarytests/bin/debug/net8.0/flua.runtime.librarytests.dll" id="2e518224-3b0a-3d1b-9a76-50a35594c7ae">
      <Execution id="30d049ce-a5c4-4ea6-b73d-1f6fdb910f44" />
      <TestMethod codeBase="/Users/bill/Repos/FLua/FLua.Runtime.LibraryTests/bin/Debug/net8.0/FLua.Runtime.LibraryTests.dll" adapterTypeName="executor://mstestadapter/v2" className="FLua.Runtime.LibraryTests.LuaStringLibTests" name="Len_NoArguments_ThrowsException" />
    </UnitTest>
    <UnitTest name="CodePoint_OutOfBounds_ReturnsEmpty" storage="/users/bill/repos/flua/flua.runtime.librarytests/bin/debug/net8.0/flua.runtime.librarytests.dll" id="f78c516b-19b5-6162-b927-304c88d19605">
      <Execution id="b09548b9-b0bf-42b6-a0cd-d095856d74a0" />
      <TestMethod codeBase="/Users/bill/Repos/FLua/FLua.Runtime.LibraryTests/bin/Debug/net8.0/FLua.Runtime.LibraryTests.dll" adapterTypeName="executor://mstestadapter/v2" className="FLua.Runtime.LibraryTests.LuaUTF8LibTests" name="CodePoint_OutOfBounds_ReturnsEmpty" />
    </UnitTest>
    <UnitTest name="FileHandle_Read_EmptyFile_ReturnsNil" storage="/users/bill/repos/flua/flua.runtime.librarytests/bin/debug/net8.0/flua.runtime.librarytests.dll" id="ba2fe975-537e-50f3-f754-c1766b4c62cf">
      <Execution id="13fa03b5-6b82-42a3-9335-cc089d26dea5" />
      <TestMethod codeBase="/Users/bill/Repos/FLua/FLua.Runtime.LibraryTests/bin/Debug/net8.0/FLua.Runtime.LibraryTests.dll" adapterTypeName="executor://mstestadapter/v2" className="FLua.Runtime.LibraryTests.LuaIOLibTests" name="FileHandle_Read_EmptyFile_ReturnsNil" />
    </UnitTest>
    <UnitTest name="CreateStandardEnvironment_HasRawOperations" storage="/users/bill/repos/flua/flua.runtime.librarytests/bin/debug/net8.0/flua.runtime.librarytests.dll" id="3aedc30b-49f4-ff0f-680b-aad67022a5d1">
      <Execution id="1966b95b-cad7-4abd-92cd-d5d8f812be49" />
      <TestMethod codeBase="/Users/bill/Repos/FLua/FLua.Runtime.LibraryTests/bin/Debug/net8.0/FLua.Runtime.LibraryTests.dll" adapterTypeName="executor://mstestadapter/v2" className="FLua.Runtime.LibraryTests.LuaEnvironmentTests" name="CreateStandardEnvironment_HasRawOperations" />
    </UnitTest>
    <UnitTest name="Insert_BeyondArrayBounds_CreatesGap" storage="/users/bill/repos/flua/flua.runtime.librarytests/bin/debug/net8.0/flua.runtime.librarytests.dll" id="3357e835-cd07-a322-d7e3-de79066a2658">
      <Execution id="fca887dc-f11f-4280-be02-9008465de4da" />
      <TestMethod codeBase="/Users/bill/Repos/FLua/FLua.Runtime.LibraryTests/bin/Debug/net8.0/FLua.Runtime.LibraryTests.dll" adapterTypeName="executor://mstestadapter/v2" className="FLua.Runtime.LibraryTests.LuaTableLibTests" name="Insert_BeyondArrayBounds_CreatesGap" />
    </UnitTest>
    <UnitTest name="IsTruthy_TrueBoolean_ReturnsTrue" storage="/users/bill/repos/flua/flua.runtime.librarytests/bin/debug/net8.0/flua.runtime.librarytests.dll" id="2d85723d-d3b9-157a-79e0-814a5b206e52">
      <Execution id="1fd7082e-8c9f-4f28-b9b2-e2790dd7cbf0" />
      <TestMethod codeBase="/Users/bill/Repos/FLua/FLua.Runtime.LibraryTests/bin/Debug/net8.0/FLua.Runtime.LibraryTests.dll" adapterTypeName="executor://mstestadapter/v2" className="FLua.Runtime.LibraryTests.LuaValueTests" name="IsTruthy_TrueBoolean_ReturnsTrue" />
    </UnitTest>
    <UnitTest name="Type_Integer_ReturnsIntegerString" storage="/users/bill/repos/flua/flua.runtime.librarytests/bin/debug/net8.0/flua.runtime.librarytests.dll" id="52df723a-c1e8-d26c-e420-4811e9153678">
      <Execution id="7d76e235-326f-4106-9505-326ff6b99679" />
      <TestMethod codeBase="/Users/bill/Repos/FLua/FLua.Runtime.LibraryTests/bin/Debug/net8.0/FLua.Runtime.LibraryTests.dll" adapterTypeName="executor://mstestadapter/v2" className="FLua.Runtime.LibraryTests.LuaMathLibTests" name="Type_Integer_ReturnsIntegerString" />
    </UnitTest>
    <UnitTest name="FileHandle_Read_VeryLargeCount" storage="/users/bill/repos/flua/flua.runtime.librarytests/bin/debug/net8.0/flua.runtime.librarytests.dll" id="247f7b58-910c-0c73-20a5-0f0b1b80206a">
      <Execution id="a5064871-5574-43e2-b842-f39b40991032" />
      <TestMethod codeBase="/Users/bill/Repos/FLua/FLua.Runtime.LibraryTests/bin/Debug/net8.0/FLua.Runtime.LibraryTests.dll" adapterTypeName="executor://mstestadapter/v2" className="FLua.Runtime.LibraryTests.LuaIOLibTests" name="FileHandle_Read_VeryLargeCount" />
    </UnitTest>
    <UnitTest name="Match_VeryLongString_HandlesCorrectly" storage="/users/bill/repos/flua/flua.runtime.librarytests/bin/debug/net8.0/flua.runtime.librarytests.dll" id="53fcdc6f-1a53-2c37-03c9-02277540dcfe">
      <Execution id="f1f7bbc1-d21f-41d4-9de4-d40f47459ffd" />
      <TestMethod codeBase="/Users/bill/Repos/FLua/FLua.Runtime.LibraryTests/bin/Debug/net8.0/FLua.Runtime.LibraryTests.dll" adapterTypeName="executor://mstestadapter/v2" className="FLua.Runtime.LibraryTests.LuaStringLibTests" name="Match_VeryLongString_HandlesCorrectly" />
    </UnitTest>
    <UnitTest name="Helpers_AllNumberTypes_ConsistentBehavior" storage="/users/bill/repos/flua/flua.runtime.librarytests/bin/debug/net8.0/flua.runtime.librarytests.dll" id="4a5a9497-6482-4f28-826d-674900fa84eb">
      <Execution id="7b43dd43-4245-4c49-a534-14cb971f6e86" />
      <TestMethod codeBase="/Users/bill/Repos/FLua/FLua.Runtime.LibraryTests/bin/Debug/net8.0/FLua.Runtime.LibraryTests.dll" adapterTypeName="executor://mstestadapter/v2" className="FLua.Runtime.LibraryTests.LuaValueHelpersTests" name="Helpers_AllNumberTypes_ConsistentBehavior" />
    </UnitTest>
    <UnitTest name="Max_WithInfinity_ReturnsInfinity" storage="/users/bill/repos/flua/flua.runtime.librarytests/bin/debug/net8.0/flua.runtime.librarytests.dll" id="eb96c93f-d168-6c94-29ee-9fee3c31ed29">
      <Execution id="7424e50b-6243-46b3-b426-e6c8a6e10304" />
      <TestMethod codeBase="/Users/bill/Repos/FLua/FLua.Runtime.LibraryTests/bin/Debug/net8.0/FLua.Runtime.LibraryTests.dll" adapterTypeName="executor://mstestadapter/v2" className="FLua.Runtime.LibraryTests.LuaMathLibTests" name="Max_WithInfinity_ReturnsInfinity" />
    </UnitTest>
    <UnitTest name="Constructor_CreatesEmptyEnvironment" storage="/users/bill/repos/flua/flua.runtime.librarytests/bin/debug/net8.0/flua.runtime.librarytests.dll" id="b5a4087e-1bf3-a92c-626f-a642ce8f4fa4">
      <Execution id="9f02b65f-d35a-410e-beff-5d0504bcfadf" />
      <TestMethod codeBase="/Users/bill/Repos/FLua/FLua.Runtime.LibraryTests/bin/Debug/net8.0/FLua.Runtime.LibraryTests.dll" adapterTypeName="executor://mstestadapter/v2" className="FLua.Runtime.LibraryTests.LuaEnvironmentTests" name="Constructor_CreatesEmptyEnvironment" />
    </UnitTest>
    <UnitTest name="Close_WithFileHandle_ClosesFile" storage="/users/bill/repos/flua/flua.runtime.librarytests/bin/debug/net8.0/flua.runtime.librarytests.dll" id="ab2bd540-86e6-8c34-10b0-e2398e1dd43b">
      <Execution id="04d8cc60-96bf-4d5e-aff9-38444dcfada2" />
      <TestMethod codeBase="/Users/bill/Repos/FLua/FLua.Runtime.LibraryTests/bin/Debug/net8.0/FLua.Runtime.LibraryTests.dll" adapterTypeName="executor://mstestadapter/v2" className="FLua.Runtime.LibraryTests.LuaIOLibTests" name="Close_WithFileHandle_ClosesFile" />
    </UnitTest>
    <UnitTest name="Time_UnixEpoch_ReturnsZero" storage="/users/bill/repos/flua/flua.runtime.librarytests/bin/debug/net8.0/flua.runtime.librarytests.dll" id="de943867-21cc-aa19-e2a9-d72e5263da08">
      <Execution id="3f3ebc35-de43-42ae-bfd4-b42fddd7da23" />
      <TestMethod codeBase="/Users/bill/Repos/FLua/FLua.Runtime.LibraryTests/bin/Debug/net8.0/FLua.Runtime.LibraryTests.dll" adapterTypeName="executor://mstestadapter/v2" className="FLua.Runtime.LibraryTests.LuaOSLibTests" name="Time_UnixEpoch_ReturnsZero" />
    </UnitTest>
    <UnitTest name="Char_ValueOver255_ThrowsException" storage="/users/bill/repos/flua/flua.runtime.librarytests/bin/debug/net8.0/flua.runtime.librarytests.dll" id="0a229eec-1f6b-5c21-27f6-5257de8d66d5">
      <Execution id="647f9ac4-5be7-42ba-b95a-b26c221275c7" />
      <TestMethod codeBase="/Users/bill/Repos/FLua/FLua.Runtime.LibraryTests/bin/Debug/net8.0/FLua.Runtime.LibraryTests.dll" adapterTypeName="executor://mstestadapter/v2" className="FLua.Runtime.LibraryTests.LuaStringLibTests" name="Char_ValueOver255_ThrowsException" />
    </UnitTest>
    <UnitTest name="IsTruthy_FalseBoolean_ReturnsFalse" storage="/users/bill/repos/flua/flua.runtime.librarytests/bin/debug/net8.0/flua.runtime.librarytests.dll" id="ad77e077-f60b-047c-5056-ff5f5b8ab833">
      <Execution id="95a6e039-1d34-4ec9-8166-7707aafd643a" />
      <TestMethod codeBase="/Users/bill/Repos/FLua/FLua.Runtime.LibraryTests/bin/Debug/net8.0/FLua.Runtime.LibraryTests.dll" adapterTypeName="executor://mstestadapter/v2" className="FLua.Runtime.LibraryTests.LuaValueTests" name="IsTruthy_FalseBoolean_ReturnsFalse" />
    </UnitTest>
    <UnitTest name="Insert_NoTable_ThrowsException" storage="/users/bill/repos/flua/flua.runtime.librarytests/bin/debug/net8.0/flua.runtime.librarytests.dll" id="625315d5-1f96-d3e3-d395-5255152d1261">
      <Execution id="bbff0c87-8331-467d-9c6e-b641e0462dae" />
      <TestMethod codeBase="/Users/bill/Repos/FLua/FLua.Runtime.LibraryTests/bin/Debug/net8.0/FLua.Runtime.LibraryTests.dll" adapterTypeName="executor://mstestadapter/v2" className="FLua.Runtime.LibraryTests.LuaTableLibTests" name="Insert_NoTable_ThrowsException" />
    </UnitTest>
    <UnitTest name="Remove_EmptyDirectory_ReturnsTrue" storage="/users/bill/repos/flua/flua.runtime.librarytests/bin/debug/net8.0/flua.runtime.librarytests.dll" id="65f12242-227e-467b-3997-8aa37655c793">
      <Execution id="4dbde285-4084-44ab-813c-c9adf9064319" />
      <TestMethod codeBase="/Users/bill/Repos/FLua/FLua.Runtime.LibraryTests/bin/Debug/net8.0/FLua.Runtime.LibraryTests.dll" adapterTypeName="executor://mstestadapter/v2" className="FLua.Runtime.LibraryTests.LuaOSLibTests" name="Remove_EmptyDirectory_ReturnsTrue" />
    </UnitTest>
    <UnitTest name="GMatch_SimplePattern_ReturnsIterator" storage="/users/bill/repos/flua/flua.runtime.librarytests/bin/debug/net8.0/flua.runtime.librarytests.dll" id="403d19c4-6761-052b-94ca-f86fc8efc73a">
      <Execution id="60d6910b-126e-42cf-ac21-ca85d405d7e3" />
      <TestMethod codeBase="/Users/bill/Repos/FLua/FLua.Runtime.LibraryTests/bin/Debug/net8.0/FLua.Runtime.LibraryTests.dll" adapterTypeName="executor://mstestadapter/v2" className="FLua.Runtime.LibraryTests.LuaStringLibTests" name="GMatch_SimplePattern_ReturnsIterator" />
    </UnitTest>
    <UnitTest name="Unpack_UnsignedByte_WorksCorrectly" storage="/users/bill/repos/flua/flua.runtime.librarytests/bin/debug/net8.0/flua.runtime.librarytests.dll" id="e59c2cad-046b-d243-ce9e-459fab50cf08">
      <Execution id="9dec3fd4-fccd-472b-8583-d0b50d4ba437" />
      <TestMethod codeBase="/Users/bill/Repos/FLua/FLua.Runtime.LibraryTests/bin/Debug/net8.0/FLua.Runtime.LibraryTests.dll" adapterTypeName="executor://mstestadapter/v2" className="FLua.Runtime.LibraryTests.LuaStringLibTests" name="Unpack_UnsignedByte_WorksCorrectly" />
    </UnitTest>
    <UnitTest name="Abs_MaxValue_ReturnsMaxValue" storage="/users/bill/repos/flua/flua.runtime.librarytests/bin/debug/net8.0/flua.runtime.librarytests.dll" id="79827bb7-932f-70a1-ce8a-d8cee579280e">
      <Execution id="a3aff09c-c957-409d-a145-eca6089ec60f" />
      <TestMethod codeBase="/Users/bill/Repos/FLua/FLua.Runtime.LibraryTests/bin/Debug/net8.0/FLua.Runtime.LibraryTests.dll" adapterTypeName="executor://mstestadapter/v2" className="FLua.Runtime.LibraryTests.LuaMathLibTests" name="Abs_MaxValue_ReturnsMaxValue" />
    </UnitTest>
    <UnitTest name="StringToNumber_NegativeFloat_ReturnsCorrectValue" storage="/users/bill/repos/flua/flua.runtime.librarytests/bin/debug/net8.0/flua.runtime.librarytests.dll" id="1e299a37-0f21-4ef3-9262-0e3c73eced5f">
      <Execution id="9f5d37d7-e463-4a82-9d0c-78b7568ee78b" />
      <TestMethod codeBase="/Users/bill/Repos/FLua/FLua.Runtime.LibraryTests/bin/Debug/net8.0/FLua.Runtime.LibraryTests.dll" adapterTypeName="executor://mstestadapter/v2" className="FLua.Runtime.LibraryTests.LuaTypeConversionTests" name="StringToNumber_NegativeFloat_ReturnsCorrectValue" />
    </UnitTest>
    <UnitTest name="Sub_NonIntegerStartIndex_ThrowsException" storage="/users/bill/repos/flua/flua.runtime.librarytests/bin/debug/net8.0/flua.runtime.librarytests.dll" id="41090eae-0671-f825-92f0-3835cb20447f">
      <Execution id="c6f31d89-59f7-4040-bb5b-c64102bd089c" />
      <TestMethod codeBase="/Users/bill/Repos/FLua/FLua.Runtime.LibraryTests/bin/Debug/net8.0/FLua.Runtime.LibraryTests.dll" adapterTypeName="executor://mstestadapter/v2" className="FLua.Runtime.LibraryTests.LuaStringLibTests" name="Sub_NonIntegerStartIndex_ThrowsException" />
    </UnitTest>
    <UnitTest name="Pack_StringWithLength_SpecifiedSize" storage="/users/bill/repos/flua/flua.runtime.librarytests/bin/debug/net8.0/flua.runtime.librarytests.dll" id="b1a38c9c-e65d-39f9-0583-284794d50406">
      <Execution id="6eb938e7-37ed-4464-a7b3-aad61ded1e9d" />
      <TestMethod codeBase="/Users/bill/Repos/FLua/FLua.Runtime.LibraryTests/bin/Debug/net8.0/FLua.Runtime.LibraryTests.dll" adapterTypeName="executor://mstestadapter/v2" className="FLua.Runtime.LibraryTests.LuaStringLibTests" name="Pack_StringWithLength_SpecifiedSize" />
    </UnitTest>
    <UnitTest name="GetInteger_FloatValue_ThrowsException" storage="/users/bill/repos/flua/flua.runtime.librarytests/bin/debug/net8.0/flua.runtime.librarytests.dll" id="40143769-ff20-ceb9-24f7-34372f2ce35e">
      <Execution id="28821e26-9c48-4df5-9ce1-4f9fc19fed68" />
      <TestMethod codeBase="/Users/bill/Repos/FLua/FLua.Runtime.LibraryTests/bin/Debug/net8.0/FLua.Runtime.LibraryTests.dll" adapterTypeName="executor://mstestadapter/v2" className="FLua.Runtime.LibraryTests.LuaValueHelpersTests" name="GetInteger_FloatValue_ThrowsException" />
    </UnitTest>
    <UnitTest name="Pow_AnyNumberToThePowerOfZero_ReturnsOne" storage="/users/bill/repos/flua/flua.runtime.librarytests/bin/debug/net8.0/flua.runtime.librarytests.dll" id="c2318fc6-5106-8e75-97ea-6cec983c0b4a">
      <Execution id="b6b7d783-d981-42d5-b112-d7c63f747a09" />
      <TestMethod codeBase="/Users/bill/Repos/FLua/FLua.Runtime.LibraryTests/bin/Debug/net8.0/FLua.Runtime.LibraryTests.dll" adapterTypeName="executor://mstestadapter/v2" className="FLua.Runtime.LibraryTests.LuaMathLibTests" name="Pow_AnyNumberToThePowerOfZero_ReturnsOne" />
    </UnitTest>
    <UnitTest name="SetVariable_GlobalScope_CanRetrieve" storage="/users/bill/repos/flua/flua.runtime.librarytests/bin/debug/net8.0/flua.runtime.librarytests.dll" id="57c265eb-6f4f-6e64-cc22-19546a1d775a">
      <Execution id="b2d9255e-4e26-4b97-be3d-f0f7737d6a25" />
      <TestMethod codeBase="/Users/bill/Repos/FLua/FLua.Runtime.LibraryTests/bin/Debug/net8.0/FLua.Runtime.LibraryTests.dll" adapterTypeName="executor://mstestadapter/v2" className="FLua.Runtime.LibraryTests.LuaEnvironmentTests" name="SetVariable_GlobalScope_CanRetrieve" />
    </UnitTest>
    <UnitTest name="TypeConversion_NumberRoundTrip_MaintainsValue" storage="/users/bill/repos/flua/flua.runtime.librarytests/bin/debug/net8.0/flua.runtime.librarytests.dll" id="8c888541-83a4-9bc7-1641-1c8a20e561de">
      <Execution id="f82c5e29-a754-43bc-8904-3b67ea2a0f7d" />
      <TestMethod codeBase="/Users/bill/Repos/FLua/FLua.Runtime.LibraryTests/bin/Debug/net8.0/FLua.Runtime.LibraryTests.dll" adapterTypeName="executor://mstestadapter/v2" className="FLua.Runtime.LibraryTests.LuaTypeConversionTests" name="TypeConversion_NumberRoundTrip_MaintainsValue" />
    </UnitTest>
    <UnitTest name="Equals_SameIntegerValues_ReturnsTrue" storage="/users/bill/repos/flua/flua.runtime.librarytests/bin/debug/net8.0/flua.runtime.librarytests.dll" id="3cd9abb0-8f7b-9e19-3dca-8803acc63b4d">
      <Execution id="c1954327-8bc9-4f20-be9f-c96a6dd56c34" />
      <TestMethod codeBase="/Users/bill/Repos/FLua/FLua.Runtime.LibraryTests/bin/Debug/net8.0/FLua.Runtime.LibraryTests.dll" adapterTypeName="executor://mstestadapter/v2" className="FLua.Runtime.LibraryTests.LuaValueTests" name="Equals_SameIntegerValues_ReturnsTrue" />
    </UnitTest>
    <UnitTest name="GetNumber_NegativeNumber_ReturnsCorrectValue" storage="/users/bill/repos/flua/flua.runtime.librarytests/bin/debug/net8.0/flua.runtime.librarytests.dll" id="730bb781-0b75-c6e2-e3ef-0b70b99fc8d3">
      <Execution id="c8bb1fe9-2201-440d-8542-cd6c251c2c4d" />
      <TestMethod codeBase="/Users/bill/Repos/FLua/FLua.Runtime.LibraryTests/bin/Debug/net8.0/FLua.Runtime.LibraryTests.dll" adapterTypeName="executor://mstestadapter/v2" className="FLua.Runtime.LibraryTests.LuaValueHelpersTests" name="GetNumber_NegativeNumber_ReturnsCorrectValue" />
    </UnitTest>
    <UnitTest name="SetLocale_NoArguments_ReturnsCurrentLocale" storage="/users/bill/repos/flua/flua.runtime.librarytests/bin/debug/net8.0/flua.runtime.librarytests.dll" id="4b5a73e9-cab1-5370-0e7f-190c57a4b5c3">
      <Execution id="202b0b19-53e5-4553-9660-5a302f47c744" />
      <TestMethod codeBase="/Users/bill/Repos/FLua/FLua.Runtime.LibraryTests/bin/Debug/net8.0/FLua.Runtime.LibraryTests.dll" adapterTypeName="executor://mstestadapter/v2" className="FLua.Runtime.LibraryTests.LuaOSLibTests" name="SetLocale_NoArguments_ReturnsCurrentLocale" />
    </UnitTest>
    <UnitTest name="CharPattern_IsAvailable" storage="/users/bill/repos/flua/flua.runtime.librarytests/bin/debug/net8.0/flua.runtime.librarytests.dll" id="d74c40de-e568-1f3e-371d-ca78fc5ef994">
      <Execution id="eb4f361d-6605-495c-8daa-62a701a71772" />
      <TestMethod codeBase="/Users/bill/Repos/FLua/FLua.Runtime.LibraryTests/bin/Debug/net8.0/FLua.Runtime.LibraryTests.dll" adapterTypeName="executor://mstestadapter/v2" className="FLua.Runtime.LibraryTests.LuaUTF8LibTests" name="CharPattern_IsAvailable" />
    </UnitTest>
    <UnitTest name="Byte_MultipleCharacters_ReturnsMultipleValues" storage="/users/bill/repos/flua/flua.runtime.librarytests/bin/debug/net8.0/flua.runtime.librarytests.dll" id="0d7b1475-87d6-6f89-09c7-883523fe257e">
      <Execution id="48b290f8-3bca-4825-aa88-944d6cae35a6" />
      <TestMethod codeBase="/Users/bill/Repos/FLua/FLua.Runtime.LibraryTests/bin/Debug/net8.0/FLua.Runtime.LibraryTests.dll" adapterTypeName="executor://mstestadapter/v2" className="FLua.Runtime.LibraryTests.LuaStringLibTests" name="Byte_MultipleCharacters_ReturnsMultipleValues" />
    </UnitTest>
    <UnitTest name="CreateNumber_NegativeDouble_ReturnsCorrectFloat" storage="/users/bill/repos/flua/flua.runtime.librarytests/bin/debug/net8.0/flua.runtime.librarytests.dll" id="5c9daec0-82d1-a930-ebc4-f5a522998bf9">
      <Execution id="e0590e79-df7f-4757-a913-3561b1eb7488" />
      <TestMethod codeBase="/Users/bill/Repos/FLua/FLua.Runtime.LibraryTests/bin/Debug/net8.0/FLua.Runtime.LibraryTests.dll" adapterTypeName="executor://mstestadapter/v2" className="FLua.Runtime.LibraryTests.LuaValueHelpersTests" name="CreateNumber_NegativeDouble_ReturnsCorrectFloat" />
    </UnitTest>
    <UnitTest name="Offset_NonIntegerOffset_ThrowsException" storage="/users/bill/repos/flua/flua.runtime.librarytests/bin/debug/net8.0/flua.runtime.librarytests.dll" id="3549a63c-f3bb-0bf5-9803-5ce3032e3912">
      <Execution id="b042aadf-bd69-4a53-82e4-16baf54d9806" />
      <TestMethod codeBase="/Users/bill/Repos/FLua/FLua.Runtime.LibraryTests/bin/Debug/net8.0/FLua.Runtime.LibraryTests.dll" adapterTypeName="executor://mstestadapter/v2" className="FLua.Runtime.LibraryTests.LuaUTF8LibTests" name="Offset_NonIntegerOffset_ThrowsException" />
    </UnitTest>
    <UnitTest name="Upper_NumbersAndSymbols_UnchangedExceptLetters" storage="/users/bill/repos/flua/flua.runtime.librarytests/bin/debug/net8.0/flua.runtime.librarytests.dll" id="bf17b87c-01a5-a0d1-ddda-1055022da487">
      <Execution id="b8dfe3fc-c144-407e-8989-92fd92a6f84e" />
      <TestMethod codeBase="/Users/bill/Repos/FLua/FLua.Runtime.LibraryTests/bin/Debug/net8.0/FLua.Runtime.LibraryTests.dll" adapterTypeName="executor://mstestadapter/v2" className="FLua.Runtime.LibraryTests.LuaStringLibTests" name="Upper_NumbersAndSymbols_UnchangedExceptLetters" />
    </UnitTest>
    <UnitTest name="Find_MinusQuantifier_MatchesNonGreedy" storage="/users/bill/repos/flua/flua.runtime.librarytests/bin/debug/net8.0/flua.runtime.librarytests.dll" id="4e65ecd1-811d-e85b-e491-b23053ef27c3">
      <Execution id="0d471fb0-3395-4a00-b408-c5d78e4d8184" />
      <TestMethod codeBase="/Users/bill/Repos/FLua/FLua.Runtime.LibraryTests/bin/Debug/net8.0/FLua.Runtime.LibraryTests.dll" adapterTypeName="executor://mstestadapter/v2" className="FLua.Runtime.LibraryTests.LuaStringLibTests" name="Find_MinusQuantifier_MatchesNonGreedy" />
    </UnitTest>
    <UnitTest name="Format_OctalFormatting_WorksCorrectly" storage="/users/bill/repos/flua/flua.runtime.librarytests/bin/debug/net8.0/flua.runtime.librarytests.dll" id="5dbdb775-78b1-be55-4c75-a0fbc63969c3">
      <Execution id="8b4e8d5a-c6a1-44af-8ea7-9e79ef7c3894" />
      <TestMethod codeBase="/Users/bill/Repos/FLua/FLua.Runtime.LibraryTests/bin/Debug/net8.0/FLua.Runtime.LibraryTests.dll" adapterTypeName="executor://mstestadapter/v2" className="FLua.Runtime.LibraryTests.LuaStringLibTests" name="Format_OctalFormatting_WorksCorrectly" />
    </UnitTest>
    <UnitTest name="TryGetInteger_IntegerValue_ReturnsTrue" storage="/users/bill/repos/flua/flua.runtime.librarytests/bin/debug/net8.0/flua.runtime.librarytests.dll" id="216ea651-5930-4d04-4c8e-010ba90c82f5">
      <Execution id="fe105996-f8ce-40d6-8e93-c9b32b5c45ca" />
      <TestMethod codeBase="/Users/bill/Repos/FLua/FLua.Runtime.LibraryTests/bin/Debug/net8.0/FLua.Runtime.LibraryTests.dll" adapterTypeName="executor://mstestadapter/v2" className="FLua.Runtime.LibraryTests.LuaValueTests" name="TryGetInteger_IntegerValue_ReturnsTrue" />
    </UnitTest>
    <UnitTest name="Lines_NonExistentFile_ThrowsException" storage="/users/bill/repos/flua/flua.runtime.librarytests/bin/debug/net8.0/flua.runtime.librarytests.dll" id="4b863a5a-2f8f-6229-cf63-cd337141124e">
      <Execution id="dc8e3c16-3d41-43d2-9cdf-fd154b074168" />
      <TestMethod codeBase="/Users/bill/Repos/FLua/FLua.Runtime.LibraryTests/bin/Debug/net8.0/FLua.Runtime.LibraryTests.dll" adapterTypeName="executor://mstestadapter/v2" className="FLua.Runtime.LibraryTests.LuaIOLibTests" name="Lines_NonExistentFile_ThrowsException" />
    </UnitTest>
    <UnitTest name="Match_NoMatch_ReturnsNil" storage="/users/bill/repos/flua/flua.runtime.librarytests/bin/debug/net8.0/flua.runtime.librarytests.dll" id="e6946507-55d5-384d-c1bf-e4e92ffa4462">
      <Execution id="dd61ef13-fbba-462c-944b-96e900046a7f" />
      <TestMethod codeBase="/Users/bill/Repos/FLua/FLua.Runtime.LibraryTests/bin/Debug/net8.0/FLua.Runtime.LibraryTests.dll" adapterTypeName="executor://mstestadapter/v2" className="FLua.Runtime.LibraryTests.LuaStringLibTests" name="Match_NoMatch_ReturnsNil" />
    </UnitTest>
    <UnitTest name="Reverse_NormalString_ReturnsReversed" storage="/users/bill/repos/flua/flua.runtime.librarytests/bin/debug/net8.0/flua.runtime.librarytests.dll" id="cfe3c6cb-f9cb-e7fb-76df-ae6bb4558124">
      <Execution id="d71cd1dc-c9e4-49d6-b8dc-a23c2ac541a4" />
      <TestMethod codeBase="/Users/bill/Repos/FLua/FLua.Runtime.LibraryTests/bin/Debug/net8.0/FLua.Runtime.LibraryTests.dll" adapterTypeName="executor://mstestadapter/v2" className="FLua.Runtime.LibraryTests.LuaStringLibTests" name="Reverse_NormalString_ReturnsReversed" />
    </UnitTest>
    <UnitTest name="Float_Zero_ReturnsCorrectValue" storage="/users/bill/repos/flua/flua.runtime.librarytests/bin/debug/net8.0/flua.runtime.librarytests.dll" id="ce1b4c45-e339-a35b-7326-51d2826fbeb5">
      <Execution id="b00ac76c-e57c-4950-9305-be57a3d9fa81" />
      <TestMethod codeBase="/Users/bill/Repos/FLua/FLua.Runtime.LibraryTests/bin/Debug/net8.0/FLua.Runtime.LibraryTests.dll" adapterTypeName="executor://mstestadapter/v2" className="FLua.Runtime.LibraryTests.LuaValueTests" name="Float_Zero_ReturnsCorrectValue" />
    </UnitTest>
    <UnitTest name="PackSize_ValidFormat_ReturnsSize" storage="/users/bill/repos/flua/flua.runtime.librarytests/bin/debug/net8.0/flua.runtime.librarytests.dll" id="16196e7e-8c1d-a121-8e50-bc789f45bf42">
      <Execution id="4465cc42-8055-4feb-8dbd-78dda98eb5ca" />
      <TestMethod codeBase="/Users/bill/Repos/FLua/FLua.Runtime.LibraryTests/bin/Debug/net8.0/FLua.Runtime.LibraryTests.dll" adapterTypeName="executor://mstestadapter/v2" className="FLua.Runtime.LibraryTests.LuaStringLibTests" name="PackSize_ValidFormat_ReturnsSize" />
    </UnitTest>
    <UnitTest name="Len_UnicodeString_ReturnsCorrectCount" storage="/users/bill/repos/flua/flua.runtime.librarytests/bin/debug/net8.0/flua.runtime.librarytests.dll" id="16e939ca-b9af-a2dd-b850-cb16dfe77ac1">
      <Execution id="c3055ff1-c3ee-4b03-b3eb-850062b9be38" />
      <TestMethod codeBase="/Users/bill/Repos/FLua/FLua.Runtime.LibraryTests/bin/Debug/net8.0/FLua.Runtime.LibraryTests.dll" adapterTypeName="executor://mstestadapter/v2" className="FLua.Runtime.LibraryTests.LuaUTF8LibTests" name="Len_UnicodeString_ReturnsCorrectCount" />
    </UnitTest>
    <UnitTest name="Divide_IntegerInteger_ReturnsFloatQuotient" storage="/users/bill/repos/flua/flua.runtime.librarytests/bin/debug/net8.0/flua.runtime.librarytests.dll" id="9f9de1f0-fe21-a713-852c-588c6f9080dc">
      <Execution id="b91b3f47-b3a6-4ed9-b215-5478f1dedcb9" />
      <TestMethod codeBase="/Users/bill/Repos/FLua/FLua.Runtime.LibraryTests/bin/Debug/net8.0/FLua.Runtime.LibraryTests.dll" adapterTypeName="executor://mstestadapter/v2" className="FLua.Runtime.LibraryTests.LuaValueTests" name="Divide_IntegerInteger_ReturnsFloatQuotient" />
    </UnitTest>
    <UnitTest name="Find_AnchoredQuantifierPattern_CombinesFeatures" storage="/users/bill/repos/flua/flua.runtime.librarytests/bin/debug/net8.0/flua.runtime.librarytests.dll" id="1e79e19d-9838-d7b5-fae7-4255c8f85c46">
      <Execution id="dd3f4884-a226-4772-a233-894936cb1f52" />
      <TestMethod codeBase="/Users/bill/Repos/FLua/FLua.Runtime.LibraryTests/bin/Debug/net8.0/FLua.Runtime.LibraryTests.dll" adapterTypeName="executor://mstestadapter/v2" className="FLua.Runtime.LibraryTests.LuaStringLibTests" name="Find_AnchoredQuantifierPattern_CombinesFeatures" />
    </UnitTest>
    <UnitTest name="Release_CalledOnValues_DoesNotThrow" storage="/users/bill/repos/flua/flua.runtime.librarytests/bin/debug/net8.0/flua.runtime.librarytests.dll" id="b1a93aa2-0e75-ec18-726f-2623a7ba282b">
      <Execution id="82acdff1-bc8b-43c3-9e21-88aefb9def90" />
      <TestMethod codeBase="/Users/bill/Repos/FLua/FLua.Runtime.LibraryTests/bin/Debug/net8.0/FLua.Runtime.LibraryTests.dll" adapterTypeName="executor://mstestadapter/v2" className="FLua.Runtime.LibraryTests.LuaValueTests" name="Release_CalledOnValues_DoesNotThrow" />
    </UnitTest>
    <UnitTest name="Pack_UnsignedLong_WorksCorrectly" storage="/users/bill/repos/flua/flua.runtime.librarytests/bin/debug/net8.0/flua.runtime.librarytests.dll" id="84f1d4b1-bb44-6663-b053-ada892b94f8c">
      <Execution id="c2bbaefd-405f-4fd3-8c18-d5d3bdee37a1" />
      <TestMethod codeBase="/Users/bill/Repos/FLua/FLua.Runtime.LibraryTests/bin/Debug/net8.0/FLua.Runtime.LibraryTests.dll" adapterTypeName="executor://mstestadapter/v2" className="FLua.Runtime.LibraryTests.LuaStringLibTests" name="Pack_UnsignedLong_WorksCorrectly" />
    </UnitTest>
    <UnitTest name="Max_NoArguments_ThrowsException" storage="/users/bill/repos/flua/flua.runtime.librarytests/bin/debug/net8.0/flua.runtime.librarytests.dll" id="2b109f4d-545f-71f7-985e-4200fa15d786">
      <Execution id="4cfbde51-2ae7-45ba-adf1-7bcccb0a13b3" />
      <TestMethod codeBase="/Users/bill/Repos/FLua/FLua.Runtime.LibraryTests/bin/Debug/net8.0/FLua.Runtime.LibraryTests.dll" adapterTypeName="executor://mstestadapter/v2" className="FLua.Runtime.LibraryTests.LuaMathLibTests" name="Max_NoArguments_ThrowsException" />
    </UnitTest>
    <UnitTest name="Codes_VeryLongString_IteratesCorrectly" storage="/users/bill/repos/flua/flua.runtime.librarytests/bin/debug/net8.0/flua.runtime.librarytests.dll" id="9186ebd9-ad74-9a93-7846-3306a04539b9">
      <Execution id="8603bc5c-a0f8-413b-8d42-caee47aeda38" />
      <TestMethod codeBase="/Users/bill/Repos/FLua/FLua.Runtime.LibraryTests/bin/Debug/net8.0/FLua.Runtime.LibraryTests.dll" adapterTypeName="executor://mstestadapter/v2" className="FLua.Runtime.LibraryTests.LuaUTF8LibTests" name="Codes_VeryLongString_IteratesCorrectly" />
    </UnitTest>
    <UnitTest name="Find_NegativePositionBoundary_WorksFromEnd" storage="/users/bill/repos/flua/flua.runtime.librarytests/bin/debug/net8.0/flua.runtime.librarytests.dll" id="f8b35697-a784-9611-59fe-4de3db35410f">
      <Execution id="7fb039db-9493-4345-9f80-d4841338b453" />
      <TestMethod codeBase="/Users/bill/Repos/FLua/FLua.Runtime.LibraryTests/bin/Debug/net8.0/FLua.Runtime.LibraryTests.dll" adapterTypeName="executor://mstestadapter/v2" className="FLua.Runtime.LibraryTests.LuaStringLibTests" name="Find_NegativePositionBoundary_WorksFromEnd" />
    </UnitTest>
    <UnitTest name="Concat_SingleElement_ReturnsElement" storage="/users/bill/repos/flua/flua.runtime.librarytests/bin/debug/net8.0/flua.runtime.librarytests.dll" id="6c91472b-2bee-42f0-be91-5560cb8ef8bd">
      <Execution id="b58b7fb0-55db-4ff1-81f5-deadf3be70f4" />
      <TestMethod codeBase="/Users/bill/Repos/FLua/FLua.Runtime.LibraryTests/bin/Debug/net8.0/FLua.Runtime.LibraryTests.dll" adapterTypeName="executor://mstestadapter/v2" className="FLua.Runtime.LibraryTests.LuaTableLibTests" name="Concat_SingleElement_ReturnsElement" />
    </UnitTest>
    <UnitTest name="Pack_FixedString_Truncation" storage="/users/bill/repos/flua/flua.runtime.librarytests/bin/debug/net8.0/flua.runtime.librarytests.dll" id="7e5098ca-337c-500f-febe-1538d90cbf3b">
      <Execution id="27aed5a4-d2df-4e95-a17c-edcccdb9f6d8" />
      <TestMethod codeBase="/Users/bill/Repos/FLua/FLua.Runtime.LibraryTests/bin/Debug/net8.0/FLua.Runtime.LibraryTests.dll" adapterTypeName="executor://mstestadapter/v2" className="FLua.Runtime.LibraryTests.LuaStringLibTests" name="Pack_FixedString_Truncation" />
    </UnitTest>
    <UnitTest name="ToNumber_IntegerString_ReturnsCorrectNumber" storage="/users/bill/repos/flua/flua.runtime.librarytests/bin/debug/net8.0/flua.runtime.librarytests.dll" id="17386706-45ae-d62e-68a0-1c2563136f66">
      <Execution id="b7b27bf5-be88-4e10-a4d7-edd7397f61a3" />
      <TestMethod codeBase="/Users/bill/Repos/FLua/FLua.Runtime.LibraryTests/bin/Debug/net8.0/FLua.Runtime.LibraryTests.dll" adapterTypeName="executor://mstestadapter/v2" className="FLua.Runtime.LibraryTests.LuaTypeConversionTests" name="ToNumber_IntegerString_ReturnsCorrectNumber" />
    </UnitTest>
    <UnitTest name="FileHandle_Read_NumericCount" storage="/users/bill/repos/flua/flua.runtime.librarytests/bin/debug/net8.0/flua.runtime.librarytests.dll" id="161cb7a5-dc79-fdb3-9773-7bfe9f340b13">
      <Execution id="7cd1589f-c3d7-4b17-9ae4-808e590869f4" />
      <TestMethod codeBase="/Users/bill/Repos/FLua/FLua.Runtime.LibraryTests/bin/Debug/net8.0/FLua.Runtime.LibraryTests.dll" adapterTypeName="executor://mstestadapter/v2" className="FLua.Runtime.LibraryTests.LuaIOLibTests" name="FileHandle_Read_NumericCount" />
    </UnitTest>
    <UnitTest name="Max_NonNumericSecondArgument_ThrowsException" storage="/users/bill/repos/flua/flua.runtime.librarytests/bin/debug/net8.0/flua.runtime.librarytests.dll" id="9ad6a220-54a1-bc36-db9e-30965a41d307">
      <Execution id="6bd5fd55-7112-42e2-b53c-d2734228e0d1" />
      <TestMethod codeBase="/Users/bill/Repos/FLua/FLua.Runtime.LibraryTests/bin/Debug/net8.0/FLua.Runtime.LibraryTests.dll" adapterTypeName="executor://mstestadapter/v2" className="FLua.Runtime.LibraryTests.LuaMathLibTests" name="Max_NonNumericSecondArgument_ThrowsException" />
    </UnitTest>
    <UnitTest name="SetVariable_DifferentTypes_AllSupported" storage="/users/bill/repos/flua/flua.runtime.librarytests/bin/debug/net8.0/flua.runtime.librarytests.dll" id="1aef1e14-ab3d-a461-ee80-f27b864ed7cf">
      <Execution id="8d0d958f-2550-412e-bbfd-4e11d5f4c99c" />
      <TestMethod codeBase="/Users/bill/Repos/FLua/FLua.Runtime.LibraryTests/bin/Debug/net8.0/FLua.Runtime.LibraryTests.dll" adapterTypeName="executor://mstestadapter/v2" className="FLua.Runtime.LibraryTests.LuaEnvironmentTests" name="SetVariable_DifferentTypes_AllSupported" />
    </UnitTest>
    <UnitTest name="Remove_ExistingFile_ReturnsTrue" storage="/users/bill/repos/flua/flua.runtime.librarytests/bin/debug/net8.0/flua.runtime.librarytests.dll" id="f477e06b-3d5f-bee0-38bd-bff285d6fa2d">
      <Execution id="31d8fa3b-6ac0-480a-8e65-d6af4c58e3e3" />
      <TestMethod codeBase="/Users/bill/Repos/FLua/FLua.Runtime.LibraryTests/bin/Debug/net8.0/FLua.Runtime.LibraryTests.dll" adapterTypeName="executor://mstestadapter/v2" className="FLua.Runtime.LibraryTests.LuaOSLibTests" name="Remove_ExistingFile_ReturnsTrue" />
    </UnitTest>
    <UnitTest name="ChildEnvironment_InheritsParentVariables" storage="/users/bill/repos/flua/flua.runtime.librarytests/bin/debug/net8.0/flua.runtime.librarytests.dll" id="bd2408c3-bdd8-f993-5a45-170a97533f91">
      <Execution id="a3068db8-dc91-48bd-9068-2a8e23357880" />
      <TestMethod codeBase="/Users/bill/Repos/FLua/FLua.Runtime.LibraryTests/bin/Debug/net8.0/FLua.Runtime.LibraryTests.dll" adapterTypeName="executor://mstestadapter/v2" className="FLua.Runtime.LibraryTests.LuaEnvironmentTests" name="ChildEnvironment_InheritsParentVariables" />
    </UnitTest>
    <UnitTest name="Boolean_True_ReturnsCorrectValue" storage="/users/bill/repos/flua/flua.runtime.librarytests/bin/debug/net8.0/flua.runtime.librarytests.dll" id="adbefa0c-7967-f778-545f-1fa2bfdb9eb8">
      <Execution id="6a7711c9-3ef0-41b0-9f63-fb152ce57b0c" />
      <TestMethod codeBase="/Users/bill/Repos/FLua/FLua.Runtime.LibraryTests/bin/Debug/net8.0/FLua.Runtime.LibraryTests.dll" adapterTypeName="executor://mstestadapter/v2" className="FLua.Runtime.LibraryTests.LuaValueTests" name="Boolean_True_ReturnsCorrectValue" />
    </UnitTest>
    <UnitTest name="CodePoint_WithRange_ReturnsRange" storage="/users/bill/repos/flua/flua.runtime.librarytests/bin/debug/net8.0/flua.runtime.librarytests.dll" id="f45f745f-8400-5cce-fd41-0bd4f97bd45c">
      <Execution id="f882dfb8-7ede-4227-b4a3-6dfbf07037c3" />
      <TestMethod codeBase="/Users/bill/Repos/FLua/FLua.Runtime.LibraryTests/bin/Debug/net8.0/FLua.Runtime.LibraryTests.dll" adapterTypeName="executor://mstestadapter/v2" className="FLua.Runtime.LibraryTests.LuaUTF8LibTests" name="CodePoint_WithRange_ReturnsRange" />
    </UnitTest>
    <UnitTest name="Concat_NonTable_ThrowsException" storage="/users/bill/repos/flua/flua.runtime.librarytests/bin/debug/net8.0/flua.runtime.librarytests.dll" id="ef4bfb85-1bf8-c28e-ab05-376804b161f2">
      <Execution id="ad07534d-20be-41d3-920a-13dd2a43da63" />
      <TestMethod codeBase="/Users/bill/Repos/FLua/FLua.Runtime.LibraryTests/bin/Debug/net8.0/FLua.Runtime.LibraryTests.dll" adapterTypeName="executor://mstestadapter/v2" className="FLua.Runtime.LibraryTests.LuaTableLibTests" name="Concat_NonTable_ThrowsException" />
    </UnitTest>
    <UnitTest name="CreateNumber_MinLong_ReturnsMinInteger" storage="/users/bill/repos/flua/flua.runtime.librarytests/bin/debug/net8.0/flua.runtime.librarytests.dll" id="3d90cd3d-ee12-6e09-21a9-d0a8acdd81f8">
      <Execution id="07e96326-528b-44a1-8e67-d5588cd7dfa0" />
      <TestMethod codeBase="/Users/bill/Repos/FLua/FLua.Runtime.LibraryTests/bin/Debug/net8.0/FLua.Runtime.LibraryTests.dll" adapterTypeName="executor://mstestadapter/v2" className="FLua.Runtime.LibraryTests.LuaValueHelpersTests" name="CreateNumber_MinLong_ReturnsMinInteger" />
    </UnitTest>
    <UnitTest name="Lower_MixedCaseString_ReturnsLowercase" storage="/users/bill/repos/flua/flua.runtime.librarytests/bin/debug/net8.0/flua.runtime.librarytests.dll" id="39aacc35-e4dd-8316-f7f7-c8dc0df088dd">
      <Execution id="f34580f7-a340-4892-b039-40f9cc7986e6" />
      <TestMethod codeBase="/Users/bill/Repos/FLua/FLua.Runtime.LibraryTests/bin/Debug/net8.0/FLua.Runtime.LibraryTests.dll" adapterTypeName="executor://mstestadapter/v2" className="FLua.Runtime.LibraryTests.LuaStringLibTests" name="Lower_MixedCaseString_ReturnsLowercase" />
    </UnitTest>
    <UnitTest name="ToString_FloatValue_ReturnsStringRepresentation" storage="/users/bill/repos/flua/flua.runtime.librarytests/bin/debug/net8.0/flua.runtime.librarytests.dll" id="255ed03d-88d1-ac23-e858-9c4051807dc7">
      <Execution id="d1851e32-0b04-4841-903a-c0186475f307" />
      <TestMethod codeBase="/Users/bill/Repos/FLua/FLua.Runtime.LibraryTests/bin/Debug/net8.0/FLua.Runtime.LibraryTests.dll" adapterTypeName="executor://mstestadapter/v2" className="FLua.Runtime.LibraryTests.LuaTypeConversionTests" name="ToString_FloatValue_ReturnsStringRepresentation" />
    </UnitTest>
    <UnitTest name="ToConcatString_FloatValue_ReturnsStringRepresentation" storage="/users/bill/repos/flua/flua.runtime.librarytests/bin/debug/net8.0/flua.runtime.librarytests.dll" id="cad49189-1373-0c24-63ff-b25bdfaa3818">
      <Execution id="2ae3fc80-21c5-4b67-8e32-3f6d37f8e8d2" />
      <TestMethod codeBase="/Users/bill/Repos/FLua/FLua.Runtime.LibraryTests/bin/Debug/net8.0/FLua.Runtime.LibraryTests.dll" adapterTypeName="executor://mstestadapter/v2" className="FLua.Runtime.LibraryTests.LuaTypeConversionTests" name="ToConcatString_FloatValue_ReturnsStringRepresentation" />
    </UnitTest>
    <UnitTest name="Abs_PositiveInteger_ReturnsPositive" storage="/users/bill/repos/flua/flua.runtime.librarytests/bin/debug/net8.0/flua.runtime.librarytests.dll" id="d02f5bba-c8de-e57f-ea30-ea01e97a5b43">
      <Execution id="acbe86a6-9489-4c79-b930-0dfdfbc405f8" />
      <TestMethod codeBase="/Users/bill/Repos/FLua/FLua.Runtime.LibraryTests/bin/Debug/net8.0/FLua.Runtime.LibraryTests.dll" adapterTypeName="executor://mstestadapter/v2" className="FLua.Runtime.LibraryTests.LuaMathLibTests" name="Abs_PositiveInteger_ReturnsPositive" />
    </UnitTest>
    <UnitTest name="Find_UnterminatedCharacterClass_TreatsLiteralBracket" storage="/users/bill/repos/flua/flua.runtime.librarytests/bin/debug/net8.0/flua.runtime.librarytests.dll" id="d1109ccc-a242-cc78-d211-86880289e44e">
      <Execution id="9bd8c62d-e343-4775-88f1-2e2f6347710c" />
      <TestMethod codeBase="/Users/bill/Repos/FLua/FLua.Runtime.LibraryTests/bin/Debug/net8.0/FLua.Runtime.LibraryTests.dll" adapterTypeName="executor://mstestadapter/v2" className="FLua.Runtime.LibraryTests.LuaStringLibTests" name="Find_UnterminatedCharacterClass_TreatsLiteralBracket" />
    </UnitTest>
    <UnitTest name="Cos_PiOver2_ReturnsZero" storage="/users/bill/repos/flua/flua.runtime.librarytests/bin/debug/net8.0/flua.runtime.librarytests.dll" id="bf6984f3-23f5-96b6-ec6d-970fa211de8c">
      <Execution id="5e0cba7d-38fa-4960-b6c9-51882671ef26" />
      <TestMethod codeBase="/Users/bill/Repos/FLua/FLua.Runtime.LibraryTests/bin/Debug/net8.0/FLua.Runtime.LibraryTests.dll" adapterTypeName="executor://mstestadapter/v2" className="FLua.Runtime.LibraryTests.LuaMathLibTests" name="Cos_PiOver2_ReturnsZero" />
    </UnitTest>
    <UnitTest name="Float_NegativeInfinity_ReturnsCorrectValue" storage="/users/bill/repos/flua/flua.runtime.librarytests/bin/debug/net8.0/flua.runtime.librarytests.dll" id="fe09da01-1fdc-84de-24ce-f3ff05ac9669">
      <Execution id="c43097c6-1395-46cd-9559-75b6d1c81fb8" />
      <TestMethod codeBase="/Users/bill/Repos/FLua/FLua.Runtime.LibraryTests/bin/Debug/net8.0/FLua.Runtime.LibraryTests.dll" adapterTypeName="executor://mstestadapter/v2" className="FLua.Runtime.LibraryTests.LuaValueTests" name="Float_NegativeInfinity_ReturnsCorrectValue" />
    </UnitTest>
    <UnitTest name="ToBoolean_NilValue_ReturnsFalse" storage="/users/bill/repos/flua/flua.runtime.librarytests/bin/debug/net8.0/flua.runtime.librarytests.dll" id="a6a84474-a7e5-fd38-f41a-bd1ab5de1d1c">
      <Execution id="48cf5dca-8979-47cd-bd5c-b2569dd95d82" />
      <TestMethod codeBase="/Users/bill/Repos/FLua/FLua.Runtime.LibraryTests/bin/Debug/net8.0/FLua.Runtime.LibraryTests.dll" adapterTypeName="executor://mstestadapter/v2" className="FLua.Runtime.LibraryTests.LuaTypeConversionTests" name="ToBoolean_NilValue_ReturnsFalse" />
    </UnitTest>
    <UnitTest name="TryToNumber_StringWithWhitespace_ReturnsNumber" storage="/users/bill/repos/flua/flua.runtime.librarytests/bin/debug/net8.0/flua.runtime.librarytests.dll" id="3b7ba422-b9d0-2025-80df-e1fbf4f7c10c">
      <Execution id="3a6ceb28-38ff-4c40-9155-8217168c40cd" />
      <TestMethod codeBase="/Users/bill/Repos/FLua/FLua.Runtime.LibraryTests/bin/Debug/net8.0/FLua.Runtime.LibraryTests.dll" adapterTypeName="executor://mstestadapter/v2" className="FLua.Runtime.LibraryTests.LuaValueTests" name="TryToNumber_StringWithWhitespace_ReturnsNumber" />
    </UnitTest>
    <UnitTest name="Find_EscapeSequences_MatchesSpecialCharacters" storage="/users/bill/repos/flua/flua.runtime.librarytests/bin/debug/net8.0/flua.runtime.librarytests.dll" id="2446aa42-9f87-998d-b9e3-20d1c568d1b1">
      <Execution id="6e587033-c785-4ae8-b47a-bcb8d434be94" />
      <TestMethod codeBase="/Users/bill/Repos/FLua/FLua.Runtime.LibraryTests/bin/Debug/net8.0/FLua.Runtime.LibraryTests.dll" adapterTypeName="executor://mstestadapter/v2" className="FLua.Runtime.LibraryTests.LuaStringLibTests" name="Find_EscapeSequences_MatchesSpecialCharacters" />
    </UnitTest>
    <UnitTest name="Pack_MultipleArguments_PacksAll" storage="/users/bill/repos/flua/flua.runtime.librarytests/bin/debug/net8.0/flua.runtime.librarytests.dll" id="9238f544-c615-304b-16e5-15a92d1d94ec">
      <Execution id="477e396c-f091-460a-bcf8-87e335e7f7ad" />
      <TestMethod codeBase="/Users/bill/Repos/FLua/FLua.Runtime.LibraryTests/bin/Debug/net8.0/FLua.Runtime.LibraryTests.dll" adapterTypeName="executor://mstestadapter/v2" className="FLua.Runtime.LibraryTests.LuaTableLibTests" name="Pack_MultipleArguments_PacksAll" />
    </UnitTest>
    <UnitTest name="GetEnv_NoArguments_ThrowsException" storage="/users/bill/repos/flua/flua.runtime.librarytests/bin/debug/net8.0/flua.runtime.librarytests.dll" id="0f318cf0-c0ca-3783-f134-b14f246fed88">
      <Execution id="41ca8c95-b723-4592-a9f7-2e911012ccbf" />
      <TestMethod codeBase="/Users/bill/Repos/FLua/FLua.Runtime.LibraryTests/bin/Debug/net8.0/FLua.Runtime.LibraryTests.dll" adapterTypeName="executor://mstestadapter/v2" className="FLua.Runtime.LibraryTests.LuaOSLibTests" name="GetEnv_NoArguments_ThrowsException" />
    </UnitTest>
    <UnitTest name="Sub_ValidRange_ReturnsSubstring" storage="/users/bill/repos/flua/flua.runtime.librarytests/bin/debug/net8.0/flua.runtime.librarytests.dll" id="d2412a1a-4841-40cf-9656-805a3328669f">
      <Execution id="58578089-df2b-46b1-968f-7a48eb7d336c" />
      <TestMethod codeBase="/Users/bill/Repos/FLua/FLua.Runtime.LibraryTests/bin/Debug/net8.0/FLua.Runtime.LibraryTests.dll" adapterTypeName="executor://mstestadapter/v2" className="FLua.Runtime.LibraryTests.LuaStringLibTests" name="Sub_ValidRange_ReturnsSubstring" />
    </UnitTest>
    <UnitTest name="Unpack_WithPosition_StartsAtCorrectOffset" storage="/users/bill/repos/flua/flua.runtime.librarytests/bin/debug/net8.0/flua.runtime.librarytests.dll" id="a8611396-3b36-50d1-03e4-055ad4e763e2">
      <Execution id="0d3dfca5-8113-4a01-bef9-e1f20141e2b9" />
      <TestMethod codeBase="/Users/bill/Repos/FLua/FLua.Runtime.LibraryTests/bin/Debug/net8.0/FLua.Runtime.LibraryTests.dll" adapterTypeName="executor://mstestadapter/v2" className="FLua.Runtime.LibraryTests.LuaStringLibTests" name="Unpack_WithPosition_StartsAtCorrectOffset" />
    </UnitTest>
    <UnitTest name="Floor_Zero_ReturnsZero" storage="/users/bill/repos/flua/flua.runtime.librarytests/bin/debug/net8.0/flua.runtime.librarytests.dll" id="e734a4fb-980b-5ed5-5ba2-483d1649dae6">
      <Execution id="c42b0505-ee71-4edc-aa11-1d1b2aec9531" />
      <TestMethod codeBase="/Users/bill/Repos/FLua/FLua.Runtime.LibraryTests/bin/Debug/net8.0/FLua.Runtime.LibraryTests.dll" adapterTypeName="executor://mstestadapter/v2" className="FLua.Runtime.LibraryTests.LuaMathLibTests" name="Floor_Zero_ReturnsZero" />
    </UnitTest>
    <UnitTest name="Char_CodePointTooLarge_ThrowsException" storage="/users/bill/repos/flua/flua.runtime.librarytests/bin/debug/net8.0/flua.runtime.librarytests.dll" id="087d8f88-fcff-1c56-9396-984308af2b08">
      <Execution id="cc9ba144-1742-4dc7-a544-435aaa93a5fc" />
      <TestMethod codeBase="/Users/bill/Repos/FLua/FLua.Runtime.LibraryTests/bin/Debug/net8.0/FLua.Runtime.LibraryTests.dll" adapterTypeName="executor://mstestadapter/v2" className="FLua.Runtime.LibraryTests.LuaUTF8LibTests" name="Char_CodePointTooLarge_ThrowsException" />
    </UnitTest>
    <UnitTest name="Clock_WithArguments_IgnoresThem" storage="/users/bill/repos/flua/flua.runtime.librarytests/bin/debug/net8.0/flua.runtime.librarytests.dll" id="f207283b-9414-41e7-9954-6e5cbf42bdec">
      <Execution id="0f3330d4-5685-4b0c-b950-b98848698d73" />
      <TestMethod codeBase="/Users/bill/Repos/FLua/FLua.Runtime.LibraryTests/bin/Debug/net8.0/FLua.Runtime.LibraryTests.dll" adapterTypeName="executor://mstestadapter/v2" className="FLua.Runtime.LibraryTests.LuaOSLibTests" name="Clock_WithArguments_IgnoresThem" />
    </UnitTest>
    <UnitTest name="Len_NegativeStart_StartsFromBeginning" storage="/users/bill/repos/flua/flua.runtime.librarytests/bin/debug/net8.0/flua.runtime.librarytests.dll" id="720842e2-e1df-e534-9a77-705cc69c21aa">
      <Execution id="ba6dd5e9-8761-4b8a-842f-41b9a4509b08" />
      <TestMethod codeBase="/Users/bill/Repos/FLua/FLua.Runtime.LibraryTests/bin/Debug/net8.0/FLua.Runtime.LibraryTests.dll" adapterTypeName="executor://mstestadapter/v2" className="FLua.Runtime.LibraryTests.LuaUTF8LibTests" name="Len_NegativeStart_StartsFromBeginning" />
    </UnitTest>
    <UnitTest name="IsString_NonStringValues_ReturnsFalse" storage="/users/bill/repos/flua/flua.runtime.librarytests/bin/debug/net8.0/flua.runtime.librarytests.dll" id="9adece2e-f07c-eacf-8535-ac8dd30d5196">
      <Execution id="a2a291df-70b5-4d4e-907c-8a394faa8fa8" />
      <TestMethod codeBase="/Users/bill/Repos/FLua/FLua.Runtime.LibraryTests/bin/Debug/net8.0/FLua.Runtime.LibraryTests.dll" adapterTypeName="executor://mstestadapter/v2" className="FLua.Runtime.LibraryTests.LuaValueHelpersTests" name="IsString_NonStringValues_ReturnsFalse" />
    </UnitTest>
    <UnitTest name="Len_WithStartAndEnd_CountsRange" storage="/users/bill/repos/flua/flua.runtime.librarytests/bin/debug/net8.0/flua.runtime.librarytests.dll" id="7ed5bc42-f48f-e144-df67-ea61a8761ea2">
      <Execution id="1352b9c9-db88-41a7-92d8-43c2b8851506" />
      <TestMethod codeBase="/Users/bill/Repos/FLua/FLua.Runtime.LibraryTests/bin/Debug/net8.0/FLua.Runtime.LibraryTests.dll" adapterTypeName="executor://mstestadapter/v2" className="FLua.Runtime.LibraryTests.LuaUTF8LibTests" name="Len_WithStartAndEnd_CountsRange" />
    </UnitTest>
    <UnitTest name="Abs_NegativeFloat_ReturnsPositive" storage="/users/bill/repos/flua/flua.runtime.librarytests/bin/debug/net8.0/flua.runtime.librarytests.dll" id="3cd2c9df-7251-60fe-ac0d-70ffb25e5f5c">
      <Execution id="b64eb0f0-03f4-401a-af6f-df068bbe38e5" />
      <TestMethod codeBase="/Users/bill/Repos/FLua/FLua.Runtime.LibraryTests/bin/Debug/net8.0/FLua.Runtime.LibraryTests.dll" adapterTypeName="executor://mstestadapter/v2" className="FLua.Runtime.LibraryTests.LuaMathLibTests" name="Abs_NegativeFloat_ReturnsPositive" />
    </UnitTest>
    <UnitTest name="Sin_Pi_ReturnsZero" storage="/users/bill/repos/flua/flua.runtime.librarytests/bin/debug/net8.0/flua.runtime.librarytests.dll" id="0375210f-cc53-e565-1dd1-49c56166eb87">
      <Execution id="3b8abe08-9cf3-4d0f-a541-3084131e279e" />
      <TestMethod codeBase="/Users/bill/Repos/FLua/FLua.Runtime.LibraryTests/bin/Debug/net8.0/FLua.Runtime.LibraryTests.dll" adapterTypeName="executor://mstestadapter/v2" className="FLua.Runtime.LibraryTests.LuaMathLibTests" name="Sin_Pi_ReturnsZero" />
    </UnitTest>
    <UnitTest name="Char_NonIntegerArgument_ThrowsException" storage="/users/bill/repos/flua/flua.runtime.librarytests/bin/debug/net8.0/flua.runtime.librarytests.dll" id="9b50ae46-74c2-0e66-4e47-9cab9e38eccf">
      <Execution id="71894906-f83e-4119-b0cb-69b84e69155c" />
      <TestMethod codeBase="/Users/bill/Repos/FLua/FLua.Runtime.LibraryTests/bin/Debug/net8.0/FLua.Runtime.LibraryTests.dll" adapterTypeName="executor://mstestadapter/v2" className="FLua.Runtime.LibraryTests.LuaUTF8LibTests" name="Char_NonIntegerArgument_ThrowsException" />
    </UnitTest>
    <UnitTest name="SetVariable_OverwriteExisting_UpdatesValue" storage="/users/bill/repos/flua/flua.runtime.librarytests/bin/debug/net8.0/flua.runtime.librarytests.dll" id="e352272b-49e3-425f-a616-29ac08fa22e8">
      <Execution id="c00adb07-3cf1-4d34-84d2-5068d4adc124" />
      <TestMethod codeBase="/Users/bill/Repos/FLua/FLua.Runtime.LibraryTests/bin/Debug/net8.0/FLua.Runtime.LibraryTests.dll" adapterTypeName="executor://mstestadapter/v2" className="FLua.Runtime.LibraryTests.LuaEnvironmentTests" name="SetVariable_OverwriteExisting_UpdatesValue" />
    </UnitTest>
    <UnitTest name="Find_StarQuantifierWithLetters_KnownLimitation" storage="/users/bill/repos/flua/flua.runtime.librarytests/bin/debug/net8.0/flua.runtime.librarytests.dll" id="181bb0ae-15a8-805b-2d7c-e0bee459e205">
      <Execution id="99f22d66-dfb5-4ca2-8431-c03f19cc61d2" />
      <TestMethod codeBase="/Users/bill/Repos/FLua/FLua.Runtime.LibraryTests/bin/Debug/net8.0/FLua.Runtime.LibraryTests.dll" adapterTypeName="executor://mstestadapter/v2" className="FLua.Runtime.LibraryTests.LuaStringLibTests" name="Find_StarQuantifierWithLetters_KnownLimitation" />
    </UnitTest>
    <UnitTest name="Open_NoFilename_ThrowsException" storage="/users/bill/repos/flua/flua.runtime.librarytests/bin/debug/net8.0/flua.runtime.librarytests.dll" id="0c4235b4-a2bc-0b8a-7c78-72fa60fd5d70">
      <Execution id="eb7f03a0-c2f8-45e4-b71e-f56a896300cb" />
      <TestMethod codeBase="/Users/bill/Repos/FLua/FLua.Runtime.LibraryTests/bin/Debug/net8.0/FLua.Runtime.LibraryTests.dll" adapterTypeName="executor://mstestadapter/v2" className="FLua.Runtime.LibraryTests.LuaIOLibTests" name="Open_NoFilename_ThrowsException" />
    </UnitTest>
    <UnitTest name="Helpers_Performance_ManyOperations" storage="/users/bill/repos/flua/flua.runtime.librarytests/bin/debug/net8.0/flua.runtime.librarytests.dll" id="2fc93ba3-96a1-6c43-4db3-7fbfc5aa3330">
      <Execution id="13eff10a-136a-4369-9459-22ff5966d13e" />
      <TestMethod codeBase="/Users/bill/Repos/FLua/FLua.Runtime.LibraryTests/bin/Debug/net8.0/FLua.Runtime.LibraryTests.dll" adapterTypeName="executor://mstestadapter/v2" className="FLua.Runtime.LibraryTests.LuaValueHelpersTests" name="Helpers_Performance_ManyOperations" />
    </UnitTest>
    <UnitTest name="Insert_AtPosition_ShiftsElements" storage="/users/bill/repos/flua/flua.runtime.librarytests/bin/debug/net8.0/flua.runtime.librarytests.dll" id="5188b289-d241-dc5f-5994-5803e3cbfcd3">
      <Execution id="b7a8062d-df01-4b42-94b7-748e6110e6ba" />
      <TestMethod codeBase="/Users/bill/Repos/FLua/FLua.Runtime.LibraryTests/bin/Debug/net8.0/FLua.Runtime.LibraryTests.dll" adapterTypeName="executor://mstestadapter/v2" className="FLua.Runtime.LibraryTests.LuaTableLibTests" name="Insert_AtPosition_ShiftsElements" />
    </UnitTest>
    <UnitTest name="Pack_VariableSizeInteger_TooLarge_ThrowsException" storage="/users/bill/repos/flua/flua.runtime.librarytests/bin/debug/net8.0/flua.runtime.librarytests.dll" id="06e24568-cd99-4f48-d287-0a5f76b1d178">
      <Execution id="927a6f55-f883-4a29-8a94-a6b2e1e9e8f8" />
      <TestMethod codeBase="/Users/bill/Repos/FLua/FLua.Runtime.LibraryTests/bin/Debug/net8.0/FLua.Runtime.LibraryTests.dll" adapterTypeName="executor://mstestadapter/v2" className="FLua.Runtime.LibraryTests.LuaStringLibTests" name="Pack_VariableSizeInteger_TooLarge_ThrowsException" />
    </UnitTest>
    <UnitTest name="Pack_UnsignedByte_WorksCorrectly" storage="/users/bill/repos/flua/flua.runtime.librarytests/bin/debug/net8.0/flua.runtime.librarytests.dll" id="5f2deeb6-72a0-03d5-4777-41bc6c7a5176">
      <Execution id="d125f038-6fde-4d8b-bdb5-f7bc722ab863" />
      <TestMethod codeBase="/Users/bill/Repos/FLua/FLua.Runtime.LibraryTests/bin/Debug/net8.0/FLua.Runtime.LibraryTests.dll" adapterTypeName="executor://mstestadapter/v2" className="FLua.Runtime.LibraryTests.LuaStringLibTests" name="Pack_UnsignedByte_WorksCorrectly" />
    </UnitTest>
    <UnitTest name="Match_EmptyPattern_MatchesEmptyAtStart" storage="/users/bill/repos/flua/flua.runtime.librarytests/bin/debug/net8.0/flua.runtime.librarytests.dll" id="e9556a5f-cf4a-e0de-7abb-5d65c7b41dfc">
      <Execution id="638cb03e-5989-4f2e-82c7-3320cc2e59ac" />
      <TestMethod codeBase="/Users/bill/Repos/FLua/FLua.Runtime.LibraryTests/bin/Debug/net8.0/FLua.Runtime.LibraryTests.dll" adapterTypeName="executor://mstestadapter/v2" className="FLua.Runtime.LibraryTests.LuaStringLibTests" name="Match_EmptyPattern_MatchesEmptyAtStart" />
    </UnitTest>
    <UnitTest name="Max_WithNaN_ReturnsNaN" storage="/users/bill/repos/flua/flua.runtime.librarytests/bin/debug/net8.0/flua.runtime.librarytests.dll" id="08c2404b-62c9-aae9-50d9-31907f1c5884">
      <Execution id="8922185a-ab34-40c8-8de9-3f98c668356a" />
      <TestMethod codeBase="/Users/bill/Repos/FLua/FLua.Runtime.LibraryTests/bin/Debug/net8.0/FLua.Runtime.LibraryTests.dll" adapterTypeName="executor://mstestadapter/v2" className="FLua.Runtime.LibraryTests.LuaMathLibTests" name="Max_WithNaN_ReturnsNaN" />
    </UnitTest>
    <UnitTest name="Date_MonthFormat_ReturnsMonth" storage="/users/bill/repos/flua/flua.runtime.librarytests/bin/debug/net8.0/flua.runtime.librarytests.dll" id="f13c82e0-7392-33c2-2e26-3ec76e9d7308">
      <Execution id="cebb6b94-9f4b-4728-8532-99261face3e5" />
      <TestMethod codeBase="/Users/bill/Repos/FLua/FLua.Runtime.LibraryTests/bin/Debug/net8.0/FLua.Runtime.LibraryTests.dll" adapterTypeName="executor://mstestadapter/v2" className="FLua.Runtime.LibraryTests.LuaOSLibTests" name="Date_MonthFormat_ReturnsMonth" />
    </UnitTest>
    <UnitTest name="CreateStandardEnvironment_HasStandardLibraries" storage="/users/bill/repos/flua/flua.runtime.librarytests/bin/debug/net8.0/flua.runtime.librarytests.dll" id="8a12688d-cfc8-14f7-74f6-6916940ca70e">
      <Execution id="2ef31b5f-80b5-492d-9798-42722a0ff3d8" />
      <TestMethod codeBase="/Users/bill/Repos/FLua/FLua.Runtime.LibraryTests/bin/Debug/net8.0/FLua.Runtime.LibraryTests.dll" adapterTypeName="executor://mstestadapter/v2" className="FLua.Runtime.LibraryTests.LuaEnvironmentTests" name="CreateStandardEnvironment_HasStandardLibraries" />
    </UnitTest>
    <UnitTest name="AsIntegerValue_IntegerValue_ReturnsValue" storage="/users/bill/repos/flua/flua.runtime.librarytests/bin/debug/net8.0/flua.runtime.librarytests.dll" id="9f9f5600-a201-c1c7-8801-7f54257744c2">
      <Execution id="a7fac0ee-38f3-4086-9d46-74e77f97b117" />
      <TestMethod codeBase="/Users/bill/Repos/FLua/FLua.Runtime.LibraryTests/bin/Debug/net8.0/FLua.Runtime.LibraryTests.dll" adapterTypeName="executor://mstestadapter/v2" className="FLua.Runtime.LibraryTests.LuaValueTests" name="AsIntegerValue_IntegerValue_ReturnsValue" />
    </UnitTest>
    <UnitTest name="Find_NestedQuantifiers_HandlesComplexPattern" storage="/users/bill/repos/flua/flua.runtime.librarytests/bin/debug/net8.0/flua.runtime.librarytests.dll" id="5483ec0e-d8d4-5849-fd6d-6dcc2b8e4eb1">
      <Execution id="262228d7-6074-45ff-8156-e8d81821fdcd" />
      <TestMethod codeBase="/Users/bill/Repos/FLua/FLua.Runtime.LibraryTests/bin/Debug/net8.0/FLua.Runtime.LibraryTests.dll" adapterTypeName="executor://mstestadapter/v2" className="FLua.Runtime.LibraryTests.LuaStringLibTests" name="Find_NestedQuantifiers_HandlesComplexPattern" />
    </UnitTest>
    <UnitTest name="String_NullString_ReturnsNilValue" storage="/users/bill/repos/flua/flua.runtime.librarytests/bin/debug/net8.0/flua.runtime.librarytests.dll" id="877e5135-11a8-16d8-5c7f-380550c8faef">
      <Execution id="e2b5d567-81b5-42d9-8dc7-4551bd9ff2e7" />
      <TestMethod codeBase="/Users/bill/Repos/FLua/FLua.Runtime.LibraryTests/bin/Debug/net8.0/FLua.Runtime.LibraryTests.dll" adapterTypeName="executor://mstestadapter/v2" className="FLua.Runtime.LibraryTests.LuaValueTests" name="String_NullString_ReturnsNilValue" />
    </UnitTest>
    <UnitTest name="Char_ASCIICodePoints_ReturnsString" storage="/users/bill/repos/flua/flua.runtime.librarytests/bin/debug/net8.0/flua.runtime.librarytests.dll" id="8f0bef6f-7b97-da84-7a3f-0c88521dd779">
      <Execution id="f52e0f21-e942-42bb-9f54-bd1212a328bb" />
      <TestMethod codeBase="/Users/bill/Repos/FLua/FLua.Runtime.LibraryTests/bin/Debug/net8.0/FLua.Runtime.LibraryTests.dll" adapterTypeName="executor://mstestadapter/v2" className="FLua.Runtime.LibraryTests.LuaUTF8LibTests" name="Char_ASCIICodePoints_ReturnsString" />
    </UnitTest>
    <UnitTest name="Pack_Float_WorksCorrectly" storage="/users/bill/repos/flua/flua.runtime.librarytests/bin/debug/net8.0/flua.runtime.librarytests.dll" id="7be779a3-329d-c2a3-df19-b7f10f5274d9">
      <Execution id="fc2086ba-0db6-470c-bdbe-e56194784f62" />
      <TestMethod codeBase="/Users/bill/Repos/FLua/FLua.Runtime.LibraryTests/bin/Debug/net8.0/FLua.Runtime.LibraryTests.dll" adapterTypeName="executor://mstestadapter/v2" className="FLua.Runtime.LibraryTests.LuaStringLibTests" name="Pack_Float_WorksCorrectly" />
    </UnitTest>
    <UnitTest name="Move_DifferentTables_CopiesElements" storage="/users/bill/repos/flua/flua.runtime.librarytests/bin/debug/net8.0/flua.runtime.librarytests.dll" id="0d5af833-f41c-9353-5a95-8869d39f3279">
      <Execution id="ebd552af-fbe1-49ef-b92e-5df63e088ef0" />
      <TestMethod codeBase="/Users/bill/Repos/FLua/FLua.Runtime.LibraryTests/bin/Debug/net8.0/FLua.Runtime.LibraryTests.dll" adapterTypeName="executor://mstestadapter/v2" className="FLua.Runtime.LibraryTests.LuaTableLibTests" name="Move_DifferentTables_CopiesElements" />
    </UnitTest>
    <UnitTest name="Format_PlusSignFlag_ShowsSign" storage="/users/bill/repos/flua/flua.runtime.librarytests/bin/debug/net8.0/flua.runtime.librarytests.dll" id="e3373e42-ae8a-062b-59b7-a271e4559170">
      <Execution id="a5936399-b678-4650-beb4-5386edcc5072" />
      <TestMethod codeBase="/Users/bill/Repos/FLua/FLua.Runtime.LibraryTests/bin/Debug/net8.0/FLua.Runtime.LibraryTests.dll" adapterTypeName="executor://mstestadapter/v2" className="FLua.Runtime.LibraryTests.LuaStringLibTests" name="Format_PlusSignFlag_ShowsSign" />
    </UnitTest>
    <UnitTest name="ImplicitConversion_DoubleToLuaValue_WorksCorrectly" storage="/users/bill/repos/flua/flua.runtime.librarytests/bin/debug/net8.0/flua.runtime.librarytests.dll" id="685fbf40-f61b-eb1f-4feb-0e01d0a2d4dd">
      <Execution id="0a04d6a0-e987-439a-8ca4-f9b29fe03f8a" />
      <TestMethod codeBase="/Users/bill/Repos/FLua/FLua.Runtime.LibraryTests/bin/Debug/net8.0/FLua.Runtime.LibraryTests.dll" adapterTypeName="executor://mstestadapter/v2" className="FLua.Runtime.LibraryTests.LuaValueTests" name="ImplicitConversion_DoubleToLuaValue_WorksCorrectly" />
    </UnitTest>
    <UnitTest name="Offset_PositiveOffset_MovesForward" storage="/users/bill/repos/flua/flua.runtime.librarytests/bin/debug/net8.0/flua.runtime.librarytests.dll" id="3c540af4-349e-bde0-27be-ef5bab204a0c">
      <Execution id="d0152cdc-aacb-4db3-a3b3-5687ad081bb1" />
      <TestMethod codeBase="/Users/bill/Repos/FLua/FLua.Runtime.LibraryTests/bin/Debug/net8.0/FLua.Runtime.LibraryTests.dll" adapterTypeName="executor://mstestadapter/v2" className="FLua.Runtime.LibraryTests.LuaUTF8LibTests" name="Offset_PositiveOffset_MovesForward" />
    </UnitTest>
    <UnitTest name="Open_NonExistentFile_ReturnsNilWithError" storage="/users/bill/repos/flua/flua.runtime.librarytests/bin/debug/net8.0/flua.runtime.librarytests.dll" id="5415e2be-9405-d4d2-5064-4eb3f03cb9cb">
      <Execution id="72a3fffe-0694-4660-98cb-52a598a59e1d" />
      <TestMethod codeBase="/Users/bill/Repos/FLua/FLua.Runtime.LibraryTests/bin/Debug/net8.0/FLua.Runtime.LibraryTests.dll" adapterTypeName="executor://mstestadapter/v2" className="FLua.Runtime.LibraryTests.LuaIOLibTests" name="Open_NonExistentFile_ReturnsNilWithError" />
    </UnitTest>
    <UnitTest name="ToInteger_InvalidString_ThrowsException" storage="/users/bill/repos/flua/flua.runtime.librarytests/bin/debug/net8.0/flua.runtime.librarytests.dll" id="15f02d6a-c4fe-b756-2146-795394f86d00">
      <Execution id="69aa183b-d600-4c2a-bdc9-e54ba9caebd2" />
      <TestMethod codeBase="/Users/bill/Repos/FLua/FLua.Runtime.LibraryTests/bin/Debug/net8.0/FLua.Runtime.LibraryTests.dll" adapterTypeName="executor://mstestadapter/v2" className="FLua.Runtime.LibraryTests.LuaTypeConversionTests" name="ToInteger_InvalidString_ThrowsException" />
    </UnitTest>
    <UnitTest name="Find_AnchorStart_MatchesBeginning" storage="/users/bill/repos/flua/flua.runtime.librarytests/bin/debug/net8.0/flua.runtime.librarytests.dll" id="c5f6a300-0605-66f5-f86b-813f6490bc39">
      <Execution id="4d19d8c7-3597-4f77-928d-0a1ff8e605e4" />
      <TestMethod codeBase="/Users/bill/Repos/FLua/FLua.Runtime.LibraryTests/bin/Debug/net8.0/FLua.Runtime.LibraryTests.dll" adapterTypeName="executor://mstestadapter/v2" className="FLua.Runtime.LibraryTests.LuaStringLibTests" name="Find_AnchorStart_MatchesBeginning" />
    </UnitTest>
    <UnitTest name="Format_MultiplePlaceholders_WorksCorrectly" storage="/users/bill/repos/flua/flua.runtime.librarytests/bin/debug/net8.0/flua.runtime.librarytests.dll" id="f66b7177-2762-23f8-2c30-048debb04846">
      <Execution id="7b15c689-2c11-497c-a8d9-d176e4faca4e" />
      <TestMethod codeBase="/Users/bill/Repos/FLua/FLua.Runtime.LibraryTests/bin/Debug/net8.0/FLua.Runtime.LibraryTests.dll" adapterTypeName="executor://mstestadapter/v2" className="FLua.Runtime.LibraryTests.LuaStringLibTests" name="Format_MultiplePlaceholders_WorksCorrectly" />
    </UnitTest>
    <UnitTest name="Char_MaxASCII_Works" storage="/users/bill/repos/flua/flua.runtime.librarytests/bin/debug/net8.0/flua.runtime.librarytests.dll" id="fb02144e-cda0-e59f-9f1c-b8472ef40372">
      <Execution id="bcedafad-9ab4-4010-8b95-088243687743" />
      <TestMethod codeBase="/Users/bill/Repos/FLua/FLua.Runtime.LibraryTests/bin/Debug/net8.0/FLua.Runtime.LibraryTests.dll" adapterTypeName="executor://mstestadapter/v2" className="FLua.Runtime.LibraryTests.LuaUTF8LibTests" name="Char_MaxASCII_Works" />
    </UnitTest>
    <UnitTest name="Boolean_False_ReturnsCorrectValue" storage="/users/bill/repos/flua/flua.runtime.librarytests/bin/debug/net8.0/flua.runtime.librarytests.dll" id="1bfd024f-c9e2-76e3-155b-3c6ea8db6b6b">
      <Execution id="95377d08-4ef6-49aa-84a7-1948aca3a5ca" />
      <TestMethod codeBase="/Users/bill/Repos/FLua/FLua.Runtime.LibraryTests/bin/Debug/net8.0/FLua.Runtime.LibraryTests.dll" adapterTypeName="executor://mstestadapter/v2" className="FLua.Runtime.LibraryTests.LuaValueTests" name="Boolean_False_ReturnsCorrectValue" />
    </UnitTest>
    <UnitTest name="GetTypeName_AllLuaTypes_ReturnsCorrectNames" storage="/users/bill/repos/flua/flua.runtime.librarytests/bin/debug/net8.0/flua.runtime.librarytests.dll" id="e45664ba-6fd5-244e-e12c-9f7d25f5bab2">
      <Execution id="0969332e-6ab2-4cae-aa77-b448531840ba" />
      <TestMethod codeBase="/Users/bill/Repos/FLua/FLua.Runtime.LibraryTests/bin/Debug/net8.0/FLua.Runtime.LibraryTests.dll" adapterTypeName="executor://mstestadapter/v2" className="FLua.Runtime.LibraryTests.LuaTypeConversionTests" name="GetTypeName_AllLuaTypes_ReturnsCorrectNames" />
    </UnitTest>
    <UnitTest name="Sort_NonTable_ThrowsException" storage="/users/bill/repos/flua/flua.runtime.librarytests/bin/debug/net8.0/flua.runtime.librarytests.dll" id="2ceef316-547f-296a-0d4f-13975d8da686">
      <Execution id="43dd8ed7-5add-4a18-beb5-8a6e7d16eefe" />
      <TestMethod codeBase="/Users/bill/Repos/FLua/FLua.Runtime.LibraryTests/bin/Debug/net8.0/FLua.Runtime.LibraryTests.dll" adapterTypeName="executor://mstestadapter/v2" className="FLua.Runtime.LibraryTests.LuaTableLibTests" name="Sort_NonTable_ThrowsException" />
    </UnitTest>
    <UnitTest name="Char_Zero_ReturnsNullCharacter" storage="/users/bill/repos/flua/flua.runtime.librarytests/bin/debug/net8.0/flua.runtime.librarytests.dll" id="cf84fde5-5978-141c-c3a7-e0e4ca2b5a40">
      <Execution id="15693c13-7fd7-498e-ab44-a504e7c93bea" />
      <TestMethod codeBase="/Users/bill/Repos/FLua/FLua.Runtime.LibraryTests/bin/Debug/net8.0/FLua.Runtime.LibraryTests.dll" adapterTypeName="executor://mstestadapter/v2" className="FLua.Runtime.LibraryTests.LuaStringLibTests" name="Char_Zero_ReturnsNullCharacter" />
    </UnitTest>
    <UnitTest name="CodePoint_SingleCharacter_ReturnsSingleCodePoint" storage="/users/bill/repos/flua/flua.runtime.librarytests/bin/debug/net8.0/flua.runtime.librarytests.dll" id="b7791621-2a97-4e3f-ca1c-60e1ad49b7c4">
      <Execution id="735b9d20-95bd-487b-af1d-7b1f9b941b7b" />
      <TestMethod codeBase="/Users/bill/Repos/FLua/FLua.Runtime.LibraryTests/bin/Debug/net8.0/FLua.Runtime.LibraryTests.dll" adapterTypeName="executor://mstestadapter/v2" className="FLua.Runtime.LibraryTests.LuaUTF8LibTests" name="CodePoint_SingleCharacter_ReturnsSingleCodePoint" />
    </UnitTest>
    <UnitTest name="Offset_MissingOffsetArgument_ThrowsException" storage="/users/bill/repos/flua/flua.runtime.librarytests/bin/debug/net8.0/flua.runtime.librarytests.dll" id="f51aaabf-699f-5a7e-a75d-92261c46a111">
      <Execution id="3609ccda-39ea-48a0-b429-369b80210b79" />
      <TestMethod codeBase="/Users/bill/Repos/FLua/FLua.Runtime.LibraryTests/bin/Debug/net8.0/FLua.Runtime.LibraryTests.dll" adapterTypeName="executor://mstestadapter/v2" className="FLua.Runtime.LibraryTests.LuaUTF8LibTests" name="Offset_MissingOffsetArgument_ThrowsException" />
    </UnitTest>
    <UnitTest name="Len_VeryLongUnicodeString_HandlesCorrectly" storage="/users/bill/repos/flua/flua.runtime.librarytests/bin/debug/net8.0/flua.runtime.librarytests.dll" id="b67f05c3-f268-37f5-0e44-5c83fb1f84fb">
      <Execution id="4dca802f-7849-4cfe-adb3-55a5844be27c" />
      <TestMethod codeBase="/Users/bill/Repos/FLua/FLua.Runtime.LibraryTests/bin/Debug/net8.0/FLua.Runtime.LibraryTests.dll" adapterTypeName="executor://mstestadapter/v2" className="FLua.Runtime.LibraryTests.LuaUTF8LibTests" name="Len_VeryLongUnicodeString_HandlesCorrectly" />
    </UnitTest>
    <UnitTest name="Len_EmptyString_ReturnsZero" storage="/users/bill/repos/flua/flua.runtime.librarytests/bin/debug/net8.0/flua.runtime.librarytests.dll" id="1de81a3f-8399-6f86-0d78-6acfb9de4fe1">
      <Execution id="1bbaf701-e550-4781-af7c-a5bd16ba5b82" />
      <TestMethod codeBase="/Users/bill/Repos/FLua/FLua.Runtime.LibraryTests/bin/Debug/net8.0/FLua.Runtime.LibraryTests.dll" adapterTypeName="executor://mstestadapter/v2" className="FLua.Runtime.LibraryTests.LuaUTF8LibTests" name="Len_EmptyString_ReturnsZero" />
    </UnitTest>
    <UnitTest name="Len_NilArgument_ThrowsException" storage="/users/bill/repos/flua/flua.runtime.librarytests/bin/debug/net8.0/flua.runtime.librarytests.dll" id="590adee5-50f6-084e-de58-916930d7bbd1">
      <Execution id="48d527d1-3d40-4902-b513-b813f401b3ca" />
      <TestMethod codeBase="/Users/bill/Repos/FLua/FLua.Runtime.LibraryTests/bin/Debug/net8.0/FLua.Runtime.LibraryTests.dll" adapterTypeName="executor://mstestadapter/v2" className="FLua.Runtime.LibraryTests.LuaStringLibTests" name="Len_NilArgument_ThrowsException" />
    </UnitTest>
    <UnitTest name="Rep_CountZero_ReturnsEmptyString" storage="/users/bill/repos/flua/flua.runtime.librarytests/bin/debug/net8.0/flua.runtime.librarytests.dll" id="81dea3be-097f-0510-60ee-4ed801fd3da2">
      <Execution id="f8ba4acf-31d6-4de8-b9f7-664974a2e404" />
      <TestMethod codeBase="/Users/bill/Repos/FLua/FLua.Runtime.LibraryTests/bin/Debug/net8.0/FLua.Runtime.LibraryTests.dll" adapterTypeName="executor://mstestadapter/v2" className="FLua.Runtime.LibraryTests.LuaStringLibTests" name="Rep_CountZero_ReturnsEmptyString" />
    </UnitTest>
    <UnitTest name="Unpack_StartGreaterThanEnd_ReturnsEmpty" storage="/users/bill/repos/flua/flua.runtime.librarytests/bin/debug/net8.0/flua.runtime.librarytests.dll" id="2f80f069-ce89-152d-e7bd-c7d7ec2af756">
      <Execution id="f34c8b01-87bc-4bef-b3af-abe11a93bfdd" />
      <TestMethod codeBase="/Users/bill/Repos/FLua/FLua.Runtime.LibraryTests/bin/Debug/net8.0/FLua.Runtime.LibraryTests.dll" adapterTypeName="executor://mstestadapter/v2" className="FLua.Runtime.LibraryTests.LuaTableLibTests" name="Unpack_StartGreaterThanEnd_ReturnsEmpty" />
    </UnitTest>
    <UnitTest name="StringToNumber_NegativeInteger_ReturnsCorrectValue" storage="/users/bill/repos/flua/flua.runtime.librarytests/bin/debug/net8.0/flua.runtime.librarytests.dll" id="599c52c0-7569-f4bd-5624-e58ca7f44e96">
      <Execution id="29160c8d-f8c5-4b1c-a4ce-a8724c8eb2f8" />
      <TestMethod codeBase="/Users/bill/Repos/FLua/FLua.Runtime.LibraryTests/bin/Debug/net8.0/FLua.Runtime.LibraryTests.dll" adapterTypeName="executor://mstestadapter/v2" className="FLua.Runtime.LibraryTests.LuaTypeConversionTests" name="StringToNumber_NegativeInteger_ReturnsCorrectValue" />
    </UnitTest>
    <UnitTest name="SetLocale_CLocale_ReturnsC" storage="/users/bill/repos/flua/flua.runtime.librarytests/bin/debug/net8.0/flua.runtime.librarytests.dll" id="f8a856fd-b8ec-e105-fb04-512d8ea885db">
      <Execution id="3c49d514-785a-474e-9476-5ffff02aa6d6" />
      <TestMethod codeBase="/Users/bill/Repos/FLua/FLua.Runtime.LibraryTests/bin/Debug/net8.0/FLua.Runtime.LibraryTests.dll" adapterTypeName="executor://mstestadapter/v2" className="FLua.Runtime.LibraryTests.LuaOSLibTests" name="SetLocale_CLocale_ReturnsC" />
    </UnitTest>
    <UnitTest name="Format_PercentEscape_WorksCorrectly" storage="/users/bill/repos/flua/flua.runtime.librarytests/bin/debug/net8.0/flua.runtime.librarytests.dll" id="6ca184c4-e9f1-dddc-05c6-3003f381a406">
      <Execution id="f065cdd8-26be-4e32-b7a7-744ee8fa635d" />
      <TestMethod codeBase="/Users/bill/Repos/FLua/FLua.Runtime.LibraryTests/bin/Debug/net8.0/FLua.Runtime.LibraryTests.dll" adapterTypeName="executor://mstestadapter/v2" className="FLua.Runtime.LibraryTests.LuaStringLibTests" name="Format_PercentEscape_WorksCorrectly" />
    </UnitTest>
    <UnitTest name="Match_EmptyString_ReturnsNil" storage="/users/bill/repos/flua/flua.runtime.librarytests/bin/debug/net8.0/flua.runtime.librarytests.dll" id="e141e7ed-cf22-2d48-27ef-158fbcb16ad6">
      <Execution id="80d5e2c3-71b7-411f-83fb-236ed6a20647" />
      <TestMethod codeBase="/Users/bill/Repos/FLua/FLua.Runtime.LibraryTests/bin/Debug/net8.0/FLua.Runtime.LibraryTests.dll" adapterTypeName="executor://mstestadapter/v2" className="FLua.Runtime.LibraryTests.LuaStringLibTests" name="Match_EmptyString_ReturnsNil" />
    </UnitTest>
    <UnitTest name="Remove_NonExistentFile_ReturnsNilWithMessage" storage="/users/bill/repos/flua/flua.runtime.librarytests/bin/debug/net8.0/flua.runtime.librarytests.dll" id="a788033e-bd92-31f1-6a8c-3336c6034218">
      <Execution id="206335a6-09a9-493b-9690-dc885a21a9e0" />
      <TestMethod codeBase="/Users/bill/Repos/FLua/FLua.Runtime.LibraryTests/bin/Debug/net8.0/FLua.Runtime.LibraryTests.dll" adapterTypeName="executor://mstestadapter/v2" className="FLua.Runtime.LibraryTests.LuaOSLibTests" name="Remove_NonExistentFile_ReturnsNilWithMessage" />
    </UnitTest>
    <UnitTest name="ToConcatString_NilValue_ThrowsException" storage="/users/bill/repos/flua/flua.runtime.librarytests/bin/debug/net8.0/flua.runtime.librarytests.dll" id="edb57239-6d61-afc5-a9d7-c8f2ec92e7b4">
      <Execution id="27649db9-a60a-4c7f-bf7e-85157751ebc5" />
      <TestMethod codeBase="/Users/bill/Repos/FLua/FLua.Runtime.LibraryTests/bin/Debug/net8.0/FLua.Runtime.LibraryTests.dll" adapterTypeName="executor://mstestadapter/v2" className="FLua.Runtime.LibraryTests.LuaTypeConversionTests" name="ToConcatString_NilValue_ThrowsException" />
    </UnitTest>
    <UnitTest name="Upper_MixedCaseString_ReturnsUppercase" storage="/users/bill/repos/flua/flua.runtime.librarytests/bin/debug/net8.0/flua.runtime.librarytests.dll" id="d898b746-6798-ab6d-18c9-e3fe06c92b96">
      <Execution id="e48e7c23-11be-43cd-82aa-0b56e2355217" />
      <TestMethod codeBase="/Users/bill/Repos/FLua/FLua.Runtime.LibraryTests/bin/Debug/net8.0/FLua.Runtime.LibraryTests.dll" adapterTypeName="executor://mstestadapter/v2" className="FLua.Runtime.LibraryTests.LuaStringLibTests" name="Upper_MixedCaseString_ReturnsUppercase" />
    </UnitTest>
    <UnitTest name="Find_ComplexCharacterClass_TestsClassMatching" storage="/users/bill/repos/flua/flua.runtime.librarytests/bin/debug/net8.0/flua.runtime.librarytests.dll" id="4226b713-abd5-c748-6b0f-bf6bae6ee882">
      <Execution id="aa341ac7-336e-464d-9dfe-bdaf313b652c" />
      <TestMethod codeBase="/Users/bill/Repos/FLua/FLua.Runtime.LibraryTests/bin/Debug/net8.0/FLua.Runtime.LibraryTests.dll" adapterTypeName="executor://mstestadapter/v2" className="FLua.Runtime.LibraryTests.LuaStringLibTests" name="Find_ComplexCharacterClass_TestsClassMatching" />
    </UnitTest>
    <UnitTest name="Sub_NegativeIndices_WorksFromEnd" storage="/users/bill/repos/flua/flua.runtime.librarytests/bin/debug/net8.0/flua.runtime.librarytests.dll" id="e4cdf034-27ef-ed10-9bc7-3ea36c0718c7">
      <Execution id="d6c86b9c-d9ec-4554-8310-ff250411e51c" />
      <TestMethod codeBase="/Users/bill/Repos/FLua/FLua.Runtime.LibraryTests/bin/Debug/net8.0/FLua.Runtime.LibraryTests.dll" adapterTypeName="executor://mstestadapter/v2" className="FLua.Runtime.LibraryTests.LuaStringLibTests" name="Sub_NegativeIndices_WorksFromEnd" />
    </UnitTest>
    <UnitTest name="Codes_SingleCharacter_IteratesOnce" storage="/users/bill/repos/flua/flua.runtime.librarytests/bin/debug/net8.0/flua.runtime.librarytests.dll" id="b36a204b-6bba-e0c3-200f-59df401add70">
      <Execution id="0d614657-9700-4887-b84f-678a39bd57d2" />
      <TestMethod codeBase="/Users/bill/Repos/FLua/FLua.Runtime.LibraryTests/bin/Debug/net8.0/FLua.Runtime.LibraryTests.dll" adapterTypeName="executor://mstestadapter/v2" className="FLua.Runtime.LibraryTests.LuaUTF8LibTests" name="Codes_SingleCharacter_IteratesOnce" />
    </UnitTest>
    <UnitTest name="Rep_NegativeCount_ReturnsEmptyString" storage="/users/bill/repos/flua/flua.runtime.librarytests/bin/debug/net8.0/flua.runtime.librarytests.dll" id="d7968170-8519-52de-cda2-a0ab30c45af2">
      <Execution id="c32e302b-3dad-4983-acf7-055f1fa47530" />
      <TestMethod codeBase="/Users/bill/Repos/FLua/FLua.Runtime.LibraryTests/bin/Debug/net8.0/FLua.Runtime.LibraryTests.dll" adapterTypeName="executor://mstestadapter/v2" className="FLua.Runtime.LibraryTests.LuaStringLibTests" name="Rep_NegativeCount_ReturnsEmptyString" />
    </UnitTest>
    <UnitTest name="Pack_SignedLong_WorksCorrectly" storage="/users/bill/repos/flua/flua.runtime.librarytests/bin/debug/net8.0/flua.runtime.librarytests.dll" id="730f5bdd-2db2-1c8d-a33e-c1f9dd7b77f3">
      <Execution id="1783b1bb-2b02-495f-b967-43d771be5c04" />
      <TestMethod codeBase="/Users/bill/Repos/FLua/FLua.Runtime.LibraryTests/bin/Debug/net8.0/FLua.Runtime.LibraryTests.dll" adapterTypeName="executor://mstestadapter/v2" className="FLua.Runtime.LibraryTests.LuaStringLibTests" name="Pack_SignedLong_WorksCorrectly" />
    </UnitTest>
    <UnitTest name="IsNumber_NonNumericValues_ReturnsFalse" storage="/users/bill/repos/flua/flua.runtime.librarytests/bin/debug/net8.0/flua.runtime.librarytests.dll" id="98f90aa5-a4eb-5d57-00bb-d3f86c10a7cf">
      <Execution id="7aea9661-57e7-4c54-b5f2-964fd8131ea9" />
      <TestMethod codeBase="/Users/bill/Repos/FLua/FLua.Runtime.LibraryTests/bin/Debug/net8.0/FLua.Runtime.LibraryTests.dll" adapterTypeName="executor://mstestadapter/v2" className="FLua.Runtime.LibraryTests.LuaValueHelpersTests" name="IsNumber_NonNumericValues_ReturnsFalse" />
    </UnitTest>
    <UnitTest name="ToInteger_Integer_ReturnsSameValue" storage="/users/bill/repos/flua/flua.runtime.librarytests/bin/debug/net8.0/flua.runtime.librarytests.dll" id="e128d051-1d7b-50a9-7f94-b558f761b014">
      <Execution id="30bc0a1c-bbe8-4f0d-928e-1167b3242a06" />
      <TestMethod codeBase="/Users/bill/Repos/FLua/FLua.Runtime.LibraryTests/bin/Debug/net8.0/FLua.Runtime.LibraryTests.dll" adapterTypeName="executor://mstestadapter/v2" className="FLua.Runtime.LibraryTests.LuaMathLibTests" name="ToInteger_Integer_ReturnsSameValue" />
    </UnitTest>
    <UnitTest name="Ult_UnsignedComparison_ReturnsCorrectResult" storage="/users/bill/repos/flua/flua.runtime.librarytests/bin/debug/net8.0/flua.runtime.librarytests.dll" id="fdaf6464-8a8c-65cb-0f1d-55fdb4d37cc5">
      <Execution id="760005bc-d9b8-4cf3-9183-fdb8926c99e7" />
      <TestMethod codeBase="/Users/bill/Repos/FLua/FLua.Runtime.LibraryTests/bin/Debug/net8.0/FLua.Runtime.LibraryTests.dll" adapterTypeName="executor://mstestadapter/v2" className="FLua.Runtime.LibraryTests.LuaMathLibTests" name="Ult_UnsignedComparison_ReturnsCorrectResult" />
    </UnitTest>
    <UnitTest name="Max_TwoIntegers_ReturnsLarger" storage="/users/bill/repos/flua/flua.runtime.librarytests/bin/debug/net8.0/flua.runtime.librarytests.dll" id="f0703390-7a9e-b955-b28b-d8a4e6675aae">
      <Execution id="c1b7e375-70ff-4741-aea1-b4d84770d8a7" />
      <TestMethod codeBase="/Users/bill/Repos/FLua/FLua.Runtime.LibraryTests/bin/Debug/net8.0/FLua.Runtime.LibraryTests.dll" adapterTypeName="executor://mstestadapter/v2" className="FLua.Runtime.LibraryTests.LuaMathLibTests" name="Max_TwoIntegers_ReturnsLarger" />
    </UnitTest>
    <UnitTest name="PackSize_VariableLengthFormat_ThrowsException" storage="/users/bill/repos/flua/flua.runtime.librarytests/bin/debug/net8.0/flua.runtime.librarytests.dll" id="13a1c7cf-0e07-1cf0-d642-53c48e767830">
      <Execution id="0059bc80-b872-4c1f-a71b-de8b0e487b97" />
      <TestMethod codeBase="/Users/bill/Repos/FLua/FLua.Runtime.LibraryTests/bin/Debug/net8.0/FLua.Runtime.LibraryTests.dll" adapterTypeName="executor://mstestadapter/v2" className="FLua.Runtime.LibraryTests.LuaStringLibTests" name="PackSize_VariableLengthFormat_ThrowsException" />
    </UnitTest>
    <UnitTest name="DeepEnvironmentHierarchy_HandledCorrectly" storage="/users/bill/repos/flua/flua.runtime.librarytests/bin/debug/net8.0/flua.runtime.librarytests.dll" id="af4adf45-29e6-c2e3-2de7-876094d3ec0f">
      <Execution id="ba5159d4-11b4-4851-a313-f61263bec9e6" />
      <TestMethod codeBase="/Users/bill/Repos/FLua/FLua.Runtime.LibraryTests/bin/Debug/net8.0/FLua.Runtime.LibraryTests.dll" adapterTypeName="executor://mstestadapter/v2" className="FLua.Runtime.LibraryTests.LuaEnvironmentTests" name="DeepEnvironmentHierarchy_HandledCorrectly" />
    </UnitTest>
    <UnitTest name="FileHandle_FlushAfterClose_ThrowsException" storage="/users/bill/repos/flua/flua.runtime.librarytests/bin/debug/net8.0/flua.runtime.librarytests.dll" id="142ab414-74a6-96fd-05b9-0c28a4a97a1c">
      <Execution id="c823a70d-450d-432b-b58f-76c5d80101c1" />
      <TestMethod codeBase="/Users/bill/Repos/FLua/FLua.Runtime.LibraryTests/bin/Debug/net8.0/FLua.Runtime.LibraryTests.dll" adapterTypeName="executor://mstestadapter/v2" className="FLua.Runtime.LibraryTests.LuaIOLibTests" name="FileHandle_FlushAfterClose_ThrowsException" />
    </UnitTest>
    <UnitTest name="ToInteger_MaxLongValue_ReturnsMaxValue" storage="/users/bill/repos/flua/flua.runtime.librarytests/bin/debug/net8.0/flua.runtime.librarytests.dll" id="7fc54ed7-fc8a-0da5-3a30-a492d81d7d42">
      <Execution id="96a1c4c0-788d-418e-8900-f5fbe70a91ca" />
      <TestMethod codeBase="/Users/bill/Repos/FLua/FLua.Runtime.LibraryTests/bin/Debug/net8.0/FLua.Runtime.LibraryTests.dll" adapterTypeName="executor://mstestadapter/v2" className="FLua.Runtime.LibraryTests.LuaTypeConversionTests" name="ToInteger_MaxLongValue_ReturnsMaxValue" />
    </UnitTest>
    <UnitTest name="String_NormalString_ReturnsCorrectValue" storage="/users/bill/repos/flua/flua.runtime.librarytests/bin/debug/net8.0/flua.runtime.librarytests.dll" id="cb49c7e8-ea4d-898f-49f3-d946b28a4ad3">
      <Execution id="782035cb-bcde-4fc4-ac40-3a4561dcf7e0" />
      <TestMethod codeBase="/Users/bill/Repos/FLua/FLua.Runtime.LibraryTests/bin/Debug/net8.0/FLua.Runtime.LibraryTests.dll" adapterTypeName="executor://mstestadapter/v2" className="FLua.Runtime.LibraryTests.LuaValueTests" name="String_NormalString_ReturnsCorrectValue" />
    </UnitTest>
    <UnitTest name="Log_E_ReturnsOne" storage="/users/bill/repos/flua/flua.runtime.librarytests/bin/debug/net8.0/flua.runtime.librarytests.dll" id="e86749b0-8a23-780c-934b-3de14fa7fc28">
      <Execution id="88eff873-f9bf-40eb-a527-8f31aaafd254" />
      <TestMethod codeBase="/Users/bill/Repos/FLua/FLua.Runtime.LibraryTests/bin/Debug/net8.0/FLua.Runtime.LibraryTests.dll" adapterTypeName="executor://mstestadapter/v2" className="FLua.Runtime.LibraryTests.LuaMathLibTests" name="Log_E_ReturnsOne" />
    </UnitTest>
    <UnitTest name="CreateNumber_NaN_ReturnsNaNFloat" storage="/users/bill/repos/flua/flua.runtime.librarytests/bin/debug/net8.0/flua.runtime.librarytests.dll" id="fad3615d-b120-c546-2daf-144e1c4fd08c">
      <Execution id="13250d81-6daf-403d-8878-467ed3818a28" />
      <TestMethod codeBase="/Users/bill/Repos/FLua/FLua.Runtime.LibraryTests/bin/Debug/net8.0/FLua.Runtime.LibraryTests.dll" adapterTypeName="executor://mstestadapter/v2" className="FLua.Runtime.LibraryTests.LuaValueHelpersTests" name="CreateNumber_NaN_ReturnsNaNFloat" />
    </UnitTest>
    <UnitTest name="ToInteger_ZeroString_ReturnsZero" storage="/users/bill/repos/flua/flua.runtime.librarytests/bin/debug/net8.0/flua.runtime.librarytests.dll" id="f86fab50-04b6-d9f8-f261-916523537541">
      <Execution id="d7e9a56d-cb4e-4b9c-a256-3b2f0035e2c5" />
      <TestMethod codeBase="/Users/bill/Repos/FLua/FLua.Runtime.LibraryTests/bin/Debug/net8.0/FLua.Runtime.LibraryTests.dll" adapterTypeName="executor://mstestadapter/v2" className="FLua.Runtime.LibraryTests.LuaTypeConversionTests" name="ToInteger_ZeroString_ReturnsZero" />
    </UnitTest>
    <UnitTest name="Rep_WithSeparator_InterleavesSeparator" storage="/users/bill/repos/flua/flua.runtime.librarytests/bin/debug/net8.0/flua.runtime.librarytests.dll" id="bf97e7b3-ad23-5ac0-29a6-925724141bd2">
      <Execution id="e7401e0d-58b5-4971-bead-423b288b6d96" />
      <TestMethod codeBase="/Users/bill/Repos/FLua/FLua.Runtime.LibraryTests/bin/Debug/net8.0/FLua.Runtime.LibraryTests.dll" adapterTypeName="executor://mstestadapter/v2" className="FLua.Runtime.LibraryTests.LuaStringLibTests" name="Rep_WithSeparator_InterleavesSeparator" />
    </UnitTest>
    <UnitTest name="ToNumber_IntegerValue_ReturnsDoubleValue" storage="/users/bill/repos/flua/flua.runtime.librarytests/bin/debug/net8.0/flua.runtime.librarytests.dll" id="cb15a14f-0bc3-ae5e-3ef0-096a041e6611">
      <Execution id="3ea4acd9-290d-4fcc-aeeb-891d8bab1b1c" />
      <TestMethod codeBase="/Users/bill/Repos/FLua/FLua.Runtime.LibraryTests/bin/Debug/net8.0/FLua.Runtime.LibraryTests.dll" adapterTypeName="executor://mstestadapter/v2" className="FLua.Runtime.LibraryTests.LuaTypeConversionTests" name="ToNumber_IntegerValue_ReturnsDoubleValue" />
    </UnitTest>
    <UnitTest name="TypeConversion_BooleanTruthiness_FollowsLuaRules" storage="/users/bill/repos/flua/flua.runtime.librarytests/bin/debug/net8.0/flua.runtime.librarytests.dll" id="342e01e1-9cce-68b1-12c2-b542ef47ae8d">
      <Execution id="171fc5af-e3eb-4579-9d19-0ffbf895ab54" />
      <TestMethod codeBase="/Users/bill/Repos/FLua/FLua.Runtime.LibraryTests/bin/Debug/net8.0/FLua.Runtime.LibraryTests.dll" adapterTypeName="executor://mstestadapter/v2" className="FLua.Runtime.LibraryTests.LuaTypeConversionTests" name="TypeConversion_BooleanTruthiness_FollowsLuaRules" />
    </UnitTest>
    <UnitTest name="Type_ClosedFileHandle_ReturnsClosedFile" storage="/users/bill/repos/flua/flua.runtime.librarytests/bin/debug/net8.0/flua.runtime.librarytests.dll" id="4bab1271-a1c2-887f-6fbf-41dd45181049">
      <Execution id="f1d474bc-73fa-4c5e-93b9-448e17aec0fe" />
      <TestMethod codeBase="/Users/bill/Repos/FLua/FLua.Runtime.LibraryTests/bin/Debug/net8.0/FLua.Runtime.LibraryTests.dll" adapterTypeName="executor://mstestadapter/v2" className="FLua.Runtime.LibraryTests.LuaIOLibTests" name="Type_ClosedFileHandle_ReturnsClosedFile" />
    </UnitTest>
    <UnitTest name="IsString_EmptyString_ReturnsTrue" storage="/users/bill/repos/flua/flua.runtime.librarytests/bin/debug/net8.0/flua.runtime.librarytests.dll" id="e519c82d-c22e-5b8a-7ed3-317204664e9a">
      <Execution id="42a8feda-06f1-497d-a4d1-8f56b474572d" />
      <TestMethod codeBase="/Users/bill/Repos/FLua/FLua.Runtime.LibraryTests/bin/Debug/net8.0/FLua.Runtime.LibraryTests.dll" adapterTypeName="executor://mstestadapter/v2" className="FLua.Runtime.LibraryTests.LuaValueHelpersTests" name="IsString_EmptyString_ReturnsTrue" />
    </UnitTest>
    <UnitTest name="Format_LeftAlignFlag_AlignCorrectly" storage="/users/bill/repos/flua/flua.runtime.librarytests/bin/debug/net8.0/flua.runtime.librarytests.dll" id="196d6ce2-55a5-ba7c-0853-11dff621fc56">
      <Execution id="257de753-0326-4780-92d3-085ff5b63416" />
      <TestMethod codeBase="/Users/bill/Repos/FLua/FLua.Runtime.LibraryTests/bin/Debug/net8.0/FLua.Runtime.LibraryTests.dll" adapterTypeName="executor://mstestadapter/v2" className="FLua.Runtime.LibraryTests.LuaStringLibTests" name="Format_LeftAlignFlag_AlignCorrectly" />
    </UnitTest>
    <UnitTest name="ToLuaString_NilValue_ReturnsNilString" storage="/users/bill/repos/flua/flua.runtime.librarytests/bin/debug/net8.0/flua.runtime.librarytests.dll" id="1ba26d15-331e-ba81-15ca-f8454597a5b5">
      <Execution id="401afa37-91bb-4326-8a4f-6867a77e2a56" />
      <TestMethod codeBase="/Users/bill/Repos/FLua/FLua.Runtime.LibraryTests/bin/Debug/net8.0/FLua.Runtime.LibraryTests.dll" adapterTypeName="executor://mstestadapter/v2" className="FLua.Runtime.LibraryTests.LuaValueTests" name="ToLuaString_NilValue_ReturnsNilString" />
    </UnitTest>
    <UnitTest name="Constants_ShouldHaveCorrectValues" storage="/users/bill/repos/flua/flua.runtime.librarytests/bin/debug/net8.0/flua.runtime.librarytests.dll" id="21ebecd4-b2b5-f81b-86e5-e23af883bc0d">
      <Execution id="2a7b8dbb-5bbd-46ad-814e-01d969f8b5d1" />
      <TestMethod codeBase="/Users/bill/Repos/FLua/FLua.Runtime.LibraryTests/bin/Debug/net8.0/FLua.Runtime.LibraryTests.dll" adapterTypeName="executor://mstestadapter/v2" className="FLua.Runtime.LibraryTests.LuaMathLibTests" name="Constants_ShouldHaveCorrectValues" />
    </UnitTest>
    <UnitTest name="GetInteger_MinValue_ReturnsCorrectValue" storage="/users/bill/repos/flua/flua.runtime.librarytests/bin/debug/net8.0/flua.runtime.librarytests.dll" id="8afde5b1-f025-bdd0-f9a8-e3e3069652fa">
      <Execution id="1167705c-a45a-4483-9e57-cc53442324a1" />
      <TestMethod codeBase="/Users/bill/Repos/FLua/FLua.Runtime.LibraryTests/bin/Debug/net8.0/FLua.Runtime.LibraryTests.dll" adapterTypeName="executor://mstestadapter/v2" className="FLua.Runtime.LibraryTests.LuaValueHelpersTests" name="GetInteger_MinValue_ReturnsCorrectValue" />
    </UnitTest>
    <UnitTest name="Abs_PositiveInfinity_ReturnsPositiveInfinity" storage="/users/bill/repos/flua/flua.runtime.librarytests/bin/debug/net8.0/flua.runtime.librarytests.dll" id="91fa945e-534a-024b-68c1-09481e2cfed7">
      <Execution id="3e956726-d728-49e3-ad7e-111242c396ac" />
      <TestMethod codeBase="/Users/bill/Repos/FLua/FLua.Runtime.LibraryTests/bin/Debug/net8.0/FLua.Runtime.LibraryTests.dll" adapterTypeName="executor://mstestadapter/v2" className="FLua.Runtime.LibraryTests.LuaMathLibTests" name="Abs_PositiveInfinity_ReturnsPositiveInfinity" />
    </UnitTest>
    <UnitTest name="DiffTime_NegativeDifference_ReturnsNegativeValue" storage="/users/bill/repos/flua/flua.runtime.librarytests/bin/debug/net8.0/flua.runtime.librarytests.dll" id="ce110ec4-6807-151f-0f3f-e817293b8781">
      <Execution id="6134229f-f3d0-4d59-9008-2a24414fdeaa" />
      <TestMethod codeBase="/Users/bill/Repos/FLua/FLua.Runtime.LibraryTests/bin/Debug/net8.0/FLua.Runtime.LibraryTests.dll" adapterTypeName="executor://mstestadapter/v2" className="FLua.Runtime.LibraryTests.LuaOSLibTests" name="DiffTime_NegativeDifference_ReturnsNegativeValue" />
    </UnitTest>
    <UnitTest name="IsNumber_FloatValue_ReturnsTrue" storage="/users/bill/repos/flua/flua.runtime.librarytests/bin/debug/net8.0/flua.runtime.librarytests.dll" id="14dff083-c9f6-edb1-f839-0afb5426adcd">
      <Execution id="ac614cf6-59d8-45de-a651-24f7d2cedbd3" />
      <TestMethod codeBase="/Users/bill/Repos/FLua/FLua.Runtime.LibraryTests/bin/Debug/net8.0/FLua.Runtime.LibraryTests.dll" adapterTypeName="executor://mstestadapter/v2" className="FLua.Runtime.LibraryTests.LuaValueHelpersTests" name="IsNumber_FloatValue_ReturnsTrue" />
    </UnitTest>
    <UnitTest name="Sqrt_Zero_ReturnsZero" storage="/users/bill/repos/flua/flua.runtime.librarytests/bin/debug/net8.0/flua.runtime.librarytests.dll" id="47ac3cbb-aa32-69aa-eb93-a86a9fb3bda6">
      <Execution id="f73677e5-a5c0-49ee-8c4a-67ad0632afe4" />
      <TestMethod codeBase="/Users/bill/Repos/FLua/FLua.Runtime.LibraryTests/bin/Debug/net8.0/FLua.Runtime.LibraryTests.dll" adapterTypeName="executor://mstestadapter/v2" className="FLua.Runtime.LibraryTests.LuaMathLibTests" name="Sqrt_Zero_ReturnsZero" />
    </UnitTest>
    <UnitTest name="IsString_StringValue_ReturnsTrue" storage="/users/bill/repos/flua/flua.runtime.librarytests/bin/debug/net8.0/flua.runtime.librarytests.dll" id="a1ad0f11-1acf-9951-e51b-5aa2d40e334d">
      <Execution id="c9c49906-0e7a-4efc-bb95-b378156b0e8a" />
      <TestMethod codeBase="/Users/bill/Repos/FLua/FLua.Runtime.LibraryTests/bin/Debug/net8.0/FLua.Runtime.LibraryTests.dll" adapterTypeName="executor://mstestadapter/v2" className="FLua.Runtime.LibraryTests.LuaValueHelpersTests" name="IsString_StringValue_ReturnsTrue" />
    </UnitTest>
    <UnitTest name="Sub_StartEqualsEnd_ReturnsSingleCharacter" storage="/users/bill/repos/flua/flua.runtime.librarytests/bin/debug/net8.0/flua.runtime.librarytests.dll" id="c449ff5e-a04c-65d2-8358-81dfa42bfb3c">
      <Execution id="fe7f8e5e-d3a9-4011-9713-90a457b20f70" />
      <TestMethod codeBase="/Users/bill/Repos/FLua/FLua.Runtime.LibraryTests/bin/Debug/net8.0/FLua.Runtime.LibraryTests.dll" adapterTypeName="executor://mstestadapter/v2" className="FLua.Runtime.LibraryTests.LuaStringLibTests" name="Sub_StartEqualsEnd_ReturnsSingleCharacter" />
    </UnitTest>
    <UnitTest name="Format_ZeroPadFlag_PadsWithZeros" storage="/users/bill/repos/flua/flua.runtime.librarytests/bin/debug/net8.0/flua.runtime.librarytests.dll" id="bc1ff08e-1e15-6ede-0c74-21fde48f6fcd">
      <Execution id="d0a42d83-afe5-43f6-b23d-a9fbeef84777" />
      <TestMethod codeBase="/Users/bill/Repos/FLua/FLua.Runtime.LibraryTests/bin/Debug/net8.0/FLua.Runtime.LibraryTests.dll" adapterTypeName="executor://mstestadapter/v2" className="FLua.Runtime.LibraryTests.LuaStringLibTests" name="Format_ZeroPadFlag_PadsWithZeros" />
    </UnitTest>
    <UnitTest name="Rep_CountOne_ReturnsSameString" storage="/users/bill/repos/flua/flua.runtime.librarytests/bin/debug/net8.0/flua.runtime.librarytests.dll" id="c9e3b85c-08c6-c9b0-c2c1-08d8f5887312">
      <Execution id="fd7e6587-4845-4339-8704-68d431c6ce8a" />
      <TestMethod codeBase="/Users/bill/Repos/FLua/FLua.Runtime.LibraryTests/bin/Debug/net8.0/FLua.Runtime.LibraryTests.dll" adapterTypeName="executor://mstestadapter/v2" className="FLua.Runtime.LibraryTests.LuaStringLibTests" name="Rep_CountOne_ReturnsSameString" />
    </UnitTest>
    <UnitTest name="Equals_BothNil_ReturnsTrue" storage="/users/bill/repos/flua/flua.runtime.librarytests/bin/debug/net8.0/flua.runtime.librarytests.dll" id="dc2c84c8-44bb-4ef8-69bb-c08aa54f4e45">
      <Execution id="55360424-bb8d-4baa-ac3a-544b5bfaf2b4" />
      <TestMethod codeBase="/Users/bill/Repos/FLua/FLua.Runtime.LibraryTests/bin/Debug/net8.0/FLua.Runtime.LibraryTests.dll" adapterTypeName="executor://mstestadapter/v2" className="FLua.Runtime.LibraryTests.LuaValueTests" name="Equals_BothNil_ReturnsTrue" />
    </UnitTest>
    <UnitTest name="Clock_ReturnsPositiveNumber" storage="/users/bill/repos/flua/flua.runtime.librarytests/bin/debug/net8.0/flua.runtime.librarytests.dll" id="92d40d22-aa79-198f-78bb-e1b4434c8a26">
      <Execution id="be63b567-ed0f-4b14-bbaf-28938b7314ed" />
      <TestMethod codeBase="/Users/bill/Repos/FLua/FLua.Runtime.LibraryTests/bin/Debug/net8.0/FLua.Runtime.LibraryTests.dll" adapterTypeName="executor://mstestadapter/v2" className="FLua.Runtime.LibraryTests.LuaOSLibTests" name="Clock_ReturnsPositiveNumber" />
    </UnitTest>
    <UnitTest name="Floor_LargeFloat_ReturnsFloat" storage="/users/bill/repos/flua/flua.runtime.librarytests/bin/debug/net8.0/flua.runtime.librarytests.dll" id="5e4370a9-e725-b06f-f680-a7ac00d166d5">
      <Execution id="1abb6566-3d1f-4e50-a81b-878c44215299" />
      <TestMethod codeBase="/Users/bill/Repos/FLua/FLua.Runtime.LibraryTests/bin/Debug/net8.0/FLua.Runtime.LibraryTests.dll" adapterTypeName="executor://mstestadapter/v2" className="FLua.Runtime.LibraryTests.LuaMathLibTests" name="Floor_LargeFloat_ReturnsFloat" />
    </UnitTest>
    <UnitTest name="Unpack_SimpleArray_ReturnsElements" storage="/users/bill/repos/flua/flua.runtime.librarytests/bin/debug/net8.0/flua.runtime.librarytests.dll" id="3483b99b-fc69-a667-3fb8-b744a04642ad">
      <Execution id="6ac5aab8-0951-462a-ad2c-678738ce42fc" />
      <TestMethod codeBase="/Users/bill/Repos/FLua/FLua.Runtime.LibraryTests/bin/Debug/net8.0/FLua.Runtime.LibraryTests.dll" adapterTypeName="executor://mstestadapter/v2" className="FLua.Runtime.LibraryTests.LuaTableLibTests" name="Unpack_SimpleArray_ReturnsElements" />
    </UnitTest>
    <UnitTest name="Sin_PiOver2_ReturnsOne" storage="/users/bill/repos/flua/flua.runtime.librarytests/bin/debug/net8.0/flua.runtime.librarytests.dll" id="3afc9177-ad93-b9af-75ec-7097ea116058">
      <Execution id="13733200-7b30-4086-9365-580097bad4a3" />
      <TestMethod codeBase="/Users/bill/Repos/FLua/FLua.Runtime.LibraryTests/bin/Debug/net8.0/FLua.Runtime.LibraryTests.dll" adapterTypeName="executor://mstestadapter/v2" className="FLua.Runtime.LibraryTests.LuaMathLibTests" name="Sin_PiOver2_ReturnsOne" />
    </UnitTest>
    <UnitTest name="String_UnicodeString_ReturnsCorrectValue" storage="/users/bill/repos/flua/flua.runtime.librarytests/bin/debug/net8.0/flua.runtime.librarytests.dll" id="81432b5a-0a92-dee0-84a6-365867d576ce">
      <Execution id="fee3e92d-1f5c-4544-b628-00e6fefc1b3c" />
      <TestMethod codeBase="/Users/bill/Repos/FLua/FLua.Runtime.LibraryTests/bin/Debug/net8.0/FLua.Runtime.LibraryTests.dll" adapterTypeName="executor://mstestadapter/v2" className="FLua.Runtime.LibraryTests.LuaValueTests" name="String_UnicodeString_ReturnsCorrectValue" />
    </UnitTest>
    <UnitTest name="ToLuaString_StringValue_ReturnsString" storage="/users/bill/repos/flua/flua.runtime.librarytests/bin/debug/net8.0/flua.runtime.librarytests.dll" id="c886bf97-c264-17f4-360b-1804dfde8668">
      <Execution id="af4e0b72-05b9-4933-ba3d-34305659fe5b" />
      <TestMethod codeBase="/Users/bill/Repos/FLua/FLua.Runtime.LibraryTests/bin/Debug/net8.0/FLua.Runtime.LibraryTests.dll" adapterTypeName="executor://mstestadapter/v2" className="FLua.Runtime.LibraryTests.LuaValueTests" name="ToLuaString_StringValue_ReturnsString" />
    </UnitTest>
    <UnitTest name="FileHandle_Read_ZeroCount_ReturnsEmpty" storage="/users/bill/repos/flua/flua.runtime.librarytests/bin/debug/net8.0/flua.runtime.librarytests.dll" id="9b56cfb9-586a-9651-3fac-504fa070f523">
      <Execution id="77aa2f5c-63aa-41ee-b508-ef87df2da022" />
      <TestMethod codeBase="/Users/bill/Repos/FLua/FLua.Runtime.LibraryTests/bin/Debug/net8.0/FLua.Runtime.LibraryTests.dll" adapterTypeName="executor://mstestadapter/v2" className="FLua.Runtime.LibraryTests.LuaIOLibTests" name="FileHandle_Read_ZeroCount_ReturnsEmpty" />
    </UnitTest>
    <UnitTest name="Format_SimpleStringReplacement_WorksCorrectly" storage="/users/bill/repos/flua/flua.runtime.librarytests/bin/debug/net8.0/flua.runtime.librarytests.dll" id="e5c5ad1e-516b-ba8f-d8b3-2dec54cb31d0">
      <Execution id="4416cbc9-10ee-411a-adb3-614cca114cb7" />
      <TestMethod codeBase="/Users/bill/Repos/FLua/FLua.Runtime.LibraryTests/bin/Debug/net8.0/FLua.Runtime.LibraryTests.dll" adapterTypeName="executor://mstestadapter/v2" className="FLua.Runtime.LibraryTests.LuaStringLibTests" name="Format_SimpleStringReplacement_WorksCorrectly" />
    </UnitTest>
    <UnitTest name="Exp_One_ReturnsE" storage="/users/bill/repos/flua/flua.runtime.librarytests/bin/debug/net8.0/flua.runtime.librarytests.dll" id="3725ed9d-fa75-4215-a7b8-4a32f173aba8">
      <Execution id="6aa390d4-b5fa-4af0-b7fe-391eabdf0855" />
      <TestMethod codeBase="/Users/bill/Repos/FLua/FLua.Runtime.LibraryTests/bin/Debug/net8.0/FLua.Runtime.LibraryTests.dll" adapterTypeName="executor://mstestadapter/v2" className="FLua.Runtime.LibraryTests.LuaMathLibTests" name="Exp_One_ReturnsE" />
    </UnitTest>
    <UnitTest name="Open_WriteMode_CreatesNewFile" storage="/users/bill/repos/flua/flua.runtime.librarytests/bin/debug/net8.0/flua.runtime.librarytests.dll" id="316e17c5-c5ba-ac81-4655-609abada5b0e">
      <Execution id="2896759e-c6e4-48c7-aae0-a280a0e13ca5" />
      <TestMethod codeBase="/Users/bill/Repos/FLua/FLua.Runtime.LibraryTests/bin/Debug/net8.0/FLua.Runtime.LibraryTests.dll" adapterTypeName="executor://mstestadapter/v2" className="FLua.Runtime.LibraryTests.LuaIOLibTests" name="Open_WriteMode_CreatesNewFile" />
    </UnitTest>
    <UnitTest name="Pack_SizeT_WorksCorrectly" storage="/users/bill/repos/flua/flua.runtime.librarytests/bin/debug/net8.0/flua.runtime.librarytests.dll" id="952a8a71-b4cd-9818-5a02-92acc1efe8b0">
      <Execution id="996945e5-5d06-4dde-82c9-90f35d39596c" />
      <TestMethod codeBase="/Users/bill/Repos/FLua/FLua.Runtime.LibraryTests/bin/Debug/net8.0/FLua.Runtime.LibraryTests.dll" adapterTypeName="executor://mstestadapter/v2" className="FLua.Runtime.LibraryTests.LuaStringLibTests" name="Pack_SizeT_WorksCorrectly" />
    </UnitTest>
    <UnitTest name="Len_MixedString_CountsCorrectly" storage="/users/bill/repos/flua/flua.runtime.librarytests/bin/debug/net8.0/flua.runtime.librarytests.dll" id="d2f79be1-f1ca-d801-4182-02bc9225c1f3">
      <Execution id="e2022753-b44f-4034-86b9-1211192c1f12" />
      <TestMethod codeBase="/Users/bill/Repos/FLua/FLua.Runtime.LibraryTests/bin/Debug/net8.0/FLua.Runtime.LibraryTests.dll" adapterTypeName="executor://mstestadapter/v2" className="FLua.Runtime.LibraryTests.LuaUTF8LibTests" name="Len_MixedString_CountsCorrectly" />
    </UnitTest>
    <UnitTest name="Ceil_NegativeFloat_ReturnsCeil" storage="/users/bill/repos/flua/flua.runtime.librarytests/bin/debug/net8.0/flua.runtime.librarytests.dll" id="35b8885e-5e8d-9b1a-cab6-d81ac88a9066">
      <Execution id="126bbec7-1c95-43df-be45-85cc4c0eb7b3" />
      <TestMethod codeBase="/Users/bill/Repos/FLua/FLua.Runtime.LibraryTests/bin/Debug/net8.0/FLua.Runtime.LibraryTests.dll" adapterTypeName="executor://mstestadapter/v2" className="FLua.Runtime.LibraryTests.LuaMathLibTests" name="Ceil_NegativeFloat_ReturnsCeil" />
    </UnitTest>
    <UnitTest name="Move_NonTableSource_ThrowsException" storage="/users/bill/repos/flua/flua.runtime.librarytests/bin/debug/net8.0/flua.runtime.librarytests.dll" id="f3647307-8fa1-ea9a-d61e-ff0e0e3b3c0f">
      <Execution id="4c251f28-26cb-4b8f-9b6f-71d756ad8fc1" />
      <TestMethod codeBase="/Users/bill/Repos/FLua/FLua.Runtime.LibraryTests/bin/Debug/net8.0/FLua.Runtime.LibraryTests.dll" adapterTypeName="executor://mstestadapter/v2" className="FLua.Runtime.LibraryTests.LuaTableLibTests" name="Move_NonTableSource_ThrowsException" />
    </UnitTest>
    <UnitTest name="Format_FloatFormatting_WorksCorrectly" storage="/users/bill/repos/flua/flua.runtime.librarytests/bin/debug/net8.0/flua.runtime.librarytests.dll" id="ce6e61f0-02b6-b566-1b38-58cf8c7eddc5">
      <Execution id="d45c6b59-6ac8-401c-9f4e-ce06739e00c8" />
      <TestMethod codeBase="/Users/bill/Repos/FLua/FLua.Runtime.LibraryTests/bin/Debug/net8.0/FLua.Runtime.LibraryTests.dll" adapterTypeName="executor://mstestadapter/v2" className="FLua.Runtime.LibraryTests.LuaStringLibTests" name="Format_FloatFormatting_WorksCorrectly" />
    </UnitTest>
    <UnitTest name="AsInteger_NonIntegerValue_ThrowsException" storage="/users/bill/repos/flua/flua.runtime.librarytests/bin/debug/net8.0/flua.runtime.librarytests.dll" id="092d3db4-bd27-e826-9b24-629c17ea85e9">
      <Execution id="d2a7686a-4ee2-4897-9cd6-9ecd34bae09f" />
      <TestMethod codeBase="/Users/bill/Repos/FLua/FLua.Runtime.LibraryTests/bin/Debug/net8.0/FLua.Runtime.LibraryTests.dll" adapterTypeName="executor://mstestadapter/v2" className="FLua.Runtime.LibraryTests.LuaValueTests" name="AsInteger_NonIntegerValue_ThrowsException" />
    </UnitTest>
    <UnitTest name="Floor_Integer_ReturnsSameValue" storage="/users/bill/repos/flua/flua.runtime.librarytests/bin/debug/net8.0/flua.runtime.librarytests.dll" id="2a85935e-5001-a7a5-9055-56e88cd50aae">
      <Execution id="0b84e257-ccc1-47d3-a922-06d561f3f8f5" />
      <TestMethod codeBase="/Users/bill/Repos/FLua/FLua.Runtime.LibraryTests/bin/Debug/net8.0/FLua.Runtime.LibraryTests.dll" adapterTypeName="executor://mstestadapter/v2" className="FLua.Runtime.LibraryTests.LuaMathLibTests" name="Floor_Integer_ReturnsSameValue" />
    </UnitTest>
    <UnitTest name="TryToInteger_FloatWithFractionalPart_ReturnsFalse" storage="/users/bill/repos/flua/flua.runtime.librarytests/bin/debug/net8.0/flua.runtime.librarytests.dll" id="6cc07460-5fb6-c713-1995-9f7347e597ba">
      <Execution id="f3827ceb-1d70-4eda-bb4d-644c9391fa46" />
      <TestMethod codeBase="/Users/bill/Repos/FLua/FLua.Runtime.LibraryTests/bin/Debug/net8.0/FLua.Runtime.LibraryTests.dll" adapterTypeName="executor://mstestadapter/v2" className="FLua.Runtime.LibraryTests.LuaValueTests" name="TryToInteger_FloatWithFractionalPart_ReturnsFalse" />
    </UnitTest>
    <UnitTest name="Sort_Numbers_SortsNumerically" storage="/users/bill/repos/flua/flua.runtime.librarytests/bin/debug/net8.0/flua.runtime.librarytests.dll" id="eb76ace6-853a-21b1-ca5c-5e67b7601320">
      <Execution id="4ca18bed-1a68-460b-b042-718a376ccad8" />
      <TestMethod codeBase="/Users/bill/Repos/FLua/FLua.Runtime.LibraryTests/bin/Debug/net8.0/FLua.Runtime.LibraryTests.dll" adapterTypeName="executor://mstestadapter/v2" className="FLua.Runtime.LibraryTests.LuaTableLibTests" name="Sort_Numbers_SortsNumerically" />
    </UnitTest>
    <UnitTest name="Clock_SuccessiveCallsIncreaseMonotonically" storage="/users/bill/repos/flua/flua.runtime.librarytests/bin/debug/net8.0/flua.runtime.librarytests.dll" id="80691151-143c-52a8-bcbb-bd76651c398f">
      <Execution id="e670936e-03e0-4f28-af67-019722eba537" />
      <TestMethod codeBase="/Users/bill/Repos/FLua/FLua.Runtime.LibraryTests/bin/Debug/net8.0/FLua.Runtime.LibraryTests.dll" adapterTypeName="executor://mstestadapter/v2" className="FLua.Runtime.LibraryTests.LuaOSLibTests" name="Clock_SuccessiveCallsIncreaseMonotonically" />
    </UnitTest>
    <UnitTest name="ToInteger_NegativeIntegerString_ReturnsCorrectInteger" storage="/users/bill/repos/flua/flua.runtime.librarytests/bin/debug/net8.0/flua.runtime.librarytests.dll" id="d5f79c47-ffc8-b440-c71d-83b2bd2cd7bc">
      <Execution id="b9d05c26-4731-4354-a3a5-c2805a3490ab" />
      <TestMethod codeBase="/Users/bill/Repos/FLua/FLua.Runtime.LibraryTests/bin/Debug/net8.0/FLua.Runtime.LibraryTests.dll" adapterTypeName="executor://mstestadapter/v2" className="FLua.Runtime.LibraryTests.LuaTypeConversionTests" name="ToInteger_NegativeIntegerString_ReturnsCorrectInteger" />
    </UnitTest>
    <UnitTest name="Sub_StartOnly_ReturnsFromStartToEnd" storage="/users/bill/repos/flua/flua.runtime.librarytests/bin/debug/net8.0/flua.runtime.librarytests.dll" id="e98b4b51-54e6-732a-a117-1f66388678a8">
      <Execution id="dad3f743-6dfd-43b6-b420-eb292bc28311" />
      <TestMethod codeBase="/Users/bill/Repos/FLua/FLua.Runtime.LibraryTests/bin/Debug/net8.0/FLua.Runtime.LibraryTests.dll" adapterTypeName="executor://mstestadapter/v2" className="FLua.Runtime.LibraryTests.LuaStringLibTests" name="Sub_StartOnly_ReturnsFromStartToEnd" />
    </UnitTest>
    <UnitTest name="Pow_TwoToThePowerOfThree_ReturnsEight" storage="/users/bill/repos/flua/flua.runtime.librarytests/bin/debug/net8.0/flua.runtime.librarytests.dll" id="6642b87e-f989-fa7e-fc87-e099ff904a87">
      <Execution id="d269b90e-a9cf-429a-b42b-a8eee8094d1e" />
      <TestMethod codeBase="/Users/bill/Repos/FLua/FLua.Runtime.LibraryTests/bin/Debug/net8.0/FLua.Runtime.LibraryTests.dll" adapterTypeName="executor://mstestadapter/v2" className="FLua.Runtime.LibraryTests.LuaMathLibTests" name="Pow_TwoToThePowerOfThree_ReturnsEight" />
    </UnitTest>
    <UnitTest name="Len_LongString_ReturnsCorrectLength" storage="/users/bill/repos/flua/flua.runtime.librarytests/bin/debug/net8.0/flua.runtime.librarytests.dll" id="93b341b6-a5db-14cd-05fe-4c1e0fcee7e4">
      <Execution id="1705cd4b-700d-4aca-a221-292f97dcc18f" />
      <TestMethod codeBase="/Users/bill/Repos/FLua/FLua.Runtime.LibraryTests/bin/Debug/net8.0/FLua.Runtime.LibraryTests.dll" adapterTypeName="executor://mstestadapter/v2" className="FLua.Runtime.LibraryTests.LuaStringLibTests" name="Len_LongString_ReturnsCorrectLength" />
    </UnitTest>
    <UnitTest name="CodePoint_NoArguments_ThrowsException" storage="/users/bill/repos/flua/flua.runtime.librarytests/bin/debug/net8.0/flua.runtime.librarytests.dll" id="fec8e7d0-a919-01a6-d40f-af4e5424a86b">
      <Execution id="dc1d5c42-5584-469f-9ad8-72d342680e9e" />
      <TestMethod codeBase="/Users/bill/Repos/FLua/FLua.Runtime.LibraryTests/bin/Debug/net8.0/FLua.Runtime.LibraryTests.dll" adapterTypeName="executor://mstestadapter/v2" className="FLua.Runtime.LibraryTests.LuaUTF8LibTests" name="CodePoint_NoArguments_ThrowsException" />
    </UnitTest>
    <UnitTest name="Format_MissingArgument_ThrowsException" storage="/users/bill/repos/flua/flua.runtime.librarytests/bin/debug/net8.0/flua.runtime.librarytests.dll" id="d4b5d219-056e-cc0e-be33-1d6004bba6c4">
      <Execution id="3b52bf51-e8f1-4a33-930c-16a29bbf83b1" />
      <TestMethod codeBase="/Users/bill/Repos/FLua/FLua.Runtime.LibraryTests/bin/Debug/net8.0/FLua.Runtime.LibraryTests.dll" adapterTypeName="executor://mstestadapter/v2" className="FLua.Runtime.LibraryTests.LuaStringLibTests" name="Format_MissingArgument_ThrowsException" />
    </UnitTest>
    <UnitTest name="ToInteger_FloatWithFractionalPart_ThrowsException" storage="/users/bill/repos/flua/flua.runtime.librarytests/bin/debug/net8.0/flua.runtime.librarytests.dll" id="3183239c-49be-13db-94b9-ad8c4858d6b4">
      <Execution id="28a8e425-b0b7-4b36-83c1-be062a6a9c3a" />
      <TestMethod codeBase="/Users/bill/Repos/FLua/FLua.Runtime.LibraryTests/bin/Debug/net8.0/FLua.Runtime.LibraryTests.dll" adapterTypeName="executor://mstestadapter/v2" className="FLua.Runtime.LibraryTests.LuaTypeConversionTests" name="ToInteger_FloatWithFractionalPart_ThrowsException" />
    </UnitTest>
    <UnitTest name="TestMethod1" storage="/users/bill/repos/flua/flua.runtime.librarytests/bin/debug/net8.0/flua.runtime.librarytests.dll" id="c745b49e-0b06-9050-ea27-f3fe6be9c9a3">
      <Execution id="f2b07742-57cf-4793-bec9-3280f04e33fa" />
      <TestMethod codeBase="/Users/bill/Repos/FLua/FLua.Runtime.LibraryTests/bin/Debug/net8.0/FLua.Runtime.LibraryTests.dll" adapterTypeName="executor://mstestadapter/v2" className="FLua.Runtime.LibraryTests.UnitTest1" name="TestMethod1" />
    </UnitTest>
    <UnitTest name="Find_StartBeyondStringLength_ReturnsNil" storage="/users/bill/repos/flua/flua.runtime.librarytests/bin/debug/net8.0/flua.runtime.librarytests.dll" id="7313386a-5d26-9aa2-0acf-f3c0e885a30b">
      <Execution id="919ebc25-b677-4cd8-a7a6-3958d306a3ce" />
      <TestMethod codeBase="/Users/bill/Repos/FLua/FLua.Runtime.LibraryTests/bin/Debug/net8.0/FLua.Runtime.LibraryTests.dll" adapterTypeName="executor://mstestadapter/v2" className="FLua.Runtime.LibraryTests.LuaStringLibTests" name="Find_StartBeyondStringLength_ReturnsNil" />
    </UnitTest>
    <UnitTest name="CreateNumber_MaxLong_ReturnsMaxInteger" storage="/users/bill/repos/flua/flua.runtime.librarytests/bin/debug/net8.0/flua.runtime.librarytests.dll" id="f758e466-f99e-2f24-2103-23592204a18c">
      <Execution id="868eaea2-08fa-46e5-a5f9-64e915ebf050" />
      <TestMethod codeBase="/Users/bill/Repos/FLua/FLua.Runtime.LibraryTests/bin/Debug/net8.0/FLua.Runtime.LibraryTests.dll" adapterTypeName="executor://mstestadapter/v2" className="FLua.Runtime.LibraryTests.LuaValueHelpersTests" name="CreateNumber_MaxLong_ReturnsMaxInteger" />
    </UnitTest>
    <UnitTest name="CreateNumber_ZeroDouble_ReturnsZeroFloat" storage="/users/bill/repos/flua/flua.runtime.librarytests/bin/debug/net8.0/flua.runtime.librarytests.dll" id="2612273a-d5c4-4832-8695-dd20406cbed0">
      <Execution id="da8cac5f-47ea-4c2a-989a-442d12c8eb05" />
      <TestMethod codeBase="/Users/bill/Repos/FLua/FLua.Runtime.LibraryTests/bin/Debug/net8.0/FLua.Runtime.LibraryTests.dll" adapterTypeName="executor://mstestadapter/v2" className="FLua.Runtime.LibraryTests.LuaValueHelpersTests" name="CreateNumber_ZeroDouble_ReturnsZeroFloat" />
    </UnitTest>
    <UnitTest name="Pack_UnsignedShort_WorksCorrectly" storage="/users/bill/repos/flua/flua.runtime.librarytests/bin/debug/net8.0/flua.runtime.librarytests.dll" id="6a3e1ea6-7efd-59c8-0079-ca724e40ddfa">
      <Execution id="b4914886-4ff0-4d8e-8a94-8454c01b2dd9" />
      <TestMethod codeBase="/Users/bill/Repos/FLua/FLua.Runtime.LibraryTests/bin/Debug/net8.0/FLua.Runtime.LibraryTests.dll" adapterTypeName="executor://mstestadapter/v2" className="FLua.Runtime.LibraryTests.LuaStringLibTests" name="Pack_UnsignedShort_WorksCorrectly" />
    </UnitTest>
    <UnitTest name="Type_NoArguments_ReturnsNil" storage="/users/bill/repos/flua/flua.runtime.librarytests/bin/debug/net8.0/flua.runtime.librarytests.dll" id="da2d786f-538e-7702-aa12-98bb27105cae">
      <Execution id="14ffdad3-a014-4695-897a-cbc02b918e88" />
      <TestMethod codeBase="/Users/bill/Repos/FLua/FLua.Runtime.LibraryTests/bin/Debug/net8.0/FLua.Runtime.LibraryTests.dll" adapterTypeName="executor://mstestadapter/v2" className="FLua.Runtime.LibraryTests.LuaIOLibTests" name="Type_NoArguments_ReturnsNil" />
    </UnitTest>
    <UnitTest name="ToInteger_StringInteger_ReturnsInteger" storage="/users/bill/repos/flua/flua.runtime.librarytests/bin/debug/net8.0/flua.runtime.librarytests.dll" id="302be2d9-e67e-17ff-92a8-c4111efae5bb">
      <Execution id="4ed6b970-78d6-49fb-a9f0-656c9b216c72" />
      <TestMethod codeBase="/Users/bill/Repos/FLua/FLua.Runtime.LibraryTests/bin/Debug/net8.0/FLua.Runtime.LibraryTests.dll" adapterTypeName="executor://mstestadapter/v2" className="FLua.Runtime.LibraryTests.LuaMathLibTests" name="ToInteger_StringInteger_ReturnsInteger" />
    </UnitTest>
    <UnitTest name="Integer_PositiveValue_ReturnsCorrectValue" storage="/users/bill/repos/flua/flua.runtime.librarytests/bin/debug/net8.0/flua.runtime.librarytests.dll" id="d2140570-9e33-308a-7666-319988c1d656">
      <Execution id="9669af5d-6579-41b1-b489-d35e83393b87" />
      <TestMethod codeBase="/Users/bill/Repos/FLua/FLua.Runtime.LibraryTests/bin/Debug/net8.0/FLua.Runtime.LibraryTests.dll" adapterTypeName="executor://mstestadapter/v2" className="FLua.Runtime.LibraryTests.LuaValueTests" name="Integer_PositiveValue_ReturnsCorrectValue" />
    </UnitTest>
    <UnitTest name="Sub_EmptyString_ReturnsEmpty" storage="/users/bill/repos/flua/flua.runtime.librarytests/bin/debug/net8.0/flua.runtime.librarytests.dll" id="ce8879f5-6e83-5bff-bdae-70b3e4d2e15b">
      <Execution id="c03db839-6656-4dac-b48d-602db77f2e3b" />
      <TestMethod codeBase="/Users/bill/Repos/FLua/FLua.Runtime.LibraryTests/bin/Debug/net8.0/FLua.Runtime.LibraryTests.dll" adapterTypeName="executor://mstestadapter/v2" className="FLua.Runtime.LibraryTests.LuaStringLibTests" name="Sub_EmptyString_ReturnsEmpty" />
    </UnitTest>
    <UnitTest name="Char_NonIntegerArgument_ThrowsException" storage="/users/bill/repos/flua/flua.runtime.librarytests/bin/debug/net8.0/flua.runtime.librarytests.dll" id="e66ea803-41ea-dd7e-a790-9ff8d4e692fa">
      <Execution id="2c856edd-b7f9-4220-8ad3-eacd9f268f25" />
      <TestMethod codeBase="/Users/bill/Repos/FLua/FLua.Runtime.LibraryTests/bin/Debug/net8.0/FLua.Runtime.LibraryTests.dll" adapterTypeName="executor://mstestadapter/v2" className="FLua.Runtime.LibraryTests.LuaStringLibTests" name="Char_NonIntegerArgument_ThrowsException" />
    </UnitTest>
    <UnitTest name="DiffTime_MissingSecondArgument_ThrowsException" storage="/users/bill/repos/flua/flua.runtime.librarytests/bin/debug/net8.0/flua.runtime.librarytests.dll" id="6c30615a-35f0-23d2-2af1-7f5ba4d86cd0">
      <Execution id="baaaef0d-65f9-4a7d-9173-d0de0c87641c" />
      <TestMethod codeBase="/Users/bill/Repos/FLua/FLua.Runtime.LibraryTests/bin/Debug/net8.0/FLua.Runtime.LibraryTests.dll" adapterTypeName="executor://mstestadapter/v2" className="FLua.Runtime.LibraryTests.LuaOSLibTests" name="DiffTime_MissingSecondArgument_ThrowsException" />
    </UnitTest>
    <UnitTest name="Remove_AtPosition_ShiftsElements" storage="/users/bill/repos/flua/flua.runtime.librarytests/bin/debug/net8.0/flua.runtime.librarytests.dll" id="e2b2e85e-40bb-ee45-19ac-a85354ec2aff">
      <Execution id="ed1abb0b-fdc0-48b8-86c6-71e418881923" />
      <TestMethod codeBase="/Users/bill/Repos/FLua/FLua.Runtime.LibraryTests/bin/Debug/net8.0/FLua.Runtime.LibraryTests.dll" adapterTypeName="executor://mstestadapter/v2" className="FLua.Runtime.LibraryTests.LuaTableLibTests" name="Remove_AtPosition_ShiftsElements" />
    </UnitTest>
    <UnitTest name="Len_EmojiString_CountsCorrectly" storage="/users/bill/repos/flua/flua.runtime.librarytests/bin/debug/net8.0/flua.runtime.librarytests.dll" id="9174375c-0b3c-1055-5fb5-df8ca562869a">
      <Execution id="41deeb91-95eb-41fb-965f-512fb6cc4d87" />
      <TestMethod codeBase="/Users/bill/Repos/FLua/FLua.Runtime.LibraryTests/bin/Debug/net8.0/FLua.Runtime.LibraryTests.dll" adapterTypeName="executor://mstestadapter/v2" className="FLua.Runtime.LibraryTests.LuaUTF8LibTests" name="Len_EmojiString_CountsCorrectly" />
    </UnitTest>
    <UnitTest name="Find_SimplePattern_ReturnsPosition" storage="/users/bill/repos/flua/flua.runtime.librarytests/bin/debug/net8.0/flua.runtime.librarytests.dll" id="b931607b-ba65-f0fe-f4b5-565ebc4e7bc9">
      <Execution id="189e1aa5-6593-4574-a401-d87019c32ec7" />
      <TestMethod codeBase="/Users/bill/Repos/FLua/FLua.Runtime.LibraryTests/bin/Debug/net8.0/FLua.Runtime.LibraryTests.dll" adapterTypeName="executor://mstestadapter/v2" className="FLua.Runtime.LibraryTests.LuaStringLibTests" name="Find_SimplePattern_ReturnsPosition" />
    </UnitTest>
    <UnitTest name="Time_InvalidDateTable_ThrowsException" storage="/users/bill/repos/flua/flua.runtime.librarytests/bin/debug/net8.0/flua.runtime.librarytests.dll" id="5b70969d-3127-18e8-4abf-82acfd64a1f1">
      <Execution id="fc69d64c-1888-4805-bccd-f4547c3bee1f" />
      <TestMethod codeBase="/Users/bill/Repos/FLua/FLua.Runtime.LibraryTests/bin/Debug/net8.0/FLua.Runtime.LibraryTests.dll" adapterTypeName="executor://mstestadapter/v2" className="FLua.Runtime.LibraryTests.LuaOSLibTests" name="Time_InvalidDateTable_ThrowsException" />
    </UnitTest>
    <UnitTest name="Rad_180_ReturnsPi" storage="/users/bill/repos/flua/flua.runtime.librarytests/bin/debug/net8.0/flua.runtime.librarytests.dll" id="b3ce1882-0b30-f00e-0788-a6798983f21c">
      <Execution id="0bcf7081-b5cb-4fd6-a86c-886222078f38" />
      <TestMethod codeBase="/Users/bill/Repos/FLua/FLua.Runtime.LibraryTests/bin/Debug/net8.0/FLua.Runtime.LibraryTests.dll" adapterTypeName="executor://mstestadapter/v2" className="FLua.Runtime.LibraryTests.LuaMathLibTests" name="Rad_180_ReturnsPi" />
    </UnitTest>
    <UnitTest name="ManyVariables_Performance_Acceptable" storage="/users/bill/repos/flua/flua.runtime.librarytests/bin/debug/net8.0/flua.runtime.librarytests.dll" id="c30f375d-bb42-6c2b-5206-9699f2408f8e">
      <Execution id="c2e05682-9c8a-4c97-bcdf-1355bff451f9" />
      <TestMethod codeBase="/Users/bill/Repos/FLua/FLua.Runtime.LibraryTests/bin/Debug/net8.0/FLua.Runtime.LibraryTests.dll" adapterTypeName="executor://mstestadapter/v2" className="FLua.Runtime.LibraryTests.LuaEnvironmentTests" name="ManyVariables_Performance_Acceptable" />
    </UnitTest>
    <UnitTest name="CreateNumber_NegativeLong_ReturnsCorrectInteger" storage="/users/bill/repos/flua/flua.runtime.librarytests/bin/debug/net8.0/flua.runtime.librarytests.dll" id="c9b41b16-24ce-496b-987c-abd353e461e5">
      <Execution id="af8bb885-c79e-4095-9946-804c6066ba2a" />
      <TestMethod codeBase="/Users/bill/Repos/FLua/FLua.Runtime.LibraryTests/bin/Debug/net8.0/FLua.Runtime.LibraryTests.dll" adapterTypeName="executor://mstestadapter/v2" className="FLua.Runtime.LibraryTests.LuaValueHelpersTests" name="CreateNumber_NegativeLong_ReturnsCorrectInteger" />
    </UnitTest>
    <UnitTest name="StringToNumber_EmptyString_ReturnsNull" storage="/users/bill/repos/flua/flua.runtime.librarytests/bin/debug/net8.0/flua.runtime.librarytests.dll" id="1cb9d42a-446e-6702-65e7-c0f68d134285">
      <Execution id="b410584d-326e-4917-99d4-6accac863a98" />
      <TestMethod codeBase="/Users/bill/Repos/FLua/FLua.Runtime.LibraryTests/bin/Debug/net8.0/FLua.Runtime.LibraryTests.dll" adapterTypeName="executor://mstestadapter/v2" className="FLua.Runtime.LibraryTests.LuaTypeConversionTests" name="StringToNumber_EmptyString_ReturnsNull" />
    </UnitTest>
    <UnitTest name="Concat_WithSeparator_JoinsWithSeparator" storage="/users/bill/repos/flua/flua.runtime.librarytests/bin/debug/net8.0/flua.runtime.librarytests.dll" id="3f75e1dd-7d09-8aad-d8b3-ba4677ddc4f1">
      <Execution id="4f206317-95d2-4c42-97d8-c124a07856c2" />
      <TestMethod codeBase="/Users/bill/Repos/FLua/FLua.Runtime.LibraryTests/bin/Debug/net8.0/FLua.Runtime.LibraryTests.dll" adapterTypeName="executor://mstestadapter/v2" className="FLua.Runtime.LibraryTests.LuaTableLibTests" name="Concat_WithSeparator_JoinsWithSeparator" />
    </UnitTest>
    <UnitTest name="Sqrt_Four_ReturnsTwo" storage="/users/bill/repos/flua/flua.runtime.librarytests/bin/debug/net8.0/flua.runtime.librarytests.dll" id="a0eb5310-291b-8863-e084-f56ae7a156c4">
      <Execution id="edda0a37-82b6-483d-beaf-b819ce44edfc" />
      <TestMethod codeBase="/Users/bill/Repos/FLua/FLua.Runtime.LibraryTests/bin/Debug/net8.0/FLua.Runtime.LibraryTests.dll" adapterTypeName="executor://mstestadapter/v2" className="FLua.Runtime.LibraryTests.LuaMathLibTests" name="Sqrt_Four_ReturnsTwo" />
    </UnitTest>
    <UnitTest name="GSub_NoMatches_ReturnsOriginal" storage="/users/bill/repos/flua/flua.runtime.librarytests/bin/debug/net8.0/flua.runtime.librarytests.dll" id="c8755625-971f-3215-9a42-f4870a9948c6">
      <Execution id="3b926685-1692-42f8-bb98-859ee56ba840" />
      <TestMethod codeBase="/Users/bill/Repos/FLua/FLua.Runtime.LibraryTests/bin/Debug/net8.0/FLua.Runtime.LibraryTests.dll" adapterTypeName="executor://mstestadapter/v2" className="FLua.Runtime.LibraryTests.LuaStringLibTests" name="GSub_NoMatches_ReturnsOriginal" />
    </UnitTest>
    <UnitTest name="FMod_NonNumericFirstArgument_ThrowsException" storage="/users/bill/repos/flua/flua.runtime.librarytests/bin/debug/net8.0/flua.runtime.librarytests.dll" id="e01c2c3b-1921-8eb0-c672-b4392577f2dc">
      <Execution id="e1a8ac51-6666-4ea7-b159-f49022ed2f8f" />
      <TestMethod codeBase="/Users/bill/Repos/FLua/FLua.Runtime.LibraryTests/bin/Debug/net8.0/FLua.Runtime.LibraryTests.dll" adapterTypeName="executor://mstestadapter/v2" className="FLua.Runtime.LibraryTests.LuaMathLibTests" name="FMod_NonNumericFirstArgument_ThrowsException" />
    </UnitTest>
    <UnitTest name="Lines_EmptyFile_ReturnsEmptyIterator" storage="/users/bill/repos/flua/flua.runtime.librarytests/bin/debug/net8.0/flua.runtime.librarytests.dll" id="797f74ab-502e-753e-792c-01d61bf281a5">
      <Execution id="3ed38fec-2ec6-40cc-b3ab-adf1401467d0" />
      <TestMethod codeBase="/Users/bill/Repos/FLua/FLua.Runtime.LibraryTests/bin/Debug/net8.0/FLua.Runtime.LibraryTests.dll" adapterTypeName="executor://mstestadapter/v2" className="FLua.Runtime.LibraryTests.LuaIOLibTests" name="Lines_EmptyFile_ReturnsEmptyIterator" />
    </UnitTest>
    <UnitTest name="SetLocale_AllCategory_SetsLocale" storage="/users/bill/repos/flua/flua.runtime.librarytests/bin/debug/net8.0/flua.runtime.librarytests.dll" id="76fe9faa-4618-ea82-de42-cef87ef7ab6f">
      <Execution id="2c317885-6611-417e-a1b6-b5e41eddb96d" />
      <TestMethod codeBase="/Users/bill/Repos/FLua/FLua.Runtime.LibraryTests/bin/Debug/net8.0/FLua.Runtime.LibraryTests.dll" adapterTypeName="executor://mstestadapter/v2" className="FLua.Runtime.LibraryTests.LuaOSLibTests" name="SetLocale_AllCategory_SetsLocale" />
    </UnitTest>
    <UnitTest name="Len_UnicodeString_ReturnsCharacterCount" storage="/users/bill/repos/flua/flua.runtime.librarytests/bin/debug/net8.0/flua.runtime.librarytests.dll" id="8f5dab9b-e772-79eb-2a67-42eaae48c62b">
      <Execution id="8fa7689a-b889-4d5a-8cfd-6ee9c0c37f60" />
      <TestMethod codeBase="/Users/bill/Repos/FLua/FLua.Runtime.LibraryTests/bin/Debug/net8.0/FLua.Runtime.LibraryTests.dll" adapterTypeName="executor://mstestadapter/v2" className="FLua.Runtime.LibraryTests.LuaStringLibTests" name="Len_UnicodeString_ReturnsCharacterCount" />
    </UnitTest>
    <UnitTest name="Len_OutOfBoundsStart_ReturnsZero" storage="/users/bill/repos/flua/flua.runtime.librarytests/bin/debug/net8.0/flua.runtime.librarytests.dll" id="9511ab97-a3b6-dc47-a5eb-e8d4aa09e933">
      <Execution id="0bebee2d-4143-4a70-8b87-b81429b7d075" />
      <TestMethod codeBase="/Users/bill/Repos/FLua/FLua.Runtime.LibraryTests/bin/Debug/net8.0/FLua.Runtime.LibraryTests.dll" adapterTypeName="executor://mstestadapter/v2" className="FLua.Runtime.LibraryTests.LuaUTF8LibTests" name="Len_OutOfBoundsStart_ReturnsZero" />
    </UnitTest>
    <UnitTest name="GetNumber_ZeroInteger_ReturnsZero" storage="/users/bill/repos/flua/flua.runtime.librarytests/bin/debug/net8.0/flua.runtime.librarytests.dll" id="8d7ffd3c-c613-fdd4-5501-a0aadc600b6a">
      <Execution id="4d646e57-6783-4175-8068-08354b9762a3" />
      <TestMethod codeBase="/Users/bill/Repos/FLua/FLua.Runtime.LibraryTests/bin/Debug/net8.0/FLua.Runtime.LibraryTests.dll" adapterTypeName="executor://mstestadapter/v2" className="FLua.Runtime.LibraryTests.LuaValueHelpersTests" name="GetNumber_ZeroInteger_ReturnsZero" />
    </UnitTest>
    <UnitTest name="Type_OpenFileHandle_ReturnsFile" storage="/users/bill/repos/flua/flua.runtime.librarytests/bin/debug/net8.0/flua.runtime.librarytests.dll" id="15db09ba-67c9-9115-d1c7-0d4367a1444e">
      <Execution id="7b60f776-6641-4cfd-aee2-93969e729079" />
      <TestMethod codeBase="/Users/bill/Repos/FLua/FLua.Runtime.LibraryTests/bin/Debug/net8.0/FLua.Runtime.LibraryTests.dll" adapterTypeName="executor://mstestadapter/v2" className="FLua.Runtime.LibraryTests.LuaIOLibTests" name="Type_OpenFileHandle_ReturnsFile" />
    </UnitTest>
    <UnitTest name="Pack_WithWhitespace_IgnoresSpaces" storage="/users/bill/repos/flua/flua.runtime.librarytests/bin/debug/net8.0/flua.runtime.librarytests.dll" id="4e6e0a21-4db3-e860-7b53-c6aab6b891d5">
      <Execution id="7c33ccac-6e7d-4ea0-8788-c92196f0dfd0" />
      <TestMethod codeBase="/Users/bill/Repos/FLua/FLua.Runtime.LibraryTests/bin/Debug/net8.0/FLua.Runtime.LibraryTests.dll" adapterTypeName="executor://mstestadapter/v2" className="FLua.Runtime.LibraryTests.LuaStringLibTests" name="Pack_WithWhitespace_IgnoresSpaces" />
    </UnitTest>
    <UnitTest name="Floor_NearZeroNegative_ReturnsNegativeOne" storage="/users/bill/repos/flua/flua.runtime.librarytests/bin/debug/net8.0/flua.runtime.librarytests.dll" id="1b7089d6-940d-cde2-e437-2a307b7d2116">
      <Execution id="a54577f1-7253-4566-b92d-af06effa5058" />
      <TestMethod codeBase="/Users/bill/Repos/FLua/FLua.Runtime.LibraryTests/bin/Debug/net8.0/FLua.Runtime.LibraryTests.dll" adapterTypeName="executor://mstestadapter/v2" className="FLua.Runtime.LibraryTests.LuaMathLibTests" name="Floor_NearZeroNegative_ReturnsNegativeOne" />
    </UnitTest>
    <UnitTest name="ToConcatString_BooleanValue_ThrowsException" storage="/users/bill/repos/flua/flua.runtime.librarytests/bin/debug/net8.0/flua.runtime.librarytests.dll" id="93aea425-0484-f765-45a1-23486e2d2574">
      <Execution id="45faa0b4-ee3c-44c6-a756-45727e361d00" />
      <TestMethod codeBase="/Users/bill/Repos/FLua/FLua.Runtime.LibraryTests/bin/Debug/net8.0/FLua.Runtime.LibraryTests.dll" adapterTypeName="executor://mstestadapter/v2" className="FLua.Runtime.LibraryTests.LuaTypeConversionTests" name="ToConcatString_BooleanValue_ThrowsException" />
    </UnitTest>
    <UnitTest name="Abs_NoArguments_ThrowsException" storage="/users/bill/repos/flua/flua.runtime.librarytests/bin/debug/net8.0/flua.runtime.librarytests.dll" id="4798ebe8-290d-6e6b-ee8c-f9ee0b060029">
      <Execution id="ed4ae192-9839-4aa1-a7fe-3352188ddb4a" />
      <TestMethod codeBase="/Users/bill/Repos/FLua/FLua.Runtime.LibraryTests/bin/Debug/net8.0/FLua.Runtime.LibraryTests.dll" adapterTypeName="executor://mstestadapter/v2" className="FLua.Runtime.LibraryTests.LuaMathLibTests" name="Abs_NoArguments_ThrowsException" />
    </UnitTest>
    <UnitTest name="Nil_CreateNil_ReturnsNilValue" storage="/users/bill/repos/flua/flua.runtime.librarytests/bin/debug/net8.0/flua.runtime.librarytests.dll" id="22025405-4164-9e68-7325-572d01c97c5d">
      <Execution id="aea32ea1-0999-4a44-9c7c-ba35147294fa" />
      <TestMethod codeBase="/Users/bill/Repos/FLua/FLua.Runtime.LibraryTests/bin/Debug/net8.0/FLua.Runtime.LibraryTests.dll" adapterTypeName="executor://mstestadapter/v2" className="FLua.Runtime.LibraryTests.LuaValueTests" name="Nil_CreateNil_ReturnsNilValue" />
    </UnitTest>
    <UnitTest name="Pack_StringLength_TooLarge_ThrowsException" storage="/users/bill/repos/flua/flua.runtime.librarytests/bin/debug/net8.0/flua.runtime.librarytests.dll" id="46b73069-0ed5-b1f9-c58c-87f44366a25e">
      <Execution id="74bc1b62-ea7f-4626-a648-a907dfc392fe" />
      <TestMethod codeBase="/Users/bill/Repos/FLua/FLua.Runtime.LibraryTests/bin/Debug/net8.0/FLua.Runtime.LibraryTests.dll" adapterTypeName="executor://mstestadapter/v2" className="FLua.Runtime.LibraryTests.LuaStringLibTests" name="Pack_StringLength_TooLarge_ThrowsException" />
    </UnitTest>
    <UnitTest name="Find_DotWildcard_MatchesAnyCharacter" storage="/users/bill/repos/flua/flua.runtime.librarytests/bin/debug/net8.0/flua.runtime.librarytests.dll" id="c8cf448d-a8a9-06de-d925-6badd8bf6d0f">
      <Execution id="9a2f80e5-46ba-489d-817d-9fe646683de4" />
      <TestMethod codeBase="/Users/bill/Repos/FLua/FLua.Runtime.LibraryTests/bin/Debug/net8.0/FLua.Runtime.LibraryTests.dll" adapterTypeName="executor://mstestadapter/v2" className="FLua.Runtime.LibraryTests.LuaStringLibTests" name="Find_DotWildcard_MatchesAnyCharacter" />
    </UnitTest>
    <UnitTest name="Remove_FromSingleElementTable_ReturnsElement" storage="/users/bill/repos/flua/flua.runtime.librarytests/bin/debug/net8.0/flua.runtime.librarytests.dll" id="8cbed7a8-bbf2-1874-8d9f-dc6223aceb35">
      <Execution id="d0706f94-db6c-4b16-b33a-89c101f895fe" />
      <TestMethod codeBase="/Users/bill/Repos/FLua/FLua.Runtime.LibraryTests/bin/Debug/net8.0/FLua.Runtime.LibraryTests.dll" adapterTypeName="executor://mstestadapter/v2" className="FLua.Runtime.LibraryTests.LuaTableLibTests" name="Remove_FromSingleElementTable_ReturnsElement" />
    </UnitTest>
    <UnitTest name="ATan_TwoArguments_ReturnsAtan2" storage="/users/bill/repos/flua/flua.runtime.librarytests/bin/debug/net8.0/flua.runtime.librarytests.dll" id="0a304703-e8a6-5773-ccd3-9414e37a01c6">
      <Execution id="99999378-e935-4ae4-9275-ee845a5495d9" />
      <TestMethod codeBase="/Users/bill/Repos/FLua/FLua.Runtime.LibraryTests/bin/Debug/net8.0/FLua.Runtime.LibraryTests.dll" adapterTypeName="executor://mstestadapter/v2" className="FLua.Runtime.LibraryTests.LuaMathLibTests" name="ATan_TwoArguments_ReturnsAtan2" />
    </UnitTest>
    <UnitTest name="StringToNumber_HexadecimalString_ReturnsCorrectValue" storage="/users/bill/repos/flua/flua.runtime.librarytests/bin/debug/net8.0/flua.runtime.librarytests.dll" id="e96eba43-707e-f129-90f4-8d4bc696c294">
      <Execution id="37d3183a-b566-42ba-843a-01c8618c262b" />
      <TestMethod codeBase="/Users/bill/Repos/FLua/FLua.Runtime.LibraryTests/bin/Debug/net8.0/FLua.Runtime.LibraryTests.dll" adapterTypeName="executor://mstestadapter/v2" className="FLua.Runtime.LibraryTests.LuaTypeConversionTests" name="StringToNumber_HexadecimalString_ReturnsCorrectValue" />
    </UnitTest>
    <UnitTest name="Multiply_IntegerFloat_ReturnsFloatProduct" storage="/users/bill/repos/flua/flua.runtime.librarytests/bin/debug/net8.0/flua.runtime.librarytests.dll" id="f635a4e1-91b8-ff28-8263-826b96571943">
      <Execution id="3c0144f0-31b3-4183-9c56-5323060c8e75" />
      <TestMethod codeBase="/Users/bill/Repos/FLua/FLua.Runtime.LibraryTests/bin/Debug/net8.0/FLua.Runtime.LibraryTests.dll" adapterTypeName="executor://mstestadapter/v2" className="FLua.Runtime.LibraryTests.LuaValueTests" name="Multiply_IntegerFloat_ReturnsFloatProduct" />
    </UnitTest>
    <UnitTest name="ToString_StringValue_ReturnsString" storage="/users/bill/repos/flua/flua.runtime.librarytests/bin/debug/net8.0/flua.runtime.librarytests.dll" id="5926ec70-f74b-dd0a-2ec6-8f5699757970">
      <Execution id="69977895-8b8e-4db9-823d-8cbf2a73e7ee" />
      <TestMethod codeBase="/Users/bill/Repos/FLua/FLua.Runtime.LibraryTests/bin/Debug/net8.0/FLua.Runtime.LibraryTests.dll" adapterTypeName="executor://mstestadapter/v2" className="FLua.Runtime.LibraryTests.LuaTypeConversionTests" name="ToString_StringValue_ReturnsString" />
    </UnitTest>
    <UnitTest name="Remove_OutOfBounds_ReturnsNil" storage="/users/bill/repos/flua/flua.runtime.librarytests/bin/debug/net8.0/flua.runtime.librarytests.dll" id="b4c47432-3ddc-de7f-ab8e-61663e8bfca7">
      <Execution id="6e38f34f-ab0b-4c6c-9d90-411c11a3dd72" />
      <TestMethod codeBase="/Users/bill/Repos/FLua/FLua.Runtime.LibraryTests/bin/Debug/net8.0/FLua.Runtime.LibraryTests.dll" adapterTypeName="executor://mstestadapter/v2" className="FLua.Runtime.LibraryTests.LuaTableLibTests" name="Remove_OutOfBounds_ReturnsNil" />
    </UnitTest>
    <UnitTest name="Remove_FirstElement_ShiftsAllElements" storage="/users/bill/repos/flua/flua.runtime.librarytests/bin/debug/net8.0/flua.runtime.librarytests.dll" id="c40de6ef-701b-5428-07ea-ecd4751328f4">
      <Execution id="bf0cb849-85fc-4239-af81-e890de59b42b" />
      <TestMethod codeBase="/Users/bill/Repos/FLua/FLua.Runtime.LibraryTests/bin/Debug/net8.0/FLua.Runtime.LibraryTests.dll" adapterTypeName="executor://mstestadapter/v2" className="FLua.Runtime.LibraryTests.LuaTableLibTests" name="Remove_FirstElement_ShiftsAllElements" />
    </UnitTest>
    <UnitTest name="Abs_MinValue_ReturnsMinValue" storage="/users/bill/repos/flua/flua.runtime.librarytests/bin/debug/net8.0/flua.runtime.librarytests.dll" id="cfef56c6-2396-ef92-3122-6427ef7aeee9">
      <Execution id="b085215c-2e69-44ca-a458-f9df67b656fa" />
      <TestMethod codeBase="/Users/bill/Repos/FLua/FLua.Runtime.LibraryTests/bin/Debug/net8.0/FLua.Runtime.LibraryTests.dll" adapterTypeName="executor://mstestadapter/v2" className="FLua.Runtime.LibraryTests.LuaMathLibTests" name="Abs_MinValue_ReturnsMinValue" />
    </UnitTest>
    <UnitTest name="ToInteger_StringWithSpaces_ReturnsInteger" storage="/users/bill/repos/flua/flua.runtime.librarytests/bin/debug/net8.0/flua.runtime.librarytests.dll" id="ee03bbaa-432e-87a5-cbbb-463cacc67db0">
      <Execution id="aed06b61-c584-47a8-9b8a-35f7590604d7" />
      <TestMethod codeBase="/Users/bill/Repos/FLua/FLua.Runtime.LibraryTests/bin/Debug/net8.0/FLua.Runtime.LibraryTests.dll" adapterTypeName="executor://mstestadapter/v2" className="FLua.Runtime.LibraryTests.LuaMathLibTests" name="ToInteger_StringWithSpaces_ReturnsInteger" />
    </UnitTest>
    <UnitTest name="Remove_NoTable_ThrowsException" storage="/users/bill/repos/flua/flua.runtime.librarytests/bin/debug/net8.0/flua.runtime.librarytests.dll" id="676d6765-26c4-35f0-cf62-f14803cb820f">
      <Execution id="a1c53259-56a7-4796-9736-9397604922ff" />
      <TestMethod codeBase="/Users/bill/Repos/FLua/FLua.Runtime.LibraryTests/bin/Debug/net8.0/FLua.Runtime.LibraryTests.dll" adapterTypeName="executor://mstestadapter/v2" className="FLua.Runtime.LibraryTests.LuaTableLibTests" name="Remove_NoTable_ThrowsException" />
    </UnitTest>
    <UnitTest name="Match_Quantifiers_WorkCorrectly" storage="/users/bill/repos/flua/flua.runtime.librarytests/bin/debug/net8.0/flua.runtime.librarytests.dll" id="ad900887-b256-3109-2599-8d9a6433bb2e">
      <Execution id="ccc5e798-76fc-494c-9d32-d53af1343308" />
      <TestMethod codeBase="/Users/bill/Repos/FLua/FLua.Runtime.LibraryTests/bin/Debug/net8.0/FLua.Runtime.LibraryTests.dll" adapterTypeName="executor://mstestadapter/v2" className="FLua.Runtime.LibraryTests.LuaStringLibTests" name="Match_Quantifiers_WorkCorrectly" />
    </UnitTest>
    <UnitTest name="Unpack_NoTable_ThrowsException" storage="/users/bill/repos/flua/flua.runtime.librarytests/bin/debug/net8.0/flua.runtime.librarytests.dll" id="83e2d380-8332-fbbf-f333-d8c513c140de">
      <Execution id="832bd7a5-e0a7-4017-9f84-4687b6da693d" />
      <TestMethod codeBase="/Users/bill/Repos/FLua/FLua.Runtime.LibraryTests/bin/Debug/net8.0/FLua.Runtime.LibraryTests.dll" adapterTypeName="executor://mstestadapter/v2" className="FLua.Runtime.LibraryTests.LuaTableLibTests" name="Unpack_NoTable_ThrowsException" />
    </UnitTest>
    <UnitTest name="Concat_WithRange_JoinsSubset" storage="/users/bill/repos/flua/flua.runtime.librarytests/bin/debug/net8.0/flua.runtime.librarytests.dll" id="b4afe601-e3de-34b6-433a-57b6a7c650f0">
      <Execution id="f9c169f0-a27d-4762-b03f-1247260c21ad" />
      <TestMethod codeBase="/Users/bill/Repos/FLua/FLua.Runtime.LibraryTests/bin/Debug/net8.0/FLua.Runtime.LibraryTests.dll" adapterTypeName="executor://mstestadapter/v2" className="FLua.Runtime.LibraryTests.LuaTableLibTests" name="Concat_WithRange_JoinsSubset" />
    </UnitTest>
    <UnitTest name="Match_SingleCharacter_WorksCorrectly" storage="/users/bill/repos/flua/flua.runtime.librarytests/bin/debug/net8.0/flua.runtime.librarytests.dll" id="20dd689a-578f-5454-f77f-d1ac3d4a2168">
      <Execution id="456579a0-1b6c-49a8-be6f-3fe7af1f77f4" />
      <TestMethod codeBase="/Users/bill/Repos/FLua/FLua.Runtime.LibraryTests/bin/Debug/net8.0/FLua.Runtime.LibraryTests.dll" adapterTypeName="executor://mstestadapter/v2" className="FLua.Runtime.LibraryTests.LuaStringLibTests" name="Match_SingleCharacter_WorksCorrectly" />
    </UnitTest>
    <UnitTest name="FileHandle_Close_SuccessfulClose" storage="/users/bill/repos/flua/flua.runtime.librarytests/bin/debug/net8.0/flua.runtime.librarytests.dll" id="d7f62077-1ab5-34a1-6b82-6e34851d7055">
      <Execution id="e5942063-1a3e-4406-8b56-b131d6b0b87f" />
      <TestMethod codeBase="/Users/bill/Repos/FLua/FLua.Runtime.LibraryTests/bin/Debug/net8.0/FLua.Runtime.LibraryTests.dll" adapterTypeName="executor://mstestadapter/v2" className="FLua.Runtime.LibraryTests.LuaIOLibTests" name="FileHandle_Close_SuccessfulClose" />
    </UnitTest>
    <UnitTest name="Equals_SameStringValues_ReturnsTrue" storage="/users/bill/repos/flua/flua.runtime.librarytests/bin/debug/net8.0/flua.runtime.librarytests.dll" id="419707ef-ceb4-922e-6994-fdc5080f43ba">
      <Execution id="cd9ee762-3acd-4bca-89c1-f21ab48e3712" />
      <TestMethod codeBase="/Users/bill/Repos/FLua/FLua.Runtime.LibraryTests/bin/Debug/net8.0/FLua.Runtime.LibraryTests.dll" adapterTypeName="executor://mstestadapter/v2" className="FLua.Runtime.LibraryTests.LuaValueTests" name="Equals_SameStringValues_ReturnsTrue" />
    </UnitTest>
    <UnitTest name="Nil_StaticField_ReturnsNilValue" storage="/users/bill/repos/flua/flua.runtime.librarytests/bin/debug/net8.0/flua.runtime.librarytests.dll" id="9bc25798-954f-516b-bc34-264993749262">
      <Execution id="6a415c98-c3b3-4c50-bc85-e3e4aeab25ee" />
      <TestMethod codeBase="/Users/bill/Repos/FLua/FLua.Runtime.LibraryTests/bin/Debug/net8.0/FLua.Runtime.LibraryTests.dll" adapterTypeName="executor://mstestadapter/v2" className="FLua.Runtime.LibraryTests.LuaValueTests" name="Nil_StaticField_ReturnsNilValue" />
    </UnitTest>
    <UnitTest name="Rep_NonIntegerCount_ThrowsException" storage="/users/bill/repos/flua/flua.runtime.librarytests/bin/debug/net8.0/flua.runtime.librarytests.dll" id="fba9da05-8511-2781-6ba7-33f97bdf4e79">
      <Execution id="5b0488d1-6719-46bb-8cbd-97f5681774f3" />
      <TestMethod codeBase="/Users/bill/Repos/FLua/FLua.Runtime.LibraryTests/bin/Debug/net8.0/FLua.Runtime.LibraryTests.dll" adapterTypeName="executor://mstestadapter/v2" className="FLua.Runtime.LibraryTests.LuaStringLibTests" name="Rep_NonIntegerCount_ThrowsException" />
    </UnitTest>
    <UnitTest name="Len_NumberAsString_ReturnsStringLength" storage="/users/bill/repos/flua/flua.runtime.librarytests/bin/debug/net8.0/flua.runtime.librarytests.dll" id="47b82896-45a0-a4a5-9d50-f3fbe1a7464b">
      <Execution id="a3501170-b7ca-48d1-8ee3-a33b50066d5e" />
      <TestMethod codeBase="/Users/bill/Repos/FLua/FLua.Runtime.LibraryTests/bin/Debug/net8.0/FLua.Runtime.LibraryTests.dll" adapterTypeName="executor://mstestadapter/v2" className="FLua.Runtime.LibraryTests.LuaStringLibTests" name="Len_NumberAsString_ReturnsStringLength" />
    </UnitTest>
    <UnitTest name="Cos_Zero_ReturnsOne" storage="/users/bill/repos/flua/flua.runtime.librarytests/bin/debug/net8.0/flua.runtime.librarytests.dll" id="a7865787-7750-24f4-b467-d1d7c819c4a4">
      <Execution id="cc74ebaf-6f04-42e2-9f4b-500b1d92e3ef" />
      <TestMethod codeBase="/Users/bill/Repos/FLua/FLua.Runtime.LibraryTests/bin/Debug/net8.0/FLua.Runtime.LibraryTests.dll" adapterTypeName="executor://mstestadapter/v2" className="FLua.Runtime.LibraryTests.LuaMathLibTests" name="Cos_Zero_ReturnsOne" />
    </UnitTest>
    <UnitTest name="ImplicitConversion_IntToLuaValue_WorksCorrectly" storage="/users/bill/repos/flua/flua.runtime.librarytests/bin/debug/net8.0/flua.runtime.librarytests.dll" id="a70f8697-e19f-f996-8516-2d37ef5660ce">
      <Execution id="f7fdfaab-be18-412a-b506-42dc278062c7" />
      <TestMethod codeBase="/Users/bill/Repos/FLua/FLua.Runtime.LibraryTests/bin/Debug/net8.0/FLua.Runtime.LibraryTests.dll" adapterTypeName="executor://mstestadapter/v2" className="FLua.Runtime.LibraryTests.LuaValueTests" name="ImplicitConversion_IntToLuaValue_WorksCorrectly" />
    </UnitTest>
    <UnitTest name="TryToNumber_InvalidString_ReturnsFalse" storage="/users/bill/repos/flua/flua.runtime.librarytests/bin/debug/net8.0/flua.runtime.librarytests.dll" id="082d9a71-e2e1-0f41-dbb6-c1d879441d68">
      <Execution id="9b6ca8bf-7289-474e-bac6-958d9c6833c6" />
      <TestMethod codeBase="/Users/bill/Repos/FLua/FLua.Runtime.LibraryTests/bin/Debug/net8.0/FLua.Runtime.LibraryTests.dll" adapterTypeName="executor://mstestadapter/v2" className="FLua.Runtime.LibraryTests.LuaValueTests" name="TryToNumber_InvalidString_ReturnsFalse" />
    </UnitTest>
    <UnitTest name="Unpack_MultipleValues_ReturnsAllWithPosition" storage="/users/bill/repos/flua/flua.runtime.librarytests/bin/debug/net8.0/flua.runtime.librarytests.dll" id="e871c26a-04c9-313c-3a59-e1e9aa500c93">
      <Execution id="2bb92574-24c7-4aca-bab8-93fe9409b526" />
      <TestMethod codeBase="/Users/bill/Repos/FLua/FLua.Runtime.LibraryTests/bin/Debug/net8.0/FLua.Runtime.LibraryTests.dll" adapterTypeName="executor://mstestadapter/v2" className="FLua.Runtime.LibraryTests.LuaStringLibTests" name="Unpack_MultipleValues_ReturnsAllWithPosition" />
    </UnitTest>
    <UnitTest name="ToConcatString_IntegerValue_ReturnsStringRepresentation" storage="/users/bill/repos/flua/flua.runtime.librarytests/bin/debug/net8.0/flua.runtime.librarytests.dll" id="0cdcf849-b501-919d-5161-6ba795c26c61">
      <Execution id="500a6f82-ab32-4ba4-b2c8-4f2ce3a91537" />
      <TestMethod codeBase="/Users/bill/Repos/FLua/FLua.Runtime.LibraryTests/bin/Debug/net8.0/FLua.Runtime.LibraryTests.dll" adapterTypeName="executor://mstestadapter/v2" className="FLua.Runtime.LibraryTests.LuaTypeConversionTests" name="ToConcatString_IntegerValue_ReturnsStringRepresentation" />
    </UnitTest>
    <UnitTest name="Date_UnixEpoch_ReturnsCorrectDate" storage="/users/bill/repos/flua/flua.runtime.librarytests/bin/debug/net8.0/flua.runtime.librarytests.dll" id="97d244a7-1a5e-678e-299a-e574ad165cd5">
      <Execution id="75682007-cdb5-4652-8891-2135339ea4b4" />
      <TestMethod codeBase="/Users/bill/Repos/FLua/FLua.Runtime.LibraryTests/bin/Debug/net8.0/FLua.Runtime.LibraryTests.dll" adapterTypeName="executor://mstestadapter/v2" className="FLua.Runtime.LibraryTests.LuaOSLibTests" name="Date_UnixEpoch_ReturnsCorrectDate" />
    </UnitTest>
    <UnitTest name="Date_UTCFormat_ReturnsUTCTime" storage="/users/bill/repos/flua/flua.runtime.librarytests/bin/debug/net8.0/flua.runtime.librarytests.dll" id="6bffafa7-179c-fb43-76cb-4d6d8841c323">
      <Execution id="5f038663-6878-4097-91dd-900310e639e6" />
      <TestMethod codeBase="/Users/bill/Repos/FLua/FLua.Runtime.LibraryTests/bin/Debug/net8.0/FLua.Runtime.LibraryTests.dll" adapterTypeName="executor://mstestadapter/v2" className="FLua.Runtime.LibraryTests.LuaOSLibTests" name="Date_UTCFormat_ReturnsUTCTime" />
    </UnitTest>
    <UnitTest name="TmpName_MultipleCallsReturnDifferentNames" storage="/users/bill/repos/flua/flua.runtime.librarytests/bin/debug/net8.0/flua.runtime.librarytests.dll" id="6cb345b8-8fe9-acca-a881-28eabc3423b0">
      <Execution id="ede62466-3b28-4036-975a-b5d65f1d93e0" />
      <TestMethod codeBase="/Users/bill/Repos/FLua/FLua.Runtime.LibraryTests/bin/Debug/net8.0/FLua.Runtime.LibraryTests.dll" adapterTypeName="executor://mstestadapter/v2" className="FLua.Runtime.LibraryTests.LuaOSLibTests" name="TmpName_MultipleCallsReturnDifferentNames" />
    </UnitTest>
    <UnitTest name="GetInteger_NonNumericValue_ThrowsException" storage="/users/bill/repos/flua/flua.runtime.librarytests/bin/debug/net8.0/flua.runtime.librarytests.dll" id="dc8e12f0-fd89-2fdd-e7b5-0da90646fdd5">
      <Execution id="7d4b15ab-2310-42e1-be33-442656d09057" />
      <TestMethod codeBase="/Users/bill/Repos/FLua/FLua.Runtime.LibraryTests/bin/Debug/net8.0/FLua.Runtime.LibraryTests.dll" adapterTypeName="executor://mstestadapter/v2" className="FLua.Runtime.LibraryTests.LuaValueHelpersTests" name="GetInteger_NonNumericValue_ThrowsException" />
    </UnitTest>
    <UnitTest name="Helpers_TypeConsistency_AllMethods" storage="/users/bill/repos/flua/flua.runtime.librarytests/bin/debug/net8.0/flua.runtime.librarytests.dll" id="55e9949d-742f-dcb9-0b57-6b46d153ec62">
      <Execution id="2ffb5c89-7a05-4b60-92f7-50e837c12adf" />
      <TestMethod codeBase="/Users/bill/Repos/FLua/FLua.Runtime.LibraryTests/bin/Debug/net8.0/FLua.Runtime.LibraryTests.dll" adapterTypeName="executor://mstestadapter/v2" className="FLua.Runtime.LibraryTests.LuaValueHelpersTests" name="Helpers_TypeConsistency_AllMethods" />
    </UnitTest>
    <UnitTest name="Find_AlphaSequenceWithPlusQuantifier_KnownLimitation" storage="/users/bill/repos/flua/flua.runtime.librarytests/bin/debug/net8.0/flua.runtime.librarytests.dll" id="b298e0d9-f136-e212-c94d-06280e794709">
      <Execution id="81f4fcac-0747-4558-ac43-8e87253a1e05" />
      <TestMethod codeBase="/Users/bill/Repos/FLua/FLua.Runtime.LibraryTests/bin/Debug/net8.0/FLua.Runtime.LibraryTests.dll" adapterTypeName="executor://mstestadapter/v2" className="FLua.Runtime.LibraryTests.LuaStringLibTests" name="Find_AlphaSequenceWithPlusQuantifier_KnownLimitation" />
    </UnitTest>
    <UnitTest name="ToNumber_ZeroString_ReturnsZero" storage="/users/bill/repos/flua/flua.runtime.librarytests/bin/debug/net8.0/flua.runtime.librarytests.dll" id="dac940c8-7974-39d2-69a3-556042fa8985">
      <Execution id="c266f7cc-2ac0-482a-8adc-8d074de1217e" />
      <TestMethod codeBase="/Users/bill/Repos/FLua/FLua.Runtime.LibraryTests/bin/Debug/net8.0/FLua.Runtime.LibraryTests.dll" adapterTypeName="executor://mstestadapter/v2" className="FLua.Runtime.LibraryTests.LuaTypeConversionTests" name="ToNumber_ZeroString_ReturnsZero" />
    </UnitTest>
    <UnitTest name="Tan_Zero_ReturnsZero" storage="/users/bill/repos/flua/flua.runtime.librarytests/bin/debug/net8.0/flua.runtime.librarytests.dll" id="a00a85f6-c83e-9567-9587-55100932b603">
      <Execution id="a22f2d1a-c881-4376-9147-727729757025" />
      <TestMethod codeBase="/Users/bill/Repos/FLua/FLua.Runtime.LibraryTests/bin/Debug/net8.0/FLua.Runtime.LibraryTests.dll" adapterTypeName="executor://mstestadapter/v2" className="FLua.Runtime.LibraryTests.LuaMathLibTests" name="Tan_Zero_ReturnsZero" />
    </UnitTest>
    <UnitTest name="Match_NegatedCharacterClass_MatchesExceptSet" storage="/users/bill/repos/flua/flua.runtime.librarytests/bin/debug/net8.0/flua.runtime.librarytests.dll" id="5d3702d9-9a65-852b-004d-27341427f4f6">
      <Execution id="06a4cc50-5cd9-4b29-85fa-098ef48a4647" />
      <TestMethod codeBase="/Users/bill/Repos/FLua/FLua.Runtime.LibraryTests/bin/Debug/net8.0/FLua.Runtime.LibraryTests.dll" adapterTypeName="executor://mstestadapter/v2" className="FLua.Runtime.LibraryTests.LuaStringLibTests" name="Match_NegatedCharacterClass_MatchesExceptSet" />
    </UnitTest>
    <UnitTest name="Char_MinUnicode_Works" storage="/users/bill/repos/flua/flua.runtime.librarytests/bin/debug/net8.0/flua.runtime.librarytests.dll" id="683a53b6-551e-df54-4350-749ad538bcf4">
      <Execution id="e916c4f0-4a7b-4488-94d6-af1047be2177" />
      <TestMethod codeBase="/Users/bill/Repos/FLua/FLua.Runtime.LibraryTests/bin/Debug/net8.0/FLua.Runtime.LibraryTests.dll" adapterTypeName="executor://mstestadapter/v2" className="FLua.Runtime.LibraryTests.LuaUTF8LibTests" name="Char_MinUnicode_Works" />
    </UnitTest>
    <UnitTest name="FileHandle_Write_Numbers_ConvertsToString" storage="/users/bill/repos/flua/flua.runtime.librarytests/bin/debug/net8.0/flua.runtime.librarytests.dll" id="fbd97d9a-f945-e484-b68c-8886ab375c29">
      <Execution id="4d0cc7e0-38c1-4d94-ad84-1c66ce062aff" />
      <TestMethod codeBase="/Users/bill/Repos/FLua/FLua.Runtime.LibraryTests/bin/Debug/net8.0/FLua.Runtime.LibraryTests.dll" adapterTypeName="executor://mstestadapter/v2" className="FLua.Runtime.LibraryTests.LuaIOLibTests" name="FileHandle_Write_Numbers_ConvertsToString" />
    </UnitTest>
    <UnitTest name="DiffTime_PositiveDifference_ReturnsCorrectValue" storage="/users/bill/repos/flua/flua.runtime.librarytests/bin/debug/net8.0/flua.runtime.librarytests.dll" id="ea99302a-a9b9-a725-f6ed-10fffa5e3897">
      <Execution id="eced6e34-9bbf-4e34-a925-6e722ad82e7b" />
      <TestMethod codeBase="/Users/bill/Repos/FLua/FLua.Runtime.LibraryTests/bin/Debug/net8.0/FLua.Runtime.LibraryTests.dll" adapterTypeName="executor://mstestadapter/v2" className="FLua.Runtime.LibraryTests.LuaOSLibTests" name="DiffTime_PositiveDifference_ReturnsCorrectValue" />
    </UnitTest>
    <UnitTest name="Find_EmptyPattern_MatchesEmptyString" storage="/users/bill/repos/flua/flua.runtime.librarytests/bin/debug/net8.0/flua.runtime.librarytests.dll" id="e9a955a7-9ffb-d751-ae47-723c138cf9a8">
      <Execution id="4dc13bd7-1a27-4fbd-9d7a-ee1d22bd0e76" />
      <TestMethod codeBase="/Users/bill/Repos/FLua/FLua.Runtime.LibraryTests/bin/Debug/net8.0/FLua.Runtime.LibraryTests.dll" adapterTypeName="executor://mstestadapter/v2" className="FLua.Runtime.LibraryTests.LuaStringLibTests" name="Find_EmptyPattern_MatchesEmptyString" />
    </UnitTest>
    <UnitTest name="Date_TableFormat_ReturnsDateTable" storage="/users/bill/repos/flua/flua.runtime.librarytests/bin/debug/net8.0/flua.runtime.librarytests.dll" id="e50414de-0354-82ef-9f8b-66fe1fd6787f">
      <Execution id="9dc945b8-64ec-40fe-8f0b-a00cbd9dc96b" />
      <TestMethod codeBase="/Users/bill/Repos/FLua/FLua.Runtime.LibraryTests/bin/Debug/net8.0/FLua.Runtime.LibraryTests.dll" adapterTypeName="executor://mstestadapter/v2" className="FLua.Runtime.LibraryTests.LuaOSLibTests" name="Date_TableFormat_ReturnsDateTable" />
    </UnitTest>
    <UnitTest name="CreateStandardEnvironment_HasMetatableFunctions" storage="/users/bill/repos/flua/flua.runtime.librarytests/bin/debug/net8.0/flua.runtime.librarytests.dll" id="3a9ab7c4-305b-e025-0b7a-1a16c88ced2d">
      <Execution id="8cbac854-77e8-4564-aa12-a4a084960dfc" />
      <TestMethod codeBase="/Users/bill/Repos/FLua/FLua.Runtime.LibraryTests/bin/Debug/net8.0/FLua.Runtime.LibraryTests.dll" adapterTypeName="executor://mstestadapter/v2" className="FLua.Runtime.LibraryTests.LuaEnvironmentTests" name="CreateStandardEnvironment_HasMetatableFunctions" />
    </UnitTest>
    <UnitTest name="Open_AppendMode_AppendsToFile" storage="/users/bill/repos/flua/flua.runtime.librarytests/bin/debug/net8.0/flua.runtime.librarytests.dll" id="23676ef4-c83e-cda8-aec7-49d778b6550a">
      <Execution id="10626f1f-89c8-41fa-a416-048b88e9e45d" />
      <TestMethod codeBase="/Users/bill/Repos/FLua/FLua.Runtime.LibraryTests/bin/Debug/net8.0/FLua.Runtime.LibraryTests.dll" adapterTypeName="executor://mstestadapter/v2" className="FLua.Runtime.LibraryTests.LuaIOLibTests" name="Open_AppendMode_AppendsToFile" />
    </UnitTest>
    <UnitTest name="Match_NumberExtraction_WorksCorrectly" storage="/users/bill/repos/flua/flua.runtime.librarytests/bin/debug/net8.0/flua.runtime.librarytests.dll" id="74fb065f-393b-c12e-b373-f932e00d2384">
      <Execution id="6d02c4f4-413b-4097-a77b-242c646ec67c" />
      <TestMethod codeBase="/Users/bill/Repos/FLua/FLua.Runtime.LibraryTests/bin/Debug/net8.0/FLua.Runtime.LibraryTests.dll" adapterTypeName="executor://mstestadapter/v2" className="FLua.Runtime.LibraryTests.LuaStringLibTests" name="Match_NumberExtraction_WorksCorrectly" />
    </UnitTest>
    <UnitTest name="Unpack_WithNField_UsesNAsLength" storage="/users/bill/repos/flua/flua.runtime.librarytests/bin/debug/net8.0/flua.runtime.librarytests.dll" id="de02e07c-e953-bc75-6860-f856afa99263">
      <Execution id="6c9162f1-88a0-47fa-901a-120c7bdf85af" />
      <TestMethod codeBase="/Users/bill/Repos/FLua/FLua.Runtime.LibraryTests/bin/Debug/net8.0/FLua.Runtime.LibraryTests.dll" adapterTypeName="executor://mstestadapter/v2" className="FLua.Runtime.LibraryTests.LuaTableLibTests" name="Unpack_WithNField_UsesNAsLength" />
    </UnitTest>
    <UnitTest name="Float_NegativeValue_ReturnsCorrectValue" storage="/users/bill/repos/flua/flua.runtime.librarytests/bin/debug/net8.0/flua.runtime.librarytests.dll" id="4664ecd0-4892-f47b-b43e-af8c61996ac8">
      <Execution id="c3c8604b-5fd8-4c8b-87d7-26c5fe19ab85" />
      <TestMethod codeBase="/Users/bill/Repos/FLua/FLua.Runtime.LibraryTests/bin/Debug/net8.0/FLua.Runtime.LibraryTests.dll" adapterTypeName="executor://mstestadapter/v2" className="FLua.Runtime.LibraryTests.LuaValueTests" name="Float_NegativeValue_ReturnsCorrectValue" />
    </UnitTest>
    <UnitTest name="Format_WidthSpecifier_PadsCorrectly" storage="/users/bill/repos/flua/flua.runtime.librarytests/bin/debug/net8.0/flua.runtime.librarytests.dll" id="da8c1c06-614a-07f5-8ed3-ca61da1ccd9b">
      <Execution id="531f67a2-37dc-4dab-9bac-e529c05cbf07" />
      <TestMethod codeBase="/Users/bill/Repos/FLua/FLua.Runtime.LibraryTests/bin/Debug/net8.0/FLua.Runtime.LibraryTests.dll" adapterTypeName="executor://mstestadapter/v2" className="FLua.Runtime.LibraryTests.LuaStringLibTests" name="Format_WidthSpecifier_PadsCorrectly" />
    </UnitTest>
    <UnitTest name="Unpack_WithRange_ReturnsSubset" storage="/users/bill/repos/flua/flua.runtime.librarytests/bin/debug/net8.0/flua.runtime.librarytests.dll" id="40d7ff11-e73a-2f04-0d03-5c1ccdae7938">
      <Execution id="96ea39ce-7f74-4733-9dc7-8fa64af35463" />
      <TestMethod codeBase="/Users/bill/Repos/FLua/FLua.Runtime.LibraryTests/bin/Debug/net8.0/FLua.Runtime.LibraryTests.dll" adapterTypeName="executor://mstestadapter/v2" className="FLua.Runtime.LibraryTests.LuaTableLibTests" name="Unpack_WithRange_ReturnsSubset" />
    </UnitTest>
    <UnitTest name="Char_ValidASCIIValues_ReturnsString" storage="/users/bill/repos/flua/flua.runtime.librarytests/bin/debug/net8.0/flua.runtime.librarytests.dll" id="b6fd2798-51e6-e208-f521-186d79f850bd">
      <Execution id="2dcd00b9-218e-41e9-b185-8c7c11330a2c" />
      <TestMethod codeBase="/Users/bill/Repos/FLua/FLua.Runtime.LibraryTests/bin/Debug/net8.0/FLua.Runtime.LibraryTests.dll" adapterTypeName="executor://mstestadapter/v2" className="FLua.Runtime.LibraryTests.LuaStringLibTests" name="Char_ValidASCIIValues_ReturnsString" />
    </UnitTest>
    <UnitTest name="Dispose_ReleasesResources" storage="/users/bill/repos/flua/flua.runtime.librarytests/bin/debug/net8.0/flua.runtime.librarytests.dll" id="2933f253-5c44-bde7-7981-7cb778f4736c">
      <Execution id="f66b4603-030a-4534-b918-2b4185f96d6e" />
      <TestMethod codeBase="/Users/bill/Repos/FLua/FLua.Runtime.LibraryTests/bin/Debug/net8.0/FLua.Runtime.LibraryTests.dll" adapterTypeName="executor://mstestadapter/v2" className="FLua.Runtime.LibraryTests.LuaEnvironmentTests" name="Dispose_ReleasesResources" />
    </UnitTest>
    <UnitTest name="Random_TwoArguments_ReturnsBetweenMAndN" storage="/users/bill/repos/flua/flua.runtime.librarytests/bin/debug/net8.0/flua.runtime.librarytests.dll" id="a738a1c0-e979-fed3-ccac-c70172ed8a79">
      <Execution id="09518491-39db-4ca3-8d17-f5f2d7ad60f9" />
      <TestMethod codeBase="/Users/bill/Repos/FLua/FLua.Runtime.LibraryTests/bin/Debug/net8.0/FLua.Runtime.LibraryTests.dll" adapterTypeName="executor://mstestadapter/v2" className="FLua.Runtime.LibraryTests.LuaMathLibTests" name="Random_TwoArguments_ReturnsBetweenMAndN" />
    </UnitTest>
    <UnitTest name="FMod_ValidArguments_ReturnsRemainder" storage="/users/bill/repos/flua/flua.runtime.librarytests/bin/debug/net8.0/flua.runtime.librarytests.dll" id="60d50c97-5182-9a55-77f0-c93956e2a219">
      <Execution id="1a66c44a-98ed-4db0-a6b3-2add6664d891" />
      <TestMethod codeBase="/Users/bill/Repos/FLua/FLua.Runtime.LibraryTests/bin/Debug/net8.0/FLua.Runtime.LibraryTests.dll" adapterTypeName="executor://mstestadapter/v2" className="FLua.Runtime.LibraryTests.LuaMathLibTests" name="FMod_ValidArguments_ReturnsRemainder" />
    </UnitTest>
    <UnitTest name="GetHashCode_DifferentValues_ReturnsDifferentHashes" storage="/users/bill/repos/flua/flua.runtime.librarytests/bin/debug/net8.0/flua.runtime.librarytests.dll" id="7673e8ff-411c-906d-a457-e8d11f56e8fc">
      <Execution id="bd5d8766-a54f-4315-9601-c6acfa4e9cb2" />
      <TestMethod codeBase="/Users/bill/Repos/FLua/FLua.Runtime.LibraryTests/bin/Debug/net8.0/FLua.Runtime.LibraryTests.dll" adapterTypeName="executor://mstestadapter/v2" className="FLua.Runtime.LibraryTests.LuaValueTests" name="GetHashCode_DifferentValues_ReturnsDifferentHashes" />
    </UnitTest>
    <UnitTest name="Find_PatternLongerThanString_ReturnsNil" storage="/users/bill/repos/flua/flua.runtime.librarytests/bin/debug/net8.0/flua.runtime.librarytests.dll" id="21990a7c-5cca-9f6a-aea0-ace86ae84ccb">
      <Execution id="b553a27f-5ade-493c-9f89-46e092a39260" />
      <TestMethod codeBase="/Users/bill/Repos/FLua/FLua.Runtime.LibraryTests/bin/Debug/net8.0/FLua.Runtime.LibraryTests.dll" adapterTypeName="executor://mstestadapter/v2" className="FLua.Runtime.LibraryTests.LuaStringLibTests" name="Find_PatternLongerThanString_ReturnsNil" />
    </UnitTest>
    <UnitTest name="Sort_NoTable_ThrowsException" storage="/users/bill/repos/flua/flua.runtime.librarytests/bin/debug/net8.0/flua.runtime.librarytests.dll" id="56e8f16c-2755-7c09-2d35-9cce1a8a5fce">
      <Execution id="d29ac177-8244-4430-88a3-a1bb9729ff26" />
      <TestMethod codeBase="/Users/bill/Repos/FLua/FLua.Runtime.LibraryTests/bin/Debug/net8.0/FLua.Runtime.LibraryTests.dll" adapterTypeName="executor://mstestadapter/v2" className="FLua.Runtime.LibraryTests.LuaTableLibTests" name="Sort_NoTable_ThrowsException" />
    </UnitTest>
    <UnitTest name="Sin_Zero_ReturnsZero" storage="/users/bill/repos/flua/flua.runtime.librarytests/bin/debug/net8.0/flua.runtime.librarytests.dll" id="58df3a5a-211f-7463-8db4-a6f841f19890">
      <Execution id="e013c7db-1606-4015-b623-767bcb4834c0" />
      <TestMethod codeBase="/Users/bill/Repos/FLua/FLua.Runtime.LibraryTests/bin/Debug/net8.0/FLua.Runtime.LibraryTests.dll" adapterTypeName="executor://mstestadapter/v2" className="FLua.Runtime.LibraryTests.LuaMathLibTests" name="Sin_Zero_ReturnsZero" />
    </UnitTest>
    <UnitTest name="TryGetFloat_FloatValue_ReturnsTrue" storage="/users/bill/repos/flua/flua.runtime.librarytests/bin/debug/net8.0/flua.runtime.librarytests.dll" id="17a80196-cc70-f363-61a5-e5d1b115cb9c">
      <Execution id="234e4e0b-cf21-495a-be4b-aafc9f83eb54" />
      <TestMethod codeBase="/Users/bill/Repos/FLua/FLua.Runtime.LibraryTests/bin/Debug/net8.0/FLua.Runtime.LibraryTests.dll" adapterTypeName="executor://mstestadapter/v2" className="FLua.Runtime.LibraryTests.LuaValueTests" name="TryGetFloat_FloatValue_ReturnsTrue" />
    </UnitTest>
    <UnitTest name="Pack_SignedShort_ComprehensiveTest" storage="/users/bill/repos/flua/flua.runtime.librarytests/bin/debug/net8.0/flua.runtime.librarytests.dll" id="bf393bf9-bf79-37d7-7774-a2b1668179ce">
      <Execution id="1db3e83d-ea14-4f40-9cca-ac879475abed" />
      <TestMethod codeBase="/Users/bill/Repos/FLua/FLua.Runtime.LibraryTests/bin/Debug/net8.0/FLua.Runtime.LibraryTests.dll" adapterTypeName="executor://mstestadapter/v2" className="FLua.Runtime.LibraryTests.LuaStringLibTests" name="Pack_SignedShort_ComprehensiveTest" />
    </UnitTest>
    <UnitTest name="Lines_SingleLineWithoutNewline_ReturnsOneLine" storage="/users/bill/repos/flua/flua.runtime.librarytests/bin/debug/net8.0/flua.runtime.librarytests.dll" id="482d096c-04ac-3c68-313a-e6e7131ab958">
      <Execution id="026acb36-033e-469d-a179-1316d443e3f6" />
      <TestMethod codeBase="/Users/bill/Repos/FLua/FLua.Runtime.LibraryTests/bin/Debug/net8.0/FLua.Runtime.LibraryTests.dll" adapterTypeName="executor://mstestadapter/v2" className="FLua.Runtime.LibraryTests.LuaIOLibTests" name="Lines_SingleLineWithoutNewline_ReturnsOneLine" />
    </UnitTest>
    <UnitTest name="CodePoint_ControlCharacters_HandlesCorrectly" storage="/users/bill/repos/flua/flua.runtime.librarytests/bin/debug/net8.0/flua.runtime.librarytests.dll" id="5120adc9-5543-4180-ab04-3d6847e634e7">
      <Execution id="b3efd7e5-2817-4e40-b361-98c2dc531fa5" />
      <TestMethod codeBase="/Users/bill/Repos/FLua/FLua.Runtime.LibraryTests/bin/Debug/net8.0/FLua.Runtime.LibraryTests.dll" adapterTypeName="executor://mstestadapter/v2" className="FLua.Runtime.LibraryTests.LuaUTF8LibTests" name="CodePoint_ControlCharacters_HandlesCorrectly" />
    </UnitTest>
    <UnitTest name="Pack_LuaNumber_WorksCorrectly" storage="/users/bill/repos/flua/flua.runtime.librarytests/bin/debug/net8.0/flua.runtime.librarytests.dll" id="5da605c7-ed7d-f7ee-e9f9-3d2c3f257ac8">
      <Execution id="5ccb0bc5-fb38-4fd8-84b4-6f3992f6bb7d" />
      <TestMethod codeBase="/Users/bill/Repos/FLua/FLua.Runtime.LibraryTests/bin/Debug/net8.0/FLua.Runtime.LibraryTests.dll" adapterTypeName="executor://mstestadapter/v2" className="FLua.Runtime.LibraryTests.LuaStringLibTests" name="Pack_LuaNumber_WorksCorrectly" />
    </UnitTest>
    <UnitTest name="Min_TwoIntegers_ReturnsSmaller" storage="/users/bill/repos/flua/flua.runtime.librarytests/bin/debug/net8.0/flua.runtime.librarytests.dll" id="88554170-5a60-2121-0eac-1e3a2f3be8b6">
      <Execution id="3fdf388c-79e4-49e4-9164-5eb031d34c39" />
      <TestMethod codeBase="/Users/bill/Repos/FLua/FLua.Runtime.LibraryTests/bin/Debug/net8.0/FLua.Runtime.LibraryTests.dll" adapterTypeName="executor://mstestadapter/v2" className="FLua.Runtime.LibraryTests.LuaMathLibTests" name="Min_TwoIntegers_ReturnsSmaller" />
    </UnitTest>
    <UnitTest name="Abs_NegativeInteger_ReturnsPositive" storage="/users/bill/repos/flua/flua.runtime.librarytests/bin/debug/net8.0/flua.runtime.librarytests.dll" id="57f8a2f6-de67-a92d-3675-f9cfbc8e65a2">
      <Execution id="db59d92a-1bb8-433c-b27f-ff38cc63bc7e" />
      <TestMethod codeBase="/Users/bill/Repos/FLua/FLua.Runtime.LibraryTests/bin/Debug/net8.0/FLua.Runtime.LibraryTests.dll" adapterTypeName="executor://mstestadapter/v2" className="FLua.Runtime.LibraryTests.LuaMathLibTests" name="Abs_NegativeInteger_ReturnsPositive" />
    </UnitTest>
    <UnitTest name="Find_AnchorEnd_MatchesEnd" storage="/users/bill/repos/flua/flua.runtime.librarytests/bin/debug/net8.0/flua.runtime.librarytests.dll" id="b77c3d97-8779-ea19-5caf-381b3202e91f">
      <Execution id="2776e980-2841-40c9-887d-f082e150b9b7" />
      <TestMethod codeBase="/Users/bill/Repos/FLua/FLua.Runtime.LibraryTests/bin/Debug/net8.0/FLua.Runtime.LibraryTests.dll" adapterTypeName="executor://mstestadapter/v2" className="FLua.Runtime.LibraryTests.LuaStringLibTests" name="Find_AnchorEnd_MatchesEnd" />
    </UnitTest>
    <UnitTest name="Upper_EmptyString_ReturnsEmpty" storage="/users/bill/repos/flua/flua.runtime.librarytests/bin/debug/net8.0/flua.runtime.librarytests.dll" id="db5a89db-b439-9b2a-f537-73650ad78de0">
      <Execution id="012af840-ace6-479f-86aa-68c78447789d" />
      <TestMethod codeBase="/Users/bill/Repos/FLua/FLua.Runtime.LibraryTests/bin/Debug/net8.0/FLua.Runtime.LibraryTests.dll" adapterTypeName="executor://mstestadapter/v2" className="FLua.Runtime.LibraryTests.LuaStringLibTests" name="Upper_EmptyString_ReturnsEmpty" />
    </UnitTest>
    <UnitTest name="Subtract_IntegerInteger_ReturnsCorrectDifference" storage="/users/bill/repos/flua/flua.runtime.librarytests/bin/debug/net8.0/flua.runtime.librarytests.dll" id="bcd34259-a5fc-b188-f42e-4264b24f96a5">
      <Execution id="e4d20e96-224b-435f-ace8-b854559341ae" />
      <TestMethod codeBase="/Users/bill/Repos/FLua/FLua.Runtime.LibraryTests/bin/Debug/net8.0/FLua.Runtime.LibraryTests.dll" adapterTypeName="executor://mstestadapter/v2" className="FLua.Runtime.LibraryTests.LuaValueTests" name="Subtract_IntegerInteger_ReturnsCorrectDifference" />
    </UnitTest>
    <UnitTest name="StringToNumber_ZeroString_ReturnsZeroInteger" storage="/users/bill/repos/flua/flua.runtime.librarytests/bin/debug/net8.0/flua.runtime.librarytests.dll" id="5394a606-f7a5-621f-bc3e-a3055ecabf7b">
      <Execution id="4d61f2e5-1611-4f90-8a04-22e3a6309eb1" />
      <TestMethod codeBase="/Users/bill/Repos/FLua/FLua.Runtime.LibraryTests/bin/Debug/net8.0/FLua.Runtime.LibraryTests.dll" adapterTypeName="executor://mstestadapter/v2" className="FLua.Runtime.LibraryTests.LuaTypeConversionTests" name="StringToNumber_ZeroString_ReturnsZeroInteger" />
    </UnitTest>
    <UnitTest name="SetLocalVariable_WithAttributes_HandlesCorrectly" storage="/users/bill/repos/flua/flua.runtime.librarytests/bin/debug/net8.0/flua.runtime.librarytests.dll" id="f440d74d-4659-d24e-4f36-0923af04b8c4">
      <Execution id="86fbf8a6-bf56-4ddf-8f8f-a29c53515717" />
      <TestMethod codeBase="/Users/bill/Repos/FLua/FLua.Runtime.LibraryTests/bin/Debug/net8.0/FLua.Runtime.LibraryTests.dll" adapterTypeName="executor://mstestadapter/v2" className="FLua.Runtime.LibraryTests.LuaEnvironmentTests" name="SetLocalVariable_WithAttributes_HandlesCorrectly" />
    </UnitTest>
    <UnitTest name="Abs_NaN_ReturnsNaN" storage="/users/bill/repos/flua/flua.runtime.librarytests/bin/debug/net8.0/flua.runtime.librarytests.dll" id="29cca1e5-3b78-7eaf-e71e-89782af704c3">
      <Execution id="92c00e18-9db9-4555-b043-7645f60a0615" />
      <TestMethod codeBase="/Users/bill/Repos/FLua/FLua.Runtime.LibraryTests/bin/Debug/net8.0/FLua.Runtime.LibraryTests.dll" adapterTypeName="executor://mstestadapter/v2" className="FLua.Runtime.LibraryTests.LuaMathLibTests" name="Abs_NaN_ReturnsNaN" />
    </UnitTest>
    <UnitTest name="Char_EmojiCodePoint_ReturnsEmoji" storage="/users/bill/repos/flua/flua.runtime.librarytests/bin/debug/net8.0/flua.runtime.librarytests.dll" id="167a4e6d-4824-6211-7676-fc97fb9c5c55">
      <Execution id="36c86224-0a34-4ff1-8b91-4ac046339f66" />
      <TestMethod codeBase="/Users/bill/Repos/FLua/FLua.Runtime.LibraryTests/bin/Debug/net8.0/FLua.Runtime.LibraryTests.dll" adapterTypeName="executor://mstestadapter/v2" className="FLua.Runtime.LibraryTests.LuaUTF8LibTests" name="Char_EmojiCodePoint_ReturnsEmoji" />
    </UnitTest>
    <UnitTest name="ToInteger_NonExactFloat_ReturnsNil" storage="/users/bill/repos/flua/flua.runtime.librarytests/bin/debug/net8.0/flua.runtime.librarytests.dll" id="5b8c6bfa-12fd-de38-151d-c13a681780e1">
      <Execution id="8466b6a7-5d18-43a6-9988-693fb8d59ae0" />
      <TestMethod codeBase="/Users/bill/Repos/FLua/FLua.Runtime.LibraryTests/bin/Debug/net8.0/FLua.Runtime.LibraryTests.dll" adapterTypeName="executor://mstestadapter/v2" className="FLua.Runtime.LibraryTests.LuaMathLibTests" name="ToInteger_NonExactFloat_ReturnsNil" />
    </UnitTest>
    <UnitTest name="CodePoint_EmptyString_ReturnsEmpty" storage="/users/bill/repos/flua/flua.runtime.librarytests/bin/debug/net8.0/flua.runtime.librarytests.dll" id="8b7d5bc8-c8ce-1412-af68-97cd16f8e716">
      <Execution id="3c5b9ceb-5c4e-43cb-9571-281426a4c7d5" />
      <TestMethod codeBase="/Users/bill/Repos/FLua/FLua.Runtime.LibraryTests/bin/Debug/net8.0/FLua.Runtime.LibraryTests.dll" adapterTypeName="executor://mstestadapter/v2" className="FLua.Runtime.LibraryTests.LuaUTF8LibTests" name="CodePoint_EmptyString_ReturnsEmpty" />
    </UnitTest>
    <UnitTest name="TryGetBoolean_BooleanValue_ReturnsTrue" storage="/users/bill/repos/flua/flua.runtime.librarytests/bin/debug/net8.0/flua.runtime.librarytests.dll" id="602edd5b-ab04-6baa-7d5b-bfedbcb3d92f">
      <Execution id="e0a1b5c3-213f-41c0-8cfb-4516f647e8d6" />
      <TestMethod codeBase="/Users/bill/Repos/FLua/FLua.Runtime.LibraryTests/bin/Debug/net8.0/FLua.Runtime.LibraryTests.dll" adapterTypeName="executor://mstestadapter/v2" className="FLua.Runtime.LibraryTests.LuaValueTests" name="TryGetBoolean_BooleanValue_ReturnsTrue" />
    </UnitTest>
    <UnitTest name="Sub_ZeroIndex_TreatedAsOne" storage="/users/bill/repos/flua/flua.runtime.librarytests/bin/debug/net8.0/flua.runtime.librarytests.dll" id="a0fa1c06-0e69-d238-e7ec-ec84e1e82659">
      <Execution id="1d3fc5e9-42e1-499a-8ba1-70305fd860ea" />
      <TestMethod codeBase="/Users/bill/Repos/FLua/FLua.Runtime.LibraryTests/bin/Debug/net8.0/FLua.Runtime.LibraryTests.dll" adapterTypeName="executor://mstestadapter/v2" className="FLua.Runtime.LibraryTests.LuaStringLibTests" name="Sub_ZeroIndex_TreatedAsOne" />
    </UnitTest>
    <UnitTest name="Floor_ExactFloat_ReturnsInteger" storage="/users/bill/repos/flua/flua.runtime.librarytests/bin/debug/net8.0/flua.runtime.librarytests.dll" id="d36c23d8-cd5d-0faf-c7e3-44ef6aa608bf">
      <Execution id="9be7ec43-3139-43ea-9d4b-ecd0f9ee95a2" />
      <TestMethod codeBase="/Users/bill/Repos/FLua/FLua.Runtime.LibraryTests/bin/Debug/net8.0/FLua.Runtime.LibraryTests.dll" adapterTypeName="executor://mstestadapter/v2" className="FLua.Runtime.LibraryTests.LuaMathLibTests" name="Floor_ExactFloat_ReturnsInteger" />
    </UnitTest>
    <UnitTest name="Float_PositiveValue_ReturnsCorrectValue" storage="/users/bill/repos/flua/flua.runtime.librarytests/bin/debug/net8.0/flua.runtime.librarytests.dll" id="fbe8371c-1bd1-f91b-8547-eaf0043cbd5e">
      <Execution id="d7474e2d-75ea-4f9f-af8c-2f6676b2f576" />
      <TestMethod codeBase="/Users/bill/Repos/FLua/FLua.Runtime.LibraryTests/bin/Debug/net8.0/FLua.Runtime.LibraryTests.dll" adapterTypeName="executor://mstestadapter/v2" className="FLua.Runtime.LibraryTests.LuaValueTests" name="Float_PositiveValue_ReturnsCorrectValue" />
    </UnitTest>
    <UnitTest name="Log_WithBase_ReturnsCorrectValue" storage="/users/bill/repos/flua/flua.runtime.librarytests/bin/debug/net8.0/flua.runtime.librarytests.dll" id="5fc823fd-951f-33c2-2110-b44d10b1fd32">
      <Execution id="98c5c948-4974-4ad8-a330-4a735620c1a0" />
      <TestMethod codeBase="/Users/bill/Repos/FLua/FLua.Runtime.LibraryTests/bin/Debug/net8.0/FLua.Runtime.LibraryTests.dll" adapterTypeName="executor://mstestadapter/v2" className="FLua.Runtime.LibraryTests.LuaMathLibTests" name="Log_WithBase_ReturnsCorrectValue" />
    </UnitTest>
    <UnitTest name="Find_SingleCharacterPattern_MatchesSingleChar" storage="/users/bill/repos/flua/flua.runtime.librarytests/bin/debug/net8.0/flua.runtime.librarytests.dll" id="366317f0-6bff-0005-2442-754d5f63303e">
      <Execution id="2bef4c9c-36ec-443d-b574-c4791258f588" />
      <TestMethod codeBase="/Users/bill/Repos/FLua/FLua.Runtime.LibraryTests/bin/Debug/net8.0/FLua.Runtime.LibraryTests.dll" adapterTypeName="executor://mstestadapter/v2" className="FLua.Runtime.LibraryTests.LuaStringLibTests" name="Find_SingleCharacterPattern_MatchesSingleChar" />
    </UnitTest>
    <UnitTest name="Open_ReadWriteMode_AllowsBothOperations" storage="/users/bill/repos/flua/flua.runtime.librarytests/bin/debug/net8.0/flua.runtime.librarytests.dll" id="34d8198b-1b9c-148a-ad5a-54fcb21b1184">
      <Execution id="17482136-64a8-4a44-8f33-a991734da8ee" />
      <TestMethod codeBase="/Users/bill/Repos/FLua/FLua.Runtime.LibraryTests/bin/Debug/net8.0/FLua.Runtime.LibraryTests.dll" adapterTypeName="executor://mstestadapter/v2" className="FLua.Runtime.LibraryTests.LuaIOLibTests" name="Open_ReadWriteMode_AllowsBothOperations" />
    </UnitTest>
    <UnitTest name="ToBoolean_TrueValue_ReturnsTrue" storage="/users/bill/repos/flua/flua.runtime.librarytests/bin/debug/net8.0/flua.runtime.librarytests.dll" id="19bc8828-c242-ab6c-68b7-511c9c806723">
      <Execution id="0d370f01-bd70-499e-8de3-8137d0553643" />
      <TestMethod codeBase="/Users/bill/Repos/FLua/FLua.Runtime.LibraryTests/bin/Debug/net8.0/FLua.Runtime.LibraryTests.dll" adapterTypeName="executor://mstestadapter/v2" className="FLua.Runtime.LibraryTests.LuaTypeConversionTests" name="ToBoolean_TrueValue_ReturnsTrue" />
    </UnitTest>
    <UnitTest name="Pack_FixedString_Padding" storage="/users/bill/repos/flua/flua.runtime.librarytests/bin/debug/net8.0/flua.runtime.librarytests.dll" id="09c1e8b9-f4bd-cb7a-19ba-2bf13a66c37e">
      <Execution id="e792dbf0-8427-4559-8bfe-fe4167bd95ab" />
      <TestMethod codeBase="/Users/bill/Repos/FLua/FLua.Runtime.LibraryTests/bin/Debug/net8.0/FLua.Runtime.LibraryTests.dll" adapterTypeName="executor://mstestadapter/v2" className="FLua.Runtime.LibraryTests.LuaStringLibTests" name="Pack_FixedString_Padding" />
    </UnitTest>
    <UnitTest name="Floor_NegativeFloat_ReturnsFloor" storage="/users/bill/repos/flua/flua.runtime.librarytests/bin/debug/net8.0/flua.runtime.librarytests.dll" id="b20233ec-015e-3cd3-212c-d09042def4c8">
      <Execution id="3f4e1faf-36d4-4d27-8ec1-e635db3fda51" />
      <TestMethod codeBase="/Users/bill/Repos/FLua/FLua.Runtime.LibraryTests/bin/Debug/net8.0/FLua.Runtime.LibraryTests.dll" adapterTypeName="executor://mstestadapter/v2" className="FLua.Runtime.LibraryTests.LuaMathLibTests" name="Floor_NegativeFloat_ReturnsFloor" />
    </UnitTest>
    <UnitTest name="StringToNumber_StringWithWhitespace_ReturnsCorrectValue" storage="/users/bill/repos/flua/flua.runtime.librarytests/bin/debug/net8.0/flua.runtime.librarytests.dll" id="7d08eb8a-1fa0-8b3e-ba01-15f4d3ef598b">
      <Execution id="9a515ef9-8f1e-4acb-9de5-be40fd2b91de" />
      <TestMethod codeBase="/Users/bill/Repos/FLua/FLua.Runtime.LibraryTests/bin/Debug/net8.0/FLua.Runtime.LibraryTests.dll" adapterTypeName="executor://mstestadapter/v2" className="FLua.Runtime.LibraryTests.LuaTypeConversionTests" name="StringToNumber_StringWithWhitespace_ReturnsCorrectValue" />
    </UnitTest>
    <UnitTest name="Sort_AlreadySorted_RemainsUnchanged" storage="/users/bill/repos/flua/flua.runtime.librarytests/bin/debug/net8.0/flua.runtime.librarytests.dll" id="3543a2c9-757e-2f45-d5df-15b9a0ae61c4">
      <Execution id="f586dcbb-172c-4ee5-adf8-db93775a0f15" />
      <TestMethod codeBase="/Users/bill/Repos/FLua/FLua.Runtime.LibraryTests/bin/Debug/net8.0/FLua.Runtime.LibraryTests.dll" adapterTypeName="executor://mstestadapter/v2" className="FLua.Runtime.LibraryTests.LuaTableLibTests" name="Sort_AlreadySorted_RemainsUnchanged" />
    </UnitTest>
    <UnitTest name="Multiply_IntegerInteger_ReturnsCorrectProduct" storage="/users/bill/repos/flua/flua.runtime.librarytests/bin/debug/net8.0/flua.runtime.librarytests.dll" id="f1130e59-d09d-ed7f-5879-209442de9d00">
      <Execution id="ecd79295-5011-4bce-a9d0-4f7ce146995f" />
      <TestMethod codeBase="/Users/bill/Repos/FLua/FLua.Runtime.LibraryTests/bin/Debug/net8.0/FLua.Runtime.LibraryTests.dll" adapterTypeName="executor://mstestadapter/v2" className="FLua.Runtime.LibraryTests.LuaValueTests" name="Multiply_IntegerInteger_ReturnsCorrectProduct" />
    </UnitTest>
    <UnitTest name="LocalVariable_ExistingLocal_CanRetrieve" storage="/users/bill/repos/flua/flua.runtime.librarytests/bin/debug/net8.0/flua.runtime.librarytests.dll" id="4460a51b-7dbe-79e0-dfc7-8e853c83e4e3">
      <Execution id="a9465858-c08f-45c2-b12e-c8a156a34118" />
      <TestMethod codeBase="/Users/bill/Repos/FLua/FLua.Runtime.LibraryTests/bin/Debug/net8.0/FLua.Runtime.LibraryTests.dll" adapterTypeName="executor://mstestadapter/v2" className="FLua.Runtime.LibraryTests.LuaEnvironmentTests" name="LocalVariable_ExistingLocal_CanRetrieve" />
    </UnitTest>
    <UnitTest name="Format_NoArguments_ThrowsException" storage="/users/bill/repos/flua/flua.runtime.librarytests/bin/debug/net8.0/flua.runtime.librarytests.dll" id="ffa17173-c9f9-35db-0b79-586ccedd5675">
      <Execution id="c231f268-5206-4069-95d7-82be7fb936ed" />
      <TestMethod codeBase="/Users/bill/Repos/FLua/FLua.Runtime.LibraryTests/bin/Debug/net8.0/FLua.Runtime.LibraryTests.dll" adapterTypeName="executor://mstestadapter/v2" className="FLua.Runtime.LibraryTests.LuaStringLibTests" name="Format_NoArguments_ThrowsException" />
    </UnitTest>
    <UnitTest name="Dispose_WithChildEnvironments_HandledCorrectly" storage="/users/bill/repos/flua/flua.runtime.librarytests/bin/debug/net8.0/flua.runtime.librarytests.dll" id="bcb69bb9-380e-15f5-1853-2cf4976f1fae">
      <Execution id="741c1efd-8b4d-488b-9ce8-ac28fc4cd743" />
      <TestMethod codeBase="/Users/bill/Repos/FLua/FLua.Runtime.LibraryTests/bin/Debug/net8.0/FLua.Runtime.LibraryTests.dll" adapterTypeName="executor://mstestadapter/v2" className="FLua.Runtime.LibraryTests.LuaEnvironmentTests" name="Dispose_WithChildEnvironments_HandledCorrectly" />
    </UnitTest>
    <UnitTest name="GetHashCode_SameValues_ReturnsSameHash" storage="/users/bill/repos/flua/flua.runtime.librarytests/bin/debug/net8.0/flua.runtime.librarytests.dll" id="3b9f54eb-8de3-b189-bbd7-8852b278301c">
      <Execution id="95f2697b-a42c-4586-b2a7-f1e1e83605ed" />
      <TestMethod codeBase="/Users/bill/Repos/FLua/FLua.Runtime.LibraryTests/bin/Debug/net8.0/FLua.Runtime.LibraryTests.dll" adapterTypeName="executor://mstestadapter/v2" className="FLua.Runtime.LibraryTests.LuaValueTests" name="GetHashCode_SameValues_ReturnsSameHash" />
    </UnitTest>
    <UnitTest name="Sub_MissingStartIndex_ThrowsException" storage="/users/bill/repos/flua/flua.runtime.librarytests/bin/debug/net8.0/flua.runtime.librarytests.dll" id="2d933501-9945-b51e-a2b6-1c4bddacc8c7">
      <Execution id="2a39513e-697f-45bc-86bd-9471863ef14c" />
      <TestMethod codeBase="/Users/bill/Repos/FLua/FLua.Runtime.LibraryTests/bin/Debug/net8.0/FLua.Runtime.LibraryTests.dll" adapterTypeName="executor://mstestadapter/v2" className="FLua.Runtime.LibraryTests.LuaStringLibTests" name="Sub_MissingStartIndex_ThrowsException" />
    </UnitTest>
    <UnitTest name="Offset_DefaultStartPosition_UsesOne" storage="/users/bill/repos/flua/flua.runtime.librarytests/bin/debug/net8.0/flua.runtime.librarytests.dll" id="8c645da4-ac87-9798-ea13-ecc81c4deae1">
      <Execution id="ed5dd6a9-886d-4efd-ba5f-d5eca7ebfb9d" />
      <TestMethod codeBase="/Users/bill/Repos/FLua/FLua.Runtime.LibraryTests/bin/Debug/net8.0/FLua.Runtime.LibraryTests.dll" adapterTypeName="executor://mstestadapter/v2" className="FLua.Runtime.LibraryTests.LuaUTF8LibTests" name="Offset_DefaultStartPosition_UsesOne" />
    </UnitTest>
    <UnitTest name="Find_MultipleCaptureGroups_ReturnsAllCaptures" storage="/users/bill/repos/flua/flua.runtime.librarytests/bin/debug/net8.0/flua.runtime.librarytests.dll" id="6e899d16-ba0b-ff6c-59ed-edc365ee0288">
      <Execution id="bcd391c5-ad65-48c8-a666-cc8e2afbc5c6" />
      <TestMethod codeBase="/Users/bill/Repos/FLua/FLua.Runtime.LibraryTests/bin/Debug/net8.0/FLua.Runtime.LibraryTests.dll" adapterTypeName="executor://mstestadapter/v2" className="FLua.Runtime.LibraryTests.LuaStringLibTests" name="Find_MultipleCaptureGroups_ReturnsAllCaptures" />
    </UnitTest>
    <UnitTest name="FileHandle_ReadAfterClose_ThrowsException" storage="/users/bill/repos/flua/flua.runtime.librarytests/bin/debug/net8.0/flua.runtime.librarytests.dll" id="ec103471-4d87-2a17-10f9-3da97d31d9bc">
      <Execution id="37c3c170-d637-46ea-9a26-93cb4a32c067" />
      <TestMethod codeBase="/Users/bill/Repos/FLua/FLua.Runtime.LibraryTests/bin/Debug/net8.0/FLua.Runtime.LibraryTests.dll" adapterTypeName="executor://mstestadapter/v2" className="FLua.Runtime.LibraryTests.LuaIOLibTests" name="FileHandle_ReadAfterClose_ThrowsException" />
    </UnitTest>
    <UnitTest name="Lines_FileWithManyLines_HandlesAll" storage="/users/bill/repos/flua/flua.runtime.librarytests/bin/debug/net8.0/flua.runtime.librarytests.dll" id="eff664ce-e42b-59e4-d1d2-9f9c8951c7c9">
      <Execution id="28e6c8b0-c4d1-40aa-8ae0-fb48041c4855" />
      <TestMethod codeBase="/Users/bill/Repos/FLua/FLua.Runtime.LibraryTests/bin/Debug/net8.0/FLua.Runtime.LibraryTests.dll" adapterTypeName="executor://mstestadapter/v2" className="FLua.Runtime.LibraryTests.LuaIOLibTests" name="Lines_FileWithManyLines_HandlesAll" />
    </UnitTest>
    <UnitTest name="Unpack_NonIntegerEndIndex_ThrowsException" storage="/users/bill/repos/flua/flua.runtime.librarytests/bin/debug/net8.0/flua.runtime.librarytests.dll" id="e276c011-d85d-887b-a451-4b05ec23be57">
      <Execution id="932d6651-103f-4bf7-a390-bf4e63d723f3" />
      <TestMethod codeBase="/Users/bill/Repos/FLua/FLua.Runtime.LibraryTests/bin/Debug/net8.0/FLua.Runtime.LibraryTests.dll" adapterTypeName="executor://mstestadapter/v2" className="FLua.Runtime.LibraryTests.LuaTableLibTests" name="Unpack_NonIntegerEndIndex_ThrowsException" />
    </UnitTest>
    <UnitTest name="Max_NonNumericFirstArgument_ThrowsException" storage="/users/bill/repos/flua/flua.runtime.librarytests/bin/debug/net8.0/flua.runtime.librarytests.dll" id="9e3c7df3-c05a-1a65-1b15-9b73dc7da4b9">
      <Execution id="879204e4-707a-4d13-bb24-e6a6b5a74101" />
      <TestMethod codeBase="/Users/bill/Repos/FLua/FLua.Runtime.LibraryTests/bin/Debug/net8.0/FLua.Runtime.LibraryTests.dll" adapterTypeName="executor://mstestadapter/v2" className="FLua.Runtime.LibraryTests.LuaMathLibTests" name="Max_NonNumericFirstArgument_ThrowsException" />
    </UnitTest>
    <UnitTest name="Remove_NegativeIndex_ReturnsNil" storage="/users/bill/repos/flua/flua.runtime.librarytests/bin/debug/net8.0/flua.runtime.librarytests.dll" id="530cf092-f04e-afb3-9bb2-9d00e432ef37">
      <Execution id="c8f38f11-956c-4f5b-8b82-054e37e57e5e" />
      <TestMethod codeBase="/Users/bill/Repos/FLua/FLua.Runtime.LibraryTests/bin/Debug/net8.0/FLua.Runtime.LibraryTests.dll" adapterTypeName="executor://mstestadapter/v2" className="FLua.Runtime.LibraryTests.LuaTableLibTests" name="Remove_NegativeIndex_ReturnsNil" />
    </UnitTest>
    <UnitTest name="Pack_StringWithLength_DefaultSize" storage="/users/bill/repos/flua/flua.runtime.librarytests/bin/debug/net8.0/flua.runtime.librarytests.dll" id="69724134-57a6-301e-1873-5f66721ff43d">
      <Execution id="d44cdf27-0923-4998-b7d1-f2f645947d42" />
      <TestMethod codeBase="/Users/bill/Repos/FLua/FLua.Runtime.LibraryTests/bin/Debug/net8.0/FLua.Runtime.LibraryTests.dll" adapterTypeName="executor://mstestadapter/v2" className="FLua.Runtime.LibraryTests.LuaStringLibTests" name="Pack_StringWithLength_DefaultSize" />
    </UnitTest>
    <UnitTest name="IsNumber_NonNumericTypes_ReturnsFalse" storage="/users/bill/repos/flua/flua.runtime.librarytests/bin/debug/net8.0/flua.runtime.librarytests.dll" id="55029406-4511-58c6-dc46-df35de46509a">
      <Execution id="8fc748fb-55c5-429b-945a-b7f865381101" />
      <TestMethod codeBase="/Users/bill/Repos/FLua/FLua.Runtime.LibraryTests/bin/Debug/net8.0/FLua.Runtime.LibraryTests.dll" adapterTypeName="executor://mstestadapter/v2" className="FLua.Runtime.LibraryTests.LuaValueTests" name="IsNumber_NonNumericTypes_ReturnsFalse" />
    </UnitTest>
    <UnitTest name="Codes_UnicodeString_IteratesCodePoints" storage="/users/bill/repos/flua/flua.runtime.librarytests/bin/debug/net8.0/flua.runtime.librarytests.dll" id="e899062e-6894-38dc-a3d4-ea350524792f">
      <Execution id="fdc6df03-2c52-4f1b-8efb-d799b720e62c" />
      <TestMethod codeBase="/Users/bill/Repos/FLua/FLua.Runtime.LibraryTests/bin/Debug/net8.0/FLua.Runtime.LibraryTests.dll" adapterTypeName="executor://mstestadapter/v2" className="FLua.Runtime.LibraryTests.LuaUTF8LibTests" name="Codes_UnicodeString_IteratesCodePoints" />
    </UnitTest>
    <UnitTest name="Concat_SimpleArray_JoinsElements" storage="/users/bill/repos/flua/flua.runtime.librarytests/bin/debug/net8.0/flua.runtime.librarytests.dll" id="3d768b9a-c4ab-bbaf-9f45-9650c89ece8c">
      <Execution id="6ffeec66-1e19-42b2-93a7-9eadb2244889" />
      <TestMethod codeBase="/Users/bill/Repos/FLua/FLua.Runtime.LibraryTests/bin/Debug/net8.0/FLua.Runtime.LibraryTests.dll" adapterTypeName="executor://mstestadapter/v2" className="FLua.Runtime.LibraryTests.LuaTableLibTests" name="Concat_SimpleArray_JoinsElements" />
    </UnitTest>
    <UnitTest name="AsString_NilValue_ThrowsException" storage="/users/bill/repos/flua/flua.runtime.librarytests/bin/debug/net8.0/flua.runtime.librarytests.dll" id="bc5b4279-4cbd-3d1b-6c3c-43a92a980df8">
      <Execution id="65b8d806-9e8b-463c-b351-bcc65c2f4952" />
      <TestMethod codeBase="/Users/bill/Repos/FLua/FLua.Runtime.LibraryTests/bin/Debug/net8.0/FLua.Runtime.LibraryTests.dll" adapterTypeName="executor://mstestadapter/v2" className="FLua.Runtime.LibraryTests.LuaValueTests" name="AsString_NilValue_ThrowsException" />
    </UnitTest>
    <UnitTest name="Offset_NegativeOffset_MovesBackward" storage="/users/bill/repos/flua/flua.runtime.librarytests/bin/debug/net8.0/flua.runtime.librarytests.dll" id="35cd6f78-6d0e-1ad0-f328-76b29b7411f0">
      <Execution id="b806dce8-bc23-4ce4-b1ee-bd88e7cb40d3" />
      <TestMethod codeBase="/Users/bill/Repos/FLua/FLua.Runtime.LibraryTests/bin/Debug/net8.0/FLua.Runtime.LibraryTests.dll" adapterTypeName="executor://mstestadapter/v2" className="FLua.Runtime.LibraryTests.LuaUTF8LibTests" name="Offset_NegativeOffset_MovesBackward" />
    </UnitTest>
    <UnitTest name="ToLuaString_FloatValue_ReturnsCorrectString" storage="/users/bill/repos/flua/flua.runtime.librarytests/bin/debug/net8.0/flua.runtime.librarytests.dll" id="7b538466-a97b-e9ac-673d-c16af3cbdd43">
      <Execution id="198eee9f-ce56-4b1b-ab5b-83cc0bcb2a6f" />
      <TestMethod codeBase="/Users/bill/Repos/FLua/FLua.Runtime.LibraryTests/bin/Debug/net8.0/FLua.Runtime.LibraryTests.dll" adapterTypeName="executor://mstestadapter/v2" className="FLua.Runtime.LibraryTests.LuaValueTests" name="ToLuaString_FloatValue_ReturnsCorrectString" />
    </UnitTest>
    <UnitTest name="TmpName_ReturnsValidTempFileName" storage="/users/bill/repos/flua/flua.runtime.librarytests/bin/debug/net8.0/flua.runtime.librarytests.dll" id="9eb26002-4ff4-481e-a0be-51994ffd6d3b">
      <Execution id="e48613cf-e215-4dce-b92f-24b9d076cb52" />
      <TestMethod codeBase="/Users/bill/Repos/FLua/FLua.Runtime.LibraryTests/bin/Debug/net8.0/FLua.Runtime.LibraryTests.dll" adapterTypeName="executor://mstestadapter/v2" className="FLua.Runtime.LibraryTests.LuaOSLibTests" name="TmpName_ReturnsValidTempFileName" />
    </UnitTest>
    <UnitTest name="ToLuaString_IntegerValue_ReturnsCorrectString" storage="/users/bill/repos/flua/flua.runtime.librarytests/bin/debug/net8.0/flua.runtime.librarytests.dll" id="fec56cd7-fb5f-0c08-56f9-cb7ab79fe2c6">
      <Execution id="fdc1a446-73af-4080-9dcb-eacfe64d713a" />
      <TestMethod codeBase="/Users/bill/Repos/FLua/FLua.Runtime.LibraryTests/bin/Debug/net8.0/FLua.Runtime.LibraryTests.dll" adapterTypeName="executor://mstestadapter/v2" className="FLua.Runtime.LibraryTests.LuaValueTests" name="ToLuaString_IntegerValue_ReturnsCorrectString" />
    </UnitTest>
    <UnitTest name="Rep_EmptyString_ReturnsEmpty" storage="/users/bill/repos/flua/flua.runtime.librarytests/bin/debug/net8.0/flua.runtime.librarytests.dll" id="1abe0b29-ffbf-39a6-7724-fc14377111b2">
      <Execution id="843aeed0-d685-4a60-ade2-8faf16b2a361" />
      <TestMethod codeBase="/Users/bill/Repos/FLua/FLua.Runtime.LibraryTests/bin/Debug/net8.0/FLua.Runtime.LibraryTests.dll" adapterTypeName="executor://mstestadapter/v2" className="FLua.Runtime.LibraryTests.LuaStringLibTests" name="Rep_EmptyString_ReturnsEmpty" />
    </UnitTest>
    <UnitTest name="Integer_NegativeValue_ReturnsCorrectValue" storage="/users/bill/repos/flua/flua.runtime.librarytests/bin/debug/net8.0/flua.runtime.librarytests.dll" id="34c8f6ea-a53e-f99f-4a93-1184a0ffea1e">
      <Execution id="4053c1d9-7a5d-4055-839e-9aa2c9ee761f" />
      <TestMethod codeBase="/Users/bill/Repos/FLua/FLua.Runtime.LibraryTests/bin/Debug/net8.0/FLua.Runtime.LibraryTests.dll" adapterTypeName="executor://mstestadapter/v2" className="FLua.Runtime.LibraryTests.LuaValueTests" name="Integer_NegativeValue_ReturnsCorrectValue" />
    </UnitTest>
    <UnitTest name="Pack_FixedString_WorksCorrectly" storage="/users/bill/repos/flua/flua.runtime.librarytests/bin/debug/net8.0/flua.runtime.librarytests.dll" id="94249136-3b52-f9c3-1d42-b3ed9b46e46d">
      <Execution id="faa790dc-d766-4a0f-8a16-64e36e1c2f90" />
      <TestMethod codeBase="/Users/bill/Repos/FLua/FLua.Runtime.LibraryTests/bin/Debug/net8.0/FLua.Runtime.LibraryTests.dll" adapterTypeName="executor://mstestadapter/v2" className="FLua.Runtime.LibraryTests.LuaStringLibTests" name="Pack_FixedString_WorksCorrectly" />
    </UnitTest>
    <UnitTest name="Pack_Double_WorksCorrectly" storage="/users/bill/repos/flua/flua.runtime.librarytests/bin/debug/net8.0/flua.runtime.librarytests.dll" id="5f6a1f6e-ca69-a6cf-b2ba-49c8baaa1f06">
      <Execution id="daf4ac90-19ff-4f50-b4bf-2f661d294d35" />
      <TestMethod codeBase="/Users/bill/Repos/FLua/FLua.Runtime.LibraryTests/bin/Debug/net8.0/FLua.Runtime.LibraryTests.dll" adapterTypeName="executor://mstestadapter/v2" className="FLua.Runtime.LibraryTests.LuaStringLibTests" name="Pack_Double_WorksCorrectly" />
    </UnitTest>
    <UnitTest name="Sort_Strings_SortsLexicographically" storage="/users/bill/repos/flua/flua.runtime.librarytests/bin/debug/net8.0/flua.runtime.librarytests.dll" id="bdf3ca6c-d109-aca8-ed7e-561d99e22cb0">
      <Execution id="4eb1a4b0-cab2-4296-9379-4d83ae120429" />
      <TestMethod codeBase="/Users/bill/Repos/FLua/FLua.Runtime.LibraryTests/bin/Debug/net8.0/FLua.Runtime.LibraryTests.dll" adapterTypeName="executor://mstestadapter/v2" className="FLua.Runtime.LibraryTests.LuaTableLibTests" name="Sort_Strings_SortsLexicographically" />
    </UnitTest>
    <UnitTest name="Reverse_Palindrome_ReturnsSameString" storage="/users/bill/repos/flua/flua.runtime.librarytests/bin/debug/net8.0/flua.runtime.librarytests.dll" id="7b024e75-7530-b0a6-5744-3126d3ec9697">
      <Execution id="f59e9a96-9510-4801-a655-690368f678f7" />
      <TestMethod codeBase="/Users/bill/Repos/FLua/FLua.Runtime.LibraryTests/bin/Debug/net8.0/FLua.Runtime.LibraryTests.dll" adapterTypeName="executor://mstestadapter/v2" className="FLua.Runtime.LibraryTests.LuaStringLibTests" name="Reverse_Palindrome_ReturnsSameString" />
    </UnitTest>
    <UnitTest name="Time_NoArguments_ReturnsCurrentTime" storage="/users/bill/repos/flua/flua.runtime.librarytests/bin/debug/net8.0/flua.runtime.librarytests.dll" id="5cdb03d8-4617-de7d-b17d-30206a4d1abb">
      <Execution id="446b0424-8909-494d-b4bb-be7003e57d8a" />
      <TestMethod codeBase="/Users/bill/Repos/FLua/FLua.Runtime.LibraryTests/bin/Debug/net8.0/FLua.Runtime.LibraryTests.dll" adapterTypeName="executor://mstestadapter/v2" className="FLua.Runtime.LibraryTests.LuaOSLibTests" name="Time_NoArguments_ReturnsCurrentTime" />
    </UnitTest>
    <UnitTest name="Pack_SingleArgument_PacksCorrectly" storage="/users/bill/repos/flua/flua.runtime.librarytests/bin/debug/net8.0/flua.runtime.librarytests.dll" id="970a1107-4220-944c-48b9-92f435716a22">
      <Execution id="f4ce71d4-28be-446a-b84b-4e11dcaa4f07" />
      <TestMethod codeBase="/Users/bill/Repos/FLua/FLua.Runtime.LibraryTests/bin/Debug/net8.0/FLua.Runtime.LibraryTests.dll" adapterTypeName="executor://mstestadapter/v2" className="FLua.Runtime.LibraryTests.LuaTableLibTests" name="Pack_SingleArgument_PacksCorrectly" />
    </UnitTest>
    <UnitTest name="Char_UnicodeCodePoints_ReturnsUnicodeString" storage="/users/bill/repos/flua/flua.runtime.librarytests/bin/debug/net8.0/flua.runtime.librarytests.dll" id="5df45a42-ad77-4b51-e583-37d4d92a2e05">
      <Execution id="5157aa13-e94b-45e7-8133-624d4dc11795" />
      <TestMethod codeBase="/Users/bill/Repos/FLua/FLua.Runtime.LibraryTests/bin/Debug/net8.0/FLua.Runtime.LibraryTests.dll" adapterTypeName="executor://mstestadapter/v2" className="FLua.Runtime.LibraryTests.LuaUTF8LibTests" name="Char_UnicodeCodePoints_ReturnsUnicodeString" />
    </UnitTest>
    <UnitTest name="Offset_UnicodeString_HandlesMultiByteCharacters" storage="/users/bill/repos/flua/flua.runtime.librarytests/bin/debug/net8.0/flua.runtime.librarytests.dll" id="e87b50f4-3509-ae4d-a4c9-8d5ced4872ac">
      <Execution id="413c527d-5d4b-4b6a-9fd2-d48d1d14c2af" />
      <TestMethod codeBase="/Users/bill/Repos/FLua/FLua.Runtime.LibraryTests/bin/Debug/net8.0/FLua.Runtime.LibraryTests.dll" adapterTypeName="executor://mstestadapter/v2" className="FLua.Runtime.LibraryTests.LuaUTF8LibTests" name="Offset_UnicodeString_HandlesMultiByteCharacters" />
    </UnitTest>
    <UnitTest name="Len_SingleCharacter_ReturnsOne" storage="/users/bill/repos/flua/flua.runtime.librarytests/bin/debug/net8.0/flua.runtime.librarytests.dll" id="caed0eb2-fa06-9d39-a5dd-a22dfd378302">
      <Execution id="c5864875-b105-4f48-ac03-a9233587fdf8" />
      <TestMethod codeBase="/Users/bill/Repos/FLua/FLua.Runtime.LibraryTests/bin/Debug/net8.0/FLua.Runtime.LibraryTests.dll" adapterTypeName="executor://mstestadapter/v2" className="FLua.Runtime.LibraryTests.LuaStringLibTests" name="Len_SingleCharacter_ReturnsOne" />
    </UnitTest>
    <UnitTest name="Abs_NilArgument_ThrowsException" storage="/users/bill/repos/flua/flua.runtime.librarytests/bin/debug/net8.0/flua.runtime.librarytests.dll" id="28203906-87b7-67ae-2629-b9a0fb52b6d8">
      <Execution id="629f8231-3c2e-40e5-831c-9d27ca9b1654" />
      <TestMethod codeBase="/Users/bill/Repos/FLua/FLua.Runtime.LibraryTests/bin/Debug/net8.0/FLua.Runtime.LibraryTests.dll" adapterTypeName="executor://mstestadapter/v2" className="FLua.Runtime.LibraryTests.LuaMathLibTests" name="Abs_NilArgument_ThrowsException" />
    </UnitTest>
    <UnitTest name="Match_EmptyCaptureGroup_ReturnsEmptyString" storage="/users/bill/repos/flua/flua.runtime.librarytests/bin/debug/net8.0/flua.runtime.librarytests.dll" id="4f52ce54-7eee-326c-5bf4-aa1c32cef3d2">
      <Execution id="fb3a61c6-bfc3-430a-a297-b5c78d2c63da" />
      <TestMethod codeBase="/Users/bill/Repos/FLua/FLua.Runtime.LibraryTests/bin/Debug/net8.0/FLua.Runtime.LibraryTests.dll" adapterTypeName="executor://mstestadapter/v2" className="FLua.Runtime.LibraryTests.LuaStringLibTests" name="Match_EmptyCaptureGroup_ReturnsEmptyString" />
    </UnitTest>
    <UnitTest name="ImplicitConversion_StringToLuaValue_WorksCorrectly" storage="/users/bill/repos/flua/flua.runtime.librarytests/bin/debug/net8.0/flua.runtime.librarytests.dll" id="82acd130-2fd0-0ba2-61ee-17254e47c79e">
      <Execution id="bfbf8e40-b0af-4334-982a-d3202d8d1629" />
      <TestMethod codeBase="/Users/bill/Repos/FLua/FLua.Runtime.LibraryTests/bin/Debug/net8.0/FLua.Runtime.LibraryTests.dll" adapterTypeName="executor://mstestadapter/v2" className="FLua.Runtime.LibraryTests.LuaValueTests" name="ImplicitConversion_StringToLuaValue_WorksCorrectly" />
    </UnitTest>
    <UnitTest name="Find_StarQuantifierWithSpaces_KnownLimitation" storage="/users/bill/repos/flua/flua.runtime.librarytests/bin/debug/net8.0/flua.runtime.librarytests.dll" id="2510cad0-dba4-2567-1491-42328e012c5c">
      <Execution id="d53b425f-f009-40fc-915f-1ec2e624e397" />
      <TestMethod codeBase="/Users/bill/Repos/FLua/FLua.Runtime.LibraryTests/bin/Debug/net8.0/FLua.Runtime.LibraryTests.dll" adapterTypeName="executor://mstestadapter/v2" className="FLua.Runtime.LibraryTests.LuaStringLibTests" name="Find_StarQuantifierWithSpaces_KnownLimitation" />
    </UnitTest>
    <UnitTest name="Byte_OutOfRange_ReturnsNoValues" storage="/users/bill/repos/flua/flua.runtime.librarytests/bin/debug/net8.0/flua.runtime.librarytests.dll" id="1a0432b7-1115-58b0-0702-0af7a644ff96">
      <Execution id="5c20db49-c680-4501-8ea9-56945e64b1f6" />
      <TestMethod codeBase="/Users/bill/Repos/FLua/FLua.Runtime.LibraryTests/bin/Debug/net8.0/FLua.Runtime.LibraryTests.dll" adapterTypeName="executor://mstestadapter/v2" className="FLua.Runtime.LibraryTests.LuaStringLibTests" name="Byte_OutOfRange_ReturnsNoValues" />
    </UnitTest>
    <UnitTest name="Pack_SignedByte_BoundaryValues" storage="/users/bill/repos/flua/flua.runtime.librarytests/bin/debug/net8.0/flua.runtime.librarytests.dll" id="1be4d8ac-08d1-1c29-8438-276c7cb6ba43">
      <Execution id="6153203b-12a2-4987-b724-8680df8442de" />
      <TestMethod codeBase="/Users/bill/Repos/FLua/FLua.Runtime.LibraryTests/bin/Debug/net8.0/FLua.Runtime.LibraryTests.dll" adapterTypeName="executor://mstestadapter/v2" className="FLua.Runtime.LibraryTests.LuaStringLibTests" name="Pack_SignedByte_BoundaryValues" />
    </UnitTest>
    <UnitTest name="Offset_BeyondBounds_ReturnsEmpty" storage="/users/bill/repos/flua/flua.runtime.librarytests/bin/debug/net8.0/flua.runtime.librarytests.dll" id="c04916e9-b6ac-fd8a-dfdc-65e0247e2335">
      <Execution id="4b3c7a9f-9def-4684-a059-193082b50270" />
      <TestMethod codeBase="/Users/bill/Repos/FLua/FLua.Runtime.LibraryTests/bin/Debug/net8.0/FLua.Runtime.LibraryTests.dll" adapterTypeName="executor://mstestadapter/v2" className="FLua.Runtime.LibraryTests.LuaUTF8LibTests" name="Offset_BeyondBounds_ReturnsEmpty" />
    </UnitTest>
    <UnitTest name="Upper_LowercaseString_ReturnsUppercase" storage="/users/bill/repos/flua/flua.runtime.librarytests/bin/debug/net8.0/flua.runtime.librarytests.dll" id="d79a2c0a-beef-581c-8321-d33ace64639c">
      <Execution id="ddb23a64-5195-4f09-b59c-00b81c98be51" />
      <TestMethod codeBase="/Users/bill/Repos/FLua/FLua.Runtime.LibraryTests/bin/Debug/net8.0/FLua.Runtime.LibraryTests.dll" adapterTypeName="executor://mstestadapter/v2" className="FLua.Runtime.LibraryTests.LuaStringLibTests" name="Upper_LowercaseString_ReturnsUppercase" />
    </UnitTest>
    <UnitTest name="Pack_Double_PrecisionTest" storage="/users/bill/repos/flua/flua.runtime.librarytests/bin/debug/net8.0/flua.runtime.librarytests.dll" id="10878a1e-6024-2c44-7b6f-c73183c982b4">
      <Execution id="acb446bb-9f70-4383-8c37-77a1b3ebfed0" />
      <TestMethod codeBase="/Users/bill/Repos/FLua/FLua.Runtime.LibraryTests/bin/Debug/net8.0/FLua.Runtime.LibraryTests.dll" adapterTypeName="executor://mstestadapter/v2" className="FLua.Runtime.LibraryTests.LuaStringLibTests" name="Pack_Double_PrecisionTest" />
    </UnitTest>
    <UnitTest name="ToBoolean_FalseValue_ReturnsFalse" storage="/users/bill/repos/flua/flua.runtime.librarytests/bin/debug/net8.0/flua.runtime.librarytests.dll" id="16b9feef-3faf-88f4-07b4-d0d7b6cb1d20">
      <Execution id="12a0fba3-85dc-479d-a481-2aff89151a49" />
      <TestMethod codeBase="/Users/bill/Repos/FLua/FLua.Runtime.LibraryTests/bin/Debug/net8.0/FLua.Runtime.LibraryTests.dll" adapterTypeName="executor://mstestadapter/v2" className="FLua.Runtime.LibraryTests.LuaTypeConversionTests" name="ToBoolean_FalseValue_ReturnsFalse" />
    </UnitTest>
    <UnitTest name="String_EmptyString_ReturnsCorrectValue" storage="/users/bill/repos/flua/flua.runtime.librarytests/bin/debug/net8.0/flua.runtime.librarytests.dll" id="a8f5fb8d-2534-f1ff-b75f-db0c27695f15">
      <Execution id="b95dab8c-1864-4a4a-9376-1700928221a7" />
      <TestMethod codeBase="/Users/bill/Repos/FLua/FLua.Runtime.LibraryTests/bin/Debug/net8.0/FLua.Runtime.LibraryTests.dll" adapterTypeName="executor://mstestadapter/v2" className="FLua.Runtime.LibraryTests.LuaValueTests" name="String_EmptyString_ReturnsCorrectValue" />
    </UnitTest>
    <UnitTest name="GetNumber_NonNumericValue_ThrowsException" storage="/users/bill/repos/flua/flua.runtime.librarytests/bin/debug/net8.0/flua.runtime.librarytests.dll" id="003443bf-783a-2caf-ab98-33ae82136736">
      <Execution id="cdabda89-c0f6-4b8e-8d45-38597aabbc2c" />
      <TestMethod codeBase="/Users/bill/Repos/FLua/FLua.Runtime.LibraryTests/bin/Debug/net8.0/FLua.Runtime.LibraryTests.dll" adapterTypeName="executor://mstestadapter/v2" className="FLua.Runtime.LibraryTests.LuaValueHelpersTests" name="GetNumber_NonNumericValue_ThrowsException" />
    </UnitTest>
    <UnitTest name="Random_NoArguments_ReturnsBetweenZeroAndOne" storage="/users/bill/repos/flua/flua.runtime.librarytests/bin/debug/net8.0/flua.runtime.librarytests.dll" id="1c5b00fb-89ae-4050-e6f8-086da0ce80c2">
      <Execution id="5ab04dd6-5dfa-4f93-aba1-cf33b174c5e7" />
      <TestMethod codeBase="/Users/bill/Repos/FLua/FLua.Runtime.LibraryTests/bin/Debug/net8.0/FLua.Runtime.LibraryTests.dll" adapterTypeName="executor://mstestadapter/v2" className="FLua.Runtime.LibraryTests.LuaMathLibTests" name="Random_NoArguments_ReturnsBetweenZeroAndOne" />
    </UnitTest>
    <UnitTest name="TryGetString_StringValue_ReturnsTrue" storage="/users/bill/repos/flua/flua.runtime.librarytests/bin/debug/net8.0/flua.runtime.librarytests.dll" id="67750e5f-4c1a-63e1-17aa-e0c00b26bd00">
      <Execution id="f9d870d3-1980-4dab-a757-fbaa2d43f11e" />
      <TestMethod codeBase="/Users/bill/Repos/FLua/FLua.Runtime.LibraryTests/bin/Debug/net8.0/FLua.Runtime.LibraryTests.dll" adapterTypeName="executor://mstestadapter/v2" className="FLua.Runtime.LibraryTests.LuaValueTests" name="TryGetString_StringValue_ReturnsTrue" />
    </UnitTest>
    <UnitTest name="ToConcatString_StringValue_ReturnsString" storage="/users/bill/repos/flua/flua.runtime.librarytests/bin/debug/net8.0/flua.runtime.librarytests.dll" id="4909b3c7-d672-4664-64f2-6c7b68af7409">
      <Execution id="f48e1285-60d9-4f3d-93e2-567afdd4a368" />
      <TestMethod codeBase="/Users/bill/Repos/FLua/FLua.Runtime.LibraryTests/bin/Debug/net8.0/FLua.Runtime.LibraryTests.dll" adapterTypeName="executor://mstestadapter/v2" className="FLua.Runtime.LibraryTests.LuaTypeConversionTests" name="ToConcatString_StringValue_ReturnsString" />
    </UnitTest>
    <UnitTest name="GetNumber_IntegerValue_ReturnsCorrectDouble" storage="/users/bill/repos/flua/flua.runtime.librarytests/bin/debug/net8.0/flua.runtime.librarytests.dll" id="4040e00f-72b8-0774-cd66-78bbbbf80ed4">
      <Execution id="7cc7cacf-d7db-4a8b-b714-da2eea86f778" />
      <TestMethod codeBase="/Users/bill/Repos/FLua/FLua.Runtime.LibraryTests/bin/Debug/net8.0/FLua.Runtime.LibraryTests.dll" adapterTypeName="executor://mstestadapter/v2" className="FLua.Runtime.LibraryTests.LuaValueHelpersTests" name="GetNumber_IntegerValue_ReturnsCorrectDouble" />
    </UnitTest>
    <UnitTest name="Char_ZeroCodePoint_ReturnsNullCharacter" storage="/users/bill/repos/flua/flua.runtime.librarytests/bin/debug/net8.0/flua.runtime.librarytests.dll" id="328622fb-d298-7a58-c8df-ac1300e888a2">
      <Execution id="b6119492-609f-401f-9ee9-6081d644c0ed" />
      <TestMethod codeBase="/Users/bill/Repos/FLua/FLua.Runtime.LibraryTests/bin/Debug/net8.0/FLua.Runtime.LibraryTests.dll" adapterTypeName="executor://mstestadapter/v2" className="FLua.Runtime.LibraryTests.LuaUTF8LibTests" name="Char_ZeroCodePoint_ReturnsNullCharacter" />
    </UnitTest>
    <UnitTest name="DiffTime_MinValues_HandlesNegativeNumbers" storage="/users/bill/repos/flua/flua.runtime.librarytests/bin/debug/net8.0/flua.runtime.librarytests.dll" id="5c483893-fa82-d878-b041-f216dab50b58">
      <Execution id="cc4f5ba9-1f9a-4923-ad2e-4c301fb124cf" />
      <TestMethod codeBase="/Users/bill/Repos/FLua/FLua.Runtime.LibraryTests/bin/Debug/net8.0/FLua.Runtime.LibraryTests.dll" adapterTypeName="executor://mstestadapter/v2" className="FLua.Runtime.LibraryTests.LuaOSLibTests" name="DiffTime_MinValues_HandlesNegativeNumbers" />
    </UnitTest>
    <UnitTest name="GetTypeName_FunctionValue_ReturnsFunction" storage="/users/bill/repos/flua/flua.runtime.librarytests/bin/debug/net8.0/flua.runtime.librarytests.dll" id="04edf3a2-5fe7-091f-aa74-ced4a831b2e3">
      <Execution id="d45c1761-75b7-4e82-a601-4149fb7699e5" />
      <TestMethod codeBase="/Users/bill/Repos/FLua/FLua.Runtime.LibraryTests/bin/Debug/net8.0/FLua.Runtime.LibraryTests.dll" adapterTypeName="executor://mstestadapter/v2" className="FLua.Runtime.LibraryTests.LuaTypeConversionTests" name="GetTypeName_FunctionValue_ReturnsFunction" />
    </UnitTest>
    <UnitTest name="FileHandle_Read_DefaultReadsLine" storage="/users/bill/repos/flua/flua.runtime.librarytests/bin/debug/net8.0/flua.runtime.librarytests.dll" id="75777ee9-b384-7b18-484c-624e5c8b45eb">
      <Execution id="561fc4fd-fc98-4cac-baa1-7d8c2ff3f666" />
      <TestMethod codeBase="/Users/bill/Repos/FLua/FLua.Runtime.LibraryTests/bin/Debug/net8.0/FLua.Runtime.LibraryTests.dll" adapterTypeName="executor://mstestadapter/v2" className="FLua.Runtime.LibraryTests.LuaIOLibTests" name="FileHandle_Read_DefaultReadsLine" />
    </UnitTest>
    <UnitTest name="TmpName_WithArguments_IgnoresThem" storage="/users/bill/repos/flua/flua.runtime.librarytests/bin/debug/net8.0/flua.runtime.librarytests.dll" id="2583f021-343e-fb4e-1585-e43296031618">
      <Execution id="62237b46-ac65-4f71-a89a-b1e29747a49a" />
      <TestMethod codeBase="/Users/bill/Repos/FLua/FLua.Runtime.LibraryTests/bin/Debug/net8.0/FLua.Runtime.LibraryTests.dll" adapterTypeName="executor://mstestadapter/v2" className="FLua.Runtime.LibraryTests.LuaOSLibTests" name="TmpName_WithArguments_IgnoresThem" />
    </UnitTest>
    <UnitTest name="Abs_NonNumericArgument_ThrowsException" storage="/users/bill/repos/flua/flua.runtime.librarytests/bin/debug/net8.0/flua.runtime.librarytests.dll" id="bdfc419e-7b06-ae56-1790-4aecf9839ca8">
      <Execution id="a77b30b3-2331-42f3-b2fd-12d8d367f1c4" />
      <TestMethod codeBase="/Users/bill/Repos/FLua/FLua.Runtime.LibraryTests/bin/Debug/net8.0/FLua.Runtime.LibraryTests.dll" adapterTypeName="executor://mstestadapter/v2" className="FLua.Runtime.LibraryTests.LuaMathLibTests" name="Abs_NonNumericArgument_ThrowsException" />
    </UnitTest>
    <UnitTest name="Find_PatternNotFound_ReturnsNil" storage="/users/bill/repos/flua/flua.runtime.librarytests/bin/debug/net8.0/flua.runtime.librarytests.dll" id="69caa7bd-9c65-a490-43e7-fe3d9dae9c02">
      <Execution id="3101dd74-ebe0-4d51-b751-a3d46518df0a" />
      <TestMethod codeBase="/Users/bill/Repos/FLua/FLua.Runtime.LibraryTests/bin/Debug/net8.0/FLua.Runtime.LibraryTests.dll" adapterTypeName="executor://mstestadapter/v2" className="FLua.Runtime.LibraryTests.LuaStringLibTests" name="Find_PatternNotFound_ReturnsNil" />
    </UnitTest>
    <UnitTest name="FileHandle_Read_AllFormat" storage="/users/bill/repos/flua/flua.runtime.librarytests/bin/debug/net8.0/flua.runtime.librarytests.dll" id="b7e6ffb7-96f3-825d-2d34-d16deaf080f1">
      <Execution id="c68ae0c8-94f9-49c5-96a1-c10b44acb05e" />
      <TestMethod codeBase="/Users/bill/Repos/FLua/FLua.Runtime.LibraryTests/bin/Debug/net8.0/FLua.Runtime.LibraryTests.dll" adapterTypeName="executor://mstestadapter/v2" className="FLua.Runtime.LibraryTests.LuaIOLibTests" name="FileHandle_Read_AllFormat" />
    </UnitTest>
    <UnitTest name="CodePoint_EmojiString_ReturnsEmojiCodePoint" storage="/users/bill/repos/flua/flua.runtime.librarytests/bin/debug/net8.0/flua.runtime.librarytests.dll" id="77e7eb16-37aa-1a4c-c76f-b65b7044c57c">
      <Execution id="4b41f9da-117e-4130-ae76-8e5e986d5dca" />
      <TestMethod codeBase="/Users/bill/Repos/FLua/FLua.Runtime.LibraryTests/bin/Debug/net8.0/FLua.Runtime.LibraryTests.dll" adapterTypeName="executor://mstestadapter/v2" className="FLua.Runtime.LibraryTests.LuaUTF8LibTests" name="CodePoint_EmojiString_ReturnsEmojiCodePoint" />
    </UnitTest>
    <UnitTest name="Date_WithSpecificTime_ReturnsCorrectDate" storage="/users/bill/repos/flua/flua.runtime.librarytests/bin/debug/net8.0/flua.runtime.librarytests.dll" id="c81ea6a6-3b8e-410c-61f2-eae488d7b049">
      <Execution id="67f607e8-27ed-48c8-bc9c-68e097287038" />
      <TestMethod codeBase="/Users/bill/Repos/FLua/FLua.Runtime.LibraryTests/bin/Debug/net8.0/FLua.Runtime.LibraryTests.dll" adapterTypeName="executor://mstestadapter/v2" className="FLua.Runtime.LibraryTests.LuaOSLibTests" name="Date_WithSpecificTime_ReturnsCorrectDate" />
    </UnitTest>
    <UnitTest name="GSub_SimpleReplacement_WorksCorrectly" storage="/users/bill/repos/flua/flua.runtime.librarytests/bin/debug/net8.0/flua.runtime.librarytests.dll" id="d7c8f7b5-c3b8-357d-b44b-90988bbf4f71">
      <Execution id="737ecb6f-be61-41af-8da6-ec0a499617b6" />
      <TestMethod codeBase="/Users/bill/Repos/FLua/FLua.Runtime.LibraryTests/bin/Debug/net8.0/FLua.Runtime.LibraryTests.dll" adapterTypeName="executor://mstestadapter/v2" className="FLua.Runtime.LibraryTests.LuaStringLibTests" name="GSub_SimpleReplacement_WorksCorrectly" />
    </UnitTest>
    <UnitTest name="Add_IntegerInteger_ReturnsCorrectSum" storage="/users/bill/repos/flua/flua.runtime.librarytests/bin/debug/net8.0/flua.runtime.librarytests.dll" id="bef66b0d-967a-cee6-357a-0a9c38b52500">
      <Execution id="931bde66-bff2-4aad-8a73-5f331b0ecb39" />
      <TestMethod codeBase="/Users/bill/Repos/FLua/FLua.Runtime.LibraryTests/bin/Debug/net8.0/FLua.Runtime.LibraryTests.dll" adapterTypeName="executor://mstestadapter/v2" className="FLua.Runtime.LibraryTests.LuaValueTests" name="Add_IntegerInteger_ReturnsCorrectSum" />
    </UnitTest>
    <UnitTest name="Unpack_EmptyTable_ReturnsNoElements" storage="/users/bill/repos/flua/flua.runtime.librarytests/bin/debug/net8.0/flua.runtime.librarytests.dll" id="3eafc5cf-27e0-505e-a974-21909a6ec104">
      <Execution id="508da482-de4a-4ad5-8720-c7047481f377" />
      <TestMethod codeBase="/Users/bill/Repos/FLua/FLua.Runtime.LibraryTests/bin/Debug/net8.0/FLua.Runtime.LibraryTests.dll" adapterTypeName="executor://mstestadapter/v2" className="FLua.Runtime.LibraryTests.LuaTableLibTests" name="Unpack_EmptyTable_ReturnsNoElements" />
    </UnitTest>
    <UnitTest name="Clock_NoArguments_Works" storage="/users/bill/repos/flua/flua.runtime.librarytests/bin/debug/net8.0/flua.runtime.librarytests.dll" id="3d6ed08b-49fe-e94a-d455-e94243bf5e8e">
      <Execution id="717abc3c-aa96-407a-b0a3-e1e0d7b0fb95" />
      <TestMethod codeBase="/Users/bill/Repos/FLua/FLua.Runtime.LibraryTests/bin/Debug/net8.0/FLua.Runtime.LibraryTests.dll" adapterTypeName="executor://mstestadapter/v2" className="FLua.Runtime.LibraryTests.LuaOSLibTests" name="Clock_NoArguments_Works" />
    </UnitTest>
    <UnitTest name="ToNumber_BooleanValue_ThrowsException" storage="/users/bill/repos/flua/flua.runtime.librarytests/bin/debug/net8.0/flua.runtime.librarytests.dll" id="629283eb-6177-d626-a123-9129821a348b">
      <Execution id="5d35e0fa-0243-4d8c-825a-bed98b6c1982" />
      <TestMethod codeBase="/Users/bill/Repos/FLua/FLua.Runtime.LibraryTests/bin/Debug/net8.0/FLua.Runtime.LibraryTests.dll" adapterTypeName="executor://mstestadapter/v2" className="FLua.Runtime.LibraryTests.LuaTypeConversionTests" name="ToNumber_BooleanValue_ThrowsException" />
    </UnitTest>
    <UnitTest name="Pack_ZeroTerminatedString_ComprehensiveTest" storage="/users/bill/repos/flua/flua.runtime.librarytests/bin/debug/net8.0/flua.runtime.librarytests.dll" id="fcc963cf-c9d1-9b26-9125-b101615c7252">
      <Execution id="6a6576ce-72cb-45c8-9f04-8b1993c268af" />
      <TestMethod codeBase="/Users/bill/Repos/FLua/FLua.Runtime.LibraryTests/bin/Debug/net8.0/FLua.Runtime.LibraryTests.dll" adapterTypeName="executor://mstestadapter/v2" className="FLua.Runtime.LibraryTests.LuaStringLibTests" name="Pack_ZeroTerminatedString_ComprehensiveTest" />
    </UnitTest>
    <UnitTest name="Remove_FromEmptyTable_ReturnsNil" storage="/users/bill/repos/flua/flua.runtime.librarytests/bin/debug/net8.0/flua.runtime.librarytests.dll" id="b215ab59-8b07-a2e4-c7ff-6b309cf82bd3">
      <Execution id="e87256fe-f8a5-4dcf-adc4-3f1b757c8cba" />
      <TestMethod codeBase="/Users/bill/Repos/FLua/FLua.Runtime.LibraryTests/bin/Debug/net8.0/FLua.Runtime.LibraryTests.dll" adapterTypeName="executor://mstestadapter/v2" className="FLua.Runtime.LibraryTests.LuaTableLibTests" name="Remove_FromEmptyTable_ReturnsNil" />
    </UnitTest>
    <UnitTest name="FMod_MissingSecondArgument_ThrowsException" storage="/users/bill/repos/flua/flua.runtime.librarytests/bin/debug/net8.0/flua.runtime.librarytests.dll" id="006c22c6-5988-a575-a69c-6419c30f7084">
      <Execution id="23204d11-c0af-4ab1-bdc6-3ae45ebb971e" />
      <TestMethod codeBase="/Users/bill/Repos/FLua/FLua.Runtime.LibraryTests/bin/Debug/net8.0/FLua.Runtime.LibraryTests.dll" adapterTypeName="executor://mstestadapter/v2" className="FLua.Runtime.LibraryTests.LuaMathLibTests" name="FMod_MissingSecondArgument_ThrowsException" />
    </UnitTest>
    <UnitTest name="CreateChild_CreatesChildEnvironment" storage="/users/bill/repos/flua/flua.runtime.librarytests/bin/debug/net8.0/flua.runtime.librarytests.dll" id="fd69c4ac-50bd-7e5b-7ad0-78485a15572d">
      <Execution id="697f0c74-42b6-4ed2-9bb7-6d5e1cd37fcf" />
      <TestMethod codeBase="/Users/bill/Repos/FLua/FLua.Runtime.LibraryTests/bin/Debug/net8.0/FLua.Runtime.LibraryTests.dll" adapterTypeName="executor://mstestadapter/v2" className="FLua.Runtime.LibraryTests.LuaEnvironmentTests" name="CreateChild_CreatesChildEnvironment" />
    </UnitTest>
    <UnitTest name="Pack_InvalidFormatSpecifier_ThrowsException" storage="/users/bill/repos/flua/flua.runtime.librarytests/bin/debug/net8.0/flua.runtime.librarytests.dll" id="db101ea6-5520-5369-0787-ca894017242c">
      <Execution id="a070e368-4f2f-4390-8210-c5dfa2a9a638" />
      <TestMethod codeBase="/Users/bill/Repos/FLua/FLua.Runtime.LibraryTests/bin/Debug/net8.0/FLua.Runtime.LibraryTests.dll" adapterTypeName="executor://mstestadapter/v2" className="FLua.Runtime.LibraryTests.LuaStringLibTests" name="Pack_InvalidFormatSpecifier_ThrowsException" />
    </UnitTest>
    <UnitTest name="TryToNumber_StringWithInteger_ReturnsInteger" storage="/users/bill/repos/flua/flua.runtime.librarytests/bin/debug/net8.0/flua.runtime.librarytests.dll" id="3edeb166-83d3-2beb-133d-ac8b60db8b5a">
      <Execution id="f6317843-1179-4769-b968-fce4ebcc7082" />
      <TestMethod codeBase="/Users/bill/Repos/FLua/FLua.Runtime.LibraryTests/bin/Debug/net8.0/FLua.Runtime.LibraryTests.dll" adapterTypeName="executor://mstestadapter/v2" className="FLua.Runtime.LibraryTests.LuaValueTests" name="TryToNumber_StringWithInteger_ReturnsInteger" />
    </UnitTest>
    <UnitTest name="Find_StartPositionAtEnd_ReturnsNil" storage="/users/bill/repos/flua/flua.runtime.librarytests/bin/debug/net8.0/flua.runtime.librarytests.dll" id="396a515e-8e91-32db-79ef-6ca5f0e6e119">
      <Execution id="ef933d25-7e8e-46e6-bf83-36848d505c4f" />
      <TestMethod codeBase="/Users/bill/Repos/FLua/FLua.Runtime.LibraryTests/bin/Debug/net8.0/FLua.Runtime.LibraryTests.dll" adapterTypeName="executor://mstestadapter/v2" className="FLua.Runtime.LibraryTests.LuaStringLibTests" name="Find_StartPositionAtEnd_ReturnsNil" />
    </UnitTest>
    <UnitTest name="Integer_Zero_ReturnsCorrectValue" storage="/users/bill/repos/flua/flua.runtime.librarytests/bin/debug/net8.0/flua.runtime.librarytests.dll" id="5f0ddcb8-e30e-8f66-7d14-631b65aaad0f">
      <Execution id="6d0bfcd2-e23a-4c1e-a53c-30fbf13e7d57" />
      <TestMethod codeBase="/Users/bill/Repos/FLua/FLua.Runtime.LibraryTests/bin/Debug/net8.0/FLua.Runtime.LibraryTests.dll" adapterTypeName="executor://mstestadapter/v2" className="FLua.Runtime.LibraryTests.LuaValueTests" name="Integer_Zero_ReturnsCorrectValue" />
    </UnitTest>
    <UnitTest name="TypeConversion_Performance_ManyConversions" storage="/users/bill/repos/flua/flua.runtime.librarytests/bin/debug/net8.0/flua.runtime.librarytests.dll" id="722cd6e6-520c-c38c-565b-863e1072acd7">
      <Execution id="4a6de3e0-a728-433c-a696-7431d3c24ee6" />
      <TestMethod codeBase="/Users/bill/Repos/FLua/FLua.Runtime.LibraryTests/bin/Debug/net8.0/FLua.Runtime.LibraryTests.dll" adapterTypeName="executor://mstestadapter/v2" className="FLua.Runtime.LibraryTests.LuaTypeConversionTests" name="TypeConversion_Performance_ManyConversions" />
    </UnitTest>
    <UnitTest name="Codes_NoArguments_ThrowsException" storage="/users/bill/repos/flua/flua.runtime.librarytests/bin/debug/net8.0/flua.runtime.librarytests.dll" id="fe18ee17-d285-ef9a-d3a8-64994317ac0f">
      <Execution id="675f6b15-c33d-4eab-9bdd-a68d18b44fbe" />
      <TestMethod codeBase="/Users/bill/Repos/FLua/FLua.Runtime.LibraryTests/bin/Debug/net8.0/FLua.Runtime.LibraryTests.dll" adapterTypeName="executor://mstestadapter/v2" className="FLua.Runtime.LibraryTests.LuaUTF8LibTests" name="Codes_NoArguments_ThrowsException" />
    </UnitTest>
    <UnitTest name="CodePoint_ASCIIString_ReturnsCodePoints" storage="/users/bill/repos/flua/flua.runtime.librarytests/bin/debug/net8.0/flua.runtime.librarytests.dll" id="417ed471-c272-f304-00b4-248e83dc3474">
      <Execution id="c40ef6d4-7219-4fba-81dc-e99034c4ffaa" />
      <TestMethod codeBase="/Users/bill/Repos/FLua/FLua.Runtime.LibraryTests/bin/Debug/net8.0/FLua.Runtime.LibraryTests.dll" adapterTypeName="executor://mstestadapter/v2" className="FLua.Runtime.LibraryTests.LuaUTF8LibTests" name="CodePoint_ASCIIString_ReturnsCodePoints" />
    </UnitTest>
    <UnitTest name="Add_OperatorOverload_WorksCorrectly" storage="/users/bill/repos/flua/flua.runtime.librarytests/bin/debug/net8.0/flua.runtime.librarytests.dll" id="6819383c-cf63-f039-bf35-77515e4446a2">
      <Execution id="9f874ad7-d7ce-4a87-8469-d0ff8d743fef" />
      <TestMethod codeBase="/Users/bill/Repos/FLua/FLua.Runtime.LibraryTests/bin/Debug/net8.0/FLua.Runtime.LibraryTests.dll" adapterTypeName="executor://mstestadapter/v2" className="FLua.Runtime.LibraryTests.LuaValueTests" name="Add_OperatorOverload_WorksCorrectly" />
    </UnitTest>
    <UnitTest name="Match_CharacterClass_MatchesSet" storage="/users/bill/repos/flua/flua.runtime.librarytests/bin/debug/net8.0/flua.runtime.librarytests.dll" id="53bb8678-03b7-4bbc-dee8-5dab70b705f3">
      <Execution id="80e4bdf5-df09-4c71-ba15-607ee1f47c10" />
      <TestMethod codeBase="/Users/bill/Repos/FLua/FLua.Runtime.LibraryTests/bin/Debug/net8.0/FLua.Runtime.LibraryTests.dll" adapterTypeName="executor://mstestadapter/v2" className="FLua.Runtime.LibraryTests.LuaStringLibTests" name="Match_CharacterClass_MatchesSet" />
    </UnitTest>
    <UnitTest name="Floor_NearZeroPositive_ReturnsZero" storage="/users/bill/repos/flua/flua.runtime.librarytests/bin/debug/net8.0/flua.runtime.librarytests.dll" id="8b7b7561-ae52-30ee-a733-a8ffe04da06d">
      <Execution id="b827b66d-9f9a-47ee-b4db-0156718773a3" />
      <TestMethod codeBase="/Users/bill/Repos/FLua/FLua.Runtime.LibraryTests/bin/Debug/net8.0/FLua.Runtime.LibraryTests.dll" adapterTypeName="executor://mstestadapter/v2" className="FLua.Runtime.LibraryTests.LuaMathLibTests" name="Floor_NearZeroPositive_ReturnsZero" />
    </UnitTest>
    <UnitTest name="Format_UppercaseHexFormatting_WorksCorrectly" storage="/users/bill/repos/flua/flua.runtime.librarytests/bin/debug/net8.0/flua.runtime.librarytests.dll" id="6f8b2a13-eda3-0198-f134-c98d4de05918">
      <Execution id="49ccb164-2bca-4081-aa1b-5159423c537e" />
      <TestMethod codeBase="/Users/bill/Repos/FLua/FLua.Runtime.LibraryTests/bin/Debug/net8.0/FLua.Runtime.LibraryTests.dll" adapterTypeName="executor://mstestadapter/v2" className="FLua.Runtime.LibraryTests.LuaStringLibTests" name="Format_UppercaseHexFormatting_WorksCorrectly" />
    </UnitTest>
    <UnitTest name="Print_Function_IsCallable" storage="/users/bill/repos/flua/flua.runtime.librarytests/bin/debug/net8.0/flua.runtime.librarytests.dll" id="c5fc564f-4bc6-94b2-c436-be6d6db5efb0">
      <Execution id="b6492526-4973-476f-9897-b38d57c49aa2" />
      <TestMethod codeBase="/Users/bill/Repos/FLua/FLua.Runtime.LibraryTests/bin/Debug/net8.0/FLua.Runtime.LibraryTests.dll" adapterTypeName="executor://mstestadapter/v2" className="FLua.Runtime.LibraryTests.LuaEnvironmentTests" name="Print_Function_IsCallable" />
    </UnitTest>
    <UnitTest name="Find_WithStartPosition_SearchesFromPosition" storage="/users/bill/repos/flua/flua.runtime.librarytests/bin/debug/net8.0/flua.runtime.librarytests.dll" id="9b5c69f7-a346-95bf-b7f5-220fb58ef5ab">
      <Execution id="35f2ac10-95cb-4a55-b5bc-894a7ad2e038" />
      <TestMethod codeBase="/Users/bill/Repos/FLua/FLua.Runtime.LibraryTests/bin/Debug/net8.0/FLua.Runtime.LibraryTests.dll" adapterTypeName="executor://mstestadapter/v2" className="FLua.Runtime.LibraryTests.LuaStringLibTests" name="Find_WithStartPosition_SearchesFromPosition" />
    </UnitTest>
    <UnitTest name="FileHandle_Read_LineFormat" storage="/users/bill/repos/flua/flua.runtime.librarytests/bin/debug/net8.0/flua.runtime.librarytests.dll" id="8cc00ae9-19cf-450b-5f01-0eafc1f1b5e6">
      <Execution id="c20ba8c3-5e01-48f3-be45-05fbac4094ed" />
      <TestMethod codeBase="/Users/bill/Repos/FLua/FLua.Runtime.LibraryTests/bin/Debug/net8.0/FLua.Runtime.LibraryTests.dll" adapterTypeName="executor://mstestadapter/v2" className="FLua.Runtime.LibraryTests.LuaIOLibTests" name="FileHandle_Read_LineFormat" />
    </UnitTest>
    <UnitTest name="SetLocale_EmptyString_ReturnsCurrentLocale" storage="/users/bill/repos/flua/flua.runtime.librarytests/bin/debug/net8.0/flua.runtime.librarytests.dll" id="1423f0fc-351d-9fc1-c88f-cdbed4df034d">
      <Execution id="11074d1e-32fb-44dc-a785-887f8d599794" />
      <TestMethod codeBase="/Users/bill/Repos/FLua/FLua.Runtime.LibraryTests/bin/Debug/net8.0/FLua.Runtime.LibraryTests.dll" adapterTypeName="executor://mstestadapter/v2" className="FLua.Runtime.LibraryTests.LuaOSLibTests" name="SetLocale_EmptyString_ReturnsCurrentLocale" />
    </UnitTest>
    <UnitTest name="Pack_PreservesNilValues_IncludesInCount" storage="/users/bill/repos/flua/flua.runtime.librarytests/bin/debug/net8.0/flua.runtime.librarytests.dll" id="cbd44fa0-1841-feeb-ba6f-9b2a2996baf7">
      <Execution id="f26001fb-c6f3-49f6-8a48-069a6f7df875" />
      <TestMethod codeBase="/Users/bill/Repos/FLua/FLua.Runtime.LibraryTests/bin/Debug/net8.0/FLua.Runtime.LibraryTests.dll" adapterTypeName="executor://mstestadapter/v2" className="FLua.Runtime.LibraryTests.LuaTableLibTests" name="Pack_PreservesNilValues_IncludesInCount" />
    </UnitTest>
    <UnitTest name="Time_NonTableArgument_ThrowsException" storage="/users/bill/repos/flua/flua.runtime.librarytests/bin/debug/net8.0/flua.runtime.librarytests.dll" id="0d7c05bc-6d36-8126-cd8b-bc1a9c92e925">
      <Execution id="bd5d91da-b1bd-43fc-93fa-b9ba887de164" />
      <TestMethod codeBase="/Users/bill/Repos/FLua/FLua.Runtime.LibraryTests/bin/Debug/net8.0/FLua.Runtime.LibraryTests.dll" adapterTypeName="executor://mstestadapter/v2" className="FLua.Runtime.LibraryTests.LuaOSLibTests" name="Time_NonTableArgument_ThrowsException" />
    </UnitTest>
    <UnitTest name="Unpack_NonTable_ThrowsException" storage="/users/bill/repos/flua/flua.runtime.librarytests/bin/debug/net8.0/flua.runtime.librarytests.dll" id="2f5449f4-ae34-2096-d216-329b99d5ec46">
      <Execution id="0a0e2aae-de8d-4f08-82a0-7c88d2d65e86" />
      <TestMethod codeBase="/Users/bill/Repos/FLua/FLua.Runtime.LibraryTests/bin/Debug/net8.0/FLua.Runtime.LibraryTests.dll" adapterTypeName="executor://mstestadapter/v2" className="FLua.Runtime.LibraryTests.LuaTableLibTests" name="Unpack_NonTable_ThrowsException" />
    </UnitTest>
    <UnitTest name="ToString_NilValue_ThrowsException" storage="/users/bill/repos/flua/flua.runtime.librarytests/bin/debug/net8.0/flua.runtime.librarytests.dll" id="867b7719-8272-a309-02c4-493cf6c3a6c5">
      <Execution id="b6f930de-bc9d-4c63-8ed4-baace5487b0d" />
      <TestMethod codeBase="/Users/bill/Repos/FLua/FLua.Runtime.LibraryTests/bin/Debug/net8.0/FLua.Runtime.LibraryTests.dll" adapterTypeName="executor://mstestadapter/v2" className="FLua.Runtime.LibraryTests.LuaTypeConversionTests" name="ToString_NilValue_ThrowsException" />
    </UnitTest>
    <UnitTest name="StringToNumber_NullString_ReturnsNull" storage="/users/bill/repos/flua/flua.runtime.librarytests/bin/debug/net8.0/flua.runtime.librarytests.dll" id="92019c40-aeec-d92d-3b94-82ab04bad7ea">
      <Execution id="78d3512d-1be6-4720-92d9-61af51d84898" />
      <TestMethod codeBase="/Users/bill/Repos/FLua/FLua.Runtime.LibraryTests/bin/Debug/net8.0/FLua.Runtime.LibraryTests.dll" adapterTypeName="executor://mstestadapter/v2" className="FLua.Runtime.LibraryTests.LuaTypeConversionTests" name="StringToNumber_NullString_ReturnsNull" />
    </UnitTest>
    <UnitTest name="StringToNumber_ValidIntegerString_ReturnsIntegerValue" storage="/users/bill/repos/flua/flua.runtime.librarytests/bin/debug/net8.0/flua.runtime.librarytests.dll" id="6747fa71-994b-a5ca-90f4-678c091caece">
      <Execution id="78379312-540a-419b-a210-a0588196f1ba" />
      <TestMethod codeBase="/Users/bill/Repos/FLua/FLua.Runtime.LibraryTests/bin/Debug/net8.0/FLua.Runtime.LibraryTests.dll" adapterTypeName="executor://mstestadapter/v2" className="FLua.Runtime.LibraryTests.LuaTypeConversionTests" name="StringToNumber_ValidIntegerString_ReturnsIntegerValue" />
    </UnitTest>
    <UnitTest name="HasVariable_ChecksLocalThenGlobal" storage="/users/bill/repos/flua/flua.runtime.librarytests/bin/debug/net8.0/flua.runtime.librarytests.dll" id="75426563-105d-051c-51b4-c45cb83a72e3">
      <Execution id="43c430b5-3758-4f1a-90e6-d29486299e36" />
      <TestMethod codeBase="/Users/bill/Repos/FLua/FLua.Runtime.LibraryTests/bin/Debug/net8.0/FLua.Runtime.LibraryTests.dll" adapterTypeName="executor://mstestadapter/v2" className="FLua.Runtime.LibraryTests.LuaEnvironmentTests" name="HasVariable_ChecksLocalThenGlobal" />
    </UnitTest>
    <UnitTest name="AsDouble_FloatValue_ReturnsDoubleValue" storage="/users/bill/repos/flua/flua.runtime.librarytests/bin/debug/net8.0/flua.runtime.librarytests.dll" id="9d0e765b-206d-289c-6c70-026befa2bf08">
      <Execution id="abc7ca0f-7c49-4033-b394-a143c9e5610c" />
      <TestMethod codeBase="/Users/bill/Repos/FLua/FLua.Runtime.LibraryTests/bin/Debug/net8.0/FLua.Runtime.LibraryTests.dll" adapterTypeName="executor://mstestadapter/v2" className="FLua.Runtime.LibraryTests.LuaValueTests" name="AsDouble_FloatValue_ReturnsDoubleValue" />
    </UnitTest>
    <UnitTest name="IsTable_NonTableValues_ReturnsFalse" storage="/users/bill/repos/flua/flua.runtime.librarytests/bin/debug/net8.0/flua.runtime.librarytests.dll" id="44c2b30a-73d1-23ad-9948-fc56edd29d71">
      <Execution id="217c787d-21af-410a-86d8-5707d50f2dcd" />
      <TestMethod codeBase="/Users/bill/Repos/FLua/FLua.Runtime.LibraryTests/bin/Debug/net8.0/FLua.Runtime.LibraryTests.dll" adapterTypeName="executor://mstestadapter/v2" className="FLua.Runtime.LibraryTests.LuaValueHelpersTests" name="IsTable_NonTableValues_ReturnsFalse" />
    </UnitTest>
    <UnitTest name="LocalVariable_NonexistentLocal_ReturnsNil" storage="/users/bill/repos/flua/flua.runtime.librarytests/bin/debug/net8.0/flua.runtime.librarytests.dll" id="c58415fd-06be-8de0-12b6-8b886c39540c">
      <Execution id="e81e2056-4a6b-4c15-9c96-801c2382f345" />
      <TestMethod codeBase="/Users/bill/Repos/FLua/FLua.Runtime.LibraryTests/bin/Debug/net8.0/FLua.Runtime.LibraryTests.dll" adapterTypeName="executor://mstestadapter/v2" className="FLua.Runtime.LibraryTests.LuaEnvironmentTests" name="LocalVariable_NonexistentLocal_ReturnsNil" />
    </UnitTest>
    <UnitTest name="IsNumber_IntegerValue_ReturnsTrue" storage="/users/bill/repos/flua/flua.runtime.librarytests/bin/debug/net8.0/flua.runtime.librarytests.dll" id="95b91c46-49e0-b980-ed58-7b03c4ecb41f">
      <Execution id="50ab227d-8c31-4334-b44f-df1ef627e0e5" />
      <TestMethod codeBase="/Users/bill/Repos/FLua/FLua.Runtime.LibraryTests/bin/Debug/net8.0/FLua.Runtime.LibraryTests.dll" adapterTypeName="executor://mstestadapter/v2" className="FLua.Runtime.LibraryTests.LuaValueHelpersTests" name="IsNumber_IntegerValue_ReturnsTrue" />
    </UnitTest>
    <UnitTest name="GetEnv_ExistingVariable_ReturnsValue" storage="/users/bill/repos/flua/flua.runtime.librarytests/bin/debug/net8.0/flua.runtime.librarytests.dll" id="2f699bd0-bf79-3f7f-1414-cd67135ef89a">
      <Execution id="4242540a-03d2-41cc-bc24-0433dd56ba08" />
      <TestMethod codeBase="/Users/bill/Repos/FLua/FLua.Runtime.LibraryTests/bin/Debug/net8.0/FLua.Runtime.LibraryTests.dll" adapterTypeName="executor://mstestadapter/v2" className="FLua.Runtime.LibraryTests.LuaOSLibTests" name="GetEnv_ExistingVariable_ReturnsValue" />
    </UnitTest>
    <UnitTest name="Add_IntegerFloat_ReturnsFloatSum" storage="/users/bill/repos/flua/flua.runtime.librarytests/bin/debug/net8.0/flua.runtime.librarytests.dll" id="a8a70edc-394e-fc45-f84b-f8a8a6b710af">
      <Execution id="05b7fae1-ad55-44a4-9cd1-965a27b34d00" />
      <TestMethod codeBase="/Users/bill/Repos/FLua/FLua.Runtime.LibraryTests/bin/Debug/net8.0/FLua.Runtime.LibraryTests.dll" adapterTypeName="executor://mstestadapter/v2" className="FLua.Runtime.LibraryTests.LuaValueTests" name="Add_IntegerFloat_ReturnsFloatSum" />
    </UnitTest>
    <UnitTest name="Find_EscapeSequenceWithPlusQuantifier_KnownLimitation" storage="/users/bill/repos/flua/flua.runtime.librarytests/bin/debug/net8.0/flua.runtime.librarytests.dll" id="9bc37241-2ce9-6c7d-e3bb-69d55d043fa0">
      <Execution id="77e40096-e2f4-47d3-be90-723d7a8c9292" />
      <TestMethod codeBase="/Users/bill/Repos/FLua/FLua.Runtime.LibraryTests/bin/Debug/net8.0/FLua.Runtime.LibraryTests.dll" adapterTypeName="executor://mstestadapter/v2" className="FLua.Runtime.LibraryTests.LuaStringLibTests" name="Find_EscapeSequenceWithPlusQuantifier_KnownLimitation" />
    </UnitTest>
    <UnitTest name="Open_InvalidMode_ReturnsNilWithError" storage="/users/bill/repos/flua/flua.runtime.librarytests/bin/debug/net8.0/flua.runtime.librarytests.dll" id="19fab2e7-c648-a071-f8f2-67a0e64ed548">
      <Execution id="ca7d73b1-c41b-45f9-b887-16398d59e526" />
      <TestMethod codeBase="/Users/bill/Repos/FLua/FLua.Runtime.LibraryTests/bin/Debug/net8.0/FLua.Runtime.LibraryTests.dll" adapterTypeName="executor://mstestadapter/v2" className="FLua.Runtime.LibraryTests.LuaIOLibTests" name="Open_InvalidMode_ReturnsNilWithError" />
    </UnitTest>
    <UnitTest name="Pack_VariableSizeUnsignedInteger_8Bytes" storage="/users/bill/repos/flua/flua.runtime.librarytests/bin/debug/net8.0/flua.runtime.librarytests.dll" id="dfc036ea-bf1a-0b2d-8a92-09848982d9b7">
      <Execution id="f5f32a79-a9f3-436b-83d6-76a73777ebcd" />
      <TestMethod codeBase="/Users/bill/Repos/FLua/FLua.Runtime.LibraryTests/bin/Debug/net8.0/FLua.Runtime.LibraryTests.dll" adapterTypeName="executor://mstestadapter/v2" className="FLua.Runtime.LibraryTests.LuaStringLibTests" name="Pack_VariableSizeUnsignedInteger_8Bytes" />
    </UnitTest>
    <UnitTest name="Char_MaxValue255_ReturnsHighASCII" storage="/users/bill/repos/flua/flua.runtime.librarytests/bin/debug/net8.0/flua.runtime.librarytests.dll" id="f8170700-62ea-10e9-5b9a-cbd40a7cc0c2">
      <Execution id="045b7487-7d24-4c3a-b3c3-267e13250a93" />
      <TestMethod codeBase="/Users/bill/Repos/FLua/FLua.Runtime.LibraryTests/bin/Debug/net8.0/FLua.Runtime.LibraryTests.dll" adapterTypeName="executor://mstestadapter/v2" className="FLua.Runtime.LibraryTests.LuaStringLibTests" name="Char_MaxValue255_ReturnsHighASCII" />
    </UnitTest>
    <UnitTest name="Equals_DifferentIntegerValues_ReturnsFalse" storage="/users/bill/repos/flua/flua.runtime.librarytests/bin/debug/net8.0/flua.runtime.librarytests.dll" id="9af04cd0-e415-7c62-a390-eb66c8800892">
      <Execution id="5b06d01d-957e-485d-96cc-f49c3a97c66e" />
      <TestMethod codeBase="/Users/bill/Repos/FLua/FLua.Runtime.LibraryTests/bin/Debug/net8.0/FLua.Runtime.LibraryTests.dll" adapterTypeName="executor://mstestadapter/v2" className="FLua.Runtime.LibraryTests.LuaValueTests" name="Equals_DifferentIntegerValues_ReturnsFalse" />
    </UnitTest>
    <UnitTest name="SetLocale_NumericCategory_SetsLocale" storage="/users/bill/repos/flua/flua.runtime.librarytests/bin/debug/net8.0/flua.runtime.librarytests.dll" id="3d5fbdc9-3b58-e0e1-df82-cbbc53938b74">
      <Execution id="68162a78-9d54-4933-a23c-26f76482624a" />
      <TestMethod codeBase="/Users/bill/Repos/FLua/FLua.Runtime.LibraryTests/bin/Debug/net8.0/FLua.Runtime.LibraryTests.dll" adapterTypeName="executor://mstestadapter/v2" className="FLua.Runtime.LibraryTests.LuaOSLibTests" name="SetLocale_NumericCategory_SetsLocale" />
    </UnitTest>
    <UnitTest name="Integer_MinValue_ReturnsCorrectValue" storage="/users/bill/repos/flua/flua.runtime.librarytests/bin/debug/net8.0/flua.runtime.librarytests.dll" id="820c4f0e-05b4-2838-625c-3833faffc573">
      <Execution id="9d84ab06-d47b-44f1-85f3-329929ee8885" />
      <TestMethod codeBase="/Users/bill/Repos/FLua/FLua.Runtime.LibraryTests/bin/Debug/net8.0/FLua.Runtime.LibraryTests.dll" adapterTypeName="executor://mstestadapter/v2" className="FLua.Runtime.LibraryTests.LuaValueTests" name="Integer_MinValue_ReturnsCorrectValue" />
    </UnitTest>
    <UnitTest name="Remove_NoArguments_ThrowsException" storage="/users/bill/repos/flua/flua.runtime.librarytests/bin/debug/net8.0/flua.runtime.librarytests.dll" id="fdb2e25c-b946-3dee-a267-27396896444e">
      <Execution id="2d6c7e50-f179-453c-a9ed-a41b13ed899f" />
      <TestMethod codeBase="/Users/bill/Repos/FLua/FLua.Runtime.LibraryTests/bin/Debug/net8.0/FLua.Runtime.LibraryTests.dll" adapterTypeName="executor://mstestadapter/v2" className="FLua.Runtime.LibraryTests.LuaOSLibTests" name="Remove_NoArguments_ThrowsException" />
    </UnitTest>
    <UnitTest name="Type_NonNumber_ReturnsNil" storage="/users/bill/repos/flua/flua.runtime.librarytests/bin/debug/net8.0/flua.runtime.librarytests.dll" id="a83ddcd3-28fa-aab5-89ca-a841306de32e">
      <Execution id="122360ce-c0f1-4be9-8b38-984ddebad6bc" />
      <TestMethod codeBase="/Users/bill/Repos/FLua/FLua.Runtime.LibraryTests/bin/Debug/net8.0/FLua.Runtime.LibraryTests.dll" adapterTypeName="executor://mstestadapter/v2" className="FLua.Runtime.LibraryTests.LuaMathLibTests" name="Type_NonNumber_ReturnsNil" />
    </UnitTest>
    <UnitTest name="GMatch_MissingPattern_ThrowsException" storage="/users/bill/repos/flua/flua.runtime.librarytests/bin/debug/net8.0/flua.runtime.librarytests.dll" id="f55a5996-a93a-395d-1d6d-59ff353ab40d">
      <Execution id="2c93bfce-6274-479f-a048-3963988725e7" />
      <TestMethod codeBase="/Users/bill/Repos/FLua/FLua.Runtime.LibraryTests/bin/Debug/net8.0/FLua.Runtime.LibraryTests.dll" adapterTypeName="executor://mstestadapter/v2" className="FLua.Runtime.LibraryTests.LuaStringLibTests" name="GMatch_MissingPattern_ThrowsException" />
    </UnitTest>
  </TestDefinitions>
  <TestEntries>
    <TestEntry testId="4226b713-abd5-c748-6b0f-bf6bae6ee882" executionId="aa341ac7-336e-464d-9dfe-bdaf313b652c" testListId="8c84fa94-04c1-424b-9868-57a2d4851a1d" />
    <TestEntry testId="2d699352-85d4-4161-4113-cf7cd0a1a389" executionId="61aea24b-3d70-4912-be04-6db27962ae81" testListId="8c84fa94-04c1-424b-9868-57a2d4851a1d" />
    <TestEntry testId="5d3702d9-9a65-852b-004d-27341427f4f6" executionId="06a4cc50-5cd9-4b29-85fa-098ef48a4647" testListId="8c84fa94-04c1-424b-9868-57a2d4851a1d" />
    <TestEntry testId="93aea425-0484-f765-45a1-23486e2d2574" executionId="45faa0b4-ee3c-44c6-a756-45727e361d00" testListId="8c84fa94-04c1-424b-9868-57a2d4851a1d" />
    <TestEntry testId="867b7719-8272-a309-02c4-493cf6c3a6c5" executionId="b6f930de-bc9d-4c63-8ed4-baace5487b0d" testListId="8c84fa94-04c1-424b-9868-57a2d4851a1d" />
    <TestEntry testId="dc983584-c031-7d34-88ae-0f42c4fbfcba" executionId="fb7f43e6-a7db-4a2e-9bca-c935c0c8198b" testListId="8c84fa94-04c1-424b-9868-57a2d4851a1d" />
    <TestEntry testId="b36a204b-6bba-e0c3-200f-59df401add70" executionId="0d614657-9700-4887-b84f-678a39bd57d2" testListId="8c84fa94-04c1-424b-9868-57a2d4851a1d" />
    <TestEntry testId="2a85935e-5001-a7a5-9055-56e88cd50aae" executionId="0b84e257-ccc1-47d3-a922-06d561f3f8f5" testListId="8c84fa94-04c1-424b-9868-57a2d4851a1d" />
    <TestEntry testId="f3f69f6c-1e32-0999-9d11-05b98f36422c" executionId="e2796195-0cf5-4467-b8b5-e015473456c3" testListId="8c84fa94-04c1-424b-9868-57a2d4851a1d" />
    <TestEntry testId="5d2ae755-0986-61cd-5beb-ff5cb0ae706b" executionId="e06f2694-4f77-4526-93ef-cdae49754b19" testListId="8c84fa94-04c1-424b-9868-57a2d4851a1d" />
    <TestEntry testId="fbe8371c-1bd1-f91b-8547-eaf0043cbd5e" executionId="d7474e2d-75ea-4f9f-af8c-2f6676b2f576" testListId="8c84fa94-04c1-424b-9868-57a2d4851a1d" />
    <TestEntry testId="66ff3671-3d04-b35e-0edb-023c3c15e56b" executionId="570f8026-8ecc-4c89-ace4-b2890083448b" testListId="8c84fa94-04c1-424b-9868-57a2d4851a1d" />
    <TestEntry testId="2f699bd0-bf79-3f7f-1414-cd67135ef89a" executionId="4242540a-03d2-41cc-bc24-0433dd56ba08" testListId="8c84fa94-04c1-424b-9868-57a2d4851a1d" />
    <TestEntry testId="65f12242-227e-467b-3997-8aa37655c793" executionId="4dbde285-4084-44ab-813c-c9adf9064319" testListId="8c84fa94-04c1-424b-9868-57a2d4851a1d" />
    <TestEntry testId="38e46477-e8cd-ebae-2dca-03d9894f248c" executionId="90e8ab44-17b0-4e7d-a50f-6696aa04dfca" testListId="8c84fa94-04c1-424b-9868-57a2d4851a1d" />
    <TestEntry testId="b4afe601-e3de-34b6-433a-57b6a7c650f0" executionId="f9c169f0-a27d-4762-b03f-1247260c21ad" testListId="8c84fa94-04c1-424b-9868-57a2d4851a1d" />
    <TestEntry testId="d2412a1a-4841-40cf-9656-805a3328669f" executionId="58578089-df2b-46b1-968f-7a48eb7d336c" testListId="8c84fa94-04c1-424b-9868-57a2d4851a1d" />
    <TestEntry testId="b3ce1882-0b30-f00e-0788-a6798983f21c" executionId="0bcf7081-b5cb-4fd6-a86c-886222078f38" testListId="8c84fa94-04c1-424b-9868-57a2d4851a1d" />
    <TestEntry testId="bd2408c3-bdd8-f993-5a45-170a97533f91" executionId="a3068db8-dc91-48bd-9068-2a8e23357880" testListId="8c84fa94-04c1-424b-9868-57a2d4851a1d" />
    <TestEntry testId="3afc9177-ad93-b9af-75ec-7097ea116058" executionId="13733200-7b30-4086-9365-580097bad4a3" testListId="8c84fa94-04c1-424b-9868-57a2d4851a1d" />
    <TestEntry testId="c5d177fc-0ecf-39b8-b3e2-28dbec2edf0d" executionId="118b61ae-52d9-43a8-a8ad-5fd1c65220b4" testListId="8c84fa94-04c1-424b-9868-57a2d4851a1d" />
    <TestEntry testId="4c6d59de-90f4-9ae9-54d4-1a99c66126ef" executionId="eeec9623-e8e9-43f6-9c12-ca042fe14912" testListId="8c84fa94-04c1-424b-9868-57a2d4851a1d" />
    <TestEntry testId="9bc25798-954f-516b-bc34-264993749262" executionId="6a415c98-c3b3-4c50-bc85-e3e4aeab25ee" testListId="8c84fa94-04c1-424b-9868-57a2d4851a1d" />
    <TestEntry testId="b9f567ab-135c-ccb6-04a4-b0ddd3213321" executionId="10f5915a-7c68-448e-99aa-7eedebda789d" testListId="8c84fa94-04c1-424b-9868-57a2d4851a1d" />
    <TestEntry testId="3537b0ed-bab1-c2f5-78f0-ffd787f9c64e" executionId="abdcdc45-9272-49aa-9a48-8f045959fe60" testListId="8c84fa94-04c1-424b-9868-57a2d4851a1d" />
    <TestEntry testId="19fab2e7-c648-a071-f8f2-67a0e64ed548" executionId="ca7d73b1-c41b-45f9-b887-16398d59e526" testListId="8c84fa94-04c1-424b-9868-57a2d4851a1d" />
    <TestEntry testId="0f318cf0-c0ca-3783-f134-b14f246fed88" executionId="41ca8c95-b723-4592-a9f7-2e911012ccbf" testListId="8c84fa94-04c1-424b-9868-57a2d4851a1d" />
    <TestEntry testId="5415e2be-9405-d4d2-5064-4eb3f03cb9cb" executionId="72a3fffe-0694-4660-98cb-52a598a59e1d" testListId="8c84fa94-04c1-424b-9868-57a2d4851a1d" />
    <TestEntry testId="f0e83354-b42c-c844-66d7-54ddeed220b1" executionId="13e79f65-5ea6-4486-be5d-056be4900050" testListId="8c84fa94-04c1-424b-9868-57a2d4851a1d" />
    <TestEntry testId="c44f7d30-784c-7e26-1152-1779da675100" executionId="41324556-983b-48a9-8177-e569545da0a1" testListId="8c84fa94-04c1-424b-9868-57a2d4851a1d" />
    <TestEntry testId="9adece2e-f07c-eacf-8535-ac8dd30d5196" executionId="a2a291df-70b5-4d4e-907c-8a394faa8fa8" testListId="8c84fa94-04c1-424b-9868-57a2d4851a1d" />
    <TestEntry testId="acbc6dfd-174b-2319-0d48-a9190bf7e33b" executionId="ff39690b-592a-40e1-807e-ba1ef7801d9e" testListId="8c84fa94-04c1-424b-9868-57a2d4851a1d" />
    <TestEntry testId="0c035c29-46b0-3b14-47fe-3dbb61a8aca4" executionId="30aa326b-ba02-42dd-a0b1-2ca060868903" testListId="8c84fa94-04c1-424b-9868-57a2d4851a1d" />
    <TestEntry testId="e262bede-1020-7909-9238-a0d4967d85cc" executionId="72ecc1c0-aa7c-4b8a-8533-e82ba8513835" testListId="8c84fa94-04c1-424b-9868-57a2d4851a1d" />
    <TestEntry testId="b7e6ffb7-96f3-825d-2d34-d16deaf080f1" executionId="c68ae0c8-94f9-49c5-96a1-c10b44acb05e" testListId="8c84fa94-04c1-424b-9868-57a2d4851a1d" />
    <TestEntry testId="eff664ce-e42b-59e4-d1d2-9f9c8951c7c9" executionId="28e6c8b0-c4d1-40aa-8ae0-fb48041c4855" testListId="8c84fa94-04c1-424b-9868-57a2d4851a1d" />
    <TestEntry testId="96fc1885-37d5-b583-5c9d-58cc2bb7e2b6" executionId="58947551-917b-48fd-a5ec-225415ad6fda" testListId="8c84fa94-04c1-424b-9868-57a2d4851a1d" />
    <TestEntry testId="fc8d9af8-df11-31f7-cb7e-4ba7d3edc77c" executionId="922f2fe1-eb58-4d82-9694-630db949d6c6" testListId="8c84fa94-04c1-424b-9868-57a2d4851a1d" />
    <TestEntry testId="287ebacf-0654-b61a-0371-9b27449df053" executionId="9b9bc3d8-30dd-4908-a008-a30bce30fef5" testListId="8c84fa94-04c1-424b-9868-57a2d4851a1d" />
    <TestEntry testId="f207283b-9414-41e7-9954-6e5cbf42bdec" executionId="0f3330d4-5685-4b0c-b950-b98848698d73" testListId="8c84fa94-04c1-424b-9868-57a2d4851a1d" />
    <TestEntry testId="c7577d20-faa3-b01c-9db3-524f0f988962" executionId="39a96669-4aa5-4028-9f44-a32a85cfe7e5" testListId="8c84fa94-04c1-424b-9868-57a2d4851a1d" />
    <TestEntry testId="f67deb6f-65aa-7a2e-b342-59474f6f3009" executionId="f94a5376-4897-4086-87b3-206729770289" testListId="8c84fa94-04c1-424b-9868-57a2d4851a1d" />
    <TestEntry testId="975fe394-e7da-977e-affb-fec2f1b47edd" executionId="2ac6d13a-5731-44c3-b057-a0d50b5b678f" testListId="8c84fa94-04c1-424b-9868-57a2d4851a1d" />
    <TestEntry testId="34c8f6ea-a53e-f99f-4a93-1184a0ffea1e" executionId="4053c1d9-7a5d-4055-839e-9aa2c9ee761f" testListId="8c84fa94-04c1-424b-9868-57a2d4851a1d" />
    <TestEntry testId="480742e5-a335-b984-3ef3-99064a4254c4" executionId="a5c3a730-cd84-4efa-8dd5-b7d52602b5b0" testListId="8c84fa94-04c1-424b-9868-57a2d4851a1d" />
    <TestEntry testId="5cdb03d8-4617-de7d-b17d-30206a4d1abb" executionId="446b0424-8909-494d-b4bb-be7003e57d8a" testListId="8c84fa94-04c1-424b-9868-57a2d4851a1d" />
    <TestEntry testId="eb96c93f-d168-6c94-29ee-9fee3c31ed29" executionId="7424e50b-6243-46b3-b426-e6c8a6e10304" testListId="8c84fa94-04c1-424b-9868-57a2d4851a1d" />
    <TestEntry testId="8f0bef6f-7b97-da84-7a3f-0c88521dd779" executionId="f52e0f21-e942-42bb-9f54-bd1212a328bb" testListId="8c84fa94-04c1-424b-9868-57a2d4851a1d" />
    <TestEntry testId="88554170-5a60-2121-0eac-1e3a2f3be8b6" executionId="3fdf388c-79e4-49e4-9164-5eb031d34c39" testListId="8c84fa94-04c1-424b-9868-57a2d4851a1d" />
    <TestEntry testId="2d85723d-d3b9-157a-79e0-814a5b206e52" executionId="1fd7082e-8c9f-4f28-b9b2-e2790dd7cbf0" testListId="8c84fa94-04c1-424b-9868-57a2d4851a1d" />
    <TestEntry testId="5b70969d-3127-18e8-4abf-82acfd64a1f1" executionId="fc69d64c-1888-4805-bccd-f4547c3bee1f" testListId="8c84fa94-04c1-424b-9868-57a2d4851a1d" />
    <TestEntry testId="328622fb-d298-7a58-c8df-ac1300e888a2" executionId="b6119492-609f-401f-9ee9-6081d644c0ed" testListId="8c84fa94-04c1-424b-9868-57a2d4851a1d" />
    <TestEntry testId="95e0c9ee-fb11-a7b4-7107-d35d418fded6" executionId="2411a536-f510-44a5-99b3-f9e739d30400" testListId="8c84fa94-04c1-424b-9868-57a2d4851a1d" />
    <TestEntry testId="902fab0c-178e-1183-38f8-7d0efa75ff49" executionId="b21b484a-4a25-43f6-96a5-16dbeffa0b5d" testListId="8c84fa94-04c1-424b-9868-57a2d4851a1d" />
    <TestEntry testId="9748d62b-1280-e0ee-352c-e19a548ff90e" executionId="8f28dbbc-1334-454e-8e53-1fa79cd3e6e7" testListId="8c84fa94-04c1-424b-9868-57a2d4851a1d" />
    <TestEntry testId="f51aaabf-699f-5a7e-a75d-92261c46a111" executionId="3609ccda-39ea-48a0-b429-369b80210b79" testListId="8c84fa94-04c1-424b-9868-57a2d4851a1d" />
    <TestEntry testId="0cdcf849-b501-919d-5161-6ba795c26c61" executionId="500a6f82-ab32-4ba4-b2c8-4f2ce3a91537" testListId="8c84fa94-04c1-424b-9868-57a2d4851a1d" />
    <TestEntry testId="4696a5ef-ce33-b72e-fbb0-317562b1441b" executionId="451c4132-12f0-453b-b0dc-11c87bb9e7d6" testListId="8c84fa94-04c1-424b-9868-57a2d4851a1d" />
    <TestEntry testId="e87b50f4-3509-ae4d-a4c9-8d5ced4872ac" executionId="413c527d-5d4b-4b6a-9fd2-d48d1d14c2af" testListId="8c84fa94-04c1-424b-9868-57a2d4851a1d" />
    <TestEntry testId="7e9db05d-e8ab-3c5c-752f-855438d19107" executionId="50bdd3c9-cb19-49ce-b84a-dfe5e11619ed" testListId="8c84fa94-04c1-424b-9868-57a2d4851a1d" />
    <TestEntry testId="629283eb-6177-d626-a123-9129821a348b" executionId="5d35e0fa-0243-4d8c-825a-bed98b6c1982" testListId="8c84fa94-04c1-424b-9868-57a2d4851a1d" />
    <TestEntry testId="cb7281b8-2dd7-3da0-5662-f11906512262" executionId="00404822-75a5-4e81-a6eb-3b3582673a18" testListId="8c84fa94-04c1-424b-9868-57a2d4851a1d" />
    <TestEntry testId="a6d66bc8-a68e-28ad-be3e-5a01c49af426" executionId="f06b7eb3-9ec5-4c0f-80d8-ef54284a2286" testListId="8c84fa94-04c1-424b-9868-57a2d4851a1d" />
    <TestEntry testId="8afde5b1-f025-bdd0-f9a8-e3e3069652fa" executionId="1167705c-a45a-4483-9e57-cc53442324a1" testListId="8c84fa94-04c1-424b-9868-57a2d4851a1d" />
    <TestEntry testId="216ea651-5930-4d04-4c8e-010ba90c82f5" executionId="fe105996-f8ce-40d6-8e93-c9b32b5c45ca" testListId="8c84fa94-04c1-424b-9868-57a2d4851a1d" />
    <TestEntry testId="2446aa42-9f87-998d-b9e3-20d1c568d1b1" executionId="6e587033-c785-4ae8-b47a-bcb8d434be94" testListId="8c84fa94-04c1-424b-9868-57a2d4851a1d" />
    <TestEntry testId="247f7b58-910c-0c73-20a5-0f0b1b80206a" executionId="a5064871-5574-43e2-b842-f39b40991032" testListId="8c84fa94-04c1-424b-9868-57a2d4851a1d" />
    <TestEntry testId="b6afd48c-caef-4c2d-99db-4083ef9a58f8" executionId="c4be3672-6bcc-44b9-a34c-145a4e210ef9" testListId="8c84fa94-04c1-424b-9868-57a2d4851a1d" />
    <TestEntry testId="3b7ba422-b9d0-2025-80df-e1fbf4f7c10c" executionId="3a6ceb28-38ff-4c40-9155-8217168c40cd" testListId="8c84fa94-04c1-424b-9868-57a2d4851a1d" />
    <TestEntry testId="f0703390-7a9e-b955-b28b-d8a4e6675aae" executionId="c1b7e375-70ff-4741-aea1-b4d84770d8a7" testListId="8c84fa94-04c1-424b-9868-57a2d4851a1d" />
    <TestEntry testId="d8f43a08-3c9f-f76e-bf0b-96268eee817c" executionId="89ea9f2e-5fdd-4f1b-97df-836752d16483" testListId="8c84fa94-04c1-424b-9868-57a2d4851a1d" />
    <TestEntry testId="8de4d946-6548-473b-bb2c-33990e21615c" executionId="19ee7def-3b61-4393-9d95-a021091ffc21" testListId="8c84fa94-04c1-424b-9868-57a2d4851a1d" />
    <TestEntry testId="33afb6d3-b187-b943-c57f-faeaa9ec0a3b" executionId="f7fbac78-7814-4f79-b787-25b336c06276" testListId="8c84fa94-04c1-424b-9868-57a2d4851a1d" />
    <TestEntry testId="b5a4087e-1bf3-a92c-626f-a642ce8f4fa4" executionId="9f02b65f-d35a-410e-beff-5d0504bcfadf" testListId="8c84fa94-04c1-424b-9868-57a2d4851a1d" />
    <TestEntry testId="3acf344e-4c8f-c552-8c22-7e38bd81b005" executionId="72b1eb89-4e14-449b-8db9-afe64bb36e4b" testListId="8c84fa94-04c1-424b-9868-57a2d4851a1d" />
    <TestEntry testId="723e0d80-fb0b-5548-6757-d2d93e3878dc" executionId="d4700f67-32e1-4c16-95fb-c83b6d76339a" testListId="8c84fa94-04c1-424b-9868-57a2d4851a1d" />
    <TestEntry testId="356baa41-3b27-bf0b-5456-925135030f90" executionId="31ee9441-5e04-429e-bf94-67af76dd3dea" testListId="8c84fa94-04c1-424b-9868-57a2d4851a1d" />
    <TestEntry testId="bf393bf9-bf79-37d7-7774-a2b1668179ce" executionId="1db3e83d-ea14-4f40-9cca-ac879475abed" testListId="8c84fa94-04c1-424b-9868-57a2d4851a1d" />
    <TestEntry testId="bdf3ca6c-d109-aca8-ed7e-561d99e22cb0" executionId="4eb1a4b0-cab2-4296-9379-4d83ae120429" testListId="8c84fa94-04c1-424b-9868-57a2d4851a1d" />
    <TestEntry testId="082d9a71-e2e1-0f41-dbb6-c1d879441d68" executionId="9b6ca8bf-7289-474e-bac6-958d9c6833c6" testListId="8c84fa94-04c1-424b-9868-57a2d4851a1d" />
    <TestEntry testId="c659012b-8f4d-410e-6f83-db62acbbedbf" executionId="dc24e17e-cadc-4e0d-ab21-0be98c2f4750" testListId="8c84fa94-04c1-424b-9868-57a2d4851a1d" />
    <TestEntry testId="aebaa27c-3bde-8f7b-ecd8-7d81a863224c" executionId="98b8a84b-718b-4bfa-bd97-06edd7bf0df8" testListId="8c84fa94-04c1-424b-9868-57a2d4851a1d" />
    <TestEntry testId="336f24e8-a7fc-2241-5426-bf1a2f3aa99b" executionId="a25076cc-4824-450e-897c-1f495c631c8e" testListId="8c84fa94-04c1-424b-9868-57a2d4851a1d" />
    <TestEntry testId="bf17b87c-01a5-a0d1-ddda-1055022da487" executionId="b8dfe3fc-c144-407e-8989-92fd92a6f84e" testListId="8c84fa94-04c1-424b-9868-57a2d4851a1d" />
    <TestEntry testId="b7791621-2a97-4e3f-ca1c-60e1ad49b7c4" executionId="735b9d20-95bd-487b-af1d-7b1f9b941b7b" testListId="8c84fa94-04c1-424b-9868-57a2d4851a1d" />
    <TestEntry testId="29cca1e5-3b78-7eaf-e71e-89782af704c3" executionId="92c00e18-9db9-4555-b043-7645f60a0615" testListId="8c84fa94-04c1-424b-9868-57a2d4851a1d" />
    <TestEntry testId="c886bf97-c264-17f4-360b-1804dfde8668" executionId="af4e0b72-05b9-4933-ba3d-34305659fe5b" testListId="8c84fa94-04c1-424b-9868-57a2d4851a1d" />
    <TestEntry testId="720842e2-e1df-e534-9a77-705cc69c21aa" executionId="ba6dd5e9-8761-4b8a-842f-41b9a4509b08" testListId="8c84fa94-04c1-424b-9868-57a2d4851a1d" />
    <TestEntry testId="a3943f49-80f0-e3b2-4adc-f5f0898d59a9" executionId="c00c8d25-ff0e-49ef-bdba-9b04e18521ca" testListId="8c84fa94-04c1-424b-9868-57a2d4851a1d" />
    <TestEntry testId="1ba26d15-331e-ba81-15ca-f8454597a5b5" executionId="401afa37-91bb-4326-8a4f-6867a77e2a56" testListId="8c84fa94-04c1-424b-9868-57a2d4851a1d" />
    <TestEntry testId="625315d5-1f96-d3e3-d395-5255152d1261" executionId="bbff0c87-8331-467d-9c6e-b641e0462dae" testListId="8c84fa94-04c1-424b-9868-57a2d4851a1d" />
    <TestEntry testId="3e676126-0680-d296-db05-50bdf96cb309" executionId="9b79cc94-0bde-4443-a64e-c75cf5b90d31" testListId="8c84fa94-04c1-424b-9868-57a2d4851a1d" />
    <TestEntry testId="e871c26a-04c9-313c-3a59-e1e9aa500c93" executionId="2bb92574-24c7-4aca-bab8-93fe9409b526" testListId="8c84fa94-04c1-424b-9868-57a2d4851a1d" />
    <TestEntry testId="0b7d4fed-65c6-97e3-e070-64302d267ad1" executionId="f1f331bd-14a7-49dd-b537-859d2004a15d" testListId="8c84fa94-04c1-424b-9868-57a2d4851a1d" />
    <TestEntry testId="403d19c4-6761-052b-94ca-f86fc8efc73a" executionId="60d6910b-126e-42cf-ac21-ca85d405d7e3" testListId="8c84fa94-04c1-424b-9868-57a2d4851a1d" />
    <TestEntry testId="95b91c46-49e0-b980-ed58-7b03c4ecb41f" executionId="50ab227d-8c31-4334-b44f-df1ef627e0e5" testListId="8c84fa94-04c1-424b-9868-57a2d4851a1d" />
    <TestEntry testId="9e316700-0b36-468e-c49a-81ab630e7de0" executionId="eec83b9e-7ee4-456c-a220-84fb62742158" testListId="8c84fa94-04c1-424b-9868-57a2d4851a1d" />
    <TestEntry testId="caed0eb2-fa06-9d39-a5dd-a22dfd378302" executionId="c5864875-b105-4f48-ac03-a9233587fdf8" testListId="8c84fa94-04c1-424b-9868-57a2d4851a1d" />
    <TestEntry testId="ef8f5e59-06d1-5f76-a841-1f5dcca9062b" executionId="e362cc51-651e-4a20-958e-1078332c9706" testListId="8c84fa94-04c1-424b-9868-57a2d4851a1d" />
    <TestEntry testId="5f2deeb6-72a0-03d5-4777-41bc6c7a5176" executionId="d125f038-6fde-4d8b-bdb5-f7bc722ab863" testListId="8c84fa94-04c1-424b-9868-57a2d4851a1d" />
    <TestEntry testId="8a968789-0dc2-016b-d399-35b032ba8d33" executionId="7ba56aad-011f-483a-9b01-f703033360b9" testListId="8c84fa94-04c1-424b-9868-57a2d4851a1d" />
    <TestEntry testId="4f52ce54-7eee-326c-5bf4-aa1c32cef3d2" executionId="fb3a61c6-bfc3-430a-a297-b5c78d2c63da" testListId="8c84fa94-04c1-424b-9868-57a2d4851a1d" />
    <TestEntry testId="fec56cd7-fb5f-0c08-56f9-cb7ab79fe2c6" executionId="fdc1a446-73af-4080-9dcb-eacfe64d713a" testListId="8c84fa94-04c1-424b-9868-57a2d4851a1d" />
    <TestEntry testId="b4c47432-3ddc-de7f-ab8e-61663e8bfca7" executionId="6e38f34f-ab0b-4c6c-9d90-411c11a3dd72" testListId="8c84fa94-04c1-424b-9868-57a2d4851a1d" />
    <TestEntry testId="3f75e1dd-7d09-8aad-d8b3-ba4677ddc4f1" executionId="4f206317-95d2-4c42-97d8-c124a07856c2" testListId="8c84fa94-04c1-424b-9868-57a2d4851a1d" />
    <TestEntry testId="fc81d74d-15cc-c700-6394-437f323a77ac" executionId="bd47a6eb-9099-46d5-9364-2efe4ddb4ec9" testListId="8c84fa94-04c1-424b-9868-57a2d4851a1d" />
    <TestEntry testId="16b9feef-3faf-88f4-07b4-d0d7b6cb1d20" executionId="12a0fba3-85dc-479d-a481-2aff89151a49" testListId="8c84fa94-04c1-424b-9868-57a2d4851a1d" />
    <TestEntry testId="482d096c-04ac-3c68-313a-e6e7131ab958" executionId="026acb36-033e-469d-a179-1316d443e3f6" testListId="8c84fa94-04c1-424b-9868-57a2d4851a1d" />
    <TestEntry testId="d64ab112-e469-9b4c-1a0e-3d4f82051157" executionId="aa39decb-aae3-41f5-b1d2-6b190962c811" testListId="8c84fa94-04c1-424b-9868-57a2d4851a1d" />
    <TestEntry testId="7d57d405-1d8f-d3c4-d49c-d9bc6cffff8b" executionId="816c00c5-5421-4aee-8230-1b35ad9de4d2" testListId="8c84fa94-04c1-424b-9868-57a2d4851a1d" />
    <TestEntry testId="f0bb5538-c706-81b0-e10b-60999c7211a2" executionId="dd29e3b4-dbe8-49e7-baf6-042c238f6e89" testListId="8c84fa94-04c1-424b-9868-57a2d4851a1d" />
    <TestEntry testId="8a3bd477-df6d-ba85-9a1c-134e1698f17b" executionId="018ce7d9-0913-4d19-a746-3ab2110cf97e" testListId="8c84fa94-04c1-424b-9868-57a2d4851a1d" />
    <TestEntry testId="003443bf-783a-2caf-ab98-33ae82136736" executionId="cdabda89-c0f6-4b8e-8d45-38597aabbc2c" testListId="8c84fa94-04c1-424b-9868-57a2d4851a1d" />
    <TestEntry testId="a21acbc2-cbc5-753d-ebd1-7d9d61a1a921" executionId="29cd483a-f739-4247-acb4-d962e5a1ceda" testListId="8c84fa94-04c1-424b-9868-57a2d4851a1d" />
    <TestEntry testId="57c265eb-6f4f-6e64-cc22-19546a1d775a" executionId="b2d9255e-4e26-4b97-be3d-f0f7737d6a25" testListId="8c84fa94-04c1-424b-9868-57a2d4851a1d" />
    <TestEntry testId="3b79bcb2-9c96-0857-98b5-47d890c00284" executionId="071613e9-2a32-4b76-8d6a-0fb2c3d82de0" testListId="8c84fa94-04c1-424b-9868-57a2d4851a1d" />
    <TestEntry testId="ce6e61f0-02b6-b566-1b38-58cf8c7eddc5" executionId="d45c6b59-6ac8-401c-9f4e-ce06739e00c8" testListId="8c84fa94-04c1-424b-9868-57a2d4851a1d" />
    <TestEntry testId="877e5135-11a8-16d8-5c7f-380550c8faef" executionId="e2b5d567-81b5-42d9-8dc7-4551bd9ff2e7" testListId="8c84fa94-04c1-424b-9868-57a2d4851a1d" />
    <TestEntry testId="419707ef-ceb4-922e-6994-fdc5080f43ba" executionId="cd9ee762-3acd-4bca-89c1-f21ab48e3712" testListId="8c84fa94-04c1-424b-9868-57a2d4851a1d" />
    <TestEntry testId="fe18ee17-d285-ef9a-d3a8-64994317ac0f" executionId="675f6b15-c33d-4eab-9bdd-a68d18b44fbe" testListId="8c84fa94-04c1-424b-9868-57a2d4851a1d" />
    <TestEntry testId="fba9da05-8511-2781-6ba7-33f97bdf4e79" executionId="5b0488d1-6719-46bb-8cbd-97f5681774f3" testListId="8c84fa94-04c1-424b-9868-57a2d4851a1d" />
    <TestEntry testId="4e5502ac-bda2-4618-9cdc-4a77f465f2cd" executionId="75619018-11f2-4e93-b014-c632da45e8c3" testListId="8c84fa94-04c1-424b-9868-57a2d4851a1d" />
    <TestEntry testId="0375210f-cc53-e565-1dd1-49c56166eb87" executionId="3b8abe08-9cf3-4d0f-a541-3084131e279e" testListId="8c84fa94-04c1-424b-9868-57a2d4851a1d" />
    <TestEntry testId="fad3615d-b120-c546-2daf-144e1c4fd08c" executionId="13250d81-6daf-403d-8878-467ed3818a28" testListId="8c84fa94-04c1-424b-9868-57a2d4851a1d" />
    <TestEntry testId="0962b052-25b5-015e-e85d-065851746177" executionId="63b51738-6b58-4fc1-a9ad-84b31c67e5cd" testListId="8c84fa94-04c1-424b-9868-57a2d4851a1d" />
    <TestEntry testId="b20233ec-015e-3cd3-212c-d09042def4c8" executionId="3f4e1faf-36d4-4d27-8ec1-e635db3fda51" testListId="8c84fa94-04c1-424b-9868-57a2d4851a1d" />
    <TestEntry testId="7b024e75-7530-b0a6-5744-3126d3ec9697" executionId="f59e9a96-9510-4801-a655-690368f678f7" testListId="8c84fa94-04c1-424b-9868-57a2d4851a1d" />
    <TestEntry testId="ef4bfb85-1bf8-c28e-ab05-376804b161f2" executionId="ad07534d-20be-41d3-920a-13dd2a43da63" testListId="8c84fa94-04c1-424b-9868-57a2d4851a1d" />
    <TestEntry testId="98f90aa5-a4eb-5d57-00bb-d3f86c10a7cf" executionId="7aea9661-57e7-4c54-b5f2-964fd8131ea9" testListId="8c84fa94-04c1-424b-9868-57a2d4851a1d" />
    <TestEntry testId="35b8885e-5e8d-9b1a-cab6-d81ac88a9066" executionId="126bbec7-1c95-43df-be45-85cc4c0eb7b3" testListId="8c84fa94-04c1-424b-9868-57a2d4851a1d" />
    <TestEntry testId="40d7ff11-e73a-2f04-0d03-5c1ccdae7938" executionId="96ea39ce-7f74-4733-9dc7-8fa64af35463" testListId="8c84fa94-04c1-424b-9868-57a2d4851a1d" />
    <TestEntry testId="a0eb5310-291b-8863-e084-f56ae7a156c4" executionId="edda0a37-82b6-483d-beaf-b819ce44edfc" testListId="8c84fa94-04c1-424b-9868-57a2d4851a1d" />
    <TestEntry testId="bcb69bb9-380e-15f5-1853-2cf4976f1fae" executionId="741c1efd-8b4d-488b-9ce8-ac28fc4cd743" testListId="8c84fa94-04c1-424b-9868-57a2d4851a1d" />
    <TestEntry testId="c8cf448d-a8a9-06de-d925-6badd8bf6d0f" executionId="9a2f80e5-46ba-489d-817d-9fe646683de4" testListId="8c84fa94-04c1-424b-9868-57a2d4851a1d" />
    <TestEntry testId="5df45a42-ad77-4b51-e583-37d4d92a2e05" executionId="5157aa13-e94b-45e7-8133-624d4dc11795" testListId="8c84fa94-04c1-424b-9868-57a2d4851a1d" />
    <TestEntry testId="9c529e5d-5f0c-4527-2177-7b62e95f8735" executionId="ec70d970-f61f-4ab0-a103-fd7975487e8b" testListId="8c84fa94-04c1-424b-9868-57a2d4851a1d" />
    <TestEntry testId="5f6a1f6e-ca69-a6cf-b2ba-49c8baaa1f06" executionId="daf4ac90-19ff-4f50-b4bf-2f661d294d35" testListId="8c84fa94-04c1-424b-9868-57a2d4851a1d" />
    <TestEntry testId="2b1673d0-6185-d718-2fae-b7ac1df7bc45" executionId="d327a4b4-a1c7-4399-a9d6-26395555d120" testListId="8c84fa94-04c1-424b-9868-57a2d4851a1d" />
    <TestEntry testId="7ceaf476-8c61-f022-d603-bee99b2eb8b9" executionId="8bfd6791-7eda-4b5c-b6a7-a9643bd54730" testListId="8c84fa94-04c1-424b-9868-57a2d4851a1d" />
    <TestEntry testId="616faad7-b5d9-993a-603a-ab6159c74652" executionId="958cfbd3-2f7b-40ff-95bc-5a54fba9c8a9" testListId="8c84fa94-04c1-424b-9868-57a2d4851a1d" />
    <TestEntry testId="edb57239-6d61-afc5-a9d7-c8f2ec92e7b4" executionId="27649db9-a60a-4c7f-bf7e-85157751ebc5" testListId="8c84fa94-04c1-424b-9868-57a2d4851a1d" />
    <TestEntry testId="396a515e-8e91-32db-79ef-6ca5f0e6e119" executionId="ef933d25-7e8e-46e6-bf83-36848d505c4f" testListId="8c84fa94-04c1-424b-9868-57a2d4851a1d" />
    <TestEntry testId="34d8198b-1b9c-148a-ad5a-54fcb21b1184" executionId="17482136-64a8-4a44-8f33-a991734da8ee" testListId="8c84fa94-04c1-424b-9868-57a2d4851a1d" />
    <TestEntry testId="55029406-4511-58c6-dc46-df35de46509a" executionId="8fc748fb-55c5-429b-945a-b7f865381101" testListId="8c84fa94-04c1-424b-9868-57a2d4851a1d" />
    <TestEntry testId="7673e8ff-411c-906d-a457-e8d11f56e8fc" executionId="bd5d8766-a54f-4315-9601-c6acfa4e9cb2" testListId="8c84fa94-04c1-424b-9868-57a2d4851a1d" />
    <TestEntry testId="4640a655-d9e1-2f2a-aa6d-6cdadf1e2c34" executionId="87efc46a-b3fb-46e9-abc2-ff9358c7242f" testListId="8c84fa94-04c1-424b-9868-57a2d4851a1d" />
    <TestEntry testId="3183239c-49be-13db-94b9-ad8c4858d6b4" executionId="28a8e425-b0b7-4b36-83c1-be062a6a9c3a" testListId="8c84fa94-04c1-424b-9868-57a2d4851a1d" />
    <TestEntry testId="db15e783-48bf-728a-de98-ec96c8b2bc01" executionId="c6dfde6d-8ec0-4415-aa3e-5067b6bc8462" testListId="8c84fa94-04c1-424b-9868-57a2d4851a1d" />
    <TestEntry testId="d9c53d49-ba67-5df0-3f9a-69a8f0b66684" executionId="183d9e15-cc94-4e28-9684-5fcac5001808" testListId="8c84fa94-04c1-424b-9868-57a2d4851a1d" />
    <TestEntry testId="5483ec0e-d8d4-5849-fd6d-6dcc2b8e4eb1" executionId="262228d7-6074-45ff-8156-e8d81821fdcd" testListId="8c84fa94-04c1-424b-9868-57a2d4851a1d" />
    <TestEntry testId="cad49189-1373-0c24-63ff-b25bdfaa3818" executionId="2ae3fc80-21c5-4b67-8e32-3f6d37f8e8d2" testListId="8c84fa94-04c1-424b-9868-57a2d4851a1d" />
    <TestEntry testId="4798ebe8-290d-6e6b-ee8c-f9ee0b060029" executionId="ed4ae192-9839-4aa1-a7fe-3352188ddb4a" testListId="8c84fa94-04c1-424b-9868-57a2d4851a1d" />
    <TestEntry testId="58df3a5a-211f-7463-8db4-a6f841f19890" executionId="e013c7db-1606-4015-b623-767bcb4834c0" testListId="8c84fa94-04c1-424b-9868-57a2d4851a1d" />
    <TestEntry testId="23676ef4-c83e-cda8-aec7-49d778b6550a" executionId="10626f1f-89c8-41fa-a416-048b88e9e45d" testListId="8c84fa94-04c1-424b-9868-57a2d4851a1d" />
    <TestEntry testId="48073f64-8607-75e8-4a6d-239cdf528320" executionId="1b61a176-03b0-4aea-b2bd-38524d28e40a" testListId="8c84fa94-04c1-424b-9868-57a2d4851a1d" />
    <TestEntry testId="814b5ffa-2707-b100-271f-17785605b035" executionId="b54dd12e-3b94-4e5a-8fb7-2872cfba9675" testListId="8c84fa94-04c1-424b-9868-57a2d4851a1d" />
    <TestEntry testId="13a1c7cf-0e07-1cf0-d642-53c48e767830" executionId="0059bc80-b872-4c1f-a71b-de8b0e487b97" testListId="8c84fa94-04c1-424b-9868-57a2d4851a1d" />
    <TestEntry testId="9f9de1f0-fe21-a713-852c-588c6f9080dc" executionId="b91b3f47-b3a6-4ed9-b215-5478f1dedcb9" testListId="8c84fa94-04c1-424b-9868-57a2d4851a1d" />
    <TestEntry testId="6747fa71-994b-a5ca-90f4-678c091caece" executionId="78379312-540a-419b-a210-a0588196f1ba" testListId="8c84fa94-04c1-424b-9868-57a2d4851a1d" />
    <TestEntry testId="f13c82e0-7392-33c2-2e26-3ec76e9d7308" executionId="cebb6b94-9f4b-4728-8532-99261face3e5" testListId="8c84fa94-04c1-424b-9868-57a2d4851a1d" />
    <TestEntry testId="685fbf40-f61b-eb1f-4feb-0e01d0a2d4dd" executionId="0a04d6a0-e987-439a-8ca4-f9b29fe03f8a" testListId="8c84fa94-04c1-424b-9868-57a2d4851a1d" />
    <TestEntry testId="1b7089d6-940d-cde2-e437-2a307b7d2116" executionId="a54577f1-7253-4566-b92d-af06effa5058" testListId="8c84fa94-04c1-424b-9868-57a2d4851a1d" />
    <TestEntry testId="e5632502-4f60-e04d-9e4b-856aa2f472eb" executionId="1fab3bf3-ec45-4c3f-97d4-bdd04c01258e" testListId="8c84fa94-04c1-424b-9868-57a2d4851a1d" />
    <TestEntry testId="2f80f069-ce89-152d-e7bd-c7d7ec2af756" executionId="f34c8b01-87bc-4bef-b3af-abe11a93bfdd" testListId="8c84fa94-04c1-424b-9868-57a2d4851a1d" />
    <TestEntry testId="f3647307-8fa1-ea9a-d61e-ff0e0e3b3c0f" executionId="4c251f28-26cb-4b8f-9b6f-71d756ad8fc1" testListId="8c84fa94-04c1-424b-9868-57a2d4851a1d" />
    <TestEntry testId="ca09bb58-7f95-8094-b392-d26392066009" executionId="791a7347-7c59-4ad9-ab2a-02675d34a1f6" testListId="8c84fa94-04c1-424b-9868-57a2d4851a1d" />
    <TestEntry testId="c2318fc6-5106-8e75-97ea-6cec983c0b4a" executionId="b6b7d783-d981-42d5-b112-d7c63f747a09" testListId="8c84fa94-04c1-424b-9868-57a2d4851a1d" />
    <TestEntry testId="217c72ec-29ce-d3de-11dc-4adfccfa3970" executionId="117f007c-be72-42a0-a61d-04218cfd1514" testListId="8c84fa94-04c1-424b-9868-57a2d4851a1d" />
    <TestEntry testId="4664ecd0-4892-f47b-b43e-af8c61996ac8" executionId="c3c8604b-5fd8-4c8b-87d7-26c5fe19ab85" testListId="8c84fa94-04c1-424b-9868-57a2d4851a1d" />
    <TestEntry testId="d2140570-9e33-308a-7666-319988c1d656" executionId="9669af5d-6579-41b1-b489-d35e83393b87" testListId="8c84fa94-04c1-424b-9868-57a2d4851a1d" />
    <TestEntry testId="e4cdf034-27ef-ed10-9bc7-3ea36c0718c7" executionId="d6c86b9c-d9ec-4554-8310-ff250411e51c" testListId="8c84fa94-04c1-424b-9868-57a2d4851a1d" />
    <TestEntry testId="8ae4fd12-f125-9f84-a866-c91316a2ebb5" executionId="97203357-12a4-4b35-950d-998091d62049" testListId="8c84fa94-04c1-424b-9868-57a2d4851a1d" />
    <TestEntry testId="8082c4c3-da68-d305-da4c-2d05b5c16fc2" executionId="3d6e7677-920e-4811-8189-46cbdf4d4691" testListId="8c84fa94-04c1-424b-9868-57a2d4851a1d" />
    <TestEntry testId="0d7b1475-87d6-6f89-09c7-883523fe257e" executionId="48b290f8-3bca-4825-aa88-944d6cae35a6" testListId="8c84fa94-04c1-424b-9868-57a2d4851a1d" />
    <TestEntry testId="6e899d16-ba0b-ff6c-59ed-edc365ee0288" executionId="bcd391c5-ad65-48c8-a666-cc8e2afbc5c6" testListId="8c84fa94-04c1-424b-9868-57a2d4851a1d" />
    <TestEntry testId="6cc07460-5fb6-c713-1995-9f7347e597ba" executionId="f3827ceb-1d70-4eda-bb4d-644c9391fa46" testListId="8c84fa94-04c1-424b-9868-57a2d4851a1d" />
    <TestEntry testId="181bb0ae-15a8-805b-2d7c-e0bee459e205" executionId="99f22d66-dfb5-4ca2-8431-c03f19cc61d2" testListId="8c84fa94-04c1-424b-9868-57a2d4851a1d" />
    <TestEntry testId="0d5af833-f41c-9353-5a95-8869d39f3279" executionId="ebd552af-fbe1-49ef-b92e-5df63e088ef0" testListId="8c84fa94-04c1-424b-9868-57a2d4851a1d" />
    <TestEntry testId="1162632b-d466-d9f8-290c-74cce54c50a7" executionId="881d9f00-4ba8-489b-8d7b-7222d14b4540" testListId="8c84fa94-04c1-424b-9868-57a2d4851a1d" />
    <TestEntry testId="db101ea6-5520-5369-0787-ca894017242c" executionId="a070e368-4f2f-4390-8210-c5dfa2a9a638" testListId="8c84fa94-04c1-424b-9868-57a2d4851a1d" />
    <TestEntry testId="7a04b199-7d69-5b3e-c54a-df29134cbf27" executionId="951d1396-6af4-46ce-9c41-8d685a8261f1" testListId="8c84fa94-04c1-424b-9868-57a2d4851a1d" />
    <TestEntry testId="c3862e82-30a0-85ec-833e-1ae2f2d59fdb" executionId="6f5609f3-c6ca-4a5a-bdc2-46d44bf3b0d0" testListId="8c84fa94-04c1-424b-9868-57a2d4851a1d" />
    <TestEntry testId="730f5bdd-2db2-1c8d-a33e-c1f9dd7b77f3" executionId="1783b1bb-2b02-495f-b967-43d771be5c04" testListId="8c84fa94-04c1-424b-9868-57a2d4851a1d" />
    <TestEntry testId="82f1b943-0634-06f5-65fb-059c120c860b" executionId="b25ab7d4-a8c7-4a8e-b532-56ce83d6e481" testListId="8c84fa94-04c1-424b-9868-57a2d4851a1d" />
    <TestEntry testId="75777ee9-b384-7b18-484c-624e5c8b45eb" executionId="561fc4fd-fc98-4cac-baa1-7d8c2ff3f666" testListId="8c84fa94-04c1-424b-9868-57a2d4851a1d" />
    <TestEntry testId="b464d5e7-77bb-f039-0989-ac134c6ef40c" executionId="b257bab0-8648-422a-b4d1-b7d90870a765" testListId="8c84fa94-04c1-424b-9868-57a2d4851a1d" />
    <TestEntry testId="519530f8-ec69-7fc8-d74d-d5e225edfcdc" executionId="a698b3c5-adf4-4b09-a875-6f5a596d3a18" testListId="8c84fa94-04c1-424b-9868-57a2d4851a1d" />
    <TestEntry testId="6a3e1ea6-7efd-59c8-0079-ca724e40ddfa" executionId="b4914886-4ff0-4d8e-8a94-8454c01b2dd9" testListId="8c84fa94-04c1-424b-9868-57a2d4851a1d" />
    <TestEntry testId="b25385a5-9267-04f0-7f76-6fb411e78232" executionId="c2840f14-dec5-45bc-9d8f-8c30e334c758" testListId="8c84fa94-04c1-424b-9868-57a2d4851a1d" />
    <TestEntry testId="9bc37241-2ce9-6c7d-e3bb-69d55d043fa0" executionId="77e40096-e2f4-47d3-be90-723d7a8c9292" testListId="8c84fa94-04c1-424b-9868-57a2d4851a1d" />
    <TestEntry testId="61423e44-b30b-4fb9-613b-a441276074cb" executionId="3e7e695c-4c33-4462-9a38-67eefbc92ecc" testListId="8c84fa94-04c1-424b-9868-57a2d4851a1d" />
    <TestEntry testId="4040e00f-72b8-0774-cd66-78bbbbf80ed4" executionId="7cc7cacf-d7db-4a8b-b714-da2eea86f778" testListId="8c84fa94-04c1-424b-9868-57a2d4851a1d" />
    <TestEntry testId="8c645da4-ac87-9798-ea13-ecc81c4deae1" executionId="ed5dd6a9-886d-4efd-ba5f-d5eca7ebfb9d" testListId="8c84fa94-04c1-424b-9868-57a2d4851a1d" />
    <TestEntry testId="d7c8f7b5-c3b8-357d-b44b-90988bbf4f71" executionId="737ecb6f-be61-41af-8da6-ec0a499617b6" testListId="8c84fa94-04c1-424b-9868-57a2d4851a1d" />
    <TestEntry testId="d79a2c0a-beef-581c-8321-d33ace64639c" executionId="ddb23a64-5195-4f09-b59c-00b81c98be51" testListId="8c84fa94-04c1-424b-9868-57a2d4851a1d" />
    <TestEntry testId="a70f8697-e19f-f996-8516-2d37ef5660ce" executionId="f7fdfaab-be18-412a-b506-42dc278062c7" testListId="8c84fa94-04c1-424b-9868-57a2d4851a1d" />
    <TestEntry testId="4e0d0548-af81-0df3-d0fa-d376255a5b9d" executionId="434a5046-ddbb-4df2-8e1d-639d5d210e1a" testListId="8c84fa94-04c1-424b-9868-57a2d4851a1d" />
    <TestEntry testId="2583f021-343e-fb4e-1585-e43296031618" executionId="62237b46-ac65-4f71-a89a-b1e29747a49a" testListId="8c84fa94-04c1-424b-9868-57a2d4851a1d" />
    <TestEntry testId="3aedc30b-49f4-ff0f-680b-aad67022a5d1" executionId="1966b95b-cad7-4abd-92cd-d5d8f812be49" testListId="8c84fa94-04c1-424b-9868-57a2d4851a1d" />
    <TestEntry testId="e734a4fb-980b-5ed5-5ba2-483d1649dae6" executionId="c42b0505-ee71-4edc-aa11-1d1b2aec9531" testListId="8c84fa94-04c1-424b-9868-57a2d4851a1d" />
    <TestEntry testId="67750e5f-4c1a-63e1-17aa-e0c00b26bd00" executionId="f9d870d3-1980-4dab-a757-fbaa2d43f11e" testListId="8c84fa94-04c1-424b-9868-57a2d4851a1d" />
    <TestEntry testId="db78a550-b1c2-473a-4ce9-f52879bfa1ff" executionId="274a35dc-82d1-4cea-9b04-c8e957180efa" testListId="8c84fa94-04c1-424b-9868-57a2d4851a1d" />
    <TestEntry testId="e276c011-d85d-887b-a451-4b05ec23be57" executionId="932d6651-103f-4bf7-a390-bf4e63d723f3" testListId="8c84fa94-04c1-424b-9868-57a2d4851a1d" />
    <TestEntry testId="0788d6d5-684c-aed2-3f13-19da4f20b164" executionId="bb0988e2-de1b-425e-8a0d-77a3f5e2ae66" testListId="8c84fa94-04c1-424b-9868-57a2d4851a1d" />
    <TestEntry testId="e45664ba-6fd5-244e-e12c-9f7d25f5bab2" executionId="0969332e-6ab2-4cae-aa77-b448531840ba" testListId="8c84fa94-04c1-424b-9868-57a2d4851a1d" />
    <TestEntry testId="31fa06ab-d5a3-b57b-1725-ae41e6861f7a" executionId="ebf32c17-49a9-47aa-a1e0-d13d3769ddb4" testListId="8c84fa94-04c1-424b-9868-57a2d4851a1d" />
    <TestEntry testId="4460a51b-7dbe-79e0-dfc7-8e853c83e4e3" executionId="a9465858-c08f-45c2-b12e-c8a156a34118" testListId="8c84fa94-04c1-424b-9868-57a2d4851a1d" />
    <TestEntry testId="93b341b6-a5db-14cd-05fe-4c1e0fcee7e4" executionId="1705cd4b-700d-4aca-a221-292f97dcc18f" testListId="8c84fa94-04c1-424b-9868-57a2d4851a1d" />
    <TestEntry testId="37650bf7-28da-c8e7-055d-d9c2af6b5cc2" executionId="8daaad8e-3bf2-4f7e-a914-a80e5df524da" testListId="8c84fa94-04c1-424b-9868-57a2d4851a1d" />
    <TestEntry testId="2a5faa5a-4d2a-07ee-d54a-0bde21ce290e" executionId="e502f0f7-8f05-44fb-8118-8d6ccc51c7c3" testListId="8c84fa94-04c1-424b-9868-57a2d4851a1d" />
    <TestEntry testId="e352272b-49e3-425f-a616-29ac08fa22e8" executionId="c00adb07-3cf1-4d34-84d2-5068d4adc124" testListId="8c84fa94-04c1-424b-9868-57a2d4851a1d" />
    <TestEntry testId="9d5e7ccc-a83c-de0a-d9b5-9a6494150899" executionId="107318ab-c805-442e-a05e-85954c96e6f4" testListId="8c84fa94-04c1-424b-9868-57a2d4851a1d" />
    <TestEntry testId="7e5098ca-337c-500f-febe-1538d90cbf3b" executionId="27aed5a4-d2df-4e95-a17c-edcccdb9f6d8" testListId="8c84fa94-04c1-424b-9868-57a2d4851a1d" />
    <TestEntry testId="1a0432b7-1115-58b0-0702-0af7a644ff96" executionId="5c20db49-c680-4501-8ea9-56945e64b1f6" testListId="8c84fa94-04c1-424b-9868-57a2d4851a1d" />
    <TestEntry testId="41f760a9-a423-8221-622c-601a088c4be6" executionId="03825d7a-5ae5-4db1-befc-1a2c18fdbb70" testListId="8c84fa94-04c1-424b-9868-57a2d4851a1d" />
    <TestEntry testId="092d3db4-bd27-e826-9b24-629c17ea85e9" executionId="d2a7686a-4ee2-4897-9cd6-9ecd34bae09f" testListId="8c84fa94-04c1-424b-9868-57a2d4851a1d" />
    <TestEntry testId="21135710-4fad-9760-c6da-d12dad4d3161" executionId="43e72f51-9e9d-413e-94fa-ddec701181e9" testListId="8c84fa94-04c1-424b-9868-57a2d4851a1d" />
    <TestEntry testId="d4b5d219-056e-cc0e-be33-1d6004bba6c4" executionId="3b52bf51-e8f1-4a33-930c-16a29bbf83b1" testListId="8c84fa94-04c1-424b-9868-57a2d4851a1d" />
    <TestEntry testId="a0fa1c06-0e69-d238-e7ec-ec84e1e82659" executionId="1d3fc5e9-42e1-499a-8ba1-70305fd860ea" testListId="8c84fa94-04c1-424b-9868-57a2d4851a1d" />
    <TestEntry testId="f86fab50-04b6-d9f8-f261-916523537541" executionId="d7e9a56d-cb4e-4b9c-a256-3b2f0035e2c5" testListId="8c84fa94-04c1-424b-9868-57a2d4851a1d" />
    <TestEntry testId="c9b41b16-24ce-496b-987c-abd353e461e5" executionId="af8bb885-c79e-4095-9946-804c6066ba2a" testListId="8c84fa94-04c1-424b-9868-57a2d4851a1d" />
    <TestEntry testId="3357e835-cd07-a322-d7e3-de79066a2658" executionId="fca887dc-f11f-4280-be02-9008465de4da" testListId="8c84fa94-04c1-424b-9868-57a2d4851a1d" />
    <TestEntry testId="5c483893-fa82-d878-b041-f216dab50b58" executionId="cc4f5ba9-1f9a-4923-ad2e-4c301fb124cf" testListId="8c84fa94-04c1-424b-9868-57a2d4851a1d" />
    <TestEntry testId="7b8d7a22-5ad4-8b4c-067c-e062e266a614" executionId="2cf562cd-b373-4de7-8593-e851299c2cb1" testListId="8c84fa94-04c1-424b-9868-57a2d4851a1d" />
    <TestEntry testId="c81ea6a6-3b8e-410c-61f2-eae488d7b049" executionId="67f607e8-27ed-48c8-bc9c-68e097287038" testListId="8c84fa94-04c1-424b-9868-57a2d4851a1d" />
    <TestEntry testId="57f8a2f6-de67-a92d-3675-f9cfbc8e65a2" executionId="db59d92a-1bb8-433c-b27f-ff38cc63bc7e" testListId="8c84fa94-04c1-424b-9868-57a2d4851a1d" />
    <TestEntry testId="1cb9d42a-446e-6702-65e7-c0f68d134285" executionId="b410584d-326e-4917-99d4-6accac863a98" testListId="8c84fa94-04c1-424b-9868-57a2d4851a1d" />
    <TestEntry testId="f0574140-05e7-8498-9329-657513183047" executionId="af5f2c91-6438-485d-b78b-713f06ec53c7" testListId="8c84fa94-04c1-424b-9868-57a2d4851a1d" />
    <TestEntry testId="9238f544-c615-304b-16e5-15a92d1d94ec" executionId="477e396c-f091-460a-bcf8-87e335e7f7ad" testListId="8c84fa94-04c1-424b-9868-57a2d4851a1d" />
    <TestEntry testId="9e3c7df3-c05a-1a65-1b15-9b73dc7da4b9" executionId="879204e4-707a-4d13-bb24-e6a6b5a74101" testListId="8c84fa94-04c1-424b-9868-57a2d4851a1d" />
    <TestEntry testId="3483b99b-fc69-a667-3fb8-b744a04642ad" executionId="6ac5aab8-0951-462a-ad2c-678738ce42fc" testListId="8c84fa94-04c1-424b-9868-57a2d4851a1d" />
    <TestEntry testId="f78c516b-19b5-6162-b927-304c88d19605" executionId="b09548b9-b0bf-42b6-a0cd-d095856d74a0" testListId="8c84fa94-04c1-424b-9868-57a2d4851a1d" />
    <TestEntry testId="f440d74d-4659-d24e-4f36-0923af04b8c4" executionId="86fbf8a6-bf56-4ddf-8f8f-a29c53515717" testListId="8c84fa94-04c1-424b-9868-57a2d4851a1d" />
    <TestEntry testId="ce110ec4-6807-151f-0f3f-e817293b8781" executionId="6134229f-f3d0-4d59-9008-2a24414fdeaa" testListId="8c84fa94-04c1-424b-9868-57a2d4851a1d" />
    <TestEntry testId="f43867cd-0b2f-6df4-761d-a58f20129501" executionId="8e1b54d1-e055-4b31-9f61-8bed079c4bce" testListId="8c84fa94-04c1-424b-9868-57a2d4851a1d" />
    <TestEntry testId="33774f0a-03c8-2311-2a85-e92e1dde26f6" executionId="5a1a63df-e66f-4e65-8fe0-be85a7cd423f" testListId="8c84fa94-04c1-424b-9868-57a2d4851a1d" />
    <TestEntry testId="6f55bfdb-27a2-7e64-9be2-ed7620d4103c" executionId="6bcd98a4-a965-46fd-8fac-0e91000dc390" testListId="8c84fa94-04c1-424b-9868-57a2d4851a1d" />
    <TestEntry testId="efe6f1f1-276f-48ab-2ff8-8d09cfa65408" executionId="15b86377-bfbf-41d6-bdcf-4c7a8494c95b" testListId="8c84fa94-04c1-424b-9868-57a2d4851a1d" />
    <TestEntry testId="4267d6e4-f070-3f35-1504-961c36e6f0aa" executionId="3f6d08ad-3fde-4f77-a755-ac818a785e75" testListId="8c84fa94-04c1-424b-9868-57a2d4851a1d" />
    <TestEntry testId="4e6e0a21-4db3-e860-7b53-c6aab6b891d5" executionId="7c33ccac-6e7d-4ea0-8788-c92196f0dfd0" testListId="8c84fa94-04c1-424b-9868-57a2d4851a1d" />
    <TestEntry testId="e96eba43-707e-f129-90f4-8d4bc696c294" executionId="37d3183a-b566-42ba-843a-01c8618c262b" testListId="8c84fa94-04c1-424b-9868-57a2d4851a1d" />
    <TestEntry testId="2d933501-9945-b51e-a2b6-1c4bddacc8c7" executionId="2a39513e-697f-45bc-86bd-9471863ef14c" testListId="8c84fa94-04c1-424b-9868-57a2d4851a1d" />
    <TestEntry testId="a83ddcd3-28fa-aab5-89ca-a841306de32e" executionId="122360ce-c0f1-4be9-8b38-984ddebad6bc" testListId="8c84fa94-04c1-424b-9868-57a2d4851a1d" />
    <TestEntry testId="f66b7177-2762-23f8-2c30-048debb04846" executionId="7b15c689-2c11-497c-a8d9-d176e4faca4e" testListId="8c84fa94-04c1-424b-9868-57a2d4851a1d" />
    <TestEntry testId="d4208e9d-84cf-12a5-fe3c-68de214fd15b" executionId="f81c67d6-8747-4cad-9e19-86862fbc1446" testListId="8c84fa94-04c1-424b-9868-57a2d4851a1d" />
    <TestEntry testId="52df723a-c1e8-d26c-e420-4811e9153678" executionId="7d76e235-326f-4106-9505-326ff6b99679" testListId="8c84fa94-04c1-424b-9868-57a2d4851a1d" />
    <TestEntry testId="05a62926-3f5d-b1e6-9c77-b3c365f471b4" executionId="414c6202-ac56-45f7-9e32-1205aa64e1b9" testListId="8c84fa94-04c1-424b-9868-57a2d4851a1d" />
    <TestEntry testId="a6a84474-a7e5-fd38-f41a-bd1ab5de1d1c" executionId="48cf5dca-8979-47cd-bd5c-b2569dd95d82" testListId="8c84fa94-04c1-424b-9868-57a2d4851a1d" />
    <TestEntry testId="0a304703-e8a6-5773-ccd3-9414e37a01c6" executionId="99999378-e935-4ae4-9275-ee845a5495d9" testListId="8c84fa94-04c1-424b-9868-57a2d4851a1d" />
    <TestEntry testId="b9d0df09-72a3-019d-19ba-8b0138ba0782" executionId="a8b47105-bf9a-4906-8f30-d26876cb3a8c" testListId="8c84fa94-04c1-424b-9868-57a2d4851a1d" />
    <TestEntry testId="74fb065f-393b-c12e-b373-f932e00d2384" executionId="6d02c4f4-413b-4097-a77b-242c646ec67c" testListId="8c84fa94-04c1-424b-9868-57a2d4851a1d" />
    <TestEntry testId="41090eae-0671-f825-92f0-3835cb20447f" executionId="c6f31d89-59f7-4040-bb5b-c64102bd089c" testListId="8c84fa94-04c1-424b-9868-57a2d4851a1d" />
    <TestEntry testId="06e24568-cd99-4f48-d287-0a5f76b1d178" executionId="927a6f55-f883-4a29-8a94-a6b2e1e9e8f8" testListId="8c84fa94-04c1-424b-9868-57a2d4851a1d" />
    <TestEntry testId="676d6765-26c4-35f0-cf62-f14803cb820f" executionId="a1c53259-56a7-4796-9736-9397604922ff" testListId="8c84fa94-04c1-424b-9868-57a2d4851a1d" />
    <TestEntry testId="4f6c972b-4005-cefe-b356-77e1117476de" executionId="f53da5ac-8d82-4756-9a65-0e72951e0926" testListId="8c84fa94-04c1-424b-9868-57a2d4851a1d" />
    <TestEntry testId="29e6f38a-3853-fdc3-b694-8eae6c353cec" executionId="a1dd281a-b65b-424b-a22c-d55224f3657b" testListId="8c84fa94-04c1-424b-9868-57a2d4851a1d" />
    <TestEntry testId="dc8e12f0-fd89-2fdd-e7b5-0da90646fdd5" executionId="7d4b15ab-2310-42e1-be33-442656d09057" testListId="8c84fa94-04c1-424b-9868-57a2d4851a1d" />
    <TestEntry testId="0a229eec-1f6b-5c21-27f6-5257de8d66d5" executionId="647f9ac4-5be7-42ba-b95a-b26c221275c7" testListId="8c84fa94-04c1-424b-9868-57a2d4851a1d" />
    <TestEntry testId="de02e07c-e953-bc75-6860-f856afa99263" executionId="6c9162f1-88a0-47fa-901a-120c7bdf85af" testListId="8c84fa94-04c1-424b-9868-57a2d4851a1d" />
    <TestEntry testId="5fc823fd-951f-33c2-2110-b44d10b1fd32" executionId="98c5c948-4974-4ad8-a330-4a735620c1a0" testListId="8c84fa94-04c1-424b-9868-57a2d4851a1d" />
    <TestEntry testId="0d7c05bc-6d36-8126-cd8b-bc1a9c92e925" executionId="bd5d91da-b1bd-43fc-93fa-b9ba887de164" testListId="8c84fa94-04c1-424b-9868-57a2d4851a1d" />
    <TestEntry testId="b6a0f5fb-4bb7-97bd-2c15-5ee7f1f2c8d5" executionId="806d6292-aafa-4ab4-aa01-31eda82f5d57" testListId="8c84fa94-04c1-424b-9868-57a2d4851a1d" />
    <TestEntry testId="282bfad2-7437-cfcb-0f6d-9824d48799ce" executionId="95387a27-edf0-40c6-94f5-eca1e3a9ab64" testListId="8c84fa94-04c1-424b-9868-57a2d4851a1d" />
    <TestEntry testId="087d8f88-fcff-1c56-9396-984308af2b08" executionId="cc9ba144-1742-4dc7-a544-435aaa93a5fc" testListId="8c84fa94-04c1-424b-9868-57a2d4851a1d" />
    <TestEntry testId="16e939ca-b9af-a2dd-b850-cb16dfe77ac1" executionId="c3055ff1-c3ee-4b03-b3eb-850062b9be38" testListId="8c84fa94-04c1-424b-9868-57a2d4851a1d" />
    <TestEntry testId="3cd9abb0-8f7b-9e19-3dca-8803acc63b4d" executionId="c1954327-8bc9-4f20-be9f-c96a6dd56c34" testListId="8c84fa94-04c1-424b-9868-57a2d4851a1d" />
    <TestEntry testId="77384db3-4321-1fbc-042f-30de6613acfa" executionId="1505e1d9-dc77-4bd9-b0a9-f993d2f4650e" testListId="8c84fa94-04c1-424b-9868-57a2d4851a1d" />
    <TestEntry testId="a788033e-bd92-31f1-6a8c-3336c6034218" executionId="206335a6-09a9-493b-9690-dc885a21a9e0" testListId="8c84fa94-04c1-424b-9868-57a2d4851a1d" />
    <TestEntry testId="1c5b00fb-89ae-4050-e6f8-086da0ce80c2" executionId="5ab04dd6-5dfa-4f93-aba1-cf33b174c5e7" testListId="8c84fa94-04c1-424b-9868-57a2d4851a1d" />
    <TestEntry testId="d36c23d8-cd5d-0faf-c7e3-44ef6aa608bf" executionId="9be7ec43-3139-43ea-9d4b-ecd0f9ee95a2" testListId="8c84fa94-04c1-424b-9868-57a2d4851a1d" />
    <TestEntry testId="6d197bb9-1173-907c-86dd-da4d440dbbc2" executionId="1922596e-9790-4e71-b639-0ae36b1ee0f4" testListId="8c84fa94-04c1-424b-9868-57a2d4851a1d" />
    <TestEntry testId="4bab1271-a1c2-887f-6fbf-41dd45181049" executionId="f1d474bc-73fa-4c5e-93b9-448e17aec0fe" testListId="8c84fa94-04c1-424b-9868-57a2d4851a1d" />
    <TestEntry testId="cf84fde5-5978-141c-c3a7-e0e4ca2b5a40" executionId="15693c13-7fd7-498e-ab44-a504e7c93bea" testListId="8c84fa94-04c1-424b-9868-57a2d4851a1d" />
    <TestEntry testId="3d6ed08b-49fe-e94a-d455-e94243bf5e8e" executionId="717abc3c-aa96-407a-b0a3-e1e0d7b0fb95" testListId="8c84fa94-04c1-424b-9868-57a2d4851a1d" />
    <TestEntry testId="cb49c7e8-ea4d-898f-49f3-d946b28a4ad3" executionId="782035cb-bcde-4fc4-ac40-3a4561dcf7e0" testListId="8c84fa94-04c1-424b-9868-57a2d4851a1d" />
    <TestEntry testId="161cb7a5-dc79-fdb3-9773-7bfe9f340b13" executionId="7cd1589f-c3d7-4b17-9ae4-808e590869f4" testListId="8c84fa94-04c1-424b-9868-57a2d4851a1d" />
    <TestEntry testId="e9a955a7-9ffb-d751-ae47-723c138cf9a8" executionId="4dc13bd7-1a27-4fbd-9d7a-ee1d22bd0e76" testListId="8c84fa94-04c1-424b-9868-57a2d4851a1d" />
    <TestEntry testId="4e15999a-f878-fa2f-0422-7bd030ec8a62" executionId="df93d5bc-e13c-4325-90b2-680b4dff1232" testListId="8c84fa94-04c1-424b-9868-57a2d4851a1d" />
    <TestEntry testId="fb02144e-cda0-e59f-9f1c-b8472ef40372" executionId="bcedafad-9ab4-4010-8b95-088243687743" testListId="8c84fa94-04c1-424b-9868-57a2d4851a1d" />
    <TestEntry testId="5c9daec0-82d1-a930-ebc4-f5a522998bf9" executionId="e0590e79-df7f-4757-a913-3561b1eb7488" testListId="8c84fa94-04c1-424b-9868-57a2d4851a1d" />
    <TestEntry testId="91c71e42-f716-f1a3-a456-b6b83f89c8d2" executionId="bf6934ac-3cc1-4425-a311-bd71ec0c8905" testListId="8c84fa94-04c1-424b-9868-57a2d4851a1d" />
    <TestEntry testId="20dd689a-578f-5454-f77f-d1ac3d4a2168" executionId="456579a0-1b6c-49a8-be6f-3fe7af1f77f4" testListId="8c84fa94-04c1-424b-9868-57a2d4851a1d" />
    <TestEntry testId="ffa17173-c9f9-35db-0b79-586ccedd5675" executionId="c231f268-5206-4069-95d7-82be7fb936ed" testListId="8c84fa94-04c1-424b-9868-57a2d4851a1d" />
    <TestEntry testId="8a8b8b7a-b160-2bcf-4182-3505e77285c7" executionId="998b68b9-1886-4b94-963e-cfb46b835e1d" testListId="8c84fa94-04c1-424b-9868-57a2d4851a1d" />
    <TestEntry testId="e899062e-6894-38dc-a3d4-ea350524792f" executionId="fdc6df03-2c52-4f1b-8efb-d799b720e62c" testListId="8c84fa94-04c1-424b-9868-57a2d4851a1d" />
    <TestEntry testId="be96acaf-c981-ee90-0d44-8c6bb765af2e" executionId="d0ec5b67-43c5-4456-aa58-86e8a026a301" testListId="8c84fa94-04c1-424b-9868-57a2d4851a1d" />
    <TestEntry testId="a8a70edc-394e-fc45-f84b-f8a8a6b710af" executionId="05b7fae1-ad55-44a4-9cd1-965a27b34d00" testListId="8c84fa94-04c1-424b-9868-57a2d4851a1d" />
    <TestEntry testId="b48ffaf8-bc78-a6ec-3880-be95cfae8c19" executionId="8e60362b-9e70-4edd-8de1-efef9f43b9d4" testListId="8c84fa94-04c1-424b-9868-57a2d4851a1d" />
    <TestEntry testId="a738a1c0-e979-fed3-ccac-c70172ed8a79" executionId="09518491-39db-4ca3-8d17-f5f2d7ad60f9" testListId="8c84fa94-04c1-424b-9868-57a2d4851a1d" />
    <TestEntry testId="5f25129a-2ba1-3f22-76aa-c76ead3c590d" executionId="791b1c4b-0f12-4429-a33d-b58a0f6fac35" testListId="8c84fa94-04c1-424b-9868-57a2d4851a1d" />
    <TestEntry testId="1423f0fc-351d-9fc1-c88f-cdbed4df034d" executionId="11074d1e-32fb-44dc-a785-887f8d599794" testListId="8c84fa94-04c1-424b-9868-57a2d4851a1d" />
    <TestEntry testId="c4132299-7f1a-5b63-066c-77ac81c58122" executionId="d572c965-3420-440c-b4d6-56d1a8ef5be4" testListId="8c84fa94-04c1-424b-9868-57a2d4851a1d" />
    <TestEntry testId="aa3dcf33-9e0f-5175-b5ba-e865902bf797" executionId="9fd49300-93ac-490e-85b9-b1882f46d90e" testListId="8c84fa94-04c1-424b-9868-57a2d4851a1d" />
    <TestEntry testId="40143769-ff20-ceb9-24f7-34372f2ce35e" executionId="28821e26-9c48-4df5-9ce1-4f9fc19fed68" testListId="8c84fa94-04c1-424b-9868-57a2d4851a1d" />
    <TestEntry testId="3e805ed9-9ca9-a643-85c9-cc7cf1031aa6" executionId="52ecfaa9-2af3-47de-b15a-b5202819ecb0" testListId="8c84fa94-04c1-424b-9868-57a2d4851a1d" />
    <TestEntry testId="5e4370a9-e725-b06f-f680-a7ac00d166d5" executionId="1abb6566-3d1f-4e50-a81b-878c44215299" testListId="8c84fa94-04c1-424b-9868-57a2d4851a1d" />
    <TestEntry testId="15db09ba-67c9-9115-d1c7-0d4367a1444e" executionId="7b60f776-6641-4cfd-aee2-93969e729079" testListId="8c84fa94-04c1-424b-9868-57a2d4851a1d" />
    <TestEntry testId="e3280519-58dc-2950-b834-1a3c0ded5167" executionId="d7afd99f-9161-4bb1-9542-1d97a1c87661" testListId="8c84fa94-04c1-424b-9868-57a2d4851a1d" />
    <TestEntry testId="ad900887-b256-3109-2599-8d9a6433bb2e" executionId="ccc5e798-76fc-494c-9d32-d53af1343308" testListId="8c84fa94-04c1-424b-9868-57a2d4851a1d" />
    <TestEntry testId="a8f5fb8d-2534-f1ff-b75f-db0c27695f15" executionId="b95dab8c-1864-4a4a-9376-1700928221a7" testListId="8c84fa94-04c1-424b-9868-57a2d4851a1d" />
    <TestEntry testId="ec784ee1-cdfa-859d-8e70-7383a9624858" executionId="f9c5316c-b7ec-4b8b-87f8-2458d0b505e3" testListId="8c84fa94-04c1-424b-9868-57a2d4851a1d" />
    <TestEntry testId="fe09da01-1fdc-84de-24ce-f3ff05ac9669" executionId="c43097c6-1395-46cd-9559-75b6d1c81fb8" testListId="8c84fa94-04c1-424b-9868-57a2d4851a1d" />
    <TestEntry testId="5e867a51-a9c3-4542-6de1-9d964cecbd2f" executionId="1b476a94-ad5b-4e75-882a-1cc07b528001" testListId="8c84fa94-04c1-424b-9868-57a2d4851a1d" />
    <TestEntry testId="c95181fb-a469-7e1a-e0b7-34c883e587b6" executionId="09fe8a92-1f26-43d7-ab74-78dbffa7491a" testListId="8c84fa94-04c1-424b-9868-57a2d4851a1d" />
    <TestEntry testId="82de464a-226b-a43c-456d-d1097e73d4b7" executionId="181194fe-fee8-4fef-b908-072544d0e616" testListId="8c84fa94-04c1-424b-9868-57a2d4851a1d" />
    <TestEntry testId="9f9f5600-a201-c1c7-8801-7f54257744c2" executionId="a7fac0ee-38f3-4086-9d46-74e77f97b117" testListId="8c84fa94-04c1-424b-9868-57a2d4851a1d" />
    <TestEntry testId="ac2e1c3f-04fd-ad3c-2e2f-8a8d42842b44" executionId="774f26ac-ae57-4279-85b6-689136070d50" testListId="8c84fa94-04c1-424b-9868-57a2d4851a1d" />
    <TestEntry testId="bdfc419e-7b06-ae56-1790-4aecf9839ca8" executionId="a77b30b3-2331-42f3-b2fd-12d8d367f1c4" testListId="8c84fa94-04c1-424b-9868-57a2d4851a1d" />
    <TestEntry testId="2cbe5417-e99d-1e00-1b6f-0c1dfa4276fa" executionId="ab8da712-1646-4495-bdab-08ac86704779" testListId="8c84fa94-04c1-424b-9868-57a2d4851a1d" />
    <TestEntry testId="1de81a3f-8399-6f86-0d78-6acfb9de4fe1" executionId="1bbaf701-e550-4781-af7c-a5bd16ba5b82" testListId="8c84fa94-04c1-424b-9868-57a2d4851a1d" />
    <TestEntry testId="9ad6a220-54a1-bc36-db9e-30965a41d307" executionId="6bd5fd55-7112-42e2-b53c-d2734228e0d1" testListId="8c84fa94-04c1-424b-9868-57a2d4851a1d" />
    <TestEntry testId="970a1107-4220-944c-48b9-92f435716a22" executionId="f4ce71d4-28be-446a-b84b-4e11dcaa4f07" testListId="8c84fa94-04c1-424b-9868-57a2d4851a1d" />
    <TestEntry testId="e86749b0-8a23-780c-934b-3de14fa7fc28" executionId="88eff873-f9bf-40eb-a527-8f31aaafd254" testListId="8c84fa94-04c1-424b-9868-57a2d4851a1d" />
    <TestEntry testId="f1e94523-e0bb-d4c8-8cba-98983116d729" executionId="d58cb0d4-0362-475a-a112-3e4e2fca18be" testListId="8c84fa94-04c1-424b-9868-57a2d4851a1d" />
    <TestEntry testId="602edd5b-ab04-6baa-7d5b-bfedbcb3d92f" executionId="e0a1b5c3-213f-41c0-8cfb-4516f647e8d6" testListId="8c84fa94-04c1-424b-9868-57a2d4851a1d" />
    <TestEntry testId="80357ee3-2308-8b5b-a4ea-aff6df7d3e4c" executionId="e7c929f7-ab52-4819-bcc7-b72204ca4a5b" testListId="8c84fa94-04c1-424b-9868-57a2d4851a1d" />
    <TestEntry testId="e519c82d-c22e-5b8a-7ed3-317204664e9a" executionId="42a8feda-06f1-497d-a4d1-8f56b474572d" testListId="8c84fa94-04c1-424b-9868-57a2d4851a1d" />
    <TestEntry testId="fcc963cf-c9d1-9b26-9125-b101615c7252" executionId="6a6576ce-72cb-45c8-9f04-8b1993c268af" testListId="8c84fa94-04c1-424b-9868-57a2d4851a1d" />
    <TestEntry testId="14dff083-c9f6-edb1-f839-0afb5426adcd" executionId="ac614cf6-59d8-45de-a651-24f7d2cedbd3" testListId="8c84fa94-04c1-424b-9868-57a2d4851a1d" />
    <TestEntry testId="10878a1e-6024-2c44-7b6f-c73183c982b4" executionId="acb446bb-9f70-4383-8c37-77a1b3ebfed0" testListId="8c84fa94-04c1-424b-9868-57a2d4851a1d" />
    <TestEntry testId="92019c40-aeec-d92d-3b94-82ab04bad7ea" executionId="78d3512d-1be6-4720-92d9-61af51d84898" testListId="8c84fa94-04c1-424b-9868-57a2d4851a1d" />
    <TestEntry testId="22655daf-ecc4-6c41-b980-a5fba70bf9b7" executionId="68ac0812-c275-4245-bcca-051784e91b30" testListId="8c84fa94-04c1-424b-9868-57a2d4851a1d" />
    <TestEntry testId="c449ff5e-a04c-65d2-8358-81dfa42bfb3c" executionId="fe7f8e5e-d3a9-4011-9713-90a457b20f70" testListId="8c84fa94-04c1-424b-9868-57a2d4851a1d" />
    <TestEntry testId="0683bfa0-f565-6d1c-623a-4b4052649ade" executionId="d6ffe724-d47f-4287-8ec6-186d8c1e45df" testListId="8c84fa94-04c1-424b-9868-57a2d4851a1d" />
    <TestEntry testId="fdb2e25c-b946-3dee-a267-27396896444e" executionId="2d6c7e50-f179-453c-a9ed-a41b13ed899f" testListId="8c84fa94-04c1-424b-9868-57a2d4851a1d" />
    <TestEntry testId="4cb93273-3097-1b0d-7b2a-2bef26f68fd7" executionId="35e2e7e8-93ea-41ae-8fe5-c371c4f80497" testListId="8c84fa94-04c1-424b-9868-57a2d4851a1d" />
    <TestEntry testId="e5859f74-ea44-74ff-47ac-165a13d29c4e" executionId="caa30fcd-650a-4e86-90d7-5938205ad76a" testListId="8c84fa94-04c1-424b-9868-57a2d4851a1d" />
    <TestEntry testId="730bb781-0b75-c6e2-e3ef-0b70b99fc8d3" executionId="c8bb1fe9-2201-440d-8542-cd6c251c2c4d" testListId="8c84fa94-04c1-424b-9868-57a2d4851a1d" />
    <TestEntry testId="5394a606-f7a5-621f-bc3e-a3055ecabf7b" executionId="4d61f2e5-1611-4f90-8a04-22e3a6309eb1" testListId="8c84fa94-04c1-424b-9868-57a2d4851a1d" />
    <TestEntry testId="fbd97d9a-f945-e484-b68c-8886ab375c29" executionId="4d0cc7e0-38c1-4d94-ad84-1c66ce062aff" testListId="8c84fa94-04c1-424b-9868-57a2d4851a1d" />
    <TestEntry testId="92d40d22-aa79-198f-78bb-e1b4434c8a26" executionId="be63b567-ed0f-4b14-bbaf-28938b7314ed" testListId="8c84fa94-04c1-424b-9868-57a2d4851a1d" />
    <TestEntry testId="9186ebd9-ad74-9a93-7846-3306a04539b9" executionId="8603bc5c-a0f8-413b-8d42-caee47aeda38" testListId="8c84fa94-04c1-424b-9868-57a2d4851a1d" />
    <TestEntry testId="ce8879f5-6e83-5bff-bdae-70b3e4d2e15b" executionId="c03db839-6656-4dac-b48d-602db77f2e3b" testListId="8c84fa94-04c1-424b-9868-57a2d4851a1d" />
    <TestEntry testId="ecfd8baf-76be-e64b-eeab-b52cc7f1657d" executionId="e09f8e01-b1f8-4f60-a7f0-e83339167a57" testListId="8c84fa94-04c1-424b-9868-57a2d4851a1d" />
    <TestEntry testId="8cc00ae9-19cf-450b-5f01-0eafc1f1b5e6" executionId="c20ba8c3-5e01-48f3-be45-05fbac4094ed" testListId="8c84fa94-04c1-424b-9868-57a2d4851a1d" />
    <TestEntry testId="e3373e42-ae8a-062b-59b7-a271e4559170" executionId="a5936399-b678-4650-beb4-5386edcc5072" testListId="8c84fa94-04c1-424b-9868-57a2d4851a1d" />
    <TestEntry testId="d02f5bba-c8de-e57f-ea30-ea01e97a5b43" executionId="acbe86a6-9489-4c79-b930-0dfdfbc405f8" testListId="8c84fa94-04c1-424b-9868-57a2d4851a1d" />
    <TestEntry testId="21ebecd4-b2b5-f81b-86e5-e23af883bc0d" executionId="2a7b8dbb-5bbd-46ad-814e-01d969f8b5d1" testListId="8c84fa94-04c1-424b-9868-57a2d4851a1d" />
    <TestEntry testId="f8c6d118-8285-f0e3-6fcd-ab9b306bd086" executionId="6b342b7b-e95a-419b-aca7-9170ca045dac" testListId="8c84fa94-04c1-424b-9868-57a2d4851a1d" />
    <TestEntry testId="e98b4b51-54e6-732a-a117-1f66388678a8" executionId="dad3f743-6dfd-43b6-b420-eb292bc28311" testListId="8c84fa94-04c1-424b-9868-57a2d4851a1d" />
    <TestEntry testId="c1baf7cd-baf6-a6dc-ac96-f4833dd5d5c5" executionId="f6fa1031-96e2-4342-b9a6-cd5b0040ab42" testListId="8c84fa94-04c1-424b-9868-57a2d4851a1d" />
    <TestEntry testId="83f36d15-72a9-2497-69c3-ee0d968aa3e0" executionId="e9c41e84-8643-4704-bed0-e3df7e9d5c4a" testListId="8c84fa94-04c1-424b-9868-57a2d4851a1d" />
    <TestEntry testId="db5a89db-b439-9b2a-f537-73650ad78de0" executionId="012af840-ace6-479f-86aa-68c78447789d" testListId="8c84fa94-04c1-424b-9868-57a2d4851a1d" />
    <TestEntry testId="9f43f0fd-4cab-8122-ca5d-4f18042da626" executionId="07f6a7cf-8b75-4f8f-995e-908072bc2336" testListId="8c84fa94-04c1-424b-9868-57a2d4851a1d" />
    <TestEntry testId="dc2c84c8-44bb-4ef8-69bb-c08aa54f4e45" executionId="55360424-bb8d-4baa-ac3a-544b5bfaf2b4" testListId="8c84fa94-04c1-424b-9868-57a2d4851a1d" />
    <TestEntry testId="15f02d6a-c4fe-b756-2146-795394f86d00" executionId="69aa183b-d600-4c2a-bdc9-e54ba9caebd2" testListId="8c84fa94-04c1-424b-9868-57a2d4851a1d" />
    <TestEntry testId="f8b35697-a784-9611-59fe-4de3db35410f" executionId="7fb039db-9493-4345-9f80-d4841338b453" testListId="8c84fa94-04c1-424b-9868-57a2d4851a1d" />
    <TestEntry testId="7fc54ed7-fc8a-0da5-3a30-a492d81d7d42" executionId="96a1c4c0-788d-418e-8900-f5fbe70a91ca" testListId="8c84fa94-04c1-424b-9868-57a2d4851a1d" />
    <TestEntry testId="3543a2c9-757e-2f45-d5df-15b9a0ae61c4" executionId="f586dcbb-172c-4ee5-adf8-db93775a0f15" testListId="8c84fa94-04c1-424b-9868-57a2d4851a1d" />
    <TestEntry testId="f758e466-f99e-2f24-2103-23592204a18c" executionId="868eaea2-08fa-46e5-a5f9-64e915ebf050" testListId="8c84fa94-04c1-424b-9868-57a2d4851a1d" />
    <TestEntry testId="3549a63c-f3bb-0bf5-9803-5ce3032e3912" executionId="b042aadf-bd69-4a53-82e4-16baf54d9806" testListId="8c84fa94-04c1-424b-9868-57a2d4851a1d" />
    <TestEntry testId="4a5a9497-6482-4f28-826d-674900fa84eb" executionId="7b43dd43-4245-4c49-a534-14cb971f6e86" testListId="8c84fa94-04c1-424b-9868-57a2d4851a1d" />
    <TestEntry testId="80691151-143c-52a8-bcbb-bd76651c398f" executionId="e670936e-03e0-4f28-af67-019722eba537" testListId="8c84fa94-04c1-424b-9868-57a2d4851a1d" />
    <TestEntry testId="51ec0946-f9f5-840d-31a4-2c42c422cf9d" executionId="ab8afb39-e224-477d-b5a7-6f922b8ee357" testListId="8c84fa94-04c1-424b-9868-57a2d4851a1d" />
    <TestEntry testId="fdaf6464-8a8c-65cb-0f1d-55fdb4d37cc5" executionId="760005bc-d9b8-4cf3-9183-fdb8926c99e7" testListId="8c84fa94-04c1-424b-9868-57a2d4851a1d" />
    <TestEntry testId="6c30615a-35f0-23d2-2af1-7f5ba4d86cd0" executionId="baaaef0d-65f9-4a7d-9173-d0de0c87641c" testListId="8c84fa94-04c1-424b-9868-57a2d4851a1d" />
    <TestEntry testId="2510cad0-dba4-2567-1491-42328e012c5c" executionId="d53b425f-f009-40fc-915f-1ec2e624e397" testListId="8c84fa94-04c1-424b-9868-57a2d4851a1d" />
    <TestEntry testId="683a53b6-551e-df54-4350-749ad538bcf4" executionId="e916c4f0-4a7b-4488-94d6-af1047be2177" testListId="8c84fa94-04c1-424b-9868-57a2d4851a1d" />
    <TestEntry testId="21f636ef-9fca-a9cc-a5e8-ed3b8d49bb1b" executionId="fa30fd16-710c-4440-b3a4-a1785767fdb4" testListId="8c84fa94-04c1-424b-9868-57a2d4851a1d" />
    <TestEntry testId="627aed26-e2b4-f50f-e572-71b44329f602" executionId="6acf6fde-73f9-4a9d-bdb9-e8b90fa3bf53" testListId="8c84fa94-04c1-424b-9868-57a2d4851a1d" />
    <TestEntry testId="ba2fe975-537e-50f3-f754-c1766b4c62cf" executionId="13fa03b5-6b82-42a3-9335-cc089d26dea5" testListId="8c84fa94-04c1-424b-9868-57a2d4851a1d" />
    <TestEntry testId="ab2bd540-86e6-8c34-10b0-e2398e1dd43b" executionId="04d8cc60-96bf-4d5e-aff9-38444dcfada2" testListId="8c84fa94-04c1-424b-9868-57a2d4851a1d" />
    <TestEntry testId="3683a355-39c4-d715-ff87-e30621906b12" executionId="1888bab0-3a39-45a0-8a2b-05c1e6f7a2b6" testListId="8c84fa94-04c1-424b-9868-57a2d4851a1d" />
    <TestEntry testId="e01c2c3b-1921-8eb0-c672-b4392577f2dc" executionId="e1a8ac51-6666-4ea7-b159-f49022ed2f8f" testListId="8c84fa94-04c1-424b-9868-57a2d4851a1d" />
    <TestEntry testId="4ed965d2-3dad-6d46-8308-17a2939d2380" executionId="8359b963-bf9d-4dae-a42f-5399e6e9ac3b" testListId="8c84fa94-04c1-424b-9868-57a2d4851a1d" />
    <TestEntry testId="1be4d8ac-08d1-1c29-8438-276c7cb6ba43" executionId="6153203b-12a2-4987-b724-8680df8442de" testListId="8c84fa94-04c1-424b-9868-57a2d4851a1d" />
    <TestEntry testId="a8611396-3b36-50d1-03e4-055ad4e763e2" executionId="0d3dfca5-8113-4a01-bef9-e1f20141e2b9" testListId="8c84fa94-04c1-424b-9868-57a2d4851a1d" />
    <TestEntry testId="b66be048-67b6-a9ab-2817-6a378783d48c" executionId="3d6f73d7-5b5a-4c56-95bb-b654f6203ed5" testListId="8c84fa94-04c1-424b-9868-57a2d4851a1d" />
    <TestEntry testId="3cd2c9df-7251-60fe-ac0d-70ffb25e5f5c" executionId="b64eb0f0-03f4-401a-af6f-df068bbe38e5" testListId="8c84fa94-04c1-424b-9868-57a2d4851a1d" />
    <TestEntry testId="b215ab59-8b07-a2e4-c7ff-6b309cf82bd3" executionId="e87256fe-f8a5-4dcf-adc4-3f1b757c8cba" testListId="8c84fa94-04c1-424b-9868-57a2d4851a1d" />
    <TestEntry testId="2ceef316-547f-296a-0d4f-13975d8da686" executionId="43dd8ed7-5add-4a18-beb5-8a6e7d16eefe" testListId="8c84fa94-04c1-424b-9868-57a2d4851a1d" />
    <TestEntry testId="1b7433fc-720c-62b6-538b-08680d59707a" executionId="b2c7d35e-1e4e-402e-9a95-10c770b3dd16" testListId="8c84fa94-04c1-424b-9868-57a2d4851a1d" />
    <TestEntry testId="e5c5ad1e-516b-ba8f-d8b3-2dec54cb31d0" executionId="4416cbc9-10ee-411a-adb3-614cca114cb7" testListId="8c84fa94-04c1-424b-9868-57a2d4851a1d" />
    <TestEntry testId="5da605c7-ed7d-f7ee-e9f9-3d2c3f257ac8" executionId="5ccb0bc5-fb38-4fd8-84b4-6f3992f6bb7d" testListId="8c84fa94-04c1-424b-9868-57a2d4851a1d" />
    <TestEntry testId="b77c3d97-8779-ea19-5caf-381b3202e91f" executionId="2776e980-2841-40c9-887d-f082e150b9b7" testListId="8c84fa94-04c1-424b-9868-57a2d4851a1d" />
    <TestEntry testId="9a4f3b01-7a96-0f4d-6e37-89ee283279de" executionId="feb25eb0-97e7-4701-996c-dc6fd61d292d" testListId="8c84fa94-04c1-424b-9868-57a2d4851a1d" />
    <TestEntry testId="43b79d3c-aeeb-5633-2f01-4138af819202" executionId="42230716-a08d-4baa-b5a5-06fba18e9886" testListId="8c84fa94-04c1-424b-9868-57a2d4851a1d" />
    <TestEntry testId="b298e0d9-f136-e212-c94d-06280e794709" executionId="81f4fcac-0747-4558-ac43-8e87253a1e05" testListId="8c84fa94-04c1-424b-9868-57a2d4851a1d" />
    <TestEntry testId="2e4b145d-b268-b7b6-608f-1595b9bea834" executionId="a8c32914-7c3f-48fd-b946-9cb21622bf41" testListId="8c84fa94-04c1-424b-9868-57a2d4851a1d" />
    <TestEntry testId="6819383c-cf63-f039-bf35-77515e4446a2" executionId="9f874ad7-d7ce-4a87-8469-d0ff8d743fef" testListId="8c84fa94-04c1-424b-9868-57a2d4851a1d" />
    <TestEntry testId="142ab414-74a6-96fd-05b9-0c28a4a97a1c" executionId="c823a70d-450d-432b-b58f-76c5d80101c1" testListId="8c84fa94-04c1-424b-9868-57a2d4851a1d" />
    <TestEntry testId="22025405-4164-9e68-7325-572d01c97c5d" executionId="aea32ea1-0999-4a44-9c7c-ba35147294fa" testListId="8c84fa94-04c1-424b-9868-57a2d4851a1d" />
    <TestEntry testId="ac1bcad3-93cc-09b2-2596-dbc032c5565b" executionId="0b6ed4a6-426d-413e-a83c-856cf7f4660c" testListId="8c84fa94-04c1-424b-9868-57a2d4851a1d" />
    <TestEntry testId="c8755625-971f-3215-9a42-f4870a9948c6" executionId="3b926685-1692-42f8-bb98-859ee56ba840" testListId="8c84fa94-04c1-424b-9868-57a2d4851a1d" />
    <TestEntry testId="6642b87e-f989-fa7e-fc87-e099ff904a87" executionId="d269b90e-a9cf-429a-b42b-a8eee8094d1e" testListId="8c84fa94-04c1-424b-9868-57a2d4851a1d" />
    <TestEntry testId="bcb794be-5164-aa37-82b9-4f97d40df88b" executionId="0f1b8983-83f6-446f-bc60-8cf44ebf42db" testListId="8c84fa94-04c1-424b-9868-57a2d4851a1d" />
    <TestEntry testId="d74c40de-e568-1f3e-371d-ca78fc5ef994" executionId="eb4f361d-6605-495c-8daa-62a701a71772" testListId="8c84fa94-04c1-424b-9868-57a2d4851a1d" />
    <TestEntry testId="d898b746-6798-ab6d-18c9-e3fe06c92b96" executionId="e48e7c23-11be-43cd-82aa-0b56e2355217" testListId="8c84fa94-04c1-424b-9868-57a2d4851a1d" />
    <TestEntry testId="d4672541-c440-0312-b1b6-4a3b3137f111" executionId="004d8033-e80b-495a-8149-9b36b1cf0c69" testListId="8c84fa94-04c1-424b-9868-57a2d4851a1d" />
    <TestEntry testId="006c22c6-5988-a575-a69c-6419c30f7084" executionId="23204d11-c0af-4ab1-bdc6-3ae45ebb971e" testListId="8c84fa94-04c1-424b-9868-57a2d4851a1d" />
    <TestEntry testId="b6fd2798-51e6-e208-f521-186d79f850bd" executionId="2dcd00b9-218e-41e9-b185-8c7c11330a2c" testListId="8c84fa94-04c1-424b-9868-57a2d4851a1d" />
    <TestEntry testId="d7968170-8519-52de-cda2-a0ab30c45af2" executionId="c32e302b-3dad-4983-acf7-055f1fa47530" testListId="8c84fa94-04c1-424b-9868-57a2d4851a1d" />
    <TestEntry testId="6a6a1622-4a4e-805a-335a-6ccdb5d9a6de" executionId="ca2749db-a653-4341-a7e7-cd8f7e155e97" testListId="8c84fa94-04c1-424b-9868-57a2d4851a1d" />
    <TestEntry testId="530cf092-f04e-afb3-9bb2-9d00e432ef37" executionId="c8f38f11-956c-4f5b-8b82-054e37e57e5e" testListId="8c84fa94-04c1-424b-9868-57a2d4851a1d" />
    <TestEntry testId="e59567ee-4c47-17a6-c6ab-c9f2f770b121" executionId="eaed9c16-6206-4445-a40a-d07035fb3bac" testListId="8c84fa94-04c1-424b-9868-57a2d4851a1d" />
    <TestEntry testId="c58415fd-06be-8de0-12b6-8b886c39540c" executionId="e81e2056-4a6b-4c15-9c96-801c2382f345" testListId="8c84fa94-04c1-424b-9868-57a2d4851a1d" />
    <TestEntry testId="c5f6a300-0605-66f5-f86b-813f6490bc39" executionId="4d19d8c7-3597-4f77-928d-0a1ff8e605e4" testListId="8c84fa94-04c1-424b-9868-57a2d4851a1d" />
    <TestEntry testId="7b538466-a97b-e9ac-673d-c16af3cbdd43" executionId="198eee9f-ce56-4b1b-ab5b-83cc0bcb2a6f" testListId="8c84fa94-04c1-424b-9868-57a2d4851a1d" />
    <TestEntry testId="a1ad0f11-1acf-9951-e51b-5aa2d40e334d" executionId="c9c49906-0e7a-4efc-bb95-b378156b0e8a" testListId="8c84fa94-04c1-424b-9868-57a2d4851a1d" />
    <TestEntry testId="9b5c69f7-a346-95bf-b7f5-220fb58ef5ab" executionId="35f2ac10-95cb-4a55-b5bc-894a7ad2e038" testListId="8c84fa94-04c1-424b-9868-57a2d4851a1d" />
    <TestEntry testId="2e518224-3b0a-3d1b-9a76-50a35594c7ae" executionId="30d049ce-a5c4-4ea6-b73d-1f6fdb910f44" testListId="8c84fa94-04c1-424b-9868-57a2d4851a1d" />
    <TestEntry testId="316e17c5-c5ba-ac81-4655-609abada5b0e" executionId="2896759e-c6e4-48c7-aae0-a280a0e13ca5" testListId="8c84fa94-04c1-424b-9868-57a2d4851a1d" />
    <TestEntry testId="caecfbcd-42a1-0bf6-8888-3ba079be496e" executionId="f995d14e-c202-4a9f-90af-9a3763998d25" testListId="8c84fa94-04c1-424b-9868-57a2d4851a1d" />
    <TestEntry testId="7be779a3-329d-c2a3-df19-b7f10f5274d9" executionId="fc2086ba-0db6-470c-bdbe-e56194784f62" testListId="8c84fa94-04c1-424b-9868-57a2d4851a1d" />
    <TestEntry testId="bcd34259-a5fc-b188-f42e-4264b24f96a5" executionId="e4d20e96-224b-435f-ace8-b854559341ae" testListId="8c84fa94-04c1-424b-9868-57a2d4851a1d" />
    <TestEntry testId="0c4235b4-a2bc-0b8a-7c78-72fa60fd5d70" executionId="eb7f03a0-c2f8-45e4-b71e-f56a896300cb" testListId="8c84fa94-04c1-424b-9868-57a2d4851a1d" />
    <TestEntry testId="28b68190-b011-28ce-504a-915eec13872f" executionId="90daba89-94c3-4920-b648-e8465ea9a665" testListId="8c84fa94-04c1-424b-9868-57a2d4851a1d" />
    <TestEntry testId="4167cbe8-38c1-7cb3-882f-3969c597defd" executionId="9db5c835-000e-4950-a7a2-ec45ef5a7161" testListId="8c84fa94-04c1-424b-9868-57a2d4851a1d" />
    <TestEntry testId="12900eb4-3074-c08c-c57e-89a65a2ed93b" executionId="ed0c11bf-60d4-479c-a88e-9d6dea679813" testListId="8c84fa94-04c1-424b-9868-57a2d4851a1d" />
    <TestEntry testId="1e4b9f12-058b-fa11-1552-0a13271ffe9f" executionId="13be6d32-48b5-483d-ba9c-3d7bed641db8" testListId="8c84fa94-04c1-424b-9868-57a2d4851a1d" />
    <TestEntry testId="ce1b4c45-e339-a35b-7326-51d2826fbeb5" executionId="b00ac76c-e57c-4950-9305-be57a3d9fa81" testListId="8c84fa94-04c1-424b-9868-57a2d4851a1d" />
    <TestEntry testId="81432b5a-0a92-dee0-84a6-365867d576ce" executionId="fee3e92d-1f5c-4544-b628-00e6fefc1b3c" testListId="8c84fa94-04c1-424b-9868-57a2d4851a1d" />
    <TestEntry testId="de943867-21cc-aa19-e2a9-d72e5263da08" executionId="3f3ebc35-de43-42ae-bfd4-b42fddd7da23" testListId="8c84fa94-04c1-424b-9868-57a2d4851a1d" />
    <TestEntry testId="5e598697-ca6c-d690-b979-5538ac0b1f53" executionId="b368b0aa-3c52-4077-8344-ed4a733638b5" testListId="8c84fa94-04c1-424b-9868-57a2d4851a1d" />
    <TestEntry testId="17a80196-cc70-f363-61a5-e5d1b115cb9c" executionId="234e4e0b-cf21-495a-be4b-aafc9f83eb54" testListId="8c84fa94-04c1-424b-9868-57a2d4851a1d" />
    <TestEntry testId="9475ee7f-34ac-cccd-70a7-5737f1f061fd" executionId="1ec2d1a0-f638-42f4-a42e-97055db9b821" testListId="8c84fa94-04c1-424b-9868-57a2d4851a1d" />
    <TestEntry testId="007d7452-e937-5060-143d-1f8bb76c1ca0" executionId="1a1d91ee-2876-4689-b8c0-60d0eaa23c32" testListId="8c84fa94-04c1-424b-9868-57a2d4851a1d" />
    <TestEntry testId="c5fc564f-4bc6-94b2-c436-be6d6db5efb0" executionId="b6492526-4973-476f-9897-b38d57c49aa2" testListId="8c84fa94-04c1-424b-9868-57a2d4851a1d" />
    <TestEntry testId="2e4c0694-a653-ff92-e2b6-e4f3118f07d1" executionId="5f839184-0e49-4d8a-be30-9137049cce3a" testListId="8c84fa94-04c1-424b-9868-57a2d4851a1d" />
    <TestEntry testId="459baa70-2775-96e9-04a2-c39b866a77c2" executionId="b114153a-1167-48a5-9a41-26d55b92269a" testListId="8c84fa94-04c1-424b-9868-57a2d4851a1d" />
    <TestEntry testId="05ae02b1-5669-b205-ae3e-0f20a2128d81" executionId="c3b747e5-08bb-4f4b-9aa5-dcbdd80c13aa" testListId="8c84fa94-04c1-424b-9868-57a2d4851a1d" />
    <TestEntry testId="7f421944-18a1-cd49-28b2-c2eb69df927a" executionId="83b12228-c13b-45ee-b6a1-6b3c673d3f55" testListId="8c84fa94-04c1-424b-9868-57a2d4851a1d" />
    <TestEntry testId="dfc036ea-bf1a-0b2d-8a92-09848982d9b7" executionId="f5f32a79-a9f3-436b-83d6-76a73777ebcd" testListId="8c84fa94-04c1-424b-9868-57a2d4851a1d" />
    <TestEntry testId="91457ee6-4393-3cf1-d878-bbed1b581f4c" executionId="28a3a99d-936b-4641-b9dd-87702a869289" testListId="8c84fa94-04c1-424b-9868-57a2d4851a1d" />
    <TestEntry testId="09c1e8b9-f4bd-cb7a-19ba-2bf13a66c37e" executionId="e792dbf0-8427-4559-8bfe-fe4167bd95ab" testListId="8c84fa94-04c1-424b-9868-57a2d4851a1d" />
    <TestEntry testId="5926ec70-f74b-dd0a-2ec6-8f5699757970" executionId="69977895-8b8e-4db9-823d-8cbf2a73e7ee" testListId="8c84fa94-04c1-424b-9868-57a2d4851a1d" />
    <TestEntry testId="d2f79be1-f1ca-d801-4182-02bc9225c1f3" executionId="e2022753-b44f-4034-86b9-1211192c1f12" testListId="8c84fa94-04c1-424b-9868-57a2d4851a1d" />
    <TestEntry testId="f1130e59-d09d-ed7f-5879-209442de9d00" executionId="ecd79295-5011-4bce-a9d0-4f7ce146995f" testListId="8c84fa94-04c1-424b-9868-57a2d4851a1d" />
    <TestEntry testId="fec8e7d0-a919-01a6-d40f-af4e5424a86b" executionId="dc1d5c42-5584-469f-9ad8-72d342680e9e" testListId="8c84fa94-04c1-424b-9868-57a2d4851a1d" />
    <TestEntry testId="39aacc35-e4dd-8316-f7f7-c8dc0df088dd" executionId="f34580f7-a340-4892-b039-40f9cc7986e6" testListId="8c84fa94-04c1-424b-9868-57a2d4851a1d" />
    <TestEntry testId="d1109ccc-a242-cc78-d211-86880289e44e" executionId="9bd8c62d-e343-4775-88f1-2e2f6347710c" testListId="8c84fa94-04c1-424b-9868-57a2d4851a1d" />
    <TestEntry testId="5fc26d7f-904c-f092-0a78-2a57fde6bffe" executionId="ffb5b7db-a728-4e58-88a4-1c73473babc4" testListId="8c84fa94-04c1-424b-9868-57a2d4851a1d" />
    <TestEntry testId="599c52c0-7569-f4bd-5624-e58ca7f44e96" executionId="29160c8d-f8c5-4b1c-a4ce-a8724c8eb2f8" testListId="8c84fa94-04c1-424b-9868-57a2d4851a1d" />
    <TestEntry testId="f55a5996-a93a-395d-1d6d-59ff353ab40d" executionId="2c93bfce-6274-479f-a048-3963988725e7" testListId="8c84fa94-04c1-424b-9868-57a2d4851a1d" />
    <TestEntry testId="7a427c76-6277-3d44-85c8-288ce907545c" executionId="8dbe065e-1a63-4f29-915d-aea530c87038" testListId="8c84fa94-04c1-424b-9868-57a2d4851a1d" />
    <TestEntry testId="b8768c0b-ea25-073c-58b6-a26a7c43957a" executionId="b2964fb6-3f9d-4b66-89f3-b70aef8840f9" testListId="8c84fa94-04c1-424b-9868-57a2d4851a1d" />
    <TestEntry testId="2b109f4d-545f-71f7-985e-4200fa15d786" executionId="4cfbde51-2ae7-45ba-adf1-7bcccb0a13b3" testListId="8c84fa94-04c1-424b-9868-57a2d4851a1d" />
    <TestEntry testId="a50baded-3ebb-ce8a-a889-ba502cbb0aaf" executionId="974661a8-beaf-462c-8123-32e615abc48f" testListId="8c84fa94-04c1-424b-9868-57a2d4851a1d" />
    <TestEntry testId="eb76ace6-853a-21b1-ca5c-5e67b7601320" executionId="4ca18bed-1a68-460b-b042-718a376ccad8" testListId="8c84fa94-04c1-424b-9868-57a2d4851a1d" />
    <TestEntry testId="196d6ce2-55a5-ba7c-0853-11dff621fc56" executionId="257de753-0326-4780-92d3-085ff5b63416" testListId="8c84fa94-04c1-424b-9868-57a2d4851a1d" />
    <TestEntry testId="caa97aeb-b955-b84c-ff17-c4d81181a679" executionId="d5fa99a7-43c0-4790-9414-23db11a63261" testListId="8c84fa94-04c1-424b-9868-57a2d4851a1d" />
    <TestEntry testId="820c4f0e-05b4-2838-625c-3833faffc573" executionId="9d84ab06-d47b-44f1-85f3-329929ee8885" testListId="8c84fa94-04c1-424b-9868-57a2d4851a1d" />
    <TestEntry testId="ea99302a-a9b9-a725-f6ed-10fffa5e3897" executionId="eced6e34-9bbf-4e34-a925-6e722ad82e7b" testListId="8c84fa94-04c1-424b-9868-57a2d4851a1d" />
    <TestEntry testId="2f051a86-ec7d-2716-11ce-6dcd168e6855" executionId="373b23c6-5674-4e3a-ac1c-6c000f0889c9" testListId="8c84fa94-04c1-424b-9868-57a2d4851a1d" />
    <TestEntry testId="5b8c6bfa-12fd-de38-151d-c13a681780e1" executionId="8466b6a7-5d18-43a6-9988-693fb8d59ae0" testListId="8c84fa94-04c1-424b-9868-57a2d4851a1d" />
    <TestEntry testId="83532c81-6d36-55f5-0752-3600785002fe" executionId="f582376b-98e1-45a2-893d-62c5fceea938" testListId="8c84fa94-04c1-424b-9868-57a2d4851a1d" />
    <TestEntry testId="037af028-4c17-d84f-cacf-d2b184a449de" executionId="cd258521-86b9-4cf3-a2db-46fade96d41d" testListId="8c84fa94-04c1-424b-9868-57a2d4851a1d" />
    <TestEntry testId="fcda39ff-b557-0a93-d6a5-7d79c9d91933" executionId="f025882f-277b-414c-aaeb-a4e2d084be44" testListId="8c84fa94-04c1-424b-9868-57a2d4851a1d" />
    <TestEntry testId="eb0ad89a-467e-5427-a85d-1b735871336e" executionId="d55b8e5b-9c8d-4e12-999b-f972db48f2d2" testListId="8c84fa94-04c1-424b-9868-57a2d4851a1d" />
    <TestEntry testId="c63d86c2-9f73-d877-b5a0-7d8de8f2034a" executionId="25652013-c9d8-4c82-bbad-41e5026761ae" testListId="8c84fa94-04c1-424b-9868-57a2d4851a1d" />
    <TestEntry testId="6f8b2a13-eda3-0198-f134-c98d4de05918" executionId="49ccb164-2bca-4081-aa1b-5159423c537e" testListId="8c84fa94-04c1-424b-9868-57a2d4851a1d" />
    <TestEntry testId="47ac3cbb-aa32-69aa-eb93-a86a9fb3bda6" executionId="f73677e5-a5c0-49ee-8c4a-67ad0632afe4" testListId="8c84fa94-04c1-424b-9868-57a2d4851a1d" />
    <TestEntry testId="8cbed7a8-bbf2-1874-8d9f-dc6223aceb35" executionId="d0706f94-db6c-4b16-b33a-89c101f895fe" testListId="8c84fa94-04c1-424b-9868-57a2d4851a1d" />
    <TestEntry testId="b38032bb-5665-9be4-fc9e-54ffb90756f6" executionId="1d376613-5e23-4aae-a5e7-f2371388aa68" testListId="8c84fa94-04c1-424b-9868-57a2d4851a1d" />
    <TestEntry testId="69724134-57a6-301e-1873-5f66721ff43d" executionId="d44cdf27-0923-4998-b7d1-f2f645947d42" testListId="8c84fa94-04c1-424b-9868-57a2d4851a1d" />
    <TestEntry testId="6bffafa7-179c-fb43-76cb-4d6d8841c323" executionId="5f038663-6878-4097-91dd-900310e639e6" testListId="8c84fa94-04c1-424b-9868-57a2d4851a1d" />
    <TestEntry testId="0095b07d-3265-ab2f-55ff-1bf773bfc729" executionId="3d75d626-dd5d-4b50-9b5b-df4c61ea6ddb" testListId="8c84fa94-04c1-424b-9868-57a2d4851a1d" />
    <TestEntry testId="3cc36533-57cf-f049-94fe-b0929a9f967d" executionId="9dfd1637-ddba-4059-a1d5-4edbb2703d00" testListId="8c84fa94-04c1-424b-9868-57a2d4851a1d" />
    <TestEntry testId="3c540af4-349e-bde0-27be-ef5bab204a0c" executionId="d0152cdc-aacb-4db3-a3b3-5687ad081bb1" testListId="8c84fa94-04c1-424b-9868-57a2d4851a1d" />
    <TestEntry testId="f8a856fd-b8ec-e105-fb04-512d8ea885db" executionId="3c49d514-785a-474e-9476-5ffff02aa6d6" testListId="8c84fa94-04c1-424b-9868-57a2d4851a1d" />
    <TestEntry testId="da2d786f-538e-7702-aa12-98bb27105cae" executionId="14ffdad3-a014-4695-897a-cbc02b918e88" testListId="8c84fa94-04c1-424b-9868-57a2d4851a1d" />
    <TestEntry testId="9d0e765b-206d-289c-6c70-026befa2bf08" executionId="abc7ca0f-7c49-4033-b394-a143c9e5610c" testListId="8c84fa94-04c1-424b-9868-57a2d4851a1d" />
    <TestEntry testId="4b863a5a-2f8f-6229-cf63-cd337141124e" executionId="dc8e3c16-3d41-43d2-9cdf-fd154b074168" testListId="8c84fa94-04c1-424b-9868-57a2d4851a1d" />
    <TestEntry testId="5f0ddcb8-e30e-8f66-7d14-631b65aaad0f" executionId="6d0bfcd2-e23a-4c1e-a53c-30fbf13e7d57" testListId="8c84fa94-04c1-424b-9868-57a2d4851a1d" />
    <TestEntry testId="b99139a6-eb41-e964-38ea-1f3edbf8e841" executionId="20011c68-a959-4c04-bff1-7e4c27c8dbb7" testListId="8c84fa94-04c1-424b-9868-57a2d4851a1d" />
    <TestEntry testId="8b7b7561-ae52-30ee-a733-a8ffe04da06d" executionId="b827b66d-9f9a-47ee-b4db-0156718773a3" testListId="8c84fa94-04c1-424b-9868-57a2d4851a1d" />
    <TestEntry testId="80646168-bc5f-2e48-0309-c13793f0df62" executionId="0d1c394c-6296-4420-b345-9b8ef062c7fc" testListId="8c84fa94-04c1-424b-9868-57a2d4851a1d" />
    <TestEntry testId="76fe9faa-4618-ea82-de42-cef87ef7ab6f" executionId="2c317885-6611-417e-a1b6-b5e41eddb96d" testListId="8c84fa94-04c1-424b-9868-57a2d4851a1d" />
    <TestEntry testId="9eb26002-4ff4-481e-a0be-51994ffd6d3b" executionId="e48613cf-e215-4dce-b92f-24b9d076cb52" testListId="8c84fa94-04c1-424b-9868-57a2d4851a1d" />
    <TestEntry testId="53fcdc6f-1a53-2c37-03c9-02277540dcfe" executionId="f1f7bbc1-d21f-41d4-9de4-d40f47459ffd" testListId="8c84fa94-04c1-424b-9868-57a2d4851a1d" />
    <TestEntry testId="e2b2e85e-40bb-ee45-19ac-a85354ec2aff" executionId="ed1abb0b-fdc0-48b8-86c6-71e418881923" testListId="8c84fa94-04c1-424b-9868-57a2d4851a1d" />
    <TestEntry testId="56e8f16c-2755-7c09-2d35-9cce1a8a5fce" executionId="d29ac177-8244-4430-88a3-a1bb9729ff26" testListId="8c84fa94-04c1-424b-9868-57a2d4851a1d" />
    <TestEntry testId="84f1d4b1-bb44-6663-b053-ada892b94f8c" executionId="c2bbaefd-405f-4fd3-8c18-d5d3bdee37a1" testListId="8c84fa94-04c1-424b-9868-57a2d4851a1d" />
    <TestEntry testId="61cba68d-6f00-6386-cb53-aeb815d7cf10" executionId="b12f4c98-e234-40d6-9d9f-06f5c5c231af" testListId="8c84fa94-04c1-424b-9868-57a2d4851a1d" />
    <TestEntry testId="ee03bbaa-432e-87a5-cbbb-463cacc67db0" executionId="aed06b61-c584-47a8-9b8a-35f7590604d7" testListId="8c84fa94-04c1-424b-9868-57a2d4851a1d" />
    <TestEntry testId="255ed03d-88d1-ac23-e858-9c4051807dc7" executionId="d1851e32-0b04-4841-903a-c0186475f307" testListId="8c84fa94-04c1-424b-9868-57a2d4851a1d" />
    <TestEntry testId="32684739-aece-8133-523b-5437cf00c332" executionId="cfd41dca-71d4-4ea3-bcd4-3495db34f910" testListId="8c84fa94-04c1-424b-9868-57a2d4851a1d" />
    <TestEntry testId="21990a7c-5cca-9f6a-aea0-ace86ae84ccb" executionId="b553a27f-5ade-493c-9f89-46e092a39260" testListId="8c84fa94-04c1-424b-9868-57a2d4851a1d" />
    <TestEntry testId="f5771f47-72bb-2b74-51a1-2368d016e1ff" executionId="7b0185ed-926d-498b-b5dc-d5ce5d81b6ed" testListId="8c84fa94-04c1-424b-9868-57a2d4851a1d" />
    <TestEntry testId="5120adc9-5543-4180-ab04-3d6847e634e7" executionId="b3efd7e5-2817-4e40-b361-98c2dc531fa5" testListId="8c84fa94-04c1-424b-9868-57a2d4851a1d" />
    <TestEntry testId="590adee5-50f6-084e-de58-916930d7bbd1" executionId="48d527d1-3d40-4902-b513-b813f401b3ca" testListId="8c84fa94-04c1-424b-9868-57a2d4851a1d" />
    <TestEntry testId="35cd6f78-6d0e-1ad0-f328-76b29b7411f0" executionId="b806dce8-bc23-4ce4-b1ee-bd88e7cb40d3" testListId="8c84fa94-04c1-424b-9868-57a2d4851a1d" />
    <TestEntry testId="77e7eb16-37aa-1a4c-c76f-b65b7044c57c" executionId="4b41f9da-117e-4130-ae76-8e5e986d5dca" testListId="8c84fa94-04c1-424b-9868-57a2d4851a1d" />
    <TestEntry testId="3725ed9d-fa75-4215-a7b8-4a32f173aba8" executionId="6aa390d4-b5fa-4af0-b7fe-391eabdf0855" testListId="8c84fa94-04c1-424b-9868-57a2d4851a1d" />
    <TestEntry testId="dac940c8-7974-39d2-69a3-556042fa8985" executionId="c266f7cc-2ac0-482a-8adc-8d074de1217e" testListId="8c84fa94-04c1-424b-9868-57a2d4851a1d" />
    <TestEntry testId="b1290e8a-3650-3b20-9f96-245bcab7ff4e" executionId="49714ffd-a710-4cff-bc57-90650e4e35ab" testListId="8c84fa94-04c1-424b-9868-57a2d4851a1d" />
    <TestEntry testId="1abe0b29-ffbf-39a6-7724-fc14377111b2" executionId="843aeed0-d685-4a60-ade2-8faf16b2a361" testListId="8c84fa94-04c1-424b-9868-57a2d4851a1d" />
    <TestEntry testId="47b82896-45a0-a4a5-9d50-f3fbe1a7464b" executionId="a3501170-b7ca-48d1-8ee3-a33b50066d5e" testListId="8c84fa94-04c1-424b-9868-57a2d4851a1d" />
    <TestEntry testId="9b56cfb9-586a-9651-3fac-504fa070f523" executionId="77aa2f5c-63aa-41ee-b508-ef87df2da022" testListId="8c84fa94-04c1-424b-9868-57a2d4851a1d" />
    <TestEntry testId="2612273a-d5c4-4832-8695-dd20406cbed0" executionId="da8cac5f-47ea-4c2a-989a-442d12c8eb05" testListId="8c84fa94-04c1-424b-9868-57a2d4851a1d" />
    <TestEntry testId="124d3c7b-3365-bbdd-9d85-586dea470e39" executionId="7d729581-e423-47cd-9036-6bf45d6d75c5" testListId="8c84fa94-04c1-424b-9868-57a2d4851a1d" />
    <TestEntry testId="c30f375d-bb42-6c2b-5206-9699f2408f8e" executionId="c2e05682-9c8a-4c97-bcdf-1355bff451f9" testListId="8c84fa94-04c1-424b-9868-57a2d4851a1d" />
    <TestEntry testId="9612546d-018d-a9c4-f710-6f8b93722d9b" executionId="6de81d87-4756-4c98-978b-96b11869b933" testListId="8c84fa94-04c1-424b-9868-57a2d4851a1d" />
    <TestEntry testId="3a9ab7c4-305b-e025-0b7a-1a16c88ced2d" executionId="8cbac854-77e8-4564-aa12-a4a084960dfc" testListId="8c84fa94-04c1-424b-9868-57a2d4851a1d" />
    <TestEntry testId="46b73069-0ed5-b1f9-c58c-87f44366a25e" executionId="74bc1b62-ea7f-4626-a648-a907dfc392fe" testListId="8c84fa94-04c1-424b-9868-57a2d4851a1d" />
    <TestEntry testId="97d244a7-1a5e-678e-299a-e574ad165cd5" executionId="75682007-cdb5-4652-8891-2135339ea4b4" testListId="8c84fa94-04c1-424b-9868-57a2d4851a1d" />
    <TestEntry testId="75426563-105d-051c-51b4-c45cb83a72e3" executionId="43c430b5-3758-4f1a-90e6-d29486299e36" testListId="8c84fa94-04c1-424b-9868-57a2d4851a1d" />
    <TestEntry testId="848fbea3-efed-1259-ade9-233ff86cddbc" executionId="7dcaeb2a-2079-4324-b04e-53ed4b868b07" testListId="8c84fa94-04c1-424b-9868-57a2d4851a1d" />
    <TestEntry testId="91fa945e-534a-024b-68c1-09481e2cfed7" executionId="3e956726-d728-49e3-ad7e-111242c396ac" testListId="8c84fa94-04c1-424b-9868-57a2d4851a1d" />
    <TestEntry testId="44c2b30a-73d1-23ad-9948-fc56edd29d71" executionId="217c787d-21af-410a-86d8-5707d50f2dcd" testListId="8c84fa94-04c1-424b-9868-57a2d4851a1d" />
    <TestEntry testId="393d8447-963e-7f24-cf6e-98d97ad5ad33" executionId="37084aa2-81db-43e7-b507-1e367a213a59" testListId="8c84fa94-04c1-424b-9868-57a2d4851a1d" />
    <TestEntry testId="04edf3a2-5fe7-091f-aa74-ced4a831b2e3" executionId="d45c1761-75b7-4e82-a601-4149fb7699e5" testListId="8c84fa94-04c1-424b-9868-57a2d4851a1d" />
    <TestEntry testId="8b7d5bc8-c8ce-1412-af68-97cd16f8e716" executionId="3c5b9ceb-5c4e-43cb-9571-281426a4c7d5" testListId="8c84fa94-04c1-424b-9868-57a2d4851a1d" />
    <TestEntry testId="af4adf45-29e6-c2e3-2de7-876094d3ec0f" executionId="ba5159d4-11b4-4851-a313-f61263bec9e6" testListId="8c84fa94-04c1-424b-9868-57a2d4851a1d" />
    <TestEntry testId="f477e06b-3d5f-bee0-38bd-bff285d6fa2d" executionId="31d8fa3b-6ac0-480a-8e65-d6af4c58e3e3" testListId="8c84fa94-04c1-424b-9868-57a2d4851a1d" />
    <TestEntry testId="b1281940-f7f8-63c3-f3ba-f29258f117ee" executionId="6604db39-5674-4360-92eb-11b03231cec5" testListId="8c84fa94-04c1-424b-9868-57a2d4851a1d" />
    <TestEntry testId="cfef56c6-2396-ef92-3122-6427ef7aeee9" executionId="b085215c-2e69-44ca-a458-f9df67b656fa" testListId="8c84fa94-04c1-424b-9868-57a2d4851a1d" />
    <TestEntry testId="9b50ae46-74c2-0e66-4e47-9cab9e38eccf" executionId="71894906-f83e-4119-b0cb-69b84e69155c" testListId="8c84fa94-04c1-424b-9868-57a2d4851a1d" />
    <TestEntry testId="28203906-87b7-67ae-2629-b9a0fb52b6d8" executionId="629f8231-3c2e-40e5-831c-9d27ca9b1654" testListId="8c84fa94-04c1-424b-9868-57a2d4851a1d" />
    <TestEntry testId="fff38a50-6978-73d7-97be-0090cd17e9f4" executionId="ea09f84b-1dfb-40c4-8509-4bb7313a8b85" testListId="8c84fa94-04c1-424b-9868-57a2d4851a1d" />
    <TestEntry testId="9511ab97-a3b6-dc47-a5eb-e8d4aa09e933" executionId="0bebee2d-4143-4a70-8b87-b81429b7d075" testListId="8c84fa94-04c1-424b-9868-57a2d4851a1d" />
    <TestEntry testId="a00a85f6-c83e-9567-9587-55100932b603" executionId="a22f2d1a-c881-4376-9147-727729757025" testListId="8c84fa94-04c1-424b-9868-57a2d4851a1d" />
    <TestEntry testId="f0713fbf-9795-fb87-dc72-78a566934f4f" executionId="58b1387f-96d4-414e-a2da-68c38582b92b" testListId="8c84fa94-04c1-424b-9868-57a2d4851a1d" />
    <TestEntry testId="5188b289-d241-dc5f-5994-5803e3cbfcd3" executionId="b7a8062d-df01-4b42-94b7-748e6110e6ba" testListId="8c84fa94-04c1-424b-9868-57a2d4851a1d" />
    <TestEntry testId="2f8e678b-4650-b4bf-8f5f-1e968fcf762f" executionId="bfae190e-fa35-4d9b-8cd7-d99ce75e2706" testListId="8c84fa94-04c1-424b-9868-57a2d4851a1d" />
    <TestEntry testId="16196e7e-8c1d-a121-8e50-bc789f45bf42" executionId="4465cc42-8055-4feb-8dbd-78dda98eb5ca" testListId="8c84fa94-04c1-424b-9868-57a2d4851a1d" />
    <TestEntry testId="a7df0caf-e635-8a6b-7a7a-cb512aedeaf2" executionId="65a59f19-100f-44c4-9c81-43ca051c0daa" testListId="8c84fa94-04c1-424b-9868-57a2d4851a1d" />
    <TestEntry testId="69b291bb-5a9f-ecaa-0be9-3fda0d5c8920" executionId="1302d023-31a2-41d3-9d16-17237a3873a8" testListId="8c84fa94-04c1-424b-9868-57a2d4851a1d" />
    <TestEntry testId="1c68a643-0b2a-59da-b10f-67013d7542a4" executionId="fb49e94a-61b0-4e16-a8c0-db69bc18f763" testListId="8c84fa94-04c1-424b-9868-57a2d4851a1d" />
    <TestEntry testId="aa3b852f-cc11-9ed5-e993-0c70235b4caf" executionId="d2b28288-d786-4b30-b459-277c3401dc4a" testListId="8c84fa94-04c1-424b-9868-57a2d4851a1d" />
    <TestEntry testId="1aef1e14-ab3d-a461-ee80-f27b864ed7cf" executionId="8d0d958f-2550-412e-bbfd-4e11d5f4c99c" testListId="8c84fa94-04c1-424b-9868-57a2d4851a1d" />
    <TestEntry testId="e8e7e8b2-544a-dfe0-aff7-6f7f43f6fb0c" executionId="6c353713-210a-41a0-bd39-f97d1978691d" testListId="8c84fa94-04c1-424b-9868-57a2d4851a1d" />
    <TestEntry testId="ec103471-4d87-2a17-10f9-3da97d31d9bc" executionId="37c3c170-d637-46ea-9a26-93cb4a32c067" testListId="8c84fa94-04c1-424b-9868-57a2d4851a1d" />
    <TestEntry testId="3b9f54eb-8de3-b189-bbd7-8852b278301c" executionId="95f2697b-a42c-4586-b2a7-f1e1e83605ed" testListId="8c84fa94-04c1-424b-9868-57a2d4851a1d" />
    <TestEntry testId="6e0480a2-e23c-3dae-1b00-9a923cff2450" executionId="eb7abd62-59fa-4a59-a9b0-98af91fca248" testListId="8c84fa94-04c1-424b-9868-57a2d4851a1d" />
    <TestEntry testId="f8170700-62ea-10e9-5b9a-cbd40a7cc0c2" executionId="045b7487-7d24-4c3a-b3c3-267e13250a93" testListId="8c84fa94-04c1-424b-9868-57a2d4851a1d" />
    <TestEntry testId="d912bce0-3671-c8d0-96d4-0f06af9e2253" executionId="88f49723-5c90-4392-a708-84d4aa2aa955" testListId="8c84fa94-04c1-424b-9868-57a2d4851a1d" />
    <TestEntry testId="bc5b4279-4cbd-3d1b-6c3c-43a92a980df8" executionId="65b8d806-9e8b-463c-b351-bcc65c2f4952" testListId="8c84fa94-04c1-424b-9868-57a2d4851a1d" />
    <TestEntry testId="8f7ff48a-4c1e-4d61-fde9-42fc25934238" executionId="d5148eea-8eb4-4f04-97b1-75f22307b3bf" testListId="8c84fa94-04c1-424b-9868-57a2d4851a1d" />
    <TestEntry testId="4218853d-609e-8179-fbd8-9f18a53333b1" executionId="7d2de641-012f-4e99-95f5-9b525eb9437a" testListId="8c84fa94-04c1-424b-9868-57a2d4851a1d" />
    <TestEntry testId="329390c7-be25-eb32-0931-3c61f1551a71" executionId="57487a0c-ba70-4d78-b344-9f98356cac78" testListId="8c84fa94-04c1-424b-9868-57a2d4851a1d" />
    <TestEntry testId="02dc116f-8b19-4672-020d-011c8a6b46a7" executionId="e585f0ce-ff45-4f59-8c3e-4968349039a0" testListId="8c84fa94-04c1-424b-9868-57a2d4851a1d" />
    <TestEntry testId="722cd6e6-520c-c38c-565b-863e1072acd7" executionId="4a6de3e0-a728-433c-a696-7431d3c24ee6" testListId="8c84fa94-04c1-424b-9868-57a2d4851a1d" />
    <TestEntry testId="fd69c4ac-50bd-7e5b-7ad0-78485a15572d" executionId="697f0c74-42b6-4ed2-9bb7-6d5e1cd37fcf" testListId="8c84fa94-04c1-424b-9868-57a2d4851a1d" />
    <TestEntry testId="cbd44fa0-1841-feeb-ba6f-9b2a2996baf7" executionId="f26001fb-c6f3-49f6-8a48-069a6f7df875" testListId="8c84fa94-04c1-424b-9868-57a2d4851a1d" />
    <TestEntry testId="bf6984f3-23f5-96b6-ec6d-970fa211de8c" executionId="5e0cba7d-38fa-4960-b6c9-51882671ef26" testListId="8c84fa94-04c1-424b-9868-57a2d4851a1d" />
    <TestEntry testId="3d90cd3d-ee12-6e09-21a9-d0a8acdd81f8" executionId="07e96326-528b-44a1-8e67-d5588cd7dfa0" testListId="8c84fa94-04c1-424b-9868-57a2d4851a1d" />
    <TestEntry testId="d4e1f88d-41ce-084a-764a-04bbb509148d" executionId="3664100f-5b8b-4eaa-8e29-3eacb93fbe60" testListId="8c84fa94-04c1-424b-9868-57a2d4851a1d" />
    <TestEntry testId="da8c1c06-614a-07f5-8ed3-ca61da1ccd9b" executionId="531f67a2-37dc-4dab-9bac-e529c05cbf07" testListId="8c84fa94-04c1-424b-9868-57a2d4851a1d" />
    <TestEntry testId="b931607b-ba65-f0fe-f4b5-565ebc4e7bc9" executionId="189e1aa5-6593-4574-a401-d87019c32ec7" testListId="8c84fa94-04c1-424b-9868-57a2d4851a1d" />
    <TestEntry testId="53bb8678-03b7-4bbc-dee8-5dab70b705f3" executionId="80e4bdf5-df09-4c71-ba15-607ee1f47c10" testListId="8c84fa94-04c1-424b-9868-57a2d4851a1d" />
    <TestEntry testId="d1ccdec5-7d6a-f381-3938-017c672cf4cc" executionId="4c2152e9-8f9e-4f5d-94a7-8dc8f401436a" testListId="8c84fa94-04c1-424b-9868-57a2d4851a1d" />
    <TestEntry testId="853a1028-490c-1729-f33f-53860c4d5e46" executionId="8de30aeb-f1a8-4821-ad12-ed2d4f080a07" testListId="8c84fa94-04c1-424b-9868-57a2d4851a1d" />
    <TestEntry testId="c9e3b85c-08c6-c9b0-c2c1-08d8f5887312" executionId="fd7e6587-4845-4339-8704-68d431c6ce8a" testListId="8c84fa94-04c1-424b-9868-57a2d4851a1d" />
    <TestEntry testId="d5f79c47-ffc8-b440-c71d-83b2bd2cd7bc" executionId="b9d05c26-4731-4354-a3a5-c2805a3490ab" testListId="8c84fa94-04c1-424b-9868-57a2d4851a1d" />
    <TestEntry testId="39a175cb-8470-7478-0559-74546990a78a" executionId="7135c8b7-eeea-4c79-aca0-26a7aad3224f" testListId="8c84fa94-04c1-424b-9868-57a2d4851a1d" />
    <TestEntry testId="69d81196-4db6-658e-c598-91e2e91ff420" executionId="aed8f33c-e009-416c-834d-4560590bc999" testListId="8c84fa94-04c1-424b-9868-57a2d4851a1d" />
    <TestEntry testId="952a8a71-b4cd-9818-5a02-92acc1efe8b0" executionId="996945e5-5d06-4dde-82c9-90f35d39596c" testListId="8c84fa94-04c1-424b-9868-57a2d4851a1d" />
    <TestEntry testId="bef66b0d-967a-cee6-357a-0a9c38b52500" executionId="931bde66-bff2-4aad-8a73-5f331b0ecb39" testListId="8c84fa94-04c1-424b-9868-57a2d4851a1d" />
    <TestEntry testId="2f5449f4-ae34-2096-d216-329b99d5ec46" executionId="0a0e2aae-de8d-4f08-82a0-7c88d2d65e86" testListId="8c84fa94-04c1-424b-9868-57a2d4851a1d" />
    <TestEntry testId="09da649e-f156-15bf-398b-520b4478c270" executionId="c856bc9f-63af-4758-8d8c-8aaa2da19010" testListId="8c84fa94-04c1-424b-9868-57a2d4851a1d" />
    <TestEntry testId="ccf23ab7-115e-2662-58a4-13e2a82492a2" executionId="4ebb0230-12b9-4065-9703-c3d60baf11c3" testListId="8c84fa94-04c1-424b-9868-57a2d4851a1d" />
    <TestEntry testId="19bc8828-c242-ab6c-68b7-511c9c806723" executionId="0d370f01-bd70-499e-8de3-8137d0553643" testListId="8c84fa94-04c1-424b-9868-57a2d4851a1d" />
    <TestEntry testId="2933f253-5c44-bde7-7981-7cb778f4736c" executionId="f66b4603-030a-4534-b918-2b4185f96d6e" testListId="8c84fa94-04c1-424b-9868-57a2d4851a1d" />
    <TestEntry testId="3d768b9a-c4ab-bbaf-9f45-9650c89ece8c" executionId="6ffeec66-1e19-42b2-93a7-9eadb2244889" testListId="8c84fa94-04c1-424b-9868-57a2d4851a1d" />
    <TestEntry testId="9af04cd0-e415-7c62-a390-eb66c8800892" executionId="5b06d01d-957e-485d-96cc-f49c3a97c66e" testListId="8c84fa94-04c1-424b-9868-57a2d4851a1d" />
    <TestEntry testId="4ff82df3-2a8b-d871-a8b5-23e407fbce15" executionId="dd55786d-ea89-4c93-b0df-b2125ee8c815" testListId="8c84fa94-04c1-424b-9868-57a2d4851a1d" />
    <TestEntry testId="7313386a-5d26-9aa2-0acf-f3c0e885a30b" executionId="919ebc25-b677-4cd8-a7a6-3958d306a3ce" testListId="8c84fa94-04c1-424b-9868-57a2d4851a1d" />
    <TestEntry testId="280bdde6-aea9-003d-2c18-953337083652" executionId="3e658c32-e508-4964-8c16-265712e14c2f" testListId="8c84fa94-04c1-424b-9868-57a2d4851a1d" />
    <TestEntry testId="e50414de-0354-82ef-9f8b-66fe1fd6787f" executionId="9dc945b8-64ec-40fe-8f0b-a00cbd9dc96b" testListId="8c84fa94-04c1-424b-9868-57a2d4851a1d" />
    <TestEntry testId="9174375c-0b3c-1055-5fb5-df8ca562869a" executionId="41deeb91-95eb-41fb-965f-512fb6cc4d87" testListId="8c84fa94-04c1-424b-9868-57a2d4851a1d" />
    <TestEntry testId="342e01e1-9cce-68b1-12c2-b542ef47ae8d" executionId="171fc5af-e3eb-4579-9d19-0ffbf895ab54" testListId="8c84fa94-04c1-424b-9868-57a2d4851a1d" />
    <TestEntry testId="b33ce3c3-a76e-3fd5-774d-ad2d0e8829fd" executionId="52f74296-5739-423d-853f-c2470d9296c2" testListId="8c84fa94-04c1-424b-9868-57a2d4851a1d" />
    <TestEntry testId="d7f62077-1ab5-34a1-6b82-6e34851d7055" executionId="e5942063-1a3e-4406-8b56-b131d6b0b87f" testListId="8c84fa94-04c1-424b-9868-57a2d4851a1d" />
    <TestEntry testId="e141e7ed-cf22-2d48-27ef-158fbcb16ad6" executionId="80d5e2c3-71b7-411f-83fb-236ed6a20647" testListId="8c84fa94-04c1-424b-9868-57a2d4851a1d" />
    <TestEntry testId="c02a12a3-eb79-001a-eceb-d655add22afb" executionId="a5070bb2-fc6b-45ef-bb55-54b4170613d2" testListId="8c84fa94-04c1-424b-9868-57a2d4851a1d" />
    <TestEntry testId="cfe3c6cb-f9cb-e7fb-76df-ae6bb4558124" executionId="d71cd1dc-c9e4-49d6-b8dc-a23c2ac541a4" testListId="8c84fa94-04c1-424b-9868-57a2d4851a1d" />
    <TestEntry testId="75dc166b-6aaa-dfc7-7d3f-834ca55d7568" executionId="a85c1446-3154-4ac7-b743-a20bf5d49e5b" testListId="8c84fa94-04c1-424b-9868-57a2d4851a1d" />
    <TestEntry testId="82acd130-2fd0-0ba2-61ee-17254e47c79e" executionId="bfbf8e40-b0af-4334-982a-d3202d8d1629" testListId="8c84fa94-04c1-424b-9868-57a2d4851a1d" />
    <TestEntry testId="a7865787-7750-24f4-b467-d1d7c819c4a4" executionId="cc74ebaf-6f04-42e2-9f4b-500b1d92e3ef" testListId="8c84fa94-04c1-424b-9868-57a2d4851a1d" />
    <TestEntry testId="81dea3be-097f-0510-60ee-4ed801fd3da2" executionId="f8ba4acf-31d6-4de8-b9f7-664974a2e404" testListId="8c84fa94-04c1-424b-9868-57a2d4851a1d" />
    <TestEntry testId="f635a4e1-91b8-ff28-8263-826b96571943" executionId="3c0144f0-31b3-4183-9c56-5323060c8e75" testListId="8c84fa94-04c1-424b-9868-57a2d4851a1d" />
    <TestEntry testId="8c888541-83a4-9bc7-1641-1c8a20e561de" executionId="f82c5e29-a754-43bc-8904-3b67ea2a0f7d" testListId="8c84fa94-04c1-424b-9868-57a2d4851a1d" />
    <TestEntry testId="176db431-b11f-67e9-857d-a0aa3a19ab72" executionId="77138789-c673-44a1-8434-ac78e93baaa6" testListId="8c84fa94-04c1-424b-9868-57a2d4851a1d" />
    <TestEntry testId="94249136-3b52-f9c3-1d42-b3ed9b46e46d" executionId="faa790dc-d766-4a0f-8a16-64e36e1c2f90" testListId="8c84fa94-04c1-424b-9868-57a2d4851a1d" />
    <TestEntry testId="99a2c369-4455-5d5f-a682-cac8c5476c10" executionId="d5df209c-d9bc-4305-8d8c-51b015baf123" testListId="8c84fa94-04c1-424b-9868-57a2d4851a1d" />
    <TestEntry testId="f45f745f-8400-5cce-fd41-0bd4f97bd45c" executionId="f882dfb8-7ede-4227-b4a3-6dfbf07037c3" testListId="8c84fa94-04c1-424b-9868-57a2d4851a1d" />
    <TestEntry testId="17b70409-028a-c834-68fe-79b67f3b9ce1" executionId="c00aa051-2697-4b89-9150-a5aa6c0b1392" testListId="8c84fa94-04c1-424b-9868-57a2d4851a1d" />
    <TestEntry testId="e66ea803-41ea-dd7e-a790-9ff8d4e692fa" executionId="2c856edd-b7f9-4220-8ad3-eacd9f268f25" testListId="8c84fa94-04c1-424b-9868-57a2d4851a1d" />
    <TestEntry testId="cb15a14f-0bc3-ae5e-3ef0-096a041e6611" executionId="3ea4acd9-290d-4fcc-aeeb-891d8bab1b1c" testListId="8c84fa94-04c1-424b-9868-57a2d4851a1d" />
    <TestEntry testId="3eafc5cf-27e0-505e-a974-21909a6ec104" executionId="508da482-de4a-4ad5-8720-c7047481f377" testListId="8c84fa94-04c1-424b-9868-57a2d4851a1d" />
    <TestEntry testId="1bfd024f-c9e2-76e3-155b-3c6ea8db6b6b" executionId="95377d08-4ef6-49aa-84a7-1948aca3a5ca" testListId="8c84fa94-04c1-424b-9868-57a2d4851a1d" />
    <TestEntry testId="4e65ecd1-811d-e85b-e491-b23053ef27c3" executionId="0d471fb0-3395-4a00-b408-c5d78e4d8184" testListId="8c84fa94-04c1-424b-9868-57a2d4851a1d" />
    <TestEntry testId="3edeb166-83d3-2beb-133d-ac8b60db8b5a" executionId="f6317843-1179-4769-b968-fce4ebcc7082" testListId="8c84fa94-04c1-424b-9868-57a2d4851a1d" />
    <TestEntry testId="6ca184c4-e9f1-dddc-05c6-3003f381a406" executionId="f065cdd8-26be-4e32-b7a7-744ee8fa635d" testListId="8c84fa94-04c1-424b-9868-57a2d4851a1d" />
    <TestEntry testId="7a517512-31db-43a3-ae7d-6a5e831b689f" executionId="b712285c-5638-46f9-b514-ce0749216bfb" testListId="8c84fa94-04c1-424b-9868-57a2d4851a1d" />
    <TestEntry testId="b20a0e51-1563-a968-27f7-785c41b1392c" executionId="a0322e70-b5ee-4dd2-a7fc-7e4b6bdcbf5c" testListId="8c84fa94-04c1-424b-9868-57a2d4851a1d" />
    <TestEntry testId="7ed5bc42-f48f-e144-df67-ea61a8761ea2" executionId="1352b9c9-db88-41a7-92d8-43c2b8851506" testListId="8c84fa94-04c1-424b-9868-57a2d4851a1d" />
    <TestEntry testId="83e2d380-8332-fbbf-f333-d8c513c140de" executionId="832bd7a5-e0a7-4017-9f84-4687b6da693d" testListId="8c84fa94-04c1-424b-9868-57a2d4851a1d" />
    <TestEntry testId="8a12688d-cfc8-14f7-74f6-6916940ca70e" executionId="2ef31b5f-80b5-492d-9798-42722a0ff3d8" testListId="8c84fa94-04c1-424b-9868-57a2d4851a1d" />
    <TestEntry testId="720227b8-85bc-42b5-d668-3a0e2ec59857" executionId="12fc3c94-fb00-4e10-b713-5dc73abc94c3" testListId="8c84fa94-04c1-424b-9868-57a2d4851a1d" />
    <TestEntry testId="8868fdb5-6923-2dd5-4325-73d75faf269d" executionId="e6d1303e-9e73-41bb-98cb-9a9abc402dd0" testListId="8c84fa94-04c1-424b-9868-57a2d4851a1d" />
    <TestEntry testId="d7709714-e12a-f356-7edb-6e61b3dde0d3" executionId="514fb7a0-5cd0-4af1-8fa5-8d99b789e726" testListId="8c84fa94-04c1-424b-9868-57a2d4851a1d" />
    <TestEntry testId="eb91c2e7-0cf8-390b-5e2b-dd836f3bbd8a" executionId="26389406-ce8e-4ee1-8862-9e59f318332a" testListId="8c84fa94-04c1-424b-9868-57a2d4851a1d" />
    <TestEntry testId="2fc93ba3-96a1-6c43-4db3-7fbfc5aa3330" executionId="13eff10a-136a-4369-9459-22ff5966d13e" testListId="8c84fa94-04c1-424b-9868-57a2d4851a1d" />
    <TestEntry testId="60d50c97-5182-9a55-77f0-c93956e2a219" executionId="1a66c44a-98ed-4db0-a6b3-2add6664d891" testListId="8c84fa94-04c1-424b-9868-57a2d4851a1d" />
    <TestEntry testId="8f5dab9b-e772-79eb-2a67-42eaae48c62b" executionId="8fa7689a-b889-4d5a-8cfd-6ee9c0c37f60" testListId="8c84fa94-04c1-424b-9868-57a2d4851a1d" />
    <TestEntry testId="12a32e54-5254-1490-859a-b6053824e69f" executionId="a16e2d34-68f0-478d-a9be-6f5c5681d419" testListId="8c84fa94-04c1-424b-9868-57a2d4851a1d" />
    <TestEntry testId="69caa7bd-9c65-a490-43e7-fe3d9dae9c02" executionId="3101dd74-ebe0-4d51-b751-a3d46518df0a" testListId="8c84fa94-04c1-424b-9868-57a2d4851a1d" />
    <TestEntry testId="302be2d9-e67e-17ff-92a8-c4111efae5bb" executionId="4ed6b970-78d6-49fb-a9f0-656c9b216c72" testListId="8c84fa94-04c1-424b-9868-57a2d4851a1d" />
    <TestEntry testId="417ed471-c272-f304-00b4-248e83dc3474" executionId="c40ef6d4-7219-4fba-81dc-e99034c4ffaa" testListId="8c84fa94-04c1-424b-9868-57a2d4851a1d" />
    <TestEntry testId="99236272-2706-b2dd-eb36-1d46b6e282f0" executionId="ec0fec84-f23b-4904-a767-d2b98189d1bb" testListId="8c84fa94-04c1-424b-9868-57a2d4851a1d" />
    <TestEntry testId="1e299a37-0f21-4ef3-9262-0e3c73eced5f" executionId="9f5d37d7-e463-4a82-9d0c-78b7568ee78b" testListId="8c84fa94-04c1-424b-9868-57a2d4851a1d" />
    <TestEntry testId="39e39652-5abc-9b45-4a9e-09dc134d2d9e" executionId="16a84daf-b160-4dba-9a2b-3b996b40b18d" testListId="8c84fa94-04c1-424b-9868-57a2d4851a1d" />
    <TestEntry testId="7d08eb8a-1fa0-8b3e-ba01-15f4d3ef598b" executionId="9a515ef9-8f1e-4acb-9de5-be40fd2b91de" testListId="8c84fa94-04c1-424b-9868-57a2d4851a1d" />
    <TestEntry testId="e0fa63d2-29e3-f2cc-83ce-456d57f05a7e" executionId="6adfebc5-44bb-4346-a37c-b78a0acd48cb" testListId="8c84fa94-04c1-424b-9868-57a2d4851a1d" />
    <TestEntry testId="79827bb7-932f-70a1-ce8a-d8cee579280e" executionId="a3aff09c-c957-409d-a145-eca6089ec60f" testListId="8c84fa94-04c1-424b-9868-57a2d4851a1d" />
    <TestEntry testId="e6946507-55d5-384d-c1bf-e4e92ffa4462" executionId="dd61ef13-fbba-462c-944b-96e900046a7f" testListId="8c84fa94-04c1-424b-9868-57a2d4851a1d" />
    <TestEntry testId="ad77e077-f60b-047c-5056-ff5f5b8ab833" executionId="95a6e039-1d34-4ec9-8166-7707aafd643a" testListId="8c84fa94-04c1-424b-9868-57a2d4851a1d" />
    <TestEntry testId="e9556a5f-cf4a-e0de-7abb-5d65c7b41dfc" executionId="638cb03e-5989-4f2e-82c7-3320cc2e59ac" testListId="8c84fa94-04c1-424b-9868-57a2d4851a1d" />
    <TestEntry testId="c745b49e-0b06-9050-ea27-f3fe6be9c9a3" executionId="f2b07742-57cf-4793-bec9-3280f04e33fa" testListId="8c84fa94-04c1-424b-9868-57a2d4851a1d" />
    <TestEntry testId="7d5b48f4-9eb0-92b7-dec2-f9b13eb82277" executionId="74e1b8dd-ccd5-4d2b-ba52-e9272ea1135d" testListId="8c84fa94-04c1-424b-9868-57a2d4851a1d" />
    <TestEntry testId="ebf87f26-06ae-013b-9ca8-21f98a2fd024" executionId="8fe047b0-71b3-4e61-8e58-3ebaf453eed9" testListId="8c84fa94-04c1-424b-9868-57a2d4851a1d" />
    <TestEntry testId="797f74ab-502e-753e-792c-01d61bf281a5" executionId="3ed38fec-2ec6-40cc-b3ab-adf1401467d0" testListId="8c84fa94-04c1-424b-9868-57a2d4851a1d" />
    <TestEntry testId="6269b9ab-37ac-9c42-8cf1-a189054c855c" executionId="cec9a6e4-fde3-4fa1-8943-95733e3972e5" testListId="8c84fa94-04c1-424b-9868-57a2d4851a1d" />
    <TestEntry testId="ef807e78-f429-6b6c-27f3-a7216cb3bccc" executionId="e99dddbb-7480-4cbe-8251-a63ca92b2fed" testListId="8c84fa94-04c1-424b-9868-57a2d4851a1d" />
    <TestEntry testId="167a4e6d-4824-6211-7676-fc97fb9c5c55" executionId="36c86224-0a34-4ff1-8b91-4ac046339f66" testListId="8c84fa94-04c1-424b-9868-57a2d4851a1d" />
    <TestEntry testId="0cf5bcaa-e30c-358e-ede3-0ec1f16ee90e" executionId="21ccbd64-2d73-4d15-89ea-c4c3e09e2ccb" testListId="8c84fa94-04c1-424b-9868-57a2d4851a1d" />
    <TestEntry testId="6cb345b8-8fe9-acca-a881-28eabc3423b0" executionId="ede62466-3b28-4036-975a-b5d65f1d93e0" testListId="8c84fa94-04c1-424b-9868-57a2d4851a1d" />
    <TestEntry testId="b7d95339-e140-5f3e-0d81-600edb2bba27" executionId="0e58006c-3fab-45bb-aa3b-b0cf7ba01f56" testListId="8c84fa94-04c1-424b-9868-57a2d4851a1d" />
    <TestEntry testId="f1c5c84e-f344-d115-dd3e-ea9e05107ade" executionId="80b05e94-606a-4cac-93ed-952ebce08361" testListId="8c84fa94-04c1-424b-9868-57a2d4851a1d" />
    <TestEntry testId="63d280db-6040-fbee-36a1-148cfca64c9c" executionId="2680b1c6-66dc-49d3-af8b-cbd6ef284adf" testListId="8c84fa94-04c1-424b-9868-57a2d4851a1d" />
    <TestEntry testId="366317f0-6bff-0005-2442-754d5f63303e" executionId="2bef4c9c-36ec-443d-b574-c4791258f588" testListId="8c84fa94-04c1-424b-9868-57a2d4851a1d" />
    <TestEntry testId="4b5a73e9-cab1-5370-0e7f-190c57a4b5c3" executionId="202b0b19-53e5-4553-9660-5a302f47c744" testListId="8c84fa94-04c1-424b-9868-57a2d4851a1d" />
    <TestEntry testId="d8323f7b-b6f4-aef1-d95d-3f7a76da7d37" executionId="a53d358b-f998-4d15-91f6-1f72eea5ea0a" testListId="8c84fa94-04c1-424b-9868-57a2d4851a1d" />
    <TestEntry testId="60d7f227-5213-98ed-7452-51c5a4679700" executionId="9bb66a14-1b9c-4e9f-9416-94fd68fc3adb" testListId="8c84fa94-04c1-424b-9868-57a2d4851a1d" />
    <TestEntry testId="b1a93aa2-0e75-ec18-726f-2623a7ba282b" executionId="82acdff1-bc8b-43c3-9e21-88aefb9def90" testListId="8c84fa94-04c1-424b-9868-57a2d4851a1d" />
    <TestEntry testId="5dbdb775-78b1-be55-4c75-a0fbc63969c3" executionId="8b4e8d5a-c6a1-44af-8ea7-9e79ef7c3894" testListId="8c84fa94-04c1-424b-9868-57a2d4851a1d" />
    <TestEntry testId="e128d051-1d7b-50a9-7f94-b558f761b014" executionId="30bc0a1c-bbe8-4f0d-928e-1167b3242a06" testListId="8c84fa94-04c1-424b-9868-57a2d4851a1d" />
    <TestEntry testId="4082b2e7-4ef8-8357-e9c1-61cc1deba8f1" executionId="00812c1f-54d6-4f76-93cc-c27724cc8f85" testListId="8c84fa94-04c1-424b-9868-57a2d4851a1d" />
    <TestEntry testId="e59c2cad-046b-d243-ce9e-459fab50cf08" executionId="9dec3fd4-fccd-472b-8583-d0b50d4ba437" testListId="8c84fa94-04c1-424b-9868-57a2d4851a1d" />
    <TestEntry testId="adbefa0c-7967-f778-545f-1fa2bfdb9eb8" executionId="6a7711c9-3ef0-41b0-9f63-fb152ce57b0c" testListId="8c84fa94-04c1-424b-9868-57a2d4851a1d" />
    <TestEntry testId="27e7e791-ddf6-23ac-f33f-a414200d8fd4" executionId="9a99039e-9893-4213-9c62-0e4628056deb" testListId="8c84fa94-04c1-424b-9868-57a2d4851a1d" />
    <TestEntry testId="35638a06-e900-359a-f48b-e666ac30a863" executionId="e7e6ba40-f423-4f5a-b260-a0c09b21c640" testListId="8c84fa94-04c1-424b-9868-57a2d4851a1d" />
    <TestEntry testId="19cca489-0f1c-201a-a555-2398cee95895" executionId="cecc7b85-ca3f-471e-bad2-d25a1090aab8" testListId="8c84fa94-04c1-424b-9868-57a2d4851a1d" />
    <TestEntry testId="6c4e1079-634b-6cb9-67f8-5b043265ef01" executionId="5b870e49-bf6e-448e-b29c-2d154707d8c6" testListId="8c84fa94-04c1-424b-9868-57a2d4851a1d" />
    <TestEntry testId="af4aecbe-45ca-e947-c49b-2ea432bb973a" executionId="f9e9cdd2-ad1d-4af0-ada4-ff953cbb0a81" testListId="8c84fa94-04c1-424b-9868-57a2d4851a1d" />
    <TestEntry testId="55e9949d-742f-dcb9-0b57-6b46d153ec62" executionId="2ffb5c89-7a05-4b60-92f7-50e837c12adf" testListId="8c84fa94-04c1-424b-9868-57a2d4851a1d" />
    <TestEntry testId="96bd226b-7335-f1a5-f645-19034cd2d19c" executionId="89a77517-f56a-4086-a915-bfb39578a72d" testListId="8c84fa94-04c1-424b-9868-57a2d4851a1d" />
    <TestEntry testId="3d5fbdc9-3b58-e0e1-df82-cbbc53938b74" executionId="68162a78-9d54-4933-a23c-26f76482624a" testListId="8c84fa94-04c1-424b-9868-57a2d4851a1d" />
    <TestEntry testId="b1a38c9c-e65d-39f9-0583-284794d50406" executionId="6eb938e7-37ed-4464-a7b3-aad61ded1e9d" testListId="8c84fa94-04c1-424b-9868-57a2d4851a1d" />
    <TestEntry testId="c04916e9-b6ac-fd8a-dfdc-65e0247e2335" executionId="4b3c7a9f-9def-4684-a059-193082b50270" testListId="8c84fa94-04c1-424b-9868-57a2d4851a1d" />
    <TestEntry testId="4909b3c7-d672-4664-64f2-6c7b68af7409" executionId="f48e1285-60d9-4f3d-93e2-567afdd4a368" testListId="8c84fa94-04c1-424b-9868-57a2d4851a1d" />
    <TestEntry testId="40042172-ec16-8281-20ef-ba2c828df388" executionId="3b142756-a5c8-4c6f-8749-90c8f4d7b223" testListId="8c84fa94-04c1-424b-9868-57a2d4851a1d" />
    <TestEntry testId="08c2404b-62c9-aae9-50d9-31907f1c5884" executionId="8922185a-ab34-40c8-8de9-3f98c668356a" testListId="8c84fa94-04c1-424b-9868-57a2d4851a1d" />
    <TestEntry testId="8d7ffd3c-c613-fdd4-5501-a0aadc600b6a" executionId="4d646e57-6783-4175-8068-08354b9762a3" testListId="8c84fa94-04c1-424b-9868-57a2d4851a1d" />
    <TestEntry testId="196b7b60-dc92-32c5-65a3-05ea8cf6b621" executionId="0ad09e5d-2c7a-4b78-bd02-700afbc39ae9" testListId="8c84fa94-04c1-424b-9868-57a2d4851a1d" />
    <TestEntry testId="c40de6ef-701b-5428-07ea-ecd4751328f4" executionId="bf0cb849-85fc-4239-af81-e890de59b42b" testListId="8c84fa94-04c1-424b-9868-57a2d4851a1d" />
    <TestEntry testId="73ccba10-4792-a7c4-8757-e19ab0cf3e8a" executionId="37720f77-da1c-466c-baba-9c2769145357" testListId="8c84fa94-04c1-424b-9868-57a2d4851a1d" />
    <TestEntry testId="bf97e7b3-ad23-5ac0-29a6-925724141bd2" executionId="e7401e0d-58b5-4971-bead-423b288b6d96" testListId="8c84fa94-04c1-424b-9868-57a2d4851a1d" />
    <TestEntry testId="17386706-45ae-d62e-68a0-1c2563136f66" executionId="b7b27bf5-be88-4e10-a4d7-edd7397f61a3" testListId="8c84fa94-04c1-424b-9868-57a2d4851a1d" />
    <TestEntry testId="6c91472b-2bee-42f0-be91-5560cb8ef8bd" executionId="b58b7fb0-55db-4ff1-81f5-deadf3be70f4" testListId="8c84fa94-04c1-424b-9868-57a2d4851a1d" />
    <TestEntry testId="1e79e19d-9838-d7b5-fae7-4255c8f85c46" executionId="dd3f4884-a226-4772-a233-894936cb1f52" testListId="8c84fa94-04c1-424b-9868-57a2d4851a1d" />
    <TestEntry testId="b67f05c3-f268-37f5-0e44-5c83fb1f84fb" executionId="4dca802f-7849-4cfe-adb3-55a5844be27c" testListId="8c84fa94-04c1-424b-9868-57a2d4851a1d" />
    <TestEntry testId="92d129aa-64ed-22db-4bde-585d3381802c" executionId="579013b8-725a-4cee-8a0a-e9cf20f2cc59" testListId="8c84fa94-04c1-424b-9868-57a2d4851a1d" />
    <TestEntry testId="bc1ff08e-1e15-6ede-0c74-21fde48f6fcd" executionId="d0a42d83-afe5-43f6-b23d-a9fbeef84777" testListId="8c84fa94-04c1-424b-9868-57a2d4851a1d" />
  </TestEntries>
  <TestLists>
    <TestList name="Results Not in a List" id="8c84fa94-04c1-424b-9868-57a2d4851a1d" />
    <TestList name="All Loaded Results" id="19431567-8539-422a-85d7-44ee4e166bda" />
  </TestLists>
  <ResultSummary outcome="Failed">
    <Counters total="656" executed="652" passed="606" failed="46" error="0" timeout="0" aborted="0" inconclusive="0" passedButRunAborted="0" notRunnable="0" notExecuted="0" disconnected="0" warning="0" completed="0" inProgress="0" pending="0" />
    <Output>
      <StdOut>Test 'Find_EscapeSequenceWithPlusQuantifier_KnownLimitation' was skipped in the test run.
Test 'Find_AlphaSequenceWithPlusQuantifier_KnownLimitation' was skipped in the test run.
Test 'Find_StarQuantifierWithSpaces_KnownLimitation' was skipped in the test run.
Test 'Find_StarQuantifierWithLetters_KnownLimitation' was skipped in the test run.
</StdOut>
    </Output>
  </ResultSummary>
</TestRun>