<?xml version="1.0" encoding="utf-8"?>
<TestRun id="3ce818cb-d73f-4cd7-90e6-8587853973b3" name="@dadsmbp 2025-08-22 08:10:56" xmlns="http://microsoft.com/schemas/VisualStudio/TeamTest/2010">
  <Times creation="2025-08-22T08:10:56.7438100-04:00" queuing="2025-08-22T08:10:56.7438100-04:00" start="2025-08-22T08:10:56.2832530-04:00" finish="2025-08-22T08:10:56.9414330-04:00" />
  <TestSettings name="default" id="26e1945e-9c1f-4fae-95dd-8447ba4287c7">
    <Deployment runDeploymentRoot="_dadsmbp_2025-08-22_08_10_56" />
  </TestSettings>
  <Results>
    <UnitTestResult executionId="694c001f-f5b9-482c-811f-8bbd20de1d81" testId="23f84a4d-bc21-b97f-e115-11bf0b33db04" testName="Parser Tests.Statement Parser Tests.Integration Tests - Multiple Features.table with method calls and functions" computerName="dadsmbp" startTime="2025-08-22T08:10:56.8603250-04:00" endTime="2025-08-22T08:10:56.8605840-04:00" testType="13cdc9d9-ddb5-4fa4-a97d-d965ccfc6d4b" outcome="Passed" testListId="8c84fa94-04c1-424b-9868-57a2d4851a1d" relativeResultsDirectory="694c001f-f5b9-482c-811f-8bbd20de1d81" />
    <UnitTestResult executionId="d29449c3-9b12-48aa-ae2d-e59f6ccfecaf" testId="de71ee28-6047-7932-7ce3-b7522d43123b" testName="Parser Tests.Expression Parser Tests.Whitespace Handling.many spaces" computerName="dadsmbp" startTime="2025-08-22T08:10:56.7935860-04:00" endTime="2025-08-22T08:10:56.7937230-04:00" testType="13cdc9d9-ddb5-4fa4-a97d-d965ccfc6d4b" outcome="Passed" testListId="8c84fa94-04c1-424b-9868-57a2d4851a1d" relativeResultsDirectory="d29449c3-9b12-48aa-ae2d-e59f6ccfecaf" />
    <UnitTestResult executionId="26e5f660-a283-4db0-9c85-b006383205fa" testId="d1fdf263-c1e9-9de3-2358-6aa706b01c30" testName="Parser Tests.Expression Parser Tests.Logical Operators.precedence" computerName="dadsmbp" startTime="2025-08-22T08:10:56.7833880-04:00" endTime="2025-08-22T08:10:56.7837790-04:00" testType="13cdc9d9-ddb5-4fa4-a97d-d965ccfc6d4b" outcome="Passed" testListId="8c84fa94-04c1-424b-9868-57a2d4851a1d" relativeResultsDirectory="26e5f660-a283-4db0-9c85-b006383205fa" />
    <UnitTestResult executionId="eb74e46b-497a-4745-ba22-ba7f0075e216" testId="3c30a966-5d71-f183-32cf-39fc6c1d9ded" testName="Parser Tests.Expression Parser Tests.Whitespace Handling.newlines" computerName="dadsmbp" startTime="2025-08-22T08:10:56.7936080-04:00" endTime="2025-08-22T08:10:56.7938380-04:00" testType="13cdc9d9-ddb5-4fa4-a97d-d965ccfc6d4b" outcome="Passed" testListId="8c84fa94-04c1-424b-9868-57a2d4851a1d" relativeResultsDirectory="eb74e46b-497a-4745-ba22-ba7f0075e216" />
    <UnitTestResult executionId="e4b283d3-37d1-489b-b82f-128348a4668b" testId="b720d5ae-34d4-7f69-eb3b-9e67edcaa5b6" testName="Parser Tests.Expression Parser Tests.Whitespace Handling.tabs and spaces" computerName="dadsmbp" startTime="2025-08-22T08:10:56.7935930-04:00" endTime="2025-08-22T08:10:56.7937300-04:00" testType="13cdc9d9-ddb5-4fa4-a97d-d965ccfc6d4b" outcome="Passed" testListId="8c84fa94-04c1-424b-9868-57a2d4851a1d" relativeResultsDirectory="e4b283d3-37d1-489b-b82f-128348a4668b" />
    <UnitTestResult executionId="70153a1f-2828-4fba-8f04-dd44e75e5cc1" testId="f720ad31-ae74-79e7-22fb-fd540fe1e410" testName="Parser Tests.Statement Parser Tests.Variable Attributes.Generic For Attributes.generic for with const variable" computerName="dadsmbp" startTime="2025-08-22T08:10:56.8710700-04:00" endTime="2025-08-22T08:10:56.8711220-04:00" testType="13cdc9d9-ddb5-4fa4-a97d-d965ccfc6d4b" outcome="Passed" testListId="8c84fa94-04c1-424b-9868-57a2d4851a1d" relativeResultsDirectory="70153a1f-2828-4fba-8f04-dd44e75e5cc1" />
    <UnitTestResult executionId="6b61757f-a4c1-42a0-ab84-50255cc63368" testId="bf1b4d49-e184-dfdd-ed3f-683ae593c916" testName="Parser Tests.Statement Parser Tests.Integration Tests - Multiple Features.local assignment with complex expressions" computerName="dadsmbp" startTime="2025-08-22T08:10:56.8603520-04:00" endTime="2025-08-22T08:10:56.8607280-04:00" testType="13cdc9d9-ddb5-4fa4-a97d-d965ccfc6d4b" outcome="Passed" testListId="8c84fa94-04c1-424b-9868-57a2d4851a1d" relativeResultsDirectory="6b61757f-a4c1-42a0-ab84-50255cc63368" />
    <UnitTestResult executionId="8b10fe1e-db71-4c52-97eb-f08dfe48dcb2" testId="c44b47ac-34e7-a034-b2d7-a56e3ecf6a11" testName="Parser Tests.Statement Parser Tests.Variable Attributes.Local Variable Attributes.local const variable" computerName="dadsmbp" startTime="2025-08-22T08:10:56.8603630-04:00" endTime="2025-08-22T08:10:56.8607040-04:00" testType="13cdc9d9-ddb5-4fa4-a97d-d965ccfc6d4b" outcome="Passed" testListId="8c84fa94-04c1-424b-9868-57a2d4851a1d" relativeResultsDirectory="8b10fe1e-db71-4c52-97eb-f08dfe48dcb2" />
    <UnitTestResult executionId="899c2269-5c8a-4237-a67b-f14f11677efc" testId="9c78167c-ee87-bb4b-a014-3af8451f157b" testName="Parser Tests.Expression Parser Tests.Identifiers.single underscore" computerName="dadsmbp" startTime="2025-08-22T08:10:56.7610470-04:00" endTime="2025-08-22T08:10:56.7617100-04:00" testType="13cdc9d9-ddb5-4fa4-a97d-d965ccfc6d4b" outcome="Passed" testListId="8c84fa94-04c1-424b-9868-57a2d4851a1d" relativeResultsDirectory="899c2269-5c8a-4237-a67b-f14f11677efc" />
    <UnitTestResult executionId="e3d226d9-fcce-4694-8c77-eeb0583e4626" testId="0ba7aa40-6834-6408-0135-49e448773151" testName="Parser Tests.Expression Parser Tests.Identifiers.underscore identifier" computerName="dadsmbp" startTime="2025-08-22T08:10:56.7610340-04:00" endTime="2025-08-22T08:10:56.7617060-04:00" testType="13cdc9d9-ddb5-4fa4-a97d-d965ccfc6d4b" outcome="Passed" testListId="8c84fa94-04c1-424b-9868-57a2d4851a1d" relativeResultsDirectory="e3d226d9-fcce-4694-8c77-eeb0583e4626" />
    <UnitTestResult executionId="574143a4-5378-40da-948d-ca05e6538eb6" testId="bda16938-26e8-7f58-0e78-0355787a8bdc" testName="Parser Tests.Expression Parser Tests.Literals.hex escape max" computerName="dadsmbp" startTime="2025-08-22T08:10:56.7498800-04:00" endTime="2025-08-22T08:10:56.7502150-04:00" testType="13cdc9d9-ddb5-4fa4-a97d-d965ccfc6d4b" outcome="Passed" testListId="8c84fa94-04c1-424b-9868-57a2d4851a1d" relativeResultsDirectory="574143a4-5378-40da-948d-ca05e6538eb6" />
    <UnitTestResult executionId="900189ef-ee66-4447-9719-b9c59cd65cc6" testId="f21fef0c-1b6d-1012-7719-4d0ad013ab4a" testName="Parser Tests.Expression Parser Tests.Literals.hex escape lowercase" computerName="dadsmbp" startTime="2025-08-22T08:10:56.7498910-04:00" endTime="2025-08-22T08:10:56.7502440-04:00" testType="13cdc9d9-ddb5-4fa4-a97d-d965ccfc6d4b" outcome="Passed" testListId="8c84fa94-04c1-424b-9868-57a2d4851a1d" relativeResultsDirectory="900189ef-ee66-4447-9719-b9c59cd65cc6" />
    <UnitTestResult executionId="5f2c6f5f-2462-40f1-bbaa-d726671d9cd4" testId="9244f1a4-b96d-9fb0-92ad-43c8c501a1ac" testName="Parser Tests.Expression Parser Tests.Multiplicative Operators.floor divide" computerName="dadsmbp" startTime="2025-08-22T08:10:56.7722050-04:00" endTime="2025-08-22T08:10:56.7728660-04:00" testType="13cdc9d9-ddb5-4fa4-a97d-d965ccfc6d4b" outcome="Passed" testListId="8c84fa94-04c1-424b-9868-57a2d4851a1d" relativeResultsDirectory="5f2c6f5f-2462-40f1-bbaa-d726671d9cd4" />
    <UnitTestResult executionId="42015adb-c426-499e-a6d7-c95f518fd5fd" testId="35d02efc-7874-8194-c839-10cd28db0d9e" testName="Parser Tests.Expression Parser Tests.Multiplicative Operators.multiply" computerName="dadsmbp" startTime="2025-08-22T08:10:56.7721980-04:00" endTime="2025-08-22T08:10:56.7728550-04:00" testType="13cdc9d9-ddb5-4fa4-a97d-d965ccfc6d4b" outcome="Passed" testListId="8c84fa94-04c1-424b-9868-57a2d4851a1d" relativeResultsDirectory="42015adb-c426-499e-a6d7-c95f518fd5fd" />
    <UnitTestResult executionId="590bbd73-0bab-4443-b887-8748ffbb1dc0" testId="df0bcd8b-7844-5b92-d01d-86530aea9c35" testName="Parser Tests.Expression Parser Tests.Bitwise Operators.bitwise or" computerName="dadsmbp" startTime="2025-08-22T08:10:56.7833070-04:00" endTime="2025-08-22T08:10:56.7835150-04:00" testType="13cdc9d9-ddb5-4fa4-a97d-d965ccfc6d4b" outcome="Passed" testListId="8c84fa94-04c1-424b-9868-57a2d4851a1d" relativeResultsDirectory="590bbd73-0bab-4443-b887-8748ffbb1dc0" />
    <UnitTestResult executionId="b8f3b43d-fbfa-484f-8124-bfdb9e346b3a" testId="cbf11f0c-9efd-21c8-0344-f5e3de7c50b7" testName="Parser Tests.Expression Parser Tests.Literals.escape backslash" computerName="dadsmbp" startTime="2025-08-22T08:10:56.7387990-04:00" endTime="2025-08-22T08:10:56.7394720-04:00" testType="13cdc9d9-ddb5-4fa4-a97d-d965ccfc6d4b" outcome="Passed" testListId="8c84fa94-04c1-424b-9868-57a2d4851a1d" relativeResultsDirectory="b8f3b43d-fbfa-484f-8124-bfdb9e346b3a" />
    <UnitTestResult executionId="52b2e945-3f57-4309-93ec-fade5bee5201" testId="763c96db-6624-3c72-6180-fc6aded732d6" testName="Identifier parsing.Underscore as identifier" computerName="dadsmbp" duration="00:00:00.0050000" startTime="2025-08-22T08:10:56.8923860-04:00" endTime="2025-08-22T08:10:56.8980070-04:00" testType="13cdc9d9-ddb5-4fa4-a97d-d965ccfc6d4b" outcome="Passed" testListId="8c84fa94-04c1-424b-9868-57a2d4851a1d" relativeResultsDirectory="52b2e945-3f57-4309-93ec-fade5bee5201" />
    <UnitTestResult executionId="e6500165-b696-4ec4-9184-675e06f9fc94" testId="9dd28135-464f-23ca-c59d-4fbeadbbd66f" testName="Parser Tests.Statement Parser Tests.Parser Fixes.Assignment vs Function Call Disambiguation.method call statement" computerName="dadsmbp" startTime="2025-08-22T08:10:56.8821650-04:00" endTime="2025-08-22T08:10:56.8822050-04:00" testType="13cdc9d9-ddb5-4fa4-a97d-d965ccfc6d4b" outcome="Passed" testListId="8c84fa94-04c1-424b-9868-57a2d4851a1d" relativeResultsDirectory="e6500165-b696-4ec4-9184-675e06f9fc94" />
    <UnitTestResult executionId="6b5c2e04-75f5-468b-8cbe-830386df583b" testId="b2106cab-7252-8e78-56a6-4549da11719c" testName="Parser Tests.Expression Parser Tests.Logical Operators.or" computerName="dadsmbp" startTime="2025-08-22T08:10:56.7833840-04:00" endTime="2025-08-22T08:10:56.7837790-04:00" testType="13cdc9d9-ddb5-4fa4-a97d-d965ccfc6d4b" outcome="Passed" testListId="8c84fa94-04c1-424b-9868-57a2d4851a1d" relativeResultsDirectory="6b5c2e04-75f5-468b-8cbe-830386df583b" />
    <UnitTestResult executionId="05a2cd6c-0551-48ac-95bc-b17d87b71ed0" testId="fc7a0a39-6e21-813b-9448-b0a212a69660" testName="Parser Tests.Expression Parser Tests.Function Calls.function call in expression" computerName="dadsmbp" startTime="2025-08-22T08:10:56.7936760-04:00" endTime="2025-08-22T08:10:56.7946520-04:00" testType="13cdc9d9-ddb5-4fa4-a97d-d965ccfc6d4b" outcome="Passed" testListId="8c84fa94-04c1-424b-9868-57a2d4851a1d" relativeResultsDirectory="05a2cd6c-0551-48ac-95bc-b17d87b71ed0" />
    <UnitTestResult executionId="1dacf332-464f-4543-8a0e-c5e4d10860b6" testId="5ac0815c-2cd0-83c8-4b20-9a9ca5bc58af" testName="Parser Tests.Statement Parser Tests.Basic Statements.break statement" computerName="dadsmbp" startTime="2025-08-22T08:10:56.8380340-04:00" endTime="2025-08-22T08:10:56.8380870-04:00" testType="13cdc9d9-ddb5-4fa4-a97d-d965ccfc6d4b" outcome="Passed" testListId="8c84fa94-04c1-424b-9868-57a2d4851a1d" relativeResultsDirectory="1dacf332-464f-4543-8a0e-c5e4d10860b6" />
    <UnitTestResult executionId="3ae07815-ecdf-4a74-88e4-97c4d9848334" testId="3220c2ae-91b6-aff4-18b0-88557d16da4b" testName="Parser Tests.Statement Parser Tests.Parser Fixes.Complex Assignment Patterns.assignment after complex expression" computerName="dadsmbp" startTime="2025-08-22T08:10:56.8822220-04:00" endTime="2025-08-22T08:10:56.8826220-04:00" testType="13cdc9d9-ddb5-4fa4-a97d-d965ccfc6d4b" outcome="Passed" testListId="8c84fa94-04c1-424b-9868-57a2d4851a1d" relativeResultsDirectory="3ae07815-ecdf-4a74-88e4-97c4d9848334" />
    <UnitTestResult executionId="b552c9f9-5093-4ae2-9050-2c5b958516a4" testId="7ab74693-7ec4-60ea-51c2-12f33101f335" testName="Parser Tests.Statement Parser Tests.Parser Fixes.Table Assignment at Statement Level (Fixed).table dot assignment" computerName="dadsmbp" startTime="2025-08-22T08:10:56.8710940-04:00" endTime="2025-08-22T08:10:56.8711640-04:00" testType="13cdc9d9-ddb5-4fa4-a97d-d965ccfc6d4b" outcome="Passed" testListId="8c84fa94-04c1-424b-9868-57a2d4851a1d" relativeResultsDirectory="b552c9f9-5093-4ae2-9050-2c5b958516a4" />
    <UnitTestResult executionId="ec703881-c013-4568-b74d-6a5a01a068cc" testId="b746141d-802a-6057-c7e9-1c6bb64fc356" testName="Parser Tests.Expression Parser Tests.Literals.decimal escape 65 (A)" computerName="dadsmbp" startTime="2025-08-22T08:10:56.7394540-04:00" endTime="2025-08-22T08:10:56.7400300-04:00" testType="13cdc9d9-ddb5-4fa4-a97d-d965ccfc6d4b" outcome="Passed" testListId="8c84fa94-04c1-424b-9868-57a2d4851a1d" relativeResultsDirectory="ec703881-c013-4568-b74d-6a5a01a068cc" />
    <UnitTestResult executionId="1015b3fc-2cf0-4d7c-bad6-a2228f236c99" testId="f0647535-9b53-2b97-a592-0347a36420eb" testName="Generic for loop parsing.Multiple iterator values" computerName="dadsmbp" startTime="2025-08-22T08:10:56.9034520-04:00" endTime="2025-08-22T08:10:56.9040960-04:00" testType="13cdc9d9-ddb5-4fa4-a97d-d965ccfc6d4b" outcome="Passed" testListId="8c84fa94-04c1-424b-9868-57a2d4851a1d" relativeResultsDirectory="1015b3fc-2cf0-4d7c-bad6-a2228f236c99" />
    <UnitTestResult executionId="6d833976-2a1a-4a84-91ae-2eefc1c99698" testId="22e4173d-cb7e-9ab3-0463-97b7ca2b1bae" testName="Parser Tests.Expression Parser Tests.Shift Operators.left shift" computerName="dadsmbp" startTime="2025-08-22T08:10:56.7722960-04:00" endTime="2025-08-22T08:10:56.7728130-04:00" testType="13cdc9d9-ddb5-4fa4-a97d-d965ccfc6d4b" outcome="Passed" testListId="8c84fa94-04c1-424b-9868-57a2d4851a1d" relativeResultsDirectory="6d833976-2a1a-4a84-91ae-2eefc1c99698" />
    <UnitTestResult executionId="56ae346a-51ba-4807-9608-9a5cd3bf2eec" testId="3ec526ca-e695-30ed-ab17-22afd64268e8" testName="Parser Tests.Expression Parser Tests.Method Calls.method on table access" computerName="dadsmbp" startTime="2025-08-22T08:10:56.8047940-04:00" endTime="2025-08-22T08:10:56.8054740-04:00" testType="13cdc9d9-ddb5-4fa4-a97d-d965ccfc6d4b" outcome="Passed" testListId="8c84fa94-04c1-424b-9868-57a2d4851a1d" relativeResultsDirectory="56ae346a-51ba-4807-9608-9a5cd3bf2eec" />
    <UnitTestResult executionId="ec980bb7-4d2f-409f-8a9c-e5c863427936" testId="61aaf27a-5745-0675-9d0e-4fbe43a5a884" testName="Parser Tests.Statement Parser Tests.Control Flow Statements.while loop" computerName="dadsmbp" startTime="2025-08-22T08:10:56.8491340-04:00" endTime="2025-08-22T08:10:56.8494240-04:00" testType="13cdc9d9-ddb5-4fa4-a97d-d965ccfc6d4b" outcome="Passed" testListId="8c84fa94-04c1-424b-9868-57a2d4851a1d" relativeResultsDirectory="ec980bb7-4d2f-409f-8a9c-e5c863427936" />
    <UnitTestResult executionId="ba1eb5ba-98b5-4dbf-8b80-09568850cfcf" testId="197d35fc-39a4-fea2-6905-93fada68d92e" testName="Parser Tests.Statement Parser Tests.Parser Fixes.Table Assignment at Statement Level (Fixed).table method result assignment" computerName="dadsmbp" startTime="2025-08-22T08:10:56.8711470-04:00" endTime="2025-08-22T08:10:56.8714830-04:00" testType="13cdc9d9-ddb5-4fa4-a97d-d965ccfc6d4b" outcome="Passed" testListId="8c84fa94-04c1-424b-9868-57a2d4851a1d" relativeResultsDirectory="ba1eb5ba-98b5-4dbf-8b80-09568850cfcf" />
    <UnitTestResult executionId="0082dd39-3f35-42bd-8516-d07f75322ca0" testId="61a7a37d-f46f-ed42-bd70-9b1373a3ced4" testName="Parser Tests.Expression Parser Tests.Function Expressions.function with body" computerName="dadsmbp" duration="00:00:00.0010000" startTime="2025-08-22T08:10:56.8269520-04:00" endTime="2025-08-22T08:10:56.8290270-04:00" testType="13cdc9d9-ddb5-4fa4-a97d-d965ccfc6d4b" outcome="Passed" testListId="8c84fa94-04c1-424b-9868-57a2d4851a1d" relativeResultsDirectory="0082dd39-3f35-42bd-8516-d07f75322ca0" />
    <UnitTestResult executionId="09e4aa9c-c7c7-4a33-92be-dcf59b85eec4" testId="6da5de44-db3e-61ee-f3a8-e77c4b84e1d8" testName="Parser Tests.Expression Parser Tests.Unary Operators.length" computerName="dadsmbp" startTime="2025-08-22T08:10:56.7612340-04:00" endTime="2025-08-22T08:10:56.7613490-04:00" testType="13cdc9d9-ddb5-4fa4-a97d-d965ccfc6d4b" outcome="Passed" testListId="8c84fa94-04c1-424b-9868-57a2d4851a1d" relativeResultsDirectory="09e4aa9c-c7c7-4a33-92be-dcf59b85eec4" />
    <UnitTestResult executionId="046e93ff-ffe2-4580-b369-9dd5494f080c" testId="8b13a765-8c99-aabc-b19d-11c9ca6f1b68" testName="Parser Tests.Expression Parser Tests.Table Access.dot access" computerName="dadsmbp" startTime="2025-08-22T08:10:56.8046820-04:00" endTime="2025-08-22T08:10:56.8050730-04:00" testType="13cdc9d9-ddb5-4fa4-a97d-d965ccfc6d4b" outcome="Passed" testListId="8c84fa94-04c1-424b-9868-57a2d4851a1d" relativeResultsDirectory="046e93ff-ffe2-4580-b369-9dd5494f080c" />
    <UnitTestResult executionId="42b86311-a800-4057-9d86-8e68b617ec3f" testId="ab03aeee-2a55-ff2d-2d4f-6583c6d3f265" testName="Parser Tests.Expression Parser Tests.Comparison Operators.not equal" computerName="dadsmbp" startTime="2025-08-22T08:10:56.7833700-04:00" endTime="2025-08-22T08:10:56.7836230-04:00" testType="13cdc9d9-ddb5-4fa4-a97d-d965ccfc6d4b" outcome="Passed" testListId="8c84fa94-04c1-424b-9868-57a2d4851a1d" relativeResultsDirectory="42b86311-a800-4057-9d86-8e68b617ec3f" />
    <UnitTestResult executionId="31be5470-8bce-4435-860e-159988f7d2be" testId="d62fdd4e-c660-b54e-8965-95156526d6c3" testName="Parser Tests.Statement Parser Tests.Control Flow Statements.Function Definitions.nested method" computerName="dadsmbp" startTime="2025-08-22T08:10:56.8602880-04:00" endTime="2025-08-22T08:10:56.8606510-04:00" testType="13cdc9d9-ddb5-4fa4-a97d-d965ccfc6d4b" outcome="Passed" testListId="8c84fa94-04c1-424b-9868-57a2d4851a1d" relativeResultsDirectory="31be5470-8bce-4435-860e-159988f7d2be" />
    <UnitTestResult executionId="69ff7716-57f1-462c-8e09-e48d7249e28a" testId="1e8f1476-74a1-8640-15d5-70d9d9626f1e" testName="Parser Tests.Statement Parser Tests.Variable Attributes.Function Parameter Attributes.function with const parameter" computerName="dadsmbp" startTime="2025-08-22T08:10:56.8604840-04:00" endTime="2025-08-22T08:10:56.8604980-04:00" testType="13cdc9d9-ddb5-4fa4-a97d-d965ccfc6d4b" outcome="Passed" testListId="8c84fa94-04c1-424b-9868-57a2d4851a1d" relativeResultsDirectory="69ff7716-57f1-462c-8e09-e48d7249e28a" />
    <UnitTestResult executionId="c848914f-8c68-41a5-a4df-394ea1433595" testId="d196b395-f31e-f4e9-9268-5512404cf3f1" testName="Parser Tests.Statement Parser Tests.Parser Fixes.Table Access in Binary Expressions (Fixed).whitespace variations" computerName="dadsmbp" startTime="2025-08-22T08:10:56.8822770-04:00" endTime="2025-08-22T08:10:56.8826530-04:00" testType="13cdc9d9-ddb5-4fa4-a97d-d965ccfc6d4b" outcome="Passed" testListId="8c84fa94-04c1-424b-9868-57a2d4851a1d" relativeResultsDirectory="c848914f-8c68-41a5-a4df-394ea1433595" />
    <UnitTestResult executionId="087fb4d1-9d23-4173-b767-c9b85c49aa32" testId="a14baa81-afe4-ffee-4549-d9c74ec6ed97" testName="Parser Tests.Statement Parser Tests.Variable Attributes.Generic For Attributes.generic for with mixed attributes" computerName="dadsmbp" startTime="2025-08-22T08:10:56.8710810-04:00" endTime="2025-08-22T08:10:56.8711340-04:00" testType="13cdc9d9-ddb5-4fa4-a97d-d965ccfc6d4b" outcome="Passed" testListId="8c84fa94-04c1-424b-9868-57a2d4851a1d" relativeResultsDirectory="087fb4d1-9d23-4173-b767-c9b85c49aa32" />
    <UnitTestResult executionId="638627cf-d08c-4acf-8dd4-cb33127166db" testId="de963660-c9b7-1271-b4b4-cb536cfbd754" testName="Parser Tests.Statement Parser Tests.Parser Fixes.Table Assignment at Statement Level (Fixed).table index assignment" computerName="dadsmbp" startTime="2025-08-22T08:10:56.8710820-04:00" endTime="2025-08-22T08:10:56.8711320-04:00" testType="13cdc9d9-ddb5-4fa4-a97d-d965ccfc6d4b" outcome="Passed" testListId="8c84fa94-04c1-424b-9868-57a2d4851a1d" relativeResultsDirectory="638627cf-d08c-4acf-8dd4-cb33127166db" />
    <UnitTestResult executionId="44b134c4-3745-467e-b1c1-6248de1629e8" testId="17166041-3a52-168f-5319-cb48ea781845" testName="Parser Tests.Expression Parser Tests.Literals.decimal escape max value" computerName="dadsmbp" startTime="2025-08-22T08:10:56.7389720-04:00" endTime="2025-08-22T08:10:56.7400190-04:00" testType="13cdc9d9-ddb5-4fa4-a97d-d965ccfc6d4b" outcome="Passed" testListId="8c84fa94-04c1-424b-9868-57a2d4851a1d" relativeResultsDirectory="44b134c4-3745-467e-b1c1-6248de1629e8" />
    <UnitTestResult executionId="70410ce4-31d9-4bf9-8e54-386a1e6afb2b" testId="acbd658a-0a3a-c64b-60e8-e42ad757ae25" testName="Parser Tests.Expression Parser Tests.Literals.empty string" computerName="dadsmbp" duration="00:00:00.0300000" startTime="2025-08-22T08:10:56.6922570-04:00" endTime="2025-08-22T08:10:56.7278420-04:00" testType="13cdc9d9-ddb5-4fa4-a97d-d965ccfc6d4b" outcome="Passed" testListId="8c84fa94-04c1-424b-9868-57a2d4851a1d" relativeResultsDirectory="70410ce4-31d9-4bf9-8e54-386a1e6afb2b" />
    <UnitTestResult executionId="23294852-8328-474c-929c-255cba741ca5" testId="ed26fc88-791f-1658-dbfa-7a48264cd0f8" testName="Parser Tests.Statement Parser Tests.Control Flow Statements.For Loops.numeric for with body" computerName="dadsmbp" startTime="2025-08-22T08:10:56.8491730-04:00" endTime="2025-08-22T08:10:56.8493700-04:00" testType="13cdc9d9-ddb5-4fa4-a97d-d965ccfc6d4b" outcome="Passed" testListId="8c84fa94-04c1-424b-9868-57a2d4851a1d" relativeResultsDirectory="23294852-8328-474c-929c-255cba741ca5" />
    <UnitTestResult executionId="03b18986-4ee6-4d80-89db-691fc0904f2d" testId="ee64b813-f0cb-cb72-0323-df3a54bc0a5e" testName="Parser Tests.Statement Parser Tests.Control Flow Statements.Labels and Goto.goto with numbers" computerName="dadsmbp" startTime="2025-08-22T08:10:56.8492600-04:00" endTime="2025-08-22T08:10:56.8493910-04:00" testType="13cdc9d9-ddb5-4fa4-a97d-d965ccfc6d4b" outcome="Passed" testListId="8c84fa94-04c1-424b-9868-57a2d4851a1d" relativeResultsDirectory="03b18986-4ee6-4d80-89db-691fc0904f2d" />
    <UnitTestResult executionId="43420aaa-f599-4059-beb2-a25eb5ac7624" testId="e5732d60-3c29-5f54-625b-18b06e1698c9" testName="Parser Tests.Statement Parser Tests.Control Flow Statements.if with elseif" computerName="dadsmbp" startTime="2025-08-22T08:10:56.8380850-04:00" endTime="2025-08-22T08:10:56.8392050-04:00" testType="13cdc9d9-ddb5-4fa4-a97d-d965ccfc6d4b" outcome="Passed" testListId="8c84fa94-04c1-424b-9868-57a2d4851a1d" relativeResultsDirectory="43420aaa-f599-4059-beb2-a25eb5ac7624" />
    <UnitTestResult executionId="ab78ebdb-f9fb-4c75-afac-3e672a21f256" testId="df226330-7aa0-8c33-1b47-375d91200853" testName="Parser Tests.Expression Parser Tests.Comparison Operators.greater" computerName="dadsmbp" startTime="2025-08-22T08:10:56.7833270-04:00" endTime="2025-08-22T08:10:56.7835310-04:00" testType="13cdc9d9-ddb5-4fa4-a97d-d965ccfc6d4b" outcome="Passed" testListId="8c84fa94-04c1-424b-9868-57a2d4851a1d" relativeResultsDirectory="ab78ebdb-f9fb-4c75-afac-3e672a21f256" />
    <UnitTestResult executionId="d957dfbf-ea36-48b0-839f-ef48d2038e9b" testId="d1220d6b-41d1-f6d0-a837-b5893fc68d06" testName="Parser Tests.Expression Parser Tests.Literals.hex escape mixed case" computerName="dadsmbp" startTime="2025-08-22T08:10:56.7498920-04:00" endTime="2025-08-22T08:10:56.7502430-04:00" testType="13cdc9d9-ddb5-4fa4-a97d-d965ccfc6d4b" outcome="Passed" testListId="8c84fa94-04c1-424b-9868-57a2d4851a1d" relativeResultsDirectory="d957dfbf-ea36-48b0-839f-ef48d2038e9b" />
    <UnitTestResult executionId="de030c4a-8e36-42ac-8851-a6bac581e22f" testId="37aa9393-f589-b635-2eec-42cc9cc48359" testName="Parser Tests.Expression Parser Tests.Table Access.bracket access expression" computerName="dadsmbp" startTime="2025-08-22T08:10:56.8047120-04:00" endTime="2025-08-22T08:10:56.8052800-04:00" testType="13cdc9d9-ddb5-4fa4-a97d-d965ccfc6d4b" outcome="Passed" testListId="8c84fa94-04c1-424b-9868-57a2d4851a1d" relativeResultsDirectory="de030c4a-8e36-42ac-8851-a6bac581e22f" />
    <UnitTestResult executionId="dfc7454a-fca2-4412-ba9a-20f0a9de649f" testId="b21fa29a-c221-a436-8f17-6ab1b870468e" testName="Parser Tests.Statement Parser Tests.Parser Fixes.Complex Assignment Patterns.table assignment in sequence" computerName="dadsmbp" startTime="2025-08-22T08:10:56.8822530-04:00" endTime="2025-08-22T08:10:56.8826100-04:00" testType="13cdc9d9-ddb5-4fa4-a97d-d965ccfc6d4b" outcome="Passed" testListId="8c84fa94-04c1-424b-9868-57a2d4851a1d" relativeResultsDirectory="dfc7454a-fca2-4412-ba9a-20f0a9de649f" />
    <UnitTestResult executionId="658750e5-dbe0-49d3-8bbf-12ef4778428b" testId="ac74d753-3ccd-5e13-c5be-1ad7a4aad554" testName="Long string parsing.Nested brackets" computerName="dadsmbp" duration="00:00:00.0050000" startTime="2025-08-22T08:10:56.8923850-04:00" endTime="2025-08-22T08:10:56.8979630-04:00" testType="13cdc9d9-ddb5-4fa4-a97d-d965ccfc6d4b" outcome="Passed" testListId="8c84fa94-04c1-424b-9868-57a2d4851a1d" relativeResultsDirectory="658750e5-dbe0-49d3-8bbf-12ef4778428b" />
    <UnitTestResult executionId="d92883c5-fa01-40f5-8873-03b780acb1c9" testId="e1168bf7-fb11-75ad-9550-9989387a8ebe" testName="Parser Tests.Statement Parser Tests.Integration Tests - Multiple Features.return with method calls and table constructor" computerName="dadsmbp" startTime="2025-08-22T08:10:56.8603460-04:00" endTime="2025-08-22T08:10:56.8606100-04:00" testType="13cdc9d9-ddb5-4fa4-a97d-d965ccfc6d4b" outcome="Passed" testListId="8c84fa94-04c1-424b-9868-57a2d4851a1d" relativeResultsDirectory="d92883c5-fa01-40f5-8873-03b780acb1c9" />
    <UnitTestResult executionId="0b67e80f-6e09-4eab-aa88-1677d966d218" testId="a4cab702-ac88-7d1a-c836-d98380cd86ed" testName="Parser Tests.Expression Parser Tests.Literals.unicode escape A" computerName="dadsmbp" startTime="2025-08-22T08:10:56.7499210-04:00" endTime="2025-08-22T08:10:56.7511320-04:00" testType="13cdc9d9-ddb5-4fa4-a97d-d965ccfc6d4b" outcome="Passed" testListId="8c84fa94-04c1-424b-9868-57a2d4851a1d" relativeResultsDirectory="0b67e80f-6e09-4eab-aa88-1677d966d218" />
    <UnitTestResult executionId="e9aa402e-2efc-4da2-bc55-eb3d1da78460" testId="4d224471-c0d3-8189-5d40-1274a3458e31" testName="Parser Tests.Expression Parser Tests.Literals.literals.lua case 1" computerName="dadsmbp" startTime="2025-08-22T08:10:56.7502130-04:00" endTime="2025-08-22T08:10:56.7504710-04:00" testType="13cdc9d9-ddb5-4fa4-a97d-d965ccfc6d4b" outcome="Passed" testListId="8c84fa94-04c1-424b-9868-57a2d4851a1d" relativeResultsDirectory="e9aa402e-2efc-4da2-bc55-eb3d1da78460" />
    <UnitTestResult executionId="63a4c838-5c2f-44c9-8921-5a75d56de646" testId="eb8a8a87-74b5-4d8f-53ef-eaad7463aa03" testName="Parser Tests.Expression Parser Tests.Additive Operators.left associative" computerName="dadsmbp" startTime="2025-08-22T08:10:56.7722580-04:00" endTime="2025-08-22T08:10:56.7728220-04:00" testType="13cdc9d9-ddb5-4fa4-a97d-d965ccfc6d4b" outcome="Passed" testListId="8c84fa94-04c1-424b-9868-57a2d4851a1d" relativeResultsDirectory="63a4c838-5c2f-44c9-8921-5a75d56de646" />
    <UnitTestResult executionId="c81c9949-d8ad-49c0-a66e-395b553947b4" testId="a81fb642-5efa-96c7-9da8-620d14375041" testName="Parser Tests.Expression Parser Tests.Unary Operators.bitwise not" computerName="dadsmbp" startTime="2025-08-22T08:10:56.7721380-04:00" endTime="2025-08-22T08:10:56.7722680-04:00" testType="13cdc9d9-ddb5-4fa4-a97d-d965ccfc6d4b" outcome="Passed" testListId="8c84fa94-04c1-424b-9868-57a2d4851a1d" relativeResultsDirectory="c81c9949-d8ad-49c0-a66e-395b553947b4" />
    <UnitTestResult executionId="8468b06c-8c4c-428c-9823-64747c20fd6b" testId="825fd467-52f0-ebc3-102d-d554859cb5d0" testName="Parser Tests.Expression Parser Tests.Literals.literals.lua case 3" computerName="dadsmbp" startTime="2025-08-22T08:10:56.7610140-04:00" endTime="2025-08-22T08:10:56.7610670-04:00" testType="13cdc9d9-ddb5-4fa4-a97d-d965ccfc6d4b" outcome="Passed" testListId="8c84fa94-04c1-424b-9868-57a2d4851a1d" relativeResultsDirectory="8468b06c-8c4c-428c-9823-64747c20fd6b" />
    <UnitTestResult executionId="11d3fbdd-b165-4d43-83ff-d493d63f85e4" testId="879bc477-5080-4fcf-e639-e827fa9c2556" testName="Parser Tests.Expression Parser Tests.Literals.escape form feed" computerName="dadsmbp" startTime="2025-08-22T08:10:56.7389050-04:00" endTime="2025-08-22T08:10:56.7395280-04:00" testType="13cdc9d9-ddb5-4fa4-a97d-d965ccfc6d4b" outcome="Passed" testListId="8c84fa94-04c1-424b-9868-57a2d4851a1d" relativeResultsDirectory="11d3fbdd-b165-4d43-83ff-d493d63f85e4" />
    <UnitTestResult executionId="407c6cd5-40cd-45a0-8ab4-c1863c59e5f8" testId="842abb2a-cf12-4fa5-cea8-ba137980c871" testName="Parser Tests.Expression Parser Tests.Table Constructors.Named Fields.single named field" computerName="dadsmbp" startTime="2025-08-22T08:10:56.8158330-04:00" endTime="2025-08-22T08:10:56.8166070-04:00" testType="13cdc9d9-ddb5-4fa4-a97d-d965ccfc6d4b" outcome="Passed" testListId="8c84fa94-04c1-424b-9868-57a2d4851a1d" relativeResultsDirectory="407c6cd5-40cd-45a0-8ab4-c1863c59e5f8" />
    <UnitTestResult executionId="2fd8bf7e-3132-4082-9c6f-28729b9389c4" testId="176664cd-e332-31a2-9d05-82d737b12220" testName="Parser Tests.Expression Parser Tests.Function Calls.no arguments" computerName="dadsmbp" startTime="2025-08-22T08:10:56.7936350-04:00" endTime="2025-08-22T08:10:56.7945360-04:00" testType="13cdc9d9-ddb5-4fa4-a97d-d965ccfc6d4b" outcome="Passed" testListId="8c84fa94-04c1-424b-9868-57a2d4851a1d" relativeResultsDirectory="2fd8bf7e-3132-4082-9c6f-28729b9389c4" />
    <UnitTestResult executionId="e3aeb185-5577-49dd-86e2-eda5419e3447" testId="bf42d420-5348-a17d-f0f1-75c223705f03" testName="Parser Tests.Expression Parser Tests.Unary Operators.not" computerName="dadsmbp" startTime="2025-08-22T08:10:56.7612120-04:00" endTime="2025-08-22T08:10:56.7617250-04:00" testType="13cdc9d9-ddb5-4fa4-a97d-d965ccfc6d4b" outcome="Passed" testListId="8c84fa94-04c1-424b-9868-57a2d4851a1d" relativeResultsDirectory="e3aeb185-5577-49dd-86e2-eda5419e3447" />
    <UnitTestResult executionId="eb09e839-a016-4c4b-bea1-b9c59d6d159f" testId="dd87e8f5-47dd-63a5-b069-c24fab3a48d5" testName="Parser Tests.Expression Parser Tests.Literals.escape backspace" computerName="dadsmbp" startTime="2025-08-22T08:10:56.7389070-04:00" endTime="2025-08-22T08:10:56.7395120-04:00" testType="13cdc9d9-ddb5-4fa4-a97d-d965ccfc6d4b" outcome="Passed" testListId="8c84fa94-04c1-424b-9868-57a2d4851a1d" relativeResultsDirectory="eb09e839-a016-4c4b-bea1-b9c59d6d159f" />
    <UnitTestResult executionId="23b316ec-b0db-46eb-bea3-7ebc56f5d067" testId="c9bdd070-3a4d-f33d-8633-0f0ada3f44b8" testName="Parser Tests.Expression Parser Tests.Function Calls.single argument" computerName="dadsmbp" startTime="2025-08-22T08:10:56.7936380-04:00" endTime="2025-08-22T08:10:56.7946600-04:00" testType="13cdc9d9-ddb5-4fa4-a97d-d965ccfc6d4b" outcome="Passed" testListId="8c84fa94-04c1-424b-9868-57a2d4851a1d" relativeResultsDirectory="23b316ec-b0db-46eb-bea3-7ebc56f5d067" />
    <UnitTestResult executionId="5e4fa8a7-fe8b-42b4-a469-ba75987b3090" testId="19a77eda-136e-3711-6b1c-4a0ca92ae853" testName="Parser Tests.Expression Parser Tests.Method Calls.method call with long string with space" computerName="dadsmbp" startTime="2025-08-22T08:10:56.8157680-04:00" endTime="2025-08-22T08:10:56.8158170-04:00" testType="13cdc9d9-ddb5-4fa4-a97d-d965ccfc6d4b" outcome="Passed" testListId="8c84fa94-04c1-424b-9868-57a2d4851a1d" relativeResultsDirectory="5e4fa8a7-fe8b-42b4-a469-ba75987b3090" />
    <UnitTestResult executionId="29bd0069-f861-4163-857d-91e397379656" testId="384e7e46-2939-dfa4-d397-51eef363ea84" testName="Parser Tests.Statement Parser Tests.Control Flow Statements.Function Definitions.simple function" computerName="dadsmbp" startTime="2025-08-22T08:10:56.8492630-04:00" endTime="2025-08-22T08:10:56.8497150-04:00" testType="13cdc9d9-ddb5-4fa4-a97d-d965ccfc6d4b" outcome="Passed" testListId="8c84fa94-04c1-424b-9868-57a2d4851a1d" relativeResultsDirectory="29bd0069-f861-4163-857d-91e397379656" />
    <UnitTestResult executionId="974c13a1-54e8-48ba-9b1a-3a817825f8d6" testId="f56c348e-07a4-4939-d517-9340c0ab873a" testName="Parser Tests.Statement Parser Tests.Control Flow Statements.Labels and Goto.simple label" computerName="dadsmbp" startTime="2025-08-22T08:10:56.8492130-04:00" endTime="2025-08-22T08:10:56.8493740-04:00" testType="13cdc9d9-ddb5-4fa4-a97d-d965ccfc6d4b" outcome="Passed" testListId="8c84fa94-04c1-424b-9868-57a2d4851a1d" relativeResultsDirectory="974c13a1-54e8-48ba-9b1a-3a817825f8d6" />
    <UnitTestResult executionId="acbc5394-a91a-4790-9ad7-ebe42b38f5d8" testId="affcd0cb-5609-83cd-3160-dc9ebb422db5" testName="Parser Tests.Expression Parser Tests.Edge Cases.deeply nested precedence" computerName="dadsmbp" startTime="2025-08-22T08:10:56.7936300-04:00" endTime="2025-08-22T08:10:56.7937930-04:00" testType="13cdc9d9-ddb5-4fa4-a97d-d965ccfc6d4b" outcome="Passed" testListId="8c84fa94-04c1-424b-9868-57a2d4851a1d" relativeResultsDirectory="acbc5394-a91a-4790-9ad7-ebe42b38f5d8" />
    <UnitTestResult executionId="f0c5f433-544a-47d4-8ca9-7808b565d7a2" testId="b6013297-8c3d-783b-6fe1-bb174e228c37" testName="Parser Tests.Expression Parser Tests.Literals.decimal escape null" computerName="dadsmbp" startTime="2025-08-22T08:10:56.7389370-04:00" endTime="2025-08-22T08:10:56.7400070-04:00" testType="13cdc9d9-ddb5-4fa4-a97d-d965ccfc6d4b" outcome="Passed" testListId="8c84fa94-04c1-424b-9868-57a2d4851a1d" relativeResultsDirectory="f0c5f433-544a-47d4-8ca9-7808b565d7a2" />
    <UnitTestResult executionId="676bbcc3-3d81-468a-bb61-d9e20cf001f4" testId="32c198b5-8ae6-5eaa-e3d6-53da2a126eff" testName="Parser Tests.Statement Parser Tests.Control Flow Statements.if with elseif and else" computerName="dadsmbp" startTime="2025-08-22T08:10:56.8380900-04:00" endTime="2025-08-22T08:10:56.8392230-04:00" testType="13cdc9d9-ddb5-4fa4-a97d-d965ccfc6d4b" outcome="Passed" testListId="8c84fa94-04c1-424b-9868-57a2d4851a1d" relativeResultsDirectory="676bbcc3-3d81-468a-bb61-d9e20cf001f4" />
    <UnitTestResult executionId="be8c2a82-39c8-4221-900b-4f1f38cf2ca2" testId="d42cbb2a-9c1a-4f4b-4584-5987904f9667" testName="Parser Tests.Expression Parser Tests.Table Constructors.Complex Examples.table with method calls" computerName="dadsmbp" startTime="2025-08-22T08:10:56.8268920-04:00" endTime="2025-08-22T08:10:56.8269420-04:00" testType="13cdc9d9-ddb5-4fa4-a97d-d965ccfc6d4b" outcome="Passed" testListId="8c84fa94-04c1-424b-9868-57a2d4851a1d" relativeResultsDirectory="be8c2a82-39c8-4221-900b-4f1f38cf2ca2" />
    <UnitTestResult executionId="87b689df-e908-4645-b8cf-c0020b453844" testId="7629efc5-22c4-69dc-f7ed-95c284f64f2c" testName="Parser Tests.Expression Parser Tests.Literals.escape carriage return" computerName="dadsmbp" startTime="2025-08-22T08:10:56.7389210-04:00" endTime="2025-08-22T08:10:56.7395470-04:00" testType="13cdc9d9-ddb5-4fa4-a97d-d965ccfc6d4b" outcome="Passed" testListId="8c84fa94-04c1-424b-9868-57a2d4851a1d" relativeResultsDirectory="87b689df-e908-4645-b8cf-c0020b453844" />
    <UnitTestResult executionId="d60fcd35-620f-4497-abc3-6e39394d20b2" testId="c8ec8d0b-8726-1048-5a8e-70417ccfe9cc" testName="Parser Tests.Expression Parser Tests.Literals.escape vertical tab" computerName="dadsmbp" startTime="2025-08-22T08:10:56.7389260-04:00" endTime="2025-08-22T08:10:56.7396970-04:00" testType="13cdc9d9-ddb5-4fa4-a97d-d965ccfc6d4b" outcome="Passed" testListId="8c84fa94-04c1-424b-9868-57a2d4851a1d" relativeResultsDirectory="d60fcd35-620f-4497-abc3-6e39394d20b2" />
    <UnitTestResult executionId="75ab069f-b553-4821-8e3e-786cacae4672" testId="e49a374f-44a9-aa9d-355d-21ac7439d26a" testName="Function call parsing.Call with string literal (no parens)" computerName="dadsmbp" startTime="2025-08-22T08:10:56.9035180-04:00" endTime="2025-08-22T08:10:56.9042810-04:00" testType="13cdc9d9-ddb5-4fa4-a97d-d965ccfc6d4b" outcome="Passed" testListId="8c84fa94-04c1-424b-9868-57a2d4851a1d" relativeResultsDirectory="75ab069f-b553-4821-8e3e-786cacae4672" />
    <UnitTestResult executionId="158f80f5-9b04-4132-a259-c8e7d33a3bc8" testId="f5a75e3b-7a61-b51c-fbbf-ba6389078cf8" testName="Parser Tests.Statement Parser Tests.Parser Fixes.Table Assignment at Statement Level (Fixed).table assignment with expression key" computerName="dadsmbp" startTime="2025-08-22T08:10:56.8711160-04:00" endTime="2025-08-22T08:10:56.8713020-04:00" testType="13cdc9d9-ddb5-4fa4-a97d-d965ccfc6d4b" outcome="Passed" testListId="8c84fa94-04c1-424b-9868-57a2d4851a1d" relativeResultsDirectory="158f80f5-9b04-4132-a259-c8e7d33a3bc8" />
    <UnitTestResult executionId="e6f2bd39-41c4-4aa2-b2c8-88aac80feb70" testId="61b22050-97ad-20ac-89ce-f3b72a5a8e5a" testName="Parser Tests.Statement Parser Tests.Parser Fixes.Complex Assignment Patterns.assignment with table constructor key" computerName="dadsmbp" startTime="2025-08-22T08:10:56.8822260-04:00" endTime="2025-08-22T08:10:56.8825170-04:00" testType="13cdc9d9-ddb5-4fa4-a97d-d965ccfc6d4b" outcome="Passed" testListId="8c84fa94-04c1-424b-9868-57a2d4851a1d" relativeResultsDirectory="e6f2bd39-41c4-4aa2-b2c8-88aac80feb70" />
    <UnitTestResult executionId="4d00e675-9fc7-4196-90bc-a149e56561d0" testId="3f3fa638-09ba-1011-7392-05cac169df0e" testName="Parser Tests.Expression Parser Tests.Complex Expressions.operator precedence" computerName="dadsmbp" startTime="2025-08-22T08:10:56.7834000-04:00" endTime="2025-08-22T08:10:56.7837560-04:00" testType="13cdc9d9-ddb5-4fa4-a97d-d965ccfc6d4b" outcome="Passed" testListId="8c84fa94-04c1-424b-9868-57a2d4851a1d" relativeResultsDirectory="4d00e675-9fc7-4196-90bc-a149e56561d0" />
    <UnitTestResult executionId="8ce5ccb2-d10e-4e1c-95a5-656440988670" testId="e9dbbd1d-bdb4-59d4-eeba-825afa778cbf" testName="Parser Tests.Statement Parser Tests.Basic Statements.multiple local with function call" computerName="dadsmbp" startTime="2025-08-22T08:10:56.8380280-04:00" endTime="2025-08-22T08:10:56.8381830-04:00" testType="13cdc9d9-ddb5-4fa4-a97d-d965ccfc6d4b" outcome="Passed" testListId="8c84fa94-04c1-424b-9868-57a2d4851a1d" relativeResultsDirectory="8ce5ccb2-d10e-4e1c-95a5-656440988670" />
    <UnitTestResult executionId="6c81da50-3adc-4936-bee5-39de62b06d76" testId="6d9ca8dd-f154-227d-84e3-afa1a8dfa77e" testName="Parser Tests.Expression Parser Tests.Table Constructors.Mixed Fields.nested tables" computerName="dadsmbp" startTime="2025-08-22T08:10:56.8268570-04:00" endTime="2025-08-22T08:10:56.8269100-04:00" testType="13cdc9d9-ddb5-4fa4-a97d-d965ccfc6d4b" outcome="Passed" testListId="8c84fa94-04c1-424b-9868-57a2d4851a1d" relativeResultsDirectory="6c81da50-3adc-4936-bee5-39de62b06d76" />
    <UnitTestResult executionId="ddec43a0-3de1-4370-9b7e-b89bdbcfe2d4" testId="e6fd593e-8926-6b22-f12a-96430c0fbf2e" testName="Parser Tests.Expression Parser Tests.Literals.unicode escape zero" computerName="dadsmbp" startTime="2025-08-22T08:10:56.7499310-04:00" endTime="2025-08-22T08:10:56.7511310-04:00" testType="13cdc9d9-ddb5-4fa4-a97d-d965ccfc6d4b" outcome="Passed" testListId="8c84fa94-04c1-424b-9868-57a2d4851a1d" relativeResultsDirectory="ddec43a0-3de1-4370-9b7e-b89bdbcfe2d4" />
    <UnitTestResult executionId="1fcc12ab-6806-4ba8-932c-1a7e3131a7bf" testId="e514b4b5-ff0e-0503-c03f-cd130b642260" testName="Parser Tests.Statement Parser Tests.Variable Attributes.Function Parameter Attributes.function with close parameter" computerName="dadsmbp" startTime="2025-08-22T08:10:56.8710280-04:00" endTime="2025-08-22T08:10:56.8710840-04:00" testType="13cdc9d9-ddb5-4fa4-a97d-d965ccfc6d4b" outcome="Passed" testListId="8c84fa94-04c1-424b-9868-57a2d4851a1d" relativeResultsDirectory="1fcc12ab-6806-4ba8-932c-1a7e3131a7bf" />
    <UnitTestResult executionId="42ce23b3-57ed-4742-9a63-f70d7184235d" testId="3dc1068f-82d6-84de-c908-e4f233ecb350" testName="Parser Tests.Expression Parser Tests.Table Constructors.Mixed Fields.all field types" computerName="dadsmbp" startTime="2025-08-22T08:10:56.8158710-04:00" endTime="2025-08-22T08:10:56.8166280-04:00" testType="13cdc9d9-ddb5-4fa4-a97d-d965ccfc6d4b" outcome="Passed" testListId="8c84fa94-04c1-424b-9868-57a2d4851a1d" relativeResultsDirectory="42ce23b3-57ed-4742-9a63-f70d7184235d" />
    <UnitTestResult executionId="6de064ac-9260-43d4-a465-e6de320c3c11" testId="657128c5-a00a-417a-0398-225465022baf" testName="Parser Tests.Expression Parser Tests.Table Constructors.Named Fields.named field with expression" computerName="dadsmbp" startTime="2025-08-22T08:10:56.8158330-04:00" endTime="2025-08-22T08:10:56.8165900-04:00" testType="13cdc9d9-ddb5-4fa4-a97d-d965ccfc6d4b" outcome="Passed" testListId="8c84fa94-04c1-424b-9868-57a2d4851a1d" relativeResultsDirectory="6de064ac-9260-43d4-a465-e6de320c3c11" />
    <UnitTestResult executionId="75149075-9903-49c3-9464-ddb68669f9ae" testId="cfa379e1-09d8-dba5-206b-c6e2aaf24ff1" testName="Parser Tests.Expression Parser Tests.Table Access.bracket access string" computerName="dadsmbp" startTime="2025-08-22T08:10:56.8046930-04:00" endTime="2025-08-22T08:10:56.8052720-04:00" testType="13cdc9d9-ddb5-4fa4-a97d-d965ccfc6d4b" outcome="Passed" testListId="8c84fa94-04c1-424b-9868-57a2d4851a1d" relativeResultsDirectory="75149075-9903-49c3-9464-ddb68669f9ae" />
    <UnitTestResult executionId="ebe32e72-292a-4c97-9777-599be83479dc" testId="1c24d863-fa07-deb5-4fb7-f467d466cb55" testName="Parser Tests.Expression Parser Tests.Parentheses.nested parentheses" computerName="dadsmbp" startTime="2025-08-22T08:10:56.7610840-04:00" endTime="2025-08-22T08:10:56.7613980-04:00" testType="13cdc9d9-ddb5-4fa4-a97d-d965ccfc6d4b" outcome="Passed" testListId="8c84fa94-04c1-424b-9868-57a2d4851a1d" relativeResultsDirectory="ebe32e72-292a-4c97-9777-599be83479dc" />
    <UnitTestResult executionId="eceaf38b-a845-4a26-9ffc-65331e681ef7" testId="a4206639-8551-015b-9278-1c1f53a52704" testName="Parser Tests.Expression Parser Tests.Power Operator.right associative" computerName="dadsmbp" startTime="2025-08-22T08:10:56.7721640-04:00" endTime="2025-08-22T08:10:56.7728480-04:00" testType="13cdc9d9-ddb5-4fa4-a97d-d965ccfc6d4b" outcome="Passed" testListId="8c84fa94-04c1-424b-9868-57a2d4851a1d" relativeResultsDirectory="eceaf38b-a845-4a26-9ffc-65331e681ef7" />
    <UnitTestResult executionId="6e1722f5-2ccc-4b96-932d-86271b55e484" testId="1a716a10-d641-d602-72f7-3f93f8cd0402" testName="Parser Tests.Expression Parser Tests.Table Constructors.Complex Examples.mixed complex expressions" computerName="dadsmbp" duration="00:00:00.0010000" startTime="2025-08-22T08:10:56.8269210-04:00" endTime="2025-08-22T08:10:56.8285180-04:00" testType="13cdc9d9-ddb5-4fa4-a97d-d965ccfc6d4b" outcome="Passed" testListId="8c84fa94-04c1-424b-9868-57a2d4851a1d" relativeResultsDirectory="6e1722f5-2ccc-4b96-932d-86271b55e484" />
    <UnitTestResult executionId="c990f1bf-9e9e-4328-a5a3-b8a9e7b7735f" testId="50da10f7-26a6-5189-a981-de50fa2ada1b" testName="Parser Tests.Expression Parser Tests.Edge Cases.boolean logic chain" computerName="dadsmbp" startTime="2025-08-22T08:10:56.7936320-04:00" endTime="2025-08-22T08:10:56.7938660-04:00" testType="13cdc9d9-ddb5-4fa4-a97d-d965ccfc6d4b" outcome="Passed" testListId="8c84fa94-04c1-424b-9868-57a2d4851a1d" relativeResultsDirectory="c990f1bf-9e9e-4328-a5a3-b8a9e7b7735f" />
    <UnitTestResult executionId="43aebd03-5b16-4b7a-824a-280188de4715" testId="254cc30b-5b1d-8fc3-09ec-d3df0b2b3af0" testName="Parser Tests.Expression Parser Tests.Table Constructors.Named Fields.multiple named fields" computerName="dadsmbp" startTime="2025-08-22T08:10:56.8158310-04:00" endTime="2025-08-22T08:10:56.8166230-04:00" testType="13cdc9d9-ddb5-4fa4-a97d-d965ccfc6d4b" outcome="Passed" testListId="8c84fa94-04c1-424b-9868-57a2d4851a1d" relativeResultsDirectory="43aebd03-5b16-4b7a-824a-280188de4715" />
    <UnitTestResult executionId="f111be0f-50ec-4f69-8eb4-eaa6ee8f3543" testId="bdad5a6a-6be3-3f5f-d1ce-c9d3ae870232" testName="Parser Tests.Expression Parser Tests.Literals.null in middle" computerName="dadsmbp" startTime="2025-08-22T08:10:56.7502010-04:00" endTime="2025-08-22T08:10:56.7503980-04:00" testType="13cdc9d9-ddb5-4fa4-a97d-d965ccfc6d4b" outcome="Passed" testListId="8c84fa94-04c1-424b-9868-57a2d4851a1d" relativeResultsDirectory="f111be0f-50ec-4f69-8eb4-eaa6ee8f3543" />
    <UnitTestResult executionId="797d851f-9b37-4327-9eef-51173abbafce" testId="3c0e3cca-3008-f566-244c-afe831eddad2" testName="Parser Tests.Expression Parser Tests.Function Calls.multiple arguments" computerName="dadsmbp" startTime="2025-08-22T08:10:56.7936570-04:00" endTime="2025-08-22T08:10:56.7946570-04:00" testType="13cdc9d9-ddb5-4fa4-a97d-d965ccfc6d4b" outcome="Passed" testListId="8c84fa94-04c1-424b-9868-57a2d4851a1d" relativeResultsDirectory="797d851f-9b37-4327-9eef-51173abbafce" />
    <UnitTestResult executionId="38419663-cc1c-4a22-a573-d28f07c4fae6" testId="3cd06007-638e-cadc-f706-4c9a509133f7" testName="Long string parsing.No initial newline" computerName="dadsmbp" duration="00:00:00.0050000" startTime="2025-08-22T08:10:56.8923780-04:00" endTime="2025-08-22T08:10:56.8979610-04:00" testType="13cdc9d9-ddb5-4fa4-a97d-d965ccfc6d4b" outcome="Passed" testListId="8c84fa94-04c1-424b-9868-57a2d4851a1d" relativeResultsDirectory="38419663-cc1c-4a22-a573-d28f07c4fae6" />
    <UnitTestResult executionId="0f649c3b-b7dd-4b40-ae84-76d17f06dc76" testId="48b68161-6a77-c4ee-cbc6-b600ca4b2b7f" testName="Parser Tests.Statement Parser Tests.Parser Fixes.Table Assignment at Statement Level (Fixed).table string key assignment" computerName="dadsmbp" startTime="2025-08-22T08:10:56.8711010-04:00" endTime="2025-08-22T08:10:56.8712300-04:00" testType="13cdc9d9-ddb5-4fa4-a97d-d965ccfc6d4b" outcome="Passed" testListId="8c84fa94-04c1-424b-9868-57a2d4851a1d" relativeResultsDirectory="0f649c3b-b7dd-4b40-ae84-76d17f06dc76" />
    <UnitTestResult executionId="5df13924-a8f5-411d-84e8-5d49732c92ab" testId="77611967-c39f-23b1-340b-615b960040c1" testName="Parser Tests.Expression Parser Tests.Table Constructors.Complex Examples.table with function calls" computerName="dadsmbp" startTime="2025-08-22T08:10:56.8268730-04:00" endTime="2025-08-22T08:10:56.8269310-04:00" testType="13cdc9d9-ddb5-4fa4-a97d-d965ccfc6d4b" outcome="Passed" testListId="8c84fa94-04c1-424b-9868-57a2d4851a1d" relativeResultsDirectory="5df13924-a8f5-411d-84e8-5d49732c92ab" />
    <UnitTestResult executionId="e1e0e3bc-4d8c-4374-9cac-24dc4b7fab41" testId="45db1f03-5434-2f8a-352f-bbb37bed0c95" testName="Parser Tests.Expression Parser Tests.Literals.escape tab" computerName="dadsmbp" startTime="2025-08-22T08:10:56.7387910-04:00" endTime="2025-08-22T08:10:56.7388610-04:00" testType="13cdc9d9-ddb5-4fa4-a97d-d965ccfc6d4b" outcome="Passed" testListId="8c84fa94-04c1-424b-9868-57a2d4851a1d" relativeResultsDirectory="e1e0e3bc-4d8c-4374-9cac-24dc4b7fab41" />
    <UnitTestResult executionId="09f657cc-cd17-47bf-b65f-965ecc5b03cb" testId="94f7471f-2f99-85fa-737f-00c961802a75" testName="Parser Tests.Expression Parser Tests.Literals.integer" computerName="dadsmbp" duration="00:00:00.0300000" startTime="2025-08-22T08:10:56.6917870-04:00" endTime="2025-08-22T08:10:56.7279380-04:00" testType="13cdc9d9-ddb5-4fa4-a97d-d965ccfc6d4b" outcome="Passed" testListId="8c84fa94-04c1-424b-9868-57a2d4851a1d" relativeResultsDirectory="09f657cc-cd17-47bf-b65f-965ecc5b03cb" />
    <UnitTestResult executionId="60a099fb-61f5-4b0a-b88d-6b2a8d54827c" testId="798740c7-4bcf-2860-2b4d-5db188ed8088" testName="Parser Tests.Statement Parser Tests.Parser Fixes.Complex Assignment Patterns.nil assignment to table" computerName="dadsmbp" startTime="2025-08-22T08:10:56.8822350-04:00" endTime="2025-08-22T08:10:56.8824900-04:00" testType="13cdc9d9-ddb5-4fa4-a97d-d965ccfc6d4b" outcome="Passed" testListId="8c84fa94-04c1-424b-9868-57a2d4851a1d" relativeResultsDirectory="60a099fb-61f5-4b0a-b88d-6b2a8d54827c" />
    <UnitTestResult executionId="84f2b8fb-c482-429d-9ed0-494f79db58e2" testId="1ab65006-1d16-c78b-9176-c6d1cbfa198a" testName="Parser Tests.Expression Parser Tests.Multiplicative Operators.float divide" computerName="dadsmbp" startTime="2025-08-22T08:10:56.7722100-04:00" endTime="2025-08-22T08:10:56.7728140-04:00" testType="13cdc9d9-ddb5-4fa4-a97d-d965ccfc6d4b" outcome="Passed" testListId="8c84fa94-04c1-424b-9868-57a2d4851a1d" relativeResultsDirectory="84f2b8fb-c482-429d-9ed0-494f79db58e2" />
    <UnitTestResult executionId="04f8d6b5-3ee3-43e1-8823-7a9062480c81" testId="413dc1a3-0eee-2fa8-da62-4788e8635f66" testName="Parser Tests.Statement Parser Tests.Variable Attributes.Function Parameter Attributes.local function with attributes" computerName="dadsmbp" startTime="2025-08-22T08:10:56.8710540-04:00" endTime="2025-08-22T08:10:56.8711010-04:00" testType="13cdc9d9-ddb5-4fa4-a97d-d965ccfc6d4b" outcome="Passed" testListId="8c84fa94-04c1-424b-9868-57a2d4851a1d" relativeResultsDirectory="04f8d6b5-3ee3-43e1-8823-7a9062480c81" />
    <UnitTestResult executionId="cd21c389-06f5-4075-b289-de3f09a63ecf" testId="01230dda-dd09-14e4-5ba7-6cc5a66146fe" testName="Parser Tests.Expression Parser Tests.Function Expressions.function with parameters" computerName="dadsmbp" duration="00:00:00.0010000" startTime="2025-08-22T08:10:56.8269310-04:00" endTime="2025-08-22T08:10:56.8286590-04:00" testType="13cdc9d9-ddb5-4fa4-a97d-d965ccfc6d4b" outcome="Passed" testListId="8c84fa94-04c1-424b-9868-57a2d4851a1d" relativeResultsDirectory="cd21c389-06f5-4075-b289-de3f09a63ecf" />
    <UnitTestResult executionId="1d5d57ce-a13c-4897-bf55-ee6634b5c77f" testId="0be8d713-e704-74fa-c8fe-5901f43db625" testName="Parser Tests.Expression Parser Tests.Literals.hex escape newline" computerName="dadsmbp" startTime="2025-08-22T08:10:56.7499110-04:00" endTime="2025-08-22T08:10:56.7502490-04:00" testType="13cdc9d9-ddb5-4fa4-a97d-d965ccfc6d4b" outcome="Passed" testListId="8c84fa94-04c1-424b-9868-57a2d4851a1d" relativeResultsDirectory="1d5d57ce-a13c-4897-bf55-ee6634b5c77f" />
    <UnitTestResult executionId="63d26fdc-65a5-4da0-9b27-85be963c9f2d" testId="5bb5f4cc-8a1b-1d50-5b9e-c5ad18e143dd" testName="Parser Tests.Statement Parser Tests.Control Flow Statements.For Loops.generic for single var" computerName="dadsmbp" startTime="2025-08-22T08:10:56.8491920-04:00" endTime="2025-08-22T08:10:56.8492870-04:00" testType="13cdc9d9-ddb5-4fa4-a97d-d965ccfc6d4b" outcome="Passed" testListId="8c84fa94-04c1-424b-9868-57a2d4851a1d" relativeResultsDirectory="63d26fdc-65a5-4da0-9b27-85be963c9f2d" />
    <UnitTestResult executionId="982105a7-354f-4240-b197-06b2b655e63a" testId="0b233c23-ae12-4c20-ed95-2f98eacd55ad" testName="Parser Tests.Expression Parser Tests.Literals.escape single quote" computerName="dadsmbp" startTime="2025-08-22T08:10:56.7388780-04:00" endTime="2025-08-22T08:10:56.7395010-04:00" testType="13cdc9d9-ddb5-4fa4-a97d-d965ccfc6d4b" outcome="Passed" testListId="8c84fa94-04c1-424b-9868-57a2d4851a1d" relativeResultsDirectory="982105a7-354f-4240-b197-06b2b655e63a" />
    <UnitTestResult executionId="5bd40f1e-d68e-46f5-9ba8-6e5fb33cabbb" testId="f55754ec-072d-a532-5fd1-647f087fa389" testName="Parser Tests.Expression Parser Tests.Table Constructors.Complex Examples.table with function definition" computerName="dadsmbp" duration="00:00:00.0010000" startTime="2025-08-22T08:10:56.8269050-04:00" endTime="2025-08-22T08:10:56.8285100-04:00" testType="13cdc9d9-ddb5-4fa4-a97d-d965ccfc6d4b" outcome="Passed" testListId="8c84fa94-04c1-424b-9868-57a2d4851a1d" relativeResultsDirectory="5bd40f1e-d68e-46f5-9ba8-6e5fb33cabbb" />
    <UnitTestResult executionId="10856660-e8ec-4286-a60d-e0e6cace177a" testId="13e04fc6-8833-a314-b97b-622e7e4d78bc" testName="Parser Tests.Expression Parser Tests.Method Calls.method with single arg" computerName="dadsmbp" startTime="2025-08-22T08:10:56.8047590-04:00" endTime="2025-08-22T08:10:56.8054760-04:00" testType="13cdc9d9-ddb5-4fa4-a97d-d965ccfc6d4b" outcome="Passed" testListId="8c84fa94-04c1-424b-9868-57a2d4851a1d" relativeResultsDirectory="10856660-e8ec-4286-a60d-e0e6cace177a" />
    <UnitTestResult executionId="690d3304-b12d-441c-b488-3ef4aa0b5266" testId="2224406e-7d17-912a-65f5-f2ed533b7d62" testName="Long string parsing.Initial newline removal" computerName="dadsmbp" duration="00:00:00.0050000" startTime="2025-08-22T08:10:56.8923680-04:00" endTime="2025-08-22T08:10:56.8980030-04:00" testType="13cdc9d9-ddb5-4fa4-a97d-d965ccfc6d4b" outcome="Passed" testListId="8c84fa94-04c1-424b-9868-57a2d4851a1d" relativeResultsDirectory="690d3304-b12d-441c-b488-3ef4aa0b5266" />
    <UnitTestResult executionId="24b3471e-3f38-4d32-b41e-0d4474abe06a" testId="16e83989-f14b-2617-4a53-58c2828f533b" testName="Parser Tests.Statement Parser Tests.Parser Fixes.Assignment vs Function Call Disambiguation.assignment with newline" computerName="dadsmbp" startTime="2025-08-22T08:10:56.8822130-04:00" endTime="2025-08-22T08:10:56.8824860-04:00" testType="13cdc9d9-ddb5-4fa4-a97d-d965ccfc6d4b" outcome="Passed" testListId="8c84fa94-04c1-424b-9868-57a2d4851a1d" relativeResultsDirectory="24b3471e-3f38-4d32-b41e-0d4474abe06a" />
    <UnitTestResult executionId="81112005-8b2e-4c45-8dfd-c254bbb131ec" testId="c72117c3-ab57-465e-9a92-830e8834255d" testName="Parser Tests.Expression Parser Tests.Bitwise Operators.bitwise xor" computerName="dadsmbp" startTime="2025-08-22T08:10:56.7832860-04:00" endTime="2025-08-22T08:10:56.7833970-04:00" testType="13cdc9d9-ddb5-4fa4-a97d-d965ccfc6d4b" outcome="Passed" testListId="8c84fa94-04c1-424b-9868-57a2d4851a1d" relativeResultsDirectory="81112005-8b2e-4c45-8dfd-c254bbb131ec" />
    <UnitTestResult executionId="02f9cb14-c084-4a74-b667-ba9bce505d97" testId="300f6dee-6490-83f6-adc0-de2d0fa5816e" testName="Parser Tests.Expression Parser Tests.String Concatenation.right associative" computerName="dadsmbp" startTime="2025-08-22T08:10:56.7722830-04:00" endTime="2025-08-22T08:10:56.7728350-04:00" testType="13cdc9d9-ddb5-4fa4-a97d-d965ccfc6d4b" outcome="Passed" testListId="8c84fa94-04c1-424b-9868-57a2d4851a1d" relativeResultsDirectory="02f9cb14-c084-4a74-b667-ba9bce505d97" />
    <UnitTestResult executionId="3c19ed2c-7958-4f8b-95c6-1c2a33b51eb3" testId="fdcfdd08-e7ac-a1f9-5ac4-b193cd2e55be" testName="Parser Tests.Expression Parser Tests.Identifiers.alphanumeric identifier" computerName="dadsmbp" startTime="2025-08-22T08:10:56.7610390-04:00" endTime="2025-08-22T08:10:56.7617080-04:00" testType="13cdc9d9-ddb5-4fa4-a97d-d965ccfc6d4b" outcome="Passed" testListId="8c84fa94-04c1-424b-9868-57a2d4851a1d" relativeResultsDirectory="3c19ed2c-7958-4f8b-95c6-1c2a33b51eb3" />
    <UnitTestResult executionId="9d569779-d3fc-42f7-8a66-0282bbbc8bd8" testId="4cb6405b-7bb5-3db8-6617-a196a7bd9324" testName="Parser Tests.Expression Parser Tests.Literals.hex integer" computerName="dadsmbp" duration="00:00:00.0210000" startTime="2025-08-22T08:10:56.6923850-04:00" endTime="2025-08-22T08:10:56.7278690-04:00" testType="13cdc9d9-ddb5-4fa4-a97d-d965ccfc6d4b" outcome="Passed" testListId="8c84fa94-04c1-424b-9868-57a2d4851a1d" relativeResultsDirectory="9d569779-d3fc-42f7-8a66-0282bbbc8bd8" />
    <UnitTestResult executionId="431b5004-511f-4f6d-984d-1c11b759a815" testId="572906bd-cd69-d3d4-c0be-6d2b51eb223e" testName="Parser Tests.Expression Parser Tests.Method Calls.method call with long string with equals" computerName="dadsmbp" startTime="2025-08-22T08:10:56.8157740-04:00" endTime="2025-08-22T08:10:56.8159760-04:00" testType="13cdc9d9-ddb5-4fa4-a97d-d965ccfc6d4b" outcome="Passed" testListId="8c84fa94-04c1-424b-9868-57a2d4851a1d" relativeResultsDirectory="431b5004-511f-4f6d-984d-1c11b759a815" />
    <UnitTestResult executionId="73c540f5-a678-46bb-9966-b5b2a2edba0a" testId="b54fbc8b-aa09-8101-26eb-6b944ceeffe0" testName="Parser Tests.Expression Parser Tests.Literals.float" computerName="dadsmbp" duration="00:00:00.0320000" startTime="2025-08-22T08:10:56.6917870-04:00" endTime="2025-08-22T08:10:56.7279270-04:00" testType="13cdc9d9-ddb5-4fa4-a97d-d965ccfc6d4b" outcome="Passed" testListId="8c84fa94-04c1-424b-9868-57a2d4851a1d" relativeResultsDirectory="73c540f5-a678-46bb-9966-b5b2a2edba0a" />
    <UnitTestResult executionId="14a58cac-d427-49aa-83b3-db353c72edfe" testId="8ca401d4-73e8-2216-59da-4cc641e70c7c" testName="Parser Tests.Statement Parser Tests.Basic Statements.return empty" computerName="dadsmbp" startTime="2025-08-22T08:10:56.8380440-04:00" endTime="2025-08-22T08:10:56.8380940-04:00" testType="13cdc9d9-ddb5-4fa4-a97d-d965ccfc6d4b" outcome="Passed" testListId="8c84fa94-04c1-424b-9868-57a2d4851a1d" relativeResultsDirectory="14a58cac-d427-49aa-83b3-db353c72edfe" />
    <UnitTestResult executionId="d60366fc-c165-4e55-8cad-e6c912416817" testId="c6c69823-0e8f-a585-91ca-73273148719d" testName="Parser Tests.Expression Parser Tests.Table Constructors.Key Fields.key field with expression" computerName="dadsmbp" startTime="2025-08-22T08:10:56.8158620-04:00" endTime="2025-08-22T08:10:56.8166000-04:00" testType="13cdc9d9-ddb5-4fa4-a97d-d965ccfc6d4b" outcome="Passed" testListId="8c84fa94-04c1-424b-9868-57a2d4851a1d" relativeResultsDirectory="d60366fc-c165-4e55-8cad-e6c912416817" />
    <UnitTestResult executionId="0357581a-71b5-4a4e-9cbf-2a344b2649ae" testId="db7077dd-4ef5-8d20-6540-9087a3bc4696" testName="Variable attributes (Lua 5.4).Const attribute" computerName="dadsmbp" startTime="2025-08-22T08:10:56.9035390-04:00" endTime="2025-08-22T08:10:56.9037830-04:00" testType="13cdc9d9-ddb5-4fa4-a97d-d965ccfc6d4b" outcome="Passed" testListId="8c84fa94-04c1-424b-9868-57a2d4851a1d" relativeResultsDirectory="0357581a-71b5-4a4e-9cbf-2a344b2649ae" />
    <UnitTestResult executionId="126e3285-b5fc-4298-b370-1aa4a7a68103" testId="95ca2f10-0840-0229-390b-f87fb8626041" testName="Parser Tests.Expression Parser Tests.Parentheses.parentheses with spaces" computerName="dadsmbp" startTime="2025-08-22T08:10:56.7611060-04:00" endTime="2025-08-22T08:10:56.7615950-04:00" testType="13cdc9d9-ddb5-4fa4-a97d-d965ccfc6d4b" outcome="Passed" testListId="8c84fa94-04c1-424b-9868-57a2d4851a1d" relativeResultsDirectory="126e3285-b5fc-4298-b370-1aa4a7a68103" />
    <UnitTestResult executionId="6acab3ea-2bb6-4a1e-a856-3b92ec3f236d" testId="7bc1d170-f1b7-3e2b-5aa9-100d068bc770" testName="Parser Tests.Expression Parser Tests.Whitespace Handling.no spaces" computerName="dadsmbp" startTime="2025-08-22T08:10:56.7935820-04:00" endTime="2025-08-22T08:10:56.7936860-04:00" testType="13cdc9d9-ddb5-4fa4-a97d-d965ccfc6d4b" outcome="Passed" testListId="8c84fa94-04c1-424b-9868-57a2d4851a1d" relativeResultsDirectory="6acab3ea-2bb6-4a1e-a856-3b92ec3f236d" />
    <UnitTestResult executionId="c259e601-59af-4927-a633-aa405a365093" testId="db53c524-8356-fa82-3d0f-6ff9dca12bff" testName="Parser Tests.Expression Parser Tests.Literals.multiple escapes" computerName="dadsmbp" startTime="2025-08-22T08:10:56.7499560-04:00" endTime="2025-08-22T08:10:56.7502230-04:00" testType="13cdc9d9-ddb5-4fa4-a97d-d965ccfc6d4b" outcome="Passed" testListId="8c84fa94-04c1-424b-9868-57a2d4851a1d" relativeResultsDirectory="c259e601-59af-4927-a633-aa405a365093" />
    <UnitTestResult executionId="0272ec2e-3fd6-453a-953f-7b72a9830ab4" testId="fdd1ff42-4124-956c-0518-65da789ad001" testName="Parser Tests.Statement Parser Tests.Parser Fixes.Complex Assignment Patterns.assignment with parenthesized lvalue" computerName="dadsmbp" startTime="2025-08-22T08:10:56.8822320-04:00" endTime="2025-08-22T08:10:56.8825100-04:00" testType="13cdc9d9-ddb5-4fa4-a97d-d965ccfc6d4b" outcome="Passed" testListId="8c84fa94-04c1-424b-9868-57a2d4851a1d" relativeResultsDirectory="0272ec2e-3fd6-453a-953f-7b72a9830ab4" />
    <UnitTestResult executionId="9c36c58d-42a1-4369-9b49-49a4adc3ebdc" testId="31b647c0-1b1b-231b-0aa9-4845822edf5a" testName="Parser Tests.Statement Parser Tests.Control Flow Statements.Function Definitions.method definition" computerName="dadsmbp" startTime="2025-08-22T08:10:56.8602700-04:00" endTime="2025-08-22T08:10:56.8606440-04:00" testType="13cdc9d9-ddb5-4fa4-a97d-d965ccfc6d4b" outcome="Passed" testListId="8c84fa94-04c1-424b-9868-57a2d4851a1d" relativeResultsDirectory="9c36c58d-42a1-4369-9b49-49a4adc3ebdc" />
    <UnitTestResult executionId="625b776e-9b3a-47d7-90ba-223c5d349db8" testId="d70ea16a-84c0-2dfe-d4d6-916e2a4eee9d" testName="Parser Tests.Expression Parser Tests.Complex Expressions.logical and comparison" computerName="dadsmbp" startTime="2025-08-22T08:10:56.7935590-04:00" endTime="2025-08-22T08:10:56.7936390-04:00" testType="13cdc9d9-ddb5-4fa4-a97d-d965ccfc6d4b" outcome="Passed" testListId="8c84fa94-04c1-424b-9868-57a2d4851a1d" relativeResultsDirectory="625b776e-9b3a-47d7-90ba-223c5d349db8" />
    <UnitTestResult executionId="e426640e-3770-440b-b4ef-550d8f00c5b1" testId="6bcb40f4-cf24-de68-ebe9-a8a7e6ab39fc" testName="Parser Tests.Expression Parser Tests.Literals.hex escape A" computerName="dadsmbp" startTime="2025-08-22T08:10:56.7498710-04:00" endTime="2025-08-22T08:10:56.7502120-04:00" testType="13cdc9d9-ddb5-4fa4-a97d-d965ccfc6d4b" outcome="Passed" testListId="8c84fa94-04c1-424b-9868-57a2d4851a1d" relativeResultsDirectory="e426640e-3770-440b-b4ef-550d8f00c5b1" />
    <UnitTestResult executionId="58aad5e5-aa3e-47fd-885b-ebe1a7da4a58" testId="f29bdae9-c01a-7137-ad74-65c73cf932a0" testName="Parser Tests.Expression Parser Tests.Literals.negative hex integer" computerName="dadsmbp" duration="00:00:00.0210000" startTime="2025-08-22T08:10:56.6925230-04:00" endTime="2025-08-22T08:10:56.7278610-04:00" testType="13cdc9d9-ddb5-4fa4-a97d-d965ccfc6d4b" outcome="Passed" testListId="8c84fa94-04c1-424b-9868-57a2d4851a1d" relativeResultsDirectory="58aad5e5-aa3e-47fd-885b-ebe1a7da4a58" />
    <UnitTestResult executionId="17b6a53f-6d6f-4aa8-b85b-fdb21adaf5ab" testId="e5c063e2-57d2-6d48-c35f-7e8e3d6332c0" testName="Hex literal parsing.Standard hex values" computerName="dadsmbp" startTime="2025-08-22T08:10:56.8822860-04:00" endTime="2025-08-22T08:10:56.8830630-04:00" testType="13cdc9d9-ddb5-4fa4-a97d-d965ccfc6d4b" outcome="Passed" testListId="8c84fa94-04c1-424b-9868-57a2d4851a1d" relativeResultsDirectory="17b6a53f-6d6f-4aa8-b85b-fdb21adaf5ab" />
    <UnitTestResult executionId="f6938eca-06fc-4462-9ebe-79e71a39adfc" testId="51ca660f-46f5-4f0b-f9eb-b6d216c6a4a2" testName="Parser Tests.Expression Parser Tests.Multiplicative Operators.left associative" computerName="dadsmbp" startTime="2025-08-22T08:10:56.7722190-04:00" endTime="2025-08-22T08:10:56.7728250-04:00" testType="13cdc9d9-ddb5-4fa4-a97d-d965ccfc6d4b" outcome="Passed" testListId="8c84fa94-04c1-424b-9868-57a2d4851a1d" relativeResultsDirectory="f6938eca-06fc-4462-9ebe-79e71a39adfc" />
    <UnitTestResult executionId="04c0c3aa-bb8f-4c8b-90c3-b3c51fae0201" testId="d3c442eb-a0af-517d-1486-3bae2dbdb273" testName="String escape sequences.Hex escape" computerName="dadsmbp" duration="00:00:00.0050000" startTime="2025-08-22T08:10:56.8924160-04:00" endTime="2025-08-22T08:10:56.8979750-04:00" testType="13cdc9d9-ddb5-4fa4-a97d-d965ccfc6d4b" outcome="Passed" testListId="8c84fa94-04c1-424b-9868-57a2d4851a1d" relativeResultsDirectory="04c0c3aa-bb8f-4c8b-90c3-b3c51fae0201" />
    <UnitTestResult executionId="ee10e4fc-e6a1-4c07-b1fc-4957fc00080b" testId="9aff055a-1ad6-d302-1b8e-67c3f447edb9" testName="Parser Tests.Expression Parser Tests.Bitwise Operators.precedence" computerName="dadsmbp" startTime="2025-08-22T08:10:56.7833010-04:00" endTime="2025-08-22T08:10:56.7834900-04:00" testType="13cdc9d9-ddb5-4fa4-a97d-d965ccfc6d4b" outcome="Passed" testListId="8c84fa94-04c1-424b-9868-57a2d4851a1d" relativeResultsDirectory="ee10e4fc-e6a1-4c07-b1fc-4957fc00080b" />
    <UnitTestResult executionId="d4e73550-420a-4bb9-911b-1b56d118dbca" testId="f362749b-c766-edfa-beed-a4a7ae724ae8" testName="Parser Tests.Expression Parser Tests.Table Constructors.Mixed Fields.values and named" computerName="dadsmbp" startTime="2025-08-22T08:10:56.8158660-04:00" endTime="2025-08-22T08:10:56.8166210-04:00" testType="13cdc9d9-ddb5-4fa4-a97d-d965ccfc6d4b" outcome="Passed" testListId="8c84fa94-04c1-424b-9868-57a2d4851a1d" relativeResultsDirectory="d4e73550-420a-4bb9-911b-1b56d118dbca" />
    <UnitTestResult executionId="7f797721-bf97-4b88-b669-e57dd30ec9bf" testId="8dfd896c-4a4b-dcc4-c53c-56fdcd545dd6" testName="Parser Tests.Expression Parser Tests.Complex Expressions.mixed operators" computerName="dadsmbp" startTime="2025-08-22T08:10:56.7834080-04:00" endTime="2025-08-22T08:10:56.7837840-04:00" testType="13cdc9d9-ddb5-4fa4-a97d-d965ccfc6d4b" outcome="Passed" testListId="8c84fa94-04c1-424b-9868-57a2d4851a1d" relativeResultsDirectory="7f797721-bf97-4b88-b669-e57dd30ec9bf" />
    <UnitTestResult executionId="d02c6373-cabd-43d9-85f5-ab5c5666685e" testId="f9b1b562-700c-308d-bc66-002581032a2e" testName="Parser Tests.Statement Parser Tests.Basic Statements.simple assignment" computerName="dadsmbp" duration="00:00:00.0010000" startTime="2025-08-22T08:10:56.8269590-04:00" endTime="2025-08-22T08:10:56.8287180-04:00" testType="13cdc9d9-ddb5-4fa4-a97d-d965ccfc6d4b" outcome="Passed" testListId="8c84fa94-04c1-424b-9868-57a2d4851a1d" relativeResultsDirectory="d02c6373-cabd-43d9-85f5-ab5c5666685e" />
    <UnitTestResult executionId="e32c244e-fb9c-45d9-ae8a-fd7a3145ae99" testId="d6ad8503-abcd-d671-2bc8-4af4c4c0ff76" testName="Parser Tests.Expression Parser Tests.Parentheses.triple nested" computerName="dadsmbp" startTime="2025-08-22T08:10:56.7610910-04:00" endTime="2025-08-22T08:10:56.7616020-04:00" testType="13cdc9d9-ddb5-4fa4-a97d-d965ccfc6d4b" outcome="Passed" testListId="8c84fa94-04c1-424b-9868-57a2d4851a1d" relativeResultsDirectory="e32c244e-fb9c-45d9-ae8a-fd7a3145ae99" />
    <UnitTestResult executionId="197681bd-663c-4ae2-a047-58697c258286" testId="abcd273c-5fb8-2e18-1f45-cd1c0a4ca70a" testName="Parser Tests.Expression Parser Tests.Table Access.chained bracket access" computerName="dadsmbp" startTime="2025-08-22T08:10:56.8047300-04:00" endTime="2025-08-22T08:10:56.8052950-04:00" testType="13cdc9d9-ddb5-4fa4-a97d-d965ccfc6d4b" outcome="Passed" testListId="8c84fa94-04c1-424b-9868-57a2d4851a1d" relativeResultsDirectory="197681bd-663c-4ae2-a047-58697c258286" />
    <UnitTestResult executionId="443407db-be8c-45bb-a6d6-f315e5b93c79" testId="04ba60a7-0794-c732-2213-aafcbc4ed08e" testName="Parser Tests.Expression Parser Tests.Literals.escape newline" computerName="dadsmbp" startTime="2025-08-22T08:10:56.7261890-04:00" endTime="2025-08-22T08:10:56.7302110-04:00" testType="13cdc9d9-ddb5-4fa4-a97d-d965ccfc6d4b" outcome="Passed" testListId="8c84fa94-04c1-424b-9868-57a2d4851a1d" relativeResultsDirectory="443407db-be8c-45bb-a6d6-f315e5b93c79" />
    <UnitTestResult executionId="99ef6063-89d4-4b3e-9065-4258ee65e36f" testId="5e57c659-2db4-b8ce-a9d9-50e1e7b7b842" testName="Parser Tests.Expression Parser Tests.Shift Operators.right shift" computerName="dadsmbp" startTime="2025-08-22T08:10:56.7724810-04:00" endTime="2025-08-22T08:10:56.7728400-04:00" testType="13cdc9d9-ddb5-4fa4-a97d-d965ccfc6d4b" outcome="Passed" testListId="8c84fa94-04c1-424b-9868-57a2d4851a1d" relativeResultsDirectory="99ef6063-89d4-4b3e-9065-4258ee65e36f" />
    <UnitTestResult executionId="298843de-7c0f-4693-b436-bae6229e6e69" testId="44d94748-57c3-dbaf-aee8-a341a854133e" testName="Parser Tests.Expression Parser Tests.Comparison Operators.less equal" computerName="dadsmbp" startTime="2025-08-22T08:10:56.7833440-04:00" endTime="2025-08-22T08:10:56.7836130-04:00" testType="13cdc9d9-ddb5-4fa4-a97d-d965ccfc6d4b" outcome="Passed" testListId="8c84fa94-04c1-424b-9868-57a2d4851a1d" relativeResultsDirectory="298843de-7c0f-4693-b436-bae6229e6e69" />
    <UnitTestResult executionId="895f17f8-9759-4f29-83c7-b3d761436f1b" testId="556ee242-82d6-10d0-ca79-6cc9ec701327" testName="Parser Tests.Expression Parser Tests.Literals.line continuation empty" computerName="dadsmbp" startTime="2025-08-22T08:10:56.7499490-04:00" endTime="2025-08-22T08:10:56.7504610-04:00" testType="13cdc9d9-ddb5-4fa4-a97d-d965ccfc6d4b" outcome="Passed" testListId="8c84fa94-04c1-424b-9868-57a2d4851a1d" relativeResultsDirectory="895f17f8-9759-4f29-83c7-b3d761436f1b" />
    <UnitTestResult executionId="9e21c583-ea12-40f8-ac8b-366bd2615168" testId="0ee73c2d-1ffb-ddf9-4e07-1b1702a6be39" testName="Parser Tests.Expression Parser Tests.Unary Operators.negate" computerName="dadsmbp" startTime="2025-08-22T08:10:56.7612940-04:00" endTime="2025-08-22T08:10:56.7613480-04:00" testType="13cdc9d9-ddb5-4fa4-a97d-d965ccfc6d4b" outcome="Passed" testListId="8c84fa94-04c1-424b-9868-57a2d4851a1d" relativeResultsDirectory="9e21c583-ea12-40f8-ac8b-366bd2615168" />
    <UnitTestResult executionId="acc26c6a-2e9e-467d-9266-4cf1bb694be0" testId="f1daec19-81ab-0a86-67a4-55383baf385f" testName="Parser Tests.Expression Parser Tests.Literals.decimal escape two digits" computerName="dadsmbp" startTime="2025-08-22T08:10:56.7389600-04:00" endTime="2025-08-22T08:10:56.7400310-04:00" testType="13cdc9d9-ddb5-4fa4-a97d-d965ccfc6d4b" outcome="Passed" testListId="8c84fa94-04c1-424b-9868-57a2d4851a1d" relativeResultsDirectory="acc26c6a-2e9e-467d-9266-4cf1bb694be0" />
    <UnitTestResult executionId="6f14978f-4d0c-46e1-b5ed-4582e28e8f89" testId="b91df055-d81f-13a2-3b2a-adce7e1ce561" testName="Parser Tests.Statement Parser Tests.Basic Statements.assignment with table access" computerName="dadsmbp" startTime="2025-08-22T08:10:56.8379890-04:00" endTime="2025-08-22T08:10:56.8380910-04:00" testType="13cdc9d9-ddb5-4fa4-a97d-d965ccfc6d4b" outcome="Passed" testListId="8c84fa94-04c1-424b-9868-57a2d4851a1d" relativeResultsDirectory="6f14978f-4d0c-46e1-b5ed-4582e28e8f89" />
    <UnitTestResult executionId="b1e09a65-4d84-4d12-a2b1-6070f1ca9b32" testId="4a9b90f7-2118-e89c-bf1b-7ef1296b8510" testName="Parser Tests.Expression Parser Tests.Multiplicative Operators.modulo" computerName="dadsmbp" startTime="2025-08-22T08:10:56.7722150-04:00" endTime="2025-08-22T08:10:56.7728720-04:00" testType="13cdc9d9-ddb5-4fa4-a97d-d965ccfc6d4b" outcome="Passed" testListId="8c84fa94-04c1-424b-9868-57a2d4851a1d" relativeResultsDirectory="b1e09a65-4d84-4d12-a2b1-6070f1ca9b32" />
    <UnitTestResult executionId="fc7dd7cd-715e-40b6-9229-9a26689b3984" testId="f821754b-36b1-623e-2d29-fe80c1cce32e" testName="Parser Tests.Expression Parser Tests.Additive Operators.add" computerName="dadsmbp" startTime="2025-08-22T08:10:56.7722380-04:00" endTime="2025-08-22T08:10:56.7728140-04:00" testType="13cdc9d9-ddb5-4fa4-a97d-d965ccfc6d4b" outcome="Passed" testListId="8c84fa94-04c1-424b-9868-57a2d4851a1d" relativeResultsDirectory="fc7dd7cd-715e-40b6-9229-9a26689b3984" />
    <UnitTestResult executionId="c571ceb7-1b1a-4d63-9926-a9bf245b4b9d" testId="5033ea7f-6424-ac9d-62c6-f7211e73cb60" testName="Parser Tests.Statement Parser Tests.Basic Statements.return multiple" computerName="dadsmbp" startTime="2025-08-22T08:10:56.8380550-04:00" endTime="2025-08-22T08:10:56.8381860-04:00" testType="13cdc9d9-ddb5-4fa4-a97d-d965ccfc6d4b" outcome="Passed" testListId="8c84fa94-04c1-424b-9868-57a2d4851a1d" relativeResultsDirectory="c571ceb7-1b1a-4d63-9926-a9bf245b4b9d" />
    <UnitTestResult executionId="2feb984d-859b-45ba-b2db-b06d63f0317a" testId="a207ed3e-8aa1-e579-40f1-2c4582cae8f7" testName="Parser Tests.Expression Parser Tests.Identifiers.simple identifier" computerName="dadsmbp" startTime="2025-08-22T08:10:56.7610230-04:00" endTime="2025-08-22T08:10:56.7617170-04:00" testType="13cdc9d9-ddb5-4fa4-a97d-d965ccfc6d4b" outcome="Passed" testListId="8c84fa94-04c1-424b-9868-57a2d4851a1d" relativeResultsDirectory="2feb984d-859b-45ba-b2db-b06d63f0317a" />
    <UnitTestResult executionId="466306c3-3925-4666-999e-3e09ba457d60" testId="79a32c9d-4915-abcb-12b1-98842e995302" testName="Parser Tests.Statement Parser Tests.Parser Fixes.Table Access in Binary Expressions (Fixed).table dot access addition" computerName="dadsmbp" startTime="2025-08-22T08:10:56.8822660-04:00" endTime="2025-08-22T08:10:56.8826150-04:00" testType="13cdc9d9-ddb5-4fa4-a97d-d965ccfc6d4b" outcome="Passed" testListId="8c84fa94-04c1-424b-9868-57a2d4851a1d" relativeResultsDirectory="466306c3-3925-4666-999e-3e09ba457d60" />
    <UnitTestResult executionId="f2165b57-09c7-4ea6-943f-1c3cde9dfe67" testId="28ddcac7-99bc-77c0-4dc8-ebd403fecbf6" testName="Parser Tests.Expression Parser Tests.Method Calls.chained method calls" computerName="dadsmbp" startTime="2025-08-22T08:10:56.8047770-04:00" endTime="2025-08-22T08:10:56.8055120-04:00" testType="13cdc9d9-ddb5-4fa4-a97d-d965ccfc6d4b" outcome="Passed" testListId="8c84fa94-04c1-424b-9868-57a2d4851a1d" relativeResultsDirectory="f2165b57-09c7-4ea6-943f-1c3cde9dfe67" />
    <UnitTestResult executionId="2f7936e5-9977-474a-91ed-a59fe55eb853" testId="9941d091-0d12-9ab4-3186-9c070f874a75" testName="Parser Tests.Statement Parser Tests.Control Flow Statements.Labels and Goto.goto with underscore" computerName="dadsmbp" startTime="2025-08-22T08:10:56.8492550-04:00" endTime="2025-08-22T08:10:56.8493890-04:00" testType="13cdc9d9-ddb5-4fa4-a97d-d965ccfc6d4b" outcome="Passed" testListId="8c84fa94-04c1-424b-9868-57a2d4851a1d" relativeResultsDirectory="2f7936e5-9977-474a-91ed-a59fe55eb853" />
    <UnitTestResult executionId="53c034cb-4ccf-4570-8a07-803eca5fc4e7" testId="6412ce07-78c8-4c98-b55c-92f2fe3f0b2c" testName="Parser Tests.Expression Parser Tests.Method Calls.method with multiple args" computerName="dadsmbp" startTime="2025-08-22T08:10:56.8047710-04:00" endTime="2025-08-22T08:10:56.8054760-04:00" testType="13cdc9d9-ddb5-4fa4-a97d-d965ccfc6d4b" outcome="Passed" testListId="8c84fa94-04c1-424b-9868-57a2d4851a1d" relativeResultsDirectory="53c034cb-4ccf-4570-8a07-803eca5fc4e7" />
    <UnitTestResult executionId="f34cfbdb-df6e-454f-ae81-5e4adec4a72e" testId="50787197-3318-8798-72b6-de8685990f85" testName="Parser Tests.Statement Parser Tests.Parser Fixes.Table Assignment at Statement Level (Fixed).chained table assignment" computerName="dadsmbp" startTime="2025-08-22T08:10:56.8711370-04:00" endTime="2025-08-22T08:10:56.8713530-04:00" testType="13cdc9d9-ddb5-4fa4-a97d-d965ccfc6d4b" outcome="Passed" testListId="8c84fa94-04c1-424b-9868-57a2d4851a1d" relativeResultsDirectory="f34cfbdb-df6e-454f-ae81-5e4adec4a72e" />
    <UnitTestResult executionId="ae279511-3049-44e7-95bd-e59f254afa27" testId="04e7d918-25da-0f85-ac00-ebd526c020fb" testName="Parser Tests.Statement Parser Tests.Control Flow Statements.For Loops.numeric for basic" computerName="dadsmbp" startTime="2025-08-22T08:10:56.8491550-04:00" endTime="2025-08-22T08:10:56.8493580-04:00" testType="13cdc9d9-ddb5-4fa4-a97d-d965ccfc6d4b" outcome="Passed" testListId="8c84fa94-04c1-424b-9868-57a2d4851a1d" relativeResultsDirectory="ae279511-3049-44e7-95bd-e59f254afa27" />
    <UnitTestResult executionId="f28559c1-af9c-4c9e-b54a-cc26ef64c24c" testId="fb2f3300-9207-53e8-1b8c-3c0b3c97dd35" testName="Parser Tests.Statement Parser Tests.Basic Statements.return with method call" computerName="dadsmbp" startTime="2025-08-22T08:10:56.8380630-04:00" endTime="2025-08-22T08:10:56.8381890-04:00" testType="13cdc9d9-ddb5-4fa4-a97d-d965ccfc6d4b" outcome="Passed" testListId="8c84fa94-04c1-424b-9868-57a2d4851a1d" relativeResultsDirectory="f28559c1-af9c-4c9e-b54a-cc26ef64c24c" />
    <UnitTestResult executionId="9a0f2b70-8103-4cbe-b5fd-aaeecc3318a9" testId="8172ea32-9774-17c0-293a-0ca21dc5cce3" testName="Parser Tests.Expression Parser Tests.Edge Cases.mixed data types" computerName="dadsmbp" startTime="2025-08-22T08:10:56.7936310-04:00" endTime="2025-08-22T08:10:56.7939360-04:00" testType="13cdc9d9-ddb5-4fa4-a97d-d965ccfc6d4b" outcome="Passed" testListId="8c84fa94-04c1-424b-9868-57a2d4851a1d" relativeResultsDirectory="9a0f2b70-8103-4cbe-b5fd-aaeecc3318a9" />
    <UnitTestResult executionId="1c53d095-877f-4809-a133-1d7d406b48d7" testId="2c397f14-cc89-a8af-7de5-b6c9486ecf65" testName="Operator precedence.Power is right associative" computerName="dadsmbp" startTime="2025-08-22T08:10:56.9034900-04:00" endTime="2025-08-22T08:10:56.9036580-04:00" testType="13cdc9d9-ddb5-4fa4-a97d-d965ccfc6d4b" outcome="Passed" testListId="8c84fa94-04c1-424b-9868-57a2d4851a1d" relativeResultsDirectory="1c53d095-877f-4809-a133-1d7d406b48d7" />
    <UnitTestResult executionId="df7ae1df-ab04-4978-9230-33dcc913d272" testId="5f395eb8-218b-3fe3-c75a-6bcd29c3c784" testName="Parser Tests.Statement Parser Tests.Variable Attributes.Local Variable Attributes.local variables without values" computerName="dadsmbp" startTime="2025-08-22T08:10:56.8603880-04:00" endTime="2025-08-22T08:10:56.8607270-04:00" testType="13cdc9d9-ddb5-4fa4-a97d-d965ccfc6d4b" outcome="Passed" testListId="8c84fa94-04c1-424b-9868-57a2d4851a1d" relativeResultsDirectory="df7ae1df-ab04-4978-9230-33dcc913d272" />
    <UnitTestResult executionId="4bc9a63c-e1f5-4d7c-b3da-a30f88c2b1c4" testId="f3bed39f-48ad-33ee-e5db-7f7f6353e59e" testName="Function call parsing.Call with table constructor (no parens)" computerName="dadsmbp" startTime="2025-08-22T08:10:56.9035100-04:00" endTime="2025-08-22T08:10:56.9042650-04:00" testType="13cdc9d9-ddb5-4fa4-a97d-d965ccfc6d4b" outcome="Passed" testListId="8c84fa94-04c1-424b-9868-57a2d4851a1d" relativeResultsDirectory="4bc9a63c-e1f5-4d7c-b3da-a30f88c2b1c4" />
    <UnitTestResult executionId="064ffb26-09c7-422b-a788-ff974680e387" testId="a7d43b45-68fb-6563-aff9-012574dcbd84" testName="Parser Tests.Expression Parser Tests.Table Constructors.Simple Values.mixed types" computerName="dadsmbp" duration="00:00:00.0010000" startTime="2025-08-22T08:10:56.8158210-04:00" endTime="2025-08-22T08:10:56.8171250-04:00" testType="13cdc9d9-ddb5-4fa4-a97d-d965ccfc6d4b" outcome="Passed" testListId="8c84fa94-04c1-424b-9868-57a2d4851a1d" relativeResultsDirectory="064ffb26-09c7-422b-a788-ff974680e387" />
    <UnitTestResult executionId="ea20e8da-4fab-4588-8086-89fd2d710c6d" testId="b51db8bf-d36e-0aa7-8a8f-f4a9946301ba" testName="Parser Tests.Expression Parser Tests.Additive Operators.subtract" computerName="dadsmbp" startTime="2025-08-22T08:10:56.7722480-04:00" endTime="2025-08-22T08:10:56.7728420-04:00" testType="13cdc9d9-ddb5-4fa4-a97d-d965ccfc6d4b" outcome="Passed" testListId="8c84fa94-04c1-424b-9868-57a2d4851a1d" relativeResultsDirectory="ea20e8da-4fab-4588-8086-89fd2d710c6d" />
    <UnitTestResult executionId="07fa8930-54a1-4960-b271-3a9fc6d8ceea" testId="a48197e7-34b6-2816-16e7-425e0038f95b" testName="Parser Tests.Expression Parser Tests.Complex Expressions.bitwise and arithmetic" computerName="dadsmbp" startTime="2025-08-22T08:10:56.7935680-04:00" endTime="2025-08-22T08:10:56.7936490-04:00" testType="13cdc9d9-ddb5-4fa4-a97d-d965ccfc6d4b" outcome="Passed" testListId="8c84fa94-04c1-424b-9868-57a2d4851a1d" relativeResultsDirectory="07fa8930-54a1-4960-b271-3a9fc6d8ceea" />
    <UnitTestResult executionId="a83128f4-1389-4a64-b984-0e1e1665caf2" testId="37da12f7-31a3-327d-1172-79e133b6c0c6" testName="String escape sequences.Unicode escape" computerName="dadsmbp" duration="00:00:00.0050000" startTime="2025-08-22T08:10:56.8926030-04:00" endTime="2025-08-22T08:10:56.8979570-04:00" testType="13cdc9d9-ddb5-4fa4-a97d-d965ccfc6d4b" outcome="Passed" testListId="8c84fa94-04c1-424b-9868-57a2d4851a1d" relativeResultsDirectory="a83128f4-1389-4a64-b984-0e1e1665caf2" />
    <UnitTestResult executionId="8f68958c-925e-427d-8052-415c8b408ba1" testId="93743fcd-e2c6-fcf8-1983-d6902911611b" testName="Parser Tests.Statement Parser Tests.Control Flow Statements.Labels and Goto.goto statement" computerName="dadsmbp" startTime="2025-08-22T08:10:56.8492470-04:00" endTime="2025-08-22T08:10:56.8493860-04:00" testType="13cdc9d9-ddb5-4fa4-a97d-d965ccfc6d4b" outcome="Passed" testListId="8c84fa94-04c1-424b-9868-57a2d4851a1d" relativeResultsDirectory="8f68958c-925e-427d-8052-415c8b408ba1" />
    <UnitTestResult executionId="995a3394-3d0e-4523-99c8-4f24608880df" testId="7a121384-ad33-5a50-aa20-0dd3188d181a" testName="Parser Tests.Statement Parser Tests.Parser Fixes.Table Assignment at Statement Level (Fixed).table assignment from function call" computerName="dadsmbp" startTime="2025-08-22T08:10:56.8711400-04:00" endTime="2025-08-22T08:10:56.8714600-04:00" testType="13cdc9d9-ddb5-4fa4-a97d-d965ccfc6d4b" outcome="Passed" testListId="8c84fa94-04c1-424b-9868-57a2d4851a1d" relativeResultsDirectory="995a3394-3d0e-4523-99c8-4f24608880df" />
    <UnitTestResult executionId="83c4c8be-4b07-48b7-b192-efb593138b13" testId="a5c15af2-bd63-9071-a28b-992426b66362" testName="Parser Tests.Expression Parser Tests.Literals.negative hex float" computerName="dadsmbp" startTime="2025-08-22T08:10:56.7261870-04:00" endTime="2025-08-22T08:10:56.7302110-04:00" testType="13cdc9d9-ddb5-4fa4-a97d-d965ccfc6d4b" outcome="Passed" testListId="8c84fa94-04c1-424b-9868-57a2d4851a1d" relativeResultsDirectory="83c4c8be-4b07-48b7-b192-efb593138b13" />
    <UnitTestResult executionId="c227497a-38af-4ebc-a0af-c025c196d498" testId="bdf003e6-5e31-3757-8de6-b259949e60c6" testName="Parser Tests.Statement Parser Tests.Parser Fixes.Assignment vs Function Call Disambiguation.parenthesized function call" computerName="dadsmbp" startTime="2025-08-22T08:10:56.8821970-04:00" endTime="2025-08-22T08:10:56.8824330-04:00" testType="13cdc9d9-ddb5-4fa4-a97d-d965ccfc6d4b" outcome="Passed" testListId="8c84fa94-04c1-424b-9868-57a2d4851a1d" relativeResultsDirectory="c227497a-38af-4ebc-a0af-c025c196d498" />
    <UnitTestResult executionId="f621cc1c-bd96-45ad-93af-d48ee84798c8" testId="862c78bf-ab7b-7516-2ebe-a03d490a5635" testName="Parser Tests.Expression Parser Tests.Method Calls.mixed access and method" computerName="dadsmbp" startTime="2025-08-22T08:10:56.8048110-04:00" endTime="2025-08-22T08:10:56.8055100-04:00" testType="13cdc9d9-ddb5-4fa4-a97d-d965ccfc6d4b" outcome="Passed" testListId="8c84fa94-04c1-424b-9868-57a2d4851a1d" relativeResultsDirectory="f621cc1c-bd96-45ad-93af-d48ee84798c8" />
    <UnitTestResult executionId="0689e1b4-9837-48f7-901d-80afe2c1e49d" testId="4ea9d3ff-8424-0fad-33d4-4da20e6be977" testName="Parser Tests.Expression Parser Tests.Identifiers.single character" computerName="dadsmbp" startTime="2025-08-22T08:10:56.7610460-04:00" endTime="2025-08-22T08:10:56.7617130-04:00" testType="13cdc9d9-ddb5-4fa4-a97d-d965ccfc6d4b" outcome="Passed" testListId="8c84fa94-04c1-424b-9868-57a2d4851a1d" relativeResultsDirectory="0689e1b4-9837-48f7-901d-80afe2c1e49d" />
    <UnitTestResult executionId="4002faf1-6411-498c-ba92-caa632544f38" testId="9ead8476-3505-ae20-9014-95ec40346eb5" testName="Parser Tests.Expression Parser Tests.Complex Expressions.parentheses override" computerName="dadsmbp" startTime="2025-08-22T08:10:56.7935440-04:00" endTime="2025-08-22T08:10:56.7936300-04:00" testType="13cdc9d9-ddb5-4fa4-a97d-d965ccfc6d4b" outcome="Passed" testListId="8c84fa94-04c1-424b-9868-57a2d4851a1d" relativeResultsDirectory="4002faf1-6411-498c-ba92-caa632544f38" />
    <UnitTestResult executionId="03e13db6-2d84-4f79-b0f7-b0a2c9687303" testId="f77409eb-245e-e588-990d-732ccf35b9b9" testName="Parser Tests.Statement Parser Tests.Control Flow Statements.For Loops.numeric for with step" computerName="dadsmbp" startTime="2025-08-22T08:10:56.8491650-04:00" endTime="2025-08-22T08:10:56.8493900-04:00" testType="13cdc9d9-ddb5-4fa4-a97d-d965ccfc6d4b" outcome="Passed" testListId="8c84fa94-04c1-424b-9868-57a2d4851a1d" relativeResultsDirectory="03e13db6-2d84-4f79-b0f7-b0a2c9687303" />
    <UnitTestResult executionId="5df26e5e-4014-4903-a7dc-e249e89c3a95" testId="d1a34dd5-f580-23eb-b44e-ee2c966b1def" testName="Parser Tests.Statement Parser Tests.Control Flow Statements.Function Definitions.function with vararg" computerName="dadsmbp" startTime="2025-08-22T08:10:56.8602640-04:00" endTime="2025-08-22T08:10:56.8603010-04:00" testType="13cdc9d9-ddb5-4fa4-a97d-d965ccfc6d4b" outcome="Passed" testListId="8c84fa94-04c1-424b-9868-57a2d4851a1d" relativeResultsDirectory="5df26e5e-4014-4903-a7dc-e249e89c3a95" />
    <UnitTestResult executionId="a7bb1f0a-7f95-455a-abc1-2acbeb7b93bd" testId="adbea6d5-a912-6bd3-599d-7bd4f6b0b166" testName="Parser Tests.Expression Parser Tests.Function Expressions.function with params and vararg" computerName="dadsmbp" duration="00:00:00.0010000" startTime="2025-08-22T08:10:56.8269400-04:00" endTime="2025-08-22T08:10:56.8286570-04:00" testType="13cdc9d9-ddb5-4fa4-a97d-d965ccfc6d4b" outcome="Passed" testListId="8c84fa94-04c1-424b-9868-57a2d4851a1d" relativeResultsDirectory="a7bb1f0a-7f95-455a-abc1-2acbeb7b93bd" />
    <UnitTestResult executionId="fb360292-0238-44b1-a32b-376b1b334bc9" testId="2f3f10ea-dadb-86ef-4da9-f3e8ca2875bf" testName="Parser Tests.Expression Parser Tests.Comparison Operators.equal" computerName="dadsmbp" startTime="2025-08-22T08:10:56.7833700-04:00" endTime="2025-08-22T08:10:56.7836220-04:00" testType="13cdc9d9-ddb5-4fa4-a97d-d965ccfc6d4b" outcome="Passed" testListId="8c84fa94-04c1-424b-9868-57a2d4851a1d" relativeResultsDirectory="fb360292-0238-44b1-a32b-376b1b334bc9" />
    <UnitTestResult executionId="f3ab6f20-7be6-4f88-842c-fe84e1d74fb2" testId="5cb5360f-8333-646e-ca46-79420386605a" testName="Generic for loop parsing.Standard syntax with parentheses" computerName="dadsmbp" startTime="2025-08-22T08:10:56.9034420-04:00" endTime="2025-08-22T08:10:56.9041030-04:00" testType="13cdc9d9-ddb5-4fa4-a97d-d965ccfc6d4b" outcome="Passed" testListId="8c84fa94-04c1-424b-9868-57a2d4851a1d" relativeResultsDirectory="f3ab6f20-7be6-4f88-842c-fe84e1d74fb2" />
    <UnitTestResult executionId="49baefb8-7a3d-482f-a31a-a8c9f2b6e1ba" testId="d3ebb7cf-f9ec-9b3e-35a1-23e19c538cfa" testName="Scientific notation parsing.Explicit positive exponent" computerName="dadsmbp" startTime="2025-08-22T08:10:56.8923580-04:00" endTime="2025-08-22T08:10:56.8932620-04:00" testType="13cdc9d9-ddb5-4fa4-a97d-d965ccfc6d4b" outcome="Passed" testListId="8c84fa94-04c1-424b-9868-57a2d4851a1d" relativeResultsDirectory="49baefb8-7a3d-482f-a31a-a8c9f2b6e1ba" />
    <UnitTestResult executionId="be4e289a-c6cb-4865-9d43-4b1f58c93563" testId="afe2b68b-714d-f139-8dd0-06272512af6b" testName="Parser Tests.Statement Parser Tests.Parser Fixes.Assignment vs Function Call Disambiguation.simple function call" computerName="dadsmbp" startTime="2025-08-22T08:10:56.8711610-04:00" endTime="2025-08-22T08:10:56.8714870-04:00" testType="13cdc9d9-ddb5-4fa4-a97d-d965ccfc6d4b" outcome="Passed" testListId="8c84fa94-04c1-424b-9868-57a2d4851a1d" relativeResultsDirectory="be4e289a-c6cb-4865-9d43-4b1f58c93563" />
    <UnitTestResult executionId="4ff410c2-f174-4a6b-9f99-e5fe01d62bd5" testId="3b11aa8b-1906-ff2b-88bb-e6031120b9a4" testName="Parser Tests.Statement Parser Tests.Basic Statements.local without init" computerName="dadsmbp" startTime="2025-08-22T08:10:56.8380060-04:00" endTime="2025-08-22T08:10:56.8381670-04:00" testType="13cdc9d9-ddb5-4fa4-a97d-d965ccfc6d4b" outcome="Passed" testListId="8c84fa94-04c1-424b-9868-57a2d4851a1d" relativeResultsDirectory="4ff410c2-f174-4a6b-9f99-e5fe01d62bd5" />
    <UnitTestResult executionId="881fcaa9-1048-4e54-9f6a-9fd5bb2752b2" testId="bccd6e78-8c25-27a8-f677-63c64669d165" testName="Parser Tests.Expression Parser Tests.Function Calls.nested function calls" computerName="dadsmbp" startTime="2025-08-22T08:10:56.7936680-04:00" endTime="2025-08-22T08:10:56.7946520-04:00" testType="13cdc9d9-ddb5-4fa4-a97d-d965ccfc6d4b" outcome="Passed" testListId="8c84fa94-04c1-424b-9868-57a2d4851a1d" relativeResultsDirectory="881fcaa9-1048-4e54-9f6a-9fd5bb2752b2" />
    <UnitTestResult executionId="12a9c0f9-ceab-4dc5-8988-20804084ab27" testId="bc676c70-bff1-771e-2805-b78bf099cdaf" testName="Parser Tests.Statement Parser Tests.Integration Tests - Multiple Features.multiple assignment with method calls" computerName="dadsmbp" startTime="2025-08-22T08:10:56.8603350-04:00" endTime="2025-08-22T08:10:56.8605950-04:00" testType="13cdc9d9-ddb5-4fa4-a97d-d965ccfc6d4b" outcome="Passed" testListId="8c84fa94-04c1-424b-9868-57a2d4851a1d" relativeResultsDirectory="12a9c0f9-ceab-4dc5-8988-20804084ab27" />
    <UnitTestResult executionId="05fe8568-e929-4214-a97c-4487e8bba695" testId="3d0a5188-5277-1639-d400-b007191338ee" testName="Parser Tests.Statement Parser Tests.Integration Tests - Multiple Features.chained method calls with table access" computerName="dadsmbp" startTime="2025-08-22T08:10:56.8603280-04:00" endTime="2025-08-22T08:10:56.8605750-04:00" testType="13cdc9d9-ddb5-4fa4-a97d-d965ccfc6d4b" outcome="Passed" testListId="8c84fa94-04c1-424b-9868-57a2d4851a1d" relativeResultsDirectory="05fe8568-e929-4214-a97c-4487e8bba695" />
    <UnitTestResult executionId="e754ba6a-63c2-4ab9-bf4a-b410bb2c46c7" testId="28956f83-5909-2465-c921-e81fa45af59d" testName="Parser Tests.Statement Parser Tests.Basic Statements.multiple assignment" computerName="dadsmbp" duration="00:00:00.0010000" startTime="2025-08-22T08:10:56.8269750-04:00" endTime="2025-08-22T08:10:56.8287190-04:00" testType="13cdc9d9-ddb5-4fa4-a97d-d965ccfc6d4b" outcome="Passed" testListId="8c84fa94-04c1-424b-9868-57a2d4851a1d" relativeResultsDirectory="e754ba6a-63c2-4ab9-bf4a-b410bb2c46c7" />
    <UnitTestResult executionId="4c1a8dcd-9ccc-4f19-850b-ad52beb9b137" testId="237acf57-c5fc-ca6c-3440-3d76add45b48" testName="Parser Tests.Expression Parser Tests.Table Access.table access with function call" computerName="dadsmbp" startTime="2025-08-22T08:10:56.8047440-04:00" endTime="2025-08-22T08:10:56.8052230-04:00" testType="13cdc9d9-ddb5-4fa4-a97d-d965ccfc6d4b" outcome="Passed" testListId="8c84fa94-04c1-424b-9868-57a2d4851a1d" relativeResultsDirectory="4c1a8dcd-9ccc-4f19-850b-ad52beb9b137" />
    <UnitTestResult executionId="e3e5211f-926a-487d-827b-a3f2f83ea9eb" testId="c2b658e0-4b22-738c-bebe-cd41ac9fe9da" testName="Parser Tests.Expression Parser Tests.Literals.hex float with exponent" computerName="dadsmbp" duration="00:00:00.0210000" startTime="2025-08-22T08:10:56.6925340-04:00" endTime="2025-08-22T08:10:56.7279330-04:00" testType="13cdc9d9-ddb5-4fa4-a97d-d965ccfc6d4b" outcome="Passed" testListId="8c84fa94-04c1-424b-9868-57a2d4851a1d" relativeResultsDirectory="e3e5211f-926a-487d-827b-a3f2f83ea9eb" />
    <UnitTestResult executionId="d19b74fe-1f75-4c31-ad94-d791c7022022" testId="ffc50473-1728-3b39-765c-2603db6d395a" testName="Parser Tests.Statement Parser Tests.Basic Statements.assignment with expressions" computerName="dadsmbp" duration="00:00:00.0010000" startTime="2025-08-22T08:10:56.8269790-04:00" endTime="2025-08-22T08:10:56.8287240-04:00" testType="13cdc9d9-ddb5-4fa4-a97d-d965ccfc6d4b" outcome="Passed" testListId="8c84fa94-04c1-424b-9868-57a2d4851a1d" relativeResultsDirectory="d19b74fe-1f75-4c31-ad94-d791c7022022" />
    <UnitTestResult executionId="a37a907b-4c45-403a-94be-7e6fdebe072f" testId="ef88aec7-46d3-dd30-ec64-a51e14f8fab1" testName="Parser Tests.Expression Parser Tests.Literals.boolean false" computerName="dadsmbp" duration="00:00:00.0300000" startTime="2025-08-22T08:10:56.6919910-04:00" endTime="2025-08-22T08:10:56.7278990-04:00" testType="13cdc9d9-ddb5-4fa4-a97d-d965ccfc6d4b" outcome="Passed" testListId="8c84fa94-04c1-424b-9868-57a2d4851a1d" relativeResultsDirectory="a37a907b-4c45-403a-94be-7e6fdebe072f" />
    <UnitTestResult executionId="e8033763-b661-43f0-ba50-9654abc4ae53" testId="56bc034c-870c-2029-f5c0-ce7cb67ea11d" testName="Parser Tests.Expression Parser Tests.Literals.zero float" computerName="dadsmbp" duration="00:00:00.0320000" startTime="2025-08-22T08:10:56.6921810-04:00" endTime="2025-08-22T08:10:56.7279440-04:00" testType="13cdc9d9-ddb5-4fa4-a97d-d965ccfc6d4b" outcome="Passed" testListId="8c84fa94-04c1-424b-9868-57a2d4851a1d" relativeResultsDirectory="e8033763-b661-43f0-ba50-9654abc4ae53" />
    <UnitTestResult executionId="e0364158-cdd5-4fa4-85fc-64651b02f34e" testId="25722854-c2f4-5f12-2a6e-611e5536b3f9" testName="Parser Tests.Statement Parser Tests.Control Flow Statements.repeat until loop" computerName="dadsmbp" startTime="2025-08-22T08:10:56.8491400-04:00" endTime="2025-08-22T08:10:56.8493730-04:00" testType="13cdc9d9-ddb5-4fa4-a97d-d965ccfc6d4b" outcome="Passed" testListId="8c84fa94-04c1-424b-9868-57a2d4851a1d" relativeResultsDirectory="e0364158-cdd5-4fa4-85fc-64651b02f34e" />
    <UnitTestResult executionId="5196021e-93ad-4f65-ae23-7066e9bd22ee" testId="9c232a12-9174-3ded-7f7f-f119a1bec44c" testName="Parser Tests.Expression Parser Tests.Literals.decimal escape with following digit" computerName="dadsmbp" startTime="2025-08-22T08:10:56.7394480-04:00" endTime="2025-08-22T08:10:56.7400250-04:00" testType="13cdc9d9-ddb5-4fa4-a97d-d965ccfc6d4b" outcome="Passed" testListId="8c84fa94-04c1-424b-9868-57a2d4851a1d" relativeResultsDirectory="5196021e-93ad-4f65-ae23-7066e9bd22ee" />
    <UnitTestResult executionId="9535a9ed-bae4-4ece-ac1b-79b16b0bdc86" testId="48240e2c-a4d9-2594-4296-f471c14fc6a7" testName="Generic for loop parsing.Known limitation: f{} syntax" computerName="dadsmbp" duration="00:00:00.0010000" startTime="2025-08-22T08:10:56.9034660-04:00" endTime="2025-08-22T08:10:56.9047910-04:00" testType="13cdc9d9-ddb5-4fa4-a97d-d965ccfc6d4b" outcome="Passed" testListId="8c84fa94-04c1-424b-9868-57a2d4851a1d" relativeResultsDirectory="9535a9ed-bae4-4ece-ac1b-79b16b0bdc86" />
    <UnitTestResult executionId="c3b86e7e-8c1e-4fb7-a9bb-65e6ad4a8957" testId="fe7b4783-5658-87e1-ca2c-6b15dc662819" testName="Parser Tests.Expression Parser Tests.Literals.complex string" computerName="dadsmbp" startTime="2025-08-22T08:10:56.7499650-04:00" endTime="2025-08-22T08:10:56.7502490-04:00" testType="13cdc9d9-ddb5-4fa4-a97d-d965ccfc6d4b" outcome="Passed" testListId="8c84fa94-04c1-424b-9868-57a2d4851a1d" relativeResultsDirectory="c3b86e7e-8c1e-4fb7-a9bb-65e6ad4a8957" />
    <UnitTestResult executionId="f6cae8ea-b8aa-46e6-acb0-b655e3696b98" testId="e75832d6-d2ab-78bd-b121-c76c19fe297c" testName="Parser Tests.Expression Parser Tests.Literals.line continuation basic" computerName="dadsmbp" startTime="2025-08-22T08:10:56.7499390-04:00" endTime="2025-08-22T08:10:56.7504390-04:00" testType="13cdc9d9-ddb5-4fa4-a97d-d965ccfc6d4b" outcome="Passed" testListId="8c84fa94-04c1-424b-9868-57a2d4851a1d" relativeResultsDirectory="f6cae8ea-b8aa-46e6-acb0-b655e3696b98" />
    <UnitTestResult executionId="9f4b0665-9543-46f8-a82a-a39e8cb0f132" testId="31f49240-24a2-0e5e-c8c3-739b4d81c6d7" testName="Parser Tests.Statement Parser Tests.Parser Fixes.Table Access in Binary Expressions (Fixed).table access addition" computerName="dadsmbp" startTime="2025-08-22T08:10:56.8822610-04:00" endTime="2025-08-22T08:10:56.8826350-04:00" testType="13cdc9d9-ddb5-4fa4-a97d-d965ccfc6d4b" outcome="Passed" testListId="8c84fa94-04c1-424b-9868-57a2d4851a1d" relativeResultsDirectory="9f4b0665-9543-46f8-a82a-a39e8cb0f132" />
    <UnitTestResult executionId="ca99de65-b952-4696-890a-4a3e4843b120" testId="83655a65-6632-03cc-e5e9-95762f9d8428" testName="Parser Tests.Expression Parser Tests.Literals.literals.lua case 2" computerName="dadsmbp" startTime="2025-08-22T08:10:56.7610060-04:00" endTime="2025-08-22T08:10:56.7610540-04:00" testType="13cdc9d9-ddb5-4fa4-a97d-d965ccfc6d4b" outcome="Passed" testListId="8c84fa94-04c1-424b-9868-57a2d4851a1d" relativeResultsDirectory="ca99de65-b952-4696-890a-4a3e4843b120" />
    <UnitTestResult executionId="8381067c-b86f-4a6e-b44a-71c5376bdbd4" testId="21209d58-9833-62ae-f6ea-f4976a9ae006" testName="Parser Tests.Expression Parser Tests.Table Constructors.Complex Examples.deeply nested tables" computerName="dadsmbp" startTime="2025-08-22T08:10:56.8269200-04:00" endTime="2025-08-22T08:10:56.8269890-04:00" testType="13cdc9d9-ddb5-4fa4-a97d-d965ccfc6d4b" outcome="Passed" testListId="8c84fa94-04c1-424b-9868-57a2d4851a1d" relativeResultsDirectory="8381067c-b86f-4a6e-b44a-71c5376bdbd4" />
    <UnitTestResult executionId="98a75447-31e6-4d32-83a4-a6aca775da80" testId="23936ca9-cb04-0d9a-ca60-67e86f26450c" testName="Parser Tests.Expression Parser Tests.Table Access.bracket access variable" computerName="dadsmbp" startTime="2025-08-22T08:10:56.8047090-04:00" endTime="2025-08-22T08:10:56.8052810-04:00" testType="13cdc9d9-ddb5-4fa4-a97d-d965ccfc6d4b" outcome="Passed" testListId="8c84fa94-04c1-424b-9868-57a2d4851a1d" relativeResultsDirectory="98a75447-31e6-4d32-83a4-a6aca775da80" />
    <UnitTestResult executionId="b9f4a9af-4982-4276-9497-3ad7e7392254" testId="e0198dfc-3381-5a04-2210-16421478411b" testName="Hex literal parsing.Min Int64 value (was causing overflow)" computerName="dadsmbp" startTime="2025-08-22T08:10:56.8923130-04:00" endTime="2025-08-22T08:10:56.8924440-04:00" testType="13cdc9d9-ddb5-4fa4-a97d-d965ccfc6d4b" outcome="Passed" testListId="8c84fa94-04c1-424b-9868-57a2d4851a1d" relativeResultsDirectory="b9f4a9af-4982-4276-9497-3ad7e7392254" />
    <UnitTestResult executionId="2d3741f6-bcdd-40bd-a16f-c57fda2438b2" testId="a65bf685-fa17-2ecf-1f83-09acfe0e037c" testName="Parser Tests.Statement Parser Tests.Control Flow Statements.For Loops.generic for with body" computerName="dadsmbp" startTime="2025-08-22T08:10:56.8492010-04:00" endTime="2025-08-22T08:10:56.8493690-04:00" testType="13cdc9d9-ddb5-4fa4-a97d-d965ccfc6d4b" outcome="Passed" testListId="8c84fa94-04c1-424b-9868-57a2d4851a1d" relativeResultsDirectory="2d3741f6-bcdd-40bd-a16f-c57fda2438b2" />
    <UnitTestResult executionId="83b65b62-7ddc-4026-aa23-0d78402f5eb8" testId="33acbcbc-981c-563d-91c0-da679c0851c2" testName="Parser Tests.Expression Parser Tests.Function Expressions.function with vararg" computerName="dadsmbp" duration="00:00:00.0010000" startTime="2025-08-22T08:10:56.8269350-04:00" endTime="2025-08-22T08:10:56.8286390-04:00" testType="13cdc9d9-ddb5-4fa4-a97d-d965ccfc6d4b" outcome="Passed" testListId="8c84fa94-04c1-424b-9868-57a2d4851a1d" relativeResultsDirectory="83b65b62-7ddc-4026-aa23-0d78402f5eb8" />
    <UnitTestResult executionId="2f1665cb-1d67-4e8f-8719-4019846580ed" testId="c9eb1b17-3b99-5890-d0cf-5a0275a0e128" testName="Parser Tests.Expression Parser Tests.Unary Operators.multiple unary" computerName="dadsmbp" startTime="2025-08-22T08:10:56.7721520-04:00" endTime="2025-08-22T08:10:56.7722930-04:00" testType="13cdc9d9-ddb5-4fa4-a97d-d965ccfc6d4b" outcome="Passed" testListId="8c84fa94-04c1-424b-9868-57a2d4851a1d" relativeResultsDirectory="2f1665cb-1d67-4e8f-8719-4019846580ed" />
    <UnitTestResult executionId="5e9283fe-2293-4172-a7fe-f047a467901f" testId="f198c2f2-d97d-2ebd-6b38-42f64079cc49" testName="Parser Tests.Expression Parser Tests.Literals.escape double quote" computerName="dadsmbp" startTime="2025-08-22T08:10:56.7388720-04:00" endTime="2025-08-22T08:10:56.7394900-04:00" testType="13cdc9d9-ddb5-4fa4-a97d-d965ccfc6d4b" outcome="Passed" testListId="8c84fa94-04c1-424b-9868-57a2d4851a1d" relativeResultsDirectory="5e9283fe-2293-4172-a7fe-f047a467901f" />
    <UnitTestResult executionId="ed69d84c-a791-47e8-910c-3802be3f681a" testId="b4887e73-89aa-9e82-9b02-5368d0b98e0e" testName="Parser Tests.Expression Parser Tests.Table Constructors.Simple Values.single value" computerName="dadsmbp" startTime="2025-08-22T08:10:56.8158140-04:00" endTime="2025-08-22T08:10:56.8165870-04:00" testType="13cdc9d9-ddb5-4fa4-a97d-d965ccfc6d4b" outcome="Passed" testListId="8c84fa94-04c1-424b-9868-57a2d4851a1d" relativeResultsDirectory="ed69d84c-a791-47e8-910c-3802be3f681a" />
    <UnitTestResult executionId="e4bf27cb-8288-474f-8a1f-1516f1bae1e5" testId="f8e7b8a6-9a5d-992c-06a6-7db03c0015d3" testName="Parser Tests.Expression Parser Tests.Power Operator.simple power" computerName="dadsmbp" startTime="2025-08-22T08:10:56.7721640-04:00" endTime="2025-08-22T08:10:56.7728070-04:00" testType="13cdc9d9-ddb5-4fa4-a97d-d965ccfc6d4b" outcome="Passed" testListId="8c84fa94-04c1-424b-9868-57a2d4851a1d" relativeResultsDirectory="e4bf27cb-8288-474f-8a1f-1516f1bae1e5" />
    <UnitTestResult executionId="91470b96-6683-4963-925a-9027dc9f4451" testId="23e43918-ba21-82a6-ae6e-1717b947fa41" testName="Parser Tests.Expression Parser Tests.Literals.decimal escape single digit" computerName="dadsmbp" startTime="2025-08-22T08:10:56.7389410-04:00" endTime="2025-08-22T08:10:56.7400340-04:00" testType="13cdc9d9-ddb5-4fa4-a97d-d965ccfc6d4b" outcome="Passed" testListId="8c84fa94-04c1-424b-9868-57a2d4851a1d" relativeResultsDirectory="91470b96-6683-4963-925a-9027dc9f4451" />
    <UnitTestResult executionId="5f33e229-84cb-42b9-ab7b-c164ac49ac54" testId="436116f5-bf6c-9584-a37a-ff3cdf214fe2" testName="Parser Tests.Statement Parser Tests.Variable Attributes.Local Variable Attributes.multiple variables with mixed attributes" computerName="dadsmbp" startTime="2025-08-22T08:10:56.8603860-04:00" endTime="2025-08-22T08:10:56.8607400-04:00" testType="13cdc9d9-ddb5-4fa4-a97d-d965ccfc6d4b" outcome="Passed" testListId="8c84fa94-04c1-424b-9868-57a2d4851a1d" relativeResultsDirectory="5f33e229-84cb-42b9-ab7b-c164ac49ac54" />
    <UnitTestResult executionId="2d53dbc9-0175-424a-bb27-88f7c5751bed" testId="832d5440-de3d-6f1a-08b7-c647cf8b2957" testName="Parser Tests.Expression Parser Tests.Literals.hex float" computerName="dadsmbp" duration="00:00:00.0200000" startTime="2025-08-22T08:10:56.6924700-04:00" endTime="2025-08-22T08:10:56.7278470-04:00" testType="13cdc9d9-ddb5-4fa4-a97d-d965ccfc6d4b" outcome="Passed" testListId="8c84fa94-04c1-424b-9868-57a2d4851a1d" relativeResultsDirectory="2d53dbc9-0175-424a-bb27-88f7c5751bed" />
    <UnitTestResult executionId="b5093552-393a-46f2-a128-c82ce34f92a1" testId="8ceac842-0694-da26-8741-33c171517815" testName="Parser Tests.Expression Parser Tests.Literals.hex escape null" computerName="dadsmbp" startTime="2025-08-22T08:10:56.7498640-04:00" endTime="2025-08-22T08:10:56.7502120-04:00" testType="13cdc9d9-ddb5-4fa4-a97d-d965ccfc6d4b" outcome="Passed" testListId="8c84fa94-04c1-424b-9868-57a2d4851a1d" relativeResultsDirectory="b5093552-393a-46f2-a128-c82ce34f92a1" />
    <UnitTestResult executionId="738cad17-3836-4058-b008-bf544cd97fa4" testId="79d5918b-926d-0485-ef83-d1e8dd4fbb4d" testName="Parser Tests.Expression Parser Tests.Literals.boolean true" computerName="dadsmbp" duration="00:00:00.0300000" startTime="2025-08-22T08:10:56.6919260-04:00" endTime="2025-08-22T08:10:56.7278330-04:00" testType="13cdc9d9-ddb5-4fa4-a97d-d965ccfc6d4b" outcome="Passed" testListId="8c84fa94-04c1-424b-9868-57a2d4851a1d" relativeResultsDirectory="738cad17-3836-4058-b008-bf544cd97fa4" />
    <UnitTestResult executionId="5c69bcee-98dd-4494-b528-ff0635ca54a2" testId="ab5c8b26-ceaf-e0b0-101d-d5f2cd6d0842" testName="Parser Tests.Statement Parser Tests.Basic Statements.return expressions" computerName="dadsmbp" startTime="2025-08-22T08:10:56.8380530-04:00" endTime="2025-08-22T08:10:56.8381110-04:00" testType="13cdc9d9-ddb5-4fa4-a97d-d965ccfc6d4b" outcome="Passed" testListId="8c84fa94-04c1-424b-9868-57a2d4851a1d" relativeResultsDirectory="5c69bcee-98dd-4494-b528-ff0635ca54a2" />
    <UnitTestResult executionId="4b41bbf7-8092-4eb6-a472-e09dfd91464b" testId="7254bc38-d0ef-97ce-6b01-c2b0df4e1184" testName="Operator precedence.Arithmetic precedence" computerName="dadsmbp" startTime="2025-08-22T08:10:56.9034810-04:00" endTime="2025-08-22T08:10:56.9037760-04:00" testType="13cdc9d9-ddb5-4fa4-a97d-d965ccfc6d4b" outcome="Passed" testListId="8c84fa94-04c1-424b-9868-57a2d4851a1d" relativeResultsDirectory="4b41bbf7-8092-4eb6-a472-e09dfd91464b" />
    <UnitTestResult executionId="eb59dfc6-e2b4-4c03-86dc-ab1257a38229" testId="a2ad77d5-a223-490a-1277-8c00d5248cb1" testName="Parser Tests.Statement Parser Tests.Control Flow Statements.simple if with statement" computerName="dadsmbp" duration="00:00:00.0010000" startTime="2025-08-22T08:10:56.8380720-04:00" endTime="2025-08-22T08:10:56.8391870-04:00" testType="13cdc9d9-ddb5-4fa4-a97d-d965ccfc6d4b" outcome="Passed" testListId="8c84fa94-04c1-424b-9868-57a2d4851a1d" relativeResultsDirectory="eb59dfc6-e2b4-4c03-86dc-ab1257a38229" />
    <UnitTestResult executionId="c38d8552-0fd2-4b15-af66-ac595042981f" testId="63187717-8e00-caba-40f9-a91ffcda26a1" testName="Parser Tests.Statement Parser Tests.Control Flow Statements.simple if" computerName="dadsmbp" duration="00:00:00.0010000" startTime="2025-08-22T08:10:56.8380630-04:00" endTime="2025-08-22T08:10:56.8391900-04:00" testType="13cdc9d9-ddb5-4fa4-a97d-d965ccfc6d4b" outcome="Passed" testListId="8c84fa94-04c1-424b-9868-57a2d4851a1d" relativeResultsDirectory="c38d8552-0fd2-4b15-af66-ac595042981f" />
    <UnitTestResult executionId="73b7ac8f-1857-4e10-aadb-860387ebbed5" testId="6ae09f4d-7fb0-f7a6-a0bc-f2e9d59235e4" testName="Parser Tests.Expression Parser Tests.Shift Operators.left associative" computerName="dadsmbp" startTime="2025-08-22T08:10:56.7832640-04:00" endTime="2025-08-22T08:10:56.7833330-04:00" testType="13cdc9d9-ddb5-4fa4-a97d-d965ccfc6d4b" outcome="Passed" testListId="8c84fa94-04c1-424b-9868-57a2d4851a1d" relativeResultsDirectory="73b7ac8f-1857-4e10-aadb-860387ebbed5" />
    <UnitTestResult executionId="fc6c99d1-06af-444c-9472-0d7826852b9b" testId="9c786e3a-f036-49d6-6407-0d5acd7c1f61" testName="Scientific notation parsing.Positive exponent" computerName="dadsmbp" startTime="2025-08-22T08:10:56.8923420-04:00" endTime="2025-08-22T08:10:56.8932720-04:00" testType="13cdc9d9-ddb5-4fa4-a97d-d965ccfc6d4b" outcome="Passed" testListId="8c84fa94-04c1-424b-9868-57a2d4851a1d" relativeResultsDirectory="fc6c99d1-06af-444c-9472-0d7826852b9b" />
    <UnitTestResult executionId="e5685f1a-d264-44de-84c1-b87b7a15ded6" testId="7de23b8f-ae41-29e1-9984-ffa5121128b2" testName="Parser Tests.Expression Parser Tests.Comparison Operators.greater equal" computerName="dadsmbp" startTime="2025-08-22T08:10:56.7833490-04:00" endTime="2025-08-22T08:10:56.7836160-04:00" testType="13cdc9d9-ddb5-4fa4-a97d-d965ccfc6d4b" outcome="Passed" testListId="8c84fa94-04c1-424b-9868-57a2d4851a1d" relativeResultsDirectory="e5685f1a-d264-44de-84c1-b87b7a15ded6" />
    <UnitTestResult executionId="4dd5a5d6-a0bb-4017-85e2-46f38739da79" testId="f3f9712d-8345-c669-0fbc-cbc9158ba417" testName="Hex literal parsing.-1 as hex" computerName="dadsmbp" startTime="2025-08-22T08:10:56.8923180-04:00" endTime="2025-08-22T08:10:56.8927640-04:00" testType="13cdc9d9-ddb5-4fa4-a97d-d965ccfc6d4b" outcome="Passed" testListId="8c84fa94-04c1-424b-9868-57a2d4851a1d" relativeResultsDirectory="4dd5a5d6-a0bb-4017-85e2-46f38739da79" />
    <UnitTestResult executionId="0c72e439-ee92-4977-bd0e-6dbb2ce7a6b6" testId="c3b1ea7b-ede6-c7b9-1230-73a5ed747da0" testName="Parser Tests.Statement Parser Tests.Integration Tests - Multiple Features.method call with table constructor" computerName="dadsmbp" startTime="2025-08-22T08:10:56.8603190-04:00" endTime="2025-08-22T08:10:56.8605810-04:00" testType="13cdc9d9-ddb5-4fa4-a97d-d965ccfc6d4b" outcome="Passed" testListId="8c84fa94-04c1-424b-9868-57a2d4851a1d" relativeResultsDirectory="0c72e439-ee92-4977-bd0e-6dbb2ce7a6b6" />
    <UnitTestResult executionId="507f472b-9bd1-48b8-8fa1-a01cfd547af1" testId="b7cfb307-96eb-9fb6-4f2c-0693389085a8" testName="Parser Tests.Statement Parser Tests.Control Flow Statements.Labels and Goto.label with spaces" computerName="dadsmbp" startTime="2025-08-22T08:10:56.8492410-04:00" endTime="2025-08-22T08:10:56.8493780-04:00" testType="13cdc9d9-ddb5-4fa4-a97d-d965ccfc6d4b" outcome="Passed" testListId="8c84fa94-04c1-424b-9868-57a2d4851a1d" relativeResultsDirectory="507f472b-9bd1-48b8-8fa1-a01cfd547af1" />
    <UnitTestResult executionId="7fff0c8f-1dc1-4190-aa3c-1d759f4cf9fa" testId="a7981e95-1323-105c-d83e-9d57dec6b2d8" testName="Parser Tests.Expression Parser Tests.Comparison Operators.less" computerName="dadsmbp" startTime="2025-08-22T08:10:56.7833250-04:00" endTime="2025-08-22T08:10:56.7835680-04:00" testType="13cdc9d9-ddb5-4fa4-a97d-d965ccfc6d4b" outcome="Passed" testListId="8c84fa94-04c1-424b-9868-57a2d4851a1d" relativeResultsDirectory="7fff0c8f-1dc1-4190-aa3c-1d759f4cf9fa" />
    <UnitTestResult executionId="7a232aaf-26de-4f7c-a02b-90a462994fc1" testId="86fb7a5a-8cf2-4c36-a489-26ff73f20850" testName="Parser Tests.Expression Parser Tests.vararg" computerName="dadsmbp" startTime="2025-08-22T08:10:56.7610730-04:00" endTime="2025-08-22T08:10:56.7613740-04:00" testType="13cdc9d9-ddb5-4fa4-a97d-d965ccfc6d4b" outcome="Passed" testListId="8c84fa94-04c1-424b-9868-57a2d4851a1d" relativeResultsDirectory="7a232aaf-26de-4f7c-a02b-90a462994fc1" />
    <UnitTestResult executionId="a8cc506d-4b24-43d7-9fbb-eb5292e4ac14" testId="4aa0c269-359a-c858-e90f-1fae4b1d119c" testName="Parser Tests.Expression Parser Tests.Table Constructors.Key Fields.key field with variable" computerName="dadsmbp" startTime="2025-08-22T08:10:56.8158540-04:00" endTime="2025-08-22T08:10:56.8165810-04:00" testType="13cdc9d9-ddb5-4fa4-a97d-d965ccfc6d4b" outcome="Passed" testListId="8c84fa94-04c1-424b-9868-57a2d4851a1d" relativeResultsDirectory="a8cc506d-4b24-43d7-9fbb-eb5292e4ac14" />
    <UnitTestResult executionId="91505cf4-571b-46a2-897e-668391b4886f" testId="91cc1712-5c7e-8346-f0fe-787746e3c609" testName="Parser Tests.Expression Parser Tests.Logical Operators.and" computerName="dadsmbp" startTime="2025-08-22T08:10:56.7833760-04:00" endTime="2025-08-22T08:10:56.7837620-04:00" testType="13cdc9d9-ddb5-4fa4-a97d-d965ccfc6d4b" outcome="Passed" testListId="8c84fa94-04c1-424b-9868-57a2d4851a1d" relativeResultsDirectory="91505cf4-571b-46a2-897e-668391b4886f" />
    <UnitTestResult executionId="dd0fe4f2-2f52-4d6b-b761-23db4277a790" testId="9c220c5d-d3c2-7f8d-3655-60791670893c" testName="Parser Tests.Expression Parser Tests.Literals.escape bell" computerName="dadsmbp" startTime="2025-08-22T08:10:56.7388900-04:00" endTime="2025-08-22T08:10:56.7395000-04:00" testType="13cdc9d9-ddb5-4fa4-a97d-d965ccfc6d4b" outcome="Passed" testListId="8c84fa94-04c1-424b-9868-57a2d4851a1d" relativeResultsDirectory="dd0fe4f2-2f52-4d6b-b761-23db4277a790" />
    <UnitTestResult executionId="24e2c492-fc27-4fa8-8acc-df6f4f22ea7f" testId="ac1786a2-dddf-f8c1-879b-8f2df0918d4f" testName="Parser Tests.Statement Parser Tests.Parser Fixes.Table Assignment at Statement Level (Fixed).nested table assignment" computerName="dadsmbp" startTime="2025-08-22T08:10:56.8711040-04:00" endTime="2025-08-22T08:10:56.8712620-04:00" testType="13cdc9d9-ddb5-4fa4-a97d-d965ccfc6d4b" outcome="Passed" testListId="8c84fa94-04c1-424b-9868-57a2d4851a1d" relativeResultsDirectory="24e2c492-fc27-4fa8-8acc-df6f4f22ea7f" />
    <UnitTestResult executionId="03628d3d-58f5-49b4-bbab-f3e610e8c6bb" testId="41759be0-8d28-fc24-8f8d-4b3695413d75" testName="Identifier parsing.Reserved words" computerName="dadsmbp" duration="00:00:00.0040000" startTime="2025-08-22T08:10:56.8923990-04:00" endTime="2025-08-22T08:10:56.8972570-04:00" testType="13cdc9d9-ddb5-4fa4-a97d-d965ccfc6d4b" outcome="Passed" testListId="8c84fa94-04c1-424b-9868-57a2d4851a1d" relativeResultsDirectory="03628d3d-58f5-49b4-bbab-f3e610e8c6bb" />
    <UnitTestResult executionId="b86c132c-74a4-4704-8b30-4cf01b2c1eb1" testId="23f6c827-5298-1b85-4116-a388ac096ef2" testName="Parser Tests.Expression Parser Tests.Literals.mixed escape types" computerName="dadsmbp" startTime="2025-08-22T08:10:56.7499610-04:00" endTime="2025-08-22T08:10:56.7502230-04:00" testType="13cdc9d9-ddb5-4fa4-a97d-d965ccfc6d4b" outcome="Passed" testListId="8c84fa94-04c1-424b-9868-57a2d4851a1d" relativeResultsDirectory="b86c132c-74a4-4704-8b30-4cf01b2c1eb1" />
    <UnitTestResult executionId="865c0053-b92d-438e-b02f-34513fa831b9" testId="8ac86056-e85a-652a-d482-fa4bdb7792cb" testName="Parser Tests.Expression Parser Tests.Parentheses.simple parentheses" computerName="dadsmbp" startTime="2025-08-22T08:10:56.7610730-04:00" endTime="2025-08-22T08:10:56.7613960-04:00" testType="13cdc9d9-ddb5-4fa4-a97d-d965ccfc6d4b" outcome="Passed" testListId="8c84fa94-04c1-424b-9868-57a2d4851a1d" relativeResultsDirectory="865c0053-b92d-438e-b02f-34513fa831b9" />
    <UnitTestResult executionId="48cb7eac-5a60-4e39-8fab-bd7d8c1c76d3" testId="65098e0b-d31f-493f-f5c7-89b21212d75c" testName="Parser Tests.Statement Parser Tests.Basic Statements.multiple local" computerName="dadsmbp" startTime="2025-08-22T08:10:56.8380170-04:00" endTime="2025-08-22T08:10:56.8381930-04:00" testType="13cdc9d9-ddb5-4fa4-a97d-d965ccfc6d4b" outcome="Passed" testListId="8c84fa94-04c1-424b-9868-57a2d4851a1d" relativeResultsDirectory="48cb7eac-5a60-4e39-8fab-bd7d8c1c76d3" />
    <UnitTestResult executionId="124e9380-6cff-426b-99b6-b42f2486d5a1" testId="107fd52a-d610-16f7-d2b4-50729b7deaad" testName="Scientific notation parsing.Negative exponent" computerName="dadsmbp" startTime="2025-08-22T08:10:56.8923510-04:00" endTime="2025-08-22T08:10:56.8932800-04:00" testType="13cdc9d9-ddb5-4fa4-a97d-d965ccfc6d4b" outcome="Passed" testListId="8c84fa94-04c1-424b-9868-57a2d4851a1d" relativeResultsDirectory="124e9380-6cff-426b-99b6-b42f2486d5a1" />
    <UnitTestResult executionId="318456a6-91ea-4b84-89bb-1473de2d8661" testId="1a7858ec-7b00-19e3-8d93-b0573ac54671" testName="Parser Tests.Expression Parser Tests.Table Access.mixed access" computerName="dadsmbp" startTime="2025-08-22T08:10:56.8047350-04:00" endTime="2025-08-22T08:10:56.8052750-04:00" testType="13cdc9d9-ddb5-4fa4-a97d-d965ccfc6d4b" outcome="Passed" testListId="8c84fa94-04c1-424b-9868-57a2d4851a1d" relativeResultsDirectory="318456a6-91ea-4b84-89bb-1473de2d8661" />
    <UnitTestResult executionId="77ed4cea-ce13-4472-ba2e-8ebb22567004" testId="c98a6040-df85-4dcf-82be-4564f2a354ed" testName="Parser Tests.Statement Parser Tests.Basic Statements.return value" computerName="dadsmbp" startTime="2025-08-22T08:10:56.8380520-04:00" endTime="2025-08-22T08:10:56.8381830-04:00" testType="13cdc9d9-ddb5-4fa4-a97d-d965ccfc6d4b" outcome="Passed" testListId="8c84fa94-04c1-424b-9868-57a2d4851a1d" relativeResultsDirectory="77ed4cea-ce13-4472-ba2e-8ebb22567004" />
    <UnitTestResult executionId="6f103a7c-c1c1-438a-8c2a-7ed5d0070a70" testId="e4910e24-1d21-cc0f-b00b-383030d4728e" testName="Parser Tests.Expression Parser Tests.Table Access.chained dot access" computerName="dadsmbp" startTime="2025-08-22T08:10:56.8047300-04:00" endTime="2025-08-22T08:10:56.8050890-04:00" testType="13cdc9d9-ddb5-4fa4-a97d-d965ccfc6d4b" outcome="Passed" testListId="8c84fa94-04c1-424b-9868-57a2d4851a1d" relativeResultsDirectory="6f103a7c-c1c1-438a-8c2a-7ed5d0070a70" />
    <UnitTestResult executionId="86bc65a2-1bca-4763-8259-9d58bd7ef4d4" testId="ee6bd5ed-b0fa-e4dd-f322-54c174b3d129" testName="Parser Tests.Expression Parser Tests.Function Expressions.empty function" computerName="dadsmbp" duration="00:00:00.0010000" startTime="2025-08-22T08:10:56.8269260-04:00" endTime="2025-08-22T08:10:56.8285030-04:00" testType="13cdc9d9-ddb5-4fa4-a97d-d965ccfc6d4b" outcome="Passed" testListId="8c84fa94-04c1-424b-9868-57a2d4851a1d" relativeResultsDirectory="86bc65a2-1bca-4763-8259-9d58bd7ef4d4" />
    <UnitTestResult executionId="d544206b-57cb-4c3a-ba0f-a95646ebd576" testId="42e215c3-5d2e-bd5d-b7d0-2ce1a036b738" testName="Parser Tests.Expression Parser Tests.Edge Cases.all unary operators" computerName="dadsmbp" startTime="2025-08-22T08:10:56.7936190-04:00" endTime="2025-08-22T08:10:56.7937420-04:00" testType="13cdc9d9-ddb5-4fa4-a97d-d965ccfc6d4b" outcome="Passed" testListId="8c84fa94-04c1-424b-9868-57a2d4851a1d" relativeResultsDirectory="d544206b-57cb-4c3a-ba0f-a95646ebd576" />
    <UnitTestResult executionId="f7660500-4b06-4a3f-b53a-5dd0603ab9af" testId="e084a9b3-905c-32f0-81f5-67ee354b61c3" testName="Parser Tests.Statement Parser Tests.Parser Fixes.Table Access in Binary Expressions (Fixed).complex table expression" computerName="dadsmbp" startTime="2025-08-22T08:10:56.8822720-04:00" endTime="2025-08-22T08:10:56.8826720-04:00" testType="13cdc9d9-ddb5-4fa4-a97d-d965ccfc6d4b" outcome="Passed" testListId="8c84fa94-04c1-424b-9868-57a2d4851a1d" relativeResultsDirectory="f7660500-4b06-4a3f-b53a-5dd0603ab9af" />
    <UnitTestResult executionId="b20fe9a8-661b-4903-9ff2-9fbb9f40b532" testId="906536ef-e98f-d22a-f50e-edb13761511c" testName="Parser Tests.Expression Parser Tests.Literals.single quote string" computerName="dadsmbp" duration="00:00:00.0200000" startTime="2025-08-22T08:10:56.6923040-04:00" endTime="2025-08-22T08:10:56.7278560-04:00" testType="13cdc9d9-ddb5-4fa4-a97d-d965ccfc6d4b" outcome="Passed" testListId="8c84fa94-04c1-424b-9868-57a2d4851a1d" relativeResultsDirectory="b20fe9a8-661b-4903-9ff2-9fbb9f40b532" />
    <UnitTestResult executionId="df3489f6-30c9-4a45-be04-905941504711" testId="3b276006-ded9-3e33-7cce-35cbf2995e25" testName="Parser Tests.Statement Parser Tests.Control Flow Statements.if with else" computerName="dadsmbp" duration="00:00:00.0010000" startTime="2025-08-22T08:10:56.8380810-04:00" endTime="2025-08-22T08:10:56.8392240-04:00" testType="13cdc9d9-ddb5-4fa4-a97d-d965ccfc6d4b" outcome="Passed" testListId="8c84fa94-04c1-424b-9868-57a2d4851a1d" relativeResultsDirectory="df3489f6-30c9-4a45-be04-905941504711" />
    <UnitTestResult executionId="62b56918-7b0e-43c4-9240-156c7dace9b0" testId="7e85cdf8-1845-3a87-ed06-04c18958f263" testName="Parser Tests.Expression Parser Tests.Table Constructors.Complex Examples.table with complex keys" computerName="dadsmbp" startTime="2025-08-22T08:10:56.8269140-04:00" endTime="2025-08-22T08:10:56.8271030-04:00" testType="13cdc9d9-ddb5-4fa4-a97d-d965ccfc6d4b" outcome="Passed" testListId="8c84fa94-04c1-424b-9868-57a2d4851a1d" relativeResultsDirectory="62b56918-7b0e-43c4-9240-156c7dace9b0" />
    <UnitTestResult executionId="d6f789d7-6d6f-4c47-b088-c999657aa48d" testId="5dff5f0c-32ad-0c05-14a6-b79d6a364636" testName="Parser Tests.Expression Parser Tests.Table Constructors.Simple Values.multiple values" computerName="dadsmbp" startTime="2025-08-22T08:10:56.8158150-04:00" endTime="2025-08-22T08:10:56.8166150-04:00" testType="13cdc9d9-ddb5-4fa4-a97d-d965ccfc6d4b" outcome="Passed" testListId="8c84fa94-04c1-424b-9868-57a2d4851a1d" relativeResultsDirectory="d6f789d7-6d6f-4c47-b088-c999657aa48d" />
    <UnitTestResult executionId="313b2587-3797-4d54-8fd0-db6993c20647" testId="73624354-1cd8-cfa9-9307-0f5e85db415f" testName="Parser Tests.Expression Parser Tests.Table Constructors.Key Fields.single key field" computerName="dadsmbp" startTime="2025-08-22T08:10:56.8158390-04:00" endTime="2025-08-22T08:10:56.8165950-04:00" testType="13cdc9d9-ddb5-4fa4-a97d-d965ccfc6d4b" outcome="Passed" testListId="8c84fa94-04c1-424b-9868-57a2d4851a1d" relativeResultsDirectory="313b2587-3797-4d54-8fd0-db6993c20647" />
    <UnitTestResult executionId="fc17c330-be57-4404-ba03-20acd34ddb6c" testId="4ae4fa9c-3625-f28b-db54-5c87485005f7" testName="Parser Tests.Expression Parser Tests.Literals.nil" computerName="dadsmbp" duration="00:00:00.0300000" startTime="2025-08-22T08:10:56.6920420-04:00" endTime="2025-08-22T08:10:56.7278520-04:00" testType="13cdc9d9-ddb5-4fa4-a97d-d965ccfc6d4b" outcome="Passed" testListId="8c84fa94-04c1-424b-9868-57a2d4851a1d" relativeResultsDirectory="fc17c330-be57-4404-ba03-20acd34ddb6c" />
    <UnitTestResult executionId="aba3a183-ac75-4b5c-ab44-8d9931b52407" testId="c8317e5f-ac87-ad9f-f963-f49170b308f5" testName="Parser Tests.Statement Parser Tests.Control Flow Statements.Function Definitions.function with parameters" computerName="dadsmbp" startTime="2025-08-22T08:10:56.8492850-04:00" endTime="2025-08-22T08:10:56.8497160-04:00" testType="13cdc9d9-ddb5-4fa4-a97d-d965ccfc6d4b" outcome="Passed" testListId="8c84fa94-04c1-424b-9868-57a2d4851a1d" relativeResultsDirectory="aba3a183-ac75-4b5c-ab44-8d9931b52407" />
    <UnitTestResult executionId="286dff5b-2c4f-416f-9893-f8f61c1e83b4" testId="61bcbfaa-09a8-e49b-1e09-85c4de69467d" testName="Parser Tests.Expression Parser Tests.Literals.string" computerName="dadsmbp" duration="00:00:00.0300000" startTime="2025-08-22T08:10:56.6918660-04:00" endTime="2025-08-22T08:10:56.7279470-04:00" testType="13cdc9d9-ddb5-4fa4-a97d-d965ccfc6d4b" outcome="Passed" testListId="8c84fa94-04c1-424b-9868-57a2d4851a1d" relativeResultsDirectory="286dff5b-2c4f-416f-9893-f8f61c1e83b4" />
    <UnitTestResult executionId="5eeb3004-8b24-4ef0-af62-f421682cba90" testId="1445a436-f34a-a70f-5047-8283ef73049c" testName="Function call parsing.Standard call" computerName="dadsmbp" startTime="2025-08-22T08:10:56.9034980-04:00" endTime="2025-08-22T08:10:56.9040810-04:00" testType="13cdc9d9-ddb5-4fa4-a97d-d965ccfc6d4b" outcome="Passed" testListId="8c84fa94-04c1-424b-9868-57a2d4851a1d" relativeResultsDirectory="5eeb3004-8b24-4ef0-af62-f421682cba90" />
    <UnitTestResult executionId="82e816a3-78af-43a8-a2f7-03e8f1e0bd55" testId="a70297cb-b828-e320-a622-e744839b447c" testName="Decimal number parsing.Numbers ending with dot" computerName="dadsmbp" startTime="2025-08-22T08:10:56.8923340-04:00" endTime="2025-08-22T08:10:56.8932660-04:00" testType="13cdc9d9-ddb5-4fa4-a97d-d965ccfc6d4b" outcome="Passed" testListId="8c84fa94-04c1-424b-9868-57a2d4851a1d" relativeResultsDirectory="82e816a3-78af-43a8-a2f7-03e8f1e0bd55" />
    <UnitTestResult executionId="2e0e6f12-9430-4a89-9a52-66525ca560fe" testId="2954afc1-d821-d9ae-f321-0aef5158aafe" testName="Parser Tests.Expression Parser Tests.Method Calls.chained method with long string" computerName="dadsmbp" startTime="2025-08-22T08:10:56.8157960-04:00" endTime="2025-08-22T08:10:56.8158470-04:00" testType="13cdc9d9-ddb5-4fa4-a97d-d965ccfc6d4b" outcome="Passed" testListId="8c84fa94-04c1-424b-9868-57a2d4851a1d" relativeResultsDirectory="2e0e6f12-9430-4a89-9a52-66525ca560fe" />
    <UnitTestResult executionId="d5bd196f-d256-439d-bdd3-b9cf450a34fc" testId="c1a072c2-ee01-a7ae-6887-46b271e84c2b" testName="Parser Tests.Expression Parser Tests.Method Calls.method call with long string multiline" computerName="dadsmbp" startTime="2025-08-22T08:10:56.8157860-04:00" endTime="2025-08-22T08:10:56.8158270-04:00" testType="13cdc9d9-ddb5-4fa4-a97d-d965ccfc6d4b" outcome="Passed" testListId="8c84fa94-04c1-424b-9868-57a2d4851a1d" relativeResultsDirectory="d5bd196f-d256-439d-bdd3-b9cf450a34fc" />
    <UnitTestResult executionId="6e9cd35d-46c7-41a6-9d9a-4292eabdf2ef" testId="7b8d351e-949a-a562-6c8a-b72a61dc4e22" testName="Parser Tests.Statement Parser Tests.Parser Fixes.Assignment vs Function Call Disambiguation.table access function call" computerName="dadsmbp" startTime="2025-08-22T08:10:56.8821790-04:00" endTime="2025-08-22T08:10:56.8824220-04:00" testType="13cdc9d9-ddb5-4fa4-a97d-d965ccfc6d4b" outcome="Passed" testListId="8c84fa94-04c1-424b-9868-57a2d4851a1d" relativeResultsDirectory="6e9cd35d-46c7-41a6-9d9a-4292eabdf2ef" />
    <UnitTestResult executionId="fdad07d5-20a5-402e-bfe1-6f13d59498ff" testId="2235aeb2-d9db-b858-9ee9-ee90338ff81a" testName="Parser Tests.Statement Parser Tests.Variable Attributes.Function Parameter Attributes.function with mixed parameter attributes" computerName="dadsmbp" startTime="2025-08-22T08:10:56.8710410-04:00" endTime="2025-08-22T08:10:56.8710830-04:00" testType="13cdc9d9-ddb5-4fa4-a97d-d965ccfc6d4b" outcome="Passed" testListId="8c84fa94-04c1-424b-9868-57a2d4851a1d" relativeResultsDirectory="fdad07d5-20a5-402e-bfe1-6f13d59498ff" />
    <UnitTestResult executionId="c0a5d9a6-2927-4185-bc8d-ba401319b132" testId="54696586-86f2-8469-5df1-683c5f3e3dfd" testName="Parser Tests.Expression Parser Tests.Method Calls.method call with long string no space" computerName="dadsmbp" duration="00:00:00.0020000" startTime="2025-08-22T08:10:56.8050680-04:00" endTime="2025-08-22T08:10:56.8074200-04:00" testType="13cdc9d9-ddb5-4fa4-a97d-d965ccfc6d4b" outcome="Passed" testListId="8c84fa94-04c1-424b-9868-57a2d4851a1d" relativeResultsDirectory="c0a5d9a6-2927-4185-bc8d-ba401319b132" />
    <UnitTestResult executionId="924d6807-e9c5-42da-b96e-15842dac5eb6" testId="2b872452-2694-911a-53e8-7326d451f370" testName="Parser Tests.Statement Parser Tests.Parser Fixes.Table Assignment at Statement Level (Fixed).mixed assignment" computerName="dadsmbp" startTime="2025-08-22T08:10:56.8711280-04:00" endTime="2025-08-22T08:10:56.8713440-04:00" testType="13cdc9d9-ddb5-4fa4-a97d-d965ccfc6d4b" outcome="Passed" testListId="8c84fa94-04c1-424b-9868-57a2d4851a1d" relativeResultsDirectory="924d6807-e9c5-42da-b96e-15842dac5eb6" />
    <UnitTestResult executionId="27790bd4-746e-4441-8613-e4a25c86829d" testId="551f761e-e349-7a4d-824e-ba9635e4feb9" testName="Parser Tests.Statement Parser Tests.Variable Attributes.Local Variable Attributes.local close variable" computerName="dadsmbp" startTime="2025-08-22T08:10:56.8603690-04:00" endTime="2025-08-22T08:10:56.8607090-04:00" testType="13cdc9d9-ddb5-4fa4-a97d-d965ccfc6d4b" outcome="Passed" testListId="8c84fa94-04c1-424b-9868-57a2d4851a1d" relativeResultsDirectory="27790bd4-746e-4441-8613-e4a25c86829d" />
    <UnitTestResult executionId="e261ebdb-0f37-4a58-b74c-7c1b977a1dde" testId="f7c7c155-dacf-8b29-9ffb-7a4a19c5a5dd" testName="Parser Tests.Expression Parser Tests.Method Calls.simple method call" computerName="dadsmbp" startTime="2025-08-22T08:10:56.8047500-04:00" endTime="2025-08-22T08:10:56.8054760-04:00" testType="13cdc9d9-ddb5-4fa4-a97d-d965ccfc6d4b" outcome="Passed" testListId="8c84fa94-04c1-424b-9868-57a2d4851a1d" relativeResultsDirectory="e261ebdb-0f37-4a58-b74c-7c1b977a1dde" />
    <UnitTestResult executionId="0b626f7a-7c08-465d-94d5-147e7c04dd98" testId="1e217421-7ab3-102f-da0e-17a8335329d4" testName="String escape sequences.Decimal escape" computerName="dadsmbp" duration="00:00:00.0050000" startTime="2025-08-22T08:10:56.8924200-04:00" endTime="2025-08-22T08:10:56.8979570-04:00" testType="13cdc9d9-ddb5-4fa4-a97d-d965ccfc6d4b" outcome="Passed" testListId="8c84fa94-04c1-424b-9868-57a2d4851a1d" relativeResultsDirectory="0b626f7a-7c08-465d-94d5-147e7c04dd98" />
    <UnitTestResult executionId="ae6f1ca4-374c-43ad-b878-2cd798e91558" testId="ce42fe75-2d5f-24a5-7c82-31959a01f53f" testName="Parser Tests.Statement Parser Tests.Control Flow Statements.For Loops.generic for multiple vars" computerName="dadsmbp" startTime="2025-08-22T08:10:56.8492000-04:00" endTime="2025-08-22T08:10:56.8492930-04:00" testType="13cdc9d9-ddb5-4fa4-a97d-d965ccfc6d4b" outcome="Passed" testListId="8c84fa94-04c1-424b-9868-57a2d4851a1d" relativeResultsDirectory="ae6f1ca4-374c-43ad-b878-2cd798e91558" />
    <UnitTestResult executionId="a0a7df46-ba20-4851-98ee-49c062a55591" testId="908ca77d-10e0-7e63-e6d9-3ca0b72d983b" testName="Parser Tests.Expression Parser Tests.Bitwise Operators.bitwise and" computerName="dadsmbp" startTime="2025-08-22T08:10:56.7832730-04:00" endTime="2025-08-22T08:10:56.7833580-04:00" testType="13cdc9d9-ddb5-4fa4-a97d-d965ccfc6d4b" outcome="Passed" testListId="8c84fa94-04c1-424b-9868-57a2d4851a1d" relativeResultsDirectory="a0a7df46-ba20-4851-98ee-49c062a55591" />
    <UnitTestResult executionId="465e3eac-2894-4168-bcd9-db34cf2e2152" testId="5f017da4-ef6a-5f78-e492-2001cbd1f689" testName="Parser Tests.Expression Parser Tests.Literals.hex escape with following char" computerName="dadsmbp" startTime="2025-08-22T08:10:56.7499130-04:00" endTime="2025-08-22T08:10:56.7502210-04:00" testType="13cdc9d9-ddb5-4fa4-a97d-d965ccfc6d4b" outcome="Passed" testListId="8c84fa94-04c1-424b-9868-57a2d4851a1d" relativeResultsDirectory="465e3eac-2894-4168-bcd9-db34cf2e2152" />
    <UnitTestResult executionId="ef0a4b76-0503-48e8-9489-5b552bf850cd" testId="74d64d57-23b6-db5a-27b8-8384e8cfe593" testName="Decimal number parsing.Numbers starting with dot" computerName="dadsmbp" startTime="2025-08-22T08:10:56.8923250-04:00" endTime="2025-08-22T08:10:56.8933020-04:00" testType="13cdc9d9-ddb5-4fa4-a97d-d965ccfc6d4b" outcome="Passed" testListId="8c84fa94-04c1-424b-9868-57a2d4851a1d" relativeResultsDirectory="ef0a4b76-0503-48e8-9489-5b552bf850cd" />
    <UnitTestResult executionId="c70c6488-817f-4d8b-9126-b10fef6ea1dd" testId="ca2684eb-4d89-488c-7145-809d378571ad" testName="Hex literal parsing.Max Int64 value" computerName="dadsmbp" startTime="2025-08-22T08:10:56.8824130-04:00" endTime="2025-08-22T08:10:56.8830700-04:00" testType="13cdc9d9-ddb5-4fa4-a97d-d965ccfc6d4b" outcome="Passed" testListId="8c84fa94-04c1-424b-9868-57a2d4851a1d" relativeResultsDirectory="c70c6488-817f-4d8b-9126-b10fef6ea1dd" />
    <UnitTestResult executionId="f77dba3c-cddc-4fb1-92c5-f087cd89f432" testId="0d60d1ec-e2ff-2472-8bf2-2c217ffcebab" testName="Parser Tests.Statement Parser Tests.Control Flow Statements.For Loops.numeric for with function call" computerName="dadsmbp" startTime="2025-08-22T08:10:56.8491830-04:00" endTime="2025-08-22T08:10:56.8495000-04:00" testType="13cdc9d9-ddb5-4fa4-a97d-d965ccfc6d4b" outcome="Passed" testListId="8c84fa94-04c1-424b-9868-57a2d4851a1d" relativeResultsDirectory="f77dba3c-cddc-4fb1-92c5-f087cd89f432" />
    <UnitTestResult executionId="b6ee67e9-4d55-4de9-94c5-3e8866792bf3" testId="abb00982-0096-661e-4e2d-bf082834ac59" testName="Parser Tests.Statement Parser Tests.Control Flow Statements.Function Definitions.local function" computerName="dadsmbp" startTime="2025-08-22T08:10:56.8602920-04:00" endTime="2025-08-22T08:10:56.8605220-04:00" testType="13cdc9d9-ddb5-4fa4-a97d-d965ccfc6d4b" outcome="Passed" testListId="8c84fa94-04c1-424b-9868-57a2d4851a1d" relativeResultsDirectory="b6ee67e9-4d55-4de9-94c5-3e8866792bf3" />
    <UnitTestResult executionId="59308852-ee78-4c7e-8a7b-b6eded756177" testId="bc8aacaf-5f55-4f78-74de-8b2898429afa" testName="Parser Tests.Statement Parser Tests.Parser Fixes.Table Assignment at Statement Level (Fixed).multiple table assignment" computerName="dadsmbp" startTime="2025-08-22T08:10:56.8711160-04:00" endTime="2025-08-22T08:10:56.8713050-04:00" testType="13cdc9d9-ddb5-4fa4-a97d-d965ccfc6d4b" outcome="Passed" testListId="8c84fa94-04c1-424b-9868-57a2d4851a1d" relativeResultsDirectory="59308852-ee78-4c7e-8a7b-b6eded756177" />
    <UnitTestResult executionId="933a1fad-f18c-404a-9c6d-0a8181479666" testId="92c6010b-42e6-d615-8711-7979fc341358" testName="Variable attributes (Lua 5.4).Close attribute" computerName="dadsmbp" startTime="2025-08-22T08:10:56.9035280-04:00" endTime="2025-08-22T08:10:56.9037810-04:00" testType="13cdc9d9-ddb5-4fa4-a97d-d965ccfc6d4b" outcome="Passed" testListId="8c84fa94-04c1-424b-9868-57a2d4851a1d" relativeResultsDirectory="933a1fad-f18c-404a-9c6d-0a8181479666" />
    <UnitTestResult executionId="2383dcf9-7cca-45c6-bb35-7497d3fc382a" testId="e99f9d4b-5305-939e-bdec-d1eb40673157" testName="Parser Tests.Expression Parser Tests.String Concatenation.simple concat" computerName="dadsmbp" startTime="2025-08-22T08:10:56.7722750-04:00" endTime="2025-08-22T08:10:56.7728770-04:00" testType="13cdc9d9-ddb5-4fa4-a97d-d965ccfc6d4b" outcome="Passed" testListId="8c84fa94-04c1-424b-9868-57a2d4851a1d" relativeResultsDirectory="2383dcf9-7cca-45c6-bb35-7497d3fc382a" />
    <UnitTestResult executionId="24a5ca83-e65f-448c-8a83-20043b703c58" testId="df9d586a-70f3-fbab-79ce-75289b292830" testName="Parser Tests.Expression Parser Tests.Literals.zero integer" computerName="dadsmbp" duration="00:00:00.0300000" startTime="2025-08-22T08:10:56.6921350-04:00" endTime="2025-08-22T08:10:56.7278220-04:00" testType="13cdc9d9-ddb5-4fa4-a97d-d965ccfc6d4b" outcome="Passed" testListId="8c84fa94-04c1-424b-9868-57a2d4851a1d" relativeResultsDirectory="24a5ca83-e65f-448c-8a83-20043b703c58" />
    <UnitTestResult executionId="d636180c-fc72-4712-82c5-9b8cc89865d2" testId="8a23c638-9a92-0466-2449-0a7778ea7ab5" testName="Parser Tests.Expression Parser Tests.Table Constructors.empty table" computerName="dadsmbp" startTime="2025-08-22T08:10:56.8158080-04:00" endTime="2025-08-22T08:10:56.8163510-04:00" testType="13cdc9d9-ddb5-4fa4-a97d-d965ccfc6d4b" outcome="Passed" testListId="8c84fa94-04c1-424b-9868-57a2d4851a1d" relativeResultsDirectory="d636180c-fc72-4712-82c5-9b8cc89865d2" />
    <UnitTestResult executionId="e9b88d0b-e1be-43df-8b8f-183d2a3ebcad" testId="1c229850-235f-5d22-0ad9-1b5eab113d0f" testName="Parser Tests.Expression Parser Tests.Literals.decimal escape three digits" computerName="dadsmbp" startTime="2025-08-22T08:10:56.7389680-04:00" endTime="2025-08-22T08:10:56.7400120-04:00" testType="13cdc9d9-ddb5-4fa4-a97d-d965ccfc6d4b" outcome="Passed" testListId="8c84fa94-04c1-424b-9868-57a2d4851a1d" relativeResultsDirectory="e9b88d0b-e1be-43df-8b8f-183d2a3ebcad" />
    <UnitTestResult executionId="52ca9152-dae2-42ad-a8ec-969508a2581e" testId="af6ab75d-3a77-f5b8-a91e-e7b06ac4dc02" testName="String escape sequences.Basic escapes" computerName="dadsmbp" duration="00:00:00.0050000" startTime="2025-08-22T08:10:56.8924040-04:00" endTime="2025-08-22T08:10:56.8979620-04:00" testType="13cdc9d9-ddb5-4fa4-a97d-d965ccfc6d4b" outcome="Passed" testListId="8c84fa94-04c1-424b-9868-57a2d4851a1d" relativeResultsDirectory="52ca9152-dae2-42ad-a8ec-969508a2581e" />
    <UnitTestResult executionId="1aa96512-e07b-49a2-889e-a8f9651db10f" testId="e914e3fe-73be-d3f9-019e-573e777a6b58" testName="Parser Tests.Statement Parser Tests.Basic Statements.local declaration" computerName="dadsmbp" startTime="2025-08-22T08:10:56.8379910-04:00" endTime="2025-08-22T08:10:56.8381850-04:00" testType="13cdc9d9-ddb5-4fa4-a97d-d965ccfc6d4b" outcome="Passed" testListId="8c84fa94-04c1-424b-9868-57a2d4851a1d" relativeResultsDirectory="1aa96512-e07b-49a2-889e-a8f9651db10f" />
    <UnitTestResult executionId="d813a9a2-c1bc-469b-b335-c2f55a3a0287" testId="3c513f3b-1271-3f9c-ccd2-60479767cb29" testName="Parser Tests.Statement Parser Tests.Control Flow Statements.Function Definitions.local function with params" computerName="dadsmbp" startTime="2025-08-22T08:10:56.8603080-04:00" endTime="2025-08-22T08:10:56.8605570-04:00" testType="13cdc9d9-ddb5-4fa4-a97d-d965ccfc6d4b" outcome="Passed" testListId="8c84fa94-04c1-424b-9868-57a2d4851a1d" relativeResultsDirectory="d813a9a2-c1bc-469b-b335-c2f55a3a0287" />
    <UnitTestResult executionId="b1fedcf7-69bc-4a0e-b22a-cbdddc18ff2d" testId="ab278c63-bff2-f9db-860f-8f2ccbfd3000" testName="Parser Tests.Expression Parser Tests.Table Constructors.Complex Examples.table with table access" computerName="dadsmbp" startTime="2025-08-22T08:10:56.8268820-04:00" endTime="2025-08-22T08:10:56.8269280-04:00" testType="13cdc9d9-ddb5-4fa4-a97d-d965ccfc6d4b" outcome="Passed" testListId="8c84fa94-04c1-424b-9868-57a2d4851a1d" relativeResultsDirectory="b1fedcf7-69bc-4a0e-b22a-cbdddc18ff2d" />
    <UnitTestResult executionId="06eefafb-7a08-4258-8e4f-5ae59201dacf" testId="1709b4f3-8a8f-5c39-8a35-941bd3a74a13" testName="Parser Tests.Expression Parser Tests.Method Calls.method with expression args" computerName="dadsmbp" startTime="2025-08-22T08:10:56.8048070-04:00" endTime="2025-08-22T08:10:56.8054760-04:00" testType="13cdc9d9-ddb5-4fa4-a97d-d965ccfc6d4b" outcome="Passed" testListId="8c84fa94-04c1-424b-9868-57a2d4851a1d" relativeResultsDirectory="06eefafb-7a08-4258-8e4f-5ae59201dacf" />
    <UnitTestResult executionId="6431c53e-951c-48a3-b0d3-30ab7893f673" testId="697f4dc9-7b2c-f900-0b6d-c768a091bc66" testName="Parser Tests.Statement Parser Tests.Parser Fixes.Assignment vs Function Call Disambiguation.assignment with spaces" computerName="dadsmbp" startTime="2025-08-22T08:10:56.8822060-04:00" endTime="2025-08-22T08:10:56.8824700-04:00" testType="13cdc9d9-ddb5-4fa4-a97d-d965ccfc6d4b" outcome="Passed" testListId="8c84fa94-04c1-424b-9868-57a2d4851a1d" relativeResultsDirectory="6431c53e-951c-48a3-b0d3-30ab7893f673" />
    <UnitTestResult executionId="226a1e47-a53c-4481-902b-968aa944d42e" testId="c7be5443-b868-5116-e84d-9ffcacf6dab8" testName="Parser Tests.Expression Parser Tests.Identifiers.long identifier" computerName="dadsmbp" startTime="2025-08-22T08:10:56.7610700-04:00" endTime="2025-08-22T08:10:56.7617070-04:00" testType="13cdc9d9-ddb5-4fa4-a97d-d965ccfc6d4b" outcome="Passed" testListId="8c84fa94-04c1-424b-9868-57a2d4851a1d" relativeResultsDirectory="226a1e47-a53c-4481-902b-968aa944d42e" />
  </Results>
  <TestDefinitions>
    <UnitTest name="Parser Tests.Expression Parser Tests.Edge Cases.all unary operators" storage="/users/bill/repos/flua/flua.parser.tests/bin/debug/net8.0/flua.parser.tests.dll" id="42e215c3-5d2e-bd5d-b7d0-2ce1a036b738">
      <Execution id="d544206b-57cb-4c3a-ba0f-a95646ebd576" />
      <TestMethod codeBase="/Users/bill/Repos/FLua/FLua.Parser.Tests/bin/Debug/net8.0/FLua.Parser.Tests.dll" adapterTypeName="executor://yolodev/expecto" className="Parser Tests.Expression Parser Tests.Edge Cases" name="all unary operators" />
    </UnitTest>
    <UnitTest name="Parser Tests.Expression Parser Tests.Literals.hex escape max" storage="/users/bill/repos/flua/flua.parser.tests/bin/debug/net8.0/flua.parser.tests.dll" id="bda16938-26e8-7f58-0e78-0355787a8bdc">
      <Execution id="574143a4-5378-40da-948d-ca05e6538eb6" />
      <TestMethod codeBase="/Users/bill/Repos/FLua/FLua.Parser.Tests/bin/Debug/net8.0/FLua.Parser.Tests.dll" adapterTypeName="executor://yolodev/expecto" className="Parser Tests.Expression Parser Tests.Literals" name="hex escape max" />
    </UnitTest>
    <UnitTest name="Parser Tests.Expression Parser Tests.Literals.hex escape mixed case" storage="/users/bill/repos/flua/flua.parser.tests/bin/debug/net8.0/flua.parser.tests.dll" id="d1220d6b-41d1-f6d0-a837-b5893fc68d06">
      <Execution id="d957dfbf-ea36-48b0-839f-ef48d2038e9b" />
      <TestMethod codeBase="/Users/bill/Repos/FLua/FLua.Parser.Tests/bin/Debug/net8.0/FLua.Parser.Tests.dll" adapterTypeName="executor://yolodev/expecto" className="Parser Tests.Expression Parser Tests.Literals" name="hex escape mixed case" />
    </UnitTest>
    <UnitTest name="Parser Tests.Expression Parser Tests.Literals.hex escape with following char" storage="/users/bill/repos/flua/flua.parser.tests/bin/debug/net8.0/flua.parser.tests.dll" id="5f017da4-ef6a-5f78-e492-2001cbd1f689">
      <Execution id="465e3eac-2894-4168-bcd9-db34cf2e2152" />
      <TestMethod codeBase="/Users/bill/Repos/FLua/FLua.Parser.Tests/bin/Debug/net8.0/FLua.Parser.Tests.dll" adapterTypeName="executor://yolodev/expecto" className="Parser Tests.Expression Parser Tests.Literals" name="hex escape with following char" />
    </UnitTest>
    <UnitTest name="Parser Tests.Statement Parser Tests.Variable Attributes.Local Variable Attributes.local variables without values" storage="/users/bill/repos/flua/flua.parser.tests/bin/debug/net8.0/flua.parser.tests.dll" id="5f395eb8-218b-3fe3-c75a-6bcd29c3c784">
      <Execution id="df7ae1df-ab04-4978-9230-33dcc913d272" />
      <TestMethod codeBase="/Users/bill/Repos/FLua/FLua.Parser.Tests/bin/Debug/net8.0/FLua.Parser.Tests.dll" adapterTypeName="executor://yolodev/expecto" className="Parser Tests.Statement Parser Tests.Variable Attributes.Local Variable Attributes" name="local variables without values" />
    </UnitTest>
    <UnitTest name="Parser Tests.Expression Parser Tests.Identifiers.simple identifier" storage="/users/bill/repos/flua/flua.parser.tests/bin/debug/net8.0/flua.parser.tests.dll" id="a207ed3e-8aa1-e579-40f1-2c4582cae8f7">
      <Execution id="2feb984d-859b-45ba-b2db-b06d63f0317a" />
      <TestMethod codeBase="/Users/bill/Repos/FLua/FLua.Parser.Tests/bin/Debug/net8.0/FLua.Parser.Tests.dll" adapterTypeName="executor://yolodev/expecto" className="Parser Tests.Expression Parser Tests.Identifiers" name="simple identifier" />
    </UnitTest>
    <UnitTest name="Parser Tests.Expression Parser Tests.Function Expressions.function with vararg" storage="/users/bill/repos/flua/flua.parser.tests/bin/debug/net8.0/flua.parser.tests.dll" id="33acbcbc-981c-563d-91c0-da679c0851c2">
      <Execution id="83b65b62-7ddc-4026-aa23-0d78402f5eb8" />
      <TestMethod codeBase="/Users/bill/Repos/FLua/FLua.Parser.Tests/bin/Debug/net8.0/FLua.Parser.Tests.dll" adapterTypeName="executor://yolodev/expecto" className="Parser Tests.Expression Parser Tests.Function Expressions" name="function with vararg" />
    </UnitTest>
    <UnitTest name="Parser Tests.Expression Parser Tests.Literals.escape form feed" storage="/users/bill/repos/flua/flua.parser.tests/bin/debug/net8.0/flua.parser.tests.dll" id="879bc477-5080-4fcf-e639-e827fa9c2556">
      <Execution id="11d3fbdd-b165-4d43-83ff-d493d63f85e4" />
      <TestMethod codeBase="/Users/bill/Repos/FLua/FLua.Parser.Tests/bin/Debug/net8.0/FLua.Parser.Tests.dll" adapterTypeName="executor://yolodev/expecto" className="Parser Tests.Expression Parser Tests.Literals" name="escape form feed" />
    </UnitTest>
    <UnitTest name="Parser Tests.Expression Parser Tests.Literals.mixed escape types" storage="/users/bill/repos/flua/flua.parser.tests/bin/debug/net8.0/flua.parser.tests.dll" id="23f6c827-5298-1b85-4116-a388ac096ef2">
      <Execution id="b86c132c-74a4-4704-8b30-4cf01b2c1eb1" />
      <TestMethod codeBase="/Users/bill/Repos/FLua/FLua.Parser.Tests/bin/Debug/net8.0/FLua.Parser.Tests.dll" adapterTypeName="executor://yolodev/expecto" className="Parser Tests.Expression Parser Tests.Literals" name="mixed escape types" />
    </UnitTest>
    <UnitTest name="Parser Tests.Expression Parser Tests.vararg" storage="/users/bill/repos/flua/flua.parser.tests/bin/debug/net8.0/flua.parser.tests.dll" id="86fb7a5a-8cf2-4c36-a489-26ff73f20850">
      <Execution id="7a232aaf-26de-4f7c-a02b-90a462994fc1" />
      <TestMethod codeBase="/Users/bill/Repos/FLua/FLua.Parser.Tests/bin/Debug/net8.0/FLua.Parser.Tests.dll" adapterTypeName="executor://yolodev/expecto" className="Parser Tests.Expression Parser Tests" name="vararg" />
    </UnitTest>
    <UnitTest name="Parser Tests.Expression Parser Tests.Table Constructors.Complex Examples.table with method calls" storage="/users/bill/repos/flua/flua.parser.tests/bin/debug/net8.0/flua.parser.tests.dll" id="d42cbb2a-9c1a-4f4b-4584-5987904f9667">
      <Execution id="be8c2a82-39c8-4221-900b-4f1f38cf2ca2" />
      <TestMethod codeBase="/Users/bill/Repos/FLua/FLua.Parser.Tests/bin/Debug/net8.0/FLua.Parser.Tests.dll" adapterTypeName="executor://yolodev/expecto" className="Parser Tests.Expression Parser Tests.Table Constructors.Complex Examples" name="table with method calls" />
    </UnitTest>
    <UnitTest name="Parser Tests.Expression Parser Tests.Literals.zero float" storage="/users/bill/repos/flua/flua.parser.tests/bin/debug/net8.0/flua.parser.tests.dll" id="56bc034c-870c-2029-f5c0-ce7cb67ea11d">
      <Execution id="e8033763-b661-43f0-ba50-9654abc4ae53" />
      <TestMethod codeBase="/Users/bill/Repos/FLua/FLua.Parser.Tests/bin/Debug/net8.0/FLua.Parser.Tests.dll" adapterTypeName="executor://yolodev/expecto" className="Parser Tests.Expression Parser Tests.Literals" name="zero float" />
    </UnitTest>
    <UnitTest name="Parser Tests.Expression Parser Tests.Literals.escape bell" storage="/users/bill/repos/flua/flua.parser.tests/bin/debug/net8.0/flua.parser.tests.dll" id="9c220c5d-d3c2-7f8d-3655-60791670893c">
      <Execution id="dd0fe4f2-2f52-4d6b-b761-23db4277a790" />
      <TestMethod codeBase="/Users/bill/Repos/FLua/FLua.Parser.Tests/bin/Debug/net8.0/FLua.Parser.Tests.dll" adapterTypeName="executor://yolodev/expecto" className="Parser Tests.Expression Parser Tests.Literals" name="escape bell" />
    </UnitTest>
    <UnitTest name="Parser Tests.Expression Parser Tests.Edge Cases.boolean logic chain" storage="/users/bill/repos/flua/flua.parser.tests/bin/debug/net8.0/flua.parser.tests.dll" id="50da10f7-26a6-5189-a981-de50fa2ada1b">
      <Execution id="c990f1bf-9e9e-4328-a5a3-b8a9e7b7735f" />
      <TestMethod codeBase="/Users/bill/Repos/FLua/FLua.Parser.Tests/bin/Debug/net8.0/FLua.Parser.Tests.dll" adapterTypeName="executor://yolodev/expecto" className="Parser Tests.Expression Parser Tests.Edge Cases" name="boolean logic chain" />
    </UnitTest>
    <UnitTest name="Parser Tests.Expression Parser Tests.Method Calls.method call with long string no space" storage="/users/bill/repos/flua/flua.parser.tests/bin/debug/net8.0/flua.parser.tests.dll" id="54696586-86f2-8469-5df1-683c5f3e3dfd">
      <Execution id="c0a5d9a6-2927-4185-bc8d-ba401319b132" />
      <TestMethod codeBase="/Users/bill/Repos/FLua/FLua.Parser.Tests/bin/Debug/net8.0/FLua.Parser.Tests.dll" adapterTypeName="executor://yolodev/expecto" className="Parser Tests.Expression Parser Tests.Method Calls" name="method call with long string no space" />
    </UnitTest>
    <UnitTest name="Parser Tests.Statement Parser Tests.Basic Statements.return expressions" storage="/users/bill/repos/flua/flua.parser.tests/bin/debug/net8.0/flua.parser.tests.dll" id="ab5c8b26-ceaf-e0b0-101d-d5f2cd6d0842">
      <Execution id="5c69bcee-98dd-4494-b528-ff0635ca54a2" />
      <TestMethod codeBase="/Users/bill/Repos/FLua/FLua.Parser.Tests/bin/Debug/net8.0/FLua.Parser.Tests.dll" adapterTypeName="executor://yolodev/expecto" className="Parser Tests.Statement Parser Tests.Basic Statements" name="return expressions" />
    </UnitTest>
    <UnitTest name="Parser Tests.Expression Parser Tests.Literals.literals.lua case 1" storage="/users/bill/repos/flua/flua.parser.tests/bin/debug/net8.0/flua.parser.tests.dll" id="4d224471-c0d3-8189-5d40-1274a3458e31">
      <Execution id="e9aa402e-2efc-4da2-bc55-eb3d1da78460" />
      <TestMethod codeBase="/Users/bill/Repos/FLua/FLua.Parser.Tests/bin/Debug/net8.0/FLua.Parser.Tests.dll" adapterTypeName="executor://yolodev/expecto" className="Parser Tests.Expression Parser Tests.Literals.literals" name="lua case 1" />
    </UnitTest>
    <UnitTest name="Parser Tests.Expression Parser Tests.Function Expressions.function with body" storage="/users/bill/repos/flua/flua.parser.tests/bin/debug/net8.0/flua.parser.tests.dll" id="61a7a37d-f46f-ed42-bd70-9b1373a3ced4">
      <Execution id="0082dd39-3f35-42bd-8516-d07f75322ca0" />
      <TestMethod codeBase="/Users/bill/Repos/FLua/FLua.Parser.Tests/bin/Debug/net8.0/FLua.Parser.Tests.dll" adapterTypeName="executor://yolodev/expecto" className="Parser Tests.Expression Parser Tests.Function Expressions" name="function with body" />
    </UnitTest>
    <UnitTest name="String escape sequences.Unicode escape" storage="/users/bill/repos/flua/flua.parser.tests/bin/debug/net8.0/flua.parser.tests.dll" id="37da12f7-31a3-327d-1172-79e133b6c0c6">
      <Execution id="a83128f4-1389-4a64-b984-0e1e1665caf2" />
      <TestMethod codeBase="/Users/bill/Repos/FLua/FLua.Parser.Tests/bin/Debug/net8.0/FLua.Parser.Tests.dll" adapterTypeName="executor://yolodev/expecto" className="String escape sequences" name="Unicode escape" />
    </UnitTest>
    <UnitTest name="Parser Tests.Expression Parser Tests.Multiplicative Operators.floor divide" storage="/users/bill/repos/flua/flua.parser.tests/bin/debug/net8.0/flua.parser.tests.dll" id="9244f1a4-b96d-9fb0-92ad-43c8c501a1ac">
      <Execution id="5f2c6f5f-2462-40f1-bbaa-d726671d9cd4" />
      <TestMethod codeBase="/Users/bill/Repos/FLua/FLua.Parser.Tests/bin/Debug/net8.0/FLua.Parser.Tests.dll" adapterTypeName="executor://yolodev/expecto" className="Parser Tests.Expression Parser Tests.Multiplicative Operators" name="floor divide" />
    </UnitTest>
    <UnitTest name="Variable attributes (Lua 5.4).Close attribute" storage="/users/bill/repos/flua/flua.parser.tests/bin/debug/net8.0/flua.parser.tests.dll" id="92c6010b-42e6-d615-8711-7979fc341358">
      <Execution id="933a1fad-f18c-404a-9c6d-0a8181479666" />
      <TestMethod codeBase="/Users/bill/Repos/FLua/FLua.Parser.Tests/bin/Debug/net8.0/FLua.Parser.Tests.dll" adapterTypeName="executor://yolodev/expecto" className="Variable attributes (Lua 5.4)" name="Close attribute" />
    </UnitTest>
    <UnitTest name="Parser Tests.Expression Parser Tests.Literals.zero integer" storage="/users/bill/repos/flua/flua.parser.tests/bin/debug/net8.0/flua.parser.tests.dll" id="df9d586a-70f3-fbab-79ce-75289b292830">
      <Execution id="24a5ca83-e65f-448c-8a83-20043b703c58" />
      <TestMethod codeBase="/Users/bill/Repos/FLua/FLua.Parser.Tests/bin/Debug/net8.0/FLua.Parser.Tests.dll" adapterTypeName="executor://yolodev/expecto" className="Parser Tests.Expression Parser Tests.Literals" name="zero integer" />
    </UnitTest>
    <UnitTest name="Parser Tests.Expression Parser Tests.Multiplicative Operators.modulo" storage="/users/bill/repos/flua/flua.parser.tests/bin/debug/net8.0/flua.parser.tests.dll" id="4a9b90f7-2118-e89c-bf1b-7ef1296b8510">
      <Execution id="b1e09a65-4d84-4d12-a2b1-6070f1ca9b32" />
      <TestMethod codeBase="/Users/bill/Repos/FLua/FLua.Parser.Tests/bin/Debug/net8.0/FLua.Parser.Tests.dll" adapterTypeName="executor://yolodev/expecto" className="Parser Tests.Expression Parser Tests.Multiplicative Operators" name="modulo" />
    </UnitTest>
    <UnitTest name="Parser Tests.Statement Parser Tests.Parser Fixes.Table Assignment at Statement Level (Fixed).table assignment with expression key" storage="/users/bill/repos/flua/flua.parser.tests/bin/debug/net8.0/flua.parser.tests.dll" id="f5a75e3b-7a61-b51c-fbbf-ba6389078cf8">
      <Execution id="158f80f5-9b04-4132-a259-c8e7d33a3bc8" />
      <TestMethod codeBase="/Users/bill/Repos/FLua/FLua.Parser.Tests/bin/Debug/net8.0/FLua.Parser.Tests.dll" adapterTypeName="executor://yolodev/expecto" className="Parser Tests.Statement Parser Tests.Parser Fixes.Table Assignment at Statement Level (Fixed)" name="table assignment with expression key" />
    </UnitTest>
    <UnitTest name="Parser Tests.Statement Parser Tests.Control Flow Statements.For Loops.generic for multiple vars" storage="/users/bill/repos/flua/flua.parser.tests/bin/debug/net8.0/flua.parser.tests.dll" id="ce42fe75-2d5f-24a5-7c82-31959a01f53f">
      <Execution id="ae6f1ca4-374c-43ad-b878-2cd798e91558" />
      <TestMethod codeBase="/Users/bill/Repos/FLua/FLua.Parser.Tests/bin/Debug/net8.0/FLua.Parser.Tests.dll" adapterTypeName="executor://yolodev/expecto" className="Parser Tests.Statement Parser Tests.Control Flow Statements.For Loops" name="generic for multiple vars" />
    </UnitTest>
    <UnitTest name="Parser Tests.Expression Parser Tests.Literals.literals.lua case 2" storage="/users/bill/repos/flua/flua.parser.tests/bin/debug/net8.0/flua.parser.tests.dll" id="83655a65-6632-03cc-e5e9-95762f9d8428">
      <Execution id="ca99de65-b952-4696-890a-4a3e4843b120" />
      <TestMethod codeBase="/Users/bill/Repos/FLua/FLua.Parser.Tests/bin/Debug/net8.0/FLua.Parser.Tests.dll" adapterTypeName="executor://yolodev/expecto" className="Parser Tests.Expression Parser Tests.Literals.literals" name="lua case 2" />
    </UnitTest>
    <UnitTest name="Long string parsing.No initial newline" storage="/users/bill/repos/flua/flua.parser.tests/bin/debug/net8.0/flua.parser.tests.dll" id="3cd06007-638e-cadc-f706-4c9a509133f7">
      <Execution id="38419663-cc1c-4a22-a573-d28f07c4fae6" />
      <TestMethod codeBase="/Users/bill/Repos/FLua/FLua.Parser.Tests/bin/Debug/net8.0/FLua.Parser.Tests.dll" adapterTypeName="executor://yolodev/expecto" className="Long string parsing" name="No initial newline" />
    </UnitTest>
    <UnitTest name="Parser Tests.Expression Parser Tests.Table Constructors.Simple Values.multiple values" storage="/users/bill/repos/flua/flua.parser.tests/bin/debug/net8.0/flua.parser.tests.dll" id="5dff5f0c-32ad-0c05-14a6-b79d6a364636">
      <Execution id="d6f789d7-6d6f-4c47-b088-c999657aa48d" />
      <TestMethod codeBase="/Users/bill/Repos/FLua/FLua.Parser.Tests/bin/Debug/net8.0/FLua.Parser.Tests.dll" adapterTypeName="executor://yolodev/expecto" className="Parser Tests.Expression Parser Tests.Table Constructors.Simple Values" name="multiple values" />
    </UnitTest>
    <UnitTest name="Parser Tests.Expression Parser Tests.Method Calls.method call with long string with equals" storage="/users/bill/repos/flua/flua.parser.tests/bin/debug/net8.0/flua.parser.tests.dll" id="572906bd-cd69-d3d4-c0be-6d2b51eb223e">
      <Execution id="431b5004-511f-4f6d-984d-1c11b759a815" />
      <TestMethod codeBase="/Users/bill/Repos/FLua/FLua.Parser.Tests/bin/Debug/net8.0/FLua.Parser.Tests.dll" adapterTypeName="executor://yolodev/expecto" className="Parser Tests.Expression Parser Tests.Method Calls" name="method call with long string with equals" />
    </UnitTest>
    <UnitTest name="Parser Tests.Expression Parser Tests.Literals.decimal escape max value" storage="/users/bill/repos/flua/flua.parser.tests/bin/debug/net8.0/flua.parser.tests.dll" id="17166041-3a52-168f-5319-cb48ea781845">
      <Execution id="44b134c4-3745-467e-b1c1-6248de1629e8" />
      <TestMethod codeBase="/Users/bill/Repos/FLua/FLua.Parser.Tests/bin/Debug/net8.0/FLua.Parser.Tests.dll" adapterTypeName="executor://yolodev/expecto" className="Parser Tests.Expression Parser Tests.Literals" name="decimal escape max value" />
    </UnitTest>
    <UnitTest name="Parser Tests.Statement Parser Tests.Parser Fixes.Table Assignment at Statement Level (Fixed).multiple table assignment" storage="/users/bill/repos/flua/flua.parser.tests/bin/debug/net8.0/flua.parser.tests.dll" id="bc8aacaf-5f55-4f78-74de-8b2898429afa">
      <Execution id="59308852-ee78-4c7e-8a7b-b6eded756177" />
      <TestMethod codeBase="/Users/bill/Repos/FLua/FLua.Parser.Tests/bin/Debug/net8.0/FLua.Parser.Tests.dll" adapterTypeName="executor://yolodev/expecto" className="Parser Tests.Statement Parser Tests.Parser Fixes.Table Assignment at Statement Level (Fixed)" name="multiple table assignment" />
    </UnitTest>
    <UnitTest name="Parser Tests.Statement Parser Tests.Variable Attributes.Generic For Attributes.generic for with mixed attributes" storage="/users/bill/repos/flua/flua.parser.tests/bin/debug/net8.0/flua.parser.tests.dll" id="a14baa81-afe4-ffee-4549-d9c74ec6ed97">
      <Execution id="087fb4d1-9d23-4173-b767-c9b85c49aa32" />
      <TestMethod codeBase="/Users/bill/Repos/FLua/FLua.Parser.Tests/bin/Debug/net8.0/FLua.Parser.Tests.dll" adapterTypeName="executor://yolodev/expecto" className="Parser Tests.Statement Parser Tests.Variable Attributes.Generic For Attributes" name="generic for with mixed attributes" />
    </UnitTest>
    <UnitTest name="Parser Tests.Expression Parser Tests.Identifiers.single character" storage="/users/bill/repos/flua/flua.parser.tests/bin/debug/net8.0/flua.parser.tests.dll" id="4ea9d3ff-8424-0fad-33d4-4da20e6be977">
      <Execution id="0689e1b4-9837-48f7-901d-80afe2c1e49d" />
      <TestMethod codeBase="/Users/bill/Repos/FLua/FLua.Parser.Tests/bin/Debug/net8.0/FLua.Parser.Tests.dll" adapterTypeName="executor://yolodev/expecto" className="Parser Tests.Expression Parser Tests.Identifiers" name="single character" />
    </UnitTest>
    <UnitTest name="Parser Tests.Expression Parser Tests.Literals.decimal escape 65 (A)" storage="/users/bill/repos/flua/flua.parser.tests/bin/debug/net8.0/flua.parser.tests.dll" id="b746141d-802a-6057-c7e9-1c6bb64fc356">
      <Execution id="ec703881-c013-4568-b74d-6a5a01a068cc" />
      <TestMethod codeBase="/Users/bill/Repos/FLua/FLua.Parser.Tests/bin/Debug/net8.0/FLua.Parser.Tests.dll" adapterTypeName="executor://yolodev/expecto" className="Parser Tests.Expression Parser Tests.Literals" name="decimal escape 65 (A)" />
    </UnitTest>
    <UnitTest name="Parser Tests.Expression Parser Tests.Parentheses.simple parentheses" storage="/users/bill/repos/flua/flua.parser.tests/bin/debug/net8.0/flua.parser.tests.dll" id="8ac86056-e85a-652a-d482-fa4bdb7792cb">
      <Execution id="865c0053-b92d-438e-b02f-34513fa831b9" />
      <TestMethod codeBase="/Users/bill/Repos/FLua/FLua.Parser.Tests/bin/Debug/net8.0/FLua.Parser.Tests.dll" adapterTypeName="executor://yolodev/expecto" className="Parser Tests.Expression Parser Tests.Parentheses" name="simple parentheses" />
    </UnitTest>
    <UnitTest name="Parser Tests.Expression Parser Tests.Table Constructors.Mixed Fields.values and named" storage="/users/bill/repos/flua/flua.parser.tests/bin/debug/net8.0/flua.parser.tests.dll" id="f362749b-c766-edfa-beed-a4a7ae724ae8">
      <Execution id="d4e73550-420a-4bb9-911b-1b56d118dbca" />
      <TestMethod codeBase="/Users/bill/Repos/FLua/FLua.Parser.Tests/bin/Debug/net8.0/FLua.Parser.Tests.dll" adapterTypeName="executor://yolodev/expecto" className="Parser Tests.Expression Parser Tests.Table Constructors.Mixed Fields" name="values and named" />
    </UnitTest>
    <UnitTest name="String escape sequences.Basic escapes" storage="/users/bill/repos/flua/flua.parser.tests/bin/debug/net8.0/flua.parser.tests.dll" id="af6ab75d-3a77-f5b8-a91e-e7b06ac4dc02">
      <Execution id="52ca9152-dae2-42ad-a8ec-969508a2581e" />
      <TestMethod codeBase="/Users/bill/Repos/FLua/FLua.Parser.Tests/bin/Debug/net8.0/FLua.Parser.Tests.dll" adapterTypeName="executor://yolodev/expecto" className="String escape sequences" name="Basic escapes" />
    </UnitTest>
    <UnitTest name="Parser Tests.Expression Parser Tests.Table Constructors.Complex Examples.table with complex keys" storage="/users/bill/repos/flua/flua.parser.tests/bin/debug/net8.0/flua.parser.tests.dll" id="7e85cdf8-1845-3a87-ed06-04c18958f263">
      <Execution id="62b56918-7b0e-43c4-9240-156c7dace9b0" />
      <TestMethod codeBase="/Users/bill/Repos/FLua/FLua.Parser.Tests/bin/Debug/net8.0/FLua.Parser.Tests.dll" adapterTypeName="executor://yolodev/expecto" className="Parser Tests.Expression Parser Tests.Table Constructors.Complex Examples" name="table with complex keys" />
    </UnitTest>
    <UnitTest name="Parser Tests.Statement Parser Tests.Parser Fixes.Table Assignment at Statement Level (Fixed).table method result assignment" storage="/users/bill/repos/flua/flua.parser.tests/bin/debug/net8.0/flua.parser.tests.dll" id="197d35fc-39a4-fea2-6905-93fada68d92e">
      <Execution id="ba1eb5ba-98b5-4dbf-8b80-09568850cfcf" />
      <TestMethod codeBase="/Users/bill/Repos/FLua/FLua.Parser.Tests/bin/Debug/net8.0/FLua.Parser.Tests.dll" adapterTypeName="executor://yolodev/expecto" className="Parser Tests.Statement Parser Tests.Parser Fixes.Table Assignment at Statement Level (Fixed)" name="table method result assignment" />
    </UnitTest>
    <UnitTest name="Parser Tests.Expression Parser Tests.Literals.escape tab" storage="/users/bill/repos/flua/flua.parser.tests/bin/debug/net8.0/flua.parser.tests.dll" id="45db1f03-5434-2f8a-352f-bbb37bed0c95">
      <Execution id="e1e0e3bc-4d8c-4374-9cac-24dc4b7fab41" />
      <TestMethod codeBase="/Users/bill/Repos/FLua/FLua.Parser.Tests/bin/Debug/net8.0/FLua.Parser.Tests.dll" adapterTypeName="executor://yolodev/expecto" className="Parser Tests.Expression Parser Tests.Literals" name="escape tab" />
    </UnitTest>
    <UnitTest name="Parser Tests.Expression Parser Tests.Literals.decimal escape single digit" storage="/users/bill/repos/flua/flua.parser.tests/bin/debug/net8.0/flua.parser.tests.dll" id="23e43918-ba21-82a6-ae6e-1717b947fa41">
      <Execution id="91470b96-6683-4963-925a-9027dc9f4451" />
      <TestMethod codeBase="/Users/bill/Repos/FLua/FLua.Parser.Tests/bin/Debug/net8.0/FLua.Parser.Tests.dll" adapterTypeName="executor://yolodev/expecto" className="Parser Tests.Expression Parser Tests.Literals" name="decimal escape single digit" />
    </UnitTest>
    <UnitTest name="Parser Tests.Statement Parser Tests.Parser Fixes.Table Access in Binary Expressions (Fixed).table dot access addition" storage="/users/bill/repos/flua/flua.parser.tests/bin/debug/net8.0/flua.parser.tests.dll" id="79a32c9d-4915-abcb-12b1-98842e995302">
      <Execution id="466306c3-3925-4666-999e-3e09ba457d60" />
      <TestMethod codeBase="/Users/bill/Repos/FLua/FLua.Parser.Tests/bin/Debug/net8.0/FLua.Parser.Tests.dll" adapterTypeName="executor://yolodev/expecto" className="Parser Tests.Statement Parser Tests.Parser Fixes.Table Access in Binary Expressions (Fixed)" name="table dot access addition" />
    </UnitTest>
    <UnitTest name="Parser Tests.Expression Parser Tests.Literals.escape single quote" storage="/users/bill/repos/flua/flua.parser.tests/bin/debug/net8.0/flua.parser.tests.dll" id="0b233c23-ae12-4c20-ed95-2f98eacd55ad">
      <Execution id="982105a7-354f-4240-b197-06b2b655e63a" />
      <TestMethod codeBase="/Users/bill/Repos/FLua/FLua.Parser.Tests/bin/Debug/net8.0/FLua.Parser.Tests.dll" adapterTypeName="executor://yolodev/expecto" className="Parser Tests.Expression Parser Tests.Literals" name="escape single quote" />
    </UnitTest>
    <UnitTest name="Parser Tests.Statement Parser Tests.Parser Fixes.Assignment vs Function Call Disambiguation.simple function call" storage="/users/bill/repos/flua/flua.parser.tests/bin/debug/net8.0/flua.parser.tests.dll" id="afe2b68b-714d-f139-8dd0-06272512af6b">
      <Execution id="be4e289a-c6cb-4865-9d43-4b1f58c93563" />
      <TestMethod codeBase="/Users/bill/Repos/FLua/FLua.Parser.Tests/bin/Debug/net8.0/FLua.Parser.Tests.dll" adapterTypeName="executor://yolodev/expecto" className="Parser Tests.Statement Parser Tests.Parser Fixes.Assignment vs Function Call Disambiguation" name="simple function call" />
    </UnitTest>
    <UnitTest name="Parser Tests.Expression Parser Tests.Additive Operators.add" storage="/users/bill/repos/flua/flua.parser.tests/bin/debug/net8.0/flua.parser.tests.dll" id="f821754b-36b1-623e-2d29-fe80c1cce32e">
      <Execution id="fc7dd7cd-715e-40b6-9229-9a26689b3984" />
      <TestMethod codeBase="/Users/bill/Repos/FLua/FLua.Parser.Tests/bin/Debug/net8.0/FLua.Parser.Tests.dll" adapterTypeName="executor://yolodev/expecto" className="Parser Tests.Expression Parser Tests.Additive Operators" name="add" />
    </UnitTest>
    <UnitTest name="Parser Tests.Expression Parser Tests.Table Constructors.Named Fields.named field with expression" storage="/users/bill/repos/flua/flua.parser.tests/bin/debug/net8.0/flua.parser.tests.dll" id="657128c5-a00a-417a-0398-225465022baf">
      <Execution id="6de064ac-9260-43d4-a465-e6de320c3c11" />
      <TestMethod codeBase="/Users/bill/Repos/FLua/FLua.Parser.Tests/bin/Debug/net8.0/FLua.Parser.Tests.dll" adapterTypeName="executor://yolodev/expecto" className="Parser Tests.Expression Parser Tests.Table Constructors.Named Fields" name="named field with expression" />
    </UnitTest>
    <UnitTest name="Parser Tests.Expression Parser Tests.Literals.nil" storage="/users/bill/repos/flua/flua.parser.tests/bin/debug/net8.0/flua.parser.tests.dll" id="4ae4fa9c-3625-f28b-db54-5c87485005f7">
      <Execution id="fc17c330-be57-4404-ba03-20acd34ddb6c" />
      <TestMethod codeBase="/Users/bill/Repos/FLua/FLua.Parser.Tests/bin/Debug/net8.0/FLua.Parser.Tests.dll" adapterTypeName="executor://yolodev/expecto" className="Parser Tests.Expression Parser Tests.Literals" name="nil" />
    </UnitTest>
    <UnitTest name="Parser Tests.Statement Parser Tests.Basic Statements.multiple local with function call" storage="/users/bill/repos/flua/flua.parser.tests/bin/debug/net8.0/flua.parser.tests.dll" id="e9dbbd1d-bdb4-59d4-eeba-825afa778cbf">
      <Execution id="8ce5ccb2-d10e-4e1c-95a5-656440988670" />
      <TestMethod codeBase="/Users/bill/Repos/FLua/FLua.Parser.Tests/bin/Debug/net8.0/FLua.Parser.Tests.dll" adapterTypeName="executor://yolodev/expecto" className="Parser Tests.Statement Parser Tests.Basic Statements" name="multiple local with function call" />
    </UnitTest>
    <UnitTest name="Parser Tests.Statement Parser Tests.Parser Fixes.Assignment vs Function Call Disambiguation.method call statement" storage="/users/bill/repos/flua/flua.parser.tests/bin/debug/net8.0/flua.parser.tests.dll" id="9dd28135-464f-23ca-c59d-4fbeadbbd66f">
      <Execution id="e6500165-b696-4ec4-9184-675e06f9fc94" />
      <TestMethod codeBase="/Users/bill/Repos/FLua/FLua.Parser.Tests/bin/Debug/net8.0/FLua.Parser.Tests.dll" adapterTypeName="executor://yolodev/expecto" className="Parser Tests.Statement Parser Tests.Parser Fixes.Assignment vs Function Call Disambiguation" name="method call statement" />
    </UnitTest>
    <UnitTest name="Parser Tests.Expression Parser Tests.Bitwise Operators.bitwise xor" storage="/users/bill/repos/flua/flua.parser.tests/bin/debug/net8.0/flua.parser.tests.dll" id="c72117c3-ab57-465e-9a92-830e8834255d">
      <Execution id="81112005-8b2e-4c45-8dfd-c254bbb131ec" />
      <TestMethod codeBase="/Users/bill/Repos/FLua/FLua.Parser.Tests/bin/Debug/net8.0/FLua.Parser.Tests.dll" adapterTypeName="executor://yolodev/expecto" className="Parser Tests.Expression Parser Tests.Bitwise Operators" name="bitwise xor" />
    </UnitTest>
    <UnitTest name="Parser Tests.Expression Parser Tests.Table Constructors.Complex Examples.mixed complex expressions" storage="/users/bill/repos/flua/flua.parser.tests/bin/debug/net8.0/flua.parser.tests.dll" id="1a716a10-d641-d602-72f7-3f93f8cd0402">
      <Execution id="6e1722f5-2ccc-4b96-932d-86271b55e484" />
      <TestMethod codeBase="/Users/bill/Repos/FLua/FLua.Parser.Tests/bin/Debug/net8.0/FLua.Parser.Tests.dll" adapterTypeName="executor://yolodev/expecto" className="Parser Tests.Expression Parser Tests.Table Constructors.Complex Examples" name="mixed complex expressions" />
    </UnitTest>
    <UnitTest name="Parser Tests.Expression Parser Tests.Literals.hex float" storage="/users/bill/repos/flua/flua.parser.tests/bin/debug/net8.0/flua.parser.tests.dll" id="832d5440-de3d-6f1a-08b7-c647cf8b2957">
      <Execution id="2d53dbc9-0175-424a-bb27-88f7c5751bed" />
      <TestMethod codeBase="/Users/bill/Repos/FLua/FLua.Parser.Tests/bin/Debug/net8.0/FLua.Parser.Tests.dll" adapterTypeName="executor://yolodev/expecto" className="Parser Tests.Expression Parser Tests.Literals" name="hex float" />
    </UnitTest>
    <UnitTest name="Parser Tests.Expression Parser Tests.Bitwise Operators.bitwise and" storage="/users/bill/repos/flua/flua.parser.tests/bin/debug/net8.0/flua.parser.tests.dll" id="908ca77d-10e0-7e63-e6d9-3ca0b72d983b">
      <Execution id="a0a7df46-ba20-4851-98ee-49c062a55591" />
      <TestMethod codeBase="/Users/bill/Repos/FLua/FLua.Parser.Tests/bin/Debug/net8.0/FLua.Parser.Tests.dll" adapterTypeName="executor://yolodev/expecto" className="Parser Tests.Expression Parser Tests.Bitwise Operators" name="bitwise and" />
    </UnitTest>
    <UnitTest name="Parser Tests.Statement Parser Tests.Parser Fixes.Table Assignment at Statement Level (Fixed).table dot assignment" storage="/users/bill/repos/flua/flua.parser.tests/bin/debug/net8.0/flua.parser.tests.dll" id="7ab74693-7ec4-60ea-51c2-12f33101f335">
      <Execution id="b552c9f9-5093-4ae2-9050-2c5b958516a4" />
      <TestMethod codeBase="/Users/bill/Repos/FLua/FLua.Parser.Tests/bin/Debug/net8.0/FLua.Parser.Tests.dll" adapterTypeName="executor://yolodev/expecto" className="Parser Tests.Statement Parser Tests.Parser Fixes.Table Assignment at Statement Level (Fixed)" name="table dot assignment" />
    </UnitTest>
    <UnitTest name="Parser Tests.Expression Parser Tests.Comparison Operators.less equal" storage="/users/bill/repos/flua/flua.parser.tests/bin/debug/net8.0/flua.parser.tests.dll" id="44d94748-57c3-dbaf-aee8-a341a854133e">
      <Execution id="298843de-7c0f-4693-b436-bae6229e6e69" />
      <TestMethod codeBase="/Users/bill/Repos/FLua/FLua.Parser.Tests/bin/Debug/net8.0/FLua.Parser.Tests.dll" adapterTypeName="executor://yolodev/expecto" className="Parser Tests.Expression Parser Tests.Comparison Operators" name="less equal" />
    </UnitTest>
    <UnitTest name="Parser Tests.Statement Parser Tests.Basic Statements.return multiple" storage="/users/bill/repos/flua/flua.parser.tests/bin/debug/net8.0/flua.parser.tests.dll" id="5033ea7f-6424-ac9d-62c6-f7211e73cb60">
      <Execution id="c571ceb7-1b1a-4d63-9926-a9bf245b4b9d" />
      <TestMethod codeBase="/Users/bill/Repos/FLua/FLua.Parser.Tests/bin/Debug/net8.0/FLua.Parser.Tests.dll" adapterTypeName="executor://yolodev/expecto" className="Parser Tests.Statement Parser Tests.Basic Statements" name="return multiple" />
    </UnitTest>
    <UnitTest name="Parser Tests.Statement Parser Tests.Control Flow Statements.Function Definitions.function with parameters" storage="/users/bill/repos/flua/flua.parser.tests/bin/debug/net8.0/flua.parser.tests.dll" id="c8317e5f-ac87-ad9f-f963-f49170b308f5">
      <Execution id="aba3a183-ac75-4b5c-ab44-8d9931b52407" />
      <TestMethod codeBase="/Users/bill/Repos/FLua/FLua.Parser.Tests/bin/Debug/net8.0/FLua.Parser.Tests.dll" adapterTypeName="executor://yolodev/expecto" className="Parser Tests.Statement Parser Tests.Control Flow Statements.Function Definitions" name="function with parameters" />
    </UnitTest>
    <UnitTest name="Parser Tests.Expression Parser Tests.Complex Expressions.bitwise and arithmetic" storage="/users/bill/repos/flua/flua.parser.tests/bin/debug/net8.0/flua.parser.tests.dll" id="a48197e7-34b6-2816-16e7-425e0038f95b">
      <Execution id="07fa8930-54a1-4960-b271-3a9fc6d8ceea" />
      <TestMethod codeBase="/Users/bill/Repos/FLua/FLua.Parser.Tests/bin/Debug/net8.0/FLua.Parser.Tests.dll" adapterTypeName="executor://yolodev/expecto" className="Parser Tests.Expression Parser Tests.Complex Expressions" name="bitwise and arithmetic" />
    </UnitTest>
    <UnitTest name="Parser Tests.Statement Parser Tests.Control Flow Statements.repeat until loop" storage="/users/bill/repos/flua/flua.parser.tests/bin/debug/net8.0/flua.parser.tests.dll" id="25722854-c2f4-5f12-2a6e-611e5536b3f9">
      <Execution id="e0364158-cdd5-4fa4-85fc-64651b02f34e" />
      <TestMethod codeBase="/Users/bill/Repos/FLua/FLua.Parser.Tests/bin/Debug/net8.0/FLua.Parser.Tests.dll" adapterTypeName="executor://yolodev/expecto" className="Parser Tests.Statement Parser Tests.Control Flow Statements" name="repeat until loop" />
    </UnitTest>
    <UnitTest name="Parser Tests.Expression Parser Tests.Bitwise Operators.precedence" storage="/users/bill/repos/flua/flua.parser.tests/bin/debug/net8.0/flua.parser.tests.dll" id="9aff055a-1ad6-d302-1b8e-67c3f447edb9">
      <Execution id="ee10e4fc-e6a1-4c07-b1fc-4957fc00080b" />
      <TestMethod codeBase="/Users/bill/Repos/FLua/FLua.Parser.Tests/bin/Debug/net8.0/FLua.Parser.Tests.dll" adapterTypeName="executor://yolodev/expecto" className="Parser Tests.Expression Parser Tests.Bitwise Operators" name="precedence" />
    </UnitTest>
    <UnitTest name="Parser Tests.Expression Parser Tests.Table Access.bracket access expression" storage="/users/bill/repos/flua/flua.parser.tests/bin/debug/net8.0/flua.parser.tests.dll" id="37aa9393-f589-b635-2eec-42cc9cc48359">
      <Execution id="de030c4a-8e36-42ac-8851-a6bac581e22f" />
      <TestMethod codeBase="/Users/bill/Repos/FLua/FLua.Parser.Tests/bin/Debug/net8.0/FLua.Parser.Tests.dll" adapterTypeName="executor://yolodev/expecto" className="Parser Tests.Expression Parser Tests.Table Access" name="bracket access expression" />
    </UnitTest>
    <UnitTest name="Parser Tests.Expression Parser Tests.Literals.complex string" storage="/users/bill/repos/flua/flua.parser.tests/bin/debug/net8.0/flua.parser.tests.dll" id="fe7b4783-5658-87e1-ca2c-6b15dc662819">
      <Execution id="c3b86e7e-8c1e-4fb7-a9bb-65e6ad4a8957" />
      <TestMethod codeBase="/Users/bill/Repos/FLua/FLua.Parser.Tests/bin/Debug/net8.0/FLua.Parser.Tests.dll" adapterTypeName="executor://yolodev/expecto" className="Parser Tests.Expression Parser Tests.Literals" name="complex string" />
    </UnitTest>
    <UnitTest name="Parser Tests.Expression Parser Tests.Logical Operators.precedence" storage="/users/bill/repos/flua/flua.parser.tests/bin/debug/net8.0/flua.parser.tests.dll" id="d1fdf263-c1e9-9de3-2358-6aa706b01c30">
      <Execution id="26e5f660-a283-4db0-9c85-b006383205fa" />
      <TestMethod codeBase="/Users/bill/Repos/FLua/FLua.Parser.Tests/bin/Debug/net8.0/FLua.Parser.Tests.dll" adapterTypeName="executor://yolodev/expecto" className="Parser Tests.Expression Parser Tests.Logical Operators" name="precedence" />
    </UnitTest>
    <UnitTest name="Parser Tests.Expression Parser Tests.Table Constructors.Simple Values.mixed types" storage="/users/bill/repos/flua/flua.parser.tests/bin/debug/net8.0/flua.parser.tests.dll" id="a7d43b45-68fb-6563-aff9-012574dcbd84">
      <Execution id="064ffb26-09c7-422b-a788-ff974680e387" />
      <TestMethod codeBase="/Users/bill/Repos/FLua/FLua.Parser.Tests/bin/Debug/net8.0/FLua.Parser.Tests.dll" adapterTypeName="executor://yolodev/expecto" className="Parser Tests.Expression Parser Tests.Table Constructors.Simple Values" name="mixed types" />
    </UnitTest>
    <UnitTest name="Parser Tests.Expression Parser Tests.Literals.hex escape null" storage="/users/bill/repos/flua/flua.parser.tests/bin/debug/net8.0/flua.parser.tests.dll" id="8ceac842-0694-da26-8741-33c171517815">
      <Execution id="b5093552-393a-46f2-a128-c82ce34f92a1" />
      <TestMethod codeBase="/Users/bill/Repos/FLua/FLua.Parser.Tests/bin/Debug/net8.0/FLua.Parser.Tests.dll" adapterTypeName="executor://yolodev/expecto" className="Parser Tests.Expression Parser Tests.Literals" name="hex escape null" />
    </UnitTest>
    <UnitTest name="Parser Tests.Expression Parser Tests.Unary Operators.multiple unary" storage="/users/bill/repos/flua/flua.parser.tests/bin/debug/net8.0/flua.parser.tests.dll" id="c9eb1b17-3b99-5890-d0cf-5a0275a0e128">
      <Execution id="2f1665cb-1d67-4e8f-8719-4019846580ed" />
      <TestMethod codeBase="/Users/bill/Repos/FLua/FLua.Parser.Tests/bin/Debug/net8.0/FLua.Parser.Tests.dll" adapterTypeName="executor://yolodev/expecto" className="Parser Tests.Expression Parser Tests.Unary Operators" name="multiple unary" />
    </UnitTest>
    <UnitTest name="Parser Tests.Statement Parser Tests.Basic Statements.assignment with table access" storage="/users/bill/repos/flua/flua.parser.tests/bin/debug/net8.0/flua.parser.tests.dll" id="b91df055-d81f-13a2-3b2a-adce7e1ce561">
      <Execution id="6f14978f-4d0c-46e1-b5ed-4582e28e8f89" />
      <TestMethod codeBase="/Users/bill/Repos/FLua/FLua.Parser.Tests/bin/Debug/net8.0/FLua.Parser.Tests.dll" adapterTypeName="executor://yolodev/expecto" className="Parser Tests.Statement Parser Tests.Basic Statements" name="assignment with table access" />
    </UnitTest>
    <UnitTest name="Parser Tests.Expression Parser Tests.Function Expressions.empty function" storage="/users/bill/repos/flua/flua.parser.tests/bin/debug/net8.0/flua.parser.tests.dll" id="ee6bd5ed-b0fa-e4dd-f322-54c174b3d129">
      <Execution id="86bc65a2-1bca-4763-8259-9d58bd7ef4d4" />
      <TestMethod codeBase="/Users/bill/Repos/FLua/FLua.Parser.Tests/bin/Debug/net8.0/FLua.Parser.Tests.dll" adapterTypeName="executor://yolodev/expecto" className="Parser Tests.Expression Parser Tests.Function Expressions" name="empty function" />
    </UnitTest>
    <UnitTest name="Parser Tests.Statement Parser Tests.Control Flow Statements.For Loops.numeric for with function call" storage="/users/bill/repos/flua/flua.parser.tests/bin/debug/net8.0/flua.parser.tests.dll" id="0d60d1ec-e2ff-2472-8bf2-2c217ffcebab">
      <Execution id="f77dba3c-cddc-4fb1-92c5-f087cd89f432" />
      <TestMethod codeBase="/Users/bill/Repos/FLua/FLua.Parser.Tests/bin/Debug/net8.0/FLua.Parser.Tests.dll" adapterTypeName="executor://yolodev/expecto" className="Parser Tests.Statement Parser Tests.Control Flow Statements.For Loops" name="numeric for with function call" />
    </UnitTest>
    <UnitTest name="Parser Tests.Expression Parser Tests.Comparison Operators.not equal" storage="/users/bill/repos/flua/flua.parser.tests/bin/debug/net8.0/flua.parser.tests.dll" id="ab03aeee-2a55-ff2d-2d4f-6583c6d3f265">
      <Execution id="42b86311-a800-4057-9d86-8e68b617ec3f" />
      <TestMethod codeBase="/Users/bill/Repos/FLua/FLua.Parser.Tests/bin/Debug/net8.0/FLua.Parser.Tests.dll" adapterTypeName="executor://yolodev/expecto" className="Parser Tests.Expression Parser Tests.Comparison Operators" name="not equal" />
    </UnitTest>
    <UnitTest name="Scientific notation parsing.Positive exponent" storage="/users/bill/repos/flua/flua.parser.tests/bin/debug/net8.0/flua.parser.tests.dll" id="9c786e3a-f036-49d6-6407-0d5acd7c1f61">
      <Execution id="fc6c99d1-06af-444c-9472-0d7826852b9b" />
      <TestMethod codeBase="/Users/bill/Repos/FLua/FLua.Parser.Tests/bin/Debug/net8.0/FLua.Parser.Tests.dll" adapterTypeName="executor://yolodev/expecto" className="Scientific notation parsing" name="Positive exponent" />
    </UnitTest>
    <UnitTest name="Parser Tests.Expression Parser Tests.Literals.decimal escape three digits" storage="/users/bill/repos/flua/flua.parser.tests/bin/debug/net8.0/flua.parser.tests.dll" id="1c229850-235f-5d22-0ad9-1b5eab113d0f">
      <Execution id="e9b88d0b-e1be-43df-8b8f-183d2a3ebcad" />
      <TestMethod codeBase="/Users/bill/Repos/FLua/FLua.Parser.Tests/bin/Debug/net8.0/FLua.Parser.Tests.dll" adapterTypeName="executor://yolodev/expecto" className="Parser Tests.Expression Parser Tests.Literals" name="decimal escape three digits" />
    </UnitTest>
    <UnitTest name="Parser Tests.Statement Parser Tests.Parser Fixes.Table Assignment at Statement Level (Fixed).table string key assignment" storage="/users/bill/repos/flua/flua.parser.tests/bin/debug/net8.0/flua.parser.tests.dll" id="48b68161-6a77-c4ee-cbc6-b600ca4b2b7f">
      <Execution id="0f649c3b-b7dd-4b40-ae84-76d17f06dc76" />
      <TestMethod codeBase="/Users/bill/Repos/FLua/FLua.Parser.Tests/bin/Debug/net8.0/FLua.Parser.Tests.dll" adapterTypeName="executor://yolodev/expecto" className="Parser Tests.Statement Parser Tests.Parser Fixes.Table Assignment at Statement Level (Fixed)" name="table string key assignment" />
    </UnitTest>
    <UnitTest name="Variable attributes (Lua 5.4).Const attribute" storage="/users/bill/repos/flua/flua.parser.tests/bin/debug/net8.0/flua.parser.tests.dll" id="db7077dd-4ef5-8d20-6540-9087a3bc4696">
      <Execution id="0357581a-71b5-4a4e-9cbf-2a344b2649ae" />
      <TestMethod codeBase="/Users/bill/Repos/FLua/FLua.Parser.Tests/bin/Debug/net8.0/FLua.Parser.Tests.dll" adapterTypeName="executor://yolodev/expecto" className="Variable attributes (Lua 5.4)" name="Const attribute" />
    </UnitTest>
    <UnitTest name="Parser Tests.Expression Parser Tests.Literals.multiple escapes" storage="/users/bill/repos/flua/flua.parser.tests/bin/debug/net8.0/flua.parser.tests.dll" id="db53c524-8356-fa82-3d0f-6ff9dca12bff">
      <Execution id="c259e601-59af-4927-a633-aa405a365093" />
      <TestMethod codeBase="/Users/bill/Repos/FLua/FLua.Parser.Tests/bin/Debug/net8.0/FLua.Parser.Tests.dll" adapterTypeName="executor://yolodev/expecto" className="Parser Tests.Expression Parser Tests.Literals" name="multiple escapes" />
    </UnitTest>
    <UnitTest name="Parser Tests.Expression Parser Tests.Literals.float" storage="/users/bill/repos/flua/flua.parser.tests/bin/debug/net8.0/flua.parser.tests.dll" id="b54fbc8b-aa09-8101-26eb-6b944ceeffe0">
      <Execution id="73c540f5-a678-46bb-9966-b5b2a2edba0a" />
      <TestMethod codeBase="/Users/bill/Repos/FLua/FLua.Parser.Tests/bin/Debug/net8.0/FLua.Parser.Tests.dll" adapterTypeName="executor://yolodev/expecto" className="Parser Tests.Expression Parser Tests.Literals" name="float" />
    </UnitTest>
    <UnitTest name="Parser Tests.Statement Parser Tests.Parser Fixes.Assignment vs Function Call Disambiguation.assignment with newline" storage="/users/bill/repos/flua/flua.parser.tests/bin/debug/net8.0/flua.parser.tests.dll" id="16e83989-f14b-2617-4a53-58c2828f533b">
      <Execution id="24b3471e-3f38-4d32-b41e-0d4474abe06a" />
      <TestMethod codeBase="/Users/bill/Repos/FLua/FLua.Parser.Tests/bin/Debug/net8.0/FLua.Parser.Tests.dll" adapterTypeName="executor://yolodev/expecto" className="Parser Tests.Statement Parser Tests.Parser Fixes.Assignment vs Function Call Disambiguation" name="assignment with newline" />
    </UnitTest>
    <UnitTest name="Scientific notation parsing.Explicit positive exponent" storage="/users/bill/repos/flua/flua.parser.tests/bin/debug/net8.0/flua.parser.tests.dll" id="d3ebb7cf-f9ec-9b3e-35a1-23e19c538cfa">
      <Execution id="49baefb8-7a3d-482f-a31a-a8c9f2b6e1ba" />
      <TestMethod codeBase="/Users/bill/Repos/FLua/FLua.Parser.Tests/bin/Debug/net8.0/FLua.Parser.Tests.dll" adapterTypeName="executor://yolodev/expecto" className="Scientific notation parsing" name="Explicit positive exponent" />
    </UnitTest>
    <UnitTest name="String escape sequences.Decimal escape" storage="/users/bill/repos/flua/flua.parser.tests/bin/debug/net8.0/flua.parser.tests.dll" id="1e217421-7ab3-102f-da0e-17a8335329d4">
      <Execution id="0b626f7a-7c08-465d-94d5-147e7c04dd98" />
      <TestMethod codeBase="/Users/bill/Repos/FLua/FLua.Parser.Tests/bin/Debug/net8.0/FLua.Parser.Tests.dll" adapterTypeName="executor://yolodev/expecto" className="String escape sequences" name="Decimal escape" />
    </UnitTest>
    <UnitTest name="Parser Tests.Expression Parser Tests.Shift Operators.left associative" storage="/users/bill/repos/flua/flua.parser.tests/bin/debug/net8.0/flua.parser.tests.dll" id="6ae09f4d-7fb0-f7a6-a0bc-f2e9d59235e4">
      <Execution id="73b7ac8f-1857-4e10-aadb-860387ebbed5" />
      <TestMethod codeBase="/Users/bill/Repos/FLua/FLua.Parser.Tests/bin/Debug/net8.0/FLua.Parser.Tests.dll" adapterTypeName="executor://yolodev/expecto" className="Parser Tests.Expression Parser Tests.Shift Operators" name="left associative" />
    </UnitTest>
    <UnitTest name="Parser Tests.Statement Parser Tests.Parser Fixes.Table Assignment at Statement Level (Fixed).table assignment from function call" storage="/users/bill/repos/flua/flua.parser.tests/bin/debug/net8.0/flua.parser.tests.dll" id="7a121384-ad33-5a50-aa20-0dd3188d181a">
      <Execution id="995a3394-3d0e-4523-99c8-4f24608880df" />
      <TestMethod codeBase="/Users/bill/Repos/FLua/FLua.Parser.Tests/bin/Debug/net8.0/FLua.Parser.Tests.dll" adapterTypeName="executor://yolodev/expecto" className="Parser Tests.Statement Parser Tests.Parser Fixes.Table Assignment at Statement Level (Fixed)" name="table assignment from function call" />
    </UnitTest>
    <UnitTest name="Parser Tests.Statement Parser Tests.Basic Statements.multiple assignment" storage="/users/bill/repos/flua/flua.parser.tests/bin/debug/net8.0/flua.parser.tests.dll" id="28956f83-5909-2465-c921-e81fa45af59d">
      <Execution id="e754ba6a-63c2-4ab9-bf4a-b410bb2c46c7" />
      <TestMethod codeBase="/Users/bill/Repos/FLua/FLua.Parser.Tests/bin/Debug/net8.0/FLua.Parser.Tests.dll" adapterTypeName="executor://yolodev/expecto" className="Parser Tests.Statement Parser Tests.Basic Statements" name="multiple assignment" />
    </UnitTest>
    <UnitTest name="Hex literal parsing.Standard hex values" storage="/users/bill/repos/flua/flua.parser.tests/bin/debug/net8.0/flua.parser.tests.dll" id="e5c063e2-57d2-6d48-c35f-7e8e3d6332c0">
      <Execution id="17b6a53f-6d6f-4aa8-b85b-fdb21adaf5ab" />
      <TestMethod codeBase="/Users/bill/Repos/FLua/FLua.Parser.Tests/bin/Debug/net8.0/FLua.Parser.Tests.dll" adapterTypeName="executor://yolodev/expecto" className="Hex literal parsing" name="Standard hex values" />
    </UnitTest>
    <UnitTest name="Parser Tests.Expression Parser Tests.Table Constructors.Key Fields.single key field" storage="/users/bill/repos/flua/flua.parser.tests/bin/debug/net8.0/flua.parser.tests.dll" id="73624354-1cd8-cfa9-9307-0f5e85db415f">
      <Execution id="313b2587-3797-4d54-8fd0-db6993c20647" />
      <TestMethod codeBase="/Users/bill/Repos/FLua/FLua.Parser.Tests/bin/Debug/net8.0/FLua.Parser.Tests.dll" adapterTypeName="executor://yolodev/expecto" className="Parser Tests.Expression Parser Tests.Table Constructors.Key Fields" name="single key field" />
    </UnitTest>
    <UnitTest name="Parser Tests.Expression Parser Tests.Unary Operators.bitwise not" storage="/users/bill/repos/flua/flua.parser.tests/bin/debug/net8.0/flua.parser.tests.dll" id="a81fb642-5efa-96c7-9da8-620d14375041">
      <Execution id="c81c9949-d8ad-49c0-a66e-395b553947b4" />
      <TestMethod codeBase="/Users/bill/Repos/FLua/FLua.Parser.Tests/bin/Debug/net8.0/FLua.Parser.Tests.dll" adapterTypeName="executor://yolodev/expecto" className="Parser Tests.Expression Parser Tests.Unary Operators" name="bitwise not" />
    </UnitTest>
    <UnitTest name="Parser Tests.Expression Parser Tests.Literals.null in middle" storage="/users/bill/repos/flua/flua.parser.tests/bin/debug/net8.0/flua.parser.tests.dll" id="bdad5a6a-6be3-3f5f-d1ce-c9d3ae870232">
      <Execution id="f111be0f-50ec-4f69-8eb4-eaa6ee8f3543" />
      <TestMethod codeBase="/Users/bill/Repos/FLua/FLua.Parser.Tests/bin/Debug/net8.0/FLua.Parser.Tests.dll" adapterTypeName="executor://yolodev/expecto" className="Parser Tests.Expression Parser Tests.Literals" name="null in middle" />
    </UnitTest>
    <UnitTest name="Parser Tests.Expression Parser Tests.Method Calls.chained method with long string" storage="/users/bill/repos/flua/flua.parser.tests/bin/debug/net8.0/flua.parser.tests.dll" id="2954afc1-d821-d9ae-f321-0aef5158aafe">
      <Execution id="2e0e6f12-9430-4a89-9a52-66525ca560fe" />
      <TestMethod codeBase="/Users/bill/Repos/FLua/FLua.Parser.Tests/bin/Debug/net8.0/FLua.Parser.Tests.dll" adapterTypeName="executor://yolodev/expecto" className="Parser Tests.Expression Parser Tests.Method Calls" name="chained method with long string" />
    </UnitTest>
    <UnitTest name="Parser Tests.Expression Parser Tests.Literals.hex float with exponent" storage="/users/bill/repos/flua/flua.parser.tests/bin/debug/net8.0/flua.parser.tests.dll" id="c2b658e0-4b22-738c-bebe-cd41ac9fe9da">
      <Execution id="e3e5211f-926a-487d-827b-a3f2f83ea9eb" />
      <TestMethod codeBase="/Users/bill/Repos/FLua/FLua.Parser.Tests/bin/Debug/net8.0/FLua.Parser.Tests.dll" adapterTypeName="executor://yolodev/expecto" className="Parser Tests.Expression Parser Tests.Literals" name="hex float with exponent" />
    </UnitTest>
    <UnitTest name="Operator precedence.Power is right associative" storage="/users/bill/repos/flua/flua.parser.tests/bin/debug/net8.0/flua.parser.tests.dll" id="2c397f14-cc89-a8af-7de5-b6c9486ecf65">
      <Execution id="1c53d095-877f-4809-a133-1d7d406b48d7" />
      <TestMethod codeBase="/Users/bill/Repos/FLua/FLua.Parser.Tests/bin/Debug/net8.0/FLua.Parser.Tests.dll" adapterTypeName="executor://yolodev/expecto" className="Operator precedence" name="Power is right associative" />
    </UnitTest>
    <UnitTest name="Parser Tests.Expression Parser Tests.Method Calls.method on table access" storage="/users/bill/repos/flua/flua.parser.tests/bin/debug/net8.0/flua.parser.tests.dll" id="3ec526ca-e695-30ed-ab17-22afd64268e8">
      <Execution id="56ae346a-51ba-4807-9608-9a5cd3bf2eec" />
      <TestMethod codeBase="/Users/bill/Repos/FLua/FLua.Parser.Tests/bin/Debug/net8.0/FLua.Parser.Tests.dll" adapterTypeName="executor://yolodev/expecto" className="Parser Tests.Expression Parser Tests.Method Calls" name="method on table access" />
    </UnitTest>
    <UnitTest name="Parser Tests.Expression Parser Tests.String Concatenation.simple concat" storage="/users/bill/repos/flua/flua.parser.tests/bin/debug/net8.0/flua.parser.tests.dll" id="e99f9d4b-5305-939e-bdec-d1eb40673157">
      <Execution id="2383dcf9-7cca-45c6-bb35-7497d3fc382a" />
      <TestMethod codeBase="/Users/bill/Repos/FLua/FLua.Parser.Tests/bin/Debug/net8.0/FLua.Parser.Tests.dll" adapterTypeName="executor://yolodev/expecto" className="Parser Tests.Expression Parser Tests.String Concatenation" name="simple concat" />
    </UnitTest>
    <UnitTest name="Parser Tests.Expression Parser Tests.Table Access.chained dot access" storage="/users/bill/repos/flua/flua.parser.tests/bin/debug/net8.0/flua.parser.tests.dll" id="e4910e24-1d21-cc0f-b00b-383030d4728e">
      <Execution id="6f103a7c-c1c1-438a-8c2a-7ed5d0070a70" />
      <TestMethod codeBase="/Users/bill/Repos/FLua/FLua.Parser.Tests/bin/Debug/net8.0/FLua.Parser.Tests.dll" adapterTypeName="executor://yolodev/expecto" className="Parser Tests.Expression Parser Tests.Table Access" name="chained dot access" />
    </UnitTest>
    <UnitTest name="Parser Tests.Expression Parser Tests.Table Constructors.Complex Examples.table with table access" storage="/users/bill/repos/flua/flua.parser.tests/bin/debug/net8.0/flua.parser.tests.dll" id="ab278c63-bff2-f9db-860f-8f2ccbfd3000">
      <Execution id="b1fedcf7-69bc-4a0e-b22a-cbdddc18ff2d" />
      <TestMethod codeBase="/Users/bill/Repos/FLua/FLua.Parser.Tests/bin/Debug/net8.0/FLua.Parser.Tests.dll" adapterTypeName="executor://yolodev/expecto" className="Parser Tests.Expression Parser Tests.Table Constructors.Complex Examples" name="table with table access" />
    </UnitTest>
    <UnitTest name="Parser Tests.Statement Parser Tests.Variable Attributes.Function Parameter Attributes.function with close parameter" storage="/users/bill/repos/flua/flua.parser.tests/bin/debug/net8.0/flua.parser.tests.dll" id="e514b4b5-ff0e-0503-c03f-cd130b642260">
      <Execution id="1fcc12ab-6806-4ba8-932c-1a7e3131a7bf" />
      <TestMethod codeBase="/Users/bill/Repos/FLua/FLua.Parser.Tests/bin/Debug/net8.0/FLua.Parser.Tests.dll" adapterTypeName="executor://yolodev/expecto" className="Parser Tests.Statement Parser Tests.Variable Attributes.Function Parameter Attributes" name="function with close parameter" />
    </UnitTest>
    <UnitTest name="Parser Tests.Statement Parser Tests.Parser Fixes.Assignment vs Function Call Disambiguation.assignment with spaces" storage="/users/bill/repos/flua/flua.parser.tests/bin/debug/net8.0/flua.parser.tests.dll" id="697f4dc9-7b2c-f900-0b6d-c768a091bc66">
      <Execution id="6431c53e-951c-48a3-b0d3-30ab7893f673" />
      <TestMethod codeBase="/Users/bill/Repos/FLua/FLua.Parser.Tests/bin/Debug/net8.0/FLua.Parser.Tests.dll" adapterTypeName="executor://yolodev/expecto" className="Parser Tests.Statement Parser Tests.Parser Fixes.Assignment vs Function Call Disambiguation" name="assignment with spaces" />
    </UnitTest>
    <UnitTest name="Parser Tests.Statement Parser Tests.Integration Tests - Multiple Features.return with method calls and table constructor" storage="/users/bill/repos/flua/flua.parser.tests/bin/debug/net8.0/flua.parser.tests.dll" id="e1168bf7-fb11-75ad-9550-9989387a8ebe">
      <Execution id="d92883c5-fa01-40f5-8873-03b780acb1c9" />
      <TestMethod codeBase="/Users/bill/Repos/FLua/FLua.Parser.Tests/bin/Debug/net8.0/FLua.Parser.Tests.dll" adapterTypeName="executor://yolodev/expecto" className="Parser Tests.Statement Parser Tests.Integration Tests - Multiple Features" name="return with method calls and table constructor" />
    </UnitTest>
    <UnitTest name="Parser Tests.Expression Parser Tests.Whitespace Handling.newlines" storage="/users/bill/repos/flua/flua.parser.tests/bin/debug/net8.0/flua.parser.tests.dll" id="3c30a966-5d71-f183-32cf-39fc6c1d9ded">
      <Execution id="eb74e46b-497a-4745-ba22-ba7f0075e216" />
      <TestMethod codeBase="/Users/bill/Repos/FLua/FLua.Parser.Tests/bin/Debug/net8.0/FLua.Parser.Tests.dll" adapterTypeName="executor://yolodev/expecto" className="Parser Tests.Expression Parser Tests.Whitespace Handling" name="newlines" />
    </UnitTest>
    <UnitTest name="Parser Tests.Expression Parser Tests.Edge Cases.deeply nested precedence" storage="/users/bill/repos/flua/flua.parser.tests/bin/debug/net8.0/flua.parser.tests.dll" id="affcd0cb-5609-83cd-3160-dc9ebb422db5">
      <Execution id="acbc5394-a91a-4790-9ad7-ebe42b38f5d8" />
      <TestMethod codeBase="/Users/bill/Repos/FLua/FLua.Parser.Tests/bin/Debug/net8.0/FLua.Parser.Tests.dll" adapterTypeName="executor://yolodev/expecto" className="Parser Tests.Expression Parser Tests.Edge Cases" name="deeply nested precedence" />
    </UnitTest>
    <UnitTest name="Hex literal parsing.-1 as hex" storage="/users/bill/repos/flua/flua.parser.tests/bin/debug/net8.0/flua.parser.tests.dll" id="f3f9712d-8345-c669-0fbc-cbc9158ba417">
      <Execution id="4dd5a5d6-a0bb-4017-85e2-46f38739da79" />
      <TestMethod codeBase="/Users/bill/Repos/FLua/FLua.Parser.Tests/bin/Debug/net8.0/FLua.Parser.Tests.dll" adapterTypeName="executor://yolodev/expecto" className="Hex literal parsing" name="-1 as hex" />
    </UnitTest>
    <UnitTest name="Parser Tests.Expression Parser Tests.Shift Operators.left shift" storage="/users/bill/repos/flua/flua.parser.tests/bin/debug/net8.0/flua.parser.tests.dll" id="22e4173d-cb7e-9ab3-0463-97b7ca2b1bae">
      <Execution id="6d833976-2a1a-4a84-91ae-2eefc1c99698" />
      <TestMethod codeBase="/Users/bill/Repos/FLua/FLua.Parser.Tests/bin/Debug/net8.0/FLua.Parser.Tests.dll" adapterTypeName="executor://yolodev/expecto" className="Parser Tests.Expression Parser Tests.Shift Operators" name="left shift" />
    </UnitTest>
    <UnitTest name="Parser Tests.Expression Parser Tests.Method Calls.simple method call" storage="/users/bill/repos/flua/flua.parser.tests/bin/debug/net8.0/flua.parser.tests.dll" id="f7c7c155-dacf-8b29-9ffb-7a4a19c5a5dd">
      <Execution id="e261ebdb-0f37-4a58-b74c-7c1b977a1dde" />
      <TestMethod codeBase="/Users/bill/Repos/FLua/FLua.Parser.Tests/bin/Debug/net8.0/FLua.Parser.Tests.dll" adapterTypeName="executor://yolodev/expecto" className="Parser Tests.Expression Parser Tests.Method Calls" name="simple method call" />
    </UnitTest>
    <UnitTest name="Parser Tests.Expression Parser Tests.Literals.integer" storage="/users/bill/repos/flua/flua.parser.tests/bin/debug/net8.0/flua.parser.tests.dll" id="94f7471f-2f99-85fa-737f-00c961802a75">
      <Execution id="09f657cc-cd17-47bf-b65f-965ecc5b03cb" />
      <TestMethod codeBase="/Users/bill/Repos/FLua/FLua.Parser.Tests/bin/Debug/net8.0/FLua.Parser.Tests.dll" adapterTypeName="executor://yolodev/expecto" className="Parser Tests.Expression Parser Tests.Literals" name="integer" />
    </UnitTest>
    <UnitTest name="Parser Tests.Expression Parser Tests.Literals.escape backslash" storage="/users/bill/repos/flua/flua.parser.tests/bin/debug/net8.0/flua.parser.tests.dll" id="cbf11f0c-9efd-21c8-0344-f5e3de7c50b7">
      <Execution id="b8f3b43d-fbfa-484f-8124-bfdb9e346b3a" />
      <TestMethod codeBase="/Users/bill/Repos/FLua/FLua.Parser.Tests/bin/Debug/net8.0/FLua.Parser.Tests.dll" adapterTypeName="executor://yolodev/expecto" className="Parser Tests.Expression Parser Tests.Literals" name="escape backslash" />
    </UnitTest>
    <UnitTest name="Parser Tests.Expression Parser Tests.Complex Expressions.operator precedence" storage="/users/bill/repos/flua/flua.parser.tests/bin/debug/net8.0/flua.parser.tests.dll" id="3f3fa638-09ba-1011-7392-05cac169df0e">
      <Execution id="4d00e675-9fc7-4196-90bc-a149e56561d0" />
      <TestMethod codeBase="/Users/bill/Repos/FLua/FLua.Parser.Tests/bin/Debug/net8.0/FLua.Parser.Tests.dll" adapterTypeName="executor://yolodev/expecto" className="Parser Tests.Expression Parser Tests.Complex Expressions" name="operator precedence" />
    </UnitTest>
    <UnitTest name="Parser Tests.Statement Parser Tests.Parser Fixes.Table Access in Binary Expressions (Fixed).whitespace variations" storage="/users/bill/repos/flua/flua.parser.tests/bin/debug/net8.0/flua.parser.tests.dll" id="d196b395-f31e-f4e9-9268-5512404cf3f1">
      <Execution id="c848914f-8c68-41a5-a4df-394ea1433595" />
      <TestMethod codeBase="/Users/bill/Repos/FLua/FLua.Parser.Tests/bin/Debug/net8.0/FLua.Parser.Tests.dll" adapterTypeName="executor://yolodev/expecto" className="Parser Tests.Statement Parser Tests.Parser Fixes.Table Access in Binary Expressions (Fixed)" name="whitespace variations" />
    </UnitTest>
    <UnitTest name="Parser Tests.Statement Parser Tests.Control Flow Statements.if with else" storage="/users/bill/repos/flua/flua.parser.tests/bin/debug/net8.0/flua.parser.tests.dll" id="3b276006-ded9-3e33-7cce-35cbf2995e25">
      <Execution id="df3489f6-30c9-4a45-be04-905941504711" />
      <TestMethod codeBase="/Users/bill/Repos/FLua/FLua.Parser.Tests/bin/Debug/net8.0/FLua.Parser.Tests.dll" adapterTypeName="executor://yolodev/expecto" className="Parser Tests.Statement Parser Tests.Control Flow Statements" name="if with else" />
    </UnitTest>
    <UnitTest name="Parser Tests.Expression Parser Tests.Literals.empty string" storage="/users/bill/repos/flua/flua.parser.tests/bin/debug/net8.0/flua.parser.tests.dll" id="acbd658a-0a3a-c64b-60e8-e42ad757ae25">
      <Execution id="70410ce4-31d9-4bf9-8e54-386a1e6afb2b" />
      <TestMethod codeBase="/Users/bill/Repos/FLua/FLua.Parser.Tests/bin/Debug/net8.0/FLua.Parser.Tests.dll" adapterTypeName="executor://yolodev/expecto" className="Parser Tests.Expression Parser Tests.Literals" name="empty string" />
    </UnitTest>
    <UnitTest name="Parser Tests.Statement Parser Tests.Parser Fixes.Complex Assignment Patterns.assignment after complex expression" storage="/users/bill/repos/flua/flua.parser.tests/bin/debug/net8.0/flua.parser.tests.dll" id="3220c2ae-91b6-aff4-18b0-88557d16da4b">
      <Execution id="3ae07815-ecdf-4a74-88e4-97c4d9848334" />
      <TestMethod codeBase="/Users/bill/Repos/FLua/FLua.Parser.Tests/bin/Debug/net8.0/FLua.Parser.Tests.dll" adapterTypeName="executor://yolodev/expecto" className="Parser Tests.Statement Parser Tests.Parser Fixes.Complex Assignment Patterns" name="assignment after complex expression" />
    </UnitTest>
    <UnitTest name="Parser Tests.Expression Parser Tests.Table Access.bracket access string" storage="/users/bill/repos/flua/flua.parser.tests/bin/debug/net8.0/flua.parser.tests.dll" id="cfa379e1-09d8-dba5-206b-c6e2aaf24ff1">
      <Execution id="75149075-9903-49c3-9464-ddb68669f9ae" />
      <TestMethod codeBase="/Users/bill/Repos/FLua/FLua.Parser.Tests/bin/Debug/net8.0/FLua.Parser.Tests.dll" adapterTypeName="executor://yolodev/expecto" className="Parser Tests.Expression Parser Tests.Table Access" name="bracket access string" />
    </UnitTest>
    <UnitTest name="Parser Tests.Expression Parser Tests.Table Constructors.Named Fields.multiple named fields" storage="/users/bill/repos/flua/flua.parser.tests/bin/debug/net8.0/flua.parser.tests.dll" id="254cc30b-5b1d-8fc3-09ec-d3df0b2b3af0">
      <Execution id="43aebd03-5b16-4b7a-824a-280188de4715" />
      <TestMethod codeBase="/Users/bill/Repos/FLua/FLua.Parser.Tests/bin/Debug/net8.0/FLua.Parser.Tests.dll" adapterTypeName="executor://yolodev/expecto" className="Parser Tests.Expression Parser Tests.Table Constructors.Named Fields" name="multiple named fields" />
    </UnitTest>
    <UnitTest name="Parser Tests.Statement Parser Tests.Basic Statements.simple assignment" storage="/users/bill/repos/flua/flua.parser.tests/bin/debug/net8.0/flua.parser.tests.dll" id="f9b1b562-700c-308d-bc66-002581032a2e">
      <Execution id="d02c6373-cabd-43d9-85f5-ab5c5666685e" />
      <TestMethod codeBase="/Users/bill/Repos/FLua/FLua.Parser.Tests/bin/Debug/net8.0/FLua.Parser.Tests.dll" adapterTypeName="executor://yolodev/expecto" className="Parser Tests.Statement Parser Tests.Basic Statements" name="simple assignment" />
    </UnitTest>
    <UnitTest name="Parser Tests.Expression Parser Tests.Identifiers.long identifier" storage="/users/bill/repos/flua/flua.parser.tests/bin/debug/net8.0/flua.parser.tests.dll" id="c7be5443-b868-5116-e84d-9ffcacf6dab8">
      <Execution id="226a1e47-a53c-4481-902b-968aa944d42e" />
      <TestMethod codeBase="/Users/bill/Repos/FLua/FLua.Parser.Tests/bin/Debug/net8.0/FLua.Parser.Tests.dll" adapterTypeName="executor://yolodev/expecto" className="Parser Tests.Expression Parser Tests.Identifiers" name="long identifier" />
    </UnitTest>
    <UnitTest name="Parser Tests.Statement Parser Tests.Integration Tests - Multiple Features.table with method calls and functions" storage="/users/bill/repos/flua/flua.parser.tests/bin/debug/net8.0/flua.parser.tests.dll" id="23f84a4d-bc21-b97f-e115-11bf0b33db04">
      <Execution id="694c001f-f5b9-482c-811f-8bbd20de1d81" />
      <TestMethod codeBase="/Users/bill/Repos/FLua/FLua.Parser.Tests/bin/Debug/net8.0/FLua.Parser.Tests.dll" adapterTypeName="executor://yolodev/expecto" className="Parser Tests.Statement Parser Tests.Integration Tests - Multiple Features" name="table with method calls and functions" />
    </UnitTest>
    <UnitTest name="Parser Tests.Statement Parser Tests.Integration Tests - Multiple Features.local assignment with complex expressions" storage="/users/bill/repos/flua/flua.parser.tests/bin/debug/net8.0/flua.parser.tests.dll" id="bf1b4d49-e184-dfdd-ed3f-683ae593c916">
      <Execution id="6b61757f-a4c1-42a0-ab84-50255cc63368" />
      <TestMethod codeBase="/Users/bill/Repos/FLua/FLua.Parser.Tests/bin/Debug/net8.0/FLua.Parser.Tests.dll" adapterTypeName="executor://yolodev/expecto" className="Parser Tests.Statement Parser Tests.Integration Tests - Multiple Features" name="local assignment with complex expressions" />
    </UnitTest>
    <UnitTest name="Parser Tests.Expression Parser Tests.Multiplicative Operators.float divide" storage="/users/bill/repos/flua/flua.parser.tests/bin/debug/net8.0/flua.parser.tests.dll" id="1ab65006-1d16-c78b-9176-c6d1cbfa198a">
      <Execution id="84f2b8fb-c482-429d-9ed0-494f79db58e2" />
      <TestMethod codeBase="/Users/bill/Repos/FLua/FLua.Parser.Tests/bin/Debug/net8.0/FLua.Parser.Tests.dll" adapterTypeName="executor://yolodev/expecto" className="Parser Tests.Expression Parser Tests.Multiplicative Operators" name="float divide" />
    </UnitTest>
    <UnitTest name="Parser Tests.Statement Parser Tests.Basic Statements.assignment with expressions" storage="/users/bill/repos/flua/flua.parser.tests/bin/debug/net8.0/flua.parser.tests.dll" id="ffc50473-1728-3b39-765c-2603db6d395a">
      <Execution id="d19b74fe-1f75-4c31-ad94-d791c7022022" />
      <TestMethod codeBase="/Users/bill/Repos/FLua/FLua.Parser.Tests/bin/Debug/net8.0/FLua.Parser.Tests.dll" adapterTypeName="executor://yolodev/expecto" className="Parser Tests.Statement Parser Tests.Basic Statements" name="assignment with expressions" />
    </UnitTest>
    <UnitTest name="Parser Tests.Expression Parser Tests.Table Access.dot access" storage="/users/bill/repos/flua/flua.parser.tests/bin/debug/net8.0/flua.parser.tests.dll" id="8b13a765-8c99-aabc-b19d-11c9ca6f1b68">
      <Execution id="046e93ff-ffe2-4580-b369-9dd5494f080c" />
      <TestMethod codeBase="/Users/bill/Repos/FLua/FLua.Parser.Tests/bin/Debug/net8.0/FLua.Parser.Tests.dll" adapterTypeName="executor://yolodev/expecto" className="Parser Tests.Expression Parser Tests.Table Access" name="dot access" />
    </UnitTest>
    <UnitTest name="Parser Tests.Statement Parser Tests.Control Flow Statements.Function Definitions.simple function" storage="/users/bill/repos/flua/flua.parser.tests/bin/debug/net8.0/flua.parser.tests.dll" id="384e7e46-2939-dfa4-d397-51eef363ea84">
      <Execution id="29bd0069-f861-4163-857d-91e397379656" />
      <TestMethod codeBase="/Users/bill/Repos/FLua/FLua.Parser.Tests/bin/Debug/net8.0/FLua.Parser.Tests.dll" adapterTypeName="executor://yolodev/expecto" className="Parser Tests.Statement Parser Tests.Control Flow Statements.Function Definitions" name="simple function" />
    </UnitTest>
    <UnitTest name="Parser Tests.Statement Parser Tests.Control Flow Statements.Function Definitions.local function" storage="/users/bill/repos/flua/flua.parser.tests/bin/debug/net8.0/flua.parser.tests.dll" id="abb00982-0096-661e-4e2d-bf082834ac59">
      <Execution id="b6ee67e9-4d55-4de9-94c5-3e8866792bf3" />
      <TestMethod codeBase="/Users/bill/Repos/FLua/FLua.Parser.Tests/bin/Debug/net8.0/FLua.Parser.Tests.dll" adapterTypeName="executor://yolodev/expecto" className="Parser Tests.Statement Parser Tests.Control Flow Statements.Function Definitions" name="local function" />
    </UnitTest>
    <UnitTest name="Parser Tests.Expression Parser Tests.Method Calls.mixed access and method" storage="/users/bill/repos/flua/flua.parser.tests/bin/debug/net8.0/flua.parser.tests.dll" id="862c78bf-ab7b-7516-2ebe-a03d490a5635">
      <Execution id="f621cc1c-bd96-45ad-93af-d48ee84798c8" />
      <TestMethod codeBase="/Users/bill/Repos/FLua/FLua.Parser.Tests/bin/Debug/net8.0/FLua.Parser.Tests.dll" adapterTypeName="executor://yolodev/expecto" className="Parser Tests.Expression Parser Tests.Method Calls" name="mixed access and method" />
    </UnitTest>
    <UnitTest name="Parser Tests.Expression Parser Tests.Function Calls.single argument" storage="/users/bill/repos/flua/flua.parser.tests/bin/debug/net8.0/flua.parser.tests.dll" id="c9bdd070-3a4d-f33d-8633-0f0ada3f44b8">
      <Execution id="23b316ec-b0db-46eb-bea3-7ebc56f5d067" />
      <TestMethod codeBase="/Users/bill/Repos/FLua/FLua.Parser.Tests/bin/Debug/net8.0/FLua.Parser.Tests.dll" adapterTypeName="executor://yolodev/expecto" className="Parser Tests.Expression Parser Tests.Function Calls" name="single argument" />
    </UnitTest>
    <UnitTest name="Parser Tests.Expression Parser Tests.Identifiers.underscore identifier" storage="/users/bill/repos/flua/flua.parser.tests/bin/debug/net8.0/flua.parser.tests.dll" id="0ba7aa40-6834-6408-0135-49e448773151">
      <Execution id="e3d226d9-fcce-4694-8c77-eeb0583e4626" />
      <TestMethod codeBase="/Users/bill/Repos/FLua/FLua.Parser.Tests/bin/Debug/net8.0/FLua.Parser.Tests.dll" adapterTypeName="executor://yolodev/expecto" className="Parser Tests.Expression Parser Tests.Identifiers" name="underscore identifier" />
    </UnitTest>
    <UnitTest name="Decimal number parsing.Numbers starting with dot" storage="/users/bill/repos/flua/flua.parser.tests/bin/debug/net8.0/flua.parser.tests.dll" id="74d64d57-23b6-db5a-27b8-8384e8cfe593">
      <Execution id="ef0a4b76-0503-48e8-9489-5b552bf850cd" />
      <TestMethod codeBase="/Users/bill/Repos/FLua/FLua.Parser.Tests/bin/Debug/net8.0/FLua.Parser.Tests.dll" adapterTypeName="executor://yolodev/expecto" className="Decimal number parsing" name="Numbers starting with dot" />
    </UnitTest>
    <UnitTest name="Parser Tests.Statement Parser Tests.Basic Statements.multiple local" storage="/users/bill/repos/flua/flua.parser.tests/bin/debug/net8.0/flua.parser.tests.dll" id="65098e0b-d31f-493f-f5c7-89b21212d75c">
      <Execution id="48cb7eac-5a60-4e39-8fab-bd7d8c1c76d3" />
      <TestMethod codeBase="/Users/bill/Repos/FLua/FLua.Parser.Tests/bin/Debug/net8.0/FLua.Parser.Tests.dll" adapterTypeName="executor://yolodev/expecto" className="Parser Tests.Statement Parser Tests.Basic Statements" name="multiple local" />
    </UnitTest>
    <UnitTest name="Parser Tests.Statement Parser Tests.Parser Fixes.Complex Assignment Patterns.nil assignment to table" storage="/users/bill/repos/flua/flua.parser.tests/bin/debug/net8.0/flua.parser.tests.dll" id="798740c7-4bcf-2860-2b4d-5db188ed8088">
      <Execution id="60a099fb-61f5-4b0a-b88d-6b2a8d54827c" />
      <TestMethod codeBase="/Users/bill/Repos/FLua/FLua.Parser.Tests/bin/Debug/net8.0/FLua.Parser.Tests.dll" adapterTypeName="executor://yolodev/expecto" className="Parser Tests.Statement Parser Tests.Parser Fixes.Complex Assignment Patterns" name="nil assignment to table" />
    </UnitTest>
    <UnitTest name="Parser Tests.Expression Parser Tests.Table Constructors.Simple Values.single value" storage="/users/bill/repos/flua/flua.parser.tests/bin/debug/net8.0/flua.parser.tests.dll" id="b4887e73-89aa-9e82-9b02-5368d0b98e0e">
      <Execution id="ed69d84c-a791-47e8-910c-3802be3f681a" />
      <TestMethod codeBase="/Users/bill/Repos/FLua/FLua.Parser.Tests/bin/Debug/net8.0/FLua.Parser.Tests.dll" adapterTypeName="executor://yolodev/expecto" className="Parser Tests.Expression Parser Tests.Table Constructors.Simple Values" name="single value" />
    </UnitTest>
    <UnitTest name="Parser Tests.Expression Parser Tests.Literals.boolean false" storage="/users/bill/repos/flua/flua.parser.tests/bin/debug/net8.0/flua.parser.tests.dll" id="ef88aec7-46d3-dd30-ec64-a51e14f8fab1">
      <Execution id="a37a907b-4c45-403a-94be-7e6fdebe072f" />
      <TestMethod codeBase="/Users/bill/Repos/FLua/FLua.Parser.Tests/bin/Debug/net8.0/FLua.Parser.Tests.dll" adapterTypeName="executor://yolodev/expecto" className="Parser Tests.Expression Parser Tests.Literals" name="boolean false" />
    </UnitTest>
    <UnitTest name="Parser Tests.Expression Parser Tests.Table Constructors.Key Fields.key field with variable" storage="/users/bill/repos/flua/flua.parser.tests/bin/debug/net8.0/flua.parser.tests.dll" id="4aa0c269-359a-c858-e90f-1fae4b1d119c">
      <Execution id="a8cc506d-4b24-43d7-9fbb-eb5292e4ac14" />
      <TestMethod codeBase="/Users/bill/Repos/FLua/FLua.Parser.Tests/bin/Debug/net8.0/FLua.Parser.Tests.dll" adapterTypeName="executor://yolodev/expecto" className="Parser Tests.Expression Parser Tests.Table Constructors.Key Fields" name="key field with variable" />
    </UnitTest>
    <UnitTest name="Function call parsing.Standard call" storage="/users/bill/repos/flua/flua.parser.tests/bin/debug/net8.0/flua.parser.tests.dll" id="1445a436-f34a-a70f-5047-8283ef73049c">
      <Execution id="5eeb3004-8b24-4ef0-af62-f421682cba90" />
      <TestMethod codeBase="/Users/bill/Repos/FLua/FLua.Parser.Tests/bin/Debug/net8.0/FLua.Parser.Tests.dll" adapterTypeName="executor://yolodev/expecto" className="Function call parsing" name="Standard call" />
    </UnitTest>
    <UnitTest name="Parser Tests.Expression Parser Tests.Literals.escape vertical tab" storage="/users/bill/repos/flua/flua.parser.tests/bin/debug/net8.0/flua.parser.tests.dll" id="c8ec8d0b-8726-1048-5a8e-70417ccfe9cc">
      <Execution id="d60fcd35-620f-4497-abc3-6e39394d20b2" />
      <TestMethod codeBase="/Users/bill/Repos/FLua/FLua.Parser.Tests/bin/Debug/net8.0/FLua.Parser.Tests.dll" adapterTypeName="executor://yolodev/expecto" className="Parser Tests.Expression Parser Tests.Literals" name="escape vertical tab" />
    </UnitTest>
    <UnitTest name="Parser Tests.Expression Parser Tests.Bitwise Operators.bitwise or" storage="/users/bill/repos/flua/flua.parser.tests/bin/debug/net8.0/flua.parser.tests.dll" id="df0bcd8b-7844-5b92-d01d-86530aea9c35">
      <Execution id="590bbd73-0bab-4443-b887-8748ffbb1dc0" />
      <TestMethod codeBase="/Users/bill/Repos/FLua/FLua.Parser.Tests/bin/Debug/net8.0/FLua.Parser.Tests.dll" adapterTypeName="executor://yolodev/expecto" className="Parser Tests.Expression Parser Tests.Bitwise Operators" name="bitwise or" />
    </UnitTest>
    <UnitTest name="Parser Tests.Statement Parser Tests.Control Flow Statements.Labels and Goto.goto with underscore" storage="/users/bill/repos/flua/flua.parser.tests/bin/debug/net8.0/flua.parser.tests.dll" id="9941d091-0d12-9ab4-3186-9c070f874a75">
      <Execution id="2f7936e5-9977-474a-91ed-a59fe55eb853" />
      <TestMethod codeBase="/Users/bill/Repos/FLua/FLua.Parser.Tests/bin/Debug/net8.0/FLua.Parser.Tests.dll" adapterTypeName="executor://yolodev/expecto" className="Parser Tests.Statement Parser Tests.Control Flow Statements.Labels and Goto" name="goto with underscore" />
    </UnitTest>
    <UnitTest name="Parser Tests.Expression Parser Tests.Power Operator.right associative" storage="/users/bill/repos/flua/flua.parser.tests/bin/debug/net8.0/flua.parser.tests.dll" id="a4206639-8551-015b-9278-1c1f53a52704">
      <Execution id="eceaf38b-a845-4a26-9ffc-65331e681ef7" />
      <TestMethod codeBase="/Users/bill/Repos/FLua/FLua.Parser.Tests/bin/Debug/net8.0/FLua.Parser.Tests.dll" adapterTypeName="executor://yolodev/expecto" className="Parser Tests.Expression Parser Tests.Power Operator" name="right associative" />
    </UnitTest>
    <UnitTest name="Parser Tests.Expression Parser Tests.Additive Operators.subtract" storage="/users/bill/repos/flua/flua.parser.tests/bin/debug/net8.0/flua.parser.tests.dll" id="b51db8bf-d36e-0aa7-8a8f-f4a9946301ba">
      <Execution id="ea20e8da-4fab-4588-8086-89fd2d710c6d" />
      <TestMethod codeBase="/Users/bill/Repos/FLua/FLua.Parser.Tests/bin/Debug/net8.0/FLua.Parser.Tests.dll" adapterTypeName="executor://yolodev/expecto" className="Parser Tests.Expression Parser Tests.Additive Operators" name="subtract" />
    </UnitTest>
    <UnitTest name="Parser Tests.Statement Parser Tests.Control Flow Statements.Function Definitions.local function with params" storage="/users/bill/repos/flua/flua.parser.tests/bin/debug/net8.0/flua.parser.tests.dll" id="3c513f3b-1271-3f9c-ccd2-60479767cb29">
      <Execution id="d813a9a2-c1bc-469b-b335-c2f55a3a0287" />
      <TestMethod codeBase="/Users/bill/Repos/FLua/FLua.Parser.Tests/bin/Debug/net8.0/FLua.Parser.Tests.dll" adapterTypeName="executor://yolodev/expecto" className="Parser Tests.Statement Parser Tests.Control Flow Statements.Function Definitions" name="local function with params" />
    </UnitTest>
    <UnitTest name="Parser Tests.Statement Parser Tests.Parser Fixes.Complex Assignment Patterns.table assignment in sequence" storage="/users/bill/repos/flua/flua.parser.tests/bin/debug/net8.0/flua.parser.tests.dll" id="b21fa29a-c221-a436-8f17-6ab1b870468e">
      <Execution id="dfc7454a-fca2-4412-ba9a-20f0a9de649f" />
      <TestMethod codeBase="/Users/bill/Repos/FLua/FLua.Parser.Tests/bin/Debug/net8.0/FLua.Parser.Tests.dll" adapterTypeName="executor://yolodev/expecto" className="Parser Tests.Statement Parser Tests.Parser Fixes.Complex Assignment Patterns" name="table assignment in sequence" />
    </UnitTest>
    <UnitTest name="Parser Tests.Statement Parser Tests.Variable Attributes.Function Parameter Attributes.function with mixed parameter attributes" storage="/users/bill/repos/flua/flua.parser.tests/bin/debug/net8.0/flua.parser.tests.dll" id="2235aeb2-d9db-b858-9ee9-ee90338ff81a">
      <Execution id="fdad07d5-20a5-402e-bfe1-6f13d59498ff" />
      <TestMethod codeBase="/Users/bill/Repos/FLua/FLua.Parser.Tests/bin/Debug/net8.0/FLua.Parser.Tests.dll" adapterTypeName="executor://yolodev/expecto" className="Parser Tests.Statement Parser Tests.Variable Attributes.Function Parameter Attributes" name="function with mixed parameter attributes" />
    </UnitTest>
    <UnitTest name="Parser Tests.Statement Parser Tests.Control Flow Statements.Function Definitions.method definition" storage="/users/bill/repos/flua/flua.parser.tests/bin/debug/net8.0/flua.parser.tests.dll" id="31b647c0-1b1b-231b-0aa9-4845822edf5a">
      <Execution id="9c36c58d-42a1-4369-9b49-49a4adc3ebdc" />
      <TestMethod codeBase="/Users/bill/Repos/FLua/FLua.Parser.Tests/bin/Debug/net8.0/FLua.Parser.Tests.dll" adapterTypeName="executor://yolodev/expecto" className="Parser Tests.Statement Parser Tests.Control Flow Statements.Function Definitions" name="method definition" />
    </UnitTest>
    <UnitTest name="Parser Tests.Expression Parser Tests.Literals.hex escape A" storage="/users/bill/repos/flua/flua.parser.tests/bin/debug/net8.0/flua.parser.tests.dll" id="6bcb40f4-cf24-de68-ebe9-a8a7e6ab39fc">
      <Execution id="e426640e-3770-440b-b4ef-550d8f00c5b1" />
      <TestMethod codeBase="/Users/bill/Repos/FLua/FLua.Parser.Tests/bin/Debug/net8.0/FLua.Parser.Tests.dll" adapterTypeName="executor://yolodev/expecto" className="Parser Tests.Expression Parser Tests.Literals" name="hex escape A" />
    </UnitTest>
    <UnitTest name="Generic for loop parsing.Multiple iterator values" storage="/users/bill/repos/flua/flua.parser.tests/bin/debug/net8.0/flua.parser.tests.dll" id="f0647535-9b53-2b97-a592-0347a36420eb">
      <Execution id="1015b3fc-2cf0-4d7c-bad6-a2228f236c99" />
      <TestMethod codeBase="/Users/bill/Repos/FLua/FLua.Parser.Tests/bin/Debug/net8.0/FLua.Parser.Tests.dll" adapterTypeName="executor://yolodev/expecto" className="Generic for loop parsing" name="Multiple iterator values" />
    </UnitTest>
    <UnitTest name="Parser Tests.Statement Parser Tests.Basic Statements.local without init" storage="/users/bill/repos/flua/flua.parser.tests/bin/debug/net8.0/flua.parser.tests.dll" id="3b11aa8b-1906-ff2b-88bb-e6031120b9a4">
      <Execution id="4ff410c2-f174-4a6b-9f99-e5fe01d62bd5" />
      <TestMethod codeBase="/Users/bill/Repos/FLua/FLua.Parser.Tests/bin/Debug/net8.0/FLua.Parser.Tests.dll" adapterTypeName="executor://yolodev/expecto" className="Parser Tests.Statement Parser Tests.Basic Statements" name="local without init" />
    </UnitTest>
    <UnitTest name="Parser Tests.Statement Parser Tests.Control Flow Statements.For Loops.generic for single var" storage="/users/bill/repos/flua/flua.parser.tests/bin/debug/net8.0/flua.parser.tests.dll" id="5bb5f4cc-8a1b-1d50-5b9e-c5ad18e143dd">
      <Execution id="63d26fdc-65a5-4da0-9b27-85be963c9f2d" />
      <TestMethod codeBase="/Users/bill/Repos/FLua/FLua.Parser.Tests/bin/Debug/net8.0/FLua.Parser.Tests.dll" adapterTypeName="executor://yolodev/expecto" className="Parser Tests.Statement Parser Tests.Control Flow Statements.For Loops" name="generic for single var" />
    </UnitTest>
    <UnitTest name="Parser Tests.Expression Parser Tests.Parentheses.parentheses with spaces" storage="/users/bill/repos/flua/flua.parser.tests/bin/debug/net8.0/flua.parser.tests.dll" id="95ca2f10-0840-0229-390b-f87fb8626041">
      <Execution id="126e3285-b5fc-4298-b370-1aa4a7a68103" />
      <TestMethod codeBase="/Users/bill/Repos/FLua/FLua.Parser.Tests/bin/Debug/net8.0/FLua.Parser.Tests.dll" adapterTypeName="executor://yolodev/expecto" className="Parser Tests.Expression Parser Tests.Parentheses" name="parentheses with spaces" />
    </UnitTest>
    <UnitTest name="Parser Tests.Expression Parser Tests.Table Constructors.Key Fields.key field with expression" storage="/users/bill/repos/flua/flua.parser.tests/bin/debug/net8.0/flua.parser.tests.dll" id="c6c69823-0e8f-a585-91ca-73273148719d">
      <Execution id="d60366fc-c165-4e55-8cad-e6c912416817" />
      <TestMethod codeBase="/Users/bill/Repos/FLua/FLua.Parser.Tests/bin/Debug/net8.0/FLua.Parser.Tests.dll" adapterTypeName="executor://yolodev/expecto" className="Parser Tests.Expression Parser Tests.Table Constructors.Key Fields" name="key field with expression" />
    </UnitTest>
    <UnitTest name="Parser Tests.Statement Parser Tests.Control Flow Statements.Labels and Goto.goto with numbers" storage="/users/bill/repos/flua/flua.parser.tests/bin/debug/net8.0/flua.parser.tests.dll" id="ee64b813-f0cb-cb72-0323-df3a54bc0a5e">
      <Execution id="03b18986-4ee6-4d80-89db-691fc0904f2d" />
      <TestMethod codeBase="/Users/bill/Repos/FLua/FLua.Parser.Tests/bin/Debug/net8.0/FLua.Parser.Tests.dll" adapterTypeName="executor://yolodev/expecto" className="Parser Tests.Statement Parser Tests.Control Flow Statements.Labels and Goto" name="goto with numbers" />
    </UnitTest>
    <UnitTest name="Parser Tests.Statement Parser Tests.Integration Tests - Multiple Features.multiple assignment with method calls" storage="/users/bill/repos/flua/flua.parser.tests/bin/debug/net8.0/flua.parser.tests.dll" id="bc676c70-bff1-771e-2805-b78bf099cdaf">
      <Execution id="12a9c0f9-ceab-4dc5-8988-20804084ab27" />
      <TestMethod codeBase="/Users/bill/Repos/FLua/FLua.Parser.Tests/bin/Debug/net8.0/FLua.Parser.Tests.dll" adapterTypeName="executor://yolodev/expecto" className="Parser Tests.Statement Parser Tests.Integration Tests - Multiple Features" name="multiple assignment with method calls" />
    </UnitTest>
    <UnitTest name="Parser Tests.Expression Parser Tests.Table Constructors.Mixed Fields.nested tables" storage="/users/bill/repos/flua/flua.parser.tests/bin/debug/net8.0/flua.parser.tests.dll" id="6d9ca8dd-f154-227d-84e3-afa1a8dfa77e">
      <Execution id="6c81da50-3adc-4936-bee5-39de62b06d76" />
      <TestMethod codeBase="/Users/bill/Repos/FLua/FLua.Parser.Tests/bin/Debug/net8.0/FLua.Parser.Tests.dll" adapterTypeName="executor://yolodev/expecto" className="Parser Tests.Expression Parser Tests.Table Constructors.Mixed Fields" name="nested tables" />
    </UnitTest>
    <UnitTest name="Parser Tests.Expression Parser Tests.Table Constructors.Complex Examples.table with function definition" storage="/users/bill/repos/flua/flua.parser.tests/bin/debug/net8.0/flua.parser.tests.dll" id="f55754ec-072d-a532-5fd1-647f087fa389">
      <Execution id="5bd40f1e-d68e-46f5-9ba8-6e5fb33cabbb" />
      <TestMethod codeBase="/Users/bill/Repos/FLua/FLua.Parser.Tests/bin/Debug/net8.0/FLua.Parser.Tests.dll" adapterTypeName="executor://yolodev/expecto" className="Parser Tests.Expression Parser Tests.Table Constructors.Complex Examples" name="table with function definition" />
    </UnitTest>
    <UnitTest name="Parser Tests.Expression Parser Tests.Method Calls.method with multiple args" storage="/users/bill/repos/flua/flua.parser.tests/bin/debug/net8.0/flua.parser.tests.dll" id="6412ce07-78c8-4c98-b55c-92f2fe3f0b2c">
      <Execution id="53c034cb-4ccf-4570-8a07-803eca5fc4e7" />
      <TestMethod codeBase="/Users/bill/Repos/FLua/FLua.Parser.Tests/bin/Debug/net8.0/FLua.Parser.Tests.dll" adapterTypeName="executor://yolodev/expecto" className="Parser Tests.Expression Parser Tests.Method Calls" name="method with multiple args" />
    </UnitTest>
    <UnitTest name="Parser Tests.Expression Parser Tests.Table Access.bracket access variable" storage="/users/bill/repos/flua/flua.parser.tests/bin/debug/net8.0/flua.parser.tests.dll" id="23936ca9-cb04-0d9a-ca60-67e86f26450c">
      <Execution id="98a75447-31e6-4d32-83a4-a6aca775da80" />
      <TestMethod codeBase="/Users/bill/Repos/FLua/FLua.Parser.Tests/bin/Debug/net8.0/FLua.Parser.Tests.dll" adapterTypeName="executor://yolodev/expecto" className="Parser Tests.Expression Parser Tests.Table Access" name="bracket access variable" />
    </UnitTest>
    <UnitTest name="Parser Tests.Expression Parser Tests.Unary Operators.negate" storage="/users/bill/repos/flua/flua.parser.tests/bin/debug/net8.0/flua.parser.tests.dll" id="0ee73c2d-1ffb-ddf9-4e07-1b1702a6be39">
      <Execution id="9e21c583-ea12-40f8-ac8b-366bd2615168" />
      <TestMethod codeBase="/Users/bill/Repos/FLua/FLua.Parser.Tests/bin/Debug/net8.0/FLua.Parser.Tests.dll" adapterTypeName="executor://yolodev/expecto" className="Parser Tests.Expression Parser Tests.Unary Operators" name="negate" />
    </UnitTest>
    <UnitTest name="Parser Tests.Statement Parser Tests.Variable Attributes.Local Variable Attributes.local const variable" storage="/users/bill/repos/flua/flua.parser.tests/bin/debug/net8.0/flua.parser.tests.dll" id="c44b47ac-34e7-a034-b2d7-a56e3ecf6a11">
      <Execution id="8b10fe1e-db71-4c52-97eb-f08dfe48dcb2" />
      <TestMethod codeBase="/Users/bill/Repos/FLua/FLua.Parser.Tests/bin/Debug/net8.0/FLua.Parser.Tests.dll" adapterTypeName="executor://yolodev/expecto" className="Parser Tests.Statement Parser Tests.Variable Attributes.Local Variable Attributes" name="local const variable" />
    </UnitTest>
    <UnitTest name="Parser Tests.Statement Parser Tests.Basic Statements.return empty" storage="/users/bill/repos/flua/flua.parser.tests/bin/debug/net8.0/flua.parser.tests.dll" id="8ca401d4-73e8-2216-59da-4cc641e70c7c">
      <Execution id="14a58cac-d427-49aa-83b3-db353c72edfe" />
      <TestMethod codeBase="/Users/bill/Repos/FLua/FLua.Parser.Tests/bin/Debug/net8.0/FLua.Parser.Tests.dll" adapterTypeName="executor://yolodev/expecto" className="Parser Tests.Statement Parser Tests.Basic Statements" name="return empty" />
    </UnitTest>
    <UnitTest name="Parser Tests.Statement Parser Tests.Control Flow Statements.Labels and Goto.goto statement" storage="/users/bill/repos/flua/flua.parser.tests/bin/debug/net8.0/flua.parser.tests.dll" id="93743fcd-e2c6-fcf8-1983-d6902911611b">
      <Execution id="8f68958c-925e-427d-8052-415c8b408ba1" />
      <TestMethod codeBase="/Users/bill/Repos/FLua/FLua.Parser.Tests/bin/Debug/net8.0/FLua.Parser.Tests.dll" adapterTypeName="executor://yolodev/expecto" className="Parser Tests.Statement Parser Tests.Control Flow Statements.Labels and Goto" name="goto statement" />
    </UnitTest>
    <UnitTest name="Parser Tests.Statement Parser Tests.Integration Tests - Multiple Features.method call with table constructor" storage="/users/bill/repos/flua/flua.parser.tests/bin/debug/net8.0/flua.parser.tests.dll" id="c3b1ea7b-ede6-c7b9-1230-73a5ed747da0">
      <Execution id="0c72e439-ee92-4977-bd0e-6dbb2ce7a6b6" />
      <TestMethod codeBase="/Users/bill/Repos/FLua/FLua.Parser.Tests/bin/Debug/net8.0/FLua.Parser.Tests.dll" adapterTypeName="executor://yolodev/expecto" className="Parser Tests.Statement Parser Tests.Integration Tests - Multiple Features" name="method call with table constructor" />
    </UnitTest>
    <UnitTest name="Parser Tests.Expression Parser Tests.Literals.decimal escape null" storage="/users/bill/repos/flua/flua.parser.tests/bin/debug/net8.0/flua.parser.tests.dll" id="b6013297-8c3d-783b-6fe1-bb174e228c37">
      <Execution id="f0c5f433-544a-47d4-8ca9-7808b565d7a2" />
      <TestMethod codeBase="/Users/bill/Repos/FLua/FLua.Parser.Tests/bin/Debug/net8.0/FLua.Parser.Tests.dll" adapterTypeName="executor://yolodev/expecto" className="Parser Tests.Expression Parser Tests.Literals" name="decimal escape null" />
    </UnitTest>
    <UnitTest name="Parser Tests.Expression Parser Tests.Table Access.chained bracket access" storage="/users/bill/repos/flua/flua.parser.tests/bin/debug/net8.0/flua.parser.tests.dll" id="abcd273c-5fb8-2e18-1f45-cd1c0a4ca70a">
      <Execution id="197681bd-663c-4ae2-a047-58697c258286" />
      <TestMethod codeBase="/Users/bill/Repos/FLua/FLua.Parser.Tests/bin/Debug/net8.0/FLua.Parser.Tests.dll" adapterTypeName="executor://yolodev/expecto" className="Parser Tests.Expression Parser Tests.Table Access" name="chained bracket access" />
    </UnitTest>
    <UnitTest name="Parser Tests.Expression Parser Tests.Literals.single quote string" storage="/users/bill/repos/flua/flua.parser.tests/bin/debug/net8.0/flua.parser.tests.dll" id="906536ef-e98f-d22a-f50e-edb13761511c">
      <Execution id="b20fe9a8-661b-4903-9ff2-9fbb9f40b532" />
      <TestMethod codeBase="/Users/bill/Repos/FLua/FLua.Parser.Tests/bin/Debug/net8.0/FLua.Parser.Tests.dll" adapterTypeName="executor://yolodev/expecto" className="Parser Tests.Expression Parser Tests.Literals" name="single quote string" />
    </UnitTest>
    <UnitTest name="Parser Tests.Statement Parser Tests.Control Flow Statements.For Loops.numeric for with body" storage="/users/bill/repos/flua/flua.parser.tests/bin/debug/net8.0/flua.parser.tests.dll" id="ed26fc88-791f-1658-dbfa-7a48264cd0f8">
      <Execution id="23294852-8328-474c-929c-255cba741ca5" />
      <TestMethod codeBase="/Users/bill/Repos/FLua/FLua.Parser.Tests/bin/Debug/net8.0/FLua.Parser.Tests.dll" adapterTypeName="executor://yolodev/expecto" className="Parser Tests.Statement Parser Tests.Control Flow Statements.For Loops" name="numeric for with body" />
    </UnitTest>
    <UnitTest name="String escape sequences.Hex escape" storage="/users/bill/repos/flua/flua.parser.tests/bin/debug/net8.0/flua.parser.tests.dll" id="d3c442eb-a0af-517d-1486-3bae2dbdb273">
      <Execution id="04c0c3aa-bb8f-4c8b-90c3-b3c51fae0201" />
      <TestMethod codeBase="/Users/bill/Repos/FLua/FLua.Parser.Tests/bin/Debug/net8.0/FLua.Parser.Tests.dll" adapterTypeName="executor://yolodev/expecto" className="String escape sequences" name="Hex escape" />
    </UnitTest>
    <UnitTest name="Parser Tests.Expression Parser Tests.Function Calls.no arguments" storage="/users/bill/repos/flua/flua.parser.tests/bin/debug/net8.0/flua.parser.tests.dll" id="176664cd-e332-31a2-9d05-82d737b12220">
      <Execution id="2fd8bf7e-3132-4082-9c6f-28729b9389c4" />
      <TestMethod codeBase="/Users/bill/Repos/FLua/FLua.Parser.Tests/bin/Debug/net8.0/FLua.Parser.Tests.dll" adapterTypeName="executor://yolodev/expecto" className="Parser Tests.Expression Parser Tests.Function Calls" name="no arguments" />
    </UnitTest>
    <UnitTest name="Parser Tests.Statement Parser Tests.Basic Statements.break statement" storage="/users/bill/repos/flua/flua.parser.tests/bin/debug/net8.0/flua.parser.tests.dll" id="5ac0815c-2cd0-83c8-4b20-9a9ca5bc58af">
      <Execution id="1dacf332-464f-4543-8a0e-c5e4d10860b6" />
      <TestMethod codeBase="/Users/bill/Repos/FLua/FLua.Parser.Tests/bin/Debug/net8.0/FLua.Parser.Tests.dll" adapterTypeName="executor://yolodev/expecto" className="Parser Tests.Statement Parser Tests.Basic Statements" name="break statement" />
    </UnitTest>
    <UnitTest name="Parser Tests.Expression Parser Tests.Literals.unicode escape zero" storage="/users/bill/repos/flua/flua.parser.tests/bin/debug/net8.0/flua.parser.tests.dll" id="e6fd593e-8926-6b22-f12a-96430c0fbf2e">
      <Execution id="ddec43a0-3de1-4370-9b7e-b89bdbcfe2d4" />
      <TestMethod codeBase="/Users/bill/Repos/FLua/FLua.Parser.Tests/bin/Debug/net8.0/FLua.Parser.Tests.dll" adapterTypeName="executor://yolodev/expecto" className="Parser Tests.Expression Parser Tests.Literals" name="unicode escape zero" />
    </UnitTest>
    <UnitTest name="Parser Tests.Expression Parser Tests.Parentheses.triple nested" storage="/users/bill/repos/flua/flua.parser.tests/bin/debug/net8.0/flua.parser.tests.dll" id="d6ad8503-abcd-d671-2bc8-4af4c4c0ff76">
      <Execution id="e32c244e-fb9c-45d9-ae8a-fd7a3145ae99" />
      <TestMethod codeBase="/Users/bill/Repos/FLua/FLua.Parser.Tests/bin/Debug/net8.0/FLua.Parser.Tests.dll" adapterTypeName="executor://yolodev/expecto" className="Parser Tests.Expression Parser Tests.Parentheses" name="triple nested" />
    </UnitTest>
    <UnitTest name="Parser Tests.Expression Parser Tests.String Concatenation.right associative" storage="/users/bill/repos/flua/flua.parser.tests/bin/debug/net8.0/flua.parser.tests.dll" id="300f6dee-6490-83f6-adc0-de2d0fa5816e">
      <Execution id="02f9cb14-c084-4a74-b667-ba9bce505d97" />
      <TestMethod codeBase="/Users/bill/Repos/FLua/FLua.Parser.Tests/bin/Debug/net8.0/FLua.Parser.Tests.dll" adapterTypeName="executor://yolodev/expecto" className="Parser Tests.Expression Parser Tests.String Concatenation" name="right associative" />
    </UnitTest>
    <UnitTest name="Parser Tests.Expression Parser Tests.Comparison Operators.greater" storage="/users/bill/repos/flua/flua.parser.tests/bin/debug/net8.0/flua.parser.tests.dll" id="df226330-7aa0-8c33-1b47-375d91200853">
      <Execution id="ab78ebdb-f9fb-4c75-afac-3e672a21f256" />
      <TestMethod codeBase="/Users/bill/Repos/FLua/FLua.Parser.Tests/bin/Debug/net8.0/FLua.Parser.Tests.dll" adapterTypeName="executor://yolodev/expecto" className="Parser Tests.Expression Parser Tests.Comparison Operators" name="greater" />
    </UnitTest>
    <UnitTest name="Parser Tests.Expression Parser Tests.Literals.escape double quote" storage="/users/bill/repos/flua/flua.parser.tests/bin/debug/net8.0/flua.parser.tests.dll" id="f198c2f2-d97d-2ebd-6b38-42f64079cc49">
      <Execution id="5e9283fe-2293-4172-a7fe-f047a467901f" />
      <TestMethod codeBase="/Users/bill/Repos/FLua/FLua.Parser.Tests/bin/Debug/net8.0/FLua.Parser.Tests.dll" adapterTypeName="executor://yolodev/expecto" className="Parser Tests.Expression Parser Tests.Literals" name="escape double quote" />
    </UnitTest>
    <UnitTest name="Parser Tests.Statement Parser Tests.Control Flow Statements.For Loops.numeric for basic" storage="/users/bill/repos/flua/flua.parser.tests/bin/debug/net8.0/flua.parser.tests.dll" id="04e7d918-25da-0f85-ac00-ebd526c020fb">
      <Execution id="ae279511-3049-44e7-95bd-e59f254afa27" />
      <TestMethod codeBase="/Users/bill/Repos/FLua/FLua.Parser.Tests/bin/Debug/net8.0/FLua.Parser.Tests.dll" adapterTypeName="executor://yolodev/expecto" className="Parser Tests.Statement Parser Tests.Control Flow Statements.For Loops" name="numeric for basic" />
    </UnitTest>
    <UnitTest name="Parser Tests.Expression Parser Tests.Literals.literals.lua case 3" storage="/users/bill/repos/flua/flua.parser.tests/bin/debug/net8.0/flua.parser.tests.dll" id="825fd467-52f0-ebc3-102d-d554859cb5d0">
      <Execution id="8468b06c-8c4c-428c-9823-64747c20fd6b" />
      <TestMethod codeBase="/Users/bill/Repos/FLua/FLua.Parser.Tests/bin/Debug/net8.0/FLua.Parser.Tests.dll" adapterTypeName="executor://yolodev/expecto" className="Parser Tests.Expression Parser Tests.Literals.literals" name="lua case 3" />
    </UnitTest>
    <UnitTest name="Parser Tests.Statement Parser Tests.Parser Fixes.Assignment vs Function Call Disambiguation.table access function call" storage="/users/bill/repos/flua/flua.parser.tests/bin/debug/net8.0/flua.parser.tests.dll" id="7b8d351e-949a-a562-6c8a-b72a61dc4e22">
      <Execution id="6e9cd35d-46c7-41a6-9d9a-4292eabdf2ef" />
      <TestMethod codeBase="/Users/bill/Repos/FLua/FLua.Parser.Tests/bin/Debug/net8.0/FLua.Parser.Tests.dll" adapterTypeName="executor://yolodev/expecto" className="Parser Tests.Statement Parser Tests.Parser Fixes.Assignment vs Function Call Disambiguation" name="table access function call" />
    </UnitTest>
    <UnitTest name="Parser Tests.Expression Parser Tests.Literals.negative hex integer" storage="/users/bill/repos/flua/flua.parser.tests/bin/debug/net8.0/flua.parser.tests.dll" id="f29bdae9-c01a-7137-ad74-65c73cf932a0">
      <Execution id="58aad5e5-aa3e-47fd-885b-ebe1a7da4a58" />
      <TestMethod codeBase="/Users/bill/Repos/FLua/FLua.Parser.Tests/bin/Debug/net8.0/FLua.Parser.Tests.dll" adapterTypeName="executor://yolodev/expecto" className="Parser Tests.Expression Parser Tests.Literals" name="negative hex integer" />
    </UnitTest>
    <UnitTest name="Parser Tests.Statement Parser Tests.Variable Attributes.Local Variable Attributes.local close variable" storage="/users/bill/repos/flua/flua.parser.tests/bin/debug/net8.0/flua.parser.tests.dll" id="551f761e-e349-7a4d-824e-ba9635e4feb9">
      <Execution id="27790bd4-746e-4441-8613-e4a25c86829d" />
      <TestMethod codeBase="/Users/bill/Repos/FLua/FLua.Parser.Tests/bin/Debug/net8.0/FLua.Parser.Tests.dll" adapterTypeName="executor://yolodev/expecto" className="Parser Tests.Statement Parser Tests.Variable Attributes.Local Variable Attributes" name="local close variable" />
    </UnitTest>
    <UnitTest name="Hex literal parsing.Max Int64 value" storage="/users/bill/repos/flua/flua.parser.tests/bin/debug/net8.0/flua.parser.tests.dll" id="ca2684eb-4d89-488c-7145-809d378571ad">
      <Execution id="c70c6488-817f-4d8b-9126-b10fef6ea1dd" />
      <TestMethod codeBase="/Users/bill/Repos/FLua/FLua.Parser.Tests/bin/Debug/net8.0/FLua.Parser.Tests.dll" adapterTypeName="executor://yolodev/expecto" className="Hex literal parsing" name="Max Int64 value" />
    </UnitTest>
    <UnitTest name="Parser Tests.Statement Parser Tests.Control Flow Statements.if with elseif" storage="/users/bill/repos/flua/flua.parser.tests/bin/debug/net8.0/flua.parser.tests.dll" id="e5732d60-3c29-5f54-625b-18b06e1698c9">
      <Execution id="43420aaa-f599-4059-beb2-a25eb5ac7624" />
      <TestMethod codeBase="/Users/bill/Repos/FLua/FLua.Parser.Tests/bin/Debug/net8.0/FLua.Parser.Tests.dll" adapterTypeName="executor://yolodev/expecto" className="Parser Tests.Statement Parser Tests.Control Flow Statements" name="if with elseif" />
    </UnitTest>
    <UnitTest name="Parser Tests.Expression Parser Tests.Function Calls.nested function calls" storage="/users/bill/repos/flua/flua.parser.tests/bin/debug/net8.0/flua.parser.tests.dll" id="bccd6e78-8c25-27a8-f677-63c64669d165">
      <Execution id="881fcaa9-1048-4e54-9f6a-9fd5bb2752b2" />
      <TestMethod codeBase="/Users/bill/Repos/FLua/FLua.Parser.Tests/bin/Debug/net8.0/FLua.Parser.Tests.dll" adapterTypeName="executor://yolodev/expecto" className="Parser Tests.Expression Parser Tests.Function Calls" name="nested function calls" />
    </UnitTest>
    <UnitTest name="Scientific notation parsing.Negative exponent" storage="/users/bill/repos/flua/flua.parser.tests/bin/debug/net8.0/flua.parser.tests.dll" id="107fd52a-d610-16f7-d2b4-50729b7deaad">
      <Execution id="124e9380-6cff-426b-99b6-b42f2486d5a1" />
      <TestMethod codeBase="/Users/bill/Repos/FLua/FLua.Parser.Tests/bin/Debug/net8.0/FLua.Parser.Tests.dll" adapterTypeName="executor://yolodev/expecto" className="Scientific notation parsing" name="Negative exponent" />
    </UnitTest>
    <UnitTest name="Parser Tests.Expression Parser Tests.Literals.escape newline" storage="/users/bill/repos/flua/flua.parser.tests/bin/debug/net8.0/flua.parser.tests.dll" id="04ba60a7-0794-c732-2213-aafcbc4ed08e">
      <Execution id="443407db-be8c-45bb-a6d6-f315e5b93c79" />
      <TestMethod codeBase="/Users/bill/Repos/FLua/FLua.Parser.Tests/bin/Debug/net8.0/FLua.Parser.Tests.dll" adapterTypeName="executor://yolodev/expecto" className="Parser Tests.Expression Parser Tests.Literals" name="escape newline" />
    </UnitTest>
    <UnitTest name="Parser Tests.Expression Parser Tests.Identifiers.alphanumeric identifier" storage="/users/bill/repos/flua/flua.parser.tests/bin/debug/net8.0/flua.parser.tests.dll" id="fdcfdd08-e7ac-a1f9-5ac4-b193cd2e55be">
      <Execution id="3c19ed2c-7958-4f8b-95c6-1c2a33b51eb3" />
      <TestMethod codeBase="/Users/bill/Repos/FLua/FLua.Parser.Tests/bin/Debug/net8.0/FLua.Parser.Tests.dll" adapterTypeName="executor://yolodev/expecto" className="Parser Tests.Expression Parser Tests.Identifiers" name="alphanumeric identifier" />
    </UnitTest>
    <UnitTest name="Parser Tests.Expression Parser Tests.Function Expressions.function with params and vararg" storage="/users/bill/repos/flua/flua.parser.tests/bin/debug/net8.0/flua.parser.tests.dll" id="adbea6d5-a912-6bd3-599d-7bd4f6b0b166">
      <Execution id="a7bb1f0a-7f95-455a-abc1-2acbeb7b93bd" />
      <TestMethod codeBase="/Users/bill/Repos/FLua/FLua.Parser.Tests/bin/Debug/net8.0/FLua.Parser.Tests.dll" adapterTypeName="executor://yolodev/expecto" className="Parser Tests.Expression Parser Tests.Function Expressions" name="function with params and vararg" />
    </UnitTest>
    <UnitTest name="Parser Tests.Expression Parser Tests.Comparison Operators.equal" storage="/users/bill/repos/flua/flua.parser.tests/bin/debug/net8.0/flua.parser.tests.dll" id="2f3f10ea-dadb-86ef-4da9-f3e8ca2875bf">
      <Execution id="fb360292-0238-44b1-a32b-376b1b334bc9" />
      <TestMethod codeBase="/Users/bill/Repos/FLua/FLua.Parser.Tests/bin/Debug/net8.0/FLua.Parser.Tests.dll" adapterTypeName="executor://yolodev/expecto" className="Parser Tests.Expression Parser Tests.Comparison Operators" name="equal" />
    </UnitTest>
    <UnitTest name="Function call parsing.Call with string literal (no parens)" storage="/users/bill/repos/flua/flua.parser.tests/bin/debug/net8.0/flua.parser.tests.dll" id="e49a374f-44a9-aa9d-355d-21ac7439d26a">
      <Execution id="75ab069f-b553-4821-8e3e-786cacae4672" />
      <TestMethod codeBase="/Users/bill/Repos/FLua/FLua.Parser.Tests/bin/Debug/net8.0/FLua.Parser.Tests.dll" adapterTypeName="executor://yolodev/expecto" className="Function call parsing" name="Call with string literal (no parens)" />
    </UnitTest>
    <UnitTest name="Parser Tests.Statement Parser Tests.Control Flow Statements.Function Definitions.function with vararg" storage="/users/bill/repos/flua/flua.parser.tests/bin/debug/net8.0/flua.parser.tests.dll" id="d1a34dd5-f580-23eb-b44e-ee2c966b1def">
      <Execution id="5df26e5e-4014-4903-a7dc-e249e89c3a95" />
      <TestMethod codeBase="/Users/bill/Repos/FLua/FLua.Parser.Tests/bin/Debug/net8.0/FLua.Parser.Tests.dll" adapterTypeName="executor://yolodev/expecto" className="Parser Tests.Statement Parser Tests.Control Flow Statements.Function Definitions" name="function with vararg" />
    </UnitTest>
    <UnitTest name="Parser Tests.Expression Parser Tests.Edge Cases.mixed data types" storage="/users/bill/repos/flua/flua.parser.tests/bin/debug/net8.0/flua.parser.tests.dll" id="8172ea32-9774-17c0-293a-0ca21dc5cce3">
      <Execution id="9a0f2b70-8103-4cbe-b5fd-aaeecc3318a9" />
      <TestMethod codeBase="/Users/bill/Repos/FLua/FLua.Parser.Tests/bin/Debug/net8.0/FLua.Parser.Tests.dll" adapterTypeName="executor://yolodev/expecto" className="Parser Tests.Expression Parser Tests.Edge Cases" name="mixed data types" />
    </UnitTest>
    <UnitTest name="Parser Tests.Expression Parser Tests.Literals.unicode escape A" storage="/users/bill/repos/flua/flua.parser.tests/bin/debug/net8.0/flua.parser.tests.dll" id="a4cab702-ac88-7d1a-c836-d98380cd86ed">
      <Execution id="0b67e80f-6e09-4eab-aa88-1677d966d218" />
      <TestMethod codeBase="/Users/bill/Repos/FLua/FLua.Parser.Tests/bin/Debug/net8.0/FLua.Parser.Tests.dll" adapterTypeName="executor://yolodev/expecto" className="Parser Tests.Expression Parser Tests.Literals" name="unicode escape A" />
    </UnitTest>
    <UnitTest name="Parser Tests.Expression Parser Tests.Method Calls.chained method calls" storage="/users/bill/repos/flua/flua.parser.tests/bin/debug/net8.0/flua.parser.tests.dll" id="28ddcac7-99bc-77c0-4dc8-ebd403fecbf6">
      <Execution id="f2165b57-09c7-4ea6-943f-1c3cde9dfe67" />
      <TestMethod codeBase="/Users/bill/Repos/FLua/FLua.Parser.Tests/bin/Debug/net8.0/FLua.Parser.Tests.dll" adapterTypeName="executor://yolodev/expecto" className="Parser Tests.Expression Parser Tests.Method Calls" name="chained method calls" />
    </UnitTest>
    <UnitTest name="Identifier parsing.Underscore as identifier" storage="/users/bill/repos/flua/flua.parser.tests/bin/debug/net8.0/flua.parser.tests.dll" id="763c96db-6624-3c72-6180-fc6aded732d6">
      <Execution id="52b2e945-3f57-4309-93ec-fade5bee5201" />
      <TestMethod codeBase="/Users/bill/Repos/FLua/FLua.Parser.Tests/bin/Debug/net8.0/FLua.Parser.Tests.dll" adapterTypeName="executor://yolodev/expecto" className="Identifier parsing" name="Underscore as identifier" />
    </UnitTest>
    <UnitTest name="Parser Tests.Statement Parser Tests.Parser Fixes.Table Assignment at Statement Level (Fixed).chained table assignment" storage="/users/bill/repos/flua/flua.parser.tests/bin/debug/net8.0/flua.parser.tests.dll" id="50787197-3318-8798-72b6-de8685990f85">
      <Execution id="f34cfbdb-df6e-454f-ae81-5e4adec4a72e" />
      <TestMethod codeBase="/Users/bill/Repos/FLua/FLua.Parser.Tests/bin/Debug/net8.0/FLua.Parser.Tests.dll" adapterTypeName="executor://yolodev/expecto" className="Parser Tests.Statement Parser Tests.Parser Fixes.Table Assignment at Statement Level (Fixed)" name="chained table assignment" />
    </UnitTest>
    <UnitTest name="Parser Tests.Expression Parser Tests.Literals.boolean true" storage="/users/bill/repos/flua/flua.parser.tests/bin/debug/net8.0/flua.parser.tests.dll" id="79d5918b-926d-0485-ef83-d1e8dd4fbb4d">
      <Execution id="738cad17-3836-4058-b008-bf544cd97fa4" />
      <TestMethod codeBase="/Users/bill/Repos/FLua/FLua.Parser.Tests/bin/Debug/net8.0/FLua.Parser.Tests.dll" adapterTypeName="executor://yolodev/expecto" className="Parser Tests.Expression Parser Tests.Literals" name="boolean true" />
    </UnitTest>
    <UnitTest name="Operator precedence.Arithmetic precedence" storage="/users/bill/repos/flua/flua.parser.tests/bin/debug/net8.0/flua.parser.tests.dll" id="7254bc38-d0ef-97ce-6b01-c2b0df4e1184">
      <Execution id="4b41bbf7-8092-4eb6-a472-e09dfd91464b" />
      <TestMethod codeBase="/Users/bill/Repos/FLua/FLua.Parser.Tests/bin/Debug/net8.0/FLua.Parser.Tests.dll" adapterTypeName="executor://yolodev/expecto" className="Operator precedence" name="Arithmetic precedence" />
    </UnitTest>
    <UnitTest name="Parser Tests.Expression Parser Tests.Method Calls.method with single arg" storage="/users/bill/repos/flua/flua.parser.tests/bin/debug/net8.0/flua.parser.tests.dll" id="13e04fc6-8833-a314-b97b-622e7e4d78bc">
      <Execution id="10856660-e8ec-4286-a60d-e0e6cace177a" />
      <TestMethod codeBase="/Users/bill/Repos/FLua/FLua.Parser.Tests/bin/Debug/net8.0/FLua.Parser.Tests.dll" adapterTypeName="executor://yolodev/expecto" className="Parser Tests.Expression Parser Tests.Method Calls" name="method with single arg" />
    </UnitTest>
    <UnitTest name="Parser Tests.Expression Parser Tests.Literals.line continuation basic" storage="/users/bill/repos/flua/flua.parser.tests/bin/debug/net8.0/flua.parser.tests.dll" id="e75832d6-d2ab-78bd-b121-c76c19fe297c">
      <Execution id="f6cae8ea-b8aa-46e6-acb0-b655e3696b98" />
      <TestMethod codeBase="/Users/bill/Repos/FLua/FLua.Parser.Tests/bin/Debug/net8.0/FLua.Parser.Tests.dll" adapterTypeName="executor://yolodev/expecto" className="Parser Tests.Expression Parser Tests.Literals" name="line continuation basic" />
    </UnitTest>
    <UnitTest name="Parser Tests.Statement Parser Tests.Parser Fixes.Table Access in Binary Expressions (Fixed).table access addition" storage="/users/bill/repos/flua/flua.parser.tests/bin/debug/net8.0/flua.parser.tests.dll" id="31f49240-24a2-0e5e-c8c3-739b4d81c6d7">
      <Execution id="9f4b0665-9543-46f8-a82a-a39e8cb0f132" />
      <TestMethod codeBase="/Users/bill/Repos/FLua/FLua.Parser.Tests/bin/Debug/net8.0/FLua.Parser.Tests.dll" adapterTypeName="executor://yolodev/expecto" className="Parser Tests.Statement Parser Tests.Parser Fixes.Table Access in Binary Expressions (Fixed)" name="table access addition" />
    </UnitTest>
    <UnitTest name="Parser Tests.Statement Parser Tests.Control Flow Statements.simple if" storage="/users/bill/repos/flua/flua.parser.tests/bin/debug/net8.0/flua.parser.tests.dll" id="63187717-8e00-caba-40f9-a91ffcda26a1">
      <Execution id="c38d8552-0fd2-4b15-af66-ac595042981f" />
      <TestMethod codeBase="/Users/bill/Repos/FLua/FLua.Parser.Tests/bin/Debug/net8.0/FLua.Parser.Tests.dll" adapterTypeName="executor://yolodev/expecto" className="Parser Tests.Statement Parser Tests.Control Flow Statements" name="simple if" />
    </UnitTest>
    <UnitTest name="Parser Tests.Expression Parser Tests.Logical Operators.or" storage="/users/bill/repos/flua/flua.parser.tests/bin/debug/net8.0/flua.parser.tests.dll" id="b2106cab-7252-8e78-56a6-4549da11719c">
      <Execution id="6b5c2e04-75f5-468b-8cbe-830386df583b" />
      <TestMethod codeBase="/Users/bill/Repos/FLua/FLua.Parser.Tests/bin/Debug/net8.0/FLua.Parser.Tests.dll" adapterTypeName="executor://yolodev/expecto" className="Parser Tests.Expression Parser Tests.Logical Operators" name="or" />
    </UnitTest>
    <UnitTest name="Generic for loop parsing.Standard syntax with parentheses" storage="/users/bill/repos/flua/flua.parser.tests/bin/debug/net8.0/flua.parser.tests.dll" id="5cb5360f-8333-646e-ca46-79420386605a">
      <Execution id="f3ab6f20-7be6-4f88-842c-fe84e1d74fb2" />
      <TestMethod codeBase="/Users/bill/Repos/FLua/FLua.Parser.Tests/bin/Debug/net8.0/FLua.Parser.Tests.dll" adapterTypeName="executor://yolodev/expecto" className="Generic for loop parsing" name="Standard syntax with parentheses" />
    </UnitTest>
    <UnitTest name="Parser Tests.Expression Parser Tests.Parentheses.nested parentheses" storage="/users/bill/repos/flua/flua.parser.tests/bin/debug/net8.0/flua.parser.tests.dll" id="1c24d863-fa07-deb5-4fb7-f467d466cb55">
      <Execution id="ebe32e72-292a-4c97-9777-599be83479dc" />
      <TestMethod codeBase="/Users/bill/Repos/FLua/FLua.Parser.Tests/bin/Debug/net8.0/FLua.Parser.Tests.dll" adapterTypeName="executor://yolodev/expecto" className="Parser Tests.Expression Parser Tests.Parentheses" name="nested parentheses" />
    </UnitTest>
    <UnitTest name="Parser Tests.Statement Parser Tests.Control Flow Statements.while loop" storage="/users/bill/repos/flua/flua.parser.tests/bin/debug/net8.0/flua.parser.tests.dll" id="61aaf27a-5745-0675-9d0e-4fbe43a5a884">
      <Execution id="ec980bb7-4d2f-409f-8a9c-e5c863427936" />
      <TestMethod codeBase="/Users/bill/Repos/FLua/FLua.Parser.Tests/bin/Debug/net8.0/FLua.Parser.Tests.dll" adapterTypeName="executor://yolodev/expecto" className="Parser Tests.Statement Parser Tests.Control Flow Statements" name="while loop" />
    </UnitTest>
    <UnitTest name="Parser Tests.Statement Parser Tests.Integration Tests - Multiple Features.chained method calls with table access" storage="/users/bill/repos/flua/flua.parser.tests/bin/debug/net8.0/flua.parser.tests.dll" id="3d0a5188-5277-1639-d400-b007191338ee">
      <Execution id="05fe8568-e929-4214-a97c-4487e8bba695" />
      <TestMethod codeBase="/Users/bill/Repos/FLua/FLua.Parser.Tests/bin/Debug/net8.0/FLua.Parser.Tests.dll" adapterTypeName="executor://yolodev/expecto" className="Parser Tests.Statement Parser Tests.Integration Tests - Multiple Features" name="chained method calls with table access" />
    </UnitTest>
    <UnitTest name="Parser Tests.Expression Parser Tests.Method Calls.method with expression args" storage="/users/bill/repos/flua/flua.parser.tests/bin/debug/net8.0/flua.parser.tests.dll" id="1709b4f3-8a8f-5c39-8a35-941bd3a74a13">
      <Execution id="06eefafb-7a08-4258-8e4f-5ae59201dacf" />
      <TestMethod codeBase="/Users/bill/Repos/FLua/FLua.Parser.Tests/bin/Debug/net8.0/FLua.Parser.Tests.dll" adapterTypeName="executor://yolodev/expecto" className="Parser Tests.Expression Parser Tests.Method Calls" name="method with expression args" />
    </UnitTest>
    <UnitTest name="Parser Tests.Expression Parser Tests.Power Operator.simple power" storage="/users/bill/repos/flua/flua.parser.tests/bin/debug/net8.0/flua.parser.tests.dll" id="f8e7b8a6-9a5d-992c-06a6-7db03c0015d3">
      <Execution id="e4bf27cb-8288-474f-8a1f-1516f1bae1e5" />
      <TestMethod codeBase="/Users/bill/Repos/FLua/FLua.Parser.Tests/bin/Debug/net8.0/FLua.Parser.Tests.dll" adapterTypeName="executor://yolodev/expecto" className="Parser Tests.Expression Parser Tests.Power Operator" name="simple power" />
    </UnitTest>
    <UnitTest name="Parser Tests.Expression Parser Tests.Comparison Operators.greater equal" storage="/users/bill/repos/flua/flua.parser.tests/bin/debug/net8.0/flua.parser.tests.dll" id="7de23b8f-ae41-29e1-9984-ffa5121128b2">
      <Execution id="e5685f1a-d264-44de-84c1-b87b7a15ded6" />
      <TestMethod codeBase="/Users/bill/Repos/FLua/FLua.Parser.Tests/bin/Debug/net8.0/FLua.Parser.Tests.dll" adapterTypeName="executor://yolodev/expecto" className="Parser Tests.Expression Parser Tests.Comparison Operators" name="greater equal" />
    </UnitTest>
    <UnitTest name="Parser Tests.Expression Parser Tests.Literals.line continuation empty" storage="/users/bill/repos/flua/flua.parser.tests/bin/debug/net8.0/flua.parser.tests.dll" id="556ee242-82d6-10d0-ca79-6cc9ec701327">
      <Execution id="895f17f8-9759-4f29-83c7-b3d761436f1b" />
      <TestMethod codeBase="/Users/bill/Repos/FLua/FLua.Parser.Tests/bin/Debug/net8.0/FLua.Parser.Tests.dll" adapterTypeName="executor://yolodev/expecto" className="Parser Tests.Expression Parser Tests.Literals" name="line continuation empty" />
    </UnitTest>
    <UnitTest name="Parser Tests.Statement Parser Tests.Parser Fixes.Complex Assignment Patterns.assignment with table constructor key" storage="/users/bill/repos/flua/flua.parser.tests/bin/debug/net8.0/flua.parser.tests.dll" id="61b22050-97ad-20ac-89ce-f3b72a5a8e5a">
      <Execution id="e6f2bd39-41c4-4aa2-b2c8-88aac80feb70" />
      <TestMethod codeBase="/Users/bill/Repos/FLua/FLua.Parser.Tests/bin/Debug/net8.0/FLua.Parser.Tests.dll" adapterTypeName="executor://yolodev/expecto" className="Parser Tests.Statement Parser Tests.Parser Fixes.Complex Assignment Patterns" name="assignment with table constructor key" />
    </UnitTest>
    <UnitTest name="Parser Tests.Expression Parser Tests.Unary Operators.not" storage="/users/bill/repos/flua/flua.parser.tests/bin/debug/net8.0/flua.parser.tests.dll" id="bf42d420-5348-a17d-f0f1-75c223705f03">
      <Execution id="e3aeb185-5577-49dd-86e2-eda5419e3447" />
      <TestMethod codeBase="/Users/bill/Repos/FLua/FLua.Parser.Tests/bin/Debug/net8.0/FLua.Parser.Tests.dll" adapterTypeName="executor://yolodev/expecto" className="Parser Tests.Expression Parser Tests.Unary Operators" name="not" />
    </UnitTest>
    <UnitTest name="Parser Tests.Statement Parser Tests.Variable Attributes.Local Variable Attributes.multiple variables with mixed attributes" storage="/users/bill/repos/flua/flua.parser.tests/bin/debug/net8.0/flua.parser.tests.dll" id="436116f5-bf6c-9584-a37a-ff3cdf214fe2">
      <Execution id="5f33e229-84cb-42b9-ab7b-c164ac49ac54" />
      <TestMethod codeBase="/Users/bill/Repos/FLua/FLua.Parser.Tests/bin/Debug/net8.0/FLua.Parser.Tests.dll" adapterTypeName="executor://yolodev/expecto" className="Parser Tests.Statement Parser Tests.Variable Attributes.Local Variable Attributes" name="multiple variables with mixed attributes" />
    </UnitTest>
    <UnitTest name="Parser Tests.Expression Parser Tests.Function Calls.multiple arguments" storage="/users/bill/repos/flua/flua.parser.tests/bin/debug/net8.0/flua.parser.tests.dll" id="3c0e3cca-3008-f566-244c-afe831eddad2">
      <Execution id="797d851f-9b37-4327-9eef-51173abbafce" />
      <TestMethod codeBase="/Users/bill/Repos/FLua/FLua.Parser.Tests/bin/Debug/net8.0/FLua.Parser.Tests.dll" adapterTypeName="executor://yolodev/expecto" className="Parser Tests.Expression Parser Tests.Function Calls" name="multiple arguments" />
    </UnitTest>
    <UnitTest name="Parser Tests.Expression Parser Tests.Function Expressions.function with parameters" storage="/users/bill/repos/flua/flua.parser.tests/bin/debug/net8.0/flua.parser.tests.dll" id="01230dda-dd09-14e4-5ba7-6cc5a66146fe">
      <Execution id="cd21c389-06f5-4075-b289-de3f09a63ecf" />
      <TestMethod codeBase="/Users/bill/Repos/FLua/FLua.Parser.Tests/bin/Debug/net8.0/FLua.Parser.Tests.dll" adapterTypeName="executor://yolodev/expecto" className="Parser Tests.Expression Parser Tests.Function Expressions" name="function with parameters" />
    </UnitTest>
    <UnitTest name="Parser Tests.Expression Parser Tests.Logical Operators.and" storage="/users/bill/repos/flua/flua.parser.tests/bin/debug/net8.0/flua.parser.tests.dll" id="91cc1712-5c7e-8346-f0fe-787746e3c609">
      <Execution id="91505cf4-571b-46a2-897e-668391b4886f" />
      <TestMethod codeBase="/Users/bill/Repos/FLua/FLua.Parser.Tests/bin/Debug/net8.0/FLua.Parser.Tests.dll" adapterTypeName="executor://yolodev/expecto" className="Parser Tests.Expression Parser Tests.Logical Operators" name="and" />
    </UnitTest>
    <UnitTest name="Parser Tests.Expression Parser Tests.Multiplicative Operators.left associative" storage="/users/bill/repos/flua/flua.parser.tests/bin/debug/net8.0/flua.parser.tests.dll" id="51ca660f-46f5-4f0b-f9eb-b6d216c6a4a2">
      <Execution id="f6938eca-06fc-4462-9ebe-79e71a39adfc" />
      <TestMethod codeBase="/Users/bill/Repos/FLua/FLua.Parser.Tests/bin/Debug/net8.0/FLua.Parser.Tests.dll" adapterTypeName="executor://yolodev/expecto" className="Parser Tests.Expression Parser Tests.Multiplicative Operators" name="left associative" />
    </UnitTest>
    <UnitTest name="Parser Tests.Expression Parser Tests.Table Access.mixed access" storage="/users/bill/repos/flua/flua.parser.tests/bin/debug/net8.0/flua.parser.tests.dll" id="1a7858ec-7b00-19e3-8d93-b0573ac54671">
      <Execution id="318456a6-91ea-4b84-89bb-1473de2d8661" />
      <TestMethod codeBase="/Users/bill/Repos/FLua/FLua.Parser.Tests/bin/Debug/net8.0/FLua.Parser.Tests.dll" adapterTypeName="executor://yolodev/expecto" className="Parser Tests.Expression Parser Tests.Table Access" name="mixed access" />
    </UnitTest>
    <UnitTest name="Parser Tests.Expression Parser Tests.Function Calls.function call in expression" storage="/users/bill/repos/flua/flua.parser.tests/bin/debug/net8.0/flua.parser.tests.dll" id="fc7a0a39-6e21-813b-9448-b0a212a69660">
      <Execution id="05a2cd6c-0551-48ac-95bc-b17d87b71ed0" />
      <TestMethod codeBase="/Users/bill/Repos/FLua/FLua.Parser.Tests/bin/Debug/net8.0/FLua.Parser.Tests.dll" adapterTypeName="executor://yolodev/expecto" className="Parser Tests.Expression Parser Tests.Function Calls" name="function call in expression" />
    </UnitTest>
    <UnitTest name="Parser Tests.Statement Parser Tests.Control Flow Statements.For Loops.generic for with body" storage="/users/bill/repos/flua/flua.parser.tests/bin/debug/net8.0/flua.parser.tests.dll" id="a65bf685-fa17-2ecf-1f83-09acfe0e037c">
      <Execution id="2d3741f6-bcdd-40bd-a16f-c57fda2438b2" />
      <TestMethod codeBase="/Users/bill/Repos/FLua/FLua.Parser.Tests/bin/Debug/net8.0/FLua.Parser.Tests.dll" adapterTypeName="executor://yolodev/expecto" className="Parser Tests.Statement Parser Tests.Control Flow Statements.For Loops" name="generic for with body" />
    </UnitTest>
    <UnitTest name="Decimal number parsing.Numbers ending with dot" storage="/users/bill/repos/flua/flua.parser.tests/bin/debug/net8.0/flua.parser.tests.dll" id="a70297cb-b828-e320-a622-e744839b447c">
      <Execution id="82e816a3-78af-43a8-a2f7-03e8f1e0bd55" />
      <TestMethod codeBase="/Users/bill/Repos/FLua/FLua.Parser.Tests/bin/Debug/net8.0/FLua.Parser.Tests.dll" adapterTypeName="executor://yolodev/expecto" className="Decimal number parsing" name="Numbers ending with dot" />
    </UnitTest>
    <UnitTest name="Parser Tests.Expression Parser Tests.Table Access.table access with function call" storage="/users/bill/repos/flua/flua.parser.tests/bin/debug/net8.0/flua.parser.tests.dll" id="237acf57-c5fc-ca6c-3440-3d76add45b48">
      <Execution id="4c1a8dcd-9ccc-4f19-850b-ad52beb9b137" />
      <TestMethod codeBase="/Users/bill/Repos/FLua/FLua.Parser.Tests/bin/Debug/net8.0/FLua.Parser.Tests.dll" adapterTypeName="executor://yolodev/expecto" className="Parser Tests.Expression Parser Tests.Table Access" name="table access with function call" />
    </UnitTest>
    <UnitTest name="Parser Tests.Expression Parser Tests.Table Constructors.Complex Examples.table with function calls" storage="/users/bill/repos/flua/flua.parser.tests/bin/debug/net8.0/flua.parser.tests.dll" id="77611967-c39f-23b1-340b-615b960040c1">
      <Execution id="5df13924-a8f5-411d-84e8-5d49732c92ab" />
      <TestMethod codeBase="/Users/bill/Repos/FLua/FLua.Parser.Tests/bin/Debug/net8.0/FLua.Parser.Tests.dll" adapterTypeName="executor://yolodev/expecto" className="Parser Tests.Expression Parser Tests.Table Constructors.Complex Examples" name="table with function calls" />
    </UnitTest>
    <UnitTest name="Parser Tests.Expression Parser Tests.Method Calls.method call with long string with space" storage="/users/bill/repos/flua/flua.parser.tests/bin/debug/net8.0/flua.parser.tests.dll" id="19a77eda-136e-3711-6b1c-4a0ca92ae853">
      <Execution id="5e4fa8a7-fe8b-42b4-a469-ba75987b3090" />
      <TestMethod codeBase="/Users/bill/Repos/FLua/FLua.Parser.Tests/bin/Debug/net8.0/FLua.Parser.Tests.dll" adapterTypeName="executor://yolodev/expecto" className="Parser Tests.Expression Parser Tests.Method Calls" name="method call with long string with space" />
    </UnitTest>
    <UnitTest name="Parser Tests.Statement Parser Tests.Control Flow Statements.if with elseif and else" storage="/users/bill/repos/flua/flua.parser.tests/bin/debug/net8.0/flua.parser.tests.dll" id="32c198b5-8ae6-5eaa-e3d6-53da2a126eff">
      <Execution id="676bbcc3-3d81-468a-bb61-d9e20cf001f4" />
      <TestMethod codeBase="/Users/bill/Repos/FLua/FLua.Parser.Tests/bin/Debug/net8.0/FLua.Parser.Tests.dll" adapterTypeName="executor://yolodev/expecto" className="Parser Tests.Statement Parser Tests.Control Flow Statements" name="if with elseif and else" />
    </UnitTest>
    <UnitTest name="Parser Tests.Statement Parser Tests.Parser Fixes.Table Assignment at Statement Level (Fixed).table index assignment" storage="/users/bill/repos/flua/flua.parser.tests/bin/debug/net8.0/flua.parser.tests.dll" id="de963660-c9b7-1271-b4b4-cb536cfbd754">
      <Execution id="638627cf-d08c-4acf-8dd4-cb33127166db" />
      <TestMethod codeBase="/Users/bill/Repos/FLua/FLua.Parser.Tests/bin/Debug/net8.0/FLua.Parser.Tests.dll" adapterTypeName="executor://yolodev/expecto" className="Parser Tests.Statement Parser Tests.Parser Fixes.Table Assignment at Statement Level (Fixed)" name="table index assignment" />
    </UnitTest>
    <UnitTest name="Parser Tests.Expression Parser Tests.Literals.decimal escape two digits" storage="/users/bill/repos/flua/flua.parser.tests/bin/debug/net8.0/flua.parser.tests.dll" id="f1daec19-81ab-0a86-67a4-55383baf385f">
      <Execution id="acc26c6a-2e9e-467d-9266-4cf1bb694be0" />
      <TestMethod codeBase="/Users/bill/Repos/FLua/FLua.Parser.Tests/bin/Debug/net8.0/FLua.Parser.Tests.dll" adapterTypeName="executor://yolodev/expecto" className="Parser Tests.Expression Parser Tests.Literals" name="decimal escape two digits" />
    </UnitTest>
    <UnitTest name="Parser Tests.Expression Parser Tests.Literals.escape carriage return" storage="/users/bill/repos/flua/flua.parser.tests/bin/debug/net8.0/flua.parser.tests.dll" id="7629efc5-22c4-69dc-f7ed-95c284f64f2c">
      <Execution id="87b689df-e908-4645-b8cf-c0020b453844" />
      <TestMethod codeBase="/Users/bill/Repos/FLua/FLua.Parser.Tests/bin/Debug/net8.0/FLua.Parser.Tests.dll" adapterTypeName="executor://yolodev/expecto" className="Parser Tests.Expression Parser Tests.Literals" name="escape carriage return" />
    </UnitTest>
    <UnitTest name="Parser Tests.Expression Parser Tests.Literals.decimal escape with following digit" storage="/users/bill/repos/flua/flua.parser.tests/bin/debug/net8.0/flua.parser.tests.dll" id="9c232a12-9174-3ded-7f7f-f119a1bec44c">
      <Execution id="5196021e-93ad-4f65-ae23-7066e9bd22ee" />
      <TestMethod codeBase="/Users/bill/Repos/FLua/FLua.Parser.Tests/bin/Debug/net8.0/FLua.Parser.Tests.dll" adapterTypeName="executor://yolodev/expecto" className="Parser Tests.Expression Parser Tests.Literals" name="decimal escape with following digit" />
    </UnitTest>
    <UnitTest name="Parser Tests.Statement Parser Tests.Control Flow Statements.simple if with statement" storage="/users/bill/repos/flua/flua.parser.tests/bin/debug/net8.0/flua.parser.tests.dll" id="a2ad77d5-a223-490a-1277-8c00d5248cb1">
      <Execution id="eb59dfc6-e2b4-4c03-86dc-ab1257a38229" />
      <TestMethod codeBase="/Users/bill/Repos/FLua/FLua.Parser.Tests/bin/Debug/net8.0/FLua.Parser.Tests.dll" adapterTypeName="executor://yolodev/expecto" className="Parser Tests.Statement Parser Tests.Control Flow Statements" name="simple if with statement" />
    </UnitTest>
    <UnitTest name="Parser Tests.Statement Parser Tests.Basic Statements.local declaration" storage="/users/bill/repos/flua/flua.parser.tests/bin/debug/net8.0/flua.parser.tests.dll" id="e914e3fe-73be-d3f9-019e-573e777a6b58">
      <Execution id="1aa96512-e07b-49a2-889e-a8f9651db10f" />
      <TestMethod codeBase="/Users/bill/Repos/FLua/FLua.Parser.Tests/bin/Debug/net8.0/FLua.Parser.Tests.dll" adapterTypeName="executor://yolodev/expecto" className="Parser Tests.Statement Parser Tests.Basic Statements" name="local declaration" />
    </UnitTest>
    <UnitTest name="Parser Tests.Expression Parser Tests.Literals.escape backspace" storage="/users/bill/repos/flua/flua.parser.tests/bin/debug/net8.0/flua.parser.tests.dll" id="dd87e8f5-47dd-63a5-b069-c24fab3a48d5">
      <Execution id="eb09e839-a016-4c4b-bea1-b9c59d6d159f" />
      <TestMethod codeBase="/Users/bill/Repos/FLua/FLua.Parser.Tests/bin/Debug/net8.0/FLua.Parser.Tests.dll" adapterTypeName="executor://yolodev/expecto" className="Parser Tests.Expression Parser Tests.Literals" name="escape backspace" />
    </UnitTest>
    <UnitTest name="Function call parsing.Call with table constructor (no parens)" storage="/users/bill/repos/flua/flua.parser.tests/bin/debug/net8.0/flua.parser.tests.dll" id="f3bed39f-48ad-33ee-e5db-7f7f6353e59e">
      <Execution id="4bc9a63c-e1f5-4d7c-b3da-a30f88c2b1c4" />
      <TestMethod codeBase="/Users/bill/Repos/FLua/FLua.Parser.Tests/bin/Debug/net8.0/FLua.Parser.Tests.dll" adapterTypeName="executor://yolodev/expecto" className="Function call parsing" name="Call with table constructor (no parens)" />
    </UnitTest>
    <UnitTest name="Parser Tests.Expression Parser Tests.Whitespace Handling.no spaces" storage="/users/bill/repos/flua/flua.parser.tests/bin/debug/net8.0/flua.parser.tests.dll" id="7bc1d170-f1b7-3e2b-5aa9-100d068bc770">
      <Execution id="6acab3ea-2bb6-4a1e-a856-3b92ec3f236d" />
      <TestMethod codeBase="/Users/bill/Repos/FLua/FLua.Parser.Tests/bin/Debug/net8.0/FLua.Parser.Tests.dll" adapterTypeName="executor://yolodev/expecto" className="Parser Tests.Expression Parser Tests.Whitespace Handling" name="no spaces" />
    </UnitTest>
    <UnitTest name="Parser Tests.Expression Parser Tests.Literals.negative hex float" storage="/users/bill/repos/flua/flua.parser.tests/bin/debug/net8.0/flua.parser.tests.dll" id="a5c15af2-bd63-9071-a28b-992426b66362">
      <Execution id="83c4c8be-4b07-48b7-b192-efb593138b13" />
      <TestMethod codeBase="/Users/bill/Repos/FLua/FLua.Parser.Tests/bin/Debug/net8.0/FLua.Parser.Tests.dll" adapterTypeName="executor://yolodev/expecto" className="Parser Tests.Expression Parser Tests.Literals" name="negative hex float" />
    </UnitTest>
    <UnitTest name="Parser Tests.Statement Parser Tests.Variable Attributes.Generic For Attributes.generic for with const variable" storage="/users/bill/repos/flua/flua.parser.tests/bin/debug/net8.0/flua.parser.tests.dll" id="f720ad31-ae74-79e7-22fb-fd540fe1e410">
      <Execution id="70153a1f-2828-4fba-8f04-dd44e75e5cc1" />
      <TestMethod codeBase="/Users/bill/Repos/FLua/FLua.Parser.Tests/bin/Debug/net8.0/FLua.Parser.Tests.dll" adapterTypeName="executor://yolodev/expecto" className="Parser Tests.Statement Parser Tests.Variable Attributes.Generic For Attributes" name="generic for with const variable" />
    </UnitTest>
    <UnitTest name="Parser Tests.Expression Parser Tests.Method Calls.method call with long string multiline" storage="/users/bill/repos/flua/flua.parser.tests/bin/debug/net8.0/flua.parser.tests.dll" id="c1a072c2-ee01-a7ae-6887-46b271e84c2b">
      <Execution id="d5bd196f-d256-439d-bdd3-b9cf450a34fc" />
      <TestMethod codeBase="/Users/bill/Repos/FLua/FLua.Parser.Tests/bin/Debug/net8.0/FLua.Parser.Tests.dll" adapterTypeName="executor://yolodev/expecto" className="Parser Tests.Expression Parser Tests.Method Calls" name="method call with long string multiline" />
    </UnitTest>
    <UnitTest name="Parser Tests.Statement Parser Tests.Control Flow Statements.Labels and Goto.simple label" storage="/users/bill/repos/flua/flua.parser.tests/bin/debug/net8.0/flua.parser.tests.dll" id="f56c348e-07a4-4939-d517-9340c0ab873a">
      <Execution id="974c13a1-54e8-48ba-9b1a-3a817825f8d6" />
      <TestMethod codeBase="/Users/bill/Repos/FLua/FLua.Parser.Tests/bin/Debug/net8.0/FLua.Parser.Tests.dll" adapterTypeName="executor://yolodev/expecto" className="Parser Tests.Statement Parser Tests.Control Flow Statements.Labels and Goto" name="simple label" />
    </UnitTest>
    <UnitTest name="Identifier parsing.Reserved words" storage="/users/bill/repos/flua/flua.parser.tests/bin/debug/net8.0/flua.parser.tests.dll" id="41759be0-8d28-fc24-8f8d-4b3695413d75">
      <Execution id="03628d3d-58f5-49b4-bbab-f3e610e8c6bb" />
      <TestMethod codeBase="/Users/bill/Repos/FLua/FLua.Parser.Tests/bin/Debug/net8.0/FLua.Parser.Tests.dll" adapterTypeName="executor://yolodev/expecto" className="Identifier parsing" name="Reserved words" />
    </UnitTest>
    <UnitTest name="Parser Tests.Statement Parser Tests.Variable Attributes.Function Parameter Attributes.local function with attributes" storage="/users/bill/repos/flua/flua.parser.tests/bin/debug/net8.0/flua.parser.tests.dll" id="413dc1a3-0eee-2fa8-da62-4788e8635f66">
      <Execution id="04f8d6b5-3ee3-43e1-8823-7a9062480c81" />
      <TestMethod codeBase="/Users/bill/Repos/FLua/FLua.Parser.Tests/bin/Debug/net8.0/FLua.Parser.Tests.dll" adapterTypeName="executor://yolodev/expecto" className="Parser Tests.Statement Parser Tests.Variable Attributes.Function Parameter Attributes" name="local function with attributes" />
    </UnitTest>
    <UnitTest name="Parser Tests.Statement Parser Tests.Control Flow Statements.Labels and Goto.label with spaces" storage="/users/bill/repos/flua/flua.parser.tests/bin/debug/net8.0/flua.parser.tests.dll" id="b7cfb307-96eb-9fb6-4f2c-0693389085a8">
      <Execution id="507f472b-9bd1-48b8-8fa1-a01cfd547af1" />
      <TestMethod codeBase="/Users/bill/Repos/FLua/FLua.Parser.Tests/bin/Debug/net8.0/FLua.Parser.Tests.dll" adapterTypeName="executor://yolodev/expecto" className="Parser Tests.Statement Parser Tests.Control Flow Statements.Labels and Goto" name="label with spaces" />
    </UnitTest>
    <UnitTest name="Long string parsing.Nested brackets" storage="/users/bill/repos/flua/flua.parser.tests/bin/debug/net8.0/flua.parser.tests.dll" id="ac74d753-3ccd-5e13-c5be-1ad7a4aad554">
      <Execution id="658750e5-dbe0-49d3-8bbf-12ef4778428b" />
      <TestMethod codeBase="/Users/bill/Repos/FLua/FLua.Parser.Tests/bin/Debug/net8.0/FLua.Parser.Tests.dll" adapterTypeName="executor://yolodev/expecto" className="Long string parsing" name="Nested brackets" />
    </UnitTest>
    <UnitTest name="Parser Tests.Statement Parser Tests.Basic Statements.return value" storage="/users/bill/repos/flua/flua.parser.tests/bin/debug/net8.0/flua.parser.tests.dll" id="c98a6040-df85-4dcf-82be-4564f2a354ed">
      <Execution id="77ed4cea-ce13-4472-ba2e-8ebb22567004" />
      <TestMethod codeBase="/Users/bill/Repos/FLua/FLua.Parser.Tests/bin/Debug/net8.0/FLua.Parser.Tests.dll" adapterTypeName="executor://yolodev/expecto" className="Parser Tests.Statement Parser Tests.Basic Statements" name="return value" />
    </UnitTest>
    <UnitTest name="Parser Tests.Statement Parser Tests.Basic Statements.return with method call" storage="/users/bill/repos/flua/flua.parser.tests/bin/debug/net8.0/flua.parser.tests.dll" id="fb2f3300-9207-53e8-1b8c-3c0b3c97dd35">
      <Execution id="f28559c1-af9c-4c9e-b54a-cc26ef64c24c" />
      <TestMethod codeBase="/Users/bill/Repos/FLua/FLua.Parser.Tests/bin/Debug/net8.0/FLua.Parser.Tests.dll" adapterTypeName="executor://yolodev/expecto" className="Parser Tests.Statement Parser Tests.Basic Statements" name="return with method call" />
    </UnitTest>
    <UnitTest name="Parser Tests.Expression Parser Tests.Table Constructors.empty table" storage="/users/bill/repos/flua/flua.parser.tests/bin/debug/net8.0/flua.parser.tests.dll" id="8a23c638-9a92-0466-2449-0a7778ea7ab5">
      <Execution id="d636180c-fc72-4712-82c5-9b8cc89865d2" />
      <TestMethod codeBase="/Users/bill/Repos/FLua/FLua.Parser.Tests/bin/Debug/net8.0/FLua.Parser.Tests.dll" adapterTypeName="executor://yolodev/expecto" className="Parser Tests.Expression Parser Tests.Table Constructors" name="empty table" />
    </UnitTest>
    <UnitTest name="Parser Tests.Expression Parser Tests.Whitespace Handling.tabs and spaces" storage="/users/bill/repos/flua/flua.parser.tests/bin/debug/net8.0/flua.parser.tests.dll" id="b720d5ae-34d4-7f69-eb3b-9e67edcaa5b6">
      <Execution id="e4b283d3-37d1-489b-b82f-128348a4668b" />
      <TestMethod codeBase="/Users/bill/Repos/FLua/FLua.Parser.Tests/bin/Debug/net8.0/FLua.Parser.Tests.dll" adapterTypeName="executor://yolodev/expecto" className="Parser Tests.Expression Parser Tests.Whitespace Handling" name="tabs and spaces" />
    </UnitTest>
    <UnitTest name="Parser Tests.Statement Parser Tests.Control Flow Statements.Function Definitions.nested method" storage="/users/bill/repos/flua/flua.parser.tests/bin/debug/net8.0/flua.parser.tests.dll" id="d62fdd4e-c660-b54e-8965-95156526d6c3">
      <Execution id="31be5470-8bce-4435-860e-159988f7d2be" />
      <TestMethod codeBase="/Users/bill/Repos/FLua/FLua.Parser.Tests/bin/Debug/net8.0/FLua.Parser.Tests.dll" adapterTypeName="executor://yolodev/expecto" className="Parser Tests.Statement Parser Tests.Control Flow Statements.Function Definitions" name="nested method" />
    </UnitTest>
    <UnitTest name="Parser Tests.Statement Parser Tests.Parser Fixes.Complex Assignment Patterns.assignment with parenthesized lvalue" storage="/users/bill/repos/flua/flua.parser.tests/bin/debug/net8.0/flua.parser.tests.dll" id="fdd1ff42-4124-956c-0518-65da789ad001">
      <Execution id="0272ec2e-3fd6-453a-953f-7b72a9830ab4" />
      <TestMethod codeBase="/Users/bill/Repos/FLua/FLua.Parser.Tests/bin/Debug/net8.0/FLua.Parser.Tests.dll" adapterTypeName="executor://yolodev/expecto" className="Parser Tests.Statement Parser Tests.Parser Fixes.Complex Assignment Patterns" name="assignment with parenthesized lvalue" />
    </UnitTest>
    <UnitTest name="Parser Tests.Statement Parser Tests.Parser Fixes.Table Assignment at Statement Level (Fixed).mixed assignment" storage="/users/bill/repos/flua/flua.parser.tests/bin/debug/net8.0/flua.parser.tests.dll" id="2b872452-2694-911a-53e8-7326d451f370">
      <Execution id="924d6807-e9c5-42da-b96e-15842dac5eb6" />
      <TestMethod codeBase="/Users/bill/Repos/FLua/FLua.Parser.Tests/bin/Debug/net8.0/FLua.Parser.Tests.dll" adapterTypeName="executor://yolodev/expecto" className="Parser Tests.Statement Parser Tests.Parser Fixes.Table Assignment at Statement Level (Fixed)" name="mixed assignment" />
    </UnitTest>
    <UnitTest name="Parser Tests.Expression Parser Tests.Literals.string" storage="/users/bill/repos/flua/flua.parser.tests/bin/debug/net8.0/flua.parser.tests.dll" id="61bcbfaa-09a8-e49b-1e09-85c4de69467d">
      <Execution id="286dff5b-2c4f-416f-9893-f8f61c1e83b4" />
      <TestMethod codeBase="/Users/bill/Repos/FLua/FLua.Parser.Tests/bin/Debug/net8.0/FLua.Parser.Tests.dll" adapterTypeName="executor://yolodev/expecto" className="Parser Tests.Expression Parser Tests.Literals" name="string" />
    </UnitTest>
    <UnitTest name="Parser Tests.Expression Parser Tests.Literals.hex escape lowercase" storage="/users/bill/repos/flua/flua.parser.tests/bin/debug/net8.0/flua.parser.tests.dll" id="f21fef0c-1b6d-1012-7719-4d0ad013ab4a">
      <Execution id="900189ef-ee66-4447-9719-b9c59cd65cc6" />
      <TestMethod codeBase="/Users/bill/Repos/FLua/FLua.Parser.Tests/bin/Debug/net8.0/FLua.Parser.Tests.dll" adapterTypeName="executor://yolodev/expecto" className="Parser Tests.Expression Parser Tests.Literals" name="hex escape lowercase" />
    </UnitTest>
    <UnitTest name="Parser Tests.Expression Parser Tests.Identifiers.single underscore" storage="/users/bill/repos/flua/flua.parser.tests/bin/debug/net8.0/flua.parser.tests.dll" id="9c78167c-ee87-bb4b-a014-3af8451f157b">
      <Execution id="899c2269-5c8a-4237-a67b-f14f11677efc" />
      <TestMethod codeBase="/Users/bill/Repos/FLua/FLua.Parser.Tests/bin/Debug/net8.0/FLua.Parser.Tests.dll" adapterTypeName="executor://yolodev/expecto" className="Parser Tests.Expression Parser Tests.Identifiers" name="single underscore" />
    </UnitTest>
    <UnitTest name="Parser Tests.Expression Parser Tests.Unary Operators.length" storage="/users/bill/repos/flua/flua.parser.tests/bin/debug/net8.0/flua.parser.tests.dll" id="6da5de44-db3e-61ee-f3a8-e77c4b84e1d8">
      <Execution id="09e4aa9c-c7c7-4a33-92be-dcf59b85eec4" />
      <TestMethod codeBase="/Users/bill/Repos/FLua/FLua.Parser.Tests/bin/Debug/net8.0/FLua.Parser.Tests.dll" adapterTypeName="executor://yolodev/expecto" className="Parser Tests.Expression Parser Tests.Unary Operators" name="length" />
    </UnitTest>
    <UnitTest name="Parser Tests.Expression Parser Tests.Comparison Operators.less" storage="/users/bill/repos/flua/flua.parser.tests/bin/debug/net8.0/flua.parser.tests.dll" id="a7981e95-1323-105c-d83e-9d57dec6b2d8">
      <Execution id="7fff0c8f-1dc1-4190-aa3c-1d759f4cf9fa" />
      <TestMethod codeBase="/Users/bill/Repos/FLua/FLua.Parser.Tests/bin/Debug/net8.0/FLua.Parser.Tests.dll" adapterTypeName="executor://yolodev/expecto" className="Parser Tests.Expression Parser Tests.Comparison Operators" name="less" />
    </UnitTest>
    <UnitTest name="Parser Tests.Expression Parser Tests.Additive Operators.left associative" storage="/users/bill/repos/flua/flua.parser.tests/bin/debug/net8.0/flua.parser.tests.dll" id="eb8a8a87-74b5-4d8f-53ef-eaad7463aa03">
      <Execution id="63a4c838-5c2f-44c9-8921-5a75d56de646" />
      <TestMethod codeBase="/Users/bill/Repos/FLua/FLua.Parser.Tests/bin/Debug/net8.0/FLua.Parser.Tests.dll" adapterTypeName="executor://yolodev/expecto" className="Parser Tests.Expression Parser Tests.Additive Operators" name="left associative" />
    </UnitTest>
    <UnitTest name="Parser Tests.Statement Parser Tests.Control Flow Statements.For Loops.numeric for with step" storage="/users/bill/repos/flua/flua.parser.tests/bin/debug/net8.0/flua.parser.tests.dll" id="f77409eb-245e-e588-990d-732ccf35b9b9">
      <Execution id="03e13db6-2d84-4f79-b0f7-b0a2c9687303" />
      <TestMethod codeBase="/Users/bill/Repos/FLua/FLua.Parser.Tests/bin/Debug/net8.0/FLua.Parser.Tests.dll" adapterTypeName="executor://yolodev/expecto" className="Parser Tests.Statement Parser Tests.Control Flow Statements.For Loops" name="numeric for with step" />
    </UnitTest>
    <UnitTest name="Parser Tests.Expression Parser Tests.Shift Operators.right shift" storage="/users/bill/repos/flua/flua.parser.tests/bin/debug/net8.0/flua.parser.tests.dll" id="5e57c659-2db4-b8ce-a9d9-50e1e7b7b842">
      <Execution id="99ef6063-89d4-4b3e-9065-4258ee65e36f" />
      <TestMethod codeBase="/Users/bill/Repos/FLua/FLua.Parser.Tests/bin/Debug/net8.0/FLua.Parser.Tests.dll" adapterTypeName="executor://yolodev/expecto" className="Parser Tests.Expression Parser Tests.Shift Operators" name="right shift" />
    </UnitTest>
    <UnitTest name="Parser Tests.Statement Parser Tests.Variable Attributes.Function Parameter Attributes.function with const parameter" storage="/users/bill/repos/flua/flua.parser.tests/bin/debug/net8.0/flua.parser.tests.dll" id="1e8f1476-74a1-8640-15d5-70d9d9626f1e">
      <Execution id="69ff7716-57f1-462c-8e09-e48d7249e28a" />
      <TestMethod codeBase="/Users/bill/Repos/FLua/FLua.Parser.Tests/bin/Debug/net8.0/FLua.Parser.Tests.dll" adapterTypeName="executor://yolodev/expecto" className="Parser Tests.Statement Parser Tests.Variable Attributes.Function Parameter Attributes" name="function with const parameter" />
    </UnitTest>
    <UnitTest name="Parser Tests.Expression Parser Tests.Complex Expressions.logical and comparison" storage="/users/bill/repos/flua/flua.parser.tests/bin/debug/net8.0/flua.parser.tests.dll" id="d70ea16a-84c0-2dfe-d4d6-916e2a4eee9d">
      <Execution id="625b776e-9b3a-47d7-90ba-223c5d349db8" />
      <TestMethod codeBase="/Users/bill/Repos/FLua/FLua.Parser.Tests/bin/Debug/net8.0/FLua.Parser.Tests.dll" adapterTypeName="executor://yolodev/expecto" className="Parser Tests.Expression Parser Tests.Complex Expressions" name="logical and comparison" />
    </UnitTest>
    <UnitTest name="Parser Tests.Expression Parser Tests.Complex Expressions.mixed operators" storage="/users/bill/repos/flua/flua.parser.tests/bin/debug/net8.0/flua.parser.tests.dll" id="8dfd896c-4a4b-dcc4-c53c-56fdcd545dd6">
      <Execution id="7f797721-bf97-4b88-b669-e57dd30ec9bf" />
      <TestMethod codeBase="/Users/bill/Repos/FLua/FLua.Parser.Tests/bin/Debug/net8.0/FLua.Parser.Tests.dll" adapterTypeName="executor://yolodev/expecto" className="Parser Tests.Expression Parser Tests.Complex Expressions" name="mixed operators" />
    </UnitTest>
    <UnitTest name="Long string parsing.Initial newline removal" storage="/users/bill/repos/flua/flua.parser.tests/bin/debug/net8.0/flua.parser.tests.dll" id="2224406e-7d17-912a-65f5-f2ed533b7d62">
      <Execution id="690d3304-b12d-441c-b488-3ef4aa0b5266" />
      <TestMethod codeBase="/Users/bill/Repos/FLua/FLua.Parser.Tests/bin/Debug/net8.0/FLua.Parser.Tests.dll" adapterTypeName="executor://yolodev/expecto" className="Long string parsing" name="Initial newline removal" />
    </UnitTest>
    <UnitTest name="Parser Tests.Expression Parser Tests.Complex Expressions.parentheses override" storage="/users/bill/repos/flua/flua.parser.tests/bin/debug/net8.0/flua.parser.tests.dll" id="9ead8476-3505-ae20-9014-95ec40346eb5">
      <Execution id="4002faf1-6411-498c-ba92-caa632544f38" />
      <TestMethod codeBase="/Users/bill/Repos/FLua/FLua.Parser.Tests/bin/Debug/net8.0/FLua.Parser.Tests.dll" adapterTypeName="executor://yolodev/expecto" className="Parser Tests.Expression Parser Tests.Complex Expressions" name="parentheses override" />
    </UnitTest>
    <UnitTest name="Hex literal parsing.Min Int64 value (was causing overflow)" storage="/users/bill/repos/flua/flua.parser.tests/bin/debug/net8.0/flua.parser.tests.dll" id="e0198dfc-3381-5a04-2210-16421478411b">
      <Execution id="b9f4a9af-4982-4276-9497-3ad7e7392254" />
      <TestMethod codeBase="/Users/bill/Repos/FLua/FLua.Parser.Tests/bin/Debug/net8.0/FLua.Parser.Tests.dll" adapterTypeName="executor://yolodev/expecto" className="Hex literal parsing" name="Min Int64 value (was causing overflow)" />
    </UnitTest>
    <UnitTest name="Parser Tests.Expression Parser Tests.Whitespace Handling.many spaces" storage="/users/bill/repos/flua/flua.parser.tests/bin/debug/net8.0/flua.parser.tests.dll" id="de71ee28-6047-7932-7ce3-b7522d43123b">
      <Execution id="d29449c3-9b12-48aa-ae2d-e59f6ccfecaf" />
      <TestMethod codeBase="/Users/bill/Repos/FLua/FLua.Parser.Tests/bin/Debug/net8.0/FLua.Parser.Tests.dll" adapterTypeName="executor://yolodev/expecto" className="Parser Tests.Expression Parser Tests.Whitespace Handling" name="many spaces" />
    </UnitTest>
    <UnitTest name="Parser Tests.Statement Parser Tests.Parser Fixes.Table Assignment at Statement Level (Fixed).nested table assignment" storage="/users/bill/repos/flua/flua.parser.tests/bin/debug/net8.0/flua.parser.tests.dll" id="ac1786a2-dddf-f8c1-879b-8f2df0918d4f">
      <Execution id="24e2c492-fc27-4fa8-8acc-df6f4f22ea7f" />
      <TestMethod codeBase="/Users/bill/Repos/FLua/FLua.Parser.Tests/bin/Debug/net8.0/FLua.Parser.Tests.dll" adapterTypeName="executor://yolodev/expecto" className="Parser Tests.Statement Parser Tests.Parser Fixes.Table Assignment at Statement Level (Fixed)" name="nested table assignment" />
    </UnitTest>
    <UnitTest name="Parser Tests.Expression Parser Tests.Table Constructors.Named Fields.single named field" storage="/users/bill/repos/flua/flua.parser.tests/bin/debug/net8.0/flua.parser.tests.dll" id="842abb2a-cf12-4fa5-cea8-ba137980c871">
      <Execution id="407c6cd5-40cd-45a0-8ab4-c1863c59e5f8" />
      <TestMethod codeBase="/Users/bill/Repos/FLua/FLua.Parser.Tests/bin/Debug/net8.0/FLua.Parser.Tests.dll" adapterTypeName="executor://yolodev/expecto" className="Parser Tests.Expression Parser Tests.Table Constructors.Named Fields" name="single named field" />
    </UnitTest>
    <UnitTest name="Parser Tests.Statement Parser Tests.Parser Fixes.Assignment vs Function Call Disambiguation.parenthesized function call" storage="/users/bill/repos/flua/flua.parser.tests/bin/debug/net8.0/flua.parser.tests.dll" id="bdf003e6-5e31-3757-8de6-b259949e60c6">
      <Execution id="c227497a-38af-4ebc-a0af-c025c196d498" />
      <TestMethod codeBase="/Users/bill/Repos/FLua/FLua.Parser.Tests/bin/Debug/net8.0/FLua.Parser.Tests.dll" adapterTypeName="executor://yolodev/expecto" className="Parser Tests.Statement Parser Tests.Parser Fixes.Assignment vs Function Call Disambiguation" name="parenthesized function call" />
    </UnitTest>
    <UnitTest name="Parser Tests.Expression Parser Tests.Multiplicative Operators.multiply" storage="/users/bill/repos/flua/flua.parser.tests/bin/debug/net8.0/flua.parser.tests.dll" id="35d02efc-7874-8194-c839-10cd28db0d9e">
      <Execution id="42015adb-c426-499e-a6d7-c95f518fd5fd" />
      <TestMethod codeBase="/Users/bill/Repos/FLua/FLua.Parser.Tests/bin/Debug/net8.0/FLua.Parser.Tests.dll" adapterTypeName="executor://yolodev/expecto" className="Parser Tests.Expression Parser Tests.Multiplicative Operators" name="multiply" />
    </UnitTest>
    <UnitTest name="Parser Tests.Expression Parser Tests.Table Constructors.Complex Examples.deeply nested tables" storage="/users/bill/repos/flua/flua.parser.tests/bin/debug/net8.0/flua.parser.tests.dll" id="21209d58-9833-62ae-f6ea-f4976a9ae006">
      <Execution id="8381067c-b86f-4a6e-b44a-71c5376bdbd4" />
      <TestMethod codeBase="/Users/bill/Repos/FLua/FLua.Parser.Tests/bin/Debug/net8.0/FLua.Parser.Tests.dll" adapterTypeName="executor://yolodev/expecto" className="Parser Tests.Expression Parser Tests.Table Constructors.Complex Examples" name="deeply nested tables" />
    </UnitTest>
    <UnitTest name="Parser Tests.Statement Parser Tests.Parser Fixes.Table Access in Binary Expressions (Fixed).complex table expression" storage="/users/bill/repos/flua/flua.parser.tests/bin/debug/net8.0/flua.parser.tests.dll" id="e084a9b3-905c-32f0-81f5-67ee354b61c3">
      <Execution id="f7660500-4b06-4a3f-b53a-5dd0603ab9af" />
      <TestMethod codeBase="/Users/bill/Repos/FLua/FLua.Parser.Tests/bin/Debug/net8.0/FLua.Parser.Tests.dll" adapterTypeName="executor://yolodev/expecto" className="Parser Tests.Statement Parser Tests.Parser Fixes.Table Access in Binary Expressions (Fixed)" name="complex table expression" />
    </UnitTest>
    <UnitTest name="Generic for loop parsing.Known limitation: f{} syntax" storage="/users/bill/repos/flua/flua.parser.tests/bin/debug/net8.0/flua.parser.tests.dll" id="48240e2c-a4d9-2594-4296-f471c14fc6a7">
      <Execution id="9535a9ed-bae4-4ece-ac1b-79b16b0bdc86" />
      <TestMethod codeBase="/Users/bill/Repos/FLua/FLua.Parser.Tests/bin/Debug/net8.0/FLua.Parser.Tests.dll" adapterTypeName="executor://yolodev/expecto" className="Generic for loop parsing" name="Known limitation: f{} syntax" />
    </UnitTest>
    <UnitTest name="Parser Tests.Expression Parser Tests.Table Constructors.Mixed Fields.all field types" storage="/users/bill/repos/flua/flua.parser.tests/bin/debug/net8.0/flua.parser.tests.dll" id="3dc1068f-82d6-84de-c908-e4f233ecb350">
      <Execution id="42ce23b3-57ed-4742-9a63-f70d7184235d" />
      <TestMethod codeBase="/Users/bill/Repos/FLua/FLua.Parser.Tests/bin/Debug/net8.0/FLua.Parser.Tests.dll" adapterTypeName="executor://yolodev/expecto" className="Parser Tests.Expression Parser Tests.Table Constructors.Mixed Fields" name="all field types" />
    </UnitTest>
    <UnitTest name="Parser Tests.Expression Parser Tests.Literals.hex escape newline" storage="/users/bill/repos/flua/flua.parser.tests/bin/debug/net8.0/flua.parser.tests.dll" id="0be8d713-e704-74fa-c8fe-5901f43db625">
      <Execution id="1d5d57ce-a13c-4897-bf55-ee6634b5c77f" />
      <TestMethod codeBase="/Users/bill/Repos/FLua/FLua.Parser.Tests/bin/Debug/net8.0/FLua.Parser.Tests.dll" adapterTypeName="executor://yolodev/expecto" className="Parser Tests.Expression Parser Tests.Literals" name="hex escape newline" />
    </UnitTest>
    <UnitTest name="Parser Tests.Expression Parser Tests.Literals.hex integer" storage="/users/bill/repos/flua/flua.parser.tests/bin/debug/net8.0/flua.parser.tests.dll" id="4cb6405b-7bb5-3db8-6617-a196a7bd9324">
      <Execution id="9d569779-d3fc-42f7-8a66-0282bbbc8bd8" />
      <TestMethod codeBase="/Users/bill/Repos/FLua/FLua.Parser.Tests/bin/Debug/net8.0/FLua.Parser.Tests.dll" adapterTypeName="executor://yolodev/expecto" className="Parser Tests.Expression Parser Tests.Literals" name="hex integer" />
    </UnitTest>
  </TestDefinitions>
  <TestEntries>
    <TestEntry testId="23f84a4d-bc21-b97f-e115-11bf0b33db04" executionId="694c001f-f5b9-482c-811f-8bbd20de1d81" testListId="8c84fa94-04c1-424b-9868-57a2d4851a1d" />
    <TestEntry testId="de71ee28-6047-7932-7ce3-b7522d43123b" executionId="d29449c3-9b12-48aa-ae2d-e59f6ccfecaf" testListId="8c84fa94-04c1-424b-9868-57a2d4851a1d" />
    <TestEntry testId="d1fdf263-c1e9-9de3-2358-6aa706b01c30" executionId="26e5f660-a283-4db0-9c85-b006383205fa" testListId="8c84fa94-04c1-424b-9868-57a2d4851a1d" />
    <TestEntry testId="3c30a966-5d71-f183-32cf-39fc6c1d9ded" executionId="eb74e46b-497a-4745-ba22-ba7f0075e216" testListId="8c84fa94-04c1-424b-9868-57a2d4851a1d" />
    <TestEntry testId="b720d5ae-34d4-7f69-eb3b-9e67edcaa5b6" executionId="e4b283d3-37d1-489b-b82f-128348a4668b" testListId="8c84fa94-04c1-424b-9868-57a2d4851a1d" />
    <TestEntry testId="f720ad31-ae74-79e7-22fb-fd540fe1e410" executionId="70153a1f-2828-4fba-8f04-dd44e75e5cc1" testListId="8c84fa94-04c1-424b-9868-57a2d4851a1d" />
    <TestEntry testId="bf1b4d49-e184-dfdd-ed3f-683ae593c916" executionId="6b61757f-a4c1-42a0-ab84-50255cc63368" testListId="8c84fa94-04c1-424b-9868-57a2d4851a1d" />
    <TestEntry testId="c44b47ac-34e7-a034-b2d7-a56e3ecf6a11" executionId="8b10fe1e-db71-4c52-97eb-f08dfe48dcb2" testListId="8c84fa94-04c1-424b-9868-57a2d4851a1d" />
    <TestEntry testId="9c78167c-ee87-bb4b-a014-3af8451f157b" executionId="899c2269-5c8a-4237-a67b-f14f11677efc" testListId="8c84fa94-04c1-424b-9868-57a2d4851a1d" />
    <TestEntry testId="0ba7aa40-6834-6408-0135-49e448773151" executionId="e3d226d9-fcce-4694-8c77-eeb0583e4626" testListId="8c84fa94-04c1-424b-9868-57a2d4851a1d" />
    <TestEntry testId="bda16938-26e8-7f58-0e78-0355787a8bdc" executionId="574143a4-5378-40da-948d-ca05e6538eb6" testListId="8c84fa94-04c1-424b-9868-57a2d4851a1d" />
    <TestEntry testId="f21fef0c-1b6d-1012-7719-4d0ad013ab4a" executionId="900189ef-ee66-4447-9719-b9c59cd65cc6" testListId="8c84fa94-04c1-424b-9868-57a2d4851a1d" />
    <TestEntry testId="9244f1a4-b96d-9fb0-92ad-43c8c501a1ac" executionId="5f2c6f5f-2462-40f1-bbaa-d726671d9cd4" testListId="8c84fa94-04c1-424b-9868-57a2d4851a1d" />
    <TestEntry testId="35d02efc-7874-8194-c839-10cd28db0d9e" executionId="42015adb-c426-499e-a6d7-c95f518fd5fd" testListId="8c84fa94-04c1-424b-9868-57a2d4851a1d" />
    <TestEntry testId="df0bcd8b-7844-5b92-d01d-86530aea9c35" executionId="590bbd73-0bab-4443-b887-8748ffbb1dc0" testListId="8c84fa94-04c1-424b-9868-57a2d4851a1d" />
    <TestEntry testId="cbf11f0c-9efd-21c8-0344-f5e3de7c50b7" executionId="b8f3b43d-fbfa-484f-8124-bfdb9e346b3a" testListId="8c84fa94-04c1-424b-9868-57a2d4851a1d" />
    <TestEntry testId="763c96db-6624-3c72-6180-fc6aded732d6" executionId="52b2e945-3f57-4309-93ec-fade5bee5201" testListId="8c84fa94-04c1-424b-9868-57a2d4851a1d" />
    <TestEntry testId="9dd28135-464f-23ca-c59d-4fbeadbbd66f" executionId="e6500165-b696-4ec4-9184-675e06f9fc94" testListId="8c84fa94-04c1-424b-9868-57a2d4851a1d" />
    <TestEntry testId="b2106cab-7252-8e78-56a6-4549da11719c" executionId="6b5c2e04-75f5-468b-8cbe-830386df583b" testListId="8c84fa94-04c1-424b-9868-57a2d4851a1d" />
    <TestEntry testId="fc7a0a39-6e21-813b-9448-b0a212a69660" executionId="05a2cd6c-0551-48ac-95bc-b17d87b71ed0" testListId="8c84fa94-04c1-424b-9868-57a2d4851a1d" />
    <TestEntry testId="5ac0815c-2cd0-83c8-4b20-9a9ca5bc58af" executionId="1dacf332-464f-4543-8a0e-c5e4d10860b6" testListId="8c84fa94-04c1-424b-9868-57a2d4851a1d" />
    <TestEntry testId="3220c2ae-91b6-aff4-18b0-88557d16da4b" executionId="3ae07815-ecdf-4a74-88e4-97c4d9848334" testListId="8c84fa94-04c1-424b-9868-57a2d4851a1d" />
    <TestEntry testId="7ab74693-7ec4-60ea-51c2-12f33101f335" executionId="b552c9f9-5093-4ae2-9050-2c5b958516a4" testListId="8c84fa94-04c1-424b-9868-57a2d4851a1d" />
    <TestEntry testId="b746141d-802a-6057-c7e9-1c6bb64fc356" executionId="ec703881-c013-4568-b74d-6a5a01a068cc" testListId="8c84fa94-04c1-424b-9868-57a2d4851a1d" />
    <TestEntry testId="f0647535-9b53-2b97-a592-0347a36420eb" executionId="1015b3fc-2cf0-4d7c-bad6-a2228f236c99" testListId="8c84fa94-04c1-424b-9868-57a2d4851a1d" />
    <TestEntry testId="22e4173d-cb7e-9ab3-0463-97b7ca2b1bae" executionId="6d833976-2a1a-4a84-91ae-2eefc1c99698" testListId="8c84fa94-04c1-424b-9868-57a2d4851a1d" />
    <TestEntry testId="3ec526ca-e695-30ed-ab17-22afd64268e8" executionId="56ae346a-51ba-4807-9608-9a5cd3bf2eec" testListId="8c84fa94-04c1-424b-9868-57a2d4851a1d" />
    <TestEntry testId="61aaf27a-5745-0675-9d0e-4fbe43a5a884" executionId="ec980bb7-4d2f-409f-8a9c-e5c863427936" testListId="8c84fa94-04c1-424b-9868-57a2d4851a1d" />
    <TestEntry testId="197d35fc-39a4-fea2-6905-93fada68d92e" executionId="ba1eb5ba-98b5-4dbf-8b80-09568850cfcf" testListId="8c84fa94-04c1-424b-9868-57a2d4851a1d" />
    <TestEntry testId="61a7a37d-f46f-ed42-bd70-9b1373a3ced4" executionId="0082dd39-3f35-42bd-8516-d07f75322ca0" testListId="8c84fa94-04c1-424b-9868-57a2d4851a1d" />
    <TestEntry testId="6da5de44-db3e-61ee-f3a8-e77c4b84e1d8" executionId="09e4aa9c-c7c7-4a33-92be-dcf59b85eec4" testListId="8c84fa94-04c1-424b-9868-57a2d4851a1d" />
    <TestEntry testId="8b13a765-8c99-aabc-b19d-11c9ca6f1b68" executionId="046e93ff-ffe2-4580-b369-9dd5494f080c" testListId="8c84fa94-04c1-424b-9868-57a2d4851a1d" />
    <TestEntry testId="ab03aeee-2a55-ff2d-2d4f-6583c6d3f265" executionId="42b86311-a800-4057-9d86-8e68b617ec3f" testListId="8c84fa94-04c1-424b-9868-57a2d4851a1d" />
    <TestEntry testId="d62fdd4e-c660-b54e-8965-95156526d6c3" executionId="31be5470-8bce-4435-860e-159988f7d2be" testListId="8c84fa94-04c1-424b-9868-57a2d4851a1d" />
    <TestEntry testId="1e8f1476-74a1-8640-15d5-70d9d9626f1e" executionId="69ff7716-57f1-462c-8e09-e48d7249e28a" testListId="8c84fa94-04c1-424b-9868-57a2d4851a1d" />
    <TestEntry testId="d196b395-f31e-f4e9-9268-5512404cf3f1" executionId="c848914f-8c68-41a5-a4df-394ea1433595" testListId="8c84fa94-04c1-424b-9868-57a2d4851a1d" />
    <TestEntry testId="a14baa81-afe4-ffee-4549-d9c74ec6ed97" executionId="087fb4d1-9d23-4173-b767-c9b85c49aa32" testListId="8c84fa94-04c1-424b-9868-57a2d4851a1d" />
    <TestEntry testId="de963660-c9b7-1271-b4b4-cb536cfbd754" executionId="638627cf-d08c-4acf-8dd4-cb33127166db" testListId="8c84fa94-04c1-424b-9868-57a2d4851a1d" />
    <TestEntry testId="17166041-3a52-168f-5319-cb48ea781845" executionId="44b134c4-3745-467e-b1c1-6248de1629e8" testListId="8c84fa94-04c1-424b-9868-57a2d4851a1d" />
    <TestEntry testId="acbd658a-0a3a-c64b-60e8-e42ad757ae25" executionId="70410ce4-31d9-4bf9-8e54-386a1e6afb2b" testListId="8c84fa94-04c1-424b-9868-57a2d4851a1d" />
    <TestEntry testId="ed26fc88-791f-1658-dbfa-7a48264cd0f8" executionId="23294852-8328-474c-929c-255cba741ca5" testListId="8c84fa94-04c1-424b-9868-57a2d4851a1d" />
    <TestEntry testId="ee64b813-f0cb-cb72-0323-df3a54bc0a5e" executionId="03b18986-4ee6-4d80-89db-691fc0904f2d" testListId="8c84fa94-04c1-424b-9868-57a2d4851a1d" />
    <TestEntry testId="e5732d60-3c29-5f54-625b-18b06e1698c9" executionId="43420aaa-f599-4059-beb2-a25eb5ac7624" testListId="8c84fa94-04c1-424b-9868-57a2d4851a1d" />
    <TestEntry testId="df226330-7aa0-8c33-1b47-375d91200853" executionId="ab78ebdb-f9fb-4c75-afac-3e672a21f256" testListId="8c84fa94-04c1-424b-9868-57a2d4851a1d" />
    <TestEntry testId="d1220d6b-41d1-f6d0-a837-b5893fc68d06" executionId="d957dfbf-ea36-48b0-839f-ef48d2038e9b" testListId="8c84fa94-04c1-424b-9868-57a2d4851a1d" />
    <TestEntry testId="37aa9393-f589-b635-2eec-42cc9cc48359" executionId="de030c4a-8e36-42ac-8851-a6bac581e22f" testListId="8c84fa94-04c1-424b-9868-57a2d4851a1d" />
    <TestEntry testId="b21fa29a-c221-a436-8f17-6ab1b870468e" executionId="dfc7454a-fca2-4412-ba9a-20f0a9de649f" testListId="8c84fa94-04c1-424b-9868-57a2d4851a1d" />
    <TestEntry testId="ac74d753-3ccd-5e13-c5be-1ad7a4aad554" executionId="658750e5-dbe0-49d3-8bbf-12ef4778428b" testListId="8c84fa94-04c1-424b-9868-57a2d4851a1d" />
    <TestEntry testId="e1168bf7-fb11-75ad-9550-9989387a8ebe" executionId="d92883c5-fa01-40f5-8873-03b780acb1c9" testListId="8c84fa94-04c1-424b-9868-57a2d4851a1d" />
    <TestEntry testId="a4cab702-ac88-7d1a-c836-d98380cd86ed" executionId="0b67e80f-6e09-4eab-aa88-1677d966d218" testListId="8c84fa94-04c1-424b-9868-57a2d4851a1d" />
    <TestEntry testId="4d224471-c0d3-8189-5d40-1274a3458e31" executionId="e9aa402e-2efc-4da2-bc55-eb3d1da78460" testListId="8c84fa94-04c1-424b-9868-57a2d4851a1d" />
    <TestEntry testId="eb8a8a87-74b5-4d8f-53ef-eaad7463aa03" executionId="63a4c838-5c2f-44c9-8921-5a75d56de646" testListId="8c84fa94-04c1-424b-9868-57a2d4851a1d" />
    <TestEntry testId="a81fb642-5efa-96c7-9da8-620d14375041" executionId="c81c9949-d8ad-49c0-a66e-395b553947b4" testListId="8c84fa94-04c1-424b-9868-57a2d4851a1d" />
    <TestEntry testId="825fd467-52f0-ebc3-102d-d554859cb5d0" executionId="8468b06c-8c4c-428c-9823-64747c20fd6b" testListId="8c84fa94-04c1-424b-9868-57a2d4851a1d" />
    <TestEntry testId="879bc477-5080-4fcf-e639-e827fa9c2556" executionId="11d3fbdd-b165-4d43-83ff-d493d63f85e4" testListId="8c84fa94-04c1-424b-9868-57a2d4851a1d" />
    <TestEntry testId="842abb2a-cf12-4fa5-cea8-ba137980c871" executionId="407c6cd5-40cd-45a0-8ab4-c1863c59e5f8" testListId="8c84fa94-04c1-424b-9868-57a2d4851a1d" />
    <TestEntry testId="176664cd-e332-31a2-9d05-82d737b12220" executionId="2fd8bf7e-3132-4082-9c6f-28729b9389c4" testListId="8c84fa94-04c1-424b-9868-57a2d4851a1d" />
    <TestEntry testId="bf42d420-5348-a17d-f0f1-75c223705f03" executionId="e3aeb185-5577-49dd-86e2-eda5419e3447" testListId="8c84fa94-04c1-424b-9868-57a2d4851a1d" />
    <TestEntry testId="dd87e8f5-47dd-63a5-b069-c24fab3a48d5" executionId="eb09e839-a016-4c4b-bea1-b9c59d6d159f" testListId="8c84fa94-04c1-424b-9868-57a2d4851a1d" />
    <TestEntry testId="c9bdd070-3a4d-f33d-8633-0f0ada3f44b8" executionId="23b316ec-b0db-46eb-bea3-7ebc56f5d067" testListId="8c84fa94-04c1-424b-9868-57a2d4851a1d" />
    <TestEntry testId="19a77eda-136e-3711-6b1c-4a0ca92ae853" executionId="5e4fa8a7-fe8b-42b4-a469-ba75987b3090" testListId="8c84fa94-04c1-424b-9868-57a2d4851a1d" />
    <TestEntry testId="384e7e46-2939-dfa4-d397-51eef363ea84" executionId="29bd0069-f861-4163-857d-91e397379656" testListId="8c84fa94-04c1-424b-9868-57a2d4851a1d" />
    <TestEntry testId="f56c348e-07a4-4939-d517-9340c0ab873a" executionId="974c13a1-54e8-48ba-9b1a-3a817825f8d6" testListId="8c84fa94-04c1-424b-9868-57a2d4851a1d" />
    <TestEntry testId="affcd0cb-5609-83cd-3160-dc9ebb422db5" executionId="acbc5394-a91a-4790-9ad7-ebe42b38f5d8" testListId="8c84fa94-04c1-424b-9868-57a2d4851a1d" />
    <TestEntry testId="b6013297-8c3d-783b-6fe1-bb174e228c37" executionId="f0c5f433-544a-47d4-8ca9-7808b565d7a2" testListId="8c84fa94-04c1-424b-9868-57a2d4851a1d" />
    <TestEntry testId="32c198b5-8ae6-5eaa-e3d6-53da2a126eff" executionId="676bbcc3-3d81-468a-bb61-d9e20cf001f4" testListId="8c84fa94-04c1-424b-9868-57a2d4851a1d" />
    <TestEntry testId="d42cbb2a-9c1a-4f4b-4584-5987904f9667" executionId="be8c2a82-39c8-4221-900b-4f1f38cf2ca2" testListId="8c84fa94-04c1-424b-9868-57a2d4851a1d" />
    <TestEntry testId="7629efc5-22c4-69dc-f7ed-95c284f64f2c" executionId="87b689df-e908-4645-b8cf-c0020b453844" testListId="8c84fa94-04c1-424b-9868-57a2d4851a1d" />
    <TestEntry testId="c8ec8d0b-8726-1048-5a8e-70417ccfe9cc" executionId="d60fcd35-620f-4497-abc3-6e39394d20b2" testListId="8c84fa94-04c1-424b-9868-57a2d4851a1d" />
    <TestEntry testId="e49a374f-44a9-aa9d-355d-21ac7439d26a" executionId="75ab069f-b553-4821-8e3e-786cacae4672" testListId="8c84fa94-04c1-424b-9868-57a2d4851a1d" />
    <TestEntry testId="f5a75e3b-7a61-b51c-fbbf-ba6389078cf8" executionId="158f80f5-9b04-4132-a259-c8e7d33a3bc8" testListId="8c84fa94-04c1-424b-9868-57a2d4851a1d" />
    <TestEntry testId="61b22050-97ad-20ac-89ce-f3b72a5a8e5a" executionId="e6f2bd39-41c4-4aa2-b2c8-88aac80feb70" testListId="8c84fa94-04c1-424b-9868-57a2d4851a1d" />
    <TestEntry testId="3f3fa638-09ba-1011-7392-05cac169df0e" executionId="4d00e675-9fc7-4196-90bc-a149e56561d0" testListId="8c84fa94-04c1-424b-9868-57a2d4851a1d" />
    <TestEntry testId="e9dbbd1d-bdb4-59d4-eeba-825afa778cbf" executionId="8ce5ccb2-d10e-4e1c-95a5-656440988670" testListId="8c84fa94-04c1-424b-9868-57a2d4851a1d" />
    <TestEntry testId="6d9ca8dd-f154-227d-84e3-afa1a8dfa77e" executionId="6c81da50-3adc-4936-bee5-39de62b06d76" testListId="8c84fa94-04c1-424b-9868-57a2d4851a1d" />
    <TestEntry testId="e6fd593e-8926-6b22-f12a-96430c0fbf2e" executionId="ddec43a0-3de1-4370-9b7e-b89bdbcfe2d4" testListId="8c84fa94-04c1-424b-9868-57a2d4851a1d" />
    <TestEntry testId="e514b4b5-ff0e-0503-c03f-cd130b642260" executionId="1fcc12ab-6806-4ba8-932c-1a7e3131a7bf" testListId="8c84fa94-04c1-424b-9868-57a2d4851a1d" />
    <TestEntry testId="3dc1068f-82d6-84de-c908-e4f233ecb350" executionId="42ce23b3-57ed-4742-9a63-f70d7184235d" testListId="8c84fa94-04c1-424b-9868-57a2d4851a1d" />
    <TestEntry testId="657128c5-a00a-417a-0398-225465022baf" executionId="6de064ac-9260-43d4-a465-e6de320c3c11" testListId="8c84fa94-04c1-424b-9868-57a2d4851a1d" />
    <TestEntry testId="cfa379e1-09d8-dba5-206b-c6e2aaf24ff1" executionId="75149075-9903-49c3-9464-ddb68669f9ae" testListId="8c84fa94-04c1-424b-9868-57a2d4851a1d" />
    <TestEntry testId="1c24d863-fa07-deb5-4fb7-f467d466cb55" executionId="ebe32e72-292a-4c97-9777-599be83479dc" testListId="8c84fa94-04c1-424b-9868-57a2d4851a1d" />
    <TestEntry testId="a4206639-8551-015b-9278-1c1f53a52704" executionId="eceaf38b-a845-4a26-9ffc-65331e681ef7" testListId="8c84fa94-04c1-424b-9868-57a2d4851a1d" />
    <TestEntry testId="1a716a10-d641-d602-72f7-3f93f8cd0402" executionId="6e1722f5-2ccc-4b96-932d-86271b55e484" testListId="8c84fa94-04c1-424b-9868-57a2d4851a1d" />
    <TestEntry testId="50da10f7-26a6-5189-a981-de50fa2ada1b" executionId="c990f1bf-9e9e-4328-a5a3-b8a9e7b7735f" testListId="8c84fa94-04c1-424b-9868-57a2d4851a1d" />
    <TestEntry testId="254cc30b-5b1d-8fc3-09ec-d3df0b2b3af0" executionId="43aebd03-5b16-4b7a-824a-280188de4715" testListId="8c84fa94-04c1-424b-9868-57a2d4851a1d" />
    <TestEntry testId="bdad5a6a-6be3-3f5f-d1ce-c9d3ae870232" executionId="f111be0f-50ec-4f69-8eb4-eaa6ee8f3543" testListId="8c84fa94-04c1-424b-9868-57a2d4851a1d" />
    <TestEntry testId="3c0e3cca-3008-f566-244c-afe831eddad2" executionId="797d851f-9b37-4327-9eef-51173abbafce" testListId="8c84fa94-04c1-424b-9868-57a2d4851a1d" />
    <TestEntry testId="3cd06007-638e-cadc-f706-4c9a509133f7" executionId="38419663-cc1c-4a22-a573-d28f07c4fae6" testListId="8c84fa94-04c1-424b-9868-57a2d4851a1d" />
    <TestEntry testId="48b68161-6a77-c4ee-cbc6-b600ca4b2b7f" executionId="0f649c3b-b7dd-4b40-ae84-76d17f06dc76" testListId="8c84fa94-04c1-424b-9868-57a2d4851a1d" />
    <TestEntry testId="77611967-c39f-23b1-340b-615b960040c1" executionId="5df13924-a8f5-411d-84e8-5d49732c92ab" testListId="8c84fa94-04c1-424b-9868-57a2d4851a1d" />
    <TestEntry testId="45db1f03-5434-2f8a-352f-bbb37bed0c95" executionId="e1e0e3bc-4d8c-4374-9cac-24dc4b7fab41" testListId="8c84fa94-04c1-424b-9868-57a2d4851a1d" />
    <TestEntry testId="94f7471f-2f99-85fa-737f-00c961802a75" executionId="09f657cc-cd17-47bf-b65f-965ecc5b03cb" testListId="8c84fa94-04c1-424b-9868-57a2d4851a1d" />
    <TestEntry testId="798740c7-4bcf-2860-2b4d-5db188ed8088" executionId="60a099fb-61f5-4b0a-b88d-6b2a8d54827c" testListId="8c84fa94-04c1-424b-9868-57a2d4851a1d" />
    <TestEntry testId="1ab65006-1d16-c78b-9176-c6d1cbfa198a" executionId="84f2b8fb-c482-429d-9ed0-494f79db58e2" testListId="8c84fa94-04c1-424b-9868-57a2d4851a1d" />
    <TestEntry testId="413dc1a3-0eee-2fa8-da62-4788e8635f66" executionId="04f8d6b5-3ee3-43e1-8823-7a9062480c81" testListId="8c84fa94-04c1-424b-9868-57a2d4851a1d" />
    <TestEntry testId="01230dda-dd09-14e4-5ba7-6cc5a66146fe" executionId="cd21c389-06f5-4075-b289-de3f09a63ecf" testListId="8c84fa94-04c1-424b-9868-57a2d4851a1d" />
    <TestEntry testId="0be8d713-e704-74fa-c8fe-5901f43db625" executionId="1d5d57ce-a13c-4897-bf55-ee6634b5c77f" testListId="8c84fa94-04c1-424b-9868-57a2d4851a1d" />
    <TestEntry testId="5bb5f4cc-8a1b-1d50-5b9e-c5ad18e143dd" executionId="63d26fdc-65a5-4da0-9b27-85be963c9f2d" testListId="8c84fa94-04c1-424b-9868-57a2d4851a1d" />
    <TestEntry testId="0b233c23-ae12-4c20-ed95-2f98eacd55ad" executionId="982105a7-354f-4240-b197-06b2b655e63a" testListId="8c84fa94-04c1-424b-9868-57a2d4851a1d" />
    <TestEntry testId="f55754ec-072d-a532-5fd1-647f087fa389" executionId="5bd40f1e-d68e-46f5-9ba8-6e5fb33cabbb" testListId="8c84fa94-04c1-424b-9868-57a2d4851a1d" />
    <TestEntry testId="13e04fc6-8833-a314-b97b-622e7e4d78bc" executionId="10856660-e8ec-4286-a60d-e0e6cace177a" testListId="8c84fa94-04c1-424b-9868-57a2d4851a1d" />
    <TestEntry testId="2224406e-7d17-912a-65f5-f2ed533b7d62" executionId="690d3304-b12d-441c-b488-3ef4aa0b5266" testListId="8c84fa94-04c1-424b-9868-57a2d4851a1d" />
    <TestEntry testId="16e83989-f14b-2617-4a53-58c2828f533b" executionId="24b3471e-3f38-4d32-b41e-0d4474abe06a" testListId="8c84fa94-04c1-424b-9868-57a2d4851a1d" />
    <TestEntry testId="c72117c3-ab57-465e-9a92-830e8834255d" executionId="81112005-8b2e-4c45-8dfd-c254bbb131ec" testListId="8c84fa94-04c1-424b-9868-57a2d4851a1d" />
    <TestEntry testId="300f6dee-6490-83f6-adc0-de2d0fa5816e" executionId="02f9cb14-c084-4a74-b667-ba9bce505d97" testListId="8c84fa94-04c1-424b-9868-57a2d4851a1d" />
    <TestEntry testId="fdcfdd08-e7ac-a1f9-5ac4-b193cd2e55be" executionId="3c19ed2c-7958-4f8b-95c6-1c2a33b51eb3" testListId="8c84fa94-04c1-424b-9868-57a2d4851a1d" />
    <TestEntry testId="4cb6405b-7bb5-3db8-6617-a196a7bd9324" executionId="9d569779-d3fc-42f7-8a66-0282bbbc8bd8" testListId="8c84fa94-04c1-424b-9868-57a2d4851a1d" />
    <TestEntry testId="572906bd-cd69-d3d4-c0be-6d2b51eb223e" executionId="431b5004-511f-4f6d-984d-1c11b759a815" testListId="8c84fa94-04c1-424b-9868-57a2d4851a1d" />
    <TestEntry testId="b54fbc8b-aa09-8101-26eb-6b944ceeffe0" executionId="73c540f5-a678-46bb-9966-b5b2a2edba0a" testListId="8c84fa94-04c1-424b-9868-57a2d4851a1d" />
    <TestEntry testId="8ca401d4-73e8-2216-59da-4cc641e70c7c" executionId="14a58cac-d427-49aa-83b3-db353c72edfe" testListId="8c84fa94-04c1-424b-9868-57a2d4851a1d" />
    <TestEntry testId="c6c69823-0e8f-a585-91ca-73273148719d" executionId="d60366fc-c165-4e55-8cad-e6c912416817" testListId="8c84fa94-04c1-424b-9868-57a2d4851a1d" />
    <TestEntry testId="db7077dd-4ef5-8d20-6540-9087a3bc4696" executionId="0357581a-71b5-4a4e-9cbf-2a344b2649ae" testListId="8c84fa94-04c1-424b-9868-57a2d4851a1d" />
    <TestEntry testId="95ca2f10-0840-0229-390b-f87fb8626041" executionId="126e3285-b5fc-4298-b370-1aa4a7a68103" testListId="8c84fa94-04c1-424b-9868-57a2d4851a1d" />
    <TestEntry testId="7bc1d170-f1b7-3e2b-5aa9-100d068bc770" executionId="6acab3ea-2bb6-4a1e-a856-3b92ec3f236d" testListId="8c84fa94-04c1-424b-9868-57a2d4851a1d" />
    <TestEntry testId="db53c524-8356-fa82-3d0f-6ff9dca12bff" executionId="c259e601-59af-4927-a633-aa405a365093" testListId="8c84fa94-04c1-424b-9868-57a2d4851a1d" />
    <TestEntry testId="fdd1ff42-4124-956c-0518-65da789ad001" executionId="0272ec2e-3fd6-453a-953f-7b72a9830ab4" testListId="8c84fa94-04c1-424b-9868-57a2d4851a1d" />
    <TestEntry testId="31b647c0-1b1b-231b-0aa9-4845822edf5a" executionId="9c36c58d-42a1-4369-9b49-49a4adc3ebdc" testListId="8c84fa94-04c1-424b-9868-57a2d4851a1d" />
    <TestEntry testId="d70ea16a-84c0-2dfe-d4d6-916e2a4eee9d" executionId="625b776e-9b3a-47d7-90ba-223c5d349db8" testListId="8c84fa94-04c1-424b-9868-57a2d4851a1d" />
    <TestEntry testId="6bcb40f4-cf24-de68-ebe9-a8a7e6ab39fc" executionId="e426640e-3770-440b-b4ef-550d8f00c5b1" testListId="8c84fa94-04c1-424b-9868-57a2d4851a1d" />
    <TestEntry testId="f29bdae9-c01a-7137-ad74-65c73cf932a0" executionId="58aad5e5-aa3e-47fd-885b-ebe1a7da4a58" testListId="8c84fa94-04c1-424b-9868-57a2d4851a1d" />
    <TestEntry testId="e5c063e2-57d2-6d48-c35f-7e8e3d6332c0" executionId="17b6a53f-6d6f-4aa8-b85b-fdb21adaf5ab" testListId="8c84fa94-04c1-424b-9868-57a2d4851a1d" />
    <TestEntry testId="51ca660f-46f5-4f0b-f9eb-b6d216c6a4a2" executionId="f6938eca-06fc-4462-9ebe-79e71a39adfc" testListId="8c84fa94-04c1-424b-9868-57a2d4851a1d" />
    <TestEntry testId="d3c442eb-a0af-517d-1486-3bae2dbdb273" executionId="04c0c3aa-bb8f-4c8b-90c3-b3c51fae0201" testListId="8c84fa94-04c1-424b-9868-57a2d4851a1d" />
    <TestEntry testId="9aff055a-1ad6-d302-1b8e-67c3f447edb9" executionId="ee10e4fc-e6a1-4c07-b1fc-4957fc00080b" testListId="8c84fa94-04c1-424b-9868-57a2d4851a1d" />
    <TestEntry testId="f362749b-c766-edfa-beed-a4a7ae724ae8" executionId="d4e73550-420a-4bb9-911b-1b56d118dbca" testListId="8c84fa94-04c1-424b-9868-57a2d4851a1d" />
    <TestEntry testId="8dfd896c-4a4b-dcc4-c53c-56fdcd545dd6" executionId="7f797721-bf97-4b88-b669-e57dd30ec9bf" testListId="8c84fa94-04c1-424b-9868-57a2d4851a1d" />
    <TestEntry testId="f9b1b562-700c-308d-bc66-002581032a2e" executionId="d02c6373-cabd-43d9-85f5-ab5c5666685e" testListId="8c84fa94-04c1-424b-9868-57a2d4851a1d" />
    <TestEntry testId="d6ad8503-abcd-d671-2bc8-4af4c4c0ff76" executionId="e32c244e-fb9c-45d9-ae8a-fd7a3145ae99" testListId="8c84fa94-04c1-424b-9868-57a2d4851a1d" />
    <TestEntry testId="abcd273c-5fb8-2e18-1f45-cd1c0a4ca70a" executionId="197681bd-663c-4ae2-a047-58697c258286" testListId="8c84fa94-04c1-424b-9868-57a2d4851a1d" />
    <TestEntry testId="04ba60a7-0794-c732-2213-aafcbc4ed08e" executionId="443407db-be8c-45bb-a6d6-f315e5b93c79" testListId="8c84fa94-04c1-424b-9868-57a2d4851a1d" />
    <TestEntry testId="5e57c659-2db4-b8ce-a9d9-50e1e7b7b842" executionId="99ef6063-89d4-4b3e-9065-4258ee65e36f" testListId="8c84fa94-04c1-424b-9868-57a2d4851a1d" />
    <TestEntry testId="44d94748-57c3-dbaf-aee8-a341a854133e" executionId="298843de-7c0f-4693-b436-bae6229e6e69" testListId="8c84fa94-04c1-424b-9868-57a2d4851a1d" />
    <TestEntry testId="556ee242-82d6-10d0-ca79-6cc9ec701327" executionId="895f17f8-9759-4f29-83c7-b3d761436f1b" testListId="8c84fa94-04c1-424b-9868-57a2d4851a1d" />
    <TestEntry testId="0ee73c2d-1ffb-ddf9-4e07-1b1702a6be39" executionId="9e21c583-ea12-40f8-ac8b-366bd2615168" testListId="8c84fa94-04c1-424b-9868-57a2d4851a1d" />
    <TestEntry testId="f1daec19-81ab-0a86-67a4-55383baf385f" executionId="acc26c6a-2e9e-467d-9266-4cf1bb694be0" testListId="8c84fa94-04c1-424b-9868-57a2d4851a1d" />
    <TestEntry testId="b91df055-d81f-13a2-3b2a-adce7e1ce561" executionId="6f14978f-4d0c-46e1-b5ed-4582e28e8f89" testListId="8c84fa94-04c1-424b-9868-57a2d4851a1d" />
    <TestEntry testId="4a9b90f7-2118-e89c-bf1b-7ef1296b8510" executionId="b1e09a65-4d84-4d12-a2b1-6070f1ca9b32" testListId="8c84fa94-04c1-424b-9868-57a2d4851a1d" />
    <TestEntry testId="f821754b-36b1-623e-2d29-fe80c1cce32e" executionId="fc7dd7cd-715e-40b6-9229-9a26689b3984" testListId="8c84fa94-04c1-424b-9868-57a2d4851a1d" />
    <TestEntry testId="5033ea7f-6424-ac9d-62c6-f7211e73cb60" executionId="c571ceb7-1b1a-4d63-9926-a9bf245b4b9d" testListId="8c84fa94-04c1-424b-9868-57a2d4851a1d" />
    <TestEntry testId="a207ed3e-8aa1-e579-40f1-2c4582cae8f7" executionId="2feb984d-859b-45ba-b2db-b06d63f0317a" testListId="8c84fa94-04c1-424b-9868-57a2d4851a1d" />
    <TestEntry testId="79a32c9d-4915-abcb-12b1-98842e995302" executionId="466306c3-3925-4666-999e-3e09ba457d60" testListId="8c84fa94-04c1-424b-9868-57a2d4851a1d" />
    <TestEntry testId="28ddcac7-99bc-77c0-4dc8-ebd403fecbf6" executionId="f2165b57-09c7-4ea6-943f-1c3cde9dfe67" testListId="8c84fa94-04c1-424b-9868-57a2d4851a1d" />
    <TestEntry testId="9941d091-0d12-9ab4-3186-9c070f874a75" executionId="2f7936e5-9977-474a-91ed-a59fe55eb853" testListId="8c84fa94-04c1-424b-9868-57a2d4851a1d" />
    <TestEntry testId="6412ce07-78c8-4c98-b55c-92f2fe3f0b2c" executionId="53c034cb-4ccf-4570-8a07-803eca5fc4e7" testListId="8c84fa94-04c1-424b-9868-57a2d4851a1d" />
    <TestEntry testId="50787197-3318-8798-72b6-de8685990f85" executionId="f34cfbdb-df6e-454f-ae81-5e4adec4a72e" testListId="8c84fa94-04c1-424b-9868-57a2d4851a1d" />
    <TestEntry testId="04e7d918-25da-0f85-ac00-ebd526c020fb" executionId="ae279511-3049-44e7-95bd-e59f254afa27" testListId="8c84fa94-04c1-424b-9868-57a2d4851a1d" />
    <TestEntry testId="fb2f3300-9207-53e8-1b8c-3c0b3c97dd35" executionId="f28559c1-af9c-4c9e-b54a-cc26ef64c24c" testListId="8c84fa94-04c1-424b-9868-57a2d4851a1d" />
    <TestEntry testId="8172ea32-9774-17c0-293a-0ca21dc5cce3" executionId="9a0f2b70-8103-4cbe-b5fd-aaeecc3318a9" testListId="8c84fa94-04c1-424b-9868-57a2d4851a1d" />
    <TestEntry testId="2c397f14-cc89-a8af-7de5-b6c9486ecf65" executionId="1c53d095-877f-4809-a133-1d7d406b48d7" testListId="8c84fa94-04c1-424b-9868-57a2d4851a1d" />
    <TestEntry testId="5f395eb8-218b-3fe3-c75a-6bcd29c3c784" executionId="df7ae1df-ab04-4978-9230-33dcc913d272" testListId="8c84fa94-04c1-424b-9868-57a2d4851a1d" />
    <TestEntry testId="f3bed39f-48ad-33ee-e5db-7f7f6353e59e" executionId="4bc9a63c-e1f5-4d7c-b3da-a30f88c2b1c4" testListId="8c84fa94-04c1-424b-9868-57a2d4851a1d" />
    <TestEntry testId="a7d43b45-68fb-6563-aff9-012574dcbd84" executionId="064ffb26-09c7-422b-a788-ff974680e387" testListId="8c84fa94-04c1-424b-9868-57a2d4851a1d" />
    <TestEntry testId="b51db8bf-d36e-0aa7-8a8f-f4a9946301ba" executionId="ea20e8da-4fab-4588-8086-89fd2d710c6d" testListId="8c84fa94-04c1-424b-9868-57a2d4851a1d" />
    <TestEntry testId="a48197e7-34b6-2816-16e7-425e0038f95b" executionId="07fa8930-54a1-4960-b271-3a9fc6d8ceea" testListId="8c84fa94-04c1-424b-9868-57a2d4851a1d" />
    <TestEntry testId="37da12f7-31a3-327d-1172-79e133b6c0c6" executionId="a83128f4-1389-4a64-b984-0e1e1665caf2" testListId="8c84fa94-04c1-424b-9868-57a2d4851a1d" />
    <TestEntry testId="93743fcd-e2c6-fcf8-1983-d6902911611b" executionId="8f68958c-925e-427d-8052-415c8b408ba1" testListId="8c84fa94-04c1-424b-9868-57a2d4851a1d" />
    <TestEntry testId="7a121384-ad33-5a50-aa20-0dd3188d181a" executionId="995a3394-3d0e-4523-99c8-4f24608880df" testListId="8c84fa94-04c1-424b-9868-57a2d4851a1d" />
    <TestEntry testId="a5c15af2-bd63-9071-a28b-992426b66362" executionId="83c4c8be-4b07-48b7-b192-efb593138b13" testListId="8c84fa94-04c1-424b-9868-57a2d4851a1d" />
    <TestEntry testId="bdf003e6-5e31-3757-8de6-b259949e60c6" executionId="c227497a-38af-4ebc-a0af-c025c196d498" testListId="8c84fa94-04c1-424b-9868-57a2d4851a1d" />
    <TestEntry testId="862c78bf-ab7b-7516-2ebe-a03d490a5635" executionId="f621cc1c-bd96-45ad-93af-d48ee84798c8" testListId="8c84fa94-04c1-424b-9868-57a2d4851a1d" />
    <TestEntry testId="4ea9d3ff-8424-0fad-33d4-4da20e6be977" executionId="0689e1b4-9837-48f7-901d-80afe2c1e49d" testListId="8c84fa94-04c1-424b-9868-57a2d4851a1d" />
    <TestEntry testId="9ead8476-3505-ae20-9014-95ec40346eb5" executionId="4002faf1-6411-498c-ba92-caa632544f38" testListId="8c84fa94-04c1-424b-9868-57a2d4851a1d" />
    <TestEntry testId="f77409eb-245e-e588-990d-732ccf35b9b9" executionId="03e13db6-2d84-4f79-b0f7-b0a2c9687303" testListId="8c84fa94-04c1-424b-9868-57a2d4851a1d" />
    <TestEntry testId="d1a34dd5-f580-23eb-b44e-ee2c966b1def" executionId="5df26e5e-4014-4903-a7dc-e249e89c3a95" testListId="8c84fa94-04c1-424b-9868-57a2d4851a1d" />
    <TestEntry testId="adbea6d5-a912-6bd3-599d-7bd4f6b0b166" executionId="a7bb1f0a-7f95-455a-abc1-2acbeb7b93bd" testListId="8c84fa94-04c1-424b-9868-57a2d4851a1d" />
    <TestEntry testId="2f3f10ea-dadb-86ef-4da9-f3e8ca2875bf" executionId="fb360292-0238-44b1-a32b-376b1b334bc9" testListId="8c84fa94-04c1-424b-9868-57a2d4851a1d" />
    <TestEntry testId="5cb5360f-8333-646e-ca46-79420386605a" executionId="f3ab6f20-7be6-4f88-842c-fe84e1d74fb2" testListId="8c84fa94-04c1-424b-9868-57a2d4851a1d" />
    <TestEntry testId="d3ebb7cf-f9ec-9b3e-35a1-23e19c538cfa" executionId="49baefb8-7a3d-482f-a31a-a8c9f2b6e1ba" testListId="8c84fa94-04c1-424b-9868-57a2d4851a1d" />
    <TestEntry testId="afe2b68b-714d-f139-8dd0-06272512af6b" executionId="be4e289a-c6cb-4865-9d43-4b1f58c93563" testListId="8c84fa94-04c1-424b-9868-57a2d4851a1d" />
    <TestEntry testId="3b11aa8b-1906-ff2b-88bb-e6031120b9a4" executionId="4ff410c2-f174-4a6b-9f99-e5fe01d62bd5" testListId="8c84fa94-04c1-424b-9868-57a2d4851a1d" />
    <TestEntry testId="bccd6e78-8c25-27a8-f677-63c64669d165" executionId="881fcaa9-1048-4e54-9f6a-9fd5bb2752b2" testListId="8c84fa94-04c1-424b-9868-57a2d4851a1d" />
    <TestEntry testId="bc676c70-bff1-771e-2805-b78bf099cdaf" executionId="12a9c0f9-ceab-4dc5-8988-20804084ab27" testListId="8c84fa94-04c1-424b-9868-57a2d4851a1d" />
    <TestEntry testId="3d0a5188-5277-1639-d400-b007191338ee" executionId="05fe8568-e929-4214-a97c-4487e8bba695" testListId="8c84fa94-04c1-424b-9868-57a2d4851a1d" />
    <TestEntry testId="28956f83-5909-2465-c921-e81fa45af59d" executionId="e754ba6a-63c2-4ab9-bf4a-b410bb2c46c7" testListId="8c84fa94-04c1-424b-9868-57a2d4851a1d" />
    <TestEntry testId="237acf57-c5fc-ca6c-3440-3d76add45b48" executionId="4c1a8dcd-9ccc-4f19-850b-ad52beb9b137" testListId="8c84fa94-04c1-424b-9868-57a2d4851a1d" />
    <TestEntry testId="c2b658e0-4b22-738c-bebe-cd41ac9fe9da" executionId="e3e5211f-926a-487d-827b-a3f2f83ea9eb" testListId="8c84fa94-04c1-424b-9868-57a2d4851a1d" />
    <TestEntry testId="ffc50473-1728-3b39-765c-2603db6d395a" executionId="d19b74fe-1f75-4c31-ad94-d791c7022022" testListId="8c84fa94-04c1-424b-9868-57a2d4851a1d" />
    <TestEntry testId="ef88aec7-46d3-dd30-ec64-a51e14f8fab1" executionId="a37a907b-4c45-403a-94be-7e6fdebe072f" testListId="8c84fa94-04c1-424b-9868-57a2d4851a1d" />
    <TestEntry testId="56bc034c-870c-2029-f5c0-ce7cb67ea11d" executionId="e8033763-b661-43f0-ba50-9654abc4ae53" testListId="8c84fa94-04c1-424b-9868-57a2d4851a1d" />
    <TestEntry testId="25722854-c2f4-5f12-2a6e-611e5536b3f9" executionId="e0364158-cdd5-4fa4-85fc-64651b02f34e" testListId="8c84fa94-04c1-424b-9868-57a2d4851a1d" />
    <TestEntry testId="9c232a12-9174-3ded-7f7f-f119a1bec44c" executionId="5196021e-93ad-4f65-ae23-7066e9bd22ee" testListId="8c84fa94-04c1-424b-9868-57a2d4851a1d" />
    <TestEntry testId="48240e2c-a4d9-2594-4296-f471c14fc6a7" executionId="9535a9ed-bae4-4ece-ac1b-79b16b0bdc86" testListId="8c84fa94-04c1-424b-9868-57a2d4851a1d" />
    <TestEntry testId="fe7b4783-5658-87e1-ca2c-6b15dc662819" executionId="c3b86e7e-8c1e-4fb7-a9bb-65e6ad4a8957" testListId="8c84fa94-04c1-424b-9868-57a2d4851a1d" />
    <TestEntry testId="e75832d6-d2ab-78bd-b121-c76c19fe297c" executionId="f6cae8ea-b8aa-46e6-acb0-b655e3696b98" testListId="8c84fa94-04c1-424b-9868-57a2d4851a1d" />
    <TestEntry testId="31f49240-24a2-0e5e-c8c3-739b4d81c6d7" executionId="9f4b0665-9543-46f8-a82a-a39e8cb0f132" testListId="8c84fa94-04c1-424b-9868-57a2d4851a1d" />
    <TestEntry testId="83655a65-6632-03cc-e5e9-95762f9d8428" executionId="ca99de65-b952-4696-890a-4a3e4843b120" testListId="8c84fa94-04c1-424b-9868-57a2d4851a1d" />
    <TestEntry testId="21209d58-9833-62ae-f6ea-f4976a9ae006" executionId="8381067c-b86f-4a6e-b44a-71c5376bdbd4" testListId="8c84fa94-04c1-424b-9868-57a2d4851a1d" />
    <TestEntry testId="23936ca9-cb04-0d9a-ca60-67e86f26450c" executionId="98a75447-31e6-4d32-83a4-a6aca775da80" testListId="8c84fa94-04c1-424b-9868-57a2d4851a1d" />
    <TestEntry testId="e0198dfc-3381-5a04-2210-16421478411b" executionId="b9f4a9af-4982-4276-9497-3ad7e7392254" testListId="8c84fa94-04c1-424b-9868-57a2d4851a1d" />
    <TestEntry testId="a65bf685-fa17-2ecf-1f83-09acfe0e037c" executionId="2d3741f6-bcdd-40bd-a16f-c57fda2438b2" testListId="8c84fa94-04c1-424b-9868-57a2d4851a1d" />
    <TestEntry testId="33acbcbc-981c-563d-91c0-da679c0851c2" executionId="83b65b62-7ddc-4026-aa23-0d78402f5eb8" testListId="8c84fa94-04c1-424b-9868-57a2d4851a1d" />
    <TestEntry testId="c9eb1b17-3b99-5890-d0cf-5a0275a0e128" executionId="2f1665cb-1d67-4e8f-8719-4019846580ed" testListId="8c84fa94-04c1-424b-9868-57a2d4851a1d" />
    <TestEntry testId="f198c2f2-d97d-2ebd-6b38-42f64079cc49" executionId="5e9283fe-2293-4172-a7fe-f047a467901f" testListId="8c84fa94-04c1-424b-9868-57a2d4851a1d" />
    <TestEntry testId="b4887e73-89aa-9e82-9b02-5368d0b98e0e" executionId="ed69d84c-a791-47e8-910c-3802be3f681a" testListId="8c84fa94-04c1-424b-9868-57a2d4851a1d" />
    <TestEntry testId="f8e7b8a6-9a5d-992c-06a6-7db03c0015d3" executionId="e4bf27cb-8288-474f-8a1f-1516f1bae1e5" testListId="8c84fa94-04c1-424b-9868-57a2d4851a1d" />
    <TestEntry testId="23e43918-ba21-82a6-ae6e-1717b947fa41" executionId="91470b96-6683-4963-925a-9027dc9f4451" testListId="8c84fa94-04c1-424b-9868-57a2d4851a1d" />
    <TestEntry testId="436116f5-bf6c-9584-a37a-ff3cdf214fe2" executionId="5f33e229-84cb-42b9-ab7b-c164ac49ac54" testListId="8c84fa94-04c1-424b-9868-57a2d4851a1d" />
    <TestEntry testId="832d5440-de3d-6f1a-08b7-c647cf8b2957" executionId="2d53dbc9-0175-424a-bb27-88f7c5751bed" testListId="8c84fa94-04c1-424b-9868-57a2d4851a1d" />
    <TestEntry testId="8ceac842-0694-da26-8741-33c171517815" executionId="b5093552-393a-46f2-a128-c82ce34f92a1" testListId="8c84fa94-04c1-424b-9868-57a2d4851a1d" />
    <TestEntry testId="79d5918b-926d-0485-ef83-d1e8dd4fbb4d" executionId="738cad17-3836-4058-b008-bf544cd97fa4" testListId="8c84fa94-04c1-424b-9868-57a2d4851a1d" />
    <TestEntry testId="ab5c8b26-ceaf-e0b0-101d-d5f2cd6d0842" executionId="5c69bcee-98dd-4494-b528-ff0635ca54a2" testListId="8c84fa94-04c1-424b-9868-57a2d4851a1d" />
    <TestEntry testId="7254bc38-d0ef-97ce-6b01-c2b0df4e1184" executionId="4b41bbf7-8092-4eb6-a472-e09dfd91464b" testListId="8c84fa94-04c1-424b-9868-57a2d4851a1d" />
    <TestEntry testId="a2ad77d5-a223-490a-1277-8c00d5248cb1" executionId="eb59dfc6-e2b4-4c03-86dc-ab1257a38229" testListId="8c84fa94-04c1-424b-9868-57a2d4851a1d" />
    <TestEntry testId="63187717-8e00-caba-40f9-a91ffcda26a1" executionId="c38d8552-0fd2-4b15-af66-ac595042981f" testListId="8c84fa94-04c1-424b-9868-57a2d4851a1d" />
    <TestEntry testId="6ae09f4d-7fb0-f7a6-a0bc-f2e9d59235e4" executionId="73b7ac8f-1857-4e10-aadb-860387ebbed5" testListId="8c84fa94-04c1-424b-9868-57a2d4851a1d" />
    <TestEntry testId="9c786e3a-f036-49d6-6407-0d5acd7c1f61" executionId="fc6c99d1-06af-444c-9472-0d7826852b9b" testListId="8c84fa94-04c1-424b-9868-57a2d4851a1d" />
    <TestEntry testId="7de23b8f-ae41-29e1-9984-ffa5121128b2" executionId="e5685f1a-d264-44de-84c1-b87b7a15ded6" testListId="8c84fa94-04c1-424b-9868-57a2d4851a1d" />
    <TestEntry testId="f3f9712d-8345-c669-0fbc-cbc9158ba417" executionId="4dd5a5d6-a0bb-4017-85e2-46f38739da79" testListId="8c84fa94-04c1-424b-9868-57a2d4851a1d" />
    <TestEntry testId="c3b1ea7b-ede6-c7b9-1230-73a5ed747da0" executionId="0c72e439-ee92-4977-bd0e-6dbb2ce7a6b6" testListId="8c84fa94-04c1-424b-9868-57a2d4851a1d" />
    <TestEntry testId="b7cfb307-96eb-9fb6-4f2c-0693389085a8" executionId="507f472b-9bd1-48b8-8fa1-a01cfd547af1" testListId="8c84fa94-04c1-424b-9868-57a2d4851a1d" />
    <TestEntry testId="a7981e95-1323-105c-d83e-9d57dec6b2d8" executionId="7fff0c8f-1dc1-4190-aa3c-1d759f4cf9fa" testListId="8c84fa94-04c1-424b-9868-57a2d4851a1d" />
    <TestEntry testId="86fb7a5a-8cf2-4c36-a489-26ff73f20850" executionId="7a232aaf-26de-4f7c-a02b-90a462994fc1" testListId="8c84fa94-04c1-424b-9868-57a2d4851a1d" />
    <TestEntry testId="4aa0c269-359a-c858-e90f-1fae4b1d119c" executionId="a8cc506d-4b24-43d7-9fbb-eb5292e4ac14" testListId="8c84fa94-04c1-424b-9868-57a2d4851a1d" />
    <TestEntry testId="91cc1712-5c7e-8346-f0fe-787746e3c609" executionId="91505cf4-571b-46a2-897e-668391b4886f" testListId="8c84fa94-04c1-424b-9868-57a2d4851a1d" />
    <TestEntry testId="9c220c5d-d3c2-7f8d-3655-60791670893c" executionId="dd0fe4f2-2f52-4d6b-b761-23db4277a790" testListId="8c84fa94-04c1-424b-9868-57a2d4851a1d" />
    <TestEntry testId="ac1786a2-dddf-f8c1-879b-8f2df0918d4f" executionId="24e2c492-fc27-4fa8-8acc-df6f4f22ea7f" testListId="8c84fa94-04c1-424b-9868-57a2d4851a1d" />
    <TestEntry testId="41759be0-8d28-fc24-8f8d-4b3695413d75" executionId="03628d3d-58f5-49b4-bbab-f3e610e8c6bb" testListId="8c84fa94-04c1-424b-9868-57a2d4851a1d" />
    <TestEntry testId="23f6c827-5298-1b85-4116-a388ac096ef2" executionId="b86c132c-74a4-4704-8b30-4cf01b2c1eb1" testListId="8c84fa94-04c1-424b-9868-57a2d4851a1d" />
    <TestEntry testId="8ac86056-e85a-652a-d482-fa4bdb7792cb" executionId="865c0053-b92d-438e-b02f-34513fa831b9" testListId="8c84fa94-04c1-424b-9868-57a2d4851a1d" />
    <TestEntry testId="65098e0b-d31f-493f-f5c7-89b21212d75c" executionId="48cb7eac-5a60-4e39-8fab-bd7d8c1c76d3" testListId="8c84fa94-04c1-424b-9868-57a2d4851a1d" />
    <TestEntry testId="107fd52a-d610-16f7-d2b4-50729b7deaad" executionId="124e9380-6cff-426b-99b6-b42f2486d5a1" testListId="8c84fa94-04c1-424b-9868-57a2d4851a1d" />
    <TestEntry testId="1a7858ec-7b00-19e3-8d93-b0573ac54671" executionId="318456a6-91ea-4b84-89bb-1473de2d8661" testListId="8c84fa94-04c1-424b-9868-57a2d4851a1d" />
    <TestEntry testId="c98a6040-df85-4dcf-82be-4564f2a354ed" executionId="77ed4cea-ce13-4472-ba2e-8ebb22567004" testListId="8c84fa94-04c1-424b-9868-57a2d4851a1d" />
    <TestEntry testId="e4910e24-1d21-cc0f-b00b-383030d4728e" executionId="6f103a7c-c1c1-438a-8c2a-7ed5d0070a70" testListId="8c84fa94-04c1-424b-9868-57a2d4851a1d" />
    <TestEntry testId="ee6bd5ed-b0fa-e4dd-f322-54c174b3d129" executionId="86bc65a2-1bca-4763-8259-9d58bd7ef4d4" testListId="8c84fa94-04c1-424b-9868-57a2d4851a1d" />
    <TestEntry testId="42e215c3-5d2e-bd5d-b7d0-2ce1a036b738" executionId="d544206b-57cb-4c3a-ba0f-a95646ebd576" testListId="8c84fa94-04c1-424b-9868-57a2d4851a1d" />
    <TestEntry testId="e084a9b3-905c-32f0-81f5-67ee354b61c3" executionId="f7660500-4b06-4a3f-b53a-5dd0603ab9af" testListId="8c84fa94-04c1-424b-9868-57a2d4851a1d" />
    <TestEntry testId="906536ef-e98f-d22a-f50e-edb13761511c" executionId="b20fe9a8-661b-4903-9ff2-9fbb9f40b532" testListId="8c84fa94-04c1-424b-9868-57a2d4851a1d" />
    <TestEntry testId="3b276006-ded9-3e33-7cce-35cbf2995e25" executionId="df3489f6-30c9-4a45-be04-905941504711" testListId="8c84fa94-04c1-424b-9868-57a2d4851a1d" />
    <TestEntry testId="7e85cdf8-1845-3a87-ed06-04c18958f263" executionId="62b56918-7b0e-43c4-9240-156c7dace9b0" testListId="8c84fa94-04c1-424b-9868-57a2d4851a1d" />
    <TestEntry testId="5dff5f0c-32ad-0c05-14a6-b79d6a364636" executionId="d6f789d7-6d6f-4c47-b088-c999657aa48d" testListId="8c84fa94-04c1-424b-9868-57a2d4851a1d" />
    <TestEntry testId="73624354-1cd8-cfa9-9307-0f5e85db415f" executionId="313b2587-3797-4d54-8fd0-db6993c20647" testListId="8c84fa94-04c1-424b-9868-57a2d4851a1d" />
    <TestEntry testId="4ae4fa9c-3625-f28b-db54-5c87485005f7" executionId="fc17c330-be57-4404-ba03-20acd34ddb6c" testListId="8c84fa94-04c1-424b-9868-57a2d4851a1d" />
    <TestEntry testId="c8317e5f-ac87-ad9f-f963-f49170b308f5" executionId="aba3a183-ac75-4b5c-ab44-8d9931b52407" testListId="8c84fa94-04c1-424b-9868-57a2d4851a1d" />
    <TestEntry testId="61bcbfaa-09a8-e49b-1e09-85c4de69467d" executionId="286dff5b-2c4f-416f-9893-f8f61c1e83b4" testListId="8c84fa94-04c1-424b-9868-57a2d4851a1d" />
    <TestEntry testId="1445a436-f34a-a70f-5047-8283ef73049c" executionId="5eeb3004-8b24-4ef0-af62-f421682cba90" testListId="8c84fa94-04c1-424b-9868-57a2d4851a1d" />
    <TestEntry testId="a70297cb-b828-e320-a622-e744839b447c" executionId="82e816a3-78af-43a8-a2f7-03e8f1e0bd55" testListId="8c84fa94-04c1-424b-9868-57a2d4851a1d" />
    <TestEntry testId="2954afc1-d821-d9ae-f321-0aef5158aafe" executionId="2e0e6f12-9430-4a89-9a52-66525ca560fe" testListId="8c84fa94-04c1-424b-9868-57a2d4851a1d" />
    <TestEntry testId="c1a072c2-ee01-a7ae-6887-46b271e84c2b" executionId="d5bd196f-d256-439d-bdd3-b9cf450a34fc" testListId="8c84fa94-04c1-424b-9868-57a2d4851a1d" />
    <TestEntry testId="7b8d351e-949a-a562-6c8a-b72a61dc4e22" executionId="6e9cd35d-46c7-41a6-9d9a-4292eabdf2ef" testListId="8c84fa94-04c1-424b-9868-57a2d4851a1d" />
    <TestEntry testId="2235aeb2-d9db-b858-9ee9-ee90338ff81a" executionId="fdad07d5-20a5-402e-bfe1-6f13d59498ff" testListId="8c84fa94-04c1-424b-9868-57a2d4851a1d" />
    <TestEntry testId="54696586-86f2-8469-5df1-683c5f3e3dfd" executionId="c0a5d9a6-2927-4185-bc8d-ba401319b132" testListId="8c84fa94-04c1-424b-9868-57a2d4851a1d" />
    <TestEntry testId="2b872452-2694-911a-53e8-7326d451f370" executionId="924d6807-e9c5-42da-b96e-15842dac5eb6" testListId="8c84fa94-04c1-424b-9868-57a2d4851a1d" />
    <TestEntry testId="551f761e-e349-7a4d-824e-ba9635e4feb9" executionId="27790bd4-746e-4441-8613-e4a25c86829d" testListId="8c84fa94-04c1-424b-9868-57a2d4851a1d" />
    <TestEntry testId="f7c7c155-dacf-8b29-9ffb-7a4a19c5a5dd" executionId="e261ebdb-0f37-4a58-b74c-7c1b977a1dde" testListId="8c84fa94-04c1-424b-9868-57a2d4851a1d" />
    <TestEntry testId="1e217421-7ab3-102f-da0e-17a8335329d4" executionId="0b626f7a-7c08-465d-94d5-147e7c04dd98" testListId="8c84fa94-04c1-424b-9868-57a2d4851a1d" />
    <TestEntry testId="ce42fe75-2d5f-24a5-7c82-31959a01f53f" executionId="ae6f1ca4-374c-43ad-b878-2cd798e91558" testListId="8c84fa94-04c1-424b-9868-57a2d4851a1d" />
    <TestEntry testId="908ca77d-10e0-7e63-e6d9-3ca0b72d983b" executionId="a0a7df46-ba20-4851-98ee-49c062a55591" testListId="8c84fa94-04c1-424b-9868-57a2d4851a1d" />
    <TestEntry testId="5f017da4-ef6a-5f78-e492-2001cbd1f689" executionId="465e3eac-2894-4168-bcd9-db34cf2e2152" testListId="8c84fa94-04c1-424b-9868-57a2d4851a1d" />
    <TestEntry testId="74d64d57-23b6-db5a-27b8-8384e8cfe593" executionId="ef0a4b76-0503-48e8-9489-5b552bf850cd" testListId="8c84fa94-04c1-424b-9868-57a2d4851a1d" />
    <TestEntry testId="ca2684eb-4d89-488c-7145-809d378571ad" executionId="c70c6488-817f-4d8b-9126-b10fef6ea1dd" testListId="8c84fa94-04c1-424b-9868-57a2d4851a1d" />
    <TestEntry testId="0d60d1ec-e2ff-2472-8bf2-2c217ffcebab" executionId="f77dba3c-cddc-4fb1-92c5-f087cd89f432" testListId="8c84fa94-04c1-424b-9868-57a2d4851a1d" />
    <TestEntry testId="abb00982-0096-661e-4e2d-bf082834ac59" executionId="b6ee67e9-4d55-4de9-94c5-3e8866792bf3" testListId="8c84fa94-04c1-424b-9868-57a2d4851a1d" />
    <TestEntry testId="bc8aacaf-5f55-4f78-74de-8b2898429afa" executionId="59308852-ee78-4c7e-8a7b-b6eded756177" testListId="8c84fa94-04c1-424b-9868-57a2d4851a1d" />
    <TestEntry testId="92c6010b-42e6-d615-8711-7979fc341358" executionId="933a1fad-f18c-404a-9c6d-0a8181479666" testListId="8c84fa94-04c1-424b-9868-57a2d4851a1d" />
    <TestEntry testId="e99f9d4b-5305-939e-bdec-d1eb40673157" executionId="2383dcf9-7cca-45c6-bb35-7497d3fc382a" testListId="8c84fa94-04c1-424b-9868-57a2d4851a1d" />
    <TestEntry testId="df9d586a-70f3-fbab-79ce-75289b292830" executionId="24a5ca83-e65f-448c-8a83-20043b703c58" testListId="8c84fa94-04c1-424b-9868-57a2d4851a1d" />
    <TestEntry testId="8a23c638-9a92-0466-2449-0a7778ea7ab5" executionId="d636180c-fc72-4712-82c5-9b8cc89865d2" testListId="8c84fa94-04c1-424b-9868-57a2d4851a1d" />
    <TestEntry testId="1c229850-235f-5d22-0ad9-1b5eab113d0f" executionId="e9b88d0b-e1be-43df-8b8f-183d2a3ebcad" testListId="8c84fa94-04c1-424b-9868-57a2d4851a1d" />
    <TestEntry testId="af6ab75d-3a77-f5b8-a91e-e7b06ac4dc02" executionId="52ca9152-dae2-42ad-a8ec-969508a2581e" testListId="8c84fa94-04c1-424b-9868-57a2d4851a1d" />
    <TestEntry testId="e914e3fe-73be-d3f9-019e-573e777a6b58" executionId="1aa96512-e07b-49a2-889e-a8f9651db10f" testListId="8c84fa94-04c1-424b-9868-57a2d4851a1d" />
    <TestEntry testId="3c513f3b-1271-3f9c-ccd2-60479767cb29" executionId="d813a9a2-c1bc-469b-b335-c2f55a3a0287" testListId="8c84fa94-04c1-424b-9868-57a2d4851a1d" />
    <TestEntry testId="ab278c63-bff2-f9db-860f-8f2ccbfd3000" executionId="b1fedcf7-69bc-4a0e-b22a-cbdddc18ff2d" testListId="8c84fa94-04c1-424b-9868-57a2d4851a1d" />
    <TestEntry testId="1709b4f3-8a8f-5c39-8a35-941bd3a74a13" executionId="06eefafb-7a08-4258-8e4f-5ae59201dacf" testListId="8c84fa94-04c1-424b-9868-57a2d4851a1d" />
    <TestEntry testId="697f4dc9-7b2c-f900-0b6d-c768a091bc66" executionId="6431c53e-951c-48a3-b0d3-30ab7893f673" testListId="8c84fa94-04c1-424b-9868-57a2d4851a1d" />
    <TestEntry testId="c7be5443-b868-5116-e84d-9ffcacf6dab8" executionId="226a1e47-a53c-4481-902b-968aa944d42e" testListId="8c84fa94-04c1-424b-9868-57a2d4851a1d" />
  </TestEntries>
  <TestLists>
    <TestList name="Results Not in a List" id="8c84fa94-04c1-424b-9868-57a2d4851a1d" />
    <TestList name="All Loaded Results" id="19431567-8539-422a-85d7-44ee4e166bda" />
  </TestLists>
  <ResultSummary outcome="Completed">
    <Counters total="266" executed="266" passed="266" failed="0" error="0" timeout="0" aborted="0" inconclusive="0" passedButRunAborted="0" notRunnable="0" notExecuted="0" disconnected="0" warning="0" completed="0" inProgress="0" pending="0" />
  </ResultSummary>
</TestRun>