<?xml version="1.0" encoding="utf-8"?>
<TestRun id="1d793c84-4913-410d-b66e-fe3c789b7d6b" name="@dadsmbp 2025-08-22 08:10:53" xmlns="http://microsoft.com/schemas/VisualStudio/TeamTest/2010">
  <Times creation="2025-08-22T08:10:53.4332240-04:00" queuing="2025-08-22T08:10:53.4332240-04:00" start="2025-08-22T08:10:53.1081970-04:00" finish="2025-08-22T08:10:53.6174600-04:00" />
  <TestSettings name="default" id="9442c48e-a4ae-4956-b53f-afec252ddac1">
    <Deployment runDeploymentRoot="_dadsmbp_2025-08-22_08_10_53" />
  </TestSettings>
  <Results>
    <UnitTestResult executionId="c9c65131-0b39-4060-9121-773dc4e47d68" testId="db15e783-48bf-728a-de98-ec96c8b2bc01" testName="Insert_ZeroPosition_ThrowsException" computerName="dadsmbp" duration="00:00:00.0001248" startTime="2025-08-22T08:10:53.5429100-04:00" endTime="2025-08-22T08:10:53.5430590-04:00" testType="13cdc9d9-ddb5-4fa4-a97d-d965ccfc6d4b" outcome="Passed" testListId="8c84fa94-04c1-424b-9868-57a2d4851a1d" relativeResultsDirectory="c9c65131-0b39-4060-9121-773dc4e47d68" />
    <UnitTestResult executionId="c27cda0f-4591-446a-9429-a8f0c121b3ac" testId="0f318cf0-c0ca-3783-f134-b14f246fed88" testName="GetEnv_NoArguments_ThrowsException" computerName="dadsmbp" duration="00:00:00.0001039" startTime="2025-08-22T08:10:53.4774020-04:00" endTime="2025-08-22T08:10:53.4775350-04:00" testType="13cdc9d9-ddb5-4fa4-a97d-d965ccfc6d4b" outcome="Passed" testListId="8c84fa94-04c1-424b-9868-57a2d4851a1d" relativeResultsDirectory="c27cda0f-4591-446a-9429-a8f0c121b3ac" />
    <UnitTestResult executionId="89448d63-2037-4d14-a6fd-e8430602e111" testId="b25385a5-9267-04f0-7f76-6fb411e78232" testName="Char_MaxValidCodePoint_Works" computerName="dadsmbp" duration="00:00:00.0000443" startTime="2025-08-22T08:10:53.5688380-04:00" endTime="2025-08-22T08:10:53.5688980-04:00" testType="13cdc9d9-ddb5-4fa4-a97d-d965ccfc6d4b" outcome="Passed" testListId="8c84fa94-04c1-424b-9868-57a2d4851a1d" relativeResultsDirectory="89448d63-2037-4d14-a6fd-e8430602e111" />
    <UnitTestResult executionId="1975e2fe-e709-41d2-8464-4ac05bfa75d3" testId="2a85935e-5001-a7a5-9055-56e88cd50aae" testName="Floor_Integer_ReturnsSameValue" computerName="dadsmbp" duration="00:00:00.0001437" startTime="2025-08-22T08:10:53.4496560-04:00" endTime="2025-08-22T08:10:53.4498180-04:00" testType="13cdc9d9-ddb5-4fa4-a97d-d965ccfc6d4b" outcome="Passed" testListId="8c84fa94-04c1-424b-9868-57a2d4851a1d" relativeResultsDirectory="1975e2fe-e709-41d2-8464-4ac05bfa75d3" />
    <UnitTestResult executionId="7a5c30a9-0ea1-4a29-8499-e54dfa4e7b6f" testId="4f6c972b-4005-cefe-b356-77e1117476de" testName="FMod_IntegerArguments_ReturnsInteger" computerName="dadsmbp" duration="00:00:00.0000519" startTime="2025-08-22T08:10:53.4514690-04:00" endTime="2025-08-22T08:10:53.4515410-04:00" testType="13cdc9d9-ddb5-4fa4-a97d-d965ccfc6d4b" outcome="Passed" testListId="8c84fa94-04c1-424b-9868-57a2d4851a1d" relativeResultsDirectory="7a5c30a9-0ea1-4a29-8499-e54dfa4e7b6f" />
    <UnitTestResult executionId="b4b977dc-accb-4406-88ad-75d5e9fc8fd4" testId="0cf5bcaa-e30c-358e-ede3-0ec1f16ee90e" testName="ToBoolean_NonBooleanNonNilValues_ReturnTrue" computerName="dadsmbp" duration="00:00:00.0000480" startTime="2025-08-22T08:10:53.5587750-04:00" endTime="2025-08-22T08:10:53.5588420-04:00" testType="13cdc9d9-ddb5-4fa4-a97d-d965ccfc6d4b" outcome="Passed" testListId="8c84fa94-04c1-424b-9868-57a2d4851a1d" relativeResultsDirectory="b4b977dc-accb-4406-88ad-75d5e9fc8fd4" />
    <UnitTestResult executionId="897b3df0-c83f-4bb1-8869-d78baa37721e" testId="0cdcf849-b501-919d-5161-6ba795c26c61" testName="ToConcatString_IntegerValue_ReturnsStringRepresentation" computerName="dadsmbp" duration="00:00:00.0000280" startTime="2025-08-22T08:10:53.5593320-04:00" endTime="2025-08-22T08:10:53.5593780-04:00" testType="13cdc9d9-ddb5-4fa4-a97d-d965ccfc6d4b" outcome="Passed" testListId="8c84fa94-04c1-424b-9868-57a2d4851a1d" relativeResultsDirectory="897b3df0-c83f-4bb1-8869-d78baa37721e" />
    <UnitTestResult executionId="0e180c12-c893-419a-a9cd-4c187914d1be" testId="3d6ed08b-49fe-e94a-d455-e94243bf5e8e" testName="Clock_NoArguments_Works" computerName="dadsmbp" duration="00:00:00.0000695" startTime="2025-08-22T08:10:53.4712780-04:00" endTime="2025-08-22T08:10:53.4713960-04:00" testType="13cdc9d9-ddb5-4fa4-a97d-d965ccfc6d4b" outcome="Passed" testListId="8c84fa94-04c1-424b-9868-57a2d4851a1d" relativeResultsDirectory="0e180c12-c893-419a-a9cd-4c187914d1be" />
    <UnitTestResult executionId="dcd0c4b7-879d-4143-a231-eedf2cc554c8" testId="fbd97d9a-f945-e484-b68c-8886ab375c29" testName="FileHandle_Write_Numbers_ConvertsToString" computerName="dadsmbp" duration="00:00:00.0012097" startTime="2025-08-22T08:10:53.4315150-04:00" endTime="2025-08-22T08:10:53.4327500-04:00" testType="13cdc9d9-ddb5-4fa4-a97d-d965ccfc6d4b" outcome="Passed" testListId="8c84fa94-04c1-424b-9868-57a2d4851a1d" relativeResultsDirectory="dcd0c4b7-879d-4143-a231-eedf2cc554c8" />
    <UnitTestResult executionId="fc878136-1f0d-47cf-a09f-4480532b2ff8" testId="de943867-21cc-aa19-e2a9-d72e5263da08" testName="Time_UnixEpoch_ReturnsZero" computerName="dadsmbp" duration="00:00:00.0001425" startTime="2025-08-22T08:10:53.4833600-04:00" endTime="2025-08-22T08:10:53.4835240-04:00" testType="13cdc9d9-ddb5-4fa4-a97d-d965ccfc6d4b" outcome="Passed" testListId="8c84fa94-04c1-424b-9868-57a2d4851a1d" relativeResultsDirectory="fc878136-1f0d-47cf-a09f-4480532b2ff8" />
    <UnitTestResult executionId="3a66198d-7466-449e-8ea3-c1556a1360d6" testId="7e9db05d-e8ab-3c5c-752f-855438d19107" testName="GetEnv_NonExistentVariable_ReturnsNil" computerName="dadsmbp" duration="00:00:00.0000377" startTime="2025-08-22T08:10:53.4768700-04:00" endTime="2025-08-22T08:10:53.4769250-04:00" testType="13cdc9d9-ddb5-4fa4-a97d-d965ccfc6d4b" outcome="Passed" testListId="8c84fa94-04c1-424b-9868-57a2d4851a1d" relativeResultsDirectory="3a66198d-7466-449e-8ea3-c1556a1360d6" />
    <UnitTestResult executionId="a3621d3a-3a6e-4539-acba-39a1b68c24e9" testId="3d90cd3d-ee12-6e09-21a9-d0a8acdd81f8" testName="CreateNumber_MinLong_ReturnsMinInteger" computerName="dadsmbp" duration="00:00:00.0000292" startTime="2025-08-22T08:10:53.5787890-04:00" endTime="2025-08-22T08:10:53.5788350-04:00" testType="13cdc9d9-ddb5-4fa4-a97d-d965ccfc6d4b" outcome="Passed" testListId="8c84fa94-04c1-424b-9868-57a2d4851a1d" relativeResultsDirectory="a3621d3a-3a6e-4539-acba-39a1b68c24e9" />
    <UnitTestResult executionId="f0a0ed26-2ee9-4766-9f7b-d491f832dfbe" testId="1e79e19d-9838-d7b5-fae7-4255c8f85c46" testName="Find_AnchoredQuantifierPattern_CombinesFeatures" computerName="dadsmbp" duration="00:00:00.0000623" startTime="2025-08-22T08:10:53.5361970-04:00" endTime="2025-08-22T08:10:53.5362830-04:00" testType="13cdc9d9-ddb5-4fa4-a97d-d965ccfc6d4b" outcome="Passed" testListId="8c84fa94-04c1-424b-9868-57a2d4851a1d" relativeResultsDirectory="f0a0ed26-2ee9-4766-9f7b-d491f832dfbe" />
    <UnitTestResult executionId="ef0cd34d-857f-41ab-820c-29972c9c739f" testId="ef8f5e59-06d1-5f76-a841-1f5dcca9062b" testName="GetInteger_MaxValue_ReturnsCorrectValue" computerName="dadsmbp" duration="00:00:00.0000336" startTime="2025-08-22T08:10:53.5771420-04:00" endTime="2025-08-22T08:10:53.5771920-04:00" testType="13cdc9d9-ddb5-4fa4-a97d-d965ccfc6d4b" outcome="Passed" testListId="8c84fa94-04c1-424b-9868-57a2d4851a1d" relativeResultsDirectory="ef0cd34d-857f-41ab-820c-29972c9c739f" />
    <UnitTestResult executionId="07bfe192-0aae-4041-b7fd-27b95868b08c" testId="f8c6d118-8285-f0e3-6fcd-ab9b306bd086" testName="Offset_ZeroOffset_ReturnsCharacterBounds" computerName="dadsmbp" duration="00:00:00.0004230" startTime="2025-08-22T08:10:53.5714660-04:00" endTime="2025-08-22T08:10:53.5719080-04:00" testType="13cdc9d9-ddb5-4fa4-a97d-d965ccfc6d4b" outcome="Passed" testListId="8c84fa94-04c1-424b-9868-57a2d4851a1d" relativeResultsDirectory="07bfe192-0aae-4041-b7fd-27b95868b08c" />
    <UnitTestResult executionId="8271d48f-cf4c-441a-acac-0a7d27900776" testId="2a5faa5a-4d2a-07ee-d54a-0bde21ce290e" testName="Remove_NonIntegerPosition_ThrowsException" computerName="dadsmbp" duration="00:00:00.0001378" startTime="2025-08-22T08:10:53.5454040-04:00" endTime="2025-08-22T08:10:53.5455780-04:00" testType="13cdc9d9-ddb5-4fa4-a97d-d965ccfc6d4b" outcome="Passed" testListId="8c84fa94-04c1-424b-9868-57a2d4851a1d" relativeResultsDirectory="8271d48f-cf4c-441a-acac-0a7d27900776" />
    <UnitTestResult executionId="3cffeef5-83b7-4aaf-a755-103fc4b29b77" testId="cfe3c6cb-f9cb-e7fb-76df-ae6bb4558124" testName="Reverse_NormalString_ReturnsReversed" computerName="dadsmbp" duration="00:00:00.0001728" startTime="2025-08-22T08:10:53.4884650-04:00" endTime="2025-08-22T08:10:53.4886620-04:00" testType="13cdc9d9-ddb5-4fa4-a97d-d965ccfc6d4b" outcome="Passed" testListId="8c84fa94-04c1-424b-9868-57a2d4851a1d" relativeResultsDirectory="3cffeef5-83b7-4aaf-a755-103fc4b29b77" />
    <UnitTestResult executionId="2d10b963-d797-4676-b3fb-73e85aeb690f" testId="74fb065f-393b-c12e-b373-f932e00d2384" testName="Match_NumberExtraction_WorksCorrectly" computerName="dadsmbp" duration="00:00:00.0002477" startTime="2025-08-22T08:10:53.5293470-04:00" endTime="2025-08-22T08:10:53.5296530-04:00" testType="13cdc9d9-ddb5-4fa4-a97d-d965ccfc6d4b" outcome="Failed" testListId="8c84fa94-04c1-424b-9868-57a2d4851a1d" relativeResultsDirectory="2d10b963-d797-4676-b3fb-73e85aeb690f">
      <Output>
        <ErrorInfo>
          <Message>Assert.AreEqual failed. Expected:&lt;1&gt;. Actual:&lt;0&gt;. </Message>
          <StackTrace>   at FLua.Runtime.LibraryTests.LuaStringLibTests.Match_NumberExtraction_WorksCorrectly() in /Users/bill/Repos/FLua/FLua.Runtime.LibraryTests/LuaStringLibTests.cs:line 1278
   at System.RuntimeMethodHandle.InvokeMethod(Object target, Void** arguments, Signature sig, Boolean isConstructor)
   at System.Reflection.MethodBaseInvoker.InvokeWithNoArgs(Object obj, BindingFlags invokeAttr)
</StackTrace>
        </ErrorInfo>
      </Output>
    </UnitTestResult>
    <UnitTestResult executionId="ab9efd97-afe9-4ecc-8fb3-13dba3526ab2" testId="5df45a42-ad77-4b51-e583-37d4d92a2e05" testName="Char_UnicodeCodePoints_ReturnsUnicodeString" computerName="dadsmbp" duration="00:00:00.0000515" startTime="2025-08-22T08:10:53.5685720-04:00" endTime="2025-08-22T08:10:53.5686430-04:00" testType="13cdc9d9-ddb5-4fa4-a97d-d965ccfc6d4b" outcome="Passed" testListId="8c84fa94-04c1-424b-9868-57a2d4851a1d" relativeResultsDirectory="ab9efd97-afe9-4ecc-8fb3-13dba3526ab2" />
    <UnitTestResult executionId="ae496543-b43d-482c-ae5f-b94bc1b496a5" testId="8c888541-83a4-9bc7-1641-1c8a20e561de" testName="TypeConversion_NumberRoundTrip_MaintainsValue" computerName="dadsmbp" duration="00:00:00.0000881" startTime="2025-08-22T08:10:53.5638370-04:00" endTime="2025-08-22T08:10:53.5639620-04:00" testType="13cdc9d9-ddb5-4fa4-a97d-d965ccfc6d4b" outcome="Passed" testListId="8c84fa94-04c1-424b-9868-57a2d4851a1d" relativeResultsDirectory="ae496543-b43d-482c-ae5f-b94bc1b496a5" />
    <UnitTestResult executionId="5dcbcb44-69d4-4bc4-ab59-c178da1b8cb8" testId="6c4e1079-634b-6cb9-67f8-5b043265ef01" testName="SetLocale_InvalidLocale_ReturnsNil" computerName="dadsmbp" duration="00:00:00.0015365" startTime="2025-08-22T08:10:53.4781990-04:00" endTime="2025-08-22T08:10:53.4797530-04:00" testType="13cdc9d9-ddb5-4fa4-a97d-d965ccfc6d4b" outcome="Passed" testListId="8c84fa94-04c1-424b-9868-57a2d4851a1d" relativeResultsDirectory="5dcbcb44-69d4-4bc4-ab59-c178da1b8cb8" />
    <UnitTestResult executionId="d2ba328b-fda2-4ae9-9162-f95d8bb7c578" testId="ba2fe975-537e-50f3-f754-c1766b4c62cf" testName="FileHandle_Read_EmptyFile_ReturnsNil" computerName="dadsmbp" duration="00:00:00.0004783" startTime="2025-08-22T08:10:53.4301730-04:00" endTime="2025-08-22T08:10:53.4306790-04:00" testType="13cdc9d9-ddb5-4fa4-a97d-d965ccfc6d4b" outcome="Passed" testListId="8c84fa94-04c1-424b-9868-57a2d4851a1d" relativeResultsDirectory="d2ba328b-fda2-4ae9-9162-f95d8bb7c578" />
    <UnitTestResult executionId="0cca1f64-86df-4e76-833c-da1c381f7cdf" testId="9bc37241-2ce9-6c7d-e3bb-69d55d043fa0" testName="Find_EscapeSequenceWithPlusQuantifier_KnownLimitation" computerName="dadsmbp" startTime="2025-08-22T08:10:53.5394880-04:00" endTime="2025-08-22T08:10:53.5396320-04:00" testType="13cdc9d9-ddb5-4fa4-a97d-d965ccfc6d4b" outcome="NotExecuted" testListId="8c84fa94-04c1-424b-9868-57a2d4851a1d" relativeResultsDirectory="0cca1f64-86df-4e76-833c-da1c381f7cdf">
      <Output>
        <ErrorInfo>
          <Message>Known implementation gap: Quantifiers with escape sequences not fully supported</Message>
        </ErrorInfo>
      </Output>
    </UnitTestResult>
    <UnitTestResult executionId="44b3aea3-61a7-4784-ba65-9481fb54fb92" testId="69caa7bd-9c65-a490-43e7-fe3d9dae9c02" testName="Find_PatternNotFound_ReturnsNil" computerName="dadsmbp" duration="00:00:00.0000747" startTime="2025-08-22T08:10:53.4939320-04:00" endTime="2025-08-22T08:10:53.4940430-04:00" testType="13cdc9d9-ddb5-4fa4-a97d-d965ccfc6d4b" outcome="Passed" testListId="8c84fa94-04c1-424b-9868-57a2d4851a1d" relativeResultsDirectory="44b3aea3-61a7-4784-ba65-9481fb54fb92" />
    <UnitTestResult executionId="40a6036b-096d-46a3-9ecc-c902146fefba" testId="3537b0ed-bab1-c2f5-78f0-ffd787f9c64e" testName="AsDouble_IntegerValue_ReturnsDoubleValue" computerName="dadsmbp" duration="00:00:00.0000245" startTime="2025-08-22T08:10:53.5915600-04:00" endTime="2025-08-22T08:10:53.5916000-04:00" testType="13cdc9d9-ddb5-4fa4-a97d-d965ccfc6d4b" outcome="Passed" testListId="8c84fa94-04c1-424b-9868-57a2d4851a1d" relativeResultsDirectory="40a6036b-096d-46a3-9ecc-c902146fefba" />
    <UnitTestResult executionId="ff831e29-0946-4774-97eb-59d83c1f4cff" testId="4e6e0a21-4db3-e860-7b53-c6aab6b891d5" testName="Pack_WithWhitespace_IgnoresSpaces" computerName="dadsmbp" duration="00:00:00.0000992" startTime="2025-08-22T08:10:53.5146410-04:00" endTime="2025-08-22T08:10:53.5147650-04:00" testType="13cdc9d9-ddb5-4fa4-a97d-d965ccfc6d4b" outcome="Passed" testListId="8c84fa94-04c1-424b-9868-57a2d4851a1d" relativeResultsDirectory="ff831e29-0946-4774-97eb-59d83c1f4cff" />
    <UnitTestResult executionId="19365254-6cfc-4291-a03f-710c28f1ec78" testId="b66be048-67b6-a9ab-2817-6a378783d48c" testName="GetVariable_NonexistentVariable_ReturnsNil" computerName="dadsmbp" duration="00:00:00.0009199" startTime="2025-08-22T08:10:53.3905120-04:00" endTime="2025-08-22T08:10:53.3915090-04:00" testType="13cdc9d9-ddb5-4fa4-a97d-d965ccfc6d4b" outcome="Passed" testListId="8c84fa94-04c1-424b-9868-57a2d4851a1d" relativeResultsDirectory="19365254-6cfc-4291-a03f-710c28f1ec78" />
    <UnitTestResult executionId="40f27804-d95e-429f-b1f5-4646c054b813" testId="99a2c369-4455-5d5f-a682-cac8c5476c10" testName="DiffTime_MaxValues_HandlesLargeNumbers" computerName="dadsmbp" duration="00:00:00.0000589" startTime="2025-08-22T08:10:53.4837140-04:00" endTime="2025-08-22T08:10:53.4837900-04:00" testType="13cdc9d9-ddb5-4fa4-a97d-d965ccfc6d4b" outcome="Passed" testListId="8c84fa94-04c1-424b-9868-57a2d4851a1d" relativeResultsDirectory="40f27804-d95e-429f-b1f5-4646c054b813" />
    <UnitTestResult executionId="99474903-31e1-434a-97a9-926a92cbaab2" testId="d7c8f7b5-c3b8-357d-b44b-90988bbf4f71" testName="GSub_SimpleReplacement_WorksCorrectly" computerName="dadsmbp" duration="00:00:00.0011654" startTime="2025-08-22T08:10:53.5312140-04:00" endTime="2025-08-22T08:10:53.5324090-04:00" testType="13cdc9d9-ddb5-4fa4-a97d-d965ccfc6d4b" outcome="Passed" testListId="8c84fa94-04c1-424b-9868-57a2d4851a1d" relativeResultsDirectory="99474903-31e1-434a-97a9-926a92cbaab2" />
    <UnitTestResult executionId="f6bdf2f0-6f5e-46b9-b2f5-5723c567598b" testId="3a9ab7c4-305b-e025-0b7a-1a16c88ced2d" testName="CreateStandardEnvironment_HasMetatableFunctions" computerName="dadsmbp" duration="00:00:00.0000643" startTime="2025-08-22T08:10:53.4138200-04:00" endTime="2025-08-22T08:10:53.4139030-04:00" testType="13cdc9d9-ddb5-4fa4-a97d-d965ccfc6d4b" outcome="Passed" testListId="8c84fa94-04c1-424b-9868-57a2d4851a1d" relativeResultsDirectory="f6bdf2f0-6f5e-46b9-b2f5-5723c567598b" />
    <UnitTestResult executionId="e8e04292-1b94-46b0-acd8-d2da194a4a05" testId="8f7ff48a-4c1e-4d61-fde9-42fc25934238" testName="Pack_NoArguments_ReturnsEmptyTableWithCount" computerName="dadsmbp" duration="00:00:00.0001423" startTime="2025-08-22T08:10:53.5501160-04:00" endTime="2025-08-22T08:10:53.5502750-04:00" testType="13cdc9d9-ddb5-4fa4-a97d-d965ccfc6d4b" outcome="Passed" testListId="8c84fa94-04c1-424b-9868-57a2d4851a1d" relativeResultsDirectory="e8e04292-1b94-46b0-acd8-d2da194a4a05" />
    <UnitTestResult executionId="301fb660-371a-4233-bd2e-3b3855cec25e" testId="29e6f38a-3853-fdc3-b694-8eae6c353cec" testName="Find_MixedEscapeSequences_TestsEscapeHandling" computerName="dadsmbp" duration="00:00:00.0001637" startTime="2025-08-22T08:10:53.5380880-04:00" endTime="2025-08-22T08:10:53.5382750-04:00" testType="13cdc9d9-ddb5-4fa4-a97d-d965ccfc6d4b" outcome="Failed" testListId="8c84fa94-04c1-424b-9868-57a2d4851a1d" relativeResultsDirectory="301fb660-371a-4233-bd2e-3b3855cec25e">
      <Output>
        <ErrorInfo>
          <Message>Assert.AreEqual failed. Expected:&lt;2&gt;. Actual:&lt;1&gt;. </Message>
          <StackTrace>   at FLua.Runtime.LibraryTests.LuaStringLibTests.Find_MixedEscapeSequences_TestsEscapeHandling() in /Users/bill/Repos/FLua/FLua.Runtime.LibraryTests/LuaStringLibTests.cs:line 1739
   at System.RuntimeMethodHandle.InvokeMethod(Object target, Void** arguments, Signature sig, Boolean isConstructor)
   at System.Reflection.MethodBaseInvoker.InvokeWithNoArgs(Object obj, BindingFlags invokeAttr)
</StackTrace>
        </ErrorInfo>
      </Output>
    </UnitTestResult>
    <UnitTestResult executionId="f84848d5-5226-44bd-8f33-21802190226c" testId="21990a7c-5cca-9f6a-aea0-ace86ae84ccb" testName="Find_PatternLongerThanString_ReturnsNil" computerName="dadsmbp" duration="00:00:00.0000476" startTime="2025-08-22T08:10:53.5358450-04:00" endTime="2025-08-22T08:10:53.5359140-04:00" testType="13cdc9d9-ddb5-4fa4-a97d-d965ccfc6d4b" outcome="Passed" testListId="8c84fa94-04c1-424b-9868-57a2d4851a1d" relativeResultsDirectory="f84848d5-5226-44bd-8f33-21802190226c" />
    <UnitTestResult executionId="9c0d8e36-0fee-4e24-a08f-901efa044fb9" testId="4ff82df3-2a8b-d871-a8b5-23e407fbce15" testName="FileHandle_Flush_SuccessfulFlush" computerName="dadsmbp" duration="00:00:00.0003934" startTime="2025-08-22T08:10:53.4348040-04:00" endTime="2025-08-22T08:10:53.4352230-04:00" testType="13cdc9d9-ddb5-4fa4-a97d-d965ccfc6d4b" outcome="Passed" testListId="8c84fa94-04c1-424b-9868-57a2d4851a1d" relativeResultsDirectory="9c0d8e36-0fee-4e24-a08f-901efa044fb9" />
    <UnitTestResult executionId="be0264c5-e6b0-490a-9811-b2232a17e6d7" testId="ce110ec4-6807-151f-0f3f-e817293b8781" testName="DiffTime_NegativeDifference_ReturnsNegativeValue" computerName="dadsmbp" duration="00:00:00.0000545" startTime="2025-08-22T08:10:53.4760630-04:00" endTime="2025-08-22T08:10:53.4761370-04:00" testType="13cdc9d9-ddb5-4fa4-a97d-d965ccfc6d4b" outcome="Passed" testListId="8c84fa94-04c1-424b-9868-57a2d4851a1d" relativeResultsDirectory="be0264c5-e6b0-490a-9811-b2232a17e6d7" />
    <UnitTestResult executionId="4b21e6ec-7a0c-4f8c-a381-6b6070b00f8e" testId="4e0d0548-af81-0df3-d0fa-d376255a5b9d" testName="ToString_BooleanValue_ThrowsException" computerName="dadsmbp" duration="00:00:00.0000227" startTime="2025-08-22T08:10:53.5580950-04:00" endTime="2025-08-22T08:10:53.5581440-04:00" testType="13cdc9d9-ddb5-4fa4-a97d-d965ccfc6d4b" outcome="Failed" testListId="8c84fa94-04c1-424b-9868-57a2d4851a1d" relativeResultsDirectory="4b21e6ec-7a0c-4f8c-a381-6b6070b00f8e">
      <Output>
        <ErrorInfo>
          <Message>Test method did not throw expected exception System.InvalidOperationException. </Message>
        </ErrorInfo>
      </Output>
    </UnitTestResult>
    <UnitTestResult executionId="88ad934d-3df9-4657-a392-ec611e22b52b" testId="a50baded-3ebb-ce8a-a889-ba502cbb0aaf" testName="ImplicitConversion_BoolToLuaValue_WorksCorrectly" computerName="dadsmbp" duration="00:00:00.0000415" startTime="2025-08-22T08:10:53.5905000-04:00" endTime="2025-08-22T08:10:53.5905580-04:00" testType="13cdc9d9-ddb5-4fa4-a97d-d965ccfc6d4b" outcome="Passed" testListId="8c84fa94-04c1-424b-9868-57a2d4851a1d" relativeResultsDirectory="88ad934d-3df9-4657-a392-ec611e22b52b" />
    <UnitTestResult executionId="66cbe403-8d40-4dc1-8d7b-b8675de802a9" testId="2933f253-5c44-bde7-7981-7cb778f4736c" testName="Dispose_ReleasesResources" computerName="dadsmbp" duration="00:00:00.0000351" startTime="2025-08-22T08:10:53.4194390-04:00" endTime="2025-08-22T08:10:53.4194960-04:00" testType="13cdc9d9-ddb5-4fa4-a97d-d965ccfc6d4b" outcome="Passed" testListId="8c84fa94-04c1-424b-9868-57a2d4851a1d" relativeResultsDirectory="66cbe403-8d40-4dc1-8d7b-b8675de802a9" />
    <UnitTestResult executionId="12cb34df-3880-4e5b-932b-57a0d74b6e43" testId="f0713fbf-9795-fb87-dc72-78a566934f4f" testName="Date_DefaultFormat_ReturnsFormattedString" computerName="dadsmbp" duration="00:00:00.0013561" startTime="2025-08-22T08:10:53.4733690-04:00" endTime="2025-08-22T08:10:53.4747440-04:00" testType="13cdc9d9-ddb5-4fa4-a97d-d965ccfc6d4b" outcome="Passed" testListId="8c84fa94-04c1-424b-9868-57a2d4851a1d" relativeResultsDirectory="12cb34df-3880-4e5b-932b-57a0d74b6e43" />
    <UnitTestResult executionId="ce4305ce-f7f9-4794-9b45-1ed0e46f8340" testId="5b70969d-3127-18e8-4abf-82acfd64a1f1" testName="Time_InvalidDateTable_ThrowsException" computerName="dadsmbp" duration="00:00:00.0002622" startTime="2025-08-22T08:10:53.4729230-04:00" endTime="2025-08-22T08:10:53.4732260-04:00" testType="13cdc9d9-ddb5-4fa4-a97d-d965ccfc6d4b" outcome="Passed" testListId="8c84fa94-04c1-424b-9868-57a2d4851a1d" relativeResultsDirectory="ce4305ce-f7f9-4794-9b45-1ed0e46f8340" />
    <UnitTestResult executionId="124e21dd-50b1-46c8-918a-1dc290085f57" testId="e276c011-d85d-887b-a451-4b05ec23be57" testName="Unpack_NonIntegerEndIndex_ThrowsException" computerName="dadsmbp" duration="00:00:00.0001211" startTime="2025-08-22T08:10:53.5519890-04:00" endTime="2025-08-22T08:10:53.5521340-04:00" testType="13cdc9d9-ddb5-4fa4-a97d-d965ccfc6d4b" outcome="Passed" testListId="8c84fa94-04c1-424b-9868-57a2d4851a1d" relativeResultsDirectory="124e21dd-50b1-46c8-918a-1dc290085f57" />
    <UnitTestResult executionId="6aef1333-aa3a-41cc-8965-6643569fd599" testId="1cb9d42a-446e-6702-65e7-c0f68d134285" testName="StringToNumber_EmptyString_ReturnsNull" computerName="dadsmbp" duration="00:00:00.0000257" startTime="2025-08-22T08:10:53.5634430-04:00" endTime="2025-08-22T08:10:53.5634890-04:00" testType="13cdc9d9-ddb5-4fa4-a97d-d965ccfc6d4b" outcome="Passed" testListId="8c84fa94-04c1-424b-9868-57a2d4851a1d" relativeResultsDirectory="6aef1333-aa3a-41cc-8965-6643569fd599" />
    <UnitTestResult executionId="222055a1-847d-491b-8877-45b89613fa57" testId="848fbea3-efed-1259-ade9-233ff86cddbc" testName="Modulo_IntegerInteger_ReturnsCorrectRemainder" computerName="dadsmbp" duration="00:00:00.0001177" startTime="2025-08-22T08:10:53.5859470-04:00" endTime="2025-08-22T08:10:53.5860890-04:00" testType="13cdc9d9-ddb5-4fa4-a97d-d965ccfc6d4b" outcome="Passed" testListId="8c84fa94-04c1-424b-9868-57a2d4851a1d" relativeResultsDirectory="222055a1-847d-491b-8877-45b89613fa57" />
    <UnitTestResult executionId="2181ba09-9dae-4173-9850-4479c0343fab" testId="161cb7a5-dc79-fdb3-9773-7bfe9f340b13" testName="FileHandle_Read_NumericCount" computerName="dadsmbp" duration="00:00:00.0004791" startTime="2025-08-22T08:10:53.4282940-04:00" endTime="2025-08-22T08:10:53.4288060-04:00" testType="13cdc9d9-ddb5-4fa4-a97d-d965ccfc6d4b" outcome="Passed" testListId="8c84fa94-04c1-424b-9868-57a2d4851a1d" relativeResultsDirectory="2181ba09-9dae-4173-9850-4479c0343fab" />
    <UnitTestResult executionId="10ac4f78-08b4-427f-8c33-1755cac6a6db" testId="8de4d946-6548-473b-bb2c-33990e21615c" testName="Lines_WithFilename_ReturnsIterator" computerName="dadsmbp" duration="00:00:00.0005989" startTime="2025-08-22T08:10:53.4369100-04:00" endTime="2025-08-22T08:10:53.4375310-04:00" testType="13cdc9d9-ddb5-4fa4-a97d-d965ccfc6d4b" outcome="Passed" testListId="8c84fa94-04c1-424b-9868-57a2d4851a1d" relativeResultsDirectory="10ac4f78-08b4-427f-8c33-1755cac6a6db" />
    <UnitTestResult executionId="92104310-9353-4d12-82b2-5a3c18169e60" testId="6f55bfdb-27a2-7e64-9be2-ed7620d4103c" testName="Random_ZeroArgument_ThrowsException" computerName="dadsmbp" duration="00:00:00.0001047" startTime="2025-08-22T08:10:53.4555340-04:00" endTime="2025-08-22T08:10:53.4556690-04:00" testType="13cdc9d9-ddb5-4fa4-a97d-d965ccfc6d4b" outcome="Passed" testListId="8c84fa94-04c1-424b-9868-57a2d4851a1d" relativeResultsDirectory="92104310-9353-4d12-82b2-5a3c18169e60" />
    <UnitTestResult executionId="040d0678-b859-402d-817d-119159a894b8" testId="216ea651-5930-4d04-4c8e-010ba90c82f5" testName="TryGetInteger_IntegerValue_ReturnsTrue" computerName="dadsmbp" duration="00:00:00.0000319" startTime="2025-08-22T08:10:53.5881680-04:00" endTime="2025-08-22T08:10:53.5882170-04:00" testType="13cdc9d9-ddb5-4fa4-a97d-d965ccfc6d4b" outcome="Passed" testListId="8c84fa94-04c1-424b-9868-57a2d4851a1d" relativeResultsDirectory="040d0678-b859-402d-817d-119159a894b8" />
    <UnitTestResult executionId="8e56d8ba-3117-49b3-9574-bec460f37059" testId="55029406-4511-58c6-dc46-df35de46509a" testName="IsNumber_NonNumericTypes_ReturnsFalse" computerName="dadsmbp" duration="00:00:00.0000537" startTime="2025-08-22T08:10:53.5838370-04:00" endTime="2025-08-22T08:10:53.5839070-04:00" testType="13cdc9d9-ddb5-4fa4-a97d-d965ccfc6d4b" outcome="Passed" testListId="8c84fa94-04c1-424b-9868-57a2d4851a1d" relativeResultsDirectory="8e56d8ba-3117-49b3-9574-bec460f37059" />
    <UnitTestResult executionId="60cdf81e-5582-49b0-9f39-c4c86bb3db25" testId="6c91472b-2bee-42f0-be91-5560cb8ef8bd" testName="Concat_SingleElement_ReturnsElement" computerName="dadsmbp" duration="00:00:00.0000448" startTime="2025-08-22T08:10:53.5475650-04:00" endTime="2025-08-22T08:10:53.5476260-04:00" testType="13cdc9d9-ddb5-4fa4-a97d-d965ccfc6d4b" outcome="Passed" testListId="8c84fa94-04c1-424b-9868-57a2d4851a1d" relativeResultsDirectory="60cdf81e-5582-49b0-9f39-c4c86bb3db25" />
    <UnitTestResult executionId="5486d694-b873-4526-bffc-3b6e9d8cd7d2" testId="5d3702d9-9a65-852b-004d-27341427f4f6" testName="Match_NegatedCharacterClass_MatchesExceptSet" computerName="dadsmbp" duration="00:00:00.0000555" startTime="2025-08-22T08:10:53.5175760-04:00" endTime="2025-08-22T08:10:53.5176550-04:00" testType="13cdc9d9-ddb5-4fa4-a97d-d965ccfc6d4b" outcome="Passed" testListId="8c84fa94-04c1-424b-9868-57a2d4851a1d" relativeResultsDirectory="5486d694-b873-4526-bffc-3b6e9d8cd7d2" />
    <UnitTestResult executionId="86afffb4-31b5-4caa-ac4a-76280a1a05ca" testId="255ed03d-88d1-ac23-e858-9c4051807dc7" testName="ToString_FloatValue_ReturnsStringRepresentation" computerName="dadsmbp" duration="00:00:00.0000387" startTime="2025-08-22T08:10:53.5580320-04:00" endTime="2025-08-22T08:10:53.5580880-04:00" testType="13cdc9d9-ddb5-4fa4-a97d-d965ccfc6d4b" outcome="Passed" testListId="8c84fa94-04c1-424b-9868-57a2d4851a1d" relativeResultsDirectory="86afffb4-31b5-4caa-ac4a-76280a1a05ca" />
    <UnitTestResult executionId="7ce28975-5842-4093-a446-f67daf797361" testId="2e518224-3b0a-3d1b-9a76-50a35594c7ae" testName="Len_NoArguments_ThrowsException" computerName="dadsmbp" duration="00:00:00.0001333" startTime="2025-08-22T08:10:53.4854560-04:00" endTime="2025-08-22T08:10:53.4856320-04:00" testType="13cdc9d9-ddb5-4fa4-a97d-d965ccfc6d4b" outcome="Passed" testListId="8c84fa94-04c1-424b-9868-57a2d4851a1d" relativeResultsDirectory="7ce28975-5842-4093-a446-f67daf797361" />
    <UnitTestResult executionId="485543c0-0a41-4e8a-868e-926dbb8d4041" testId="e871c26a-04c9-313c-3a59-e1e9aa500c93" testName="Unpack_MultipleValues_ReturnsAllWithPosition" computerName="dadsmbp" duration="00:00:00.0001265" startTime="2025-08-22T08:10:53.5155440-04:00" endTime="2025-08-22T08:10:53.5157010-04:00" testType="13cdc9d9-ddb5-4fa4-a97d-d965ccfc6d4b" outcome="Passed" testListId="8c84fa94-04c1-424b-9868-57a2d4851a1d" relativeResultsDirectory="485543c0-0a41-4e8a-868e-926dbb8d4041" />
    <UnitTestResult executionId="aebdc08e-7c4c-4ccf-826a-b4371a4afa3c" testId="aa3dcf33-9e0f-5175-b5ba-e865902bf797" testName="Pack_InsufficientArguments_ThrowsException" computerName="dadsmbp" duration="00:00:00.0001065" startTime="2025-08-22T08:10:53.5160250-04:00" endTime="2025-08-22T08:10:53.5161610-04:00" testType="13cdc9d9-ddb5-4fa4-a97d-d965ccfc6d4b" outcome="Passed" testListId="8c84fa94-04c1-424b-9868-57a2d4851a1d" relativeResultsDirectory="aebdc08e-7c4c-4ccf-826a-b4371a4afa3c" />
    <UnitTestResult executionId="0ac9637d-9f3e-4ad8-87ee-c3000edcb8bd" testId="403d19c4-6761-052b-94ca-f86fc8efc73a" testName="GMatch_SimplePattern_ReturnsIterator" computerName="dadsmbp" duration="00:00:00.0003649" startTime="2025-08-22T08:10:53.5328550-04:00" endTime="2025-08-22T08:10:53.5332460-04:00" testType="13cdc9d9-ddb5-4fa4-a97d-d965ccfc6d4b" outcome="Passed" testListId="8c84fa94-04c1-424b-9868-57a2d4851a1d" relativeResultsDirectory="0ac9637d-9f3e-4ad8-87ee-c3000edcb8bd" />
    <UnitTestResult executionId="18c868bd-6694-44b0-8599-eb9b9bcf4b49" testId="6e0480a2-e23c-3dae-1b00-9a923cff2450" testName="Codes_EmojiString_HandlesEmoji" computerName="dadsmbp" duration="00:00:00.0000970" startTime="2025-08-22T08:10:53.5740360-04:00" endTime="2025-08-22T08:10:53.5741540-04:00" testType="13cdc9d9-ddb5-4fa4-a97d-d965ccfc6d4b" outcome="Passed" testListId="8c84fa94-04c1-424b-9868-57a2d4851a1d" relativeResultsDirectory="18c868bd-6694-44b0-8599-eb9b9bcf4b49" />
    <UnitTestResult executionId="5c6812eb-ddd0-495c-9828-6779b26e18cb" testId="287ebacf-0654-b61a-0371-9b27449df053" testName="Ceil_PositiveFloat_ReturnsCeil" computerName="dadsmbp" duration="00:00:00.0001355" startTime="2025-08-22T08:10:53.4506890-04:00" endTime="2025-08-22T08:10:53.4508430-04:00" testType="13cdc9d9-ddb5-4fa4-a97d-d965ccfc6d4b" outcome="Passed" testListId="8c84fa94-04c1-424b-9868-57a2d4851a1d" relativeResultsDirectory="5c6812eb-ddd0-495c-9828-6779b26e18cb" />
    <UnitTestResult executionId="da0c1ecc-1841-4fe1-854d-cfc42ea3dc3c" testId="616faad7-b5d9-993a-603a-ab6159c74652" testName="Find_TrailingEscape_TreatsLiteralPercent" computerName="dadsmbp" duration="00:00:00.0001648" startTime="2025-08-22T08:10:53.5371350-04:00" endTime="2025-08-22T08:10:53.5373230-04:00" testType="13cdc9d9-ddb5-4fa4-a97d-d965ccfc6d4b" outcome="Failed" testListId="8c84fa94-04c1-424b-9868-57a2d4851a1d" relativeResultsDirectory="da0c1ecc-1841-4fe1-854d-cfc42ea3dc3c">
      <Output>
        <ErrorInfo>
          <Message>Assert.AreEqual failed. Expected:&lt;6&gt;. Actual:&lt;1&gt;. </Message>
          <StackTrace>   at FLua.Runtime.LibraryTests.LuaStringLibTests.Find_TrailingEscape_TreatsLiteralPercent() in /Users/bill/Repos/FLua/FLua.Runtime.LibraryTests/LuaStringLibTests.cs:line 1686
   at System.RuntimeMethodHandle.InvokeMethod(Object target, Void** arguments, Signature sig, Boolean isConstructor)
   at System.Reflection.MethodBaseInvoker.InvokeWithNoArgs(Object obj, BindingFlags invokeAttr)
</StackTrace>
        </ErrorInfo>
      </Output>
    </UnitTestResult>
    <UnitTestResult executionId="4fc1beb1-907b-4f0e-a800-65a96b8aaf36" testId="6cc07460-5fb6-c713-1995-9f7347e597ba" testName="TryToInteger_FloatWithFractionalPart_ReturnsFalse" computerName="dadsmbp" duration="00:00:00.0000295" startTime="2025-08-22T08:10:53.5895430-04:00" endTime="2025-08-22T08:10:53.5895890-04:00" testType="13cdc9d9-ddb5-4fa4-a97d-d965ccfc6d4b" outcome="Passed" testListId="8c84fa94-04c1-424b-9868-57a2d4851a1d" relativeResultsDirectory="4fc1beb1-907b-4f0e-a800-65a96b8aaf36" />
    <UnitTestResult executionId="afbe68d7-478e-4a95-a124-fbc0f6bb350a" testId="4ed965d2-3dad-6d46-8308-17a2939d2380" testName="GetInteger_Zero_ReturnsZero" computerName="dadsmbp" duration="00:00:00.0000365" startTime="2025-08-22T08:10:53.5776130-04:00" endTime="2025-08-22T08:10:53.5776710-04:00" testType="13cdc9d9-ddb5-4fa4-a97d-d965ccfc6d4b" outcome="Passed" testListId="8c84fa94-04c1-424b-9868-57a2d4851a1d" relativeResultsDirectory="afbe68d7-478e-4a95-a124-fbc0f6bb350a" />
    <UnitTestResult executionId="6c469bfd-10af-4bd2-9765-cf9ade786e19" testId="5f2deeb6-72a0-03d5-4777-41bc6c7a5176" testName="Pack_UnsignedByte_WorksCorrectly" computerName="dadsmbp" duration="00:00:00.0015272" startTime="2025-08-22T08:10:53.5055420-04:00" endTime="2025-08-22T08:10:53.5070950-04:00" testType="13cdc9d9-ddb5-4fa4-a97d-d965ccfc6d4b" outcome="Passed" testListId="8c84fa94-04c1-424b-9868-57a2d4851a1d" relativeResultsDirectory="6c469bfd-10af-4bd2-9765-cf9ade786e19" />
    <UnitTestResult executionId="ef133716-363e-4bf9-bfda-c19a60f4528a" testId="7d57d405-1d8f-d3c4-d49c-d9bc6cffff8b" testName="Insert_NegativePosition_ThrowsException" computerName="dadsmbp" duration="00:00:00.0001271" startTime="2025-08-22T08:10:53.5427500-04:00" endTime="2025-08-22T08:10:53.5429020-04:00" testType="13cdc9d9-ddb5-4fa4-a97d-d965ccfc6d4b" outcome="Passed" testListId="8c84fa94-04c1-424b-9868-57a2d4851a1d" relativeResultsDirectory="ef133716-363e-4bf9-bfda-c19a60f4528a" />
    <UnitTestResult executionId="e69e2de6-50ee-468e-9c70-f6c85747a267" testId="96fc1885-37d5-b583-5c9d-58cc2bb7e2b6" testName="Exp_Zero_ReturnsOne" computerName="dadsmbp" duration="00:00:00.0000937" startTime="2025-08-22T08:10:53.4533870-04:00" endTime="2025-08-22T08:10:53.4534970-04:00" testType="13cdc9d9-ddb5-4fa4-a97d-d965ccfc6d4b" outcome="Passed" testListId="8c84fa94-04c1-424b-9868-57a2d4851a1d" relativeResultsDirectory="e69e2de6-50ee-468e-9c70-f6c85747a267" />
    <UnitTestResult executionId="f9157c5c-b390-45cc-98d9-39d24ce78411" testId="39a175cb-8470-7478-0559-74546990a78a" testName="SetLocale_POSIXLocale_ReturnsC" computerName="dadsmbp" duration="00:00:00.0000562" startTime="2025-08-22T08:10:53.4781190-04:00" endTime="2025-08-22T08:10:53.4781930-04:00" testType="13cdc9d9-ddb5-4fa4-a97d-d965ccfc6d4b" outcome="Passed" testListId="8c84fa94-04c1-424b-9868-57a2d4851a1d" relativeResultsDirectory="f9157c5c-b390-45cc-98d9-39d24ce78411" />
    <UnitTestResult executionId="8936d9e5-aaf8-40b4-a3d6-9e8d28118a8f" testId="61423e44-b30b-4fb9-613b-a441276074cb" testName="Equals_DifferentTypes_ReturnsFalse" computerName="dadsmbp" duration="00:00:00.0001949" startTime="2025-08-22T08:10:53.5870410-04:00" endTime="2025-08-22T08:10:53.5872540-04:00" testType="13cdc9d9-ddb5-4fa4-a97d-d965ccfc6d4b" outcome="Failed" testListId="8c84fa94-04c1-424b-9868-57a2d4851a1d" relativeResultsDirectory="8936d9e5-aaf8-40b4-a3d6-9e8d28118a8f">
      <Output>
        <ErrorInfo>
          <Message>Assert.IsFalse failed. </Message>
          <StackTrace>   at FLua.Runtime.LibraryTests.LuaValueTests.Equals_DifferentTypes_ReturnsFalse() in /Users/bill/Repos/FLua/FLua.Runtime.LibraryTests/LuaValueTests.cs:line 555
   at System.RuntimeMethodHandle.InvokeMethod(Object target, Void** arguments, Signature sig, Boolean isConstructor)
   at System.Reflection.MethodBaseInvoker.InvokeWithNoArgs(Object obj, BindingFlags invokeAttr)
</StackTrace>
        </ErrorInfo>
      </Output>
    </UnitTestResult>
    <UnitTestResult executionId="3c102caa-8b3f-4162-a8b4-ce43a6799b66" testId="1bfd024f-c9e2-76e3-155b-3c6ea8db6b6b" testName="Boolean_False_ReturnsCorrectValue" computerName="dadsmbp" duration="00:00:00.0000302" startTime="2025-08-22T08:10:53.5813860-04:00" endTime="2025-08-22T08:10:53.5814330-04:00" testType="13cdc9d9-ddb5-4fa4-a97d-d965ccfc6d4b" outcome="Passed" testListId="8c84fa94-04c1-424b-9868-57a2d4851a1d" relativeResultsDirectory="3c102caa-8b3f-4162-a8b4-ce43a6799b66" />
    <UnitTestResult executionId="b91732da-7a99-4a7c-bed0-77ffd7b0a3d3" testId="5b8c6bfa-12fd-de38-151d-c13a681780e1" testName="ToInteger_NonExactFloat_ReturnsNil" computerName="dadsmbp" duration="00:00:00.0000460" startTime="2025-08-22T08:10:53.4564140-04:00" endTime="2025-08-22T08:10:53.4564770-04:00" testType="13cdc9d9-ddb5-4fa4-a97d-d965ccfc6d4b" outcome="Passed" testListId="8c84fa94-04c1-424b-9868-57a2d4851a1d" relativeResultsDirectory="b91732da-7a99-4a7c-bed0-77ffd7b0a3d3" />
    <UnitTestResult executionId="4f5bc8ed-7c14-4fbc-a5f0-865b06e5529f" testId="6747fa71-994b-a5ca-90f4-678c091caece" testName="StringToNumber_ValidIntegerString_ReturnsIntegerValue" computerName="dadsmbp" duration="00:00:00.0002123" startTime="2025-08-22T08:10:53.5599350-04:00" endTime="2025-08-22T08:10:53.5601690-04:00" testType="13cdc9d9-ddb5-4fa4-a97d-d965ccfc6d4b" outcome="Passed" testListId="8c84fa94-04c1-424b-9868-57a2d4851a1d" relativeResultsDirectory="4f5bc8ed-7c14-4fbc-a5f0-865b06e5529f" />
    <UnitTestResult executionId="f106e02b-65a8-4b8f-987a-bf58b7354c5c" testId="003443bf-783a-2caf-ab98-33ae82136736" testName="GetNumber_NonNumericValue_ThrowsException" computerName="dadsmbp" duration="00:00:00.0000324" startTime="2025-08-22T08:10:53.5769070-04:00" endTime="2025-08-22T08:10:53.5769720-04:00" testType="13cdc9d9-ddb5-4fa4-a97d-d965ccfc6d4b" outcome="Failed" testListId="8c84fa94-04c1-424b-9868-57a2d4851a1d" relativeResultsDirectory="f106e02b-65a8-4b8f-987a-bf58b7354c5c">
      <Output>
        <ErrorInfo>
          <Message>Test method did not throw expected exception System.InvalidOperationException. </Message>
        </ErrorInfo>
      </Output>
    </UnitTestResult>
    <UnitTestResult executionId="8fb03aca-d6cb-4ae9-8dd9-11ca6c1b8911" testId="282bfad2-7437-cfcb-0f6d-9824d48799ce" testName="GetEnv_NonStringArgument_ConvertsToString" computerName="dadsmbp" duration="00:00:00.0000402" startTime="2025-08-22T08:10:53.4775430-04:00" endTime="2025-08-22T08:10:53.4776020-04:00" testType="13cdc9d9-ddb5-4fa4-a97d-d965ccfc6d4b" outcome="Passed" testListId="8c84fa94-04c1-424b-9868-57a2d4851a1d" relativeResultsDirectory="8fb03aca-d6cb-4ae9-8dd9-11ca6c1b8911" />
    <UnitTestResult executionId="04817ca3-39ff-4839-b549-37a27892590f" testId="b5a4087e-1bf3-a92c-626f-a642ce8f4fa4" testName="Constructor_CreatesEmptyEnvironment" computerName="dadsmbp" duration="00:00:00.0015604" startTime="2025-08-22T08:10:53.3815710-04:00" endTime="2025-08-22T08:10:53.3885260-04:00" testType="13cdc9d9-ddb5-4fa4-a97d-d965ccfc6d4b" outcome="Passed" testListId="8c84fa94-04c1-424b-9868-57a2d4851a1d" relativeResultsDirectory="04817ca3-39ff-4839-b549-37a27892590f" />
    <UnitTestResult executionId="4a17653b-470a-40a0-8b64-28bda7cd18bc" testId="5c483893-fa82-d878-b041-f216dab50b58" testName="DiffTime_MinValues_HandlesNegativeNumbers" computerName="dadsmbp" duration="00:00:00.0000530" startTime="2025-08-22T08:10:53.4837970-04:00" endTime="2025-08-22T08:10:53.4838690-04:00" testType="13cdc9d9-ddb5-4fa4-a97d-d965ccfc6d4b" outcome="Passed" testListId="8c84fa94-04c1-424b-9868-57a2d4851a1d" relativeResultsDirectory="4a17653b-470a-40a0-8b64-28bda7cd18bc" />
    <UnitTestResult executionId="c98b4171-5134-4f1c-a9ae-5134a0b450d0" testId="480742e5-a335-b984-3ef3-99064a4254c4" testName="Reverse_EmptyString_ReturnsEmpty" computerName="dadsmbp" duration="00:00:00.0000580" startTime="2025-08-22T08:10:53.4887450-04:00" endTime="2025-08-22T08:10:53.4888260-04:00" testType="13cdc9d9-ddb5-4fa4-a97d-d965ccfc6d4b" outcome="Passed" testListId="8c84fa94-04c1-424b-9868-57a2d4851a1d" relativeResultsDirectory="c98b4171-5134-4f1c-a9ae-5134a0b450d0" />
    <UnitTestResult executionId="40f380fd-c484-42dc-9a40-e2e071b6aee5" testId="6c30615a-35f0-23d2-2af1-7f5ba4d86cd0" testName="DiffTime_MissingSecondArgument_ThrowsException" computerName="dadsmbp" duration="00:00:00.0001072" startTime="2025-08-22T08:10:53.4762930-04:00" endTime="2025-08-22T08:10:53.4764270-04:00" testType="13cdc9d9-ddb5-4fa4-a97d-d965ccfc6d4b" outcome="Passed" testListId="8c84fa94-04c1-424b-9868-57a2d4851a1d" relativeResultsDirectory="40f380fd-c484-42dc-9a40-e2e071b6aee5" />
    <UnitTestResult executionId="6063cad9-1883-43a9-804c-0516e3f572bd" testId="d36c23d8-cd5d-0faf-c7e3-44ef6aa608bf" testName="Floor_ExactFloat_ReturnsInteger" computerName="dadsmbp" duration="00:00:00.0000451" startTime="2025-08-22T08:10:53.4503400-04:00" endTime="2025-08-22T08:10:53.4504050-04:00" testType="13cdc9d9-ddb5-4fa4-a97d-d965ccfc6d4b" outcome="Passed" testListId="8c84fa94-04c1-424b-9868-57a2d4851a1d" relativeResultsDirectory="6063cad9-1883-43a9-804c-0516e3f572bd" />
    <UnitTestResult executionId="3f27d7a6-32e8-4de1-b371-c6dcd11182c7" testId="e01c2c3b-1921-8eb0-c672-b4392577f2dc" testName="FMod_NonNumericFirstArgument_ThrowsException" computerName="dadsmbp" duration="00:00:00.0001028" startTime="2025-08-22T08:10:53.4519040-04:00" endTime="2025-08-22T08:10:53.4520300-04:00" testType="13cdc9d9-ddb5-4fa4-a97d-d965ccfc6d4b" outcome="Passed" testListId="8c84fa94-04c1-424b-9868-57a2d4851a1d" relativeResultsDirectory="3f27d7a6-32e8-4de1-b371-c6dcd11182c7" />
    <UnitTestResult executionId="0a4acd3a-7e4d-4486-87c8-b830bd7e0464" testId="eb91c2e7-0cf8-390b-5e2b-dd836f3bbd8a" testName="CodePoint_MixedString_ReturnsAllCodePoints" computerName="dadsmbp" duration="00:00:00.0000636" startTime="2025-08-22T08:10:53.5758400-04:00" endTime="2025-08-22T08:10:53.5759200-04:00" testType="13cdc9d9-ddb5-4fa4-a97d-d965ccfc6d4b" outcome="Passed" testListId="8c84fa94-04c1-424b-9868-57a2d4851a1d" relativeResultsDirectory="0a4acd3a-7e4d-4486-87c8-b830bd7e0464" />
    <UnitTestResult executionId="0441e772-0ec9-413d-9103-baea94c5e1d3" testId="5f0ddcb8-e30e-8f66-7d14-631b65aaad0f" testName="Integer_Zero_ReturnsCorrectValue" computerName="dadsmbp" duration="00:00:00.0000587" startTime="2025-08-22T08:10:53.5815530-04:00" endTime="2025-08-22T08:10:53.5816400-04:00" testType="13cdc9d9-ddb5-4fa4-a97d-d965ccfc6d4b" outcome="Passed" testListId="8c84fa94-04c1-424b-9868-57a2d4851a1d" relativeResultsDirectory="0441e772-0ec9-413d-9103-baea94c5e1d3" />
    <UnitTestResult executionId="b867265d-a045-4e41-9f6f-f35f72e59582" testId="7d08eb8a-1fa0-8b3e-ba01-15f4d3ef598b" testName="StringToNumber_StringWithWhitespace_ReturnsCorrectValue" computerName="dadsmbp" duration="00:00:00.0000461" startTime="2025-08-22T08:10:53.5604790-04:00" endTime="2025-08-22T08:10:53.5605420-04:00" testType="13cdc9d9-ddb5-4fa4-a97d-d965ccfc6d4b" outcome="Passed" testListId="8c84fa94-04c1-424b-9868-57a2d4851a1d" relativeResultsDirectory="b867265d-a045-4e41-9f6f-f35f72e59582" />
    <UnitTestResult executionId="2df4185a-f45c-422f-a082-122626d70722" testId="40042172-ec16-8281-20ef-ba2c828df388" testName="Format_CharacterOutOfRange_ThrowsException" computerName="dadsmbp" duration="00:00:00.0001220" startTime="2025-08-22T08:10:53.5052330-04:00" endTime="2025-08-22T08:10:53.5053890-04:00" testType="13cdc9d9-ddb5-4fa4-a97d-d965ccfc6d4b" outcome="Passed" testListId="8c84fa94-04c1-424b-9868-57a2d4851a1d" relativeResultsDirectory="2df4185a-f45c-422f-a082-122626d70722" />
    <UnitTestResult executionId="b1484491-3b68-42b1-92c3-9b1ee8bd2832" testId="6a6a1622-4a4e-805a-335a-6ccdb5d9a6de" testName="ToInteger_FloatString_ThrowsException" computerName="dadsmbp" duration="00:00:00.0002962" startTime="2025-08-22T08:10:53.5569720-04:00" endTime="2025-08-22T08:10:53.5572960-04:00" testType="13cdc9d9-ddb5-4fa4-a97d-d965ccfc6d4b" outcome="Failed" testListId="8c84fa94-04c1-424b-9868-57a2d4851a1d" relativeResultsDirectory="b1484491-3b68-42b1-92c3-9b1ee8bd2832">
      <Output>
        <ErrorInfo>
          <Message>Test method did not throw expected exception System.InvalidOperationException. </Message>
        </ErrorInfo>
      </Output>
    </UnitTestResult>
    <UnitTestResult executionId="d59b33a8-fd04-46e0-9a73-6e5d9a190ad9" testId="79827bb7-932f-70a1-ce8a-d8cee579280e" testName="Abs_MaxValue_ReturnsMaxValue" computerName="dadsmbp" duration="00:00:00.0000432" startTime="2025-08-22T08:10:53.4465310-04:00" endTime="2025-08-22T08:10:53.4465940-04:00" testType="13cdc9d9-ddb5-4fa4-a97d-d965ccfc6d4b" outcome="Passed" testListId="8c84fa94-04c1-424b-9868-57a2d4851a1d" relativeResultsDirectory="d59b33a8-fd04-46e0-9a73-6e5d9a190ad9" />
    <UnitTestResult executionId="b18fae0c-d9ef-4ee3-ab07-94d77e1eaba6" testId="9f9de1f0-fe21-a713-852c-588c6f9080dc" testName="Divide_IntegerInteger_ReturnsFloatQuotient" computerName="dadsmbp" duration="00:00:00.0000938" startTime="2025-08-22T08:10:53.5854850-04:00" endTime="2025-08-22T08:10:53.5855970-04:00" testType="13cdc9d9-ddb5-4fa4-a97d-d965ccfc6d4b" outcome="Passed" testListId="8c84fa94-04c1-424b-9868-57a2d4851a1d" relativeResultsDirectory="b18fae0c-d9ef-4ee3-ab07-94d77e1eaba6" />
    <UnitTestResult executionId="406b0d9f-ef26-40fc-b450-7dfd71b45bc3" testId="0c035c29-46b0-3b14-47fe-3dbb61a8aca4" testName="SetLocale_InvalidCategory_ThrowsException" computerName="dadsmbp" duration="00:00:00.0001240" startTime="2025-08-22T08:10:53.4803010-04:00" endTime="2025-08-22T08:10:53.4804560-04:00" testType="13cdc9d9-ddb5-4fa4-a97d-d965ccfc6d4b" outcome="Passed" testListId="8c84fa94-04c1-424b-9868-57a2d4851a1d" relativeResultsDirectory="406b0d9f-ef26-40fc-b450-7dfd71b45bc3" />
    <UnitTestResult executionId="d37bc196-bcd2-4d89-ae66-d8550c5e49a9" testId="39e39652-5abc-9b45-4a9e-09dc134d2d9e" testName="DiffTime_NonNumericFirstArgument_ThrowsException" computerName="dadsmbp" duration="00:00:00.0001022" startTime="2025-08-22T08:10:53.4764350-04:00" endTime="2025-08-22T08:10:53.4765610-04:00" testType="13cdc9d9-ddb5-4fa4-a97d-d965ccfc6d4b" outcome="Passed" testListId="8c84fa94-04c1-424b-9868-57a2d4851a1d" relativeResultsDirectory="d37bc196-bcd2-4d89-ae66-d8550c5e49a9" />
    <UnitTestResult executionId="321346a6-21bf-4200-b823-2d6ff062a52b" testId="48073f64-8607-75e8-4a6d-239cdf528320" testName="Match_SingleCaptureGroup_ReturnsCapture" computerName="dadsmbp" duration="00:00:00.0003908" startTime="2025-08-22T08:10:53.5249780-04:00" endTime="2025-08-22T08:10:53.5254560-04:00" testType="13cdc9d9-ddb5-4fa4-a97d-d965ccfc6d4b" outcome="Failed" testListId="8c84fa94-04c1-424b-9868-57a2d4851a1d" relativeResultsDirectory="321346a6-21bf-4200-b823-2d6ff062a52b">
      <Output>
        <ErrorInfo>
          <Message>Assert.AreEqual failed. Expected:&lt;ell&gt;. Actual:&lt;ello&gt;. </Message>
          <StackTrace>   at FLua.Runtime.LibraryTests.LuaStringLibTests.Match_SingleCaptureGroup_ReturnsCapture() in /Users/bill/Repos/FLua/FLua.Runtime.LibraryTests/LuaStringLibTests.cs:line 1214
   at System.RuntimeMethodHandle.InvokeMethod(Object target, Void** arguments, Signature sig, Boolean isConstructor)
   at System.Reflection.MethodBaseInvoker.InvokeWithNoArgs(Object obj, BindingFlags invokeAttr)
</StackTrace>
        </ErrorInfo>
      </Output>
    </UnitTestResult>
    <UnitTestResult executionId="de3338e5-18db-4985-a985-48c08850088d" testId="4640a655-d9e1-2f2a-aa6d-6cdadf1e2c34" testName="Concat_NoTable_ThrowsException" computerName="dadsmbp" duration="00:00:00.0000867" startTime="2025-08-22T08:10:53.5478010-04:00" endTime="2025-08-22T08:10:53.5479100-04:00" testType="13cdc9d9-ddb5-4fa4-a97d-d965ccfc6d4b" outcome="Passed" testListId="8c84fa94-04c1-424b-9868-57a2d4851a1d" relativeResultsDirectory="de3338e5-18db-4985-a985-48c08850088d" />
    <UnitTestResult executionId="a10ee7b8-98f9-44dc-a89b-ce7c08564d73" testId="75dc166b-6aaa-dfc7-7d3f-834ca55d7568" testName="ToInteger_MinLongValue_ReturnsMinValue" computerName="dadsmbp" duration="00:00:00.0000341" startTime="2025-08-22T08:10:53.5578250-04:00" endTime="2025-08-22T08:10:53.5578800-04:00" testType="13cdc9d9-ddb5-4fa4-a97d-d965ccfc6d4b" outcome="Passed" testListId="8c84fa94-04c1-424b-9868-57a2d4851a1d" relativeResultsDirectory="a10ee7b8-98f9-44dc-a89b-ce7c08564d73" />
    <UnitTestResult executionId="4eb7a6a4-f71d-4fa0-bea2-885e49fa7cec" testId="fc8d9af8-df11-31f7-cb7e-4ba7d3edc77c" testName="Find_CharacterClassWithQuantifier_CombinesFeatures" computerName="dadsmbp" duration="00:00:00.0000628" startTime="2025-08-22T08:10:53.5362910-04:00" endTime="2025-08-22T08:10:53.5363770-04:00" testType="13cdc9d9-ddb5-4fa4-a97d-d965ccfc6d4b" outcome="Passed" testListId="8c84fa94-04c1-424b-9868-57a2d4851a1d" relativeResultsDirectory="4eb7a6a4-f71d-4fa0-bea2-885e49fa7cec" />
    <UnitTestResult executionId="0104d2e2-edee-4bc5-9f34-748a57464146" testId="181bb0ae-15a8-805b-2d7c-e0bee459e205" testName="Find_StarQuantifierWithLetters_KnownLimitation" computerName="dadsmbp" startTime="2025-08-22T08:10:53.5396940-04:00" endTime="2025-08-22T08:10:53.5397120-04:00" testType="13cdc9d9-ddb5-4fa4-a97d-d965ccfc6d4b" outcome="NotExecuted" testListId="8c84fa94-04c1-424b-9868-57a2d4851a1d" relativeResultsDirectory="0104d2e2-edee-4bc5-9f34-748a57464146">
      <Output>
        <ErrorInfo>
          <Message>Known implementation gap: Star quantifier returns zero-width matches</Message>
        </ErrorInfo>
      </Output>
    </UnitTestResult>
    <UnitTestResult executionId="78a10a83-37a6-49d3-bf8a-6f9de5119012" testId="e9a955a7-9ffb-d751-ae47-723c138cf9a8" testName="Find_EmptyPattern_MatchesEmptyString" computerName="dadsmbp" duration="00:00:00.0000637" startTime="2025-08-22T08:10:53.5355670-04:00" endTime="2025-08-22T08:10:53.5356580-04:00" testType="13cdc9d9-ddb5-4fa4-a97d-d965ccfc6d4b" outcome="Passed" testListId="8c84fa94-04c1-424b-9868-57a2d4851a1d" relativeResultsDirectory="78a10a83-37a6-49d3-bf8a-6f9de5119012" />
    <UnitTestResult executionId="56499537-311d-4331-b6b7-d3688d4a663e" testId="7b8d7a22-5ad4-8b4c-067c-e062e266a614" testName="Match_ComplexPattern_WorksCorrectly" computerName="dadsmbp" duration="00:00:00.0023302" startTime="2025-08-22T08:10:53.5269320-04:00" endTime="2025-08-22T08:10:53.5293130-04:00" testType="13cdc9d9-ddb5-4fa4-a97d-d965ccfc6d4b" outcome="Failed" testListId="8c84fa94-04c1-424b-9868-57a2d4851a1d" relativeResultsDirectory="56499537-311d-4331-b6b7-d3688d4a663e">
      <Output>
        <ErrorInfo>
          <Message>Test method FLua.Runtime.LibraryTests.LuaStringLibTests.Match_ComplexPattern_WorksCorrectly threw exception: &#xD;
System.InvalidOperationException: Value is not a string, it's Nil</Message>
          <StackTrace>    at FLua.Runtime.LuaValue.AsString() in /Users/bill/Repos/FLua/FLua.Runtime/LuaValue.cs:line 225
   at FLua.Runtime.LibraryTests.LuaStringLibTests.Match_ComplexPattern_WorksCorrectly() in /Users/bill/Repos/FLua/FLua.Runtime.LibraryTests/LuaStringLibTests.cs:line 1270
   at System.RuntimeMethodHandle.InvokeMethod(Object target, Void** arguments, Signature sig, Boolean isConstructor)
   at System.Reflection.MethodBaseInvoker.InvokeWithNoArgs(Object obj, BindingFlags invokeAttr)
</StackTrace>
        </ErrorInfo>
      </Output>
    </UnitTestResult>
    <UnitTestResult executionId="c0c55671-29e9-442f-b277-6351a8c89094" testId="77e7eb16-37aa-1a4c-c76f-b65b7044c57c" testName="CodePoint_EmojiString_ReturnsEmojiCodePoint" computerName="dadsmbp" duration="00:00:00.0000461" startTime="2025-08-22T08:10:53.5704870-04:00" endTime="2025-08-22T08:10:53.5705530-04:00" testType="13cdc9d9-ddb5-4fa4-a97d-d965ccfc6d4b" outcome="Passed" testListId="8c84fa94-04c1-424b-9868-57a2d4851a1d" relativeResultsDirectory="c0c55671-29e9-442f-b277-6351a8c89094" />
    <UnitTestResult executionId="81b08e71-3645-44f7-971a-4de41bddc2b7" testId="52df723a-c1e8-d26c-e420-4811e9153678" testName="Type_Integer_ReturnsIntegerString" computerName="dadsmbp" duration="00:00:00.0001183" startTime="2025-08-22T08:10:53.4558250-04:00" endTime="2025-08-22T08:10:53.4559630-04:00" testType="13cdc9d9-ddb5-4fa4-a97d-d965ccfc6d4b" outcome="Passed" testListId="8c84fa94-04c1-424b-9868-57a2d4851a1d" relativeResultsDirectory="81b08e71-3645-44f7-971a-4de41bddc2b7" />
    <UnitTestResult executionId="d87e42f5-ae03-40ac-9916-f5bd302b5b39" testId="302be2d9-e67e-17ff-92a8-c4111efae5bb" testName="ToInteger_StringInteger_ReturnsInteger" computerName="dadsmbp" duration="00:00:00.0000527" startTime="2025-08-22T08:10:53.4564840-04:00" endTime="2025-08-22T08:10:53.4565540-04:00" testType="13cdc9d9-ddb5-4fa4-a97d-d965ccfc6d4b" outcome="Passed" testListId="8c84fa94-04c1-424b-9868-57a2d4851a1d" relativeResultsDirectory="d87e42f5-ae03-40ac-9916-f5bd302b5b39" />
    <UnitTestResult executionId="624e054e-0880-4fbe-aef7-ce00066cd27b" testId="a1ad0f11-1acf-9951-e51b-5aa2d40e334d" testName="IsString_StringValue_ReturnsTrue" computerName="dadsmbp" duration="00:00:00.0000386" startTime="2025-08-22T08:10:53.5791750-04:00" endTime="2025-08-22T08:10:53.5792280-04:00" testType="13cdc9d9-ddb5-4fa4-a97d-d965ccfc6d4b" outcome="Passed" testListId="8c84fa94-04c1-424b-9868-57a2d4851a1d" relativeResultsDirectory="624e054e-0880-4fbe-aef7-ce00066cd27b" />
    <UnitTestResult executionId="a51841e7-9b4c-413c-b2de-98570a44a5dd" testId="9174375c-0b3c-1055-5fb5-df8ca562869a" testName="Len_EmojiString_CountsCorrectly" computerName="dadsmbp" duration="00:00:00.0000421" startTime="2025-08-22T08:10:53.5671160-04:00" endTime="2025-08-22T08:10:53.5671760-04:00" testType="13cdc9d9-ddb5-4fa4-a97d-d965ccfc6d4b" outcome="Passed" testListId="8c84fa94-04c1-424b-9868-57a2d4851a1d" relativeResultsDirectory="a51841e7-9b4c-413c-b2de-98570a44a5dd" />
    <UnitTestResult executionId="19ef0e1b-470e-48e7-93f2-990d369002f3" testId="41090eae-0671-f825-92f0-3835cb20447f" testName="Sub_NonIntegerStartIndex_ThrowsException" computerName="dadsmbp" duration="00:00:00.0001069" startTime="2025-08-22T08:10:53.4872720-04:00" endTime="2025-08-22T08:10:53.4874110-04:00" testType="13cdc9d9-ddb5-4fa4-a97d-d965ccfc6d4b" outcome="Passed" testListId="8c84fa94-04c1-424b-9868-57a2d4851a1d" relativeResultsDirectory="19ef0e1b-470e-48e7-93f2-990d369002f3" />
    <UnitTestResult executionId="ab232a8c-a054-4375-bfc1-ab59874bcbbe" testId="0a304703-e8a6-5773-ccd3-9414e37a01c6" testName="ATan_TwoArguments_ReturnsAtan2" computerName="dadsmbp" duration="00:00:00.0001404" startTime="2025-08-22T08:10:53.4529870-04:00" endTime="2025-08-22T08:10:53.4531450-04:00" testType="13cdc9d9-ddb5-4fa4-a97d-d965ccfc6d4b" outcome="Passed" testListId="8c84fa94-04c1-424b-9868-57a2d4851a1d" relativeResultsDirectory="ab232a8c-a054-4375-bfc1-ab59874bcbbe" />
    <UnitTestResult executionId="9c903f81-8f57-4d74-88f8-bef19b80c551" testId="b3ce1882-0b30-f00e-0788-a6798983f21c" testName="Rad_180_ReturnsPi" computerName="dadsmbp" duration="00:00:00.0000923" startTime="2025-08-22T08:10:53.4532710-04:00" endTime="2025-08-22T08:10:53.4533810-04:00" testType="13cdc9d9-ddb5-4fa4-a97d-d965ccfc6d4b" outcome="Passed" testListId="8c84fa94-04c1-424b-9868-57a2d4851a1d" relativeResultsDirectory="9c903f81-8f57-4d74-88f8-bef19b80c551" />
    <UnitTestResult executionId="d0f709e8-de90-4337-bbaa-73ec786d3e75" testId="6ca184c4-e9f1-dddc-05c6-3003f381a406" testName="Format_PercentEscape_WorksCorrectly" computerName="dadsmbp" duration="00:00:00.0001666" startTime="2025-08-22T08:10:53.4997860-04:00" endTime="2025-08-22T08:10:53.5038600-04:00" testType="13cdc9d9-ddb5-4fa4-a97d-d965ccfc6d4b" outcome="Passed" testListId="8c84fa94-04c1-424b-9868-57a2d4851a1d" relativeResultsDirectory="d0f709e8-de90-4337-bbaa-73ec786d3e75" />
    <UnitTestResult executionId="c6dccced-4547-48c1-8c4e-917bda3721bb" testId="95b91c46-49e0-b980-ed58-7b03c4ecb41f" testName="IsNumber_IntegerValue_ReturnsTrue" computerName="dadsmbp" duration="00:00:00.0000427" startTime="2025-08-22T08:10:53.5790090-04:00" endTime="2025-08-22T08:10:53.5790670-04:00" testType="13cdc9d9-ddb5-4fa4-a97d-d965ccfc6d4b" outcome="Passed" testListId="8c84fa94-04c1-424b-9868-57a2d4851a1d" relativeResultsDirectory="c6dccced-4547-48c1-8c4e-917bda3721bb" />
    <UnitTestResult executionId="cef62553-2871-45d0-9060-0042e851c890" testId="4f52ce54-7eee-326c-5bf4-aa1c32cef3d2" testName="Match_EmptyCaptureGroup_ReturnsEmptyString" computerName="dadsmbp" duration="00:00:00.0001829" startTime="2025-08-22T08:10:53.5264490-04:00" endTime="2025-08-22T08:10:53.5266720-04:00" testType="13cdc9d9-ddb5-4fa4-a97d-d965ccfc6d4b" outcome="Failed" testListId="8c84fa94-04c1-424b-9868-57a2d4851a1d" relativeResultsDirectory="cef62553-2871-45d0-9060-0042e851c890">
      <Output>
        <ErrorInfo>
          <Message>Assert.AreEqual failed. Expected:&lt;&gt;. Actual:&lt;ello&gt;. </Message>
          <StackTrace>   at FLua.Runtime.LibraryTests.LuaStringLibTests.Match_EmptyCaptureGroup_ReturnsEmptyString() in /Users/bill/Repos/FLua/FLua.Runtime.LibraryTests/LuaStringLibTests.cs:line 1244
   at System.RuntimeMethodHandle.InvokeMethod(Object target, Void** arguments, Signature sig, Boolean isConstructor)
   at System.Reflection.MethodBaseInvoker.InvokeWithNoArgs(Object obj, BindingFlags invokeAttr)
</StackTrace>
        </ErrorInfo>
      </Output>
    </UnitTestResult>
    <UnitTestResult executionId="0d59cf46-a0f7-4a2a-890e-375ba14135d3" testId="eb0ad89a-467e-5427-a85d-1b735871336e" testName="Match_MissingPattern_ThrowsException" computerName="dadsmbp" duration="00:00:00.0001046" startTime="2025-08-22T08:10:53.5309020-04:00" endTime="2025-08-22T08:10:53.5310440-04:00" testType="13cdc9d9-ddb5-4fa4-a97d-d965ccfc6d4b" outcome="Passed" testListId="8c84fa94-04c1-424b-9868-57a2d4851a1d" relativeResultsDirectory="0d59cf46-a0f7-4a2a-890e-375ba14135d3" />
    <UnitTestResult executionId="ce9d1928-6d20-4587-bc7a-e247a61794f3" testId="69b291bb-5a9f-ecaa-0be9-3fda0d5c8920" testName="Find_NegatedCharacterClass_MatchesExceptSet" computerName="dadsmbp" duration="00:00:00.0001806" startTime="2025-08-22T08:10:53.5341700-04:00" endTime="2025-08-22T08:10:53.5343740-04:00" testType="13cdc9d9-ddb5-4fa4-a97d-d965ccfc6d4b" outcome="Failed" testListId="8c84fa94-04c1-424b-9868-57a2d4851a1d" relativeResultsDirectory="ce9d1928-6d20-4587-bc7a-e247a61794f3">
      <Output>
        <ErrorInfo>
          <Message>Assert.AreEqual failed. Expected:&lt;2&gt;. Actual:&lt;1&gt;. </Message>
          <StackTrace>   at FLua.Runtime.LibraryTests.LuaStringLibTests.Find_NegatedCharacterClass_MatchesExceptSet() in /Users/bill/Repos/FLua/FLua.Runtime.LibraryTests/LuaStringLibTests.cs:line 1502
   at System.RuntimeMethodHandle.InvokeMethod(Object target, Void** arguments, Signature sig, Boolean isConstructor)
   at System.Reflection.MethodBaseInvoker.InvokeWithNoArgs(Object obj, BindingFlags invokeAttr)
</StackTrace>
        </ErrorInfo>
      </Output>
    </UnitTestResult>
    <UnitTestResult executionId="c446e2da-fe01-4463-9d90-0df3d80c4d86" testId="81dea3be-097f-0510-60ee-4ed801fd3da2" testName="Rep_CountZero_ReturnsEmptyString" computerName="dadsmbp" duration="00:00:00.0000470" startTime="2025-08-22T08:10:53.4914790-04:00" endTime="2025-08-22T08:10:53.4915500-04:00" testType="13cdc9d9-ddb5-4fa4-a97d-d965ccfc6d4b" outcome="Passed" testListId="8c84fa94-04c1-424b-9868-57a2d4851a1d" relativeResultsDirectory="c446e2da-fe01-4463-9d90-0df3d80c4d86" />
    <UnitTestResult executionId="60e29948-7209-4577-8b08-2bf69126b5cd" testId="69724134-57a6-301e-1873-5f66721ff43d" testName="Pack_StringWithLength_DefaultSize" computerName="dadsmbp" duration="00:00:00.0001159" startTime="2025-08-22T08:10:53.5131070-04:00" endTime="2025-08-22T08:10:53.5132470-04:00" testType="13cdc9d9-ddb5-4fa4-a97d-d965ccfc6d4b" outcome="Passed" testListId="8c84fa94-04c1-424b-9868-57a2d4851a1d" relativeResultsDirectory="60e29948-7209-4577-8b08-2bf69126b5cd" />
    <UnitTestResult executionId="e6038834-1032-483b-8ec6-38cfe3c068b5" testId="d79a2c0a-beef-581c-8321-d33ace64639c" testName="Upper_LowercaseString_ReturnsUppercase" computerName="dadsmbp" duration="00:00:00.0000928" startTime="2025-08-22T08:10:53.4874180-04:00" endTime="2025-08-22T08:10:53.4875370-04:00" testType="13cdc9d9-ddb5-4fa4-a97d-d965ccfc6d4b" outcome="Passed" testListId="8c84fa94-04c1-424b-9868-57a2d4851a1d" relativeResultsDirectory="e6038834-1032-483b-8ec6-38cfe3c068b5" />
    <UnitTestResult executionId="9a04b061-4272-476b-9da1-fe8acff07b41" testId="f13c82e0-7392-33c2-2e26-3ec76e9d7308" testName="Date_MonthFormat_ReturnsMonth" computerName="dadsmbp" duration="00:00:00.0000519" startTime="2025-08-22T08:10:53.4754590-04:00" endTime="2025-08-22T08:10:53.4755270-04:00" testType="13cdc9d9-ddb5-4fa4-a97d-d965ccfc6d4b" outcome="Passed" testListId="8c84fa94-04c1-424b-9868-57a2d4851a1d" relativeResultsDirectory="9a04b061-4272-476b-9da1-fe8acff07b41" />
    <UnitTestResult executionId="71b940b8-1d21-401c-a653-036f6d52a29b" testId="0c4235b4-a2bc-0b8a-7c78-72fa60fd5d70" testName="Open_NoFilename_ThrowsException" computerName="dadsmbp" duration="00:00:00.0004837" startTime="2025-08-22T08:10:53.4259070-04:00" endTime="2025-08-22T08:10:53.4264470-04:00" testType="13cdc9d9-ddb5-4fa4-a97d-d965ccfc6d4b" outcome="Passed" testListId="8c84fa94-04c1-424b-9868-57a2d4851a1d" relativeResultsDirectory="71b940b8-1d21-401c-a653-036f6d52a29b" />
    <UnitTestResult executionId="f5a311ae-8c78-4eaa-be83-e969265d6d31" testId="f0574140-05e7-8498-9329-657513183047" testName="Len_StartGreaterThanEnd_ReturnsZero" computerName="dadsmbp" duration="00:00:00.0000477" startTime="2025-08-22T08:10:53.5674030-04:00" endTime="2025-08-22T08:10:53.5674670-04:00" testType="13cdc9d9-ddb5-4fa4-a97d-d965ccfc6d4b" outcome="Passed" testListId="8c84fa94-04c1-424b-9868-57a2d4851a1d" relativeResultsDirectory="f5a311ae-8c78-4eaa-be83-e969265d6d31" />
    <UnitTestResult executionId="3338f712-b880-4529-9f78-b319fd652395" testId="316e17c5-c5ba-ac81-4655-609abada5b0e" testName="Open_WriteMode_CreatesNewFile" computerName="dadsmbp" duration="00:00:00.0005958" startTime="2025-08-22T08:10:53.4218690-04:00" endTime="2025-08-22T08:10:53.4224930-04:00" testType="13cdc9d9-ddb5-4fa4-a97d-d965ccfc6d4b" outcome="Passed" testListId="8c84fa94-04c1-424b-9868-57a2d4851a1d" relativeResultsDirectory="3338f712-b880-4529-9f78-b319fd652395" />
    <UnitTestResult executionId="22891a65-913d-4aad-b91a-ce9717cab9a5" testId="cb49c7e8-ea4d-898f-49f3-d946b28a4ad3" testName="String_NormalString_ReturnsCorrectValue" computerName="dadsmbp" duration="00:00:00.0000537" startTime="2025-08-22T08:10:53.5827730-04:00" endTime="2025-08-22T08:10:53.5828450-04:00" testType="13cdc9d9-ddb5-4fa4-a97d-d965ccfc6d4b" outcome="Passed" testListId="8c84fa94-04c1-424b-9868-57a2d4851a1d" relativeResultsDirectory="22891a65-913d-4aad-b91a-ce9717cab9a5" />
    <UnitTestResult executionId="d236cf1a-f322-4b03-b72e-956f3ccb20b9" testId="3183239c-49be-13db-94b9-ad8c4858d6b4" testName="ToInteger_FloatWithFractionalPart_ThrowsException" computerName="dadsmbp" duration="00:00:00.0000324" startTime="2025-08-22T08:10:53.5566930-04:00" endTime="2025-08-22T08:10:53.5567620-04:00" testType="13cdc9d9-ddb5-4fa4-a97d-d965ccfc6d4b" outcome="Failed" testListId="8c84fa94-04c1-424b-9868-57a2d4851a1d" relativeResultsDirectory="d236cf1a-f322-4b03-b72e-956f3ccb20b9">
      <Output>
        <ErrorInfo>
          <Message>Test method did not throw expected exception System.InvalidOperationException. </Message>
        </ErrorInfo>
      </Output>
    </UnitTestResult>
    <UnitTestResult executionId="7a10e7bd-c1f6-4b86-82d9-e1023d57f12f" testId="f8170700-62ea-10e9-5b9a-cbd40a7cc0c2" testName="Char_MaxValue255_ReturnsHighASCII" computerName="dadsmbp" duration="00:00:00.0000571" startTime="2025-08-22T08:10:53.4896140-04:00" endTime="2025-08-22T08:10:53.4897000-04:00" testType="13cdc9d9-ddb5-4fa4-a97d-d965ccfc6d4b" outcome="Passed" testListId="8c84fa94-04c1-424b-9868-57a2d4851a1d" relativeResultsDirectory="7a10e7bd-c1f6-4b86-82d9-e1023d57f12f" />
    <UnitTestResult executionId="47e0a557-d9e2-4b50-b4fd-bd21762d7213" testId="05a62926-3f5d-b1e6-9c77-b3c365f471b4" testName="Pack_LuaInteger_WorksCorrectly" computerName="dadsmbp" duration="00:00:00.0000781" startTime="2025-08-22T08:10:53.5111030-04:00" endTime="2025-08-22T08:10:53.5112020-04:00" testType="13cdc9d9-ddb5-4fa4-a97d-d965ccfc6d4b" outcome="Passed" testListId="8c84fa94-04c1-424b-9868-57a2d4851a1d" relativeResultsDirectory="47e0a557-d9e2-4b50-b4fd-bd21762d7213" />
    <UnitTestResult executionId="90366973-32dd-47b1-9646-add69924e7ed" testId="6a3e1ea6-7efd-59c8-0079-ca724e40ddfa" testName="Pack_UnsignedShort_WorksCorrectly" computerName="dadsmbp" duration="00:00:00.0000857" startTime="2025-08-22T08:10:53.5107870-04:00" endTime="2025-08-22T08:10:53.5108970-04:00" testType="13cdc9d9-ddb5-4fa4-a97d-d965ccfc6d4b" outcome="Passed" testListId="8c84fa94-04c1-424b-9868-57a2d4851a1d" relativeResultsDirectory="90366973-32dd-47b1-9646-add69924e7ed" />
    <UnitTestResult executionId="653e39fb-1f20-4cbd-9412-0f4272edd9e5" testId="5926ec70-f74b-dd0a-2ec6-8f5699757970" testName="ToString_StringValue_ReturnsString" computerName="dadsmbp" duration="00:00:00.0000603" startTime="2025-08-22T08:10:53.5578880-04:00" endTime="2025-08-22T08:10:53.5579670-04:00" testType="13cdc9d9-ddb5-4fa4-a97d-d965ccfc6d4b" outcome="Passed" testListId="8c84fa94-04c1-424b-9868-57a2d4851a1d" relativeResultsDirectory="653e39fb-1f20-4cbd-9412-0f4272edd9e5" />
    <UnitTestResult executionId="5ef69a2b-4c8a-4b7c-97fb-8a3bb40576e3" testId="8ae4fd12-f125-9f84-a866-c91316a2ebb5" testName="ToNumber_NumericString_ReturnsCorrectNumber" computerName="dadsmbp" duration="00:00:00.0015202" startTime="2025-08-22T08:10:53.5531700-04:00" endTime="2025-08-22T08:10:53.5547650-04:00" testType="13cdc9d9-ddb5-4fa4-a97d-d965ccfc6d4b" outcome="Passed" testListId="8c84fa94-04c1-424b-9868-57a2d4851a1d" relativeResultsDirectory="5ef69a2b-4c8a-4b7c-97fb-8a3bb40576e3" />
    <UnitTestResult executionId="46c83086-76e5-4a35-b767-22aeda545580" testId="ac1bcad3-93cc-09b2-2596-dbc032c5565b" testName="PackSize_VariableLengthString_ThrowsException" computerName="dadsmbp" duration="00:00:00.0001183" startTime="2025-08-22T08:10:53.5148680-04:00" endTime="2025-08-22T08:10:53.5150190-04:00" testType="13cdc9d9-ddb5-4fa4-a97d-d965ccfc6d4b" outcome="Passed" testListId="8c84fa94-04c1-424b-9868-57a2d4851a1d" relativeResultsDirectory="46c83086-76e5-4a35-b767-22aeda545580" />
    <UnitTestResult executionId="a548790f-8907-4f48-bc5c-0f023cea4c0e" testId="d7709714-e12a-f356-7edb-6e61b3dde0d3" testName="Sub_OutOfBounds_ReturnsPartialOrEmpty" computerName="dadsmbp" duration="00:00:00.0000507" startTime="2025-08-22T08:10:53.4864800-04:00" endTime="2025-08-22T08:10:53.4865530-04:00" testType="13cdc9d9-ddb5-4fa4-a97d-d965ccfc6d4b" outcome="Passed" testListId="8c84fa94-04c1-424b-9868-57a2d4851a1d" relativeResultsDirectory="a548790f-8907-4f48-bc5c-0f023cea4c0e" />
    <UnitTestResult executionId="00e68af9-62c5-49e4-a097-c6ba8fd96b7f" testId="f1130e59-d09d-ed7f-5879-209442de9d00" testName="Multiply_IntegerInteger_ReturnsCorrectProduct" computerName="dadsmbp" duration="00:00:00.0001187" startTime="2025-08-22T08:10:53.5852670-04:00" endTime="2025-08-22T08:10:53.5854050-04:00" testType="13cdc9d9-ddb5-4fa4-a97d-d965ccfc6d4b" outcome="Passed" testListId="8c84fa94-04c1-424b-9868-57a2d4851a1d" relativeResultsDirectory="00e68af9-62c5-49e4-a097-c6ba8fd96b7f" />
    <UnitTestResult executionId="c1ada827-ceb9-4d20-b5c1-ed116a7bba56" testId="0d5af833-f41c-9353-5a95-8869d39f3279" testName="Move_DifferentTables_CopiesElements" computerName="dadsmbp" duration="00:00:00.0001332" startTime="2025-08-22T08:10:53.5460160-04:00" endTime="2025-08-22T08:10:53.5461700-04:00" testType="13cdc9d9-ddb5-4fa4-a97d-d965ccfc6d4b" outcome="Passed" testListId="8c84fa94-04c1-424b-9868-57a2d4851a1d" relativeResultsDirectory="c1ada827-ceb9-4d20-b5c1-ed116a7bba56" />
    <UnitTestResult executionId="26739f54-dea6-4d42-91ff-5c288cc5e5d6" testId="b77c3d97-8779-ea19-5caf-381b3202e91f" testName="Find_AnchorEnd_MatchesEnd" computerName="dadsmbp" duration="00:00:00.0000717" startTime="2025-08-22T08:10:53.5338890-04:00" endTime="2025-08-22T08:10:53.5339860-04:00" testType="13cdc9d9-ddb5-4fa4-a97d-d965ccfc6d4b" outcome="Passed" testListId="8c84fa94-04c1-424b-9868-57a2d4851a1d" relativeResultsDirectory="26739f54-dea6-4d42-91ff-5c288cc5e5d6" />
    <UnitTestResult executionId="2e2a130c-9d51-4859-834a-c62b1be03f27" testId="f477e06b-3d5f-bee0-38bd-bff285d6fa2d" testName="Remove_ExistingFile_ReturnsTrue" computerName="dadsmbp" duration="00:00:00.0009025" startTime="2025-08-22T08:10:53.4804650-04:00" endTime="2025-08-22T08:10:53.4814000-04:00" testType="13cdc9d9-ddb5-4fa4-a97d-d965ccfc6d4b" outcome="Passed" testListId="8c84fa94-04c1-424b-9868-57a2d4851a1d" relativeResultsDirectory="2e2a130c-9d51-4859-834a-c62b1be03f27" />
    <UnitTestResult executionId="13b78b76-d068-4fe6-99d7-15c3a9e05655" testId="af4adf45-29e6-c2e3-2de7-876094d3ec0f" testName="DeepEnvironmentHierarchy_HandledCorrectly" computerName="dadsmbp" duration="00:00:00.0001404" startTime="2025-08-22T08:10:53.4202300-04:00" endTime="2025-08-22T08:10:53.4204510-04:00" testType="13cdc9d9-ddb5-4fa4-a97d-d965ccfc6d4b" outcome="Passed" testListId="8c84fa94-04c1-424b-9868-57a2d4851a1d" relativeResultsDirectory="13b78b76-d068-4fe6-99d7-15c3a9e05655" />
    <UnitTestResult executionId="625fc937-27a0-4a77-9d4d-c0cc0ae0bf12" testId="80691151-143c-52a8-bcbb-bd76651c398f" testName="Clock_SuccessiveCallsIncreaseMonotonically" computerName="dadsmbp" duration="00:00:00.0112909" startTime="2025-08-22T08:10:53.4599060-04:00" endTime="2025-08-22T08:10:53.4712420-04:00" testType="13cdc9d9-ddb5-4fa4-a97d-d965ccfc6d4b" outcome="Passed" testListId="8c84fa94-04c1-424b-9868-57a2d4851a1d" relativeResultsDirectory="625fc937-27a0-4a77-9d4d-c0cc0ae0bf12" />
    <UnitTestResult executionId="18b5d33b-17e8-494e-b88b-6b1a72cc6387" testId="88554170-5a60-2121-0eac-1e3a2f3be8b6" testName="Min_TwoIntegers_ReturnsSmaller" computerName="dadsmbp" duration="00:00:00.0001526" startTime="2025-08-22T08:10:53.4493960-04:00" endTime="2025-08-22T08:10:53.4495680-04:00" testType="13cdc9d9-ddb5-4fa4-a97d-d965ccfc6d4b" outcome="Passed" testListId="8c84fa94-04c1-424b-9868-57a2d4851a1d" relativeResultsDirectory="18b5d33b-17e8-494e-b88b-6b1a72cc6387" />
    <UnitTestResult executionId="b7239266-2d59-4c57-96ec-4863b3c354e2" testId="142ab414-74a6-96fd-05b9-0c28a4a97a1c" testName="FileHandle_FlushAfterClose_ThrowsException" computerName="dadsmbp" duration="00:00:00.0003649" startTime="2025-08-22T08:10:53.4352350-04:00" endTime="2025-08-22T08:10:53.4356380-04:00" testType="13cdc9d9-ddb5-4fa4-a97d-d965ccfc6d4b" outcome="Passed" testListId="8c84fa94-04c1-424b-9868-57a2d4851a1d" relativeResultsDirectory="b7239266-2d59-4c57-96ec-4863b3c354e2" />
    <UnitTestResult executionId="44d5bdc9-30bc-4223-88ed-25399c3e90a8" testId="e5c5ad1e-516b-ba8f-d8b3-2dec54cb31d0" testName="Format_SimpleStringReplacement_WorksCorrectly" computerName="dadsmbp" duration="00:00:00.0035386" startTime="2025-08-22T08:10:53.4946230-04:00" endTime="2025-08-22T08:10:53.4981980-04:00" testType="13cdc9d9-ddb5-4fa4-a97d-d965ccfc6d4b" outcome="Passed" testListId="8c84fa94-04c1-424b-9868-57a2d4851a1d" relativeResultsDirectory="44d5bdc9-30bc-4223-88ed-25399c3e90a8" />
    <UnitTestResult executionId="a9077dd5-0b8f-42f1-bac5-cfa70f945a3f" testId="29cca1e5-3b78-7eaf-e71e-89782af704c3" testName="Abs_NaN_ReturnsNaN" computerName="dadsmbp" duration="00:00:00.0000541" startTime="2025-08-22T08:10:53.4467490-04:00" endTime="2025-08-22T08:10:53.4468190-04:00" testType="13cdc9d9-ddb5-4fa4-a97d-d965ccfc6d4b" outcome="Passed" testListId="8c84fa94-04c1-424b-9868-57a2d4851a1d" relativeResultsDirectory="a9077dd5-0b8f-42f1-bac5-cfa70f945a3f" />
    <UnitTestResult executionId="82c9f923-05c2-4786-9b53-250e1deb488f" testId="f55a5996-a93a-395d-1d6d-59ff353ab40d" testName="GMatch_MissingPattern_ThrowsException" computerName="dadsmbp" duration="00:00:00.0001015" startTime="2025-08-22T08:10:53.5332560-04:00" endTime="2025-08-22T08:10:53.5333910-04:00" testType="13cdc9d9-ddb5-4fa4-a97d-d965ccfc6d4b" outcome="Passed" testListId="8c84fa94-04c1-424b-9868-57a2d4851a1d" relativeResultsDirectory="82c9f923-05c2-4786-9b53-250e1deb488f" />
    <UnitTestResult executionId="7c12c5c8-f208-4765-a738-c770dfcda4f0" testId="683a53b6-551e-df54-4350-749ad538bcf4" testName="Char_MinUnicode_Works" computerName="dadsmbp" duration="00:00:00.0000407" startTime="2025-08-22T08:10:53.5750260-04:00" endTime="2025-08-22T08:10:53.5750870-04:00" testType="13cdc9d9-ddb5-4fa4-a97d-d965ccfc6d4b" outcome="Passed" testListId="8c84fa94-04c1-424b-9868-57a2d4851a1d" relativeResultsDirectory="7c12c5c8-f208-4765-a738-c770dfcda4f0" />
    <UnitTestResult executionId="48e60101-1032-4696-a49a-2d89d5a01042" testId="e45664ba-6fd5-244e-e12c-9f7d25f5bab2" testName="GetTypeName_AllLuaTypes_ReturnsCorrectNames" computerName="dadsmbp" duration="00:00:00.0001335" startTime="2025-08-22T08:10:53.5588490-04:00" endTime="2025-08-22T08:10:53.5590010-04:00" testType="13cdc9d9-ddb5-4fa4-a97d-d965ccfc6d4b" outcome="Passed" testListId="8c84fa94-04c1-424b-9868-57a2d4851a1d" relativeResultsDirectory="48e60101-1032-4696-a49a-2d89d5a01042" />
    <UnitTestResult executionId="90a26972-54dc-4972-8958-d01e5d379e81" testId="0095b07d-3265-ab2f-55ff-1bf773bfc729" testName="Pack_Padding_WorksCorrectly" computerName="dadsmbp" duration="00:00:00.0000764" startTime="2025-08-22T08:10:53.5141130-04:00" endTime="2025-08-22T08:10:53.5142160-04:00" testType="13cdc9d9-ddb5-4fa4-a97d-d965ccfc6d4b" outcome="Passed" testListId="8c84fa94-04c1-424b-9868-57a2d4851a1d" relativeResultsDirectory="90a26972-54dc-4972-8958-d01e5d379e81" />
    <UnitTestResult executionId="8c9254af-8549-4f27-9214-e5fef3d1e4c3" testId="5e867a51-a9c3-4542-6de1-9d964cecbd2f" testName="ChildEnvironment_CanOverrideParentVariables" computerName="dadsmbp" duration="00:00:00.0000898" startTime="2025-08-22T08:10:53.4088480-04:00" endTime="2025-08-22T08:10:53.4089570-04:00" testType="13cdc9d9-ddb5-4fa4-a97d-d965ccfc6d4b" outcome="Passed" testListId="8c84fa94-04c1-424b-9868-57a2d4851a1d" relativeResultsDirectory="8c9254af-8549-4f27-9214-e5fef3d1e4c3" />
    <UnitTestResult executionId="d06f84ea-320b-428d-819d-786853275fac" testId="4696a5ef-ce33-b72e-fbb0-317562b1441b" testName="Match_EscapeSequences_MatchesCorrectly" computerName="dadsmbp" duration="00:00:00.0012651" startTime="2025-08-22T08:10:53.5176630-04:00" endTime="2025-08-22T08:10:53.5189520-04:00" testType="13cdc9d9-ddb5-4fa4-a97d-d965ccfc6d4b" outcome="Passed" testListId="8c84fa94-04c1-424b-9868-57a2d4851a1d" relativeResultsDirectory="d06f84ea-320b-428d-819d-786853275fac" />
    <UnitTestResult executionId="a8dc7e53-cf84-4d88-82fa-878bc597c9c4" testId="21f636ef-9fca-a9cc-a5e8-ed3b8d49bb1b" testName="Codes_EmptyString_ReturnsEmptyIterator" computerName="dadsmbp" duration="00:00:00.0001200" startTime="2025-08-22T08:10:53.5737050-04:00" endTime="2025-08-22T08:10:53.5738780-04:00" testType="13cdc9d9-ddb5-4fa4-a97d-d965ccfc6d4b" outcome="Passed" testListId="8c84fa94-04c1-424b-9868-57a2d4851a1d" relativeResultsDirectory="a8dc7e53-cf84-4d88-82fa-878bc597c9c4" />
    <UnitTestResult executionId="701fe92a-f25d-4432-b1c1-d7498b61df35" testId="877e5135-11a8-16d8-5c7f-380550c8faef" testName="String_NullString_ReturnsNilValue" computerName="dadsmbp" duration="00:00:00.0002402" startTime="2025-08-22T08:10:53.5832810-04:00" endTime="2025-08-22T08:10:53.5835460-04:00" testType="13cdc9d9-ddb5-4fa4-a97d-d965ccfc6d4b" outcome="Failed" testListId="8c84fa94-04c1-424b-9868-57a2d4851a1d" relativeResultsDirectory="701fe92a-f25d-4432-b1c1-d7498b61df35">
      <Output>
        <ErrorInfo>
          <Message>Assert.AreEqual failed. Expected:&lt;Nil&gt;. Actual:&lt;String&gt;. </Message>
          <StackTrace>   at FLua.Runtime.LibraryTests.LuaValueTests.String_NullString_ReturnsNilValue() in /Users/bill/Repos/FLua/FLua.Runtime.LibraryTests/LuaValueTests.cs:line 209
   at System.RuntimeMethodHandle.InvokeMethod(Object target, Void** arguments, Signature sig, Boolean isConstructor)
   at System.Reflection.MethodBaseInvoker.InvokeWithNoArgs(Object obj, BindingFlags invokeAttr)
</StackTrace>
        </ErrorInfo>
      </Output>
    </UnitTestResult>
    <UnitTestResult executionId="85155a25-5863-4399-83f4-cfe8724900e9" testId="4082b2e7-4ef8-8357-e9c1-61cc1deba8f1" testName="Assert_Function_ThrowsOnFalse" computerName="dadsmbp" duration="00:00:00.0005788" startTime="2025-08-22T08:10:53.4171990-04:00" endTime="2025-08-22T08:10:53.4178110-04:00" testType="13cdc9d9-ddb5-4fa4-a97d-d965ccfc6d4b" outcome="Passed" testListId="8c84fa94-04c1-424b-9868-57a2d4851a1d" relativeResultsDirectory="85155a25-5863-4399-83f4-cfe8724900e9" />
    <UnitTestResult executionId="58d0c6bd-e539-469c-a2ea-811b8b90601c" testId="47ac3cbb-aa32-69aa-eb93-a86a9fb3bda6" testName="Sqrt_Zero_ReturnsZero" computerName="dadsmbp" duration="00:00:00.0000429" startTime="2025-08-22T08:10:53.4542840-04:00" endTime="2025-08-22T08:10:53.4543470-04:00" testType="13cdc9d9-ddb5-4fa4-a97d-d965ccfc6d4b" outcome="Passed" testListId="8c84fa94-04c1-424b-9868-57a2d4851a1d" relativeResultsDirectory="58d0c6bd-e539-469c-a2ea-811b8b90601c" />
    <UnitTestResult executionId="2f2614e9-9a44-4ffd-9f5e-490e3a821e1e" testId="c63d86c2-9f73-d877-b5a0-7d8de8f2034a" testName="TypeProperties_AllTypes_ReturnCorrectValues" computerName="dadsmbp" duration="00:00:00.0002072" startTime="2025-08-22T08:10:53.5839130-04:00" endTime="2025-08-22T08:10:53.5841370-04:00" testType="13cdc9d9-ddb5-4fa4-a97d-d965ccfc6d4b" outcome="Passed" testListId="8c84fa94-04c1-424b-9868-57a2d4851a1d" relativeResultsDirectory="2f2614e9-9a44-4ffd-9f5e-490e3a821e1e" />
    <UnitTestResult executionId="b8e0f714-088d-4353-847a-6c183262d4cb" testId="720227b8-85bc-42b5-d668-3a0e2ec59857" testName="Find_SimpleCaptureGroup_ReturnsCapture" computerName="dadsmbp" duration="00:00:00.0001806" startTime="2025-08-22T08:10:53.5386520-04:00" endTime="2025-08-22T08:10:53.5388610-04:00" testType="13cdc9d9-ddb5-4fa4-a97d-d965ccfc6d4b" outcome="Failed" testListId="8c84fa94-04c1-424b-9868-57a2d4851a1d" relativeResultsDirectory="b8e0f714-088d-4353-847a-6c183262d4cb">
      <Output>
        <ErrorInfo>
          <Message>Assert.AreEqual failed. Expected:&lt;3&gt;. Actual:&lt;1&gt;. </Message>
          <StackTrace>   at FLua.Runtime.LibraryTests.LuaStringLibTests.Find_SimpleCaptureGroup_ReturnsCapture() in /Users/bill/Repos/FLua/FLua.Runtime.LibraryTests/LuaStringLibTests.cs:line 1753
   at System.RuntimeMethodHandle.InvokeMethod(Object target, Void** arguments, Signature sig, Boolean isConstructor)
   at System.Reflection.MethodBaseInvoker.InvokeWithNoArgs(Object obj, BindingFlags invokeAttr)
</StackTrace>
        </ErrorInfo>
      </Output>
    </UnitTestResult>
    <UnitTestResult executionId="555261f4-b5fb-4005-babb-ba9c254edd8b" testId="814b5ffa-2707-b100-271f-17785605b035" testName="Find_AlternatingPatterns_TestsBacktracking" computerName="dadsmbp" duration="00:00:00.0001552" startTime="2025-08-22T08:10:53.5377110-04:00" endTime="2025-08-22T08:10:53.5378910-04:00" testType="13cdc9d9-ddb5-4fa4-a97d-d965ccfc6d4b" outcome="Failed" testListId="8c84fa94-04c1-424b-9868-57a2d4851a1d" relativeResultsDirectory="555261f4-b5fb-4005-babb-ba9c254edd8b">
      <Output>
        <ErrorInfo>
          <Message>Assert.AreEqual failed. Expected:&lt;2&gt;. Actual:&lt;1&gt;. </Message>
          <StackTrace>   at FLua.Runtime.LibraryTests.LuaStringLibTests.Find_AlternatingPatterns_TestsBacktracking() in /Users/bill/Repos/FLua/FLua.Runtime.LibraryTests/LuaStringLibTests.cs:line 1719
   at System.RuntimeMethodHandle.InvokeMethod(Object target, Void** arguments, Signature sig, Boolean isConstructor)
   at System.Reflection.MethodBaseInvoker.InvokeWithNoArgs(Object obj, BindingFlags invokeAttr)
</StackTrace>
        </ErrorInfo>
      </Output>
    </UnitTestResult>
    <UnitTestResult executionId="4a4dec9d-ae20-42d8-ba82-ed98e9e2f822" testId="08c2404b-62c9-aae9-50d9-31907f1c5884" testName="Max_WithNaN_ReturnsNaN" computerName="dadsmbp" duration="00:00:00.0000666" startTime="2025-08-22T08:10:53.4488020-04:00" endTime="2025-08-22T08:10:53.4488880-04:00" testType="13cdc9d9-ddb5-4fa4-a97d-d965ccfc6d4b" outcome="Passed" testListId="8c84fa94-04c1-424b-9868-57a2d4851a1d" relativeResultsDirectory="4a4dec9d-ae20-42d8-ba82-ed98e9e2f822" />
    <UnitTestResult executionId="271168e0-3a85-46aa-a876-796c6430e81c" testId="5394a606-f7a5-621f-bc3e-a3055ecabf7b" testName="StringToNumber_ZeroString_ReturnsZeroInteger" computerName="dadsmbp" duration="00:00:00.0000457" startTime="2025-08-22T08:10:53.5604100-04:00" endTime="2025-08-22T08:10:53.5604720-04:00" testType="13cdc9d9-ddb5-4fa4-a97d-d965ccfc6d4b" outcome="Passed" testListId="8c84fa94-04c1-424b-9868-57a2d4851a1d" relativeResultsDirectory="271168e0-3a85-46aa-a876-796c6430e81c" />
    <UnitTestResult executionId="9b188f3b-912e-4cba-b3a1-331427ffd3c1" testId="1b7433fc-720c-62b6-538b-08680d59707a" testName="Sort_SingleElement_DoesNothing" computerName="dadsmbp" duration="00:00:00.0000797" startTime="2025-08-22T08:10:53.5495490-04:00" endTime="2025-08-22T08:10:53.5496470-04:00" testType="13cdc9d9-ddb5-4fa4-a97d-d965ccfc6d4b" outcome="Passed" testListId="8c84fa94-04c1-424b-9868-57a2d4851a1d" relativeResultsDirectory="9b188f3b-912e-4cba-b3a1-331427ffd3c1" />
    <UnitTestResult executionId="51b3e76e-2fa5-4b8d-90cf-9e0b190b0e27" testId="9adece2e-f07c-eacf-8535-ac8dd30d5196" testName="IsString_NonStringValues_ReturnsFalse" computerName="dadsmbp" duration="00:00:00.0000336" startTime="2025-08-22T08:10:53.5796380-04:00" endTime="2025-08-22T08:10:53.5796890-04:00" testType="13cdc9d9-ddb5-4fa4-a97d-d965ccfc6d4b" outcome="Passed" testListId="8c84fa94-04c1-424b-9868-57a2d4851a1d" relativeResultsDirectory="51b3e76e-2fa5-4b8d-90cf-9e0b190b0e27" />
    <UnitTestResult executionId="eaf09504-d0c4-4d8e-b952-60b46c31f6eb" testId="9e3c7df3-c05a-1a65-1b15-9b73dc7da4b9" testName="Max_NonNumericFirstArgument_ThrowsException" computerName="dadsmbp" duration="00:00:00.0001093" startTime="2025-08-22T08:10:53.4491170-04:00" endTime="2025-08-22T08:10:53.4492520-04:00" testType="13cdc9d9-ddb5-4fa4-a97d-d965ccfc6d4b" outcome="Passed" testListId="8c84fa94-04c1-424b-9868-57a2d4851a1d" relativeResultsDirectory="eaf09504-d0c4-4d8e-b952-60b46c31f6eb" />
    <UnitTestResult executionId="c022c7b5-86e1-4e8d-a9ee-e6fb36b5b81c" testId="83532c81-6d36-55f5-0752-3600785002fe" testName="IsNumber_IntegerValue_ReturnsTrue" computerName="dadsmbp" duration="00:00:00.0000352" startTime="2025-08-22T08:10:53.5837190-04:00" endTime="2025-08-22T08:10:53.5837730-04:00" testType="13cdc9d9-ddb5-4fa4-a97d-d965ccfc6d4b" outcome="Passed" testListId="8c84fa94-04c1-424b-9868-57a2d4851a1d" relativeResultsDirectory="c022c7b5-86e1-4e8d-a9ee-e6fb36b5b81c" />
    <UnitTestResult executionId="36a19c37-7dce-4355-9743-11a5c7b6d894" testId="93aea425-0484-f765-45a1-23486e2d2574" testName="ToConcatString_BooleanValue_ThrowsException" computerName="dadsmbp" duration="00:00:00.0000232" startTime="2025-08-22T08:10:53.5594400-04:00" endTime="2025-08-22T08:10:53.5594930-04:00" testType="13cdc9d9-ddb5-4fa4-a97d-d965ccfc6d4b" outcome="Failed" testListId="8c84fa94-04c1-424b-9868-57a2d4851a1d" relativeResultsDirectory="36a19c37-7dce-4355-9743-11a5c7b6d894">
      <Output>
        <ErrorInfo>
          <Message>Test method did not throw expected exception System.InvalidOperationException. </Message>
        </ErrorInfo>
      </Output>
    </UnitTestResult>
    <UnitTestResult executionId="17fc5a51-1f06-465d-9e23-bed87addd77a" testId="3b79bcb2-9c96-0857-98b5-47d890c00284" testName="Unpack_InsufficientData_ThrowsException" computerName="dadsmbp" duration="00:00:00.0001121" startTime="2025-08-22T08:10:53.5158750-04:00" endTime="2025-08-22T08:10:53.5160180-04:00" testType="13cdc9d9-ddb5-4fa4-a97d-d965ccfc6d4b" outcome="Passed" testListId="8c84fa94-04c1-424b-9868-57a2d4851a1d" relativeResultsDirectory="17fc5a51-1f06-465d-9e23-bed87addd77a" />
    <UnitTestResult executionId="af2ff620-e05f-4046-96da-dd6dc15ffbe3" testId="e3280519-58dc-2950-b834-1a3c0ded5167" testName="Random_NegativeArgument_ThrowsException" computerName="dadsmbp" duration="00:00:00.0001110" startTime="2025-08-22T08:10:53.4550430-04:00" endTime="2025-08-22T08:10:53.4551820-04:00" testType="13cdc9d9-ddb5-4fa4-a97d-d965ccfc6d4b" outcome="Passed" testListId="8c84fa94-04c1-424b-9868-57a2d4851a1d" relativeResultsDirectory="af2ff620-e05f-4046-96da-dd6dc15ffbe3" />
    <UnitTestResult executionId="97e77b4a-70f7-4562-a3be-247901ab4269" testId="7f421944-18a1-cd49-28b2-c2eb69df927a" testName="AsBoolean_NonBooleanValue_ThrowsException" computerName="dadsmbp" duration="00:00:00.0001166" startTime="2025-08-22T08:10:53.5905650-04:00" endTime="2025-08-22T08:10:53.5907270-04:00" testType="13cdc9d9-ddb5-4fa4-a97d-d965ccfc6d4b" outcome="Passed" testListId="8c84fa94-04c1-424b-9868-57a2d4851a1d" relativeResultsDirectory="97e77b4a-70f7-4562-a3be-247901ab4269" />
    <UnitTestResult executionId="7cc99c2b-9327-4a1e-ad50-98b331bc0042" testId="5483ec0e-d8d4-5849-fd6d-6dcc2b8e4eb1" testName="Find_NestedQuantifiers_HandlesComplexPattern" computerName="dadsmbp" duration="00:00:00.0001562" startTime="2025-08-22T08:10:53.5375230-04:00" endTime="2025-08-22T08:10:53.5377030-04:00" testType="13cdc9d9-ddb5-4fa4-a97d-d965ccfc6d4b" outcome="Failed" testListId="8c84fa94-04c1-424b-9868-57a2d4851a1d" relativeResultsDirectory="7cc99c2b-9327-4a1e-ad50-98b331bc0042">
      <Output>
        <ErrorInfo>
          <Message>Assert.AreEqual failed. Expected:&lt;9&gt;. Actual:&lt;4&gt;. </Message>
          <StackTrace>   at FLua.Runtime.LibraryTests.LuaStringLibTests.Find_NestedQuantifiers_HandlesComplexPattern() in /Users/bill/Repos/FLua/FLua.Runtime.LibraryTests/LuaStringLibTests.cs:line 1711
   at System.RuntimeMethodHandle.InvokeMethod(Object target, Void** arguments, Signature sig, Boolean isConstructor)
   at System.Reflection.MethodBaseInvoker.InvokeWithNoArgs(Object obj, BindingFlags invokeAttr)
</StackTrace>
        </ErrorInfo>
      </Output>
    </UnitTestResult>
    <UnitTestResult executionId="1d0a56c0-2794-4dbb-8b8b-ee387a7d0d0b" testId="84f1d4b1-bb44-6663-b053-ada892b94f8c" testName="Pack_UnsignedLong_WorksCorrectly" computerName="dadsmbp" duration="00:00:00.0000605" startTime="2025-08-22T08:10:53.5110150-04:00" endTime="2025-08-22T08:10:53.5110960-04:00" testType="13cdc9d9-ddb5-4fa4-a97d-d965ccfc6d4b" outcome="Passed" testListId="8c84fa94-04c1-424b-9868-57a2d4851a1d" relativeResultsDirectory="1d0a56c0-2794-4dbb-8b8b-ee387a7d0d0b" />
    <UnitTestResult executionId="f971310c-d06e-4b6e-935c-2f38eba0d23d" testId="f207283b-9414-41e7-9954-6e5cbf42bdec" testName="Clock_WithArguments_IgnoresThem" computerName="dadsmbp" duration="00:00:00.0000568" startTime="2025-08-22T08:10:53.4714060-04:00" endTime="2025-08-22T08:10:53.4714830-04:00" testType="13cdc9d9-ddb5-4fa4-a97d-d965ccfc6d4b" outcome="Passed" testListId="8c84fa94-04c1-424b-9868-57a2d4851a1d" relativeResultsDirectory="f971310c-d06e-4b6e-935c-2f38eba0d23d" />
    <UnitTestResult executionId="b234f709-0ad9-4175-ab2e-8333438b8211" testId="853a1028-490c-1729-f33f-53860c4d5e46" testName="ToNumber_InvalidString_ThrowsException" computerName="dadsmbp" duration="00:00:00.0000377" startTime="2025-08-22T08:10:53.5552930-04:00" endTime="2025-08-22T08:10:53.5553850-04:00" testType="13cdc9d9-ddb5-4fa4-a97d-d965ccfc6d4b" outcome="Failed" testListId="8c84fa94-04c1-424b-9868-57a2d4851a1d" relativeResultsDirectory="b234f709-0ad9-4175-ab2e-8333438b8211">
      <Output>
        <ErrorInfo>
          <Message>Test method did not throw expected exception System.InvalidOperationException. </Message>
        </ErrorInfo>
      </Output>
    </UnitTestResult>
    <UnitTestResult executionId="a1f6b6a9-b83c-4077-a466-4934005961c4" testId="f5771f47-72bb-2b74-51a1-2368d016e1ff" testName="Sort_ReverseSorted_GetsReversed" computerName="dadsmbp" duration="00:00:00.0000791" startTime="2025-08-22T08:10:53.5497670-04:00" endTime="2025-08-22T08:10:53.5498630-04:00" testType="13cdc9d9-ddb5-4fa4-a97d-d965ccfc6d4b" outcome="Passed" testListId="8c84fa94-04c1-424b-9868-57a2d4851a1d" relativeResultsDirectory="a1f6b6a9-b83c-4077-a466-4934005961c4" />
    <UnitTestResult executionId="9f7415f3-d730-460e-9450-fa29e214c1ba" testId="9d5e7ccc-a83c-de0a-d9b5-9a6494150899" testName="CreateNumber_DoubleValue_ReturnsFloatLuaValue" computerName="dadsmbp" duration="00:00:00.0000501" startTime="2025-08-22T08:10:53.5778810-04:00" endTime="2025-08-22T08:10:53.5779470-04:00" testType="13cdc9d9-ddb5-4fa4-a97d-d965ccfc6d4b" outcome="Passed" testListId="8c84fa94-04c1-424b-9868-57a2d4851a1d" relativeResultsDirectory="9f7415f3-d730-460e-9450-fa29e214c1ba" />
    <UnitTestResult executionId="47df80ff-8e88-4ce8-9e6f-270bcfa3626c" testId="92019c40-aeec-d92d-3b94-82ab04bad7ea" testName="StringToNumber_NullString_ReturnsNull" computerName="dadsmbp" duration="00:00:00.0002779" startTime="2025-08-22T08:10:53.5634960-04:00" endTime="2025-08-22T08:10:53.5638140-04:00" testType="13cdc9d9-ddb5-4fa4-a97d-d965ccfc6d4b" outcome="Failed" testListId="8c84fa94-04c1-424b-9868-57a2d4851a1d" relativeResultsDirectory="47df80ff-8e88-4ce8-9e6f-270bcfa3626c">
      <Output>
        <ErrorInfo>
          <Message>Test method FLua.Runtime.LibraryTests.LuaTypeConversionTests.StringToNumber_NullString_ReturnsNull threw exception: &#xD;
System.NullReferenceException: Object reference not set to an instance of an object.</Message>
          <StackTrace>    at FLua.Runtime.LuaTypeConversion.StringToNumber(String str, Nullable`1 base_) in /Users/bill/Repos/FLua/FLua.Runtime/LuaTypeConversion.cs:line 179
   at FLua.Runtime.LibraryTests.LuaTypeConversionTests.StringToNumber_NullString_ReturnsNull() in /Users/bill/Repos/FLua/FLua.Runtime.LibraryTests/LuaTypeConversionTests.cs:line 552
   at System.RuntimeMethodHandle.InvokeMethod(Object target, Void** arguments, Signature sig, Boolean isConstructor)
   at System.Reflection.MethodBaseInvoker.InvokeWithNoArgs(Object obj, BindingFlags invokeAttr)
</StackTrace>
        </ErrorInfo>
      </Output>
    </UnitTestResult>
    <UnitTestResult executionId="64608365-6e5e-4d8d-98a5-ac28c29bd7cf" testId="bcb69bb9-380e-15f5-1853-2cf4976f1fae" testName="Dispose_WithChildEnvironments_HandledCorrectly" computerName="dadsmbp" duration="00:00:00.0000643" startTime="2025-08-22T08:10:53.4195050-04:00" endTime="2025-08-22T08:10:53.4195870-04:00" testType="13cdc9d9-ddb5-4fa4-a97d-d965ccfc6d4b" outcome="Passed" testListId="8c84fa94-04c1-424b-9868-57a2d4851a1d" relativeResultsDirectory="64608365-6e5e-4d8d-98a5-ac28c29bd7cf" />
    <UnitTestResult executionId="c9752346-aa22-4b8b-b930-cf56bc73d5d5" testId="2d85723d-d3b9-157a-79e0-814a5b206e52" testName="IsTruthy_TrueBoolean_ReturnsTrue" computerName="dadsmbp" duration="00:00:00.0000202" startTime="2025-08-22T08:10:53.5880430-04:00" endTime="2025-08-22T08:10:53.5880800-04:00" testType="13cdc9d9-ddb5-4fa4-a97d-d965ccfc6d4b" outcome="Passed" testListId="8c84fa94-04c1-424b-9868-57a2d4851a1d" relativeResultsDirectory="c9752346-aa22-4b8b-b930-cf56bc73d5d5" />
    <UnitTestResult executionId="e250fc7d-f471-4fec-9b48-b951d338f6bd" testId="b36a204b-6bba-e0c3-200f-59df401add70" testName="Codes_SingleCharacter_IteratesOnce" computerName="dadsmbp" duration="00:00:00.0001129" startTime="2025-08-22T08:10:53.5738890-04:00" endTime="2025-08-22T08:10:53.5740270-04:00" testType="13cdc9d9-ddb5-4fa4-a97d-d965ccfc6d4b" outcome="Passed" testListId="8c84fa94-04c1-424b-9868-57a2d4851a1d" relativeResultsDirectory="e250fc7d-f471-4fec-9b48-b951d338f6bd" />
    <UnitTestResult executionId="d87ea398-3d16-4d69-9727-1260d6f5ead9" testId="be96acaf-c981-ee90-0d44-8c6bb765af2e" testName="Max_EqualValues_ReturnsFirst" computerName="dadsmbp" duration="00:00:00.0000573" startTime="2025-08-22T08:10:53.4487110-04:00" endTime="2025-08-22T08:10:53.4487910-04:00" testType="13cdc9d9-ddb5-4fa4-a97d-d965ccfc6d4b" outcome="Passed" testListId="8c84fa94-04c1-424b-9868-57a2d4851a1d" relativeResultsDirectory="d87ea398-3d16-4d69-9727-1260d6f5ead9" />
    <UnitTestResult executionId="229b137a-5721-445f-bcf1-b7d9b1a111a7" testId="fad3615d-b120-c546-2daf-144e1c4fd08c" testName="CreateNumber_NaN_ReturnsNaNFloat" computerName="dadsmbp" duration="00:00:00.0000323" startTime="2025-08-22T08:10:53.5788430-04:00" endTime="2025-08-22T08:10:53.5788900-04:00" testType="13cdc9d9-ddb5-4fa4-a97d-d965ccfc6d4b" outcome="Passed" testListId="8c84fa94-04c1-424b-9868-57a2d4851a1d" relativeResultsDirectory="229b137a-5721-445f-bcf1-b7d9b1a111a7" />
    <UnitTestResult executionId="6ac0d9f5-0853-469f-ae03-9f24ba19b08f" testId="3725ed9d-fa75-4215-a7b8-4a32f173aba8" testName="Exp_One_ReturnsE" computerName="dadsmbp" duration="00:00:00.0000422" startTime="2025-08-22T08:10:53.4535040-04:00" endTime="2025-08-22T08:10:53.4535620-04:00" testType="13cdc9d9-ddb5-4fa4-a97d-d965ccfc6d4b" outcome="Passed" testListId="8c84fa94-04c1-424b-9868-57a2d4851a1d" relativeResultsDirectory="6ac0d9f5-0853-469f-ae03-9f24ba19b08f" />
    <UnitTestResult executionId="d0c82f9b-50e5-4917-a943-c3d67497c0c0" testId="7673e8ff-411c-906d-a457-e8d11f56e8fc" testName="GetHashCode_DifferentValues_ReturnsDifferentHashes" computerName="dadsmbp" duration="00:00:00.0001459" startTime="2025-08-22T08:10:53.5877630-04:00" endTime="2025-08-22T08:10:53.5879350-04:00" testType="13cdc9d9-ddb5-4fa4-a97d-d965ccfc6d4b" outcome="Passed" testListId="8c84fa94-04c1-424b-9868-57a2d4851a1d" relativeResultsDirectory="d0c82f9b-50e5-4917-a943-c3d67497c0c0" />
    <UnitTestResult executionId="3ed25c30-db1a-4b17-8eed-046b6fbeff08" testId="7a517512-31db-43a3-ae7d-6a5e831b689f" testName="Assert_Function_WorksCorrectly" computerName="dadsmbp" duration="00:00:00.0003130" startTime="2025-08-22T08:10:53.4168400-04:00" endTime="2025-08-22T08:10:53.4171840-04:00" testType="13cdc9d9-ddb5-4fa4-a97d-d965ccfc6d4b" outcome="Passed" testListId="8c84fa94-04c1-424b-9868-57a2d4851a1d" relativeResultsDirectory="3ed25c30-db1a-4b17-8eed-046b6fbeff08" />
    <UnitTestResult executionId="2f3f2c77-dda4-4ab1-b302-07e6bb5612ac" testId="3549a63c-f3bb-0bf5-9803-5ce3032e3912" testName="Offset_NonIntegerOffset_ThrowsException" computerName="dadsmbp" duration="00:00:00.0001054" startTime="2025-08-22T08:10:53.5727590-04:00" endTime="2025-08-22T08:10:53.5728970-04:00" testType="13cdc9d9-ddb5-4fa4-a97d-d965ccfc6d4b" outcome="Passed" testListId="8c84fa94-04c1-424b-9868-57a2d4851a1d" relativeResultsDirectory="2f3f2c77-dda4-4ab1-b302-07e6bb5612ac" />
    <UnitTestResult executionId="dbb5fd31-a23c-49d2-9d33-6971fd95e291" testId="fff38a50-6978-73d7-97be-0090cd17e9f4" testName="CreateStandardEnvironment_HasBasicFunctions" computerName="dadsmbp" duration="00:00:00.0045003" startTime="2025-08-22T08:10:53.4089650-04:00" endTime="2025-08-22T08:10:53.4135050-04:00" testType="13cdc9d9-ddb5-4fa4-a97d-d965ccfc6d4b" outcome="Passed" testListId="8c84fa94-04c1-424b-9868-57a2d4851a1d" relativeResultsDirectory="dbb5fd31-a23c-49d2-9d33-6971fd95e291" />
    <UnitTestResult executionId="c4f1ee14-e98b-45e5-b25c-e955b9c53dc8" testId="7b538466-a97b-e9ac-673d-c16af3cbdd43" testName="ToLuaString_FloatValue_ReturnsCorrectString" computerName="dadsmbp" duration="00:00:00.0000522" startTime="2025-08-22T08:10:53.5900240-04:00" endTime="2025-08-22T08:10:53.5901080-04:00" testType="13cdc9d9-ddb5-4fa4-a97d-d965ccfc6d4b" outcome="Passed" testListId="8c84fa94-04c1-424b-9868-57a2d4851a1d" relativeResultsDirectory="c4f1ee14-e98b-45e5-b25c-e955b9c53dc8" />
    <UnitTestResult executionId="7c5029ba-8e17-41e6-8731-0083f616a9f2" testId="d8323f7b-b6f4-aef1-d95d-3f7a76da7d37" testName="Random_SingleArgument_ReturnsBetweenOneAndN" computerName="dadsmbp" duration="00:00:00.0000515" startTime="2025-08-22T08:10:53.4548770-04:00" endTime="2025-08-22T08:10:53.4549490-04:00" testType="13cdc9d9-ddb5-4fa4-a97d-d965ccfc6d4b" outcome="Passed" testListId="8c84fa94-04c1-424b-9868-57a2d4851a1d" relativeResultsDirectory="7c5029ba-8e17-41e6-8731-0083f616a9f2" />
    <UnitTestResult executionId="f64d554a-84d1-4c1b-be4a-d26a835f55a3" testId="a8611396-3b36-50d1-03e4-055ad4e763e2" testName="Unpack_WithPosition_StartsAtCorrectOffset" computerName="dadsmbp" duration="00:00:00.0001085" startTime="2025-08-22T08:10:53.5150270-04:00" endTime="2025-08-22T08:10:53.5151580-04:00" testType="13cdc9d9-ddb5-4fa4-a97d-d965ccfc6d4b" outcome="Passed" testListId="8c84fa94-04c1-424b-9868-57a2d4851a1d" relativeResultsDirectory="f64d554a-84d1-4c1b-be4a-d26a835f55a3" />
    <UnitTestResult executionId="456a6d6b-6f27-4007-8f5a-3f46049e2282" testId="975fe394-e7da-977e-affb-fec2f1b47edd" testName="DiffTime_NonNumericSecondArgument_ThrowsException" computerName="dadsmbp" duration="00:00:00.0000975" startTime="2025-08-22T08:10:53.4765670-04:00" endTime="2025-08-22T08:10:53.4766880-04:00" testType="13cdc9d9-ddb5-4fa4-a97d-d965ccfc6d4b" outcome="Passed" testListId="8c84fa94-04c1-424b-9868-57a2d4851a1d" relativeResultsDirectory="456a6d6b-6f27-4007-8f5a-3f46049e2282" />
    <UnitTestResult executionId="36c82506-0fcf-4eec-b787-ee3d23040eab" testId="3b7ba422-b9d0-2025-80df-e1fbf4f7c10c" testName="TryToNumber_StringWithWhitespace_ReturnsNumber" computerName="dadsmbp" duration="00:00:00.0000279" startTime="2025-08-22T08:10:53.5893260-04:00" endTime="2025-08-22T08:10:53.5893700-04:00" testType="13cdc9d9-ddb5-4fa4-a97d-d965ccfc6d4b" outcome="Passed" testListId="8c84fa94-04c1-424b-9868-57a2d4851a1d" relativeResultsDirectory="36c82506-0fcf-4eec-b787-ee3d23040eab" />
    <UnitTestResult executionId="735a2e70-18a7-4d1e-b3ec-c56af525bc3f" testId="fdaf6464-8a8c-65cb-0f1d-55fdb4d37cc5" testName="Ult_UnsignedComparison_ReturnsCorrectResult" computerName="dadsmbp" duration="00:00:00.0002634" startTime="2025-08-22T08:10:53.4588040-04:00" endTime="2025-08-22T08:10:53.4591240-04:00" testType="13cdc9d9-ddb5-4fa4-a97d-d965ccfc6d4b" outcome="Passed" testListId="8c84fa94-04c1-424b-9868-57a2d4851a1d" relativeResultsDirectory="735a2e70-18a7-4d1e-b3ec-c56af525bc3f" />
    <UnitTestResult executionId="fba11b59-ecfa-45e2-8ccb-fdd302dd1a52" testId="32684739-aece-8133-523b-5437cf00c332" testName="FileHandle_Read_BeyondEOF_ReturnsNil" computerName="dadsmbp" duration="00:00:00.0004048" startTime="2025-08-22T08:10:53.4297250-04:00" endTime="2025-08-22T08:10:53.4301600-04:00" testType="13cdc9d9-ddb5-4fa4-a97d-d965ccfc6d4b" outcome="Passed" testListId="8c84fa94-04c1-424b-9868-57a2d4851a1d" relativeResultsDirectory="fba11b59-ecfa-45e2-8ccb-fdd302dd1a52" />
    <UnitTestResult executionId="0f6b589a-de4f-4aa6-bde7-5b971ab04df5" testId="3c540af4-349e-bde0-27be-ef5bab204a0c" testName="Offset_PositiveOffset_MovesForward" computerName="dadsmbp" duration="00:00:00.0000563" startTime="2025-08-22T08:10:53.5719180-04:00" endTime="2025-08-22T08:10:53.5719940-04:00" testType="13cdc9d9-ddb5-4fa4-a97d-d965ccfc6d4b" outcome="Passed" testListId="8c84fa94-04c1-424b-9868-57a2d4851a1d" relativeResultsDirectory="0f6b589a-de4f-4aa6-bde7-5b971ab04df5" />
    <UnitTestResult executionId="3623fb28-6089-4f7a-9226-a1bd0a90a640" testId="b67f05c3-f268-37f5-0e44-5c83fb1f84fb" testName="Len_VeryLongUnicodeString_HandlesCorrectly" computerName="dadsmbp" duration="00:00:00.0000620" startTime="2025-08-22T08:10:53.5754690-04:00" endTime="2025-08-22T08:10:53.5755490-04:00" testType="13cdc9d9-ddb5-4fa4-a97d-d965ccfc6d4b" outcome="Passed" testListId="8c84fa94-04c1-424b-9868-57a2d4851a1d" relativeResultsDirectory="3623fb28-6089-4f7a-9226-a1bd0a90a640" />
    <UnitTestResult executionId="20bc12ad-7501-4d08-b5b0-5201c24371df" testId="e5859f74-ea44-74ff-47ac-165a13d29c4e" testName="GetEnv_EmptyVariableName_ReturnsNil" computerName="dadsmbp" duration="00:00:00.0000482" startTime="2025-08-22T08:10:53.4773190-04:00" endTime="2025-08-22T08:10:53.4773930-04:00" testType="13cdc9d9-ddb5-4fa4-a97d-d965ccfc6d4b" outcome="Passed" testListId="8c84fa94-04c1-424b-9868-57a2d4851a1d" relativeResultsDirectory="20bc12ad-7501-4d08-b5b0-5201c24371df" />
    <UnitTestResult executionId="5f512707-40fe-49c8-87dd-d1bd492db981" testId="9d0e765b-206d-289c-6c70-026befa2bf08" testName="AsDouble_FloatValue_ReturnsDoubleValue" computerName="dadsmbp" duration="00:00:00.0000277" startTime="2025-08-22T08:10:53.5915080-04:00" endTime="2025-08-22T08:10:53.5915530-04:00" testType="13cdc9d9-ddb5-4fa4-a97d-d965ccfc6d4b" outcome="Passed" testListId="8c84fa94-04c1-424b-9868-57a2d4851a1d" relativeResultsDirectory="5f512707-40fe-49c8-87dd-d1bd492db981" />
    <UnitTestResult executionId="fae5fea8-d2a1-4470-b386-5337220b5290" testId="c02a12a3-eb79-001a-eceb-d655add22afb" testName="SetLocalVariable_CreatesInCurrentScope" computerName="dadsmbp" duration="00:00:00.0002725" startTime="2025-08-22T08:10:53.3939680-04:00" endTime="2025-08-22T08:10:53.3942650-04:00" testType="13cdc9d9-ddb5-4fa4-a97d-d965ccfc6d4b" outcome="Passed" testListId="8c84fa94-04c1-424b-9868-57a2d4851a1d" relativeResultsDirectory="fae5fea8-d2a1-4470-b386-5337220b5290" />
    <UnitTestResult executionId="357c8855-7d23-4beb-9d81-764327d65719" testId="2e4b145d-b268-b7b6-608f-1595b9bea834" testName="Insert_AtBeginning_ShiftsAllElements" computerName="dadsmbp" duration="00:00:00.0001427" startTime="2025-08-22T08:10:53.5417050-04:00" endTime="2025-08-22T08:10:53.5418780-04:00" testType="13cdc9d9-ddb5-4fa4-a97d-d965ccfc6d4b" outcome="Passed" testListId="8c84fa94-04c1-424b-9868-57a2d4851a1d" relativeResultsDirectory="357c8855-7d23-4beb-9d81-764327d65719" />
    <UnitTestResult executionId="6297eb9e-54f0-4732-9f58-059503e39b86" testId="98f90aa5-a4eb-5d57-00bb-d3f86c10a7cf" testName="IsNumber_NonNumericValues_ReturnsFalse" computerName="dadsmbp" duration="00:00:00.0000356" startTime="2025-08-22T08:10:53.5791180-04:00" endTime="2025-08-22T08:10:53.5791690-04:00" testType="13cdc9d9-ddb5-4fa4-a97d-d965ccfc6d4b" outcome="Passed" testListId="8c84fa94-04c1-424b-9868-57a2d4851a1d" relativeResultsDirectory="6297eb9e-54f0-4732-9f58-059503e39b86" />
    <UnitTestResult executionId="90998c78-db5b-4e30-8b54-6936e6079836" testId="4cb93273-3097-1b0d-7b2a-2bef26f68fd7" testName="Time_PartialDateTable_FillsDefaults" computerName="dadsmbp" duration="00:00:00.0001259" startTime="2025-08-22T08:10:53.4727630-04:00" endTime="2025-08-22T08:10:53.4729130-04:00" testType="13cdc9d9-ddb5-4fa4-a97d-d965ccfc6d4b" outcome="Passed" testListId="8c84fa94-04c1-424b-9868-57a2d4851a1d" relativeResultsDirectory="90998c78-db5b-4e30-8b54-6936e6079836" />
    <UnitTestResult executionId="f0c3f258-acaf-4212-be64-11c4c4859548" testId="3d768b9a-c4ab-bbaf-9f45-9650c89ece8c" testName="Concat_SimpleArray_JoinsElements" computerName="dadsmbp" duration="00:00:00.0002310" startTime="2025-08-22T08:10:53.5467180-04:00" endTime="2025-08-22T08:10:53.5469660-04:00" testType="13cdc9d9-ddb5-4fa4-a97d-d965ccfc6d4b" outcome="Passed" testListId="8c84fa94-04c1-424b-9868-57a2d4851a1d" relativeResultsDirectory="f0c3f258-acaf-4212-be64-11c4c4859548" />
    <UnitTestResult executionId="0597aa1f-e4e3-4a5b-9df7-5996d1aa613c" testId="a83ddcd3-28fa-aab5-89ca-a841306de32e" testName="Type_NonNumber_ReturnsNil" computerName="dadsmbp" duration="00:00:00.0000405" startTime="2025-08-22T08:10:53.4560460-04:00" endTime="2025-08-22T08:10:53.4561030-04:00" testType="13cdc9d9-ddb5-4fa4-a97d-d965ccfc6d4b" outcome="Passed" testListId="8c84fa94-04c1-424b-9868-57a2d4851a1d" relativeResultsDirectory="0597aa1f-e4e3-4a5b-9df7-5996d1aa613c" />
    <UnitTestResult executionId="d04bb3e4-334d-496d-bacb-11cec1d49128" testId="2cbe5417-e99d-1e00-1b6f-0c1dfa4276fa" testName="Close_InvalidHandle_ThrowsException" computerName="dadsmbp" duration="00:00:00.0001849" startTime="2025-08-22T08:10:53.4396910-04:00" endTime="2025-08-22T08:10:53.4399070-04:00" testType="13cdc9d9-ddb5-4fa4-a97d-d965ccfc6d4b" outcome="Passed" testListId="8c84fa94-04c1-424b-9868-57a2d4851a1d" relativeResultsDirectory="d04bb3e4-334d-496d-bacb-11cec1d49128" />
    <UnitTestResult executionId="7f4bb094-796e-4287-ad7f-8f541902bae9" testId="12900eb4-3074-c08c-c57e-89a65a2ed93b" testName="VariableName_SpecialCharacters_HandledCorrectly" computerName="dadsmbp" duration="00:00:00.0001110" startTime="2025-08-22T08:10:53.4192870-04:00" endTime="2025-08-22T08:10:53.4194270-04:00" testType="13cdc9d9-ddb5-4fa4-a97d-d965ccfc6d4b" outcome="Passed" testListId="8c84fa94-04c1-424b-9868-57a2d4851a1d" relativeResultsDirectory="7f4bb094-796e-4287-ad7f-8f541902bae9" />
    <UnitTestResult executionId="e290ee45-44b7-4f7d-985c-d72fcd458fff" testId="e50414de-0354-82ef-9f8b-66fe1fd6787f" testName="Date_TableFormat_ReturnsDateTable" computerName="dadsmbp" duration="00:00:00.0002756" startTime="2025-08-22T08:10:53.4747540-04:00" endTime="2025-08-22T08:10:53.4750510-04:00" testType="13cdc9d9-ddb5-4fa4-a97d-d965ccfc6d4b" outcome="Passed" testListId="8c84fa94-04c1-424b-9868-57a2d4851a1d" relativeResultsDirectory="e290ee45-44b7-4f7d-985c-d72fcd458fff" />
    <UnitTestResult executionId="1a0c2a9a-c32c-4819-8075-162863633ce4" testId="2f051a86-ec7d-2716-11ce-6dcd168e6855" testName="Pack_Float_PrecisionTest" computerName="dadsmbp" duration="00:00:00.0000931" startTime="2025-08-22T08:10:53.5119500-04:00" endTime="2025-08-22T08:10:53.5120700-04:00" testType="13cdc9d9-ddb5-4fa4-a97d-d965ccfc6d4b" outcome="Passed" testListId="8c84fa94-04c1-424b-9868-57a2d4851a1d" relativeResultsDirectory="1a0c2a9a-c32c-4819-8075-162863633ce4" />
    <UnitTestResult executionId="b222f229-c277-49e5-9766-6604c3a96e4b" testId="8b7b7561-ae52-30ee-a733-a8ffe04da06d" testName="Floor_NearZeroPositive_ReturnsZero" computerName="dadsmbp" duration="00:00:00.0000423" startTime="2025-08-22T08:10:53.4505580-04:00" endTime="2025-08-22T08:10:53.4506180-04:00" testType="13cdc9d9-ddb5-4fa4-a97d-d965ccfc6d4b" outcome="Passed" testListId="8c84fa94-04c1-424b-9868-57a2d4851a1d" relativeResultsDirectory="b222f229-c277-49e5-9766-6604c3a96e4b" />
    <UnitTestResult executionId="b04c6764-2566-4a07-a69d-e41a10d34493" testId="b8768c0b-ea25-073c-58b6-a26a7c43957a" testName="FloorDivide_FloatFloat_ReturnsIntegerResult" computerName="dadsmbp" duration="00:00:00.0003119" startTime="2025-08-22T08:10:53.5856040-04:00" endTime="2025-08-22T08:10:53.5859370-04:00" testType="13cdc9d9-ddb5-4fa4-a97d-d965ccfc6d4b" outcome="Failed" testListId="8c84fa94-04c1-424b-9868-57a2d4851a1d" relativeResultsDirectory="b04c6764-2566-4a07-a69d-e41a10d34493">
      <Output>
        <ErrorInfo>
          <Message>Assert.AreEqual failed. Expected:&lt;Integer&gt;. Actual:&lt;Float&gt;. </Message>
          <StackTrace>   at FLua.Runtime.LibraryTests.LuaValueTests.FloorDivide_FloatFloat_ReturnsIntegerResult() in /Users/bill/Repos/FLua/FLua.Runtime.LibraryTests/LuaValueTests.cs:line 453
   at System.RuntimeMethodHandle.InvokeMethod(Object target, Void** arguments, Signature sig, Boolean isConstructor)
   at System.Reflection.MethodBaseInvoker.InvokeWithNoArgs(Object obj, BindingFlags invokeAttr)
</StackTrace>
        </ErrorInfo>
      </Output>
    </UnitTestResult>
    <UnitTestResult executionId="0072b9c8-c310-42b7-be21-62b9ac00ba3c" testId="f8b35697-a784-9611-59fe-4de3db35410f" testName="Find_NegativePositionBoundary_WorksFromEnd" computerName="dadsmbp" duration="00:00:00.0001658" startTime="2025-08-22T08:10:53.5360000-04:00" endTime="2025-08-22T08:10:53.5361880-04:00" testType="13cdc9d9-ddb5-4fa4-a97d-d965ccfc6d4b" outcome="Failed" testListId="8c84fa94-04c1-424b-9868-57a2d4851a1d" relativeResultsDirectory="0072b9c8-c310-42b7-be21-62b9ac00ba3c">
      <Output>
        <ErrorInfo>
          <Message>Assert.AreEqual failed. Expected:&lt;2&gt;. Actual:&lt;1&gt;. </Message>
          <StackTrace>   at FLua.Runtime.LibraryTests.LuaStringLibTests.Find_NegativePositionBoundary_WorksFromEnd() in /Users/bill/Repos/FLua/FLua.Runtime.LibraryTests/LuaStringLibTests.cs:line 1617
   at System.RuntimeMethodHandle.InvokeMethod(Object target, Void** arguments, Signature sig, Boolean isConstructor)
   at System.Reflection.MethodBaseInvoker.InvokeWithNoArgs(Object obj, BindingFlags invokeAttr)
</StackTrace>
        </ErrorInfo>
      </Output>
    </UnitTestResult>
    <UnitTestResult executionId="ce01f58c-02a1-4eee-b4a1-08f355aa5904" testId="676d6765-26c4-35f0-cf62-f14803cb820f" testName="Remove_NoTable_ThrowsException" computerName="dadsmbp" duration="00:00:00.0001642" startTime="2025-08-22T08:10:53.5445620-04:00" endTime="2025-08-22T08:10:53.5448200-04:00" testType="13cdc9d9-ddb5-4fa4-a97d-d965ccfc6d4b" outcome="Passed" testListId="8c84fa94-04c1-424b-9868-57a2d4851a1d" relativeResultsDirectory="ce01f58c-02a1-4eee-b4a1-08f355aa5904" />
    <UnitTestResult executionId="8442f281-a755-4d6d-99ba-cf421fc9d013" testId="35638a06-e900-359a-f48b-e666ac30a863" testName="Sort_EmptyTable_DoesNothing" computerName="dadsmbp" duration="00:00:00.0000493" startTime="2025-08-22T08:10:53.5494670-04:00" endTime="2025-08-22T08:10:53.5495390-04:00" testType="13cdc9d9-ddb5-4fa4-a97d-d965ccfc6d4b" outcome="Passed" testListId="8c84fa94-04c1-424b-9868-57a2d4851a1d" relativeResultsDirectory="8442f281-a755-4d6d-99ba-cf421fc9d013" />
    <UnitTestResult executionId="eee83379-78fe-4e5c-ac19-601a372fe425" testId="c2318fc6-5106-8e75-97ea-6cec983c0b4a" testName="Pow_AnyNumberToThePowerOfZero_ReturnsOne" computerName="dadsmbp" duration="00:00:00.0000492" startTime="2025-08-22T08:10:53.4545040-04:00" endTime="2025-08-22T08:10:53.4545710-04:00" testType="13cdc9d9-ddb5-4fa4-a97d-d965ccfc6d4b" outcome="Passed" testListId="8c84fa94-04c1-424b-9868-57a2d4851a1d" relativeResultsDirectory="eee83379-78fe-4e5c-ac19-601a372fe425" />
    <UnitTestResult executionId="60a54bf8-0e71-42c1-a9f9-a006c8c9cdd6" testId="34c8f6ea-a53e-f99f-4a93-1184a0ffea1e" testName="Integer_NegativeValue_ReturnsCorrectValue" computerName="dadsmbp" duration="00:00:00.0000332" startTime="2025-08-22T08:10:53.5814970-04:00" endTime="2025-08-22T08:10:53.5815470-04:00" testType="13cdc9d9-ddb5-4fa4-a97d-d965ccfc6d4b" outcome="Passed" testListId="8c84fa94-04c1-424b-9868-57a2d4851a1d" relativeResultsDirectory="60a54bf8-0e71-42c1-a9f9-a006c8c9cdd6" />
    <UnitTestResult executionId="d3226455-2dd2-4adf-8345-ecaedd8a89ce" testId="3d5fbdc9-3b58-e0e1-df82-cbbc53938b74" testName="SetLocale_NumericCategory_SetsLocale" computerName="dadsmbp" duration="00:00:00.0000495" startTime="2025-08-22T08:10:53.4802180-04:00" endTime="2025-08-22T08:10:53.4802920-04:00" testType="13cdc9d9-ddb5-4fa4-a97d-d965ccfc6d4b" outcome="Passed" testListId="8c84fa94-04c1-424b-9868-57a2d4851a1d" relativeResultsDirectory="d3226455-2dd2-4adf-8345-ecaedd8a89ce" />
    <UnitTestResult executionId="51e75078-44a3-46eb-9c5a-5a7ce4decb80" testId="4226b713-abd5-c748-6b0f-bf6bae6ee882" testName="Find_ComplexCharacterClass_TestsClassMatching" computerName="dadsmbp" duration="00:00:00.0001569" startTime="2025-08-22T08:10:53.5379000-04:00" endTime="2025-08-22T08:10:53.5380800-04:00" testType="13cdc9d9-ddb5-4fa4-a97d-d965ccfc6d4b" outcome="Failed" testListId="8c84fa94-04c1-424b-9868-57a2d4851a1d" relativeResultsDirectory="51e75078-44a3-46eb-9c5a-5a7ce4decb80">
      <Output>
        <ErrorInfo>
          <Message>Assert.AreEqual failed. Expected:&lt;2&gt;. Actual:&lt;1&gt;. </Message>
          <StackTrace>   at FLua.Runtime.LibraryTests.LuaStringLibTests.Find_ComplexCharacterClass_TestsClassMatching() in /Users/bill/Repos/FLua/FLua.Runtime.LibraryTests/LuaStringLibTests.cs:line 1729
   at System.RuntimeMethodHandle.InvokeMethod(Object target, Void** arguments, Signature sig, Boolean isConstructor)
   at System.Reflection.MethodBaseInvoker.InvokeWithNoArgs(Object obj, BindingFlags invokeAttr)
</StackTrace>
        </ErrorInfo>
      </Output>
    </UnitTestResult>
    <UnitTestResult executionId="56a39141-6b51-4c1e-890e-0f948dee3c5a" testId="459baa70-2775-96e9-04a2-c39b866a77c2" testName="CodePoint_NewlineCharacter_HandlesCorrectly" computerName="dadsmbp" duration="00:00:00.0000417" startTime="2025-08-22T08:10:53.5751670-04:00" endTime="2025-08-22T08:10:53.5752260-04:00" testType="13cdc9d9-ddb5-4fa4-a97d-d965ccfc6d4b" outcome="Passed" testListId="8c84fa94-04c1-424b-9868-57a2d4851a1d" relativeResultsDirectory="56a39141-6b51-4c1e-890e-0f948dee3c5a" />
    <UnitTestResult executionId="d0d2fea0-61b9-4f10-bfdb-466107b3b06f" testId="6e899d16-ba0b-ff6c-59ed-edc365ee0288" testName="Find_MultipleCaptureGroups_ReturnsAllCaptures" computerName="dadsmbp" duration="00:00:00.0001889" startTime="2025-08-22T08:10:53.5388720-04:00" endTime="2025-08-22T08:10:53.5390870-04:00" testType="13cdc9d9-ddb5-4fa4-a97d-d965ccfc6d4b" outcome="Failed" testListId="8c84fa94-04c1-424b-9868-57a2d4851a1d" relativeResultsDirectory="d0d2fea0-61b9-4f10-bfdb-466107b3b06f">
      <Output>
        <ErrorInfo>
          <Message>Assert.AreEqual failed. Expected:&lt;5&gt;. Actual:&lt;1&gt;. </Message>
          <StackTrace>   at FLua.Runtime.LibraryTests.LuaStringLibTests.Find_MultipleCaptureGroups_ReturnsAllCaptures() in /Users/bill/Repos/FLua/FLua.Runtime.LibraryTests/LuaStringLibTests.cs:line 1764
   at System.RuntimeMethodHandle.InvokeMethod(Object target, Void** arguments, Signature sig, Boolean isConstructor)
   at System.Reflection.MethodBaseInvoker.InvokeWithNoArgs(Object obj, BindingFlags invokeAttr)
</StackTrace>
        </ErrorInfo>
      </Output>
    </UnitTestResult>
    <UnitTestResult executionId="576e2e01-405a-4b3b-9654-e2439be998d5" testId="6cb345b8-8fe9-acca-a881-28eabc3423b0" testName="TmpName_MultipleCallsReturnDifferentNames" computerName="dadsmbp" duration="00:00:00.0003633" startTime="2025-08-22T08:10:53.4823090-04:00" endTime="2025-08-22T08:10:53.4826960-04:00" testType="13cdc9d9-ddb5-4fa4-a97d-d965ccfc6d4b" outcome="Passed" testListId="8c84fa94-04c1-424b-9868-57a2d4851a1d" relativeResultsDirectory="576e2e01-405a-4b3b-9654-e2439be998d5" />
    <UnitTestResult executionId="f2b5aa22-9099-4557-9a74-f9d182f4b370" testId="58df3a5a-211f-7463-8db4-a6f841f19890" testName="Sin_Zero_ReturnsZero" computerName="dadsmbp" duration="00:00:00.0001131" startTime="2025-08-22T08:10:53.4520370-04:00" endTime="2025-08-22T08:10:53.4521690-04:00" testType="13cdc9d9-ddb5-4fa4-a97d-d965ccfc6d4b" outcome="Passed" testListId="8c84fa94-04c1-424b-9868-57a2d4851a1d" relativeResultsDirectory="f2b5aa22-9099-4557-9a74-f9d182f4b370" />
    <UnitTestResult executionId="b51f6277-a452-4e58-ac90-079ffeb5c420" testId="9bc25798-954f-516b-bc34-264993749262" testName="Nil_StaticField_ReturnsNilValue" computerName="dadsmbp" duration="00:00:00.0000620" startTime="2025-08-22T08:10:53.5812420-04:00" endTime="2025-08-22T08:10:53.5813220-04:00" testType="13cdc9d9-ddb5-4fa4-a97d-d965ccfc6d4b" outcome="Passed" testListId="8c84fa94-04c1-424b-9868-57a2d4851a1d" relativeResultsDirectory="b51f6277-a452-4e58-ac90-079ffeb5c420" />
    <UnitTestResult executionId="6274c768-149a-4773-9c49-8823fc2afb51" testId="366317f0-6bff-0005-2442-754d5f63303e" testName="Find_SingleCharacterPattern_MatchesSingleChar" computerName="dadsmbp" duration="00:00:00.0000604" startTime="2025-08-22T08:10:53.5356670-04:00" endTime="2025-08-22T08:10:53.5357510-04:00" testType="13cdc9d9-ddb5-4fa4-a97d-d965ccfc6d4b" outcome="Passed" testListId="8c84fa94-04c1-424b-9868-57a2d4851a1d" relativeResultsDirectory="6274c768-149a-4773-9c49-8823fc2afb51" />
    <UnitTestResult executionId="66aa5d92-72db-4d3d-9102-03ab34323ffd" testId="9b50ae46-74c2-0e66-4e47-9cab9e38eccf" testName="Char_NonIntegerArgument_ThrowsException" computerName="dadsmbp" duration="00:00:00.0001170" startTime="2025-08-22T08:10:53.5698090-04:00" endTime="2025-08-22T08:10:53.5699590-04:00" testType="13cdc9d9-ddb5-4fa4-a97d-d965ccfc6d4b" outcome="Passed" testListId="8c84fa94-04c1-424b-9868-57a2d4851a1d" relativeResultsDirectory="66aa5d92-72db-4d3d-9102-03ab34323ffd" />
    <UnitTestResult executionId="17cf8b35-86b9-4999-a4a4-bc21e9ff3c58" testId="007d7452-e937-5060-143d-1f8bb76c1ca0" testName="Helpers_CreateAndExtract_RoundTrip" computerName="dadsmbp" duration="00:00:00.0000635" startTime="2025-08-22T08:10:53.5801290-04:00" endTime="2025-08-22T08:10:53.5802080-04:00" testType="13cdc9d9-ddb5-4fa4-a97d-d965ccfc6d4b" outcome="Passed" testListId="8c84fa94-04c1-424b-9868-57a2d4851a1d" relativeResultsDirectory="17cf8b35-86b9-4999-a4a4-bc21e9ff3c58" />
    <UnitTestResult executionId="ccda273d-857b-484b-97ed-c0560456f5d9" testId="57f8a2f6-de67-a92d-3675-f9cfbc8e65a2" testName="Abs_NegativeInteger_ReturnsPositive" computerName="dadsmbp" duration="00:00:00.0000530" startTime="2025-08-22T08:10:53.4462860-04:00" endTime="2025-08-22T08:10:53.4463680-04:00" testType="13cdc9d9-ddb5-4fa4-a97d-d965ccfc6d4b" outcome="Passed" testListId="8c84fa94-04c1-424b-9868-57a2d4851a1d" relativeResultsDirectory="ccda273d-857b-484b-97ed-c0560456f5d9" />
    <UnitTestResult executionId="ef179334-01ba-4186-b31e-d71c3432410a" testId="a788033e-bd92-31f1-6a8c-3336c6034218" testName="Remove_NonExistentFile_ReturnsNilWithMessage" computerName="dadsmbp" duration="00:00:00.0001514" startTime="2025-08-22T08:10:53.4814230-04:00" endTime="2025-08-22T08:10:53.4816170-04:00" testType="13cdc9d9-ddb5-4fa4-a97d-d965ccfc6d4b" outcome="Passed" testListId="8c84fa94-04c1-424b-9868-57a2d4851a1d" relativeResultsDirectory="ef179334-01ba-4186-b31e-d71c3432410a" />
    <UnitTestResult executionId="6bf469df-64e2-4695-911e-1f3da81c4c3e" testId="47b82896-45a0-a4a5-9d50-f3fbe1a7464b" testName="Len_NumberAsString_ReturnsStringLength" computerName="dadsmbp" duration="00:00:00.0000503" startTime="2025-08-22T08:10:53.4853610-04:00" endTime="2025-08-22T08:10:53.4854440-04:00" testType="13cdc9d9-ddb5-4fa4-a97d-d965ccfc6d4b" outcome="Passed" testListId="8c84fa94-04c1-424b-9868-57a2d4851a1d" relativeResultsDirectory="6bf469df-64e2-4695-911e-1f3da81c4c3e" />
    <UnitTestResult executionId="a794fa5c-f098-4eb8-92a8-4c06c3e6bbf4" testId="c30f375d-bb42-6c2b-5206-9699f2408f8e" testName="ManyVariables_Performance_Acceptable" computerName="dadsmbp" duration="00:00:00.0006105" startTime="2025-08-22T08:10:53.4195940-04:00" endTime="2025-08-22T08:10:53.4202220-04:00" testType="13cdc9d9-ddb5-4fa4-a97d-d965ccfc6d4b" outcome="Passed" testListId="8c84fa94-04c1-424b-9868-57a2d4851a1d" relativeResultsDirectory="a794fa5c-f098-4eb8-92a8-4c06c3e6bbf4" />
    <UnitTestResult executionId="f35b0f45-ea47-4201-9eed-a37ec33d512d" testId="6f8b2a13-eda3-0198-f134-c98d4de05918" testName="Format_UppercaseHexFormatting_WorksCorrectly" computerName="dadsmbp" duration="00:00:00.0000687" startTime="2025-08-22T08:10:53.4993990-04:00" endTime="2025-08-22T08:10:53.4994960-04:00" testType="13cdc9d9-ddb5-4fa4-a97d-d965ccfc6d4b" outcome="Passed" testListId="8c84fa94-04c1-424b-9868-57a2d4851a1d" relativeResultsDirectory="f35b0f45-ea47-4201-9eed-a37ec33d512d" />
    <UnitTestResult executionId="935e14cc-98cd-474f-bb53-a68150fdbdd7" testId="3543a2c9-757e-2f45-d5df-15b9a0ae61c4" testName="Sort_AlreadySorted_RemainsUnchanged" computerName="dadsmbp" duration="00:00:00.0000851" startTime="2025-08-22T08:10:53.5496560-04:00" endTime="2025-08-22T08:10:53.5497600-04:00" testType="13cdc9d9-ddb5-4fa4-a97d-d965ccfc6d4b" outcome="Passed" testListId="8c84fa94-04c1-424b-9868-57a2d4851a1d" relativeResultsDirectory="935e14cc-98cd-474f-bb53-a68150fdbdd7" />
    <UnitTestResult executionId="abd4c1af-9599-42d0-8e1a-efb140f91a74" testId="ecfd8baf-76be-e64b-eeab-b52cc7f1657d" testName="Abs_PositiveFloat_ReturnsPositive" computerName="dadsmbp" duration="00:00:00.0000484" startTime="2025-08-22T08:10:53.4466020-04:00" endTime="2025-08-22T08:10:53.4466720-04:00" testType="13cdc9d9-ddb5-4fa4-a97d-d965ccfc6d4b" outcome="Passed" testListId="8c84fa94-04c1-424b-9868-57a2d4851a1d" relativeResultsDirectory="abd4c1af-9599-42d0-8e1a-efb140f91a74" />
    <UnitTestResult executionId="1254b4e7-bf10-4cd6-a4f9-8afc3da165e4" testId="629283eb-6177-d626-a123-9129821a348b" testName="ToNumber_BooleanValue_ThrowsException" computerName="dadsmbp" duration="00:00:00.0000299" startTime="2025-08-22T08:10:53.5553920-04:00" endTime="2025-08-22T08:10:53.5554480-04:00" testType="13cdc9d9-ddb5-4fa4-a97d-d965ccfc6d4b" outcome="Failed" testListId="8c84fa94-04c1-424b-9868-57a2d4851a1d" relativeResultsDirectory="1254b4e7-bf10-4cd6-a4f9-8afc3da165e4">
      <Output>
        <ErrorInfo>
          <Message>Test method did not throw expected exception System.InvalidOperationException. </Message>
        </ErrorInfo>
      </Output>
    </UnitTestResult>
    <UnitTestResult executionId="95ec9bc4-6e6a-493e-93c1-c770ef5549ac" testId="3eafc5cf-27e0-505e-a974-21909a6ec104" testName="Unpack_EmptyTable_ReturnsNoElements" computerName="dadsmbp" duration="00:00:00.0000379" startTime="2025-08-22T08:10:53.5514730-04:00" endTime="2025-08-22T08:10:53.5515280-04:00" testType="13cdc9d9-ddb5-4fa4-a97d-d965ccfc6d4b" outcome="Passed" testListId="8c84fa94-04c1-424b-9868-57a2d4851a1d" relativeResultsDirectory="95ec9bc4-6e6a-493e-93c1-c770ef5549ac" />
    <UnitTestResult executionId="c692136b-61d2-4f66-b697-b1396a3f651f" testId="efe6f1f1-276f-48ab-2ff8-8d09cfa65408" testName="Match_NestedCaptureGroups_WorksCorrectly" computerName="dadsmbp" duration="00:00:00.0001892" startTime="2025-08-22T08:10:53.5257210-04:00" endTime="2025-08-22T08:10:53.5259400-04:00" testType="13cdc9d9-ddb5-4fa4-a97d-d965ccfc6d4b" outcome="Failed" testListId="8c84fa94-04c1-424b-9868-57a2d4851a1d" relativeResultsDirectory="c692136b-61d2-4f66-b697-b1396a3f651f">
      <Output>
        <ErrorInfo>
          <Message>Assert.AreEqual failed. Expected:&lt;abc123d&gt;. Actual:&lt;123def&gt;. </Message>
          <StackTrace>   at FLua.Runtime.LibraryTests.LuaStringLibTests.Match_NestedCaptureGroups_WorksCorrectly() in /Users/bill/Repos/FLua/FLua.Runtime.LibraryTests/LuaStringLibTests.cs:line 1233
   at System.RuntimeMethodHandle.InvokeMethod(Object target, Void** arguments, Signature sig, Boolean isConstructor)
   at System.Reflection.MethodBaseInvoker.InvokeWithNoArgs(Object obj, BindingFlags invokeAttr)
</StackTrace>
        </ErrorInfo>
      </Output>
    </UnitTestResult>
    <UnitTestResult executionId="82ebb2e6-5ade-4172-8b2a-dbc42dc34db8" testId="d912bce0-3671-c8d0-96d4-0f06af9e2253" testName="Match_OptionalCaptureGroup_HandlesCorrectly" computerName="dadsmbp" duration="00:00:00.0002032" startTime="2025-08-22T08:10:53.5266870-04:00" endTime="2025-08-22T08:10:53.5269200-04:00" testType="13cdc9d9-ddb5-4fa4-a97d-d965ccfc6d4b" outcome="Failed" testListId="8c84fa94-04c1-424b-9868-57a2d4851a1d" relativeResultsDirectory="82ebb2e6-5ade-4172-8b2a-dbc42dc34db8">
      <Output>
        <ErrorInfo>
          <Message>Assert.AreEqual failed. Expected:&lt;1&gt;. Actual:&lt;0&gt;. </Message>
          <StackTrace>   at FLua.Runtime.LibraryTests.LuaStringLibTests.Match_OptionalCaptureGroup_HandlesCorrectly() in /Users/bill/Repos/FLua/FLua.Runtime.LibraryTests/LuaStringLibTests.cs:line 1252
   at System.RuntimeMethodHandle.InvokeMethod(Object target, Void** arguments, Signature sig, Boolean isConstructor)
   at System.Reflection.MethodBaseInvoker.InvokeWithNoArgs(Object obj, BindingFlags invokeAttr)
</StackTrace>
        </ErrorInfo>
      </Output>
    </UnitTestResult>
    <UnitTestResult executionId="d1ba56de-019e-400f-ac39-2baa88f5cde9" testId="867b7719-8272-a309-02c4-493cf6c3a6c5" testName="ToString_NilValue_ThrowsException" computerName="dadsmbp" duration="00:00:00.0000218" startTime="2025-08-22T08:10:53.5581510-04:00" endTime="2025-08-22T08:10:53.5581980-04:00" testType="13cdc9d9-ddb5-4fa4-a97d-d965ccfc6d4b" outcome="Failed" testListId="8c84fa94-04c1-424b-9868-57a2d4851a1d" relativeResultsDirectory="d1ba56de-019e-400f-ac39-2baa88f5cde9">
      <Output>
        <ErrorInfo>
          <Message>Test method did not throw expected exception System.InvalidOperationException. </Message>
        </ErrorInfo>
      </Output>
    </UnitTestResult>
    <UnitTestResult executionId="00b7e929-dd45-4885-a6b1-374a044d6749" testId="7e5098ca-337c-500f-febe-1538d90cbf3b" testName="Pack_FixedString_Truncation" computerName="dadsmbp" duration="00:00:00.0000820" startTime="2025-08-22T08:10:53.5128510-04:00" endTime="2025-08-22T08:10:53.5129650-04:00" testType="13cdc9d9-ddb5-4fa4-a97d-d965ccfc6d4b" outcome="Passed" testListId="8c84fa94-04c1-424b-9868-57a2d4851a1d" relativeResultsDirectory="00b7e929-dd45-4885-a6b1-374a044d6749" />
    <UnitTestResult executionId="60a2187d-6048-4791-a98d-d3a94d2521f4" testId="60d50c97-5182-9a55-77f0-c93956e2a219" testName="FMod_ValidArguments_ReturnsRemainder" computerName="dadsmbp" duration="00:00:00.0001634" startTime="2025-08-22T08:10:53.4512730-04:00" endTime="2025-08-22T08:10:53.4514590-04:00" testType="13cdc9d9-ddb5-4fa4-a97d-d965ccfc6d4b" outcome="Passed" testListId="8c84fa94-04c1-424b-9868-57a2d4851a1d" relativeResultsDirectory="60a2187d-6048-4791-a98d-d3a94d2521f4" />
    <UnitTestResult executionId="94ef2912-6904-4f63-8632-6e8b0ca88e4c" testId="4bab1271-a1c2-887f-6fbf-41dd45181049" testName="Type_ClosedFileHandle_ReturnsClosedFile" computerName="dadsmbp" duration="00:00:00.0003152" startTime="2025-08-22T08:10:53.4362730-04:00" endTime="2025-08-22T08:10:53.4366130-04:00" testType="13cdc9d9-ddb5-4fa4-a97d-d965ccfc6d4b" outcome="Passed" testListId="8c84fa94-04c1-424b-9868-57a2d4851a1d" relativeResultsDirectory="94ef2912-6904-4f63-8632-6e8b0ca88e4c" />
    <UnitTestResult executionId="75a36a6c-eb5c-459d-afb3-daca7fc290b8" testId="dac940c8-7974-39d2-69a3-556042fa8985" testName="ToNumber_ZeroString_ReturnsZero" computerName="dadsmbp" duration="00:00:00.0000377" startTime="2025-08-22T08:10:53.5552240-04:00" endTime="2025-08-22T08:10:53.5552850-04:00" testType="13cdc9d9-ddb5-4fa4-a97d-d965ccfc6d4b" outcome="Passed" testListId="8c84fa94-04c1-424b-9868-57a2d4851a1d" relativeResultsDirectory="75a36a6c-eb5c-459d-afb3-daca7fc290b8" />
    <UnitTestResult executionId="82375c31-e00d-4a85-99b3-b2520101880e" testId="9186ebd9-ad74-9a93-7846-3306a04539b9" testName="Codes_VeryLongString_IteratesCorrectly" computerName="dadsmbp" duration="00:00:00.0001713" startTime="2025-08-22T08:10:53.5755550-04:00" endTime="2025-08-22T08:10:53.5757440-04:00" testType="13cdc9d9-ddb5-4fa4-a97d-d965ccfc6d4b" outcome="Passed" testListId="8c84fa94-04c1-424b-9868-57a2d4851a1d" relativeResultsDirectory="82375c31-e00d-4a85-99b3-b2520101880e" />
    <UnitTestResult executionId="819fa659-5e06-4557-b0b4-e2f4a8456d13" testId="8f0bef6f-7b97-da84-7a3f-0c88521dd779" testName="Char_ASCIICodePoints_ReturnsString" computerName="dadsmbp" duration="00:00:00.0003462" startTime="2025-08-22T08:10:53.5681950-04:00" endTime="2025-08-22T08:10:53.5685620-04:00" testType="13cdc9d9-ddb5-4fa4-a97d-d965ccfc6d4b" outcome="Passed" testListId="8c84fa94-04c1-424b-9868-57a2d4851a1d" relativeResultsDirectory="819fa659-5e06-4557-b0b4-e2f4a8456d13" />
    <UnitTestResult executionId="48d7e0ee-4636-480c-b325-ea5bd9e6e47c" testId="ef807e78-f429-6b6c-27f3-a7216cb3bccc" testName="Concat_EmptyTable_ReturnsEmptyString" computerName="dadsmbp" duration="00:00:00.0000438" startTime="2025-08-22T08:10:53.5474960-04:00" endTime="2025-08-22T08:10:53.5475580-04:00" testType="13cdc9d9-ddb5-4fa4-a97d-d965ccfc6d4b" outcome="Passed" testListId="8c84fa94-04c1-424b-9868-57a2d4851a1d" relativeResultsDirectory="48d7e0ee-4636-480c-b325-ea5bd9e6e47c" />
    <UnitTestResult executionId="094b040f-d788-4abb-9a4c-2326f0930b3a" testId="c95181fb-a469-7e1a-e0b7-34c883e587b6" testName="StringToNumber_InvalidString_ReturnsNull" computerName="dadsmbp" duration="00:00:00.0000672" startTime="2025-08-22T08:10:53.5633170-04:00" endTime="2025-08-22T08:10:53.5634290-04:00" testType="13cdc9d9-ddb5-4fa4-a97d-d965ccfc6d4b" outcome="Passed" testListId="8c84fa94-04c1-424b-9868-57a2d4851a1d" relativeResultsDirectory="094b040f-d788-4abb-9a4c-2326f0930b3a" />
    <UnitTestResult executionId="7c729967-c02a-4315-a971-a94ff5acf922" testId="2446aa42-9f87-998d-b9e3-20d1c568d1b1" testName="Find_EscapeSequences_MatchesSpecialCharacters" computerName="dadsmbp" duration="00:00:00.0000660" startTime="2025-08-22T08:10:53.5343840-04:00" endTime="2025-08-22T08:10:53.5344760-04:00" testType="13cdc9d9-ddb5-4fa4-a97d-d965ccfc6d4b" outcome="Passed" testListId="8c84fa94-04c1-424b-9868-57a2d4851a1d" relativeResultsDirectory="7c729967-c02a-4315-a971-a94ff5acf922" />
    <UnitTestResult executionId="49dc63d0-1d8d-4d06-94da-ca154c179094" testId="7313386a-5d26-9aa2-0acf-f3c0e885a30b" testName="Find_StartBeyondStringLength_ReturnsNil" computerName="dadsmbp" duration="00:00:00.0000498" startTime="2025-08-22T08:10:53.4943810-04:00" endTime="2025-08-22T08:10:53.4944630-04:00" testType="13cdc9d9-ddb5-4fa4-a97d-d965ccfc6d4b" outcome="Passed" testListId="8c84fa94-04c1-424b-9868-57a2d4851a1d" relativeResultsDirectory="49dc63d0-1d8d-4d06-94da-ca154c179094" />
    <UnitTestResult executionId="40f4bd39-9e57-4c3d-a067-09f6ec175efa" testId="328622fb-d298-7a58-c8df-ac1300e888a2" testName="Char_ZeroCodePoint_ReturnsNullCharacter" computerName="dadsmbp" duration="00:00:00.0000385" startTime="2025-08-22T08:10:53.5687770-04:00" endTime="2025-08-22T08:10:53.5688320-04:00" testType="13cdc9d9-ddb5-4fa4-a97d-d965ccfc6d4b" outcome="Passed" testListId="8c84fa94-04c1-424b-9868-57a2d4851a1d" relativeResultsDirectory="40f4bd39-9e57-4c3d-a067-09f6ec175efa" />
    <UnitTestResult executionId="2e3da338-bee0-4583-b9e1-327338533e4f" testId="5fc26d7f-904c-f092-0a78-2a57fde6bffe" testName="ToNumber_NilValue_ThrowsException" computerName="dadsmbp" duration="00:00:00.0000283" startTime="2025-08-22T08:10:53.5559090-04:00" endTime="2025-08-22T08:10:53.5559730-04:00" testType="13cdc9d9-ddb5-4fa4-a97d-d965ccfc6d4b" outcome="Failed" testListId="8c84fa94-04c1-424b-9868-57a2d4851a1d" relativeResultsDirectory="2e3da338-bee0-4583-b9e1-327338533e4f">
      <Output>
        <ErrorInfo>
          <Message>Test method did not throw expected exception System.InvalidOperationException. </Message>
        </ErrorInfo>
      </Output>
    </UnitTestResult>
    <UnitTestResult executionId="8ff90144-dca2-4b25-8f34-91c0b435c435" testId="c8755625-971f-3215-9a42-f4870a9948c6" testName="GSub_NoMatches_ReturnsOriginal" computerName="dadsmbp" duration="00:00:00.0000860" startTime="2025-08-22T08:10:53.5325770-04:00" endTime="2025-08-22T08:10:53.5326900-04:00" testType="13cdc9d9-ddb5-4fa4-a97d-d965ccfc6d4b" outcome="Passed" testListId="8c84fa94-04c1-424b-9868-57a2d4851a1d" relativeResultsDirectory="8ff90144-dca2-4b25-8f34-91c0b435c435" />
    <UnitTestResult executionId="bd955694-4137-437f-8bba-9526ba6b9309" testId="02dc116f-8b19-4672-020d-011c8a6b46a7" testName="UnaryMinus_PositiveInteger_ReturnsNegative" computerName="dadsmbp" duration="00:00:00.0000951" startTime="2025-08-22T08:10:53.5866250-04:00" endTime="2025-08-22T08:10:53.5867420-04:00" testType="13cdc9d9-ddb5-4fa4-a97d-d965ccfc6d4b" outcome="Passed" testListId="8c84fa94-04c1-424b-9868-57a2d4851a1d" relativeResultsDirectory="bd955694-4137-437f-8bba-9526ba6b9309" />
    <UnitTestResult executionId="b62e208a-7040-4166-a06a-3f615676b0cd" testId="f3647307-8fa1-ea9a-d61e-ff0e0e3b3c0f" testName="Move_NonTableSource_ThrowsException" computerName="dadsmbp" duration="00:00:00.0001055" startTime="2025-08-22T08:10:53.5465830-04:00" endTime="2025-08-22T08:10:53.5467110-04:00" testType="13cdc9d9-ddb5-4fa4-a97d-d965ccfc6d4b" outcome="Passed" testListId="8c84fa94-04c1-424b-9868-57a2d4851a1d" relativeResultsDirectory="b62e208a-7040-4166-a06a-3f615676b0cd" />
    <UnitTestResult executionId="b492d297-24d1-42b9-b504-d466ec384c09" testId="17a80196-cc70-f363-61a5-e5d1b115cb9c" testName="TryGetFloat_FloatValue_ReturnsTrue" computerName="dadsmbp" duration="00:00:00.0000747" startTime="2025-08-22T08:10:53.5882750-04:00" endTime="2025-08-22T08:10:53.5883670-04:00" testType="13cdc9d9-ddb5-4fa4-a97d-d965ccfc6d4b" outcome="Passed" testListId="8c84fa94-04c1-424b-9868-57a2d4851a1d" relativeResultsDirectory="b492d297-24d1-42b9-b504-d466ec384c09" />
    <UnitTestResult executionId="5af9479c-0fae-46c7-b63b-96e96c8635bf" testId="b20a0e51-1563-a968-27f7-785c41b1392c" testName="Find_UnbalancedCaptures_HandlesGracefully" computerName="dadsmbp" duration="00:00:00.0001595" startTime="2025-08-22T08:10:53.5373320-04:00" endTime="2025-08-22T08:10:53.5375160-04:00" testType="13cdc9d9-ddb5-4fa4-a97d-d965ccfc6d4b" outcome="Failed" testListId="8c84fa94-04c1-424b-9868-57a2d4851a1d" relativeResultsDirectory="5af9479c-0fae-46c7-b63b-96e96c8635bf">
      <Output>
        <ErrorInfo>
          <Message>Assert.AreEqual failed. Expected:&lt;2&gt;. Actual:&lt;1&gt;. </Message>
          <StackTrace>   at FLua.Runtime.LibraryTests.LuaStringLibTests.Find_UnbalancedCaptures_HandlesGracefully() in /Users/bill/Repos/FLua/FLua.Runtime.LibraryTests/LuaStringLibTests.cs:line 1695
   at System.RuntimeMethodHandle.InvokeMethod(Object target, Void** arguments, Signature sig, Boolean isConstructor)
   at System.Reflection.MethodBaseInvoker.InvokeWithNoArgs(Object obj, BindingFlags invokeAttr)
</StackTrace>
        </ErrorInfo>
      </Output>
    </UnitTestResult>
    <UnitTestResult executionId="06f92886-9622-43e5-8419-41f5f386558c" testId="14dff083-c9f6-edb1-f839-0afb5426adcd" testName="IsNumber_FloatValue_ReturnsTrue" computerName="dadsmbp" duration="00:00:00.0000241" startTime="2025-08-22T08:10:53.5790740-04:00" endTime="2025-08-22T08:10:53.5791120-04:00" testType="13cdc9d9-ddb5-4fa4-a97d-d965ccfc6d4b" outcome="Passed" testListId="8c84fa94-04c1-424b-9868-57a2d4851a1d" relativeResultsDirectory="06f92886-9622-43e5-8419-41f5f386558c" />
    <UnitTestResult executionId="97fb9597-c143-4b1f-b992-9a1d224a8bee" testId="9f9f5600-a201-c1c7-8801-7f54257744c2" testName="AsIntegerValue_IntegerValue_ReturnsValue" computerName="dadsmbp" duration="00:00:00.0001155" startTime="2025-08-22T08:10:53.5913660-04:00" endTime="2025-08-22T08:10:53.5915000-04:00" testType="13cdc9d9-ddb5-4fa4-a97d-d965ccfc6d4b" outcome="Passed" testListId="8c84fa94-04c1-424b-9868-57a2d4851a1d" relativeResultsDirectory="97fb9597-c143-4b1f-b992-9a1d224a8bee" />
    <UnitTestResult executionId="630e02bc-9d49-4713-aafc-b65976994505" testId="fe09da01-1fdc-84de-24ce-f3ff05ac9669" testName="Float_NegativeInfinity_ReturnsCorrectValue" computerName="dadsmbp" duration="00:00:00.0000348" startTime="2025-08-22T08:10:53.5827100-04:00" endTime="2025-08-22T08:10:53.5827640-04:00" testType="13cdc9d9-ddb5-4fa4-a97d-d965ccfc6d4b" outcome="Passed" testListId="8c84fa94-04c1-424b-9868-57a2d4851a1d" relativeResultsDirectory="630e02bc-9d49-4713-aafc-b65976994505" />
    <UnitTestResult executionId="0467015f-9ffe-4f3c-8f09-0a53ab54d0a5" testId="ad77e077-f60b-047c-5056-ff5f5b8ab833" testName="IsTruthy_FalseBoolean_ReturnsFalse" computerName="dadsmbp" duration="00:00:00.0000217" startTime="2025-08-22T08:10:53.5879970-04:00" endTime="2025-08-22T08:10:53.5880360-04:00" testType="13cdc9d9-ddb5-4fa4-a97d-d965ccfc6d4b" outcome="Passed" testListId="8c84fa94-04c1-424b-9868-57a2d4851a1d" relativeResultsDirectory="0467015f-9ffe-4f3c-8f09-0a53ab54d0a5" />
    <UnitTestResult executionId="2edf7035-020b-4e56-8738-8a88dbccfd04" testId="40d7ff11-e73a-2f04-0d03-5c1ccdae7938" testName="Unpack_WithRange_ReturnsSubset" computerName="dadsmbp" duration="00:00:00.0001017" startTime="2025-08-22T08:10:53.5513450-04:00" endTime="2025-08-22T08:10:53.5514650-04:00" testType="13cdc9d9-ddb5-4fa4-a97d-d965ccfc6d4b" outcome="Passed" testListId="8c84fa94-04c1-424b-9868-57a2d4851a1d" relativeResultsDirectory="2edf7035-020b-4e56-8738-8a88dbccfd04" />
    <UnitTestResult executionId="16e7f6bf-d803-43a1-874a-7d99cec02ff1" testId="196d6ce2-55a5-ba7c-0853-11dff621fc56" testName="Format_LeftAlignFlag_AlignCorrectly" computerName="dadsmbp" duration="00:00:00.0000712" startTime="2025-08-22T08:10:53.5040510-04:00" endTime="2025-08-22T08:10:53.5041510-04:00" testType="13cdc9d9-ddb5-4fa4-a97d-d965ccfc6d4b" outcome="Passed" testListId="8c84fa94-04c1-424b-9868-57a2d4851a1d" relativeResultsDirectory="16e7f6bf-d803-43a1-874a-7d99cec02ff1" />
    <UnitTestResult executionId="fd210ac3-2a84-4b70-9f83-9077acd4366c" testId="3afc9177-ad93-b9af-75ec-7097ea116058" testName="Sin_PiOver2_ReturnsOne" computerName="dadsmbp" duration="00:00:00.0000450" startTime="2025-08-22T08:10:53.4521760-04:00" endTime="2025-08-22T08:10:53.4522380-04:00" testType="13cdc9d9-ddb5-4fa4-a97d-d965ccfc6d4b" outcome="Passed" testListId="8c84fa94-04c1-424b-9868-57a2d4851a1d" relativeResultsDirectory="fd210ac3-2a84-4b70-9f83-9077acd4366c" />
    <UnitTestResult executionId="c2c574da-ab02-4101-9e8e-e9d078b7e2a3" testId="1e299a37-0f21-4ef3-9262-0e3c73eced5f" testName="StringToNumber_NegativeFloat_ReturnsCorrectValue" computerName="dadsmbp" duration="00:00:00.0000474" startTime="2025-08-22T08:10:53.5603380-04:00" endTime="2025-08-22T08:10:53.5604030-04:00" testType="13cdc9d9-ddb5-4fa4-a97d-d965ccfc6d4b" outcome="Passed" testListId="8c84fa94-04c1-424b-9868-57a2d4851a1d" relativeResultsDirectory="c2c574da-ab02-4101-9e8e-e9d078b7e2a3" />
    <UnitTestResult executionId="35dea53f-ee6d-4d1a-9853-dc173b0b9428" testId="ce6e61f0-02b6-b566-1b38-58cf8c7eddc5" testName="Format_FloatFormatting_WorksCorrectly" computerName="dadsmbp" duration="00:00:00.0003562" startTime="2025-08-22T08:10:53.4984260-04:00" endTime="2025-08-22T08:10:53.4988110-04:00" testType="13cdc9d9-ddb5-4fa4-a97d-d965ccfc6d4b" outcome="Passed" testListId="8c84fa94-04c1-424b-9868-57a2d4851a1d" relativeResultsDirectory="35dea53f-ee6d-4d1a-9853-dc173b0b9428" />
    <UnitTestResult executionId="56a23193-ba01-46b9-a051-e8d733f15777" testId="970a1107-4220-944c-48b9-92f435716a22" testName="Pack_SingleArgument_PacksCorrectly" computerName="dadsmbp" duration="00:00:00.0000874" startTime="2025-08-22T08:10:53.5502830-04:00" endTime="2025-08-22T08:10:53.5503880-04:00" testType="13cdc9d9-ddb5-4fa4-a97d-d965ccfc6d4b" outcome="Passed" testListId="8c84fa94-04c1-424b-9868-57a2d4851a1d" relativeResultsDirectory="56a23193-ba01-46b9-a051-e8d733f15777" />
    <UnitTestResult executionId="31f6a135-4a5c-4a92-945b-46d9f925cf80" testId="f440d74d-4659-d24e-4f36-0923af04b8c4" testName="SetLocalVariable_WithAttributes_HandlesCorrectly" computerName="dadsmbp" duration="00:00:00.0000648" startTime="2025-08-22T08:10:53.3942760-04:00" endTime="2025-08-22T08:10:53.3943620-04:00" testType="13cdc9d9-ddb5-4fa4-a97d-d965ccfc6d4b" outcome="Passed" testListId="8c84fa94-04c1-424b-9868-57a2d4851a1d" relativeResultsDirectory="31f6a135-4a5c-4a92-945b-46d9f925cf80" />
    <UnitTestResult executionId="d68e0893-0cba-4809-b580-23a9945dfb85" testId="fec56cd7-fb5f-0c08-56f9-cb7ab79fe2c6" testName="ToLuaString_IntegerValue_ReturnsCorrectString" computerName="dadsmbp" duration="00:00:00.0000293" startTime="2025-08-22T08:10:53.5895950-04:00" endTime="2025-08-22T08:10:53.5896410-04:00" testType="13cdc9d9-ddb5-4fa4-a97d-d965ccfc6d4b" outcome="Passed" testListId="8c84fa94-04c1-424b-9868-57a2d4851a1d" relativeResultsDirectory="d68e0893-0cba-4809-b580-23a9945dfb85" />
    <UnitTestResult executionId="d9426d27-7598-4549-94cb-2314dd960ec5" testId="53fcdc6f-1a53-2c37-03c9-02277540dcfe" testName="Match_VeryLongString_HandlesCorrectly" computerName="dadsmbp" duration="00:00:00.0001068" startTime="2025-08-22T08:10:53.5301610-04:00" endTime="2025-08-22T08:10:53.5302910-04:00" testType="13cdc9d9-ddb5-4fa4-a97d-d965ccfc6d4b" outcome="Passed" testListId="8c84fa94-04c1-424b-9868-57a2d4851a1d" relativeResultsDirectory="d9426d27-7598-4549-94cb-2314dd960ec5" />
    <UnitTestResult executionId="e906a29c-df83-4fe6-ab0d-7039096320ab" testId="092d3db4-bd27-e826-9b24-629c17ea85e9" testName="AsInteger_NonIntegerValue_ThrowsException" computerName="dadsmbp" duration="00:00:00.0001003" startTime="2025-08-22T08:10:53.5910940-04:00" endTime="2025-08-22T08:10:53.5912310-04:00" testType="13cdc9d9-ddb5-4fa4-a97d-d965ccfc6d4b" outcome="Passed" testListId="8c84fa94-04c1-424b-9868-57a2d4851a1d" relativeResultsDirectory="e906a29c-df83-4fe6-ab0d-7039096320ab" />
    <UnitTestResult executionId="ac6b4dde-bace-4d99-bac7-46e9744b3bb8" testId="e262bede-1020-7909-9238-a0d4967d85cc" testName="Char_NegativeCodePoint_ThrowsException" computerName="dadsmbp" duration="00:00:00.0001117" startTime="2025-08-22T08:10:53.5689640-04:00" endTime="2025-08-22T08:10:53.5691020-04:00" testType="13cdc9d9-ddb5-4fa4-a97d-d965ccfc6d4b" outcome="Passed" testListId="8c84fa94-04c1-424b-9868-57a2d4851a1d" relativeResultsDirectory="ac6b4dde-bace-4d99-bac7-46e9744b3bb8" />
    <UnitTestResult executionId="ede6aa5d-b2a5-4c5a-974f-26e1e9421b1b" testId="4b5a73e9-cab1-5370-0e7f-190c57a4b5c3" testName="SetLocale_NoArguments_ReturnsCurrentLocale" computerName="dadsmbp" duration="00:00:00.0003151" startTime="2025-08-22T08:10:53.4776090-04:00" endTime="2025-08-22T08:10:53.4779420-04:00" testType="13cdc9d9-ddb5-4fa4-a97d-d965ccfc6d4b" outcome="Passed" testListId="8c84fa94-04c1-424b-9868-57a2d4851a1d" relativeResultsDirectory="ede6aa5d-b2a5-4c5a-974f-26e1e9421b1b" />
    <UnitTestResult executionId="b6a77351-6f7c-4845-8526-40f05ed30002" testId="92d40d22-aa79-198f-78bb-e1b4434c8a26" testName="Clock_ReturnsPositiveNumber" computerName="dadsmbp" duration="00:00:00.0006287" startTime="2025-08-22T08:10:53.4591380-04:00" endTime="2025-08-22T08:10:53.4598930-04:00" testType="13cdc9d9-ddb5-4fa4-a97d-d965ccfc6d4b" outcome="Passed" testListId="8c84fa94-04c1-424b-9868-57a2d4851a1d" relativeResultsDirectory="b6a77351-6f7c-4845-8526-40f05ed30002" />
    <UnitTestResult executionId="7b5ed2ee-7ff7-4d87-9137-51665cde69c2" testId="c5d177fc-0ecf-39b8-b3e2-28dbec2edf0d" testName="Match_DotWildcard_MatchesAnyCharacter" computerName="dadsmbp" duration="00:00:00.0000599" startTime="2025-08-22T08:10:53.5172060-04:00" endTime="2025-08-22T08:10:53.5172940-04:00" testType="13cdc9d9-ddb5-4fa4-a97d-d965ccfc6d4b" outcome="Passed" testListId="8c84fa94-04c1-424b-9868-57a2d4851a1d" relativeResultsDirectory="7b5ed2ee-7ff7-4d87-9137-51665cde69c2" />
    <UnitTestResult executionId="c2012947-3838-4760-b589-8fb7d3629d88" testId="a738a1c0-e979-fed3-ccac-c70172ed8a79" testName="Random_TwoArguments_ReturnsBetweenMAndN" computerName="dadsmbp" duration="00:00:00.0000588" startTime="2025-08-22T08:10:53.4549560-04:00" endTime="2025-08-22T08:10:53.4550350-04:00" testType="13cdc9d9-ddb5-4fa4-a97d-d965ccfc6d4b" outcome="Passed" testListId="8c84fa94-04c1-424b-9868-57a2d4851a1d" relativeResultsDirectory="c2012947-3838-4760-b589-8fb7d3629d88" />
    <UnitTestResult executionId="caf54dd5-0ba2-41e6-afa3-d15c7605604e" testId="2510cad0-dba4-2567-1491-42328e012c5c" testName="Find_StarQuantifierWithSpaces_KnownLimitation" computerName="dadsmbp" startTime="2025-08-22T08:10:53.5396700-04:00" endTime="2025-08-22T08:10:53.5396880-04:00" testType="13cdc9d9-ddb5-4fa4-a97d-d965ccfc6d4b" outcome="NotExecuted" testListId="8c84fa94-04c1-424b-9868-57a2d4851a1d" relativeResultsDirectory="caf54dd5-0ba2-41e6-afa3-d15c7605604e">
      <Output>
        <ErrorInfo>
          <Message>Known implementation gap: Star quantifier returns zero-width matches</Message>
        </ErrorInfo>
      </Output>
    </UnitTestResult>
    <UnitTestResult executionId="b2977bd4-9cca-4112-b8da-27864507a242" testId="c5f6a300-0605-66f5-f86b-813f6490bc39" testName="Find_AnchorStart_MatchesBeginning" computerName="dadsmbp" duration="00:00:00.0000780" startTime="2025-08-22T08:10:53.5337720-04:00" endTime="2025-08-22T08:10:53.5338790-04:00" testType="13cdc9d9-ddb5-4fa4-a97d-d965ccfc6d4b" outcome="Passed" testListId="8c84fa94-04c1-424b-9868-57a2d4851a1d" relativeResultsDirectory="b2977bd4-9cca-4112-b8da-27864507a242" />
    <UnitTestResult executionId="0c9d9bcb-2e39-4f1d-838a-fb46a5493469" testId="77384db3-4321-1fbc-042f-30de6613acfa" testName="Sub_StartGreaterThanEnd_ReturnsEmptyString" computerName="dadsmbp" duration="00:00:00.0000551" startTime="2025-08-22T08:10:53.4863960-04:00" endTime="2025-08-22T08:10:53.4864730-04:00" testType="13cdc9d9-ddb5-4fa4-a97d-d965ccfc6d4b" outcome="Passed" testListId="8c84fa94-04c1-424b-9868-57a2d4851a1d" relativeResultsDirectory="0c9d9bcb-2e39-4f1d-838a-fb46a5493469" />
    <UnitTestResult executionId="0e3ae288-86ea-4902-a771-a3b1e62bf046" testId="51ec0946-f9f5-840d-31a4-2c42c422cf9d" testName="FMod_NegativeDividend_ReturnsNegativeRemainder" computerName="dadsmbp" duration="00:00:00.0000486" startTime="2025-08-22T08:10:53.4515480-04:00" endTime="2025-08-22T08:10:53.4516160-04:00" testType="13cdc9d9-ddb5-4fa4-a97d-d965ccfc6d4b" outcome="Passed" testListId="8c84fa94-04c1-424b-9868-57a2d4851a1d" relativeResultsDirectory="0e3ae288-86ea-4902-a771-a3b1e62bf046" />
    <UnitTestResult executionId="5d6f1648-38c2-4bcb-91db-931af862c4ce" testId="e899062e-6894-38dc-a3d4-ea350524792f" testName="Codes_UnicodeString_IteratesCodePoints" computerName="dadsmbp" duration="00:00:00.0001626" startTime="2025-08-22T08:10:53.5734620-04:00" endTime="2025-08-22T08:10:53.5736700-04:00" testType="13cdc9d9-ddb5-4fa4-a97d-d965ccfc6d4b" outcome="Passed" testListId="8c84fa94-04c1-424b-9868-57a2d4851a1d" relativeResultsDirectory="5d6f1648-38c2-4bcb-91db-931af862c4ce" />
    <UnitTestResult executionId="436d81ea-de7b-414e-b3b7-95c5c3061ab8" testId="db5a89db-b439-9b2a-f537-73650ad78de0" testName="Upper_EmptyString_ReturnsEmpty" computerName="dadsmbp" duration="00:00:00.0000392" startTime="2025-08-22T08:10:53.4876200-04:00" endTime="2025-08-22T08:10:53.4876810-04:00" testType="13cdc9d9-ddb5-4fa4-a97d-d965ccfc6d4b" outcome="Passed" testListId="8c84fa94-04c1-424b-9868-57a2d4851a1d" relativeResultsDirectory="436d81ea-de7b-414e-b3b7-95c5c3061ab8" />
    <UnitTestResult executionId="48fecd05-7889-4c7f-9e8e-e33d76da27bf" testId="82de464a-226b-a43c-456d-d1097e73d4b7" testName="ChildEnvironment_LocalVariablesDontAffectParent" computerName="dadsmbp" duration="00:00:00.0000418" startTime="2025-08-22T08:10:53.4087790-04:00" endTime="2025-08-22T08:10:53.4088400-04:00" testType="13cdc9d9-ddb5-4fa4-a97d-d965ccfc6d4b" outcome="Passed" testListId="8c84fa94-04c1-424b-9868-57a2d4851a1d" relativeResultsDirectory="48fecd05-7889-4c7f-9e8e-e33d76da27bf" />
    <UnitTestResult executionId="c908339c-cd40-48d3-9fdc-6f5264ca7472" testId="c81ea6a6-3b8e-410c-61f2-eae488d7b049" testName="Date_WithSpecificTime_ReturnsCorrectDate" computerName="dadsmbp" duration="00:00:00.0001766" startTime="2025-08-22T08:10:53.4750590-04:00" endTime="2025-08-22T08:10:53.4752560-04:00" testType="13cdc9d9-ddb5-4fa4-a97d-d965ccfc6d4b" outcome="Passed" testListId="8c84fa94-04c1-424b-9868-57a2d4851a1d" relativeResultsDirectory="c908339c-cd40-48d3-9fdc-6f5264ca7472" />
    <UnitTestResult executionId="c71d5b8c-87ae-4428-9b53-d5ab1ab5403a" testId="2b1673d0-6185-d718-2fae-b7ac1df7bc45" testName="GetInteger_IntegerValue_ReturnsCorrectLong" computerName="dadsmbp" duration="00:00:00.0001370" startTime="2025-08-22T08:10:53.5769800-04:00" endTime="2025-08-22T08:10:53.5771340-04:00" testType="13cdc9d9-ddb5-4fa4-a97d-d965ccfc6d4b" outcome="Passed" testListId="8c84fa94-04c1-424b-9868-57a2d4851a1d" relativeResultsDirectory="c71d5b8c-87ae-4428-9b53-d5ab1ab5403a" />
    <UnitTestResult executionId="01c2c04a-993b-409e-986d-3418882eb2bd" testId="5fc823fd-951f-33c2-2110-b44d10b1fd32" testName="Log_WithBase_ReturnsCorrectValue" computerName="dadsmbp" duration="00:00:00.0000558" startTime="2025-08-22T08:10:53.4540620-04:00" endTime="2025-08-22T08:10:53.4541400-04:00" testType="13cdc9d9-ddb5-4fa4-a97d-d965ccfc6d4b" outcome="Passed" testListId="8c84fa94-04c1-424b-9868-57a2d4851a1d" relativeResultsDirectory="01c2c04a-993b-409e-986d-3418882eb2bd" />
    <UnitTestResult executionId="987ed669-2ce3-4328-9a43-cf42d9a29972" testId="196b7b60-dc92-32c5-65a3-05ea8cf6b621" testName="Match_InvalidPattern_ThrowsException" computerName="dadsmbp" duration="00:00:00.0001220" startTime="2025-08-22T08:10:53.5310520-04:00" endTime="2025-08-22T08:10:53.5312050-04:00" testType="13cdc9d9-ddb5-4fa4-a97d-d965ccfc6d4b" outcome="Failed" testListId="8c84fa94-04c1-424b-9868-57a2d4851a1d" relativeResultsDirectory="987ed669-2ce3-4328-9a43-cf42d9a29972">
      <Output>
        <ErrorInfo>
          <Message>Test method did not throw expected exception FLua.Runtime.LuaRuntimeException. </Message>
        </ErrorInfo>
      </Output>
    </UnitTestResult>
    <UnitTestResult executionId="a0e79e48-b35a-4adb-a049-2e3ea90b0245" testId="2e4c0694-a653-ff92-e2b6-e4f3118f07d1" testName="Reverse_SingleCharacter_ReturnsSameCharacter" computerName="dadsmbp" duration="00:00:00.0000429" startTime="2025-08-22T08:10:53.4886700-04:00" endTime="2025-08-22T08:10:53.4887370-04:00" testType="13cdc9d9-ddb5-4fa4-a97d-d965ccfc6d4b" outcome="Passed" testListId="8c84fa94-04c1-424b-9868-57a2d4851a1d" relativeResultsDirectory="a0e79e48-b35a-4adb-a049-2e3ea90b0245" />
    <UnitTestResult executionId="b9619e6f-9172-4109-b5ef-c64f1f79bac6" testId="96bd226b-7335-f1a5-f645-19034cd2d19c" testName="Subtract_NegativeResult_ReturnsCorrectValue" computerName="dadsmbp" duration="00:00:00.0000462" startTime="2025-08-22T08:10:53.5851920-04:00" endTime="2025-08-22T08:10:53.5852600-04:00" testType="13cdc9d9-ddb5-4fa4-a97d-d965ccfc6d4b" outcome="Passed" testListId="8c84fa94-04c1-424b-9868-57a2d4851a1d" relativeResultsDirectory="b9619e6f-9172-4109-b5ef-c64f1f79bac6" />
    <UnitTestResult executionId="b304b0f7-52fa-42ac-bb23-19ae563ba4b2" testId="4218853d-609e-8179-fbd8-9f18a53333b1" testName="Len_VeryLongString_HandlesCorrectly" computerName="dadsmbp" duration="00:00:00.0002116" startTime="2025-08-22T08:10:53.5752330-04:00" endTime="2025-08-22T08:10:53.5754620-04:00" testType="13cdc9d9-ddb5-4fa4-a97d-d965ccfc6d4b" outcome="Passed" testListId="8c84fa94-04c1-424b-9868-57a2d4851a1d" relativeResultsDirectory="b304b0f7-52fa-42ac-bb23-19ae563ba4b2" />
    <UnitTestResult executionId="1884cc39-5918-4097-8861-2e26c58eef45" testId="b464d5e7-77bb-f039-0989-ac134c6ef40c" testName="Len_NoArguments_ThrowsException" computerName="dadsmbp" duration="00:00:00.0001498" startTime="2025-08-22T08:10:53.5679900-04:00" endTime="2025-08-22T08:10:53.5681830-04:00" testType="13cdc9d9-ddb5-4fa4-a97d-d965ccfc6d4b" outcome="Passed" testListId="8c84fa94-04c1-424b-9868-57a2d4851a1d" relativeResultsDirectory="1884cc39-5918-4097-8861-2e26c58eef45" />
    <UnitTestResult executionId="b14a3b58-c4cd-4555-8232-7f657dfabe3c" testId="a7df0caf-e635-8a6b-7a7a-cb512aedeaf2" testName="Codes_ASCIIString_ReturnsIterator" computerName="dadsmbp" duration="00:00:00.0005233" startTime="2025-08-22T08:10:53.5729070-04:00" endTime="2025-08-22T08:10:53.5734520-04:00" testType="13cdc9d9-ddb5-4fa4-a97d-d965ccfc6d4b" outcome="Passed" testListId="8c84fa94-04c1-424b-9868-57a2d4851a1d" relativeResultsDirectory="b14a3b58-c4cd-4555-8232-7f657dfabe3c" />
    <UnitTestResult executionId="81b63979-8613-43f0-b3ba-820d6c3655cb" testId="4e15999a-f878-fa2f-0422-7bd030ec8a62" testName="VariableName_EmptyString_HandledCorrectly" computerName="dadsmbp" duration="00:00:00.0000485" startTime="2025-08-22T08:10:53.4185150-04:00" endTime="2025-08-22T08:10:53.4185850-04:00" testType="13cdc9d9-ddb5-4fa4-a97d-d965ccfc6d4b" outcome="Passed" testListId="8c84fa94-04c1-424b-9868-57a2d4851a1d" relativeResultsDirectory="81b63979-8613-43f0-b3ba-820d6c3655cb" />
    <UnitTestResult executionId="97e60720-fbe8-476c-b34c-6cae7cd646a4" testId="8afde5b1-f025-bdd0-f9a8-e3e3069652fa" testName="GetInteger_MinValue_ReturnsCorrectValue" computerName="dadsmbp" duration="00:00:00.0000309" startTime="2025-08-22T08:10:53.5771990-04:00" endTime="2025-08-22T08:10:53.5772450-04:00" testType="13cdc9d9-ddb5-4fa4-a97d-d965ccfc6d4b" outcome="Passed" testListId="8c84fa94-04c1-424b-9868-57a2d4851a1d" relativeResultsDirectory="97e60720-fbe8-476c-b34c-6cae7cd646a4" />
    <UnitTestResult executionId="1739d9ca-1b6f-4671-9d83-39b86660eaca" testId="9f43f0fd-4cab-8122-ca5d-4f18042da626" testName="FileHandle_Write_EmptyString" computerName="dadsmbp" duration="00:00:00.0003437" startTime="2025-08-22T08:10:53.4327640-04:00" endTime="2025-08-22T08:10:53.4331330-04:00" testType="13cdc9d9-ddb5-4fa4-a97d-d965ccfc6d4b" outcome="Passed" testListId="8c84fa94-04c1-424b-9868-57a2d4851a1d" relativeResultsDirectory="1739d9ca-1b6f-4671-9d83-39b86660eaca" />
    <UnitTestResult executionId="3f1377c7-541e-4410-a6c2-ebd970738b72" testId="1162632b-d466-d9f8-290c-74cce54c50a7" testName="DiffTime_FloatingPointTimes_HandlesDecimals" computerName="dadsmbp" duration="00:00:00.0000519" startTime="2025-08-22T08:10:53.4762180-04:00" endTime="2025-08-22T08:10:53.4762870-04:00" testType="13cdc9d9-ddb5-4fa4-a97d-d965ccfc6d4b" outcome="Passed" testListId="8c84fa94-04c1-424b-9868-57a2d4851a1d" relativeResultsDirectory="3f1377c7-541e-4410-a6c2-ebd970738b72" />
    <UnitTestResult executionId="a4800631-31e2-43e5-b2fd-381f34094556" testId="82f1b943-0634-06f5-65fb-059c120c860b" testName="Concat_NumberElements_ConvertsToString" computerName="dadsmbp" duration="00:00:00.0000631" startTime="2025-08-22T08:10:53.5477160-04:00" endTime="2025-08-22T08:10:53.5477940-04:00" testType="13cdc9d9-ddb5-4fa4-a97d-d965ccfc6d4b" outcome="Passed" testListId="8c84fa94-04c1-424b-9868-57a2d4851a1d" relativeResultsDirectory="a4800631-31e2-43e5-b2fd-381f34094556" />
    <UnitTestResult executionId="b74eb559-a6e7-4f6e-8d7c-73cdd85fe773" testId="eb96c93f-d168-6c94-29ee-9fee3c31ed29" testName="Max_WithInfinity_ReturnsInfinity" computerName="dadsmbp" duration="00:00:00.0000513" startTime="2025-08-22T08:10:53.4488960-04:00" endTime="2025-08-22T08:10:53.4489670-04:00" testType="13cdc9d9-ddb5-4fa4-a97d-d965ccfc6d4b" outcome="Passed" testListId="8c84fa94-04c1-424b-9868-57a2d4851a1d" relativeResultsDirectory="b74eb559-a6e7-4f6e-8d7c-73cdd85fe773" />
    <UnitTestResult executionId="3ceeba94-47f7-4558-8e9a-c885f93946c0" testId="9238f544-c615-304b-16e5-15a92d1d94ec" testName="Pack_MultipleArguments_PacksAll" computerName="dadsmbp" duration="00:00:00.0001288" startTime="2025-08-22T08:10:53.5503940-04:00" endTime="2025-08-22T08:10:53.5505390-04:00" testType="13cdc9d9-ddb5-4fa4-a97d-d965ccfc6d4b" outcome="Passed" testListId="8c84fa94-04c1-424b-9868-57a2d4851a1d" relativeResultsDirectory="3ceeba94-47f7-4558-8e9a-c885f93946c0" />
    <UnitTestResult executionId="5b8996d2-2706-4d88-b63a-d1a3a44d8b18" testId="217c72ec-29ce-d3de-11dc-4adfccfa3970" testName="Byte_SingleCharacter_ReturnsByteValue" computerName="dadsmbp" duration="00:00:00.0001940" startTime="2025-08-22T08:10:53.4901430-04:00" endTime="2025-08-22T08:10:53.4903610-04:00" testType="13cdc9d9-ddb5-4fa4-a97d-d965ccfc6d4b" outcome="Passed" testListId="8c84fa94-04c1-424b-9868-57a2d4851a1d" relativeResultsDirectory="5b8996d2-2706-4d88-b63a-d1a3a44d8b18" />
    <UnitTestResult executionId="db9d9ae5-5080-4381-9956-a686fc73c79b" testId="3edeb166-83d3-2beb-133d-ac8b60db8b5a" testName="TryToNumber_StringWithInteger_ReturnsInteger" computerName="dadsmbp" duration="00:00:00.0000927" startTime="2025-08-22T08:10:53.5891540-04:00" endTime="2025-08-22T08:10:53.5892650-04:00" testType="13cdc9d9-ddb5-4fa4-a97d-d965ccfc6d4b" outcome="Passed" testListId="8c84fa94-04c1-424b-9868-57a2d4851a1d" relativeResultsDirectory="db9d9ae5-5080-4381-9956-a686fc73c79b" />
    <UnitTestResult executionId="37d21b55-f517-47fc-a306-c9db82b64862" testId="fe18ee17-d285-ef9a-d3a8-64994317ac0f" testName="Codes_NoArguments_ThrowsException" computerName="dadsmbp" duration="00:00:00.0001441" startTime="2025-08-22T08:10:53.5741630-04:00" endTime="2025-08-22T08:10:53.5743470-04:00" testType="13cdc9d9-ddb5-4fa4-a97d-d965ccfc6d4b" outcome="Passed" testListId="8c84fa94-04c1-424b-9868-57a2d4851a1d" relativeResultsDirectory="37d21b55-f517-47fc-a306-c9db82b64862" />
    <UnitTestResult executionId="7998a770-4793-46bc-a1c0-d6a5f3ee3ffb" testId="19cca489-0f1c-201a-a555-2398cee95895" testName="UnaryMinus_NegativeFloat_ReturnsPositive" computerName="dadsmbp" duration="00:00:00.0000381" startTime="2025-08-22T08:10:53.5867500-04:00" endTime="2025-08-22T08:10:53.5868060-04:00" testType="13cdc9d9-ddb5-4fa4-a97d-d965ccfc6d4b" outcome="Passed" testListId="8c84fa94-04c1-424b-9868-57a2d4851a1d" relativeResultsDirectory="7998a770-4793-46bc-a1c0-d6a5f3ee3ffb" />
    <UnitTestResult executionId="d2085778-3a45-44d3-acd7-f68deddfcac5" testId="3683a355-39c4-d715-ff87-e30621906b12" testName="FileHandle_WriteAfterClose_ThrowsException" computerName="dadsmbp" duration="00:00:00.0003802" startTime="2025-08-22T08:10:53.4343630-04:00" endTime="2025-08-22T08:10:53.4347890-04:00" testType="13cdc9d9-ddb5-4fa4-a97d-d965ccfc6d4b" outcome="Passed" testListId="8c84fa94-04c1-424b-9868-57a2d4851a1d" relativeResultsDirectory="d2085778-3a45-44d3-acd7-f68deddfcac5" />
    <UnitTestResult executionId="6ab52644-ae3b-4d35-9f9e-6046db96d5e2" testId="f43867cd-0b2f-6df4-761d-a58f20129501" testName="ToInteger_IntegerString_ReturnsCorrectInteger" computerName="dadsmbp" duration="00:00:00.0000430" startTime="2025-08-22T08:10:53.5567700-04:00" endTime="2025-08-22T08:10:53.5568330-04:00" testType="13cdc9d9-ddb5-4fa4-a97d-d965ccfc6d4b" outcome="Passed" testListId="8c84fa94-04c1-424b-9868-57a2d4851a1d" relativeResultsDirectory="6ab52644-ae3b-4d35-9f9e-6046db96d5e2" />
    <UnitTestResult executionId="8cb17917-71e0-4a8e-803f-f909409204e1" testId="22025405-4164-9e68-7325-572d01c97c5d" testName="Nil_CreateNil_ReturnsNilValue" computerName="dadsmbp" duration="00:00:00.0000427" startTime="2025-08-22T08:10:53.5810440-04:00" endTime="2025-08-22T08:10:53.5812340-04:00" testType="13cdc9d9-ddb5-4fa4-a97d-d965ccfc6d4b" outcome="Passed" testListId="8c84fa94-04c1-424b-9868-57a2d4851a1d" relativeResultsDirectory="8cb17917-71e0-4a8e-803f-f909409204e1" />
    <UnitTestResult executionId="1921ca67-6826-413b-ba71-c0c5ea8633ea" testId="b215ab59-8b07-a2e4-c7ff-6b309cf82bd3" testName="Remove_FromEmptyTable_ReturnsNil" computerName="dadsmbp" duration="00:00:00.0000441" startTime="2025-08-22T08:10:53.5442030-04:00" endTime="2025-08-22T08:10:53.5442650-04:00" testType="13cdc9d9-ddb5-4fa4-a97d-d965ccfc6d4b" outcome="Passed" testListId="8c84fa94-04c1-424b-9868-57a2d4851a1d" relativeResultsDirectory="1921ca67-6826-413b-ba71-c0c5ea8633ea" />
    <UnitTestResult executionId="3c040d24-2553-4bc5-8dcf-145f9dc590f6" testId="bcb794be-5164-aa37-82b9-4f97d40df88b" testName="GSub_MissingReplacementArgument_ThrowsException" computerName="dadsmbp" duration="00:00:00.0001145" startTime="2025-08-22T08:10:53.5326980-04:00" endTime="2025-08-22T08:10:53.5328470-04:00" testType="13cdc9d9-ddb5-4fa4-a97d-d965ccfc6d4b" outcome="Passed" testListId="8c84fa94-04c1-424b-9868-57a2d4851a1d" relativeResultsDirectory="3c040d24-2553-4bc5-8dcf-145f9dc590f6" />
    <UnitTestResult executionId="d21db5f1-9dd1-4e79-8737-3268e58195c8" testId="53bb8678-03b7-4bbc-dee8-5dab70b705f3" testName="Match_CharacterClass_MatchesSet" computerName="dadsmbp" duration="00:00:00.0002366" startTime="2025-08-22T08:10:53.5173040-04:00" endTime="2025-08-22T08:10:53.5175660-04:00" testType="13cdc9d9-ddb5-4fa4-a97d-d965ccfc6d4b" outcome="Passed" testListId="8c84fa94-04c1-424b-9868-57a2d4851a1d" relativeResultsDirectory="d21db5f1-9dd1-4e79-8737-3268e58195c8" />
    <UnitTestResult executionId="b7f620be-b350-4871-85d9-c26d7f9b3fee" testId="db101ea6-5520-5369-0787-ca894017242c" testName="Pack_InvalidFormatSpecifier_ThrowsException" computerName="dadsmbp" duration="00:00:00.0001184" startTime="2025-08-22T08:10:53.5157120-04:00" endTime="2025-08-22T08:10:53.5158670-04:00" testType="13cdc9d9-ddb5-4fa4-a97d-d965ccfc6d4b" outcome="Passed" testListId="8c84fa94-04c1-424b-9868-57a2d4851a1d" relativeResultsDirectory="b7f620be-b350-4871-85d9-c26d7f9b3fee" />
    <UnitTestResult executionId="b368f87b-ceb9-4935-8117-c74ebbbb2b4d" testId="a6a84474-a7e5-fd38-f41a-bd1ab5de1d1c" testName="ToBoolean_NilValue_ReturnsFalse" computerName="dadsmbp" duration="00:00:00.0000257" startTime="2025-08-22T08:10:53.5587170-04:00" endTime="2025-08-22T08:10:53.5587650-04:00" testType="13cdc9d9-ddb5-4fa4-a97d-d965ccfc6d4b" outcome="Passed" testListId="8c84fa94-04c1-424b-9868-57a2d4851a1d" relativeResultsDirectory="b368f87b-ceb9-4935-8117-c74ebbbb2b4d" />
    <UnitTestResult executionId="52610f35-818e-4e47-8931-60d7709033d6" testId="caed0eb2-fa06-9d39-a5dd-a22dfd378302" testName="Len_SingleCharacter_ReturnsOne" computerName="dadsmbp" duration="00:00:00.0001305" startTime="2025-08-22T08:10:53.4846050-04:00" endTime="2025-08-22T08:10:53.4847790-04:00" testType="13cdc9d9-ddb5-4fa4-a97d-d965ccfc6d4b" outcome="Passed" testListId="8c84fa94-04c1-424b-9868-57a2d4851a1d" relativeResultsDirectory="52610f35-818e-4e47-8931-60d7709033d6" />
    <UnitTestResult executionId="3998a9da-cb7e-47ee-826a-2a1fcf26c387" testId="31fa06ab-d5a3-b57b-1725-ae41e6861f7a" testName="Move_SameTable_CopiesElements" computerName="dadsmbp" duration="00:00:00.0003927" startTime="2025-08-22T08:10:53.5455900-04:00" endTime="2025-08-22T08:10:53.5460060-04:00" testType="13cdc9d9-ddb5-4fa4-a97d-d965ccfc6d4b" outcome="Passed" testListId="8c84fa94-04c1-424b-9868-57a2d4851a1d" relativeResultsDirectory="3998a9da-cb7e-47ee-826a-2a1fcf26c387" />
    <UnitTestResult executionId="5abc2bbb-0260-4ae3-b1fb-d5bb15455bad" testId="adbefa0c-7967-f778-545f-1fa2bfdb9eb8" testName="Boolean_True_ReturnsCorrectValue" computerName="dadsmbp" duration="00:00:00.0000319" startTime="2025-08-22T08:10:53.5813300-04:00" endTime="2025-08-22T08:10:53.5813790-04:00" testType="13cdc9d9-ddb5-4fa4-a97d-d965ccfc6d4b" outcome="Passed" testListId="8c84fa94-04c1-424b-9868-57a2d4851a1d" relativeResultsDirectory="5abc2bbb-0260-4ae3-b1fb-d5bb15455bad" />
    <UnitTestResult executionId="7bb83335-f0e2-4f9d-9f96-38da512ca2ed" testId="04edf3a2-5fe7-091f-aa74-ced4a831b2e3" testName="GetTypeName_FunctionValue_ReturnsFunction" computerName="dadsmbp" duration="00:00:00.0001027" startTime="2025-08-22T08:10:53.5590690-04:00" endTime="2025-08-22T08:10:53.5591890-04:00" testType="13cdc9d9-ddb5-4fa4-a97d-d965ccfc6d4b" outcome="Passed" testListId="8c84fa94-04c1-424b-9868-57a2d4851a1d" relativeResultsDirectory="7bb83335-f0e2-4f9d-9f96-38da512ca2ed" />
    <UnitTestResult executionId="c63207c6-aed8-4e81-a678-aad1f05d6b8b" testId="aa3b852f-cc11-9ed5-e993-0c70235b4caf" testName="CharPattern_HasCorrectValue" computerName="dadsmbp" duration="00:00:00.0000534" startTime="2025-08-22T08:10:53.5744560-04:00" endTime="2025-08-22T08:10:53.5745280-04:00" testType="13cdc9d9-ddb5-4fa4-a97d-d965ccfc6d4b" outcome="Passed" testListId="8c84fa94-04c1-424b-9868-57a2d4851a1d" relativeResultsDirectory="c63207c6-aed8-4e81-a678-aad1f05d6b8b" />
    <UnitTestResult executionId="15755574-cd15-4fea-adfa-6e783df2cb27" testId="91fa945e-534a-024b-68c1-09481e2cfed7" testName="Abs_PositiveInfinity_ReturnsPositiveInfinity" computerName="dadsmbp" duration="00:00:00.0000505" startTime="2025-08-22T08:10:53.4468260-04:00" endTime="2025-08-22T08:10:53.4468940-04:00" testType="13cdc9d9-ddb5-4fa4-a97d-d965ccfc6d4b" outcome="Passed" testListId="8c84fa94-04c1-424b-9868-57a2d4851a1d" relativeResultsDirectory="15755574-cd15-4fea-adfa-6e783df2cb27" />
    <UnitTestResult executionId="323576d5-f62b-4f21-bf1a-af2563838b49" testId="bcd34259-a5fc-b188-f42e-4264b24f96a5" testName="Subtract_IntegerInteger_ReturnsCorrectDifference" computerName="dadsmbp" duration="00:00:00.0001377" startTime="2025-08-22T08:10:53.5850240-04:00" endTime="2025-08-22T08:10:53.5851840-04:00" testType="13cdc9d9-ddb5-4fa4-a97d-d965ccfc6d4b" outcome="Passed" testListId="8c84fa94-04c1-424b-9868-57a2d4851a1d" relativeResultsDirectory="323576d5-f62b-4f21-bf1a-af2563838b49" />
    <UnitTestResult executionId="5887cee7-6698-460a-bb5a-8ae03518c0dd" testId="83f36d15-72a9-2497-69c3-ee0d968aa3e0" testName="ToString_IntegerValue_ReturnsStringRepresentation" computerName="dadsmbp" duration="00:00:00.0000315" startTime="2025-08-22T08:10:53.5579750-04:00" endTime="2025-08-22T08:10:53.5580250-04:00" testType="13cdc9d9-ddb5-4fa4-a97d-d965ccfc6d4b" outcome="Passed" testListId="8c84fa94-04c1-424b-9868-57a2d4851a1d" relativeResultsDirectory="5887cee7-6698-460a-bb5a-8ae03518c0dd" />
    <UnitTestResult executionId="da5ea290-681f-4646-9acd-0e9cd97867b2" testId="1aef1e14-ab3d-a461-ee80-f27b864ed7cf" testName="SetVariable_DifferentTypes_AllSupported" computerName="dadsmbp" duration="00:00:00.0010170" startTime="2025-08-22T08:10:53.3929150-04:00" endTime="2025-08-22T08:10:53.3939560-04:00" testType="13cdc9d9-ddb5-4fa4-a97d-d965ccfc6d4b" outcome="Passed" testListId="8c84fa94-04c1-424b-9868-57a2d4851a1d" relativeResultsDirectory="da5ea290-681f-4646-9acd-0e9cd97867b2" />
    <UnitTestResult executionId="6a5ed5a3-abec-4fda-aba4-51d4f553bbb8" testId="590adee5-50f6-084e-de58-916930d7bbd1" testName="Len_NilArgument_ThrowsException" computerName="dadsmbp" duration="00:00:00.0001057" startTime="2025-08-22T08:10:53.4856420-04:00" endTime="2025-08-22T08:10:53.4857810-04:00" testType="13cdc9d9-ddb5-4fa4-a97d-d965ccfc6d4b" outcome="Passed" testListId="8c84fa94-04c1-424b-9868-57a2d4851a1d" relativeResultsDirectory="6a5ed5a3-abec-4fda-aba4-51d4f553bbb8" />
    <UnitTestResult executionId="309581c1-b8dc-438b-87ef-de54cd9f132a" testId="2d699352-85d4-4161-4113-cf7cd0a1a389" testName="Float_NaN_ReturnsCorrectValue" computerName="dadsmbp" duration="00:00:00.0000394" startTime="2025-08-22T08:10:53.5825800-04:00" endTime="2025-08-22T08:10:53.5826390-04:00" testType="13cdc9d9-ddb5-4fa4-a97d-d965ccfc6d4b" outcome="Passed" testListId="8c84fa94-04c1-424b-9868-57a2d4851a1d" relativeResultsDirectory="309581c1-b8dc-438b-87ef-de54cd9f132a" />
    <UnitTestResult executionId="1d477697-a63a-4009-a5de-8eac6b971229" testId="b4c47432-3ddc-de7f-ab8e-61663e8bfca7" testName="Remove_OutOfBounds_ReturnsNil" computerName="dadsmbp" duration="00:00:00.0000761" startTime="2025-08-22T08:10:53.5443630-04:00" endTime="2025-08-22T08:10:53.5444560-04:00" testType="13cdc9d9-ddb5-4fa4-a97d-d965ccfc6d4b" outcome="Passed" testListId="8c84fa94-04c1-424b-9868-57a2d4851a1d" relativeResultsDirectory="1d477697-a63a-4009-a5de-8eac6b971229" />
    <UnitTestResult executionId="0753ae5b-9bc6-409e-98aa-5f34ccf499c5" testId="9af04cd0-e415-7c62-a390-eb66c8800892" testName="Equals_DifferentIntegerValues_ReturnsFalse" computerName="dadsmbp" duration="00:00:00.0000447" startTime="2025-08-22T08:10:53.5869080-04:00" endTime="2025-08-22T08:10:53.5869700-04:00" testType="13cdc9d9-ddb5-4fa4-a97d-d965ccfc6d4b" outcome="Passed" testListId="8c84fa94-04c1-424b-9868-57a2d4851a1d" relativeResultsDirectory="0753ae5b-9bc6-409e-98aa-5f34ccf499c5" />
    <UnitTestResult executionId="851f36bc-8baf-4c33-9f43-9eb837e746f0" testId="482d096c-04ac-3c68-313a-e6e7131ab958" testName="Lines_SingleLineWithoutNewline_ReturnsOneLine" computerName="dadsmbp" duration="00:00:00.0003521" startTime="2025-08-22T08:10:53.4382530-04:00" endTime="2025-08-22T08:10:53.4386300-04:00" testType="13cdc9d9-ddb5-4fa4-a97d-d965ccfc6d4b" outcome="Passed" testListId="8c84fa94-04c1-424b-9868-57a2d4851a1d" relativeResultsDirectory="851f36bc-8baf-4c33-9f43-9eb837e746f0" />
    <UnitTestResult executionId="4719438c-b83c-4b69-ab52-df248d467ad1" testId="8cc00ae9-19cf-450b-5f01-0eafc1f1b5e6" testName="FileHandle_Read_LineFormat" computerName="dadsmbp" duration="00:00:00.0004108" startTime="2025-08-22T08:10:53.4274560-04:00" endTime="2025-08-22T08:10:53.4278930-04:00" testType="13cdc9d9-ddb5-4fa4-a97d-d965ccfc6d4b" outcome="Passed" testListId="8c84fa94-04c1-424b-9868-57a2d4851a1d" relativeResultsDirectory="4719438c-b83c-4b69-ab52-df248d467ad1" />
    <UnitTestResult executionId="34c4ad1e-a0ca-4900-81c2-9e1558b41ef8" testId="d64ab112-e469-9b4c-1a0e-3d4f82051157" testName="Move_StartGreaterThanEnd_DoesNothing" computerName="dadsmbp" duration="00:00:00.0001109" startTime="2025-08-22T08:10:53.5462910-04:00" endTime="2025-08-22T08:10:53.5464200-04:00" testType="13cdc9d9-ddb5-4fa4-a97d-d965ccfc6d4b" outcome="Passed" testListId="8c84fa94-04c1-424b-9868-57a2d4851a1d" relativeResultsDirectory="34c4ad1e-a0ca-4900-81c2-9e1558b41ef8" />
    <UnitTestResult executionId="3dddfdf4-ca00-40ac-82cd-47516522ccf2" testId="1c68a643-0b2a-59da-b10f-67013d7542a4" testName="Char_NegativeValue_ThrowsException" computerName="dadsmbp" duration="00:00:00.0001100" startTime="2025-08-22T08:10:53.4897110-04:00" endTime="2025-08-22T08:10:53.4898530-04:00" testType="13cdc9d9-ddb5-4fa4-a97d-d965ccfc6d4b" outcome="Passed" testListId="8c84fa94-04c1-424b-9868-57a2d4851a1d" relativeResultsDirectory="3dddfdf4-ca00-40ac-82cd-47516522ccf2" />
    <UnitTestResult executionId="f9a765de-9803-464b-ab03-7cfc777f7e5a" testId="17b70409-028a-c834-68fe-79b67f3b9ce1" testName="Move_SingleElement_WorksCorrectly" computerName="dadsmbp" duration="00:00:00.0000865" startTime="2025-08-22T08:10:53.5461780-04:00" endTime="2025-08-22T08:10:53.5462830-04:00" testType="13cdc9d9-ddb5-4fa4-a97d-d965ccfc6d4b" outcome="Passed" testListId="8c84fa94-04c1-424b-9868-57a2d4851a1d" relativeResultsDirectory="f9a765de-9803-464b-ab03-7cfc777f7e5a" />
    <UnitTestResult executionId="8fe1c62b-d85e-49c2-88ff-397eb1e3142a" testId="2f80f069-ce89-152d-e7bd-c7d7ec2af756" testName="Unpack_StartGreaterThanEnd_ReturnsEmpty" computerName="dadsmbp" duration="00:00:00.0000642" startTime="2025-08-22T08:10:53.5516600-04:00" endTime="2025-08-22T08:10:53.5517410-04:00" testType="13cdc9d9-ddb5-4fa4-a97d-d965ccfc6d4b" outcome="Passed" testListId="8c84fa94-04c1-424b-9868-57a2d4851a1d" relativeResultsDirectory="8fe1c62b-d85e-49c2-88ff-397eb1e3142a" />
    <UnitTestResult executionId="69e80dab-2e13-4406-955e-917a2ce117aa" testId="cbd44fa0-1841-feeb-ba6f-9b2a2996baf7" testName="Pack_PreservesNilValues_IncludesInCount" computerName="dadsmbp" duration="00:00:00.0001129" startTime="2025-08-22T08:10:53.5508840-04:00" endTime="2025-08-22T08:10:53.5510190-04:00" testType="13cdc9d9-ddb5-4fa4-a97d-d965ccfc6d4b" outcome="Passed" testListId="8c84fa94-04c1-424b-9868-57a2d4851a1d" relativeResultsDirectory="69e80dab-2e13-4406-955e-917a2ce117aa" />
    <UnitTestResult executionId="968d90f2-0e8c-4ed8-a9ca-dde3fdd3a991" testId="bf393bf9-bf79-37d7-7774-a2b1668179ce" testName="Pack_SignedShort_ComprehensiveTest" computerName="dadsmbp" duration="00:00:00.0000917" startTime="2025-08-22T08:10:53.5106570-04:00" endTime="2025-08-22T08:10:53.5107770-04:00" testType="13cdc9d9-ddb5-4fa4-a97d-d965ccfc6d4b" outcome="Passed" testListId="8c84fa94-04c1-424b-9868-57a2d4851a1d" relativeResultsDirectory="968d90f2-0e8c-4ed8-a9ca-dde3fdd3a991" />
    <UnitTestResult executionId="0638883a-51fe-4a56-a878-57fb0f6aee41" testId="1a0432b7-1115-58b0-0702-0af7a644ff96" testName="Byte_OutOfRange_ReturnsNoValues" computerName="dadsmbp" duration="00:00:00.0000412" startTime="2025-08-22T08:10:53.4906880-04:00" endTime="2025-08-22T08:10:53.4907520-04:00" testType="13cdc9d9-ddb5-4fa4-a97d-d965ccfc6d4b" outcome="Passed" testListId="8c84fa94-04c1-424b-9868-57a2d4851a1d" relativeResultsDirectory="0638883a-51fe-4a56-a878-57fb0f6aee41" />
    <UnitTestResult executionId="23a148bf-fd31-4c84-ac4e-b2c64df7c9fa" testId="fb02144e-cda0-e59f-9f1c-b8472ef40372" testName="Char_MaxASCII_Works" computerName="dadsmbp" duration="00:00:00.0000514" startTime="2025-08-22T08:10:53.5749380-04:00" endTime="2025-08-22T08:10:53.5750150-04:00" testType="13cdc9d9-ddb5-4fa4-a97d-d965ccfc6d4b" outcome="Passed" testListId="8c84fa94-04c1-424b-9868-57a2d4851a1d" relativeResultsDirectory="23a148bf-fd31-4c84-ac4e-b2c64df7c9fa" />
    <UnitTestResult executionId="5d4c55cb-d448-49b8-84a8-95ec7b0dcb7c" testId="a70f8697-e19f-f996-8516-2d37ef5660ce" testName="ImplicitConversion_IntToLuaValue_WorksCorrectly" computerName="dadsmbp" duration="00:00:00.0000505" startTime="2025-08-22T08:10:53.5903000-04:00" endTime="2025-08-22T08:10:53.5903680-04:00" testType="13cdc9d9-ddb5-4fa4-a97d-d965ccfc6d4b" outcome="Passed" testListId="8c84fa94-04c1-424b-9868-57a2d4851a1d" relativeResultsDirectory="5d4c55cb-d448-49b8-84a8-95ec7b0dcb7c" />
    <UnitTestResult executionId="15c230ab-9ccb-4e03-b6c5-26729b79c55e" testId="d5f79c47-ffc8-b440-c71d-83b2bd2cd7bc" testName="ToInteger_NegativeIntegerString_ReturnsCorrectInteger" computerName="dadsmbp" duration="00:00:00.0000365" startTime="2025-08-22T08:10:53.5568400-04:00" endTime="2025-08-22T08:10:53.5569000-04:00" testType="13cdc9d9-ddb5-4fa4-a97d-d965ccfc6d4b" outcome="Passed" testListId="8c84fa94-04c1-424b-9868-57a2d4851a1d" relativeResultsDirectory="15c230ab-9ccb-4e03-b6c5-26729b79c55e" />
    <UnitTestResult executionId="3023e503-bdda-4d12-8a76-e58b8474dbf7" testId="d2f79be1-f1ca-d801-4182-02bc9225c1f3" testName="Len_MixedString_CountsCorrectly" computerName="dadsmbp" duration="00:00:00.0000426" startTime="2025-08-22T08:10:53.5671830-04:00" endTime="2025-08-22T08:10:53.5672440-04:00" testType="13cdc9d9-ddb5-4fa4-a97d-d965ccfc6d4b" outcome="Passed" testListId="8c84fa94-04c1-424b-9868-57a2d4851a1d" relativeResultsDirectory="3023e503-bdda-4d12-8a76-e58b8474dbf7" />
    <UnitTestResult executionId="bcff1d13-6cf7-486c-a46a-d46dcdd2a873" testId="1de81a3f-8399-6f86-0d78-6acfb9de4fe1" testName="Len_EmptyString_ReturnsZero" computerName="dadsmbp" duration="00:00:00.0005135" startTime="2025-08-22T08:10:53.5656860-04:00" endTime="2025-08-22T08:10:53.5663470-04:00" testType="13cdc9d9-ddb5-4fa4-a97d-d965ccfc6d4b" outcome="Passed" testListId="8c84fa94-04c1-424b-9868-57a2d4851a1d" relativeResultsDirectory="bcff1d13-6cf7-486c-a46a-d46dcdd2a873" />
    <UnitTestResult executionId="b3af59c3-1fca-4c69-8cdd-f853b74bb9aa" testId="28b68190-b011-28ce-504a-915eec13872f" testName="Float_PositiveInfinity_ReturnsCorrectValue" computerName="dadsmbp" duration="00:00:00.0000362" startTime="2025-08-22T08:10:53.5826480-04:00" endTime="2025-08-22T08:10:53.5827020-04:00" testType="13cdc9d9-ddb5-4fa4-a97d-d965ccfc6d4b" outcome="Passed" testListId="8c84fa94-04c1-424b-9868-57a2d4851a1d" relativeResultsDirectory="b3af59c3-1fca-4c69-8cdd-f853b74bb9aa" />
    <UnitTestResult executionId="bfafd08f-8e11-41a3-90c9-f2cabe8ebbd3" testId="f635a4e1-91b8-ff28-8263-826b96571943" testName="Multiply_IntegerFloat_ReturnsFloatProduct" computerName="dadsmbp" duration="00:00:00.0000464" startTime="2025-08-22T08:10:53.5854130-04:00" endTime="2025-08-22T08:10:53.5854780-04:00" testType="13cdc9d9-ddb5-4fa4-a97d-d965ccfc6d4b" outcome="Passed" testListId="8c84fa94-04c1-424b-9868-57a2d4851a1d" relativeResultsDirectory="bfafd08f-8e11-41a3-90c9-f2cabe8ebbd3" />
    <UnitTestResult executionId="04652c52-9c77-4f6a-97b5-42321247d3a0" testId="40143769-ff20-ceb9-24f7-34372f2ce35e" testName="GetInteger_FloatValue_ThrowsException" computerName="dadsmbp" duration="00:00:00.0000272" startTime="2025-08-22T08:10:53.5776850-04:00" endTime="2025-08-22T08:10:53.5777400-04:00" testType="13cdc9d9-ddb5-4fa4-a97d-d965ccfc6d4b" outcome="Failed" testListId="8c84fa94-04c1-424b-9868-57a2d4851a1d" relativeResultsDirectory="04652c52-9c77-4f6a-97b5-42321247d3a0">
      <Output>
        <ErrorInfo>
          <Message>Test method did not throw expected exception System.InvalidOperationException. </Message>
        </ErrorInfo>
      </Output>
    </UnitTestResult>
    <UnitTestResult executionId="1bf71995-aa34-4b7e-b5bd-6025c8176149" testId="625315d5-1f96-d3e3-d395-5255152d1261" testName="Insert_NoTable_ThrowsException" computerName="dadsmbp" duration="00:00:00.0001520" startTime="2025-08-22T08:10:53.5422250-04:00" endTime="2025-08-22T08:10:53.5424240-04:00" testType="13cdc9d9-ddb5-4fa4-a97d-d965ccfc6d4b" outcome="Passed" testListId="8c84fa94-04c1-424b-9868-57a2d4851a1d" relativeResultsDirectory="1bf71995-aa34-4b7e-b5bd-6025c8176149" />
    <UnitTestResult executionId="7352e244-2af4-4742-a00d-66c4559cb4b2" testId="fc81d74d-15cc-c700-6394-437f323a77ac" testName="Pack_SignedByte_WorksCorrectly" computerName="dadsmbp" duration="00:00:00.0000842" startTime="2025-08-22T08:10:53.5071080-04:00" endTime="2025-08-22T08:10:53.5072230-04:00" testType="13cdc9d9-ddb5-4fa4-a97d-d965ccfc6d4b" outcome="Passed" testListId="8c84fa94-04c1-424b-9868-57a2d4851a1d" relativeResultsDirectory="7352e244-2af4-4742-a00d-66c4559cb4b2" />
    <UnitTestResult executionId="9385cf8c-ea52-4275-9f44-52cf56e41150" testId="d4672541-c440-0312-b1b6-4a3b3137f111" testName="ValueCreation_ManyValues_HandlesCorrectly" computerName="dadsmbp" duration="00:00:00.0003137" startTime="2025-08-22T08:10:53.5916070-04:00" endTime="2025-08-22T08:10:53.5919380-04:00" testType="13cdc9d9-ddb5-4fa4-a97d-d965ccfc6d4b" outcome="Passed" testListId="8c84fa94-04c1-424b-9868-57a2d4851a1d" relativeResultsDirectory="9385cf8c-ea52-4275-9f44-52cf56e41150" />
    <UnitTestResult executionId="04ba8bf3-5ade-47dd-b7d4-eb1c553058dd" testId="1423f0fc-351d-9fc1-c88f-cdbed4df034d" testName="SetLocale_EmptyString_ReturnsCurrentLocale" computerName="dadsmbp" duration="00:00:00.0000376" startTime="2025-08-22T08:10:53.4779500-04:00" endTime="2025-08-22T08:10:53.4780060-04:00" testType="13cdc9d9-ddb5-4fa4-a97d-d965ccfc6d4b" outcome="Passed" testListId="8c84fa94-04c1-424b-9868-57a2d4851a1d" relativeResultsDirectory="04ba8bf3-5ade-47dd-b7d4-eb1c553058dd" />
    <UnitTestResult executionId="9eef0c73-5b89-4f3c-9ca0-272e5f5d6974" testId="a3943f49-80f0-e3b2-4adc-f5f0898d59a9" testName="FileHandle_Write_VeryLongString" computerName="dadsmbp" duration="00:00:00.0004483" startTime="2025-08-22T08:10:53.4403340-04:00" endTime="2025-08-22T08:10:53.4408040-04:00" testType="13cdc9d9-ddb5-4fa4-a97d-d965ccfc6d4b" outcome="Passed" testListId="8c84fa94-04c1-424b-9868-57a2d4851a1d" relativeResultsDirectory="9eef0c73-5b89-4f3c-9ca0-272e5f5d6974" />
    <UnitTestResult executionId="b134e384-0add-4dba-ac7e-5e3677a65dd2" testId="8a968789-0dc2-016b-d399-35b032ba8d33" testName="TypeConversion_StringNumberRoundTrip_MaintainsValue" computerName="dadsmbp" duration="00:00:00.0001142" startTime="2025-08-22T08:10:53.5639730-04:00" endTime="2025-08-22T08:10:53.5641080-04:00" testType="13cdc9d9-ddb5-4fa4-a97d-d965ccfc6d4b" outcome="Passed" testListId="8c84fa94-04c1-424b-9868-57a2d4851a1d" relativeResultsDirectory="b134e384-0add-4dba-ac7e-5e3677a65dd2" />
    <UnitTestResult executionId="b1343cfa-e679-4214-9b0c-34d141626739" testId="fdb2e25c-b946-3dee-a267-27396896444e" testName="Remove_NoArguments_ThrowsException" computerName="dadsmbp" duration="00:00:00.0001323" startTime="2025-08-22T08:10:53.4818890-04:00" endTime="2025-08-22T08:10:53.4820620-04:00" testType="13cdc9d9-ddb5-4fa4-a97d-d965ccfc6d4b" outcome="Passed" testListId="8c84fa94-04c1-424b-9868-57a2d4851a1d" relativeResultsDirectory="b1343cfa-e679-4214-9b0c-34d141626739" />
    <UnitTestResult executionId="c0082cc4-4696-4b45-8ea9-6e555d226c93" testId="4040e00f-72b8-0774-cd66-78bbbbf80ed4" testName="GetNumber_IntegerValue_ReturnsCorrectDouble" computerName="dadsmbp" duration="00:00:00.0001697" startTime="2025-08-22T08:10:53.5763910-04:00" endTime="2025-08-22T08:10:53.5766660-04:00" testType="13cdc9d9-ddb5-4fa4-a97d-d965ccfc6d4b" outcome="Passed" testListId="8c84fa94-04c1-424b-9868-57a2d4851a1d" relativeResultsDirectory="c0082cc4-4696-4b45-8ea9-6e555d226c93" />
    <UnitTestResult executionId="0bf25a13-1f9e-4351-8b83-07c5ff785691" testId="dc983584-c031-7d34-88ae-0f42c4fbfcba" testName="CreateNumber_ZeroLong_ReturnsZeroInteger" computerName="dadsmbp" duration="00:00:00.0000293" startTime="2025-08-22T08:10:53.5779530-04:00" endTime="2025-08-22T08:10:53.5779990-04:00" testType="13cdc9d9-ddb5-4fa4-a97d-d965ccfc6d4b" outcome="Passed" testListId="8c84fa94-04c1-424b-9868-57a2d4851a1d" relativeResultsDirectory="0bf25a13-1f9e-4351-8b83-07c5ff785691" />
    <UnitTestResult executionId="5030353d-1824-4e76-a7e7-7f50658a40a9" testId="73ccba10-4792-a7c4-8757-e19ab0cf3e8a" testName="Abs_Zero_ReturnsZero" computerName="dadsmbp" duration="00:00:00.0000467" startTime="2025-08-22T08:10:53.4463790-04:00" endTime="2025-08-22T08:10:53.4464480-04:00" testType="13cdc9d9-ddb5-4fa4-a97d-d965ccfc6d4b" outcome="Passed" testListId="8c84fa94-04c1-424b-9868-57a2d4851a1d" relativeResultsDirectory="5030353d-1824-4e76-a7e7-7f50658a40a9" />
    <UnitTestResult executionId="989f170e-e84e-40c4-a6cc-bd3778d2feb5" testId="13a1c7cf-0e07-1cf0-d642-53c48e767830" testName="PackSize_VariableLengthFormat_ThrowsException" computerName="dadsmbp" duration="00:00:00.0001082" startTime="2025-08-22T08:10:53.5086310-04:00" endTime="2025-08-22T08:10:53.5087740-04:00" testType="13cdc9d9-ddb5-4fa4-a97d-d965ccfc6d4b" outcome="Passed" testListId="8c84fa94-04c1-424b-9868-57a2d4851a1d" relativeResultsDirectory="989f170e-e84e-40c4-a6cc-bd3778d2feb5" />
    <UnitTestResult executionId="0c4e431c-ac51-4d92-8758-c0fd7641a7f8" testId="12a32e54-5254-1490-859a-b6053824e69f" testName="Byte_NegativeIndex_WorksFromEnd" computerName="dadsmbp" duration="00:00:00.0000454" startTime="2025-08-22T08:10:53.4906130-04:00" endTime="2025-08-22T08:10:53.4906810-04:00" testType="13cdc9d9-ddb5-4fa4-a97d-d965ccfc6d4b" outcome="Passed" testListId="8c84fa94-04c1-424b-9868-57a2d4851a1d" relativeResultsDirectory="0c4e431c-ac51-4d92-8758-c0fd7641a7f8" />
    <UnitTestResult executionId="07a3407d-29ab-4075-a892-59c3a29583eb" testId="b7e6ffb7-96f3-825d-2d34-d16deaf080f1" testName="FileHandle_Read_AllFormat" computerName="dadsmbp" duration="00:00:00.0003553" startTime="2025-08-22T08:10:53.4279040-04:00" endTime="2025-08-22T08:10:53.4282840-04:00" testType="13cdc9d9-ddb5-4fa4-a97d-d965ccfc6d4b" outcome="Passed" testListId="8c84fa94-04c1-424b-9868-57a2d4851a1d" relativeResultsDirectory="07a3407d-29ab-4075-a892-59c3a29583eb" />
    <UnitTestResult executionId="c226264c-4c01-48ab-b410-c452f1fa800a" testId="0a229eec-1f6b-5c21-27f6-5257de8d66d5" testName="Char_ValueOver255_ThrowsException" computerName="dadsmbp" duration="00:00:00.0000990" startTime="2025-08-22T08:10:53.4898630-04:00" endTime="2025-08-22T08:10:53.4899940-04:00" testType="13cdc9d9-ddb5-4fa4-a97d-d965ccfc6d4b" outcome="Passed" testListId="8c84fa94-04c1-424b-9868-57a2d4851a1d" relativeResultsDirectory="c226264c-4c01-48ab-b410-c452f1fa800a" />
    <UnitTestResult executionId="ada873b5-7838-4271-a334-f8eee5853309" testId="087d8f88-fcff-1c56-9396-984308af2b08" testName="Char_CodePointTooLarge_ThrowsException" computerName="dadsmbp" duration="00:00:00.0001752" startTime="2025-08-22T08:10:53.5695120-04:00" endTime="2025-08-22T08:10:53.5697820-04:00" testType="13cdc9d9-ddb5-4fa4-a97d-d965ccfc6d4b" outcome="Passed" testListId="8c84fa94-04c1-424b-9868-57a2d4851a1d" relativeResultsDirectory="ada873b5-7838-4271-a334-f8eee5853309" />
    <UnitTestResult executionId="bf903d55-f503-4167-a1f5-9dc7e7440c5e" testId="bf97e7b3-ad23-5ac0-29a6-925724141bd2" testName="Rep_WithSeparator_InterleavesSeparator" computerName="dadsmbp" duration="00:00:00.0000528" startTime="2025-08-22T08:10:53.4916340-04:00" endTime="2025-08-22T08:10:53.4917090-04:00" testType="13cdc9d9-ddb5-4fa4-a97d-d965ccfc6d4b" outcome="Passed" testListId="8c84fa94-04c1-424b-9868-57a2d4851a1d" relativeResultsDirectory="bf903d55-f503-4167-a1f5-9dc7e7440c5e" />
    <UnitTestResult executionId="cd668941-7621-4830-848c-2733af9653a1" testId="f78c516b-19b5-6162-b927-304c88d19605" testName="CodePoint_OutOfBounds_ReturnsEmpty" computerName="dadsmbp" duration="00:00:00.0000450" startTime="2025-08-22T08:10:53.5712440-04:00" endTime="2025-08-22T08:10:53.5713140-04:00" testType="13cdc9d9-ddb5-4fa4-a97d-d965ccfc6d4b" outcome="Passed" testListId="8c84fa94-04c1-424b-9868-57a2d4851a1d" relativeResultsDirectory="cd668941-7621-4830-848c-2733af9653a1" />
    <UnitTestResult executionId="998f2ab7-11fb-4557-ae32-6a343e32a135" testId="c58415fd-06be-8de0-12b6-8b886c39540c" testName="LocalVariable_NonexistentLocal_ReturnsNil" computerName="dadsmbp" duration="00:00:00.0000224" startTime="2025-08-22T08:10:53.3944380-04:00" endTime="2025-08-22T08:10:53.3944780-04:00" testType="13cdc9d9-ddb5-4fa4-a97d-d965ccfc6d4b" outcome="Passed" testListId="8c84fa94-04c1-424b-9868-57a2d4851a1d" relativeResultsDirectory="998f2ab7-11fb-4557-ae32-6a343e32a135" />
    <UnitTestResult executionId="80d1c603-4d62-4042-b6e9-508fe2f27a4d" testId="43b79d3c-aeeb-5633-2f01-4138af819202" testName="Rep_ValidCount_RepeatsString" computerName="dadsmbp" duration="00:00:00.0002352" startTime="2025-08-22T08:10:53.4911170-04:00" endTime="2025-08-22T08:10:53.4913820-04:00" testType="13cdc9d9-ddb5-4fa4-a97d-d965ccfc6d4b" outcome="Passed" testListId="8c84fa94-04c1-424b-9868-57a2d4851a1d" relativeResultsDirectory="80d1c603-4d62-4042-b6e9-508fe2f27a4d" />
    <UnitTestResult executionId="07bc38e1-b875-4f2e-a3b0-49003e0d7886" testId="bdfc419e-7b06-ae56-1790-4aecf9839ca8" testName="Abs_NonNumericArgument_ThrowsException" computerName="dadsmbp" duration="00:00:00.0001095" startTime="2025-08-22T08:10:53.4475460-04:00" endTime="2025-08-22T08:10:53.4476860-04:00" testType="13cdc9d9-ddb5-4fa4-a97d-d965ccfc6d4b" outcome="Passed" testListId="8c84fa94-04c1-424b-9868-57a2d4851a1d" relativeResultsDirectory="07bc38e1-b875-4f2e-a3b0-49003e0d7886" />
    <UnitTestResult executionId="02a16bf1-b920-404d-8496-cb6cd0b87fd5" testId="ec103471-4d87-2a17-10f9-3da97d31d9bc" testName="FileHandle_ReadAfterClose_ThrowsException" computerName="dadsmbp" duration="00:00:00.0004253" startTime="2025-08-22T08:10:53.4334760-04:00" endTime="2025-08-22T08:10:53.4339460-04:00" testType="13cdc9d9-ddb5-4fa4-a97d-d965ccfc6d4b" outcome="Passed" testListId="8c84fa94-04c1-424b-9868-57a2d4851a1d" relativeResultsDirectory="02a16bf1-b920-404d-8496-cb6cd0b87fd5" />
    <UnitTestResult executionId="3664a39e-2c3e-4325-893b-96dae4672882" testId="81432b5a-0a92-dee0-84a6-365867d576ce" testName="String_UnicodeString_ReturnsCorrectValue" computerName="dadsmbp" duration="00:00:00.0000514" startTime="2025-08-22T08:10:53.5835590-04:00" endTime="2025-08-22T08:10:53.5836370-04:00" testType="13cdc9d9-ddb5-4fa4-a97d-d965ccfc6d4b" outcome="Passed" testListId="8c84fa94-04c1-424b-9868-57a2d4851a1d" relativeResultsDirectory="3664a39e-2c3e-4325-893b-96dae4672882" />
    <UnitTestResult executionId="9b774175-08a3-4242-a867-3d15985c18c0" testId="006c22c6-5988-a575-a69c-6419c30f7084" testName="FMod_MissingSecondArgument_ThrowsException" computerName="dadsmbp" duration="00:00:00.0000983" startTime="2025-08-22T08:10:53.4517750-04:00" endTime="2025-08-22T08:10:53.4518970-04:00" testType="13cdc9d9-ddb5-4fa4-a97d-d965ccfc6d4b" outcome="Passed" testListId="8c84fa94-04c1-424b-9868-57a2d4851a1d" relativeResultsDirectory="9b774175-08a3-4242-a867-3d15985c18c0" />
    <UnitTestResult executionId="0f8e154b-4bdd-48ba-8a74-0b509891dfef" testId="d2412a1a-4841-40cf-9656-805a3328669f" testName="Sub_ValidRange_ReturnsSubstring" computerName="dadsmbp" duration="00:00:00.0003123" startTime="2025-08-22T08:10:53.4857900-04:00" endTime="2025-08-22T08:10:53.4861290-04:00" testType="13cdc9d9-ddb5-4fa4-a97d-d965ccfc6d4b" outcome="Passed" testListId="8c84fa94-04c1-424b-9868-57a2d4851a1d" relativeResultsDirectory="0f8e154b-4bdd-48ba-8a74-0b509891dfef" />
    <UnitTestResult executionId="d316df61-bb81-4b23-8ee5-93ef03f22a8b" testId="3cd2c9df-7251-60fe-ac0d-70ffb25e5f5c" testName="Abs_NegativeFloat_ReturnsPositive" computerName="dadsmbp" duration="00:00:00.0000447" startTime="2025-08-22T08:10:53.4466800-04:00" endTime="2025-08-22T08:10:53.4467420-04:00" testType="13cdc9d9-ddb5-4fa4-a97d-d965ccfc6d4b" outcome="Passed" testListId="8c84fa94-04c1-424b-9868-57a2d4851a1d" relativeResultsDirectory="d316df61-bb81-4b23-8ee5-93ef03f22a8b" />
    <UnitTestResult executionId="8d256f83-a5ed-4c1a-9d9c-b45991c63714" testId="c745b49e-0b06-9050-ea27-f3fe6be9c9a3" testName="TestMethod1" computerName="dadsmbp" duration="00:00:00.0000430" startTime="2025-08-22T08:10:53.5921810-04:00" endTime="2025-08-22T08:10:53.5926630-04:00" testType="13cdc9d9-ddb5-4fa4-a97d-d965ccfc6d4b" outcome="Passed" testListId="8c84fa94-04c1-424b-9868-57a2d4851a1d" relativeResultsDirectory="8d256f83-a5ed-4c1a-9d9c-b45991c63714" />
    <UnitTestResult executionId="c28eb3a0-942a-4bf0-8b02-dd4b869d5b59" testId="8d7ffd3c-c613-fdd4-5501-a0aadc600b6a" testName="GetNumber_ZeroInteger_ReturnsZero" computerName="dadsmbp" duration="00:00:00.0000352" startTime="2025-08-22T08:10:53.5767930-04:00" endTime="2025-08-22T08:10:53.5768450-04:00" testType="13cdc9d9-ddb5-4fa4-a97d-d965ccfc6d4b" outcome="Passed" testListId="8c84fa94-04c1-424b-9868-57a2d4851a1d" relativeResultsDirectory="c28eb3a0-942a-4bf0-8b02-dd4b869d5b59" />
    <UnitTestResult executionId="30236622-8f11-427d-b56d-4d254d73fba6" testId="820c4f0e-05b4-2838-625c-3833faffc573" testName="Integer_MinValue_ReturnsCorrectValue" computerName="dadsmbp" duration="00:00:00.0000718" startTime="2025-08-22T08:10:53.5822160-04:00" endTime="2025-08-22T08:10:53.5823360-04:00" testType="13cdc9d9-ddb5-4fa4-a97d-d965ccfc6d4b" outcome="Passed" testListId="8c84fa94-04c1-424b-9868-57a2d4851a1d" relativeResultsDirectory="30236622-8f11-427d-b56d-4d254d73fba6" />
    <UnitTestResult executionId="611b72a6-37d4-4166-a51e-0bcd160ce956" testId="c5fc564f-4bc6-94b2-c436-be6d6db5efb0" testName="Print_Function_IsCallable" computerName="dadsmbp" duration="00:00:00.0015550" startTime="2025-08-22T08:10:53.4147820-04:00" endTime="2025-08-22T08:10:53.4163770-04:00" testType="13cdc9d9-ddb5-4fa4-a97d-d965ccfc6d4b" outcome="Passed" testListId="8c84fa94-04c1-424b-9868-57a2d4851a1d" relativeResultsDirectory="611b72a6-37d4-4166-a51e-0bcd160ce956">
      <Output>
        <StdOut>test
42	test</StdOut>
      </Output>
    </UnitTestResult>
    <UnitTestResult executionId="977d7591-e1f4-4743-b922-1fab4c5d26fd" testId="83e2d380-8332-fbbf-f333-d8c513c140de" testName="Unpack_NoTable_ThrowsException" computerName="dadsmbp" duration="00:00:00.0000889" startTime="2025-08-22T08:10:53.5517470-04:00" endTime="2025-08-22T08:10:53.5518600-04:00" testType="13cdc9d9-ddb5-4fa4-a97d-d965ccfc6d4b" outcome="Passed" testListId="8c84fa94-04c1-424b-9868-57a2d4851a1d" relativeResultsDirectory="977d7591-e1f4-4743-b922-1fab4c5d26fd" />
    <UnitTestResult executionId="b29132d1-377e-4e36-aacd-f027815811e1" testId="caecfbcd-42a1-0bf6-8888-3ba079be496e" testName="TryGetInteger_NonIntegerValue_ReturnsFalse" computerName="dadsmbp" duration="00:00:00.0000282" startTime="2025-08-22T08:10:53.5882240-04:00" endTime="2025-08-22T08:10:53.5882680-04:00" testType="13cdc9d9-ddb5-4fa4-a97d-d965ccfc6d4b" outcome="Passed" testListId="8c84fa94-04c1-424b-9868-57a2d4851a1d" relativeResultsDirectory="b29132d1-377e-4e36-aacd-f027815811e1" />
    <UnitTestResult executionId="de0b7a4e-2eb7-4174-9ede-3a42a6787959" testId="b6afd48c-caef-4c2d-99db-4083ef9a58f8" testName="Pack_MultipleFormats_WorksCorrectly" computerName="dadsmbp" duration="00:00:00.0001407" startTime="2025-08-22T08:10:53.5144700-04:00" endTime="2025-08-22T08:10:53.5146330-04:00" testType="13cdc9d9-ddb5-4fa4-a97d-d965ccfc6d4b" outcome="Passed" testListId="8c84fa94-04c1-424b-9868-57a2d4851a1d" relativeResultsDirectory="de0b7a4e-2eb7-4174-9ede-3a42a6787959" />
    <UnitTestResult executionId="56efa83c-d2bc-48d6-b557-2cfef95b66c4" testId="76fe9faa-4618-ea82-de42-cef87ef7ab6f" testName="SetLocale_AllCategory_SetsLocale" computerName="dadsmbp" duration="00:00:00.0000483" startTime="2025-08-22T08:10:53.4797630-04:00" endTime="2025-08-22T08:10:53.4798320-04:00" testType="13cdc9d9-ddb5-4fa4-a97d-d965ccfc6d4b" outcome="Passed" testListId="8c84fa94-04c1-424b-9868-57a2d4851a1d" relativeResultsDirectory="56efa83c-d2bc-48d6-b557-2cfef95b66c4" />
    <UnitTestResult executionId="aef3b95f-b741-4a1b-83ec-f14281a4187f" testId="0962b052-25b5-015e-e85d-065851746177" testName="TryGetFloat_IntegerValue_ReturnsTrue" computerName="dadsmbp" duration="00:00:00.0001650" startTime="2025-08-22T08:10:53.5883740-04:00" endTime="2025-08-22T08:10:53.5885580-04:00" testType="13cdc9d9-ddb5-4fa4-a97d-d965ccfc6d4b" outcome="Failed" testListId="8c84fa94-04c1-424b-9868-57a2d4851a1d" relativeResultsDirectory="aef3b95f-b741-4a1b-83ec-f14281a4187f">
      <Output>
        <ErrorInfo>
          <Message>Assert.IsTrue failed. </Message>
          <StackTrace>   at FLua.Runtime.LibraryTests.LuaValueTests.TryGetFloat_IntegerValue_ReturnsTrue() in /Users/bill/Repos/FLua/FLua.Runtime.LibraryTests/LuaValueTests.cs:line 682
   at System.RuntimeMethodHandle.InvokeMethod(Object target, Void** arguments, Signature sig, Boolean isConstructor)
   at System.Reflection.MethodBaseInvoker.InvokeWithNoArgs(Object obj, BindingFlags invokeAttr)
</StackTrace>
        </ErrorInfo>
      </Output>
    </UnitTestResult>
    <UnitTestResult executionId="3d4a88bf-f88b-437a-8a89-1db7e20c9e11" testId="eff664ce-e42b-59e4-d1d2-9f9c8951c7c9" testName="Lines_FileWithManyLines_HandlesAll" computerName="dadsmbp" duration="00:00:00.0007250" startTime="2025-08-22T08:10:53.4408130-04:00" endTime="2025-08-22T08:10:53.4439240-04:00" testType="13cdc9d9-ddb5-4fa4-a97d-d965ccfc6d4b" outcome="Passed" testListId="8c84fa94-04c1-424b-9868-57a2d4851a1d" relativeResultsDirectory="3d4a88bf-f88b-437a-8a89-1db7e20c9e11" />
    <UnitTestResult executionId="5f32df21-7888-40ed-bb41-3dc5e047e915" testId="99236272-2706-b2dd-eb36-1d46b6e282f0" testName="TmpName_NoArguments_Works" computerName="dadsmbp" duration="00:00:00.0000884" startTime="2025-08-22T08:10:53.4827060-04:00" endTime="2025-08-22T08:10:53.4828160-04:00" testType="13cdc9d9-ddb5-4fa4-a97d-d965ccfc6d4b" outcome="Passed" testListId="8c84fa94-04c1-424b-9868-57a2d4851a1d" relativeResultsDirectory="5f32df21-7888-40ed-bb41-3dc5e047e915" />
    <UnitTestResult executionId="3cd8dc3f-e2d3-40c9-bab2-78649f54005c" testId="602edd5b-ab04-6baa-7d5b-bfedbcb3d92f" testName="TryGetBoolean_BooleanValue_ReturnsTrue" computerName="dadsmbp" duration="00:00:00.0000727" startTime="2025-08-22T08:10:53.5890550-04:00" endTime="2025-08-22T08:10:53.5891470-04:00" testType="13cdc9d9-ddb5-4fa4-a97d-d965ccfc6d4b" outcome="Passed" testListId="8c84fa94-04c1-424b-9868-57a2d4851a1d" relativeResultsDirectory="3cd8dc3f-e2d3-40c9-bab2-78649f54005c" />
    <UnitTestResult executionId="885d942c-caef-4954-bc6f-9c0fef00cfdb" testId="b48ffaf8-bc78-a6ec-3880-be95cfae8c19" testName="CreateNumber_PositiveInfinity_ReturnsInfinityFloat" computerName="dadsmbp" duration="00:00:00.0000378" startTime="2025-08-22T08:10:53.5788980-04:00" endTime="2025-08-22T08:10:53.5789510-04:00" testType="13cdc9d9-ddb5-4fa4-a97d-d965ccfc6d4b" outcome="Passed" testListId="8c84fa94-04c1-424b-9868-57a2d4851a1d" relativeResultsDirectory="885d942c-caef-4954-bc6f-9c0fef00cfdb" />
    <UnitTestResult executionId="3bd0eb2e-16ef-4464-b3bd-077fe140934d" testId="d4e1f88d-41ce-084a-764a-04bbb509148d" testName="Floor_PositiveFloat_ReturnsFloor" computerName="dadsmbp" duration="00:00:00.0000507" startTime="2025-08-22T08:10:53.4501820-04:00" endTime="2025-08-22T08:10:53.4502570-04:00" testType="13cdc9d9-ddb5-4fa4-a97d-d965ccfc6d4b" outcome="Passed" testListId="8c84fa94-04c1-424b-9868-57a2d4851a1d" relativeResultsDirectory="3bd0eb2e-16ef-4464-b3bd-077fe140934d" />
    <UnitTestResult executionId="9320477a-cf47-4d56-b784-5d1558d81d9d" testId="82acd130-2fd0-0ba2-61ee-17254e47c79e" testName="ImplicitConversion_StringToLuaValue_WorksCorrectly" computerName="dadsmbp" duration="00:00:00.0000304" startTime="2025-08-22T08:10:53.5904470-04:00" endTime="2025-08-22T08:10:53.5904930-04:00" testType="13cdc9d9-ddb5-4fa4-a97d-d965ccfc6d4b" outcome="Passed" testListId="8c84fa94-04c1-424b-9868-57a2d4851a1d" relativeResultsDirectory="9320477a-cf47-4d56-b784-5d1558d81d9d" />
    <UnitTestResult executionId="0e5820dc-2540-4b51-9488-2fab1bd58102" testId="b1281940-f7f8-63c3-f3ba-f29258f117ee" testName="Move_MissingArguments_ThrowsException" computerName="dadsmbp" duration="00:00:00.0001212" startTime="2025-08-22T08:10:53.5464270-04:00" endTime="2025-08-22T08:10:53.5465760-04:00" testType="13cdc9d9-ddb5-4fa4-a97d-d965ccfc6d4b" outcome="Passed" testListId="8c84fa94-04c1-424b-9868-57a2d4851a1d" relativeResultsDirectory="0e5820dc-2540-4b51-9488-2fab1bd58102" />
    <UnitTestResult executionId="7af2c06d-9f6e-4723-a8ee-0af849c1c49b" testId="722cd6e6-520c-c38c-565b-863e1072acd7" testName="TypeConversion_Performance_ManyConversions" computerName="dadsmbp" duration="00:00:00.0002824" startTime="2025-08-22T08:10:53.5653590-04:00" endTime="2025-08-22T08:10:53.5656760-04:00" testType="13cdc9d9-ddb5-4fa4-a97d-d965ccfc6d4b" outcome="Passed" testListId="8c84fa94-04c1-424b-9868-57a2d4851a1d" relativeResultsDirectory="7af2c06d-9f6e-4723-a8ee-0af849c1c49b" />
    <UnitTestResult executionId="9157a8f6-4eea-4555-914b-c741cfa77210" testId="3b9f54eb-8de3-b189-bbd7-8852b278301c" testName="GetHashCode_SameValues_ReturnsSameHash" computerName="dadsmbp" duration="00:00:00.0000395" startTime="2025-08-22T08:10:53.5873290-04:00" endTime="2025-08-22T08:10:53.5873870-04:00" testType="13cdc9d9-ddb5-4fa4-a97d-d965ccfc6d4b" outcome="Passed" testListId="8c84fa94-04c1-424b-9868-57a2d4851a1d" relativeResultsDirectory="9157a8f6-4eea-4555-914b-c741cfa77210" />
    <UnitTestResult executionId="9cbd1e9e-408d-4e88-88a2-76367e510c59" testId="5e4370a9-e725-b06f-f680-a7ac00d166d5" testName="Floor_LargeFloat_ReturnsFloat" computerName="dadsmbp" duration="00:00:00.0000531" startTime="2025-08-22T08:10:53.4504130-04:00" endTime="2025-08-22T08:10:53.4504830-04:00" testType="13cdc9d9-ddb5-4fa4-a97d-d965ccfc6d4b" outcome="Passed" testListId="8c84fa94-04c1-424b-9868-57a2d4851a1d" relativeResultsDirectory="9cbd1e9e-408d-4e88-88a2-76367e510c59" />
    <UnitTestResult executionId="1194459a-f901-4791-9b6d-8114f0743a91" testId="f1c5c84e-f344-d115-dd3e-ea9e05107ade" testName="DiffTime_SameTimes_ReturnsZero" computerName="dadsmbp" duration="00:00:00.0000501" startTime="2025-08-22T08:10:53.4761450-04:00" endTime="2025-08-22T08:10:53.4762120-04:00" testType="13cdc9d9-ddb5-4fa4-a97d-d965ccfc6d4b" outcome="Passed" testListId="8c84fa94-04c1-424b-9868-57a2d4851a1d" relativeResultsDirectory="1194459a-f901-4791-9b6d-8114f0743a91" />
    <UnitTestResult executionId="de3f85cb-c759-4a71-96a0-639c262fff68" testId="b931607b-ba65-f0fe-f4b5-565ebc4e7bc9" testName="Find_SimplePattern_ReturnsPosition" computerName="dadsmbp" duration="00:00:00.0014445" startTime="2025-08-22T08:10:53.4920780-04:00" endTime="2025-08-22T08:10:53.4935490-04:00" testType="13cdc9d9-ddb5-4fa4-a97d-d965ccfc6d4b" outcome="Passed" testListId="8c84fa94-04c1-424b-9868-57a2d4851a1d" relativeResultsDirectory="de3f85cb-c759-4a71-96a0-639c262fff68" />
    <UnitTestResult executionId="8bdb231e-bf05-450c-9a98-814f2a0ec6b9" testId="55e9949d-742f-dcb9-0b57-6b46d153ec62" testName="Helpers_TypeConsistency_AllMethods" computerName="dadsmbp" duration="00:00:00.0001239" startTime="2025-08-22T08:10:53.5802140-04:00" endTime="2025-08-22T08:10:53.5803530-04:00" testType="13cdc9d9-ddb5-4fa4-a97d-d965ccfc6d4b" outcome="Passed" testListId="8c84fa94-04c1-424b-9868-57a2d4851a1d" relativeResultsDirectory="8bdb231e-bf05-450c-9a98-814f2a0ec6b9" />
    <UnitTestResult executionId="0940bba5-5287-47e5-97f3-84ccc8c6ab91" testId="9748d62b-1280-e0ee-352c-e19a548ff90e" testName="Len_EmptyString_ReturnsZero" computerName="dadsmbp" duration="00:00:00.0003983" startTime="2025-08-22T08:10:53.4838770-04:00" endTime="2025-08-22T08:10:53.4845810-04:00" testType="13cdc9d9-ddb5-4fa4-a97d-d965ccfc6d4b" outcome="Passed" testListId="8c84fa94-04c1-424b-9868-57a2d4851a1d" relativeResultsDirectory="0940bba5-5287-47e5-97f3-84ccc8c6ab91" />
    <UnitTestResult executionId="bbf7df79-235f-4dd9-99fe-9fa2a9df864f" testId="27e7e791-ddf6-23ac-f33f-a414200d8fd4" testName="Insert_AtEnd_AddsElement" computerName="dadsmbp" duration="00:00:00.0007249" startTime="2025-08-22T08:10:53.5397180-04:00" endTime="2025-08-22T08:10:53.5406620-04:00" testType="13cdc9d9-ddb5-4fa4-a97d-d965ccfc6d4b" outcome="Passed" testListId="8c84fa94-04c1-424b-9868-57a2d4851a1d" relativeResultsDirectory="bbf7df79-235f-4dd9-99fe-9fa2a9df864f" />
    <UnitTestResult executionId="2340e566-3260-41f5-a4da-f7a9253e50dd" testId="05ae02b1-5669-b205-ae3e-0f20a2128d81" testName="Find_FullStringPattern_MatchesEntireString" computerName="dadsmbp" duration="00:00:00.0000580" startTime="2025-08-22T08:10:53.5357580-04:00" endTime="2025-08-22T08:10:53.5358380-04:00" testType="13cdc9d9-ddb5-4fa4-a97d-d965ccfc6d4b" outcome="Passed" testListId="8c84fa94-04c1-424b-9868-57a2d4851a1d" relativeResultsDirectory="2340e566-3260-41f5-a4da-f7a9253e50dd" />
    <UnitTestResult executionId="539aae25-2fd0-44c2-b793-f1a17e75aab5" testId="2f8e678b-4650-b4bf-8f5f-1e968fcf762f" testName="FileHandle_Write_SingleString" computerName="dadsmbp" duration="00:00:00.0003979" startTime="2025-08-22T08:10:53.4306900-04:00" endTime="2025-08-22T08:10:53.4311130-04:00" testType="13cdc9d9-ddb5-4fa4-a97d-d965ccfc6d4b" outcome="Passed" testListId="8c84fa94-04c1-424b-9868-57a2d4851a1d" relativeResultsDirectory="539aae25-2fd0-44c2-b793-f1a17e75aab5" />
    <UnitTestResult executionId="2df8974c-da14-4251-a9d5-4857586d69e1" testId="ad900887-b256-3109-2599-8d9a6433bb2e" testName="Match_Quantifiers_WorkCorrectly" computerName="dadsmbp" duration="00:00:00.0055516" startTime="2025-08-22T08:10:53.5191670-04:00" endTime="2025-08-22T08:10:53.5249010-04:00" testType="13cdc9d9-ddb5-4fa4-a97d-d965ccfc6d4b" outcome="Failed" testListId="8c84fa94-04c1-424b-9868-57a2d4851a1d" relativeResultsDirectory="2df8974c-da14-4251-a9d5-4857586d69e1">
      <Output>
        <ErrorInfo>
          <Message>Assert.AreEqual failed. Expected:&lt;bbb&gt;. Actual:&lt;b&gt;. </Message>
          <StackTrace>   at FLua.Runtime.LibraryTests.LuaStringLibTests.Match_Quantifiers_WorkCorrectly() in /Users/bill/Repos/FLua/FLua.Runtime.LibraryTests/LuaStringLibTests.cs:line 1195
   at System.RuntimeMethodHandle.InvokeMethod(Object target, Void** arguments, Signature sig, Boolean isConstructor)
   at System.Reflection.MethodBaseInvoker.InvokeWithNoArgs(Object obj, BindingFlags invokeAttr)
</StackTrace>
        </ErrorInfo>
      </Output>
    </UnitTestResult>
    <UnitTestResult executionId="58f211a3-8ff8-436e-accf-64a60bd8085b" testId="80646168-bc5f-2e48-0309-c13793f0df62" testName="Open_ReadMode_OpensExistingFile" computerName="dadsmbp" duration="00:00:00.0012643" startTime="2025-08-22T08:10:53.4204590-04:00" endTime="2025-08-22T08:10:53.4218540-04:00" testType="13cdc9d9-ddb5-4fa4-a97d-d965ccfc6d4b" outcome="Passed" testListId="8c84fa94-04c1-424b-9868-57a2d4851a1d" relativeResultsDirectory="58f211a3-8ff8-436e-accf-64a60bd8085b" />
    <UnitTestResult executionId="ae41321a-48cd-40d9-bb9d-d6da69ea6a8b" testId="17386706-45ae-d62e-68a0-1c2563136f66" testName="ToNumber_IntegerString_ReturnsCorrectNumber" computerName="dadsmbp" duration="00:00:00.0001232" startTime="2025-08-22T08:10:53.5548310-04:00" endTime="2025-08-22T08:10:53.5550460-04:00" testType="13cdc9d9-ddb5-4fa4-a97d-d965ccfc6d4b" outcome="Passed" testListId="8c84fa94-04c1-424b-9868-57a2d4851a1d" relativeResultsDirectory="ae41321a-48cd-40d9-bb9d-d6da69ea6a8b" />
    <UnitTestResult executionId="79e05879-c091-4476-b392-05d354609aed" testId="7ed5bc42-f48f-e144-df67-ea61a8761ea2" testName="Len_WithStartAndEnd_CountsRange" computerName="dadsmbp" duration="00:00:00.0000589" startTime="2025-08-22T08:10:53.5673210-04:00" endTime="2025-08-22T08:10:53.5673970-04:00" testType="13cdc9d9-ddb5-4fa4-a97d-d965ccfc6d4b" outcome="Passed" testListId="8c84fa94-04c1-424b-9868-57a2d4851a1d" relativeResultsDirectory="79e05879-c091-4476-b392-05d354609aed" />
    <UnitTestResult executionId="98c1651d-0ba8-4427-99d7-fbeb45047083" testId="8868fdb5-6923-2dd5-4325-73d75faf269d" testName="TryToNumber_StringWithFloat_ReturnsFloat" computerName="dadsmbp" duration="00:00:00.0000316" startTime="2025-08-22T08:10:53.5892710-04:00" endTime="2025-08-22T08:10:53.5893200-04:00" testType="13cdc9d9-ddb5-4fa4-a97d-d965ccfc6d4b" outcome="Passed" testListId="8c84fa94-04c1-424b-9868-57a2d4851a1d" relativeResultsDirectory="98c1651d-0ba8-4427-99d7-fbeb45047083" />
    <UnitTestResult executionId="69e78052-f26d-4f6f-a1cf-06a985938463" testId="bc5b4279-4cbd-3d1b-6c3c-43a92a980df8" testName="AsString_NilValue_ThrowsException" computerName="dadsmbp" duration="00:00:00.0000880" startTime="2025-08-22T08:10:53.5912420-04:00" endTime="2025-08-22T08:10:53.5913570-04:00" testType="13cdc9d9-ddb5-4fa4-a97d-d965ccfc6d4b" outcome="Passed" testListId="8c84fa94-04c1-424b-9868-57a2d4851a1d" relativeResultsDirectory="69e78052-f26d-4f6f-a1cf-06a985938463" />
    <UnitTestResult executionId="7c0a48da-2d68-4953-b953-7b47fe8f2495" testId="8a8b8b7a-b160-2bcf-4182-3505e77285c7" testName="Close_NoArguments_ClosesDefaultOutput" computerName="dadsmbp" duration="00:00:00.0002023" startTime="2025-08-22T08:10:53.4394550-04:00" endTime="2025-08-22T08:10:53.4396810-04:00" testType="13cdc9d9-ddb5-4fa4-a97d-d965ccfc6d4b" outcome="Passed" testListId="8c84fa94-04c1-424b-9868-57a2d4851a1d" relativeResultsDirectory="7c0a48da-2d68-4953-b953-7b47fe8f2495" />
    <UnitTestResult executionId="1546c538-ee18-4063-92c4-6eeb6d34e06b" testId="a00a85f6-c83e-9567-9587-55100932b603" testName="Tan_Zero_ReturnsZero" computerName="dadsmbp" duration="00:00:00.0000942" startTime="2025-08-22T08:10:53.4528690-04:00" endTime="2025-08-22T08:10:53.4529800-04:00" testType="13cdc9d9-ddb5-4fa4-a97d-d965ccfc6d4b" outcome="Passed" testListId="8c84fa94-04c1-424b-9868-57a2d4851a1d" relativeResultsDirectory="1546c538-ee18-4063-92c4-6eeb6d34e06b" />
    <UnitTestResult executionId="66ee52a0-230a-4895-a4eb-31a23467427c" testId="4e65ecd1-811d-e85b-e491-b23053ef27c3" testName="Find_MinusQuantifier_MatchesNonGreedy" computerName="dadsmbp" duration="00:00:00.0001780" startTime="2025-08-22T08:10:53.5353470-04:00" endTime="2025-08-22T08:10:53.5355550-04:00" testType="13cdc9d9-ddb5-4fa4-a97d-d965ccfc6d4b" outcome="Failed" testListId="8c84fa94-04c1-424b-9868-57a2d4851a1d" relativeResultsDirectory="66ee52a0-230a-4895-a4eb-31a23467427c">
      <Output>
        <ErrorInfo>
          <Message>Assert.AreEqual failed. Expected:&lt;2&gt;. Actual:&lt;1&gt;. </Message>
          <StackTrace>   at FLua.Runtime.LibraryTests.LuaStringLibTests.Find_MinusQuantifier_MatchesNonGreedy() in /Users/bill/Repos/FLua/FLua.Runtime.LibraryTests/LuaStringLibTests.cs:line 1557
   at System.RuntimeMethodHandle.InvokeMethod(Object target, Void** arguments, Signature sig, Boolean isConstructor)
   at System.Reflection.MethodBaseInvoker.InvokeWithNoArgs(Object obj, BindingFlags invokeAttr)
</StackTrace>
        </ErrorInfo>
      </Output>
    </UnitTestResult>
    <UnitTestResult executionId="b8898ac9-b754-4526-a488-aa5d6c0a4d1b" testId="a0eb5310-291b-8863-e084-f56ae7a156c4" testName="Sqrt_Four_ReturnsTwo" computerName="dadsmbp" duration="00:00:00.0001070" startTime="2025-08-22T08:10:53.4541490-04:00" endTime="2025-08-22T08:10:53.4542760-04:00" testType="13cdc9d9-ddb5-4fa4-a97d-d965ccfc6d4b" outcome="Passed" testListId="8c84fa94-04c1-424b-9868-57a2d4851a1d" relativeResultsDirectory="b8898ac9-b754-4526-a488-aa5d6c0a4d1b" />
    <UnitTestResult executionId="b277a9c3-93df-4d50-985c-83bbd4a9d18c" testId="da2d786f-538e-7702-aa12-98bb27105cae" testName="Type_NoArguments_ReturnsNil" computerName="dadsmbp" duration="00:00:00.0001120" startTime="2025-08-22T08:10:53.4367720-04:00" endTime="2025-08-22T08:10:53.4369030-04:00" testType="13cdc9d9-ddb5-4fa4-a97d-d965ccfc6d4b" outcome="Passed" testListId="8c84fa94-04c1-424b-9868-57a2d4851a1d" relativeResultsDirectory="b277a9c3-93df-4d50-985c-83bbd4a9d18c" />
    <UnitTestResult executionId="5d0ae1a1-dbe0-443f-a1c5-e4163849e481" testId="599c52c0-7569-f4bd-5624-e58ca7f44e96" testName="StringToNumber_NegativeInteger_ReturnsCorrectValue" computerName="dadsmbp" duration="00:00:00.0000470" startTime="2025-08-22T08:10:53.5602660-04:00" endTime="2025-08-22T08:10:53.5603310-04:00" testType="13cdc9d9-ddb5-4fa4-a97d-d965ccfc6d4b" outcome="Passed" testListId="8c84fa94-04c1-424b-9868-57a2d4851a1d" relativeResultsDirectory="5d0ae1a1-dbe0-443f-a1c5-e4163849e481" />
    <UnitTestResult executionId="742d180f-cf07-43f3-8a6f-f71ac3b81cba" testId="35b8885e-5e8d-9b1a-cab6-d81ac88a9066" testName="Ceil_NegativeFloat_ReturnsCeil" computerName="dadsmbp" duration="00:00:00.0000482" startTime="2025-08-22T08:10:53.4508500-04:00" endTime="2025-08-22T08:10:53.4509160-04:00" testType="13cdc9d9-ddb5-4fa4-a97d-d965ccfc6d4b" outcome="Passed" testListId="8c84fa94-04c1-424b-9868-57a2d4851a1d" relativeResultsDirectory="742d180f-cf07-43f3-8a6f-f71ac3b81cba" />
    <UnitTestResult executionId="59881eb4-7d87-4912-80bd-da2cf537307e" testId="8a12688d-cfc8-14f7-74f6-6916940ca70e" testName="CreateStandardEnvironment_HasStandardLibraries" computerName="dadsmbp" duration="00:00:00.0001103" startTime="2025-08-22T08:10:53.4146320-04:00" endTime="2025-08-22T08:10:53.4147700-04:00" testType="13cdc9d9-ddb5-4fa4-a97d-d965ccfc6d4b" outcome="Passed" testListId="8c84fa94-04c1-424b-9868-57a2d4851a1d" relativeResultsDirectory="59881eb4-7d87-4912-80bd-da2cf537307e" />
    <UnitTestResult executionId="98fc81aa-cd8d-4092-81d7-9a94cc3a09a4" testId="b1290e8a-3650-3b20-9f96-245bcab7ff4e" testName="Char_NoArguments_ReturnsEmptyString" computerName="dadsmbp" duration="00:00:00.0000365" startTime="2025-08-22T08:10:53.5689050-04:00" endTime="2025-08-22T08:10:53.5689570-04:00" testType="13cdc9d9-ddb5-4fa4-a97d-d965ccfc6d4b" outcome="Passed" testListId="8c84fa94-04c1-424b-9868-57a2d4851a1d" relativeResultsDirectory="98fc81aa-cd8d-4092-81d7-9a94cc3a09a4" />
    <UnitTestResult executionId="bb753574-19e9-4e33-9c93-af81368139c5" testId="7be779a3-329d-c2a3-df19-b7f10f5274d9" testName="Pack_Float_WorksCorrectly" computerName="dadsmbp" duration="00:00:00.0000706" startTime="2025-08-22T08:10:53.5073410-04:00" endTime="2025-08-22T08:10:53.5074360-04:00" testType="13cdc9d9-ddb5-4fa4-a97d-d965ccfc6d4b" outcome="Passed" testListId="8c84fa94-04c1-424b-9868-57a2d4851a1d" relativeResultsDirectory="bb753574-19e9-4e33-9c93-af81368139c5" />
    <UnitTestResult executionId="ad6df588-d234-46e5-bf81-fe0fda4ca164" testId="9eb26002-4ff4-481e-a0be-51994ffd6d3b" testName="TmpName_ReturnsValidTempFileName" computerName="dadsmbp" duration="00:00:00.0002062" startTime="2025-08-22T08:10:53.4820710-04:00" endTime="2025-08-22T08:10:53.4823000-04:00" testType="13cdc9d9-ddb5-4fa4-a97d-d965ccfc6d4b" outcome="Passed" testListId="8c84fa94-04c1-424b-9868-57a2d4851a1d" relativeResultsDirectory="ad6df588-d234-46e5-bf81-fe0fda4ca164" />
    <UnitTestResult executionId="2d38fc11-ee9b-497a-b8e3-8b7b2dedae95" testId="bf17b87c-01a5-a0d1-ddda-1055022da487" testName="Upper_NumbersAndSymbols_UnchangedExceptLetters" computerName="dadsmbp" duration="00:00:00.0000392" startTime="2025-08-22T08:10:53.4876890-04:00" endTime="2025-08-22T08:10:53.4877500-04:00" testType="13cdc9d9-ddb5-4fa4-a97d-d965ccfc6d4b" outcome="Passed" testListId="8c84fa94-04c1-424b-9868-57a2d4851a1d" relativeResultsDirectory="2d38fc11-ee9b-497a-b8e3-8b7b2dedae95" />
    <UnitTestResult executionId="e9734771-df97-4bb6-a63b-4dbd03697560" testId="44c2b30a-73d1-23ad-9948-fc56edd29d71" testName="IsTable_NonTableValues_ReturnsFalse" computerName="dadsmbp" duration="00:00:00.0000397" startTime="2025-08-22T08:10:53.5797660-04:00" endTime="2025-08-22T08:10:53.5798210-04:00" testType="13cdc9d9-ddb5-4fa4-a97d-d965ccfc6d4b" outcome="Passed" testListId="8c84fa94-04c1-424b-9868-57a2d4851a1d" relativeResultsDirectory="e9734771-df97-4bb6-a63b-4dbd03697560" />
    <UnitTestResult executionId="71d3be55-c119-44bb-afc0-06c1cf4c27d0" testId="28203906-87b7-67ae-2629-b9a0fb52b6d8" testName="Abs_NilArgument_ThrowsException" computerName="dadsmbp" duration="00:00:00.0001018" startTime="2025-08-22T08:10:53.4476940-04:00" endTime="2025-08-22T08:10:53.4478230-04:00" testType="13cdc9d9-ddb5-4fa4-a97d-d965ccfc6d4b" outcome="Passed" testListId="8c84fa94-04c1-424b-9868-57a2d4851a1d" relativeResultsDirectory="71d3be55-c119-44bb-afc0-06c1cf4c27d0" />
    <UnitTestResult executionId="cc9c7fab-7f2e-4b55-8984-9c3ab4a26279" testId="e128d051-1d7b-50a9-7f94-b558f761b014" testName="ToInteger_Integer_ReturnsSameValue" computerName="dadsmbp" duration="00:00:00.0001947" startTime="2025-08-22T08:10:53.4561090-04:00" endTime="2025-08-22T08:10:53.4563210-04:00" testType="13cdc9d9-ddb5-4fa4-a97d-d965ccfc6d4b" outcome="Passed" testListId="8c84fa94-04c1-424b-9868-57a2d4851a1d" relativeResultsDirectory="cc9c7fab-7f2e-4b55-8984-9c3ab4a26279" />
    <UnitTestResult executionId="8bdcdde2-45c7-4d4c-9ec8-4a12b5d7c4a9" testId="4664ecd0-4892-f47b-b43e-af8c61996ac8" testName="Float_NegativeValue_ReturnsCorrectValue" computerName="dadsmbp" duration="00:00:00.0000402" startTime="2025-08-22T08:10:53.5824440-04:00" endTime="2025-08-22T08:10:53.5825060-04:00" testType="13cdc9d9-ddb5-4fa4-a97d-d965ccfc6d4b" outcome="Passed" testListId="8c84fa94-04c1-424b-9868-57a2d4851a1d" relativeResultsDirectory="8bdcdde2-45c7-4d4c-9ec8-4a12b5d7c4a9" />
    <UnitTestResult executionId="18549cc4-c186-428c-8329-aa14094b27e1" testId="627aed26-e2b4-f50f-e572-71b44329f602" testName="Abs_NegativeInfinity_ReturnsPositiveInfinity" computerName="dadsmbp" duration="00:00:00.0000497" startTime="2025-08-22T08:10:53.4472530-04:00" endTime="2025-08-22T08:10:53.4473280-04:00" testType="13cdc9d9-ddb5-4fa4-a97d-d965ccfc6d4b" outcome="Passed" testListId="8c84fa94-04c1-424b-9868-57a2d4851a1d" relativeResultsDirectory="18549cc4-c186-428c-8329-aa14094b27e1" />
    <UnitTestResult executionId="0384dd69-7611-4386-9927-acb98940c591" testId="fba9da05-8511-2781-6ba7-33f97bdf4e79" testName="Rep_NonIntegerCount_ThrowsException" computerName="dadsmbp" duration="00:00:00.0001016" startTime="2025-08-22T08:10:53.4919400-04:00" endTime="2025-08-22T08:10:53.4920710-04:00" testType="13cdc9d9-ddb5-4fa4-a97d-d965ccfc6d4b" outcome="Passed" testListId="8c84fa94-04c1-424b-9868-57a2d4851a1d" relativeResultsDirectory="0384dd69-7611-4386-9927-acb98940c591" />
    <UnitTestResult executionId="5f0032a2-43d9-443d-8c43-9eceee2fcdb9" testId="ac2e1c3f-04fd-ad3c-2e2f-8a8d42842b44" testName="Len_MixedASCIIUnicode_CountsCorrectly" computerName="dadsmbp" duration="00:00:00.0000625" startTime="2025-08-22T08:10:53.5757520-04:00" endTime="2025-08-22T08:10:53.5758330-04:00" testType="13cdc9d9-ddb5-4fa4-a97d-d965ccfc6d4b" outcome="Passed" testListId="8c84fa94-04c1-424b-9868-57a2d4851a1d" relativeResultsDirectory="5f0032a2-43d9-443d-8c43-9eceee2fcdb9" />
    <UnitTestResult executionId="d4f787f9-8d4c-489d-a4a2-b0336d8c1c4c" testId="ffa17173-c9f9-35db-0b79-586ccedd5675" testName="Format_NoArguments_ThrowsException" computerName="dadsmbp" duration="00:00:00.0000994" startTime="2025-08-22T08:10:53.5054000-04:00" endTime="2025-08-22T08:10:53.5055330-04:00" testType="13cdc9d9-ddb5-4fa4-a97d-d965ccfc6d4b" outcome="Passed" testListId="8c84fa94-04c1-424b-9868-57a2d4851a1d" relativeResultsDirectory="d4f787f9-8d4c-489d-a4a2-b0336d8c1c4c" />
    <UnitTestResult executionId="6e34ac66-c83d-4660-8959-d3861ae4fd19" testId="e2b2e85e-40bb-ee45-19ac-a85354ec2aff" testName="Remove_AtPosition_ShiftsElements" computerName="dadsmbp" duration="00:00:00.0001378" startTime="2025-08-22T08:10:53.5438770-04:00" endTime="2025-08-22T08:10:53.5440370-04:00" testType="13cdc9d9-ddb5-4fa4-a97d-d965ccfc6d4b" outcome="Passed" testListId="8c84fa94-04c1-424b-9868-57a2d4851a1d" relativeResultsDirectory="6e34ac66-c83d-4660-8959-d3861ae4fd19" />
    <UnitTestResult executionId="0da31569-8cb4-4846-9d63-9d43ae3a4cf4" testId="91c71e42-f716-f1a3-a456-b6b83f89c8d2" testName="Match_SimplePattern_ReturnsMatchedString" computerName="dadsmbp" duration="00:00:00.0002721" startTime="2025-08-22T08:10:53.5161690-04:00" endTime="2025-08-22T08:10:53.5164660-04:00" testType="13cdc9d9-ddb5-4fa4-a97d-d965ccfc6d4b" outcome="Passed" testListId="8c84fa94-04c1-424b-9868-57a2d4851a1d" relativeResultsDirectory="0da31569-8cb4-4846-9d63-9d43ae3a4cf4" />
    <UnitTestResult executionId="c869b639-c313-41e3-b306-6599fc50517f" testId="dc2c84c8-44bb-4ef8-69bb-c08aa54f4e45" testName="Equals_BothNil_ReturnsTrue" computerName="dadsmbp" duration="00:00:00.0000368" startTime="2025-08-22T08:10:53.5872640-04:00" endTime="2025-08-22T08:10:53.5873210-04:00" testType="13cdc9d9-ddb5-4fa4-a97d-d965ccfc6d4b" outcome="Passed" testListId="8c84fa94-04c1-424b-9868-57a2d4851a1d" relativeResultsDirectory="c869b639-c313-41e3-b306-6599fc50517f" />
    <UnitTestResult executionId="8bf232ca-f5d3-415a-8954-b0ebdea0c7a9" testId="f45f745f-8400-5cce-fd41-0bd4f97bd45c" testName="CodePoint_WithRange_ReturnsRange" computerName="dadsmbp" duration="00:00:00.0000706" startTime="2025-08-22T08:10:53.5707060-04:00" endTime="2025-08-22T08:10:53.5707940-04:00" testType="13cdc9d9-ddb5-4fa4-a97d-d965ccfc6d4b" outcome="Passed" testListId="8c84fa94-04c1-424b-9868-57a2d4851a1d" relativeResultsDirectory="8bf232ca-f5d3-415a-8954-b0ebdea0c7a9" />
    <UnitTestResult executionId="6bc9d80d-083c-48a2-aa65-2bdf291a0358" testId="902fab0c-178e-1183-38f8-7d0efa75ff49" testName="GSub_WithLimit_LimitsReplacements" computerName="dadsmbp" duration="00:00:00.0001123" startTime="2025-08-22T08:10:53.5324220-04:00" endTime="2025-08-22T08:10:53.5325660-04:00" testType="13cdc9d9-ddb5-4fa4-a97d-d965ccfc6d4b" outcome="Passed" testListId="8c84fa94-04c1-424b-9868-57a2d4851a1d" relativeResultsDirectory="6bc9d80d-083c-48a2-aa65-2bdf291a0358" />
    <UnitTestResult executionId="1416012b-4067-44b1-afc1-85a999b5486b" testId="b20233ec-015e-3cd3-212c-d09042def4c8" testName="Floor_NegativeFloat_ReturnsFloor" computerName="dadsmbp" duration="00:00:00.0000469" startTime="2025-08-22T08:10:53.4502670-04:00" endTime="2025-08-22T08:10:53.4503330-04:00" testType="13cdc9d9-ddb5-4fa4-a97d-d965ccfc6d4b" outcome="Passed" testListId="8c84fa94-04c1-424b-9868-57a2d4851a1d" relativeResultsDirectory="1416012b-4067-44b1-afc1-85a999b5486b" />
    <UnitTestResult executionId="9577ab33-20d9-4e71-a192-30bd3e3a9a8b" testId="b7791621-2a97-4e3f-ca1c-60e1ad49b7c4" testName="CodePoint_SingleCharacter_ReturnsSingleCodePoint" computerName="dadsmbp" duration="00:00:00.0000446" startTime="2025-08-22T08:10:53.5705620-04:00" endTime="2025-08-22T08:10:53.5706260-04:00" testType="13cdc9d9-ddb5-4fa4-a97d-d965ccfc6d4b" outcome="Passed" testListId="8c84fa94-04c1-424b-9868-57a2d4851a1d" relativeResultsDirectory="9577ab33-20d9-4e71-a192-30bd3e3a9a8b" />
    <UnitTestResult executionId="ab5fb540-8c5a-426a-b070-f439a75a530b" testId="396a515e-8e91-32db-79ef-6ca5f0e6e119" testName="Find_StartPositionAtEnd_ReturnsNil" computerName="dadsmbp" duration="00:00:00.0000507" startTime="2025-08-22T08:10:53.5359210-04:00" endTime="2025-08-22T08:10:53.5359930-04:00" testType="13cdc9d9-ddb5-4fa4-a97d-d965ccfc6d4b" outcome="Passed" testListId="8c84fa94-04c1-424b-9868-57a2d4851a1d" relativeResultsDirectory="ab5fb540-8c5a-426a-b070-f439a75a530b" />
    <UnitTestResult executionId="fe35ef98-3d22-465d-880c-2fb165fe9e89" testId="9c529e5d-5f0c-4527-2177-7b62e95f8735" testName="ToInteger_IntegerValue_ReturnsLongValue" computerName="dadsmbp" duration="00:00:00.0005457" startTime="2025-08-22T08:10:53.5559850-04:00" endTime="2025-08-22T08:10:53.5565620-04:00" testType="13cdc9d9-ddb5-4fa4-a97d-d965ccfc6d4b" outcome="Passed" testListId="8c84fa94-04c1-424b-9868-57a2d4851a1d" relativeResultsDirectory="fe35ef98-3d22-465d-880c-2fb165fe9e89" />
    <UnitTestResult executionId="a6240560-832e-4157-b58f-c46b02f48805" testId="ce8879f5-6e83-5bff-bdae-70b3e4d2e15b" testName="Sub_EmptyString_ReturnsEmpty" computerName="dadsmbp" duration="00:00:00.0000583" startTime="2025-08-22T08:10:53.4870310-04:00" endTime="2025-08-22T08:10:53.4871160-04:00" testType="13cdc9d9-ddb5-4fa4-a97d-d965ccfc6d4b" outcome="Passed" testListId="8c84fa94-04c1-424b-9868-57a2d4851a1d" relativeResultsDirectory="a6240560-832e-4157-b58f-c46b02f48805" />
    <UnitTestResult executionId="a2d75790-ab29-486f-81c0-e0f99451e0ae" testId="09da649e-f156-15bf-398b-520b4478c270" testName="ToInteger_FloatWithIntegerValue_ReturnsInteger" computerName="dadsmbp" duration="00:00:00.0000702" startTime="2025-08-22T08:10:53.5565810-04:00" endTime="2025-08-22T08:10:53.5566830-04:00" testType="13cdc9d9-ddb5-4fa4-a97d-d965ccfc6d4b" outcome="Passed" testListId="8c84fa94-04c1-424b-9868-57a2d4851a1d" relativeResultsDirectory="a2d75790-ab29-486f-81c0-e0f99451e0ae" />
    <UnitTestResult executionId="bdf98eca-cea9-4f4e-9c2f-f400f9fd37b8" testId="a8a70edc-394e-fc45-f84b-f8a8a6b710af" testName="Add_IntegerFloat_ReturnsFloatSum" computerName="dadsmbp" duration="00:00:00.0000469" startTime="2025-08-22T08:10:53.5843220-04:00" endTime="2025-08-22T08:10:53.5843870-04:00" testType="13cdc9d9-ddb5-4fa4-a97d-d965ccfc6d4b" outcome="Passed" testListId="8c84fa94-04c1-424b-9868-57a2d4851a1d" relativeResultsDirectory="bdf98eca-cea9-4f4e-9c2f-f400f9fd37b8" />
    <UnitTestResult executionId="d3a21a8e-555b-4a2c-b451-d12f5617712d" testId="3cc36533-57cf-f049-94fe-b0929a9f967d" testName="Integer_MaxValue_ReturnsCorrectValue" computerName="dadsmbp" duration="00:00:00.0000628" startTime="2025-08-22T08:10:53.5816600-04:00" endTime="2025-08-22T08:10:53.5817630-04:00" testType="13cdc9d9-ddb5-4fa4-a97d-d965ccfc6d4b" outcome="Passed" testListId="8c84fa94-04c1-424b-9868-57a2d4851a1d" relativeResultsDirectory="d3a21a8e-555b-4a2c-b451-d12f5617712d" />
    <UnitTestResult executionId="209754be-c080-42ab-ba0d-765392712ffc" testId="ee03bbaa-432e-87a5-cbbb-463cacc67db0" testName="ToInteger_StringWithSpaces_ReturnsInteger" computerName="dadsmbp" duration="00:00:00.0000524" startTime="2025-08-22T08:10:53.4569270-04:00" endTime="2025-08-22T08:10:53.4570010-04:00" testType="13cdc9d9-ddb5-4fa4-a97d-d965ccfc6d4b" outcome="Passed" testListId="8c84fa94-04c1-424b-9868-57a2d4851a1d" relativeResultsDirectory="209754be-c080-42ab-ba0d-765392712ffc" />
    <UnitTestResult executionId="17b8e089-d934-44f8-984d-6629520acb22" testId="da8c1c06-614a-07f5-8ed3-ca61da1ccd9b" testName="Format_WidthSpecifier_PadsCorrectly" computerName="dadsmbp" duration="00:00:00.0000952" startTime="2025-08-22T08:10:53.5039020-04:00" endTime="2025-08-22T08:10:53.5040390-04:00" testType="13cdc9d9-ddb5-4fa4-a97d-d965ccfc6d4b" outcome="Passed" testListId="8c84fa94-04c1-424b-9868-57a2d4851a1d" relativeResultsDirectory="17b8e089-d934-44f8-984d-6629520acb22" />
    <UnitTestResult executionId="fdf5755c-de6d-4f75-a831-5e3ff7b0d5f8" testId="75777ee9-b384-7b18-484c-624e5c8b45eb" testName="FileHandle_Read_DefaultReadsLine" computerName="dadsmbp" duration="00:00:00.0007124" startTime="2025-08-22T08:10:53.4267060-04:00" endTime="2025-08-22T08:10:53.4274430-04:00" testType="13cdc9d9-ddb5-4fa4-a97d-d965ccfc6d4b" outcome="Passed" testListId="8c84fa94-04c1-424b-9868-57a2d4851a1d" relativeResultsDirectory="fdf5755c-de6d-4f75-a831-5e3ff7b0d5f8" />
    <UnitTestResult executionId="e0a5f4ce-aa58-4a2b-bdaa-0ab9a6b91452" testId="a7865787-7750-24f4-b467-d1d7c819c4a4" testName="Cos_Zero_ReturnsOne" computerName="dadsmbp" duration="00:00:00.0001009" startTime="2025-08-22T08:10:53.4526640-04:00" endTime="2025-08-22T08:10:53.4527870-04:00" testType="13cdc9d9-ddb5-4fa4-a97d-d965ccfc6d4b" outcome="Passed" testListId="8c84fa94-04c1-424b-9868-57a2d4851a1d" relativeResultsDirectory="e0a5f4ce-aa58-4a2b-bdaa-0ab9a6b91452" />
    <UnitTestResult executionId="3d72f66f-90ee-4d61-8162-46b3c0489bab" testId="5e598697-ca6c-d690-b979-5538ac0b1f53" testName="ProtectedCall_Function_ReturnsSuccessResults" computerName="dadsmbp" duration="00:00:00.0001295" startTime="2025-08-22T08:10:53.4183470-04:00" endTime="2025-08-22T08:10:53.4185040-04:00" testType="13cdc9d9-ddb5-4fa4-a97d-d965ccfc6d4b" outcome="Passed" testListId="8c84fa94-04c1-424b-9868-57a2d4851a1d" relativeResultsDirectory="3d72f66f-90ee-4d61-8162-46b3c0489bab" />
    <UnitTestResult executionId="3bd4efa7-d7af-4e41-a335-5f05890fad38" testId="67750e5f-4c1a-63e1-17aa-e0c00b26bd00" testName="TryGetString_StringValue_ReturnsTrue" computerName="dadsmbp" duration="00:00:00.0000926" startTime="2025-08-22T08:10:53.5889270-04:00" endTime="2025-08-22T08:10:53.5890450-04:00" testType="13cdc9d9-ddb5-4fa4-a97d-d965ccfc6d4b" outcome="Passed" testListId="8c84fa94-04c1-424b-9868-57a2d4851a1d" relativeResultsDirectory="3bd4efa7-d7af-4e41-a335-5f05890fad38" />
    <UnitTestResult executionId="f99c7094-1d52-4347-a1f8-553b77e58e7d" testId="ec784ee1-cdfa-859d-8e70-7383a9624858" testName="Find_MissingPattern_ThrowsException" computerName="dadsmbp" duration="00:00:00.0001095" startTime="2025-08-22T08:10:53.4944700-04:00" endTime="2025-08-22T08:10:53.4946140-04:00" testType="13cdc9d9-ddb5-4fa4-a97d-d965ccfc6d4b" outcome="Passed" testListId="8c84fa94-04c1-424b-9868-57a2d4851a1d" relativeResultsDirectory="f99c7094-1d52-4347-a1f8-553b77e58e7d" />
    <UnitTestResult executionId="33923885-c6d4-4c1b-ae68-593fb6328d86" testId="10878a1e-6024-2c44-7b6f-c73183c982b4" testName="Pack_Double_PrecisionTest" computerName="dadsmbp" duration="00:00:00.0000861" startTime="2025-08-22T08:10:53.5120800-04:00" endTime="2025-08-22T08:10:53.5121890-04:00" testType="13cdc9d9-ddb5-4fa4-a97d-d965ccfc6d4b" outcome="Passed" testListId="8c84fa94-04c1-424b-9868-57a2d4851a1d" relativeResultsDirectory="33923885-c6d4-4c1b-ae68-593fb6328d86" />
    <UnitTestResult executionId="3269c873-6f1b-41d8-8e34-d02160555bc8" testId="d74c40de-e568-1f3e-371d-ca78fc5ef994" testName="CharPattern_IsAvailable" computerName="dadsmbp" duration="00:00:00.0000722" startTime="2025-08-22T08:10:53.5743560-04:00" endTime="2025-08-22T08:10:53.5744480-04:00" testType="13cdc9d9-ddb5-4fa4-a97d-d965ccfc6d4b" outcome="Passed" testListId="8c84fa94-04c1-424b-9868-57a2d4851a1d" relativeResultsDirectory="3269c873-6f1b-41d8-8e34-d02160555bc8" />
    <UnitTestResult executionId="4f7c1800-91d0-418c-8640-8e1ba9118b4a" testId="730bb781-0b75-c6e2-e3ef-0b70b99fc8d3" testName="GetNumber_NegativeNumber_ReturnsCorrectValue" computerName="dadsmbp" duration="00:00:00.0000326" startTime="2025-08-22T08:10:53.5768520-04:00" endTime="2025-08-22T08:10:53.5769010-04:00" testType="13cdc9d9-ddb5-4fa4-a97d-d965ccfc6d4b" outcome="Passed" testListId="8c84fa94-04c1-424b-9868-57a2d4851a1d" relativeResultsDirectory="4f7c1800-91d0-418c-8640-8e1ba9118b4a" />
    <UnitTestResult executionId="a20c3ff5-e02e-4b0a-a3ed-dbd426a6c84c" testId="0375210f-cc53-e565-1dd1-49c56166eb87" testName="Sin_Pi_ReturnsZero" computerName="dadsmbp" duration="00:00:00.0000417" startTime="2025-08-22T08:10:53.4522450-04:00" endTime="2025-08-22T08:10:53.4523030-04:00" testType="13cdc9d9-ddb5-4fa4-a97d-d965ccfc6d4b" outcome="Passed" testListId="8c84fa94-04c1-424b-9868-57a2d4851a1d" relativeResultsDirectory="a20c3ff5-e02e-4b0a-a3ed-dbd426a6c84c" />
    <UnitTestResult executionId="40e338a8-b20e-4025-a611-7806c8923820" testId="2583f021-343e-fb4e-1585-e43296031618" testName="TmpName_WithArguments_IgnoresThem" computerName="dadsmbp" duration="00:00:00.0001056" startTime="2025-08-22T08:10:53.4832200-04:00" endTime="2025-08-22T08:10:53.4833500-04:00" testType="13cdc9d9-ddb5-4fa4-a97d-d965ccfc6d4b" outcome="Passed" testListId="8c84fa94-04c1-424b-9868-57a2d4851a1d" relativeResultsDirectory="40e338a8-b20e-4025-a611-7806c8923820" />
    <UnitTestResult executionId="f3b8e023-93d5-4404-94f5-6583059275bc" testId="0788d6d5-684c-aed2-3f13-19da4f20b164" testName="Len_WithStartPosition_CountsFromPosition" computerName="dadsmbp" duration="00:00:00.0000462" startTime="2025-08-22T08:10:53.5672510-04:00" endTime="2025-08-22T08:10:53.5673140-04:00" testType="13cdc9d9-ddb5-4fa4-a97d-d965ccfc6d4b" outcome="Passed" testListId="8c84fa94-04c1-424b-9868-57a2d4851a1d" relativeResultsDirectory="f3b8e023-93d5-4404-94f5-6583059275bc" />
    <UnitTestResult executionId="fb4e0dbd-b30d-41c6-9c86-11387bdb67af" testId="3357e835-cd07-a322-d7e3-de79066a2658" testName="Insert_BeyondArrayBounds_CreatesGap" computerName="dadsmbp" duration="00:00:00.0001888" startTime="2025-08-22T08:10:53.5420040-04:00" endTime="2025-08-22T08:10:53.5422150-04:00" testType="13cdc9d9-ddb5-4fa4-a97d-d965ccfc6d4b" outcome="Passed" testListId="8c84fa94-04c1-424b-9868-57a2d4851a1d" relativeResultsDirectory="fb4e0dbd-b30d-41c6-9c86-11387bdb67af" />
    <UnitTestResult executionId="935bb153-675f-4893-b10f-a067541aaee0" testId="ce1b4c45-e339-a35b-7326-51d2826fbeb5" testName="Float_Zero_ReturnsCorrectValue" computerName="dadsmbp" duration="00:00:00.0000388" startTime="2025-08-22T08:10:53.5825130-04:00" endTime="2025-08-22T08:10:53.5825720-04:00" testType="13cdc9d9-ddb5-4fa4-a97d-d965ccfc6d4b" outcome="Passed" testListId="8c84fa94-04c1-424b-9868-57a2d4851a1d" relativeResultsDirectory="935bb153-675f-4893-b10f-a067541aaee0" />
    <UnitTestResult executionId="5a84d3ea-8253-43bf-ad10-b01002adf37c" testId="20dd689a-578f-5454-f77f-d1ac3d4a2168" testName="Match_SingleCharacter_WorksCorrectly" computerName="dadsmbp" duration="00:00:00.0000523" startTime="2025-08-22T08:10:53.5300770-04:00" endTime="2025-08-22T08:10:53.5301530-04:00" testType="13cdc9d9-ddb5-4fa4-a97d-d965ccfc6d4b" outcome="Passed" testListId="8c84fa94-04c1-424b-9868-57a2d4851a1d" relativeResultsDirectory="5a84d3ea-8253-43bf-ad10-b01002adf37c" />
    <UnitTestResult executionId="651a5f4e-456c-42f5-bfa5-d443c8e054f3" testId="797f74ab-502e-753e-792c-01d61bf281a5" testName="Lines_EmptyFile_ReturnsEmptyIterator" computerName="dadsmbp" duration="00:00:00.0002860" startTime="2025-08-22T08:10:53.4375410-04:00" endTime="2025-08-22T08:10:53.4378490-04:00" testType="13cdc9d9-ddb5-4fa4-a97d-d965ccfc6d4b" outcome="Passed" testListId="8c84fa94-04c1-424b-9868-57a2d4851a1d" relativeResultsDirectory="651a5f4e-456c-42f5-bfa5-d443c8e054f3" />
    <UnitTestResult executionId="e845fbee-12f2-4a33-9a19-6b9e64d517ea" testId="417ed471-c272-f304-00b4-248e83dc3474" testName="CodePoint_ASCIIString_ReturnsCodePoints" computerName="dadsmbp" duration="00:00:00.0003826" startTime="2025-08-22T08:10:53.5699710-04:00" endTime="2025-08-22T08:10:53.5703780-04:00" testType="13cdc9d9-ddb5-4fa4-a97d-d965ccfc6d4b" outcome="Passed" testListId="8c84fa94-04c1-424b-9868-57a2d4851a1d" relativeResultsDirectory="e845fbee-12f2-4a33-9a19-6b9e64d517ea" />
    <UnitTestResult executionId="26d0ee15-2254-4fca-b492-1887b4f3e7f0" testId="94249136-3b52-f9c3-1d42-b3ed9b46e46d" testName="Pack_FixedString_WorksCorrectly" computerName="dadsmbp" duration="00:00:00.0002516" startTime="2025-08-22T08:10:53.5078990-04:00" endTime="2025-08-22T08:10:53.5081800-04:00" testType="13cdc9d9-ddb5-4fa4-a97d-d965ccfc6d4b" outcome="Passed" testListId="8c84fa94-04c1-424b-9868-57a2d4851a1d" relativeResultsDirectory="26d0ee15-2254-4fca-b492-1887b4f3e7f0" />
    <UnitTestResult executionId="0ff0b1fe-ec32-4b7a-a936-e9054cb5b224" testId="16b9feef-3faf-88f4-07b4-d0d7b6cb1d20" testName="ToBoolean_FalseValue_ReturnsFalse" computerName="dadsmbp" duration="00:00:00.0000232" startTime="2025-08-22T08:10:53.5582700-04:00" endTime="2025-08-22T08:10:53.5583500-04:00" testType="13cdc9d9-ddb5-4fa4-a97d-d965ccfc6d4b" outcome="Passed" testListId="8c84fa94-04c1-424b-9868-57a2d4851a1d" relativeResultsDirectory="0ff0b1fe-ec32-4b7a-a936-e9054cb5b224" />
    <UnitTestResult executionId="5e7b1ae7-9421-49dc-b0e4-d45180bb8606" testId="329390c7-be25-eb32-0931-3c61f1551a71" testName="FileHandle_Write_MultipleStrings" computerName="dadsmbp" duration="00:00:00.0003558" startTime="2025-08-22T08:10:53.4311240-04:00" endTime="2025-08-22T08:10:53.4315040-04:00" testType="13cdc9d9-ddb5-4fa4-a97d-d965ccfc6d4b" outcome="Passed" testListId="8c84fa94-04c1-424b-9868-57a2d4851a1d" relativeResultsDirectory="5e7b1ae7-9421-49dc-b0e4-d45180bb8606" />
    <UnitTestResult executionId="1fbf886d-13f4-4535-b09c-07fdc22f763b" testId="082d9a71-e2e1-0f41-dbb6-c1d879441d68" testName="TryToNumber_InvalidString_ReturnsFalse" computerName="dadsmbp" duration="00:00:00.0000292" startTime="2025-08-22T08:10:53.5893770-04:00" endTime="2025-08-22T08:10:53.5894230-04:00" testType="13cdc9d9-ddb5-4fa4-a97d-d965ccfc6d4b" outcome="Passed" testListId="8c84fa94-04c1-424b-9868-57a2d4851a1d" relativeResultsDirectory="1fbf886d-13f4-4535-b09c-07fdc22f763b" />
    <UnitTestResult executionId="d01465ed-3d58-4b63-a9ec-a854f4d73718" testId="b1a93aa2-0e75-ec18-726f-2623a7ba282b" testName="Release_CalledOnValues_DoesNotThrow" computerName="dadsmbp" duration="00:00:00.0001642" startTime="2025-08-22T08:10:53.5919450-04:00" endTime="2025-08-22T08:10:53.5921500-04:00" testType="13cdc9d9-ddb5-4fa4-a97d-d965ccfc6d4b" outcome="Passed" testListId="8c84fa94-04c1-424b-9868-57a2d4851a1d" relativeResultsDirectory="d01465ed-3d58-4b63-a9ec-a854f4d73718" />
    <UnitTestResult executionId="9ff7dd79-e6d6-47d3-9ddd-6fcd9f75d8b6" testId="ca09bb58-7f95-8094-b392-d26392066009" testName="Format_HexFormatting_WorksCorrectly" computerName="dadsmbp" duration="00:00:00.0001310" startTime="2025-08-22T08:10:53.4992230-04:00" endTime="2025-08-22T08:10:53.4993870-04:00" testType="13cdc9d9-ddb5-4fa4-a97d-d965ccfc6d4b" outcome="Passed" testListId="8c84fa94-04c1-424b-9868-57a2d4851a1d" relativeResultsDirectory="9ff7dd79-e6d6-47d3-9ddd-6fcd9f75d8b6" />
    <UnitTestResult executionId="5d2650dc-c2b1-4617-8e35-0acf8e7fb700" testId="66ff3671-3d04-b35e-0edb-023c3c15e56b" testName="Remove_LastElement_ReturnsAndRemoves" computerName="dadsmbp" duration="00:00:00.0003557" startTime="2025-08-22T08:10:53.5434830-04:00" endTime="2025-08-22T08:10:53.5438650-04:00" testType="13cdc9d9-ddb5-4fa4-a97d-d965ccfc6d4b" outcome="Passed" testListId="8c84fa94-04c1-424b-9868-57a2d4851a1d" relativeResultsDirectory="5d2650dc-c2b1-4617-8e35-0acf8e7fb700" />
    <UnitTestResult executionId="c8763a5c-15ab-46f9-af81-47c6de6152e2" testId="91457ee6-4393-3cf1-d878-bbed1b581f4c" testName="Match_WordBoundaries_WorkCorrectly" computerName="dadsmbp" duration="00:00:00.0001750" startTime="2025-08-22T08:10:53.5296670-04:00" endTime="2025-08-22T08:10:53.5298750-04:00" testType="13cdc9d9-ddb5-4fa4-a97d-d965ccfc6d4b" outcome="Failed" testListId="8c84fa94-04c1-424b-9868-57a2d4851a1d" relativeResultsDirectory="c8763a5c-15ab-46f9-af81-47c6de6152e2">
      <Output>
        <ErrorInfo>
          <Message>Test method FLua.Runtime.LibraryTests.LuaStringLibTests.Match_WordBoundaries_WorkCorrectly threw exception: &#xD;
System.InvalidOperationException: Value is not a string, it's Nil</Message>
          <StackTrace>    at FLua.Runtime.LuaValue.AsString() in /Users/bill/Repos/FLua/FLua.Runtime/LuaValue.cs:line 225
   at FLua.Runtime.LibraryTests.LuaStringLibTests.Match_WordBoundaries_WorkCorrectly() in /Users/bill/Repos/FLua/FLua.Runtime.LibraryTests/LuaStringLibTests.cs:line 1287
   at System.RuntimeMethodHandle.InvokeMethod(Object target, Void** arguments, Signature sig, Boolean isConstructor)
   at System.Reflection.MethodBaseInvoker.InvokeWithNoArgs(Object obj, BindingFlags invokeAttr)
</StackTrace>
        </ErrorInfo>
      </Output>
    </UnitTestResult>
    <UnitTestResult executionId="f7060813-d77f-4273-b8f0-5d7d3837794a" testId="46b73069-0ed5-b1f9-c58c-87f44366a25e" testName="Pack_StringLength_TooLarge_ThrowsException" computerName="dadsmbp" duration="00:00:00.0001870" startTime="2025-08-22T08:10:53.5138440-04:00" endTime="2025-08-22T08:10:53.5140990-04:00" testType="13cdc9d9-ddb5-4fa4-a97d-d965ccfc6d4b" outcome="Passed" testListId="8c84fa94-04c1-424b-9868-57a2d4851a1d" relativeResultsDirectory="f7060813-d77f-4273-b8f0-5d7d3837794a" />
    <UnitTestResult executionId="1f6abee2-9589-4993-b1e8-87b7c6e968ac" testId="8082c4c3-da68-d305-da4c-2d05b5c16fc2" testName="Match_Anchors_WorkCorrectly" computerName="dadsmbp" duration="00:00:00.0001706" startTime="2025-08-22T08:10:53.5189630-04:00" endTime="2025-08-22T08:10:53.5191590-04:00" testType="13cdc9d9-ddb5-4fa4-a97d-d965ccfc6d4b" outcome="Passed" testListId="8c84fa94-04c1-424b-9868-57a2d4851a1d" relativeResultsDirectory="1f6abee2-9589-4993-b1e8-87b7c6e968ac" />
    <UnitTestResult executionId="5c2a40c7-d21c-47f4-af6b-c69ec79cbf4b" testId="4167cbe8-38c1-7cb3-882f-3969c597defd" testName="Deg_Pi_Returns180" computerName="dadsmbp" duration="00:00:00.0000945" startTime="2025-08-22T08:10:53.4531520-04:00" endTime="2025-08-22T08:10:53.4532640-04:00" testType="13cdc9d9-ddb5-4fa4-a97d-d965ccfc6d4b" outcome="Passed" testListId="8c84fa94-04c1-424b-9868-57a2d4851a1d" relativeResultsDirectory="5c2a40c7-d21c-47f4-af6b-c69ec79cbf4b" />
    <UnitTestResult executionId="bcb3b49c-a21d-4e4e-994b-c0a2e7bc8b46" testId="b1a38c9c-e65d-39f9-0583-284794d50406" testName="Pack_StringWithLength_SpecifiedSize" computerName="dadsmbp" duration="00:00:00.0000865" startTime="2025-08-22T08:10:53.5132550-04:00" endTime="2025-08-22T08:10:53.5133650-04:00" testType="13cdc9d9-ddb5-4fa4-a97d-d965ccfc6d4b" outcome="Passed" testListId="8c84fa94-04c1-424b-9868-57a2d4851a1d" relativeResultsDirectory="bcb3b49c-a21d-4e4e-994b-c0a2e7bc8b46" />
    <UnitTestResult executionId="487f65a3-71cc-4cda-91c7-041b8cab3ee4" testId="5d2ae755-0986-61cd-5beb-ff5cb0ae706b" testName="Char_SingleCodePoint_ReturnsSingleCharacter" computerName="dadsmbp" duration="00:00:00.0000395" startTime="2025-08-22T08:10:53.5687140-04:00" endTime="2025-08-22T08:10:53.5687710-04:00" testType="13cdc9d9-ddb5-4fa4-a97d-d965ccfc6d4b" outcome="Passed" testListId="8c84fa94-04c1-424b-9868-57a2d4851a1d" relativeResultsDirectory="487f65a3-71cc-4cda-91c7-041b8cab3ee4" />
    <UnitTestResult executionId="a0ee7fc2-d572-4889-b6d7-3ca1352a6483" testId="6642b87e-f989-fa7e-fc87-e099ff904a87" testName="Pow_TwoToThePowerOfThree_ReturnsEight" computerName="dadsmbp" duration="00:00:00.0001248" startTime="2025-08-22T08:10:53.4543540-04:00" endTime="2025-08-22T08:10:53.4544960-04:00" testType="13cdc9d9-ddb5-4fa4-a97d-d965ccfc6d4b" outcome="Passed" testListId="8c84fa94-04c1-424b-9868-57a2d4851a1d" relativeResultsDirectory="a0ee7fc2-d572-4889-b6d7-3ca1352a6483" />
    <UnitTestResult executionId="35f2af26-623f-4efe-9e56-e7f671e962bf" testId="3483b99b-fc69-a667-3fb8-b744a04642ad" testName="Unpack_SimpleArray_ReturnsElements" computerName="dadsmbp" duration="00:00:00.0002877" startTime="2025-08-22T08:10:53.5510290-04:00" endTime="2025-08-22T08:10:53.5513360-04:00" testType="13cdc9d9-ddb5-4fa4-a97d-d965ccfc6d4b" outcome="Passed" testListId="8c84fa94-04c1-424b-9868-57a2d4851a1d" relativeResultsDirectory="35f2af26-623f-4efe-9e56-e7f671e962bf" />
    <UnitTestResult executionId="e7b233fc-cb77-420f-b4c5-8f63db77a651" testId="ebf87f26-06ae-013b-9ca8-21f98a2fd024" testName="Max_SingleArgument_ReturnsSameValue" computerName="dadsmbp" duration="00:00:00.0001601" startTime="2025-08-22T08:10:53.4478300-04:00" endTime="2025-08-22T08:10:53.4480100-04:00" testType="13cdc9d9-ddb5-4fa4-a97d-d965ccfc6d4b" outcome="Passed" testListId="8c84fa94-04c1-424b-9868-57a2d4851a1d" relativeResultsDirectory="e7b233fc-cb77-420f-b4c5-8f63db77a651" />
    <UnitTestResult executionId="b807928f-1f4c-4b50-b9af-941907c09130" testId="4460a51b-7dbe-79e0-dfc7-8e853c83e4e3" testName="LocalVariable_ExistingLocal_CanRetrieve" computerName="dadsmbp" duration="00:00:00.0000420" startTime="2025-08-22T08:10:53.3943710-04:00" endTime="2025-08-22T08:10:53.3944310-04:00" testType="13cdc9d9-ddb5-4fa4-a97d-d965ccfc6d4b" outcome="Passed" testListId="8c84fa94-04c1-424b-9868-57a2d4851a1d" relativeResultsDirectory="b807928f-1f4c-4b50-b9af-941907c09130" />
    <UnitTestResult executionId="434c4396-f0c0-4464-8769-114d1f6f0bbc" testId="2ceef316-547f-296a-0d4f-13975d8da686" testName="Sort_NonTable_ThrowsException" computerName="dadsmbp" duration="00:00:00.0000912" startTime="2025-08-22T08:10:53.5499950-04:00" endTime="2025-08-22T08:10:53.5501100-04:00" testType="13cdc9d9-ddb5-4fa4-a97d-d965ccfc6d4b" outcome="Passed" testListId="8c84fa94-04c1-424b-9868-57a2d4851a1d" relativeResultsDirectory="434c4396-f0c0-4464-8769-114d1f6f0bbc" />
    <UnitTestResult executionId="648deca3-28ae-449d-ac84-ef73bf6357c3" testId="c9e3b85c-08c6-c9b0-c2c1-08d8f5887312" testName="Rep_CountOne_ReturnsSameString" computerName="dadsmbp" duration="00:00:00.0000518" startTime="2025-08-22T08:10:53.4913940-04:00" endTime="2025-08-22T08:10:53.4914710-04:00" testType="13cdc9d9-ddb5-4fa4-a97d-d965ccfc6d4b" outcome="Passed" testListId="8c84fa94-04c1-424b-9868-57a2d4851a1d" relativeResultsDirectory="648deca3-28ae-449d-ac84-ef73bf6357c3" />
    <UnitTestResult executionId="57a6377a-4b18-4c68-b67b-22fa14b86c3f" testId="19fab2e7-c648-a071-f8f2-67a0e64ed548" testName="Open_InvalidMode_ReturnsNilWithError" computerName="dadsmbp" duration="00:00:00.0004695" startTime="2025-08-22T08:10:53.4253600-04:00" endTime="2025-08-22T08:10:53.4258890-04:00" testType="13cdc9d9-ddb5-4fa4-a97d-d965ccfc6d4b" outcome="Passed" testListId="8c84fa94-04c1-424b-9868-57a2d4851a1d" relativeResultsDirectory="57a6377a-4b18-4c68-b67b-22fa14b86c3f" />
    <UnitTestResult executionId="a784d24b-75b1-495c-a28e-c197f1f616f8" testId="2612273a-d5c4-4832-8695-dd20406cbed0" testName="CreateNumber_ZeroDouble_ReturnsZeroFloat" computerName="dadsmbp" duration="00:00:00.0002174" startTime="2025-08-22T08:10:53.5780050-04:00" endTime="2025-08-22T08:10:53.5782400-04:00" testType="13cdc9d9-ddb5-4fa4-a97d-d965ccfc6d4b" outcome="Failed" testListId="8c84fa94-04c1-424b-9868-57a2d4851a1d" relativeResultsDirectory="a784d24b-75b1-495c-a28e-c197f1f616f8">
      <Output>
        <ErrorInfo>
          <Message>Assert.AreEqual failed. Expected:&lt;Float&gt;. Actual:&lt;Integer&gt;. </Message>
          <StackTrace>   at FLua.Runtime.LibraryTests.LuaValueHelpersTests.CreateNumber_ZeroDouble_ReturnsZeroFloat() in /Users/bill/Repos/FLua/FLua.Runtime.LibraryTests/LuaValueHelpersTests.cs:line 180
   at System.RuntimeMethodHandle.InvokeMethod(Object target, Void** arguments, Signature sig, Boolean isConstructor)
   at System.Reflection.MethodBaseInvoker.InvokeWithNoArgs(Object obj, BindingFlags invokeAttr)
</StackTrace>
        </ErrorInfo>
      </Output>
    </UnitTestResult>
    <UnitTestResult executionId="c95e3843-d9db-4d09-9548-10a3dcb2f93c" testId="5f25129a-2ba1-3f22-76aa-c76ead3c590d" testName="Open_DefaultMode_UsesReadMode" computerName="dadsmbp" duration="00:00:00.0003526" startTime="2025-08-22T08:10:53.4242620-04:00" endTime="2025-08-22T08:10:53.4246650-04:00" testType="13cdc9d9-ddb5-4fa4-a97d-d965ccfc6d4b" outcome="Passed" testListId="8c84fa94-04c1-424b-9868-57a2d4851a1d" relativeResultsDirectory="c95e3843-d9db-4d09-9548-10a3dcb2f93c" />
    <UnitTestResult executionId="c5e40f81-3123-45f2-80f9-cfd703266016" testId="d4208e9d-84cf-12a5-fe3c-68de214fd15b" testName="IsTruthy_NilValue_ReturnsFalse" computerName="dadsmbp" duration="00:00:00.0000238" startTime="2025-08-22T08:10:53.5879450-04:00" endTime="2025-08-22T08:10:53.5879900-04:00" testType="13cdc9d9-ddb5-4fa4-a97d-d965ccfc6d4b" outcome="Passed" testListId="8c84fa94-04c1-424b-9868-57a2d4851a1d" relativeResultsDirectory="c5e40f81-3123-45f2-80f9-cfd703266016" />
    <UnitTestResult executionId="37f1075d-ce85-4944-87ed-5efd8cb58b0e" testId="41f760a9-a423-8221-622c-601a088c4be6" testName="StringToNumber_ScientificNotation_ReturnsCorrectValue" computerName="dadsmbp" duration="00:00:00.0004056" startTime="2025-08-22T08:10:53.5613830-04:00" endTime="2025-08-22T08:10:53.5618370-04:00" testType="13cdc9d9-ddb5-4fa4-a97d-d965ccfc6d4b" outcome="Failed" testListId="8c84fa94-04c1-424b-9868-57a2d4851a1d" relativeResultsDirectory="37f1075d-ce85-4944-87ed-5efd8cb58b0e">
      <Output>
        <ErrorInfo>
          <Message>Assert.AreEqual failed. Expected:&lt;Float&gt;. Actual:&lt;Integer&gt;. </Message>
          <StackTrace>   at FLua.Runtime.LibraryTests.LuaTypeConversionTests.StringToNumber_ScientificNotation_ReturnsCorrectValue() in /Users/bill/Repos/FLua/FLua.Runtime.LibraryTests/LuaTypeConversionTests.cs:line 526
   at System.RuntimeMethodHandle.InvokeMethod(Object target, Void** arguments, Signature sig, Boolean isConstructor)
   at System.Reflection.MethodBaseInvoker.InvokeWithNoArgs(Object obj, BindingFlags invokeAttr)
</StackTrace>
        </ErrorInfo>
      </Output>
    </UnitTestResult>
    <UnitTestResult executionId="aace4002-88a1-4b20-9948-82079c6614d7" testId="4b863a5a-2f8f-6229-cf63-cd337141124e" testName="Lines_NonExistentFile_ThrowsException" computerName="dadsmbp" duration="00:00:00.0002902" startTime="2025-08-22T08:10:53.4386420-04:00" endTime="2025-08-22T08:10:53.4389740-04:00" testType="13cdc9d9-ddb5-4fa4-a97d-d965ccfc6d4b" outcome="Passed" testListId="8c84fa94-04c1-424b-9868-57a2d4851a1d" relativeResultsDirectory="aace4002-88a1-4b20-9948-82079c6614d7" />
    <UnitTestResult executionId="d7b07589-b044-45a1-ba5d-2053304d3669" testId="247f7b58-910c-0c73-20a5-0f0b1b80206a" testName="FileHandle_Read_VeryLargeCount" computerName="dadsmbp" duration="00:00:00.0003825" startTime="2025-08-22T08:10:53.4399160-04:00" endTime="2025-08-22T08:10:53.4403240-04:00" testType="13cdc9d9-ddb5-4fa4-a97d-d965ccfc6d4b" outcome="Passed" testListId="8c84fa94-04c1-424b-9868-57a2d4851a1d" relativeResultsDirectory="d7b07589-b044-45a1-ba5d-2053304d3669" />
    <UnitTestResult executionId="f85e2ebe-0325-419b-82f1-c3f3ea1da46d" testId="9b5c69f7-a346-95bf-b7f5-220fb58ef5ab" testName="Find_WithStartPosition_SearchesFromPosition" computerName="dadsmbp" duration="00:00:00.0000828" startTime="2025-08-22T08:10:53.4940600-04:00" endTime="2025-08-22T08:10:53.4941670-04:00" testType="13cdc9d9-ddb5-4fa4-a97d-d965ccfc6d4b" outcome="Passed" testListId="8c84fa94-04c1-424b-9868-57a2d4851a1d" relativeResultsDirectory="f85e2ebe-0325-419b-82f1-c3f3ea1da46d" />
    <UnitTestResult executionId="588ec4a7-897a-4bf5-abe7-dd1f9e8c9d94" testId="3cd9abb0-8f7b-9e19-3dca-8803acc63b4d" testName="Equals_SameIntegerValues_ReturnsTrue" computerName="dadsmbp" duration="00:00:00.0000700" startTime="2025-08-22T08:10:53.5868130-04:00" endTime="2025-08-22T08:10:53.5869000-04:00" testType="13cdc9d9-ddb5-4fa4-a97d-d965ccfc6d4b" outcome="Passed" testListId="8c84fa94-04c1-424b-9868-57a2d4851a1d" relativeResultsDirectory="588ec4a7-897a-4bf5-abe7-dd1f9e8c9d94" />
    <UnitTestResult executionId="978f01b3-f88a-476a-8ff1-0ea0afe4b59f" testId="93b341b6-a5db-14cd-05fe-4c1e0fcee7e4" testName="Len_LongString_ReturnsCorrectLength" computerName="dadsmbp" duration="00:00:00.0000537" startTime="2025-08-22T08:10:53.4847920-04:00" endTime="2025-08-22T08:10:53.4848780-04:00" testType="13cdc9d9-ddb5-4fa4-a97d-d965ccfc6d4b" outcome="Passed" testListId="8c84fa94-04c1-424b-9868-57a2d4851a1d" relativeResultsDirectory="978f01b3-f88a-476a-8ff1-0ea0afe4b59f" />
    <UnitTestResult executionId="ef57cccc-b9ea-4030-bb77-ca33a3ebf820" testId="c9b41b16-24ce-496b-987c-abd353e461e5" testName="CreateNumber_NegativeLong_ReturnsCorrectInteger" computerName="dadsmbp" duration="00:00:00.0000333" startTime="2025-08-22T08:10:53.5782490-04:00" endTime="2025-08-22T08:10:53.5783030-04:00" testType="13cdc9d9-ddb5-4fa4-a97d-d965ccfc6d4b" outcome="Passed" testListId="8c84fa94-04c1-424b-9868-57a2d4851a1d" relativeResultsDirectory="ef57cccc-b9ea-4030-bb77-ca33a3ebf820" />
    <UnitTestResult executionId="cefc80e9-0094-402e-ac33-ca644e3471a5" testId="5415e2be-9405-d4d2-5064-4eb3f03cb9cb" testName="Open_NonExistentFile_ReturnsNilWithError" computerName="dadsmbp" duration="00:00:00.0005366" startTime="2025-08-22T08:10:53.4246830-04:00" endTime="2025-08-22T08:10:53.4252950-04:00" testType="13cdc9d9-ddb5-4fa4-a97d-d965ccfc6d4b" outcome="Passed" testListId="8c84fa94-04c1-424b-9868-57a2d4851a1d" relativeResultsDirectory="cefc80e9-0094-402e-ac33-ca644e3471a5" />
    <UnitTestResult executionId="26101e56-cb70-4e8c-8082-876d30215a84" testId="eb76ace6-853a-21b1-ca5c-5e67b7601320" testName="Sort_Numbers_SortsNumerically" computerName="dadsmbp" duration="00:00:00.0009240" startTime="2025-08-22T08:10:53.5480330-04:00" endTime="2025-08-22T08:10:53.5489750-04:00" testType="13cdc9d9-ddb5-4fa4-a97d-d965ccfc6d4b" outcome="Passed" testListId="8c84fa94-04c1-424b-9868-57a2d4851a1d" relativeResultsDirectory="26101e56-cb70-4e8c-8082-876d30215a84" />
    <UnitTestResult executionId="46a75b88-7b8f-4906-8d01-9e0f0efcf996" testId="e86749b0-8a23-780c-934b-3de14fa7fc28" testName="Log_E_ReturnsOne" computerName="dadsmbp" duration="00:00:00.0001285" startTime="2025-08-22T08:10:53.4535680-04:00" endTime="2025-08-22T08:10:53.4537130-04:00" testType="13cdc9d9-ddb5-4fa4-a97d-d965ccfc6d4b" outcome="Passed" testListId="8c84fa94-04c1-424b-9868-57a2d4851a1d" relativeResultsDirectory="46a75b88-7b8f-4906-8d01-9e0f0efcf996" />
    <UnitTestResult executionId="1ae8328e-f284-4059-b5ef-71177ff02c6e" testId="b7d95339-e140-5f3e-0d81-600edb2bba27" testName="Find_CharacterClassWithPlusQuantifier_NowWorking" computerName="dadsmbp" duration="00:00:00.0001538" startTime="2025-08-22T08:10:53.5393020-04:00" endTime="2025-08-22T08:10:53.5394800-04:00" testType="13cdc9d9-ddb5-4fa4-a97d-d965ccfc6d4b" outcome="Failed" testListId="8c84fa94-04c1-424b-9868-57a2d4851a1d" relativeResultsDirectory="1ae8328e-f284-4059-b5ef-71177ff02c6e">
      <Output>
        <ErrorInfo>
          <Message>Assert.AreEqual failed. Expected:&lt;2&gt;. Actual:&lt;1&gt;. </Message>
          <StackTrace>   at FLua.Runtime.LibraryTests.LuaStringLibTests.Find_CharacterClassWithPlusQuantifier_NowWorking() in /Users/bill/Repos/FLua/FLua.Runtime.LibraryTests/LuaStringLibTests.cs:line 1798
   at System.RuntimeMethodHandle.InvokeMethod(Object target, Void** arguments, Signature sig, Boolean isConstructor)
   at System.Reflection.MethodBaseInvoker.InvokeWithNoArgs(Object obj, BindingFlags invokeAttr)
</StackTrace>
        </ErrorInfo>
      </Output>
    </UnitTestResult>
    <UnitTestResult executionId="81aa79aa-49cf-4388-9932-477f611d074d" testId="5dbdb775-78b1-be55-4c75-a0fbc63969c3" testName="Format_OctalFormatting_WorksCorrectly" computerName="dadsmbp" duration="00:00:00.0001024" startTime="2025-08-22T08:10:53.4995070-04:00" endTime="2025-08-22T08:10:53.4996340-04:00" testType="13cdc9d9-ddb5-4fa4-a97d-d965ccfc6d4b" outcome="Passed" testListId="8c84fa94-04c1-424b-9868-57a2d4851a1d" relativeResultsDirectory="81aa79aa-49cf-4388-9932-477f611d074d" />
    <UnitTestResult executionId="d9577723-4a1e-481c-85f3-39f54aeebcf9" testId="342e01e1-9cce-68b1-12c2-b542ef47ae8d" testName="TypeConversion_BooleanTruthiness_FollowsLuaRules" computerName="dadsmbp" duration="00:00:00.0000715" startTime="2025-08-22T08:10:53.5641170-04:00" endTime="2025-08-22T08:10:53.5642070-04:00" testType="13cdc9d9-ddb5-4fa4-a97d-d965ccfc6d4b" outcome="Passed" testListId="8c84fa94-04c1-424b-9868-57a2d4851a1d" relativeResultsDirectory="d9577723-4a1e-481c-85f3-39f54aeebcf9" />
    <UnitTestResult executionId="21e01163-1909-4956-80e7-dad7a6b9685d" testId="176db431-b11f-67e9-857d-a0aa3a19ab72" testName="ToInteger_ExactFloat_ReturnsInteger" computerName="dadsmbp" duration="00:00:00.0000596" startTime="2025-08-22T08:10:53.4563290-04:00" endTime="2025-08-22T08:10:53.4564070-04:00" testType="13cdc9d9-ddb5-4fa4-a97d-d965ccfc6d4b" outcome="Passed" testListId="8c84fa94-04c1-424b-9868-57a2d4851a1d" relativeResultsDirectory="21e01163-1909-4956-80e7-dad7a6b9685d" />
    <UnitTestResult executionId="6f3abc2c-33a4-459c-b892-473b3f0a9a6d" testId="f0bb5538-c706-81b0-e10b-60999c7211a2" testName="Pack_LuaUnsigned_WorksCorrectly" computerName="dadsmbp" duration="00:00:00.0000905" startTime="2025-08-22T08:10:53.5143480-04:00" endTime="2025-08-22T08:10:53.5144620-04:00" testType="13cdc9d9-ddb5-4fa4-a97d-d965ccfc6d4b" outcome="Passed" testListId="8c84fa94-04c1-424b-9868-57a2d4851a1d" relativeResultsDirectory="6f3abc2c-33a4-459c-b892-473b3f0a9a6d" />
    <UnitTestResult executionId="9b41debe-0604-4bd9-a74b-aae0a845c355" testId="a21acbc2-cbc5-753d-ebd1-7d9d61a1a921" testName="PackSize_ComplexFormat_CalculatesCorrectly" computerName="dadsmbp" duration="00:00:00.0000667" startTime="2025-08-22T08:10:53.5147720-04:00" endTime="2025-08-22T08:10:53.5148610-04:00" testType="13cdc9d9-ddb5-4fa4-a97d-d965ccfc6d4b" outcome="Passed" testListId="8c84fa94-04c1-424b-9868-57a2d4851a1d" relativeResultsDirectory="9b41debe-0604-4bd9-a74b-aae0a845c355" />
    <UnitTestResult executionId="5eeb1bf4-4c26-4b93-8bf5-bdc628268a7d" testId="2d933501-9945-b51e-a2b6-1c4bddacc8c7" testName="Sub_MissingStartIndex_ThrowsException" computerName="dadsmbp" duration="00:00:00.0001072" startTime="2025-08-22T08:10:53.4871250-04:00" endTime="2025-08-22T08:10:53.4872640-04:00" testType="13cdc9d9-ddb5-4fa4-a97d-d965ccfc6d4b" outcome="Passed" testListId="8c84fa94-04c1-424b-9868-57a2d4851a1d" relativeResultsDirectory="5eeb1bf4-4c26-4b93-8bf5-bdc628268a7d" />
    <UnitTestResult executionId="424e4bcd-4499-4832-82b6-32195b21edc2" testId="d9c53d49-ba67-5df0-3f9a-69a8f0b66684" testName="String_LongString_ReturnsCorrectValue" computerName="dadsmbp" duration="00:00:00.0000470" startTime="2025-08-22T08:10:53.5836460-04:00" endTime="2025-08-22T08:10:53.5837120-04:00" testType="13cdc9d9-ddb5-4fa4-a97d-d965ccfc6d4b" outcome="Passed" testListId="8c84fa94-04c1-424b-9868-57a2d4851a1d" relativeResultsDirectory="424e4bcd-4499-4832-82b6-32195b21edc2" />
    <UnitTestResult executionId="e341433e-1fcd-4c6e-b6a3-df39feffb8bb" testId="1b7089d6-940d-cde2-e437-2a307b7d2116" testName="Floor_NearZeroNegative_ReturnsNegativeOne" computerName="dadsmbp" duration="00:00:00.0000422" startTime="2025-08-22T08:10:53.4506250-04:00" endTime="2025-08-22T08:10:53.4506830-04:00" testType="13cdc9d9-ddb5-4fa4-a97d-d965ccfc6d4b" outcome="Passed" testListId="8c84fa94-04c1-424b-9868-57a2d4851a1d" relativeResultsDirectory="e341433e-1fcd-4c6e-b6a3-df39feffb8bb" />
    <UnitTestResult executionId="51c4e11a-c118-4e02-a071-377f3348c4fc" testId="6819383c-cf63-f039-bf35-77515e4446a2" testName="Add_OperatorOverload_WorksCorrectly" computerName="dadsmbp" duration="00:00:00.0000922" startTime="2025-08-22T08:10:53.5848940-04:00" endTime="2025-08-22T08:10:53.5850140-04:00" testType="13cdc9d9-ddb5-4fa4-a97d-d965ccfc6d4b" outcome="Passed" testListId="8c84fa94-04c1-424b-9868-57a2d4851a1d" relativeResultsDirectory="51c4e11a-c118-4e02-a071-377f3348c4fc" />
    <UnitTestResult executionId="e4b825b0-49a4-4a6e-94d8-3beaa988c99c" testId="92d129aa-64ed-22db-4bde-585d3381802c" testName="IsFunction_FunctionValue_ReturnsTrue" computerName="dadsmbp" duration="00:00:00.0001065" startTime="2025-08-22T08:10:53.5798280-04:00" endTime="2025-08-22T08:10:53.5799510-04:00" testType="13cdc9d9-ddb5-4fa4-a97d-d965ccfc6d4b" outcome="Passed" testListId="8c84fa94-04c1-424b-9868-57a2d4851a1d" relativeResultsDirectory="e4b825b0-49a4-4a6e-94d8-3beaa988c99c" />
    <UnitTestResult executionId="fe1159c1-bb62-48ca-a35a-ef6572f8ee4a" testId="edb57239-6d61-afc5-a9d7-c8f2ec92e7b4" testName="ToConcatString_NilValue_ThrowsException" computerName="dadsmbp" duration="00:00:00.0000226" startTime="2025-08-22T08:10:53.5598720-04:00" endTime="2025-08-22T08:10:53.5599260-04:00" testType="13cdc9d9-ddb5-4fa4-a97d-d965ccfc6d4b" outcome="Failed" testListId="8c84fa94-04c1-424b-9868-57a2d4851a1d" relativeResultsDirectory="fe1159c1-bb62-48ca-a35a-ef6572f8ee4a">
      <Output>
        <ErrorInfo>
          <Message>Test method did not throw expected exception System.InvalidOperationException. </Message>
        </ErrorInfo>
      </Output>
    </UnitTestResult>
    <UnitTestResult executionId="0ee0c893-a5fc-4b09-aa54-02501bcaabcc" testId="56e8f16c-2755-7c09-2d35-9cce1a8a5fce" testName="Sort_NoTable_ThrowsException" computerName="dadsmbp" duration="00:00:00.0000919" startTime="2025-08-22T08:10:53.5498700-04:00" endTime="2025-08-22T08:10:53.5499860-04:00" testType="13cdc9d9-ddb5-4fa4-a97d-d965ccfc6d4b" outcome="Passed" testListId="8c84fa94-04c1-424b-9868-57a2d4851a1d" relativeResultsDirectory="0ee0c893-a5fc-4b09-aa54-02501bcaabcc" />
    <UnitTestResult executionId="12220a3f-d453-4d68-a5e8-bf1eadb7ea82" testId="d4b5d219-056e-cc0e-be33-1d6004bba6c4" testName="Format_MissingArgument_ThrowsException" computerName="dadsmbp" duration="00:00:00.0001631" startTime="2025-08-22T08:10:53.5050080-04:00" endTime="2025-08-22T08:10:53.5052240-04:00" testType="13cdc9d9-ddb5-4fa4-a97d-d965ccfc6d4b" outcome="Passed" testListId="8c84fa94-04c1-424b-9868-57a2d4851a1d" relativeResultsDirectory="12220a3f-d453-4d68-a5e8-bf1eadb7ea82" />
    <UnitTestResult executionId="d306ea1c-12c8-4d0e-91fe-0123dac42fcc" testId="af4aecbe-45ca-e947-c49b-2ea432bb973a" testName="TypeConversion_ConsistentTypeNames_AllTypes" computerName="dadsmbp" duration="00:00:00.0010987" startTime="2025-08-22T08:10:53.5642140-04:00" endTime="2025-08-22T08:10:53.5653400-04:00" testType="13cdc9d9-ddb5-4fa4-a97d-d965ccfc6d4b" outcome="Passed" testListId="8c84fa94-04c1-424b-9868-57a2d4851a1d" relativeResultsDirectory="d306ea1c-12c8-4d0e-91fe-0123dac42fcc" />
    <UnitTestResult executionId="e5b6da3c-9584-49e4-bab9-947e656f799e" testId="0b7d4fed-65c6-97e3-e070-64302d267ad1" testName="Upper_NoArguments_ThrowsException" computerName="dadsmbp" duration="00:00:00.0001035" startTime="2025-08-22T08:10:53.4883170-04:00" endTime="2025-08-22T08:10:53.4884540-04:00" testType="13cdc9d9-ddb5-4fa4-a97d-d965ccfc6d4b" outcome="Passed" testListId="8c84fa94-04c1-424b-9868-57a2d4851a1d" relativeResultsDirectory="e5b6da3c-9584-49e4-bab9-947e656f799e" />
    <UnitTestResult executionId="dfea96b8-8c1a-4d7a-87d3-e04f54b93850" testId="1ba26d15-331e-ba81-15ca-f8454597a5b5" testName="ToLuaString_NilValue_ReturnsNilString" computerName="dadsmbp" duration="00:00:00.0000262" startTime="2025-08-22T08:10:53.5902510-04:00" endTime="2025-08-22T08:10:53.5902940-04:00" testType="13cdc9d9-ddb5-4fa4-a97d-d965ccfc6d4b" outcome="Passed" testListId="8c84fa94-04c1-424b-9868-57a2d4851a1d" relativeResultsDirectory="dfea96b8-8c1a-4d7a-87d3-e04f54b93850" />
    <UnitTestResult executionId="79347d75-909a-40c4-af19-3c4bda63f809" testId="a6d66bc8-a68e-28ad-be3e-5a01c49af426" testName="CreateNumber_LongValue_ReturnsIntegerLuaValue" computerName="dadsmbp" duration="00:00:00.0000530" startTime="2025-08-22T08:10:53.5778060-04:00" endTime="2025-08-22T08:10:53.5778750-04:00" testType="13cdc9d9-ddb5-4fa4-a97d-d965ccfc6d4b" outcome="Passed" testListId="8c84fa94-04c1-424b-9868-57a2d4851a1d" relativeResultsDirectory="79347d75-909a-40c4-af19-3c4bda63f809" />
    <UnitTestResult executionId="147f46de-6ff3-43d1-8bf0-f13655c91cef" testId="e87b50f4-3509-ae4d-a4c9-8d5ced4872ac" testName="Offset_UnicodeString_HandlesMultiByteCharacters" computerName="dadsmbp" duration="00:00:00.0000506" startTime="2025-08-22T08:10:53.5720780-04:00" endTime="2025-08-22T08:10:53.5721460-04:00" testType="13cdc9d9-ddb5-4fa4-a97d-d965ccfc6d4b" outcome="Passed" testListId="8c84fa94-04c1-424b-9868-57a2d4851a1d" relativeResultsDirectory="147f46de-6ff3-43d1-8bf0-f13655c91cef" />
    <UnitTestResult executionId="3bb0309d-3f0d-46de-bfe2-7dd9e7e8207a" testId="22655daf-ecc4-6c41-b980-a5fba70bf9b7" testName="IsFunction_NonFunctionValues_ReturnsFalse" computerName="dadsmbp" duration="00:00:00.0000387" startTime="2025-08-22T08:10:53.5799580-04:00" endTime="2025-08-22T08:10:53.5800130-04:00" testType="13cdc9d9-ddb5-4fa4-a97d-d965ccfc6d4b" outcome="Passed" testListId="8c84fa94-04c1-424b-9868-57a2d4851a1d" relativeResultsDirectory="3bb0309d-3f0d-46de-bfe2-7dd9e7e8207a" />
    <UnitTestResult executionId="f707d02a-56a9-4daf-ad5f-844e31b241fd" testId="519530f8-ec69-7fc8-d74d-d5e225edfcdc" testName="ToInteger_NonNumericString_ReturnsNil" computerName="dadsmbp" duration="00:00:00.0017188" startTime="2025-08-22T08:10:53.4570120-04:00" endTime="2025-08-22T08:10:53.4587730-04:00" testType="13cdc9d9-ddb5-4fa4-a97d-d965ccfc6d4b" outcome="Passed" testListId="8c84fa94-04c1-424b-9868-57a2d4851a1d" relativeResultsDirectory="f707d02a-56a9-4daf-ad5f-844e31b241fd" />
    <UnitTestResult executionId="d8140176-fb34-4991-b585-54076c060ff8" testId="3acf344e-4c8f-c552-8c22-7e38bd81b005" testName="Insert_IntoEmptyTable_AddsFirstElement" computerName="dadsmbp" duration="00:00:00.0000812" startTime="2025-08-22T08:10:53.5418890-04:00" endTime="2025-08-22T08:10:53.5419950-04:00" testType="13cdc9d9-ddb5-4fa4-a97d-d965ccfc6d4b" outcome="Passed" testListId="8c84fa94-04c1-424b-9868-57a2d4851a1d" relativeResultsDirectory="d8140176-fb34-4991-b585-54076c060ff8" />
    <UnitTestResult executionId="04cf8779-4ddb-4ed8-9450-0bb80aea304a" testId="cfef56c6-2396-ef92-3122-6427ef7aeee9" testName="Abs_MinValue_ReturnsMinValue" computerName="dadsmbp" duration="00:00:00.0000445" startTime="2025-08-22T08:10:53.4464560-04:00" endTime="2025-08-22T08:10:53.4465220-04:00" testType="13cdc9d9-ddb5-4fa4-a97d-d965ccfc6d4b" outcome="Passed" testListId="8c84fa94-04c1-424b-9868-57a2d4851a1d" relativeResultsDirectory="04cf8779-4ddb-4ed8-9450-0bb80aea304a" />
    <UnitTestResult executionId="4c65c9ac-90c6-46a8-a361-9b2030e7e11c" testId="f86fab50-04b6-d9f8-f261-916523537541" testName="ToInteger_ZeroString_ReturnsZero" computerName="dadsmbp" duration="00:00:00.0000400" startTime="2025-08-22T08:10:53.5569070-04:00" endTime="2025-08-22T08:10:53.5569650-04:00" testType="13cdc9d9-ddb5-4fa4-a97d-d965ccfc6d4b" outcome="Passed" testListId="8c84fa94-04c1-424b-9868-57a2d4851a1d" relativeResultsDirectory="4c65c9ac-90c6-46a8-a361-9b2030e7e11c" />
    <UnitTestResult executionId="857bf0db-159a-4ea2-bb9f-d92e571b505b" testId="34d8198b-1b9c-148a-ad5a-54fcb21b1184" testName="Open_ReadWriteMode_AllowsBothOperations" computerName="dadsmbp" duration="00:00:00.0006294" startTime="2025-08-22T08:10:53.4231860-04:00" endTime="2025-08-22T08:10:53.4238570-04:00" testType="13cdc9d9-ddb5-4fa4-a97d-d965ccfc6d4b" outcome="Passed" testListId="8c84fa94-04c1-424b-9868-57a2d4851a1d" relativeResultsDirectory="857bf0db-159a-4ea2-bb9f-d92e571b505b" />
    <UnitTestResult executionId="08ee5b00-d23c-4cd9-bda0-4cbcb3ee0e06" testId="db78a550-b1c2-473a-4ce9-f52879bfa1ff" testName="Concat_StartGreaterThanEnd_ReturnsEmpty" computerName="dadsmbp" duration="00:00:00.0000621" startTime="2025-08-22T08:10:53.5476320-04:00" endTime="2025-08-22T08:10:53.5477100-04:00" testType="13cdc9d9-ddb5-4fa4-a97d-d965ccfc6d4b" outcome="Passed" testListId="8c84fa94-04c1-424b-9868-57a2d4851a1d" relativeResultsDirectory="08ee5b00-d23c-4cd9-bda0-4cbcb3ee0e06" />
    <UnitTestResult executionId="49c2c12a-c117-4b2e-b3bb-265d8e460c86" testId="7d5b48f4-9eb0-92b7-dec2-f9b13eb82277" testName="Unpack_MissingDataArgument_ThrowsException" computerName="dadsmbp" duration="00:00:00.0000935" startTime="2025-08-22T08:10:53.5100520-04:00" endTime="2025-08-22T08:10:53.5101720-04:00" testType="13cdc9d9-ddb5-4fa4-a97d-d965ccfc6d4b" outcome="Passed" testListId="8c84fa94-04c1-424b-9868-57a2d4851a1d" relativeResultsDirectory="49c2c12a-c117-4b2e-b3bb-265d8e460c86" />
    <UnitTestResult executionId="469bfa3d-8fd3-46db-a298-69421a7f8ac0" testId="35cd6f78-6d0e-1ad0-f328-76b29b7411f0" testName="Offset_NegativeOffset_MovesBackward" computerName="dadsmbp" duration="00:00:00.0000517" startTime="2025-08-22T08:10:53.5720010-04:00" endTime="2025-08-22T08:10:53.5720700-04:00" testType="13cdc9d9-ddb5-4fa4-a97d-d965ccfc6d4b" outcome="Passed" testListId="8c84fa94-04c1-424b-9868-57a2d4851a1d" relativeResultsDirectory="469bfa3d-8fd3-46db-a298-69421a7f8ac0" />
    <UnitTestResult executionId="20c90553-216c-4fcc-b9b1-a1729ae5e3f9" testId="e734a4fb-980b-5ed5-5ba2-483d1649dae6" testName="Floor_Zero_ReturnsZero" computerName="dadsmbp" duration="00:00:00.0000442" startTime="2025-08-22T08:10:53.4504900-04:00" endTime="2025-08-22T08:10:53.4505510-04:00" testType="13cdc9d9-ddb5-4fa4-a97d-d965ccfc6d4b" outcome="Passed" testListId="8c84fa94-04c1-424b-9868-57a2d4851a1d" relativeResultsDirectory="20c90553-216c-4fcc-b9b1-a1729ae5e3f9" />
    <UnitTestResult executionId="3752ccd0-6a36-432c-a711-54b9151bf77f" testId="33afb6d3-b187-b943-c57f-faeaa9ec0a3b" testName="ToLuaString_BooleanValues_ReturnsCorrectStrings" computerName="dadsmbp" duration="00:00:00.0000432" startTime="2025-08-22T08:10:53.5901830-04:00" endTime="2025-08-22T08:10:53.5902440-04:00" testType="13cdc9d9-ddb5-4fa4-a97d-d965ccfc6d4b" outcome="Passed" testListId="8c84fa94-04c1-424b-9868-57a2d4851a1d" relativeResultsDirectory="3752ccd0-6a36-432c-a711-54b9151bf77f" />
    <UnitTestResult executionId="c67658a5-a19a-4bd2-ba45-7573a4c2e6de" testId="e98b4b51-54e6-732a-a117-1f66388678a8" testName="Sub_StartOnly_ReturnsFromStartToEnd" computerName="dadsmbp" duration="00:00:00.0000537" startTime="2025-08-22T08:10:53.4861380-04:00" endTime="2025-08-22T08:10:53.4862180-04:00" testType="13cdc9d9-ddb5-4fa4-a97d-d965ccfc6d4b" outcome="Passed" testListId="8c84fa94-04c1-424b-9868-57a2d4851a1d" relativeResultsDirectory="c67658a5-a19a-4bd2-ba45-7573a4c2e6de" />
    <UnitTestResult executionId="1fd48f8d-b96e-4de7-9fa6-c60d11f3f69e" testId="685fbf40-f61b-eb1f-4feb-0e01d0a2d4dd" testName="ImplicitConversion_DoubleToLuaValue_WorksCorrectly" computerName="dadsmbp" duration="00:00:00.0000469" startTime="2025-08-22T08:10:53.5903750-04:00" endTime="2025-08-22T08:10:53.5904400-04:00" testType="13cdc9d9-ddb5-4fa4-a97d-d965ccfc6d4b" outcome="Passed" testListId="8c84fa94-04c1-424b-9868-57a2d4851a1d" relativeResultsDirectory="1fd48f8d-b96e-4de7-9fa6-c60d11f3f69e" />
    <UnitTestResult executionId="20dfa689-9311-40aa-9b37-181b68f75fd7" testId="7b024e75-7530-b0a6-5744-3126d3ec9697" testName="Reverse_Palindrome_ReturnsSameString" computerName="dadsmbp" duration="00:00:00.0000416" startTime="2025-08-22T08:10:53.4888330-04:00" endTime="2025-08-22T08:10:53.4888980-04:00" testType="13cdc9d9-ddb5-4fa4-a97d-d965ccfc6d4b" outcome="Passed" testListId="8c84fa94-04c1-424b-9868-57a2d4851a1d" relativeResultsDirectory="20dfa689-9311-40aa-9b37-181b68f75fd7" />
    <UnitTestResult executionId="7e610a2d-2b1a-43ea-be74-d3df120a6ecc" testId="3f75e1dd-7d09-8aad-d8b3-ba4677ddc4f1" testName="Concat_WithSeparator_JoinsWithSeparator" computerName="dadsmbp" duration="00:00:00.0000587" startTime="2025-08-22T08:10:53.5469740-04:00" endTime="2025-08-22T08:10:53.5470510-04:00" testType="13cdc9d9-ddb5-4fa4-a97d-d965ccfc6d4b" outcome="Passed" testListId="8c84fa94-04c1-424b-9868-57a2d4851a1d" relativeResultsDirectory="7e610a2d-2b1a-43ea-be74-d3df120a6ecc" />
    <UnitTestResult executionId="75215140-95b7-4265-b25a-0afe78339f63" testId="f0e83354-b42c-c844-66d7-54ddeed220b1" testName="Power_IntegerInteger_ReturnsFloatResult" computerName="dadsmbp" duration="00:00:00.0001010" startTime="2025-08-22T08:10:53.5864850-04:00" endTime="2025-08-22T08:10:53.5866150-04:00" testType="13cdc9d9-ddb5-4fa4-a97d-d965ccfc6d4b" outcome="Passed" testListId="8c84fa94-04c1-424b-9868-57a2d4851a1d" relativeResultsDirectory="75215140-95b7-4265-b25a-0afe78339f63" />
    <UnitTestResult executionId="9a1e3912-fb1b-49ed-8e45-a7052a88cf97" testId="bf6984f3-23f5-96b6-ec6d-970fa211de8c" testName="Cos_PiOver2_ReturnsZero" computerName="dadsmbp" duration="00:00:00.0000463" startTime="2025-08-22T08:10:53.4527960-04:00" endTime="2025-08-22T08:10:53.4528620-04:00" testType="13cdc9d9-ddb5-4fa4-a97d-d965ccfc6d4b" outcome="Passed" testListId="8c84fa94-04c1-424b-9868-57a2d4851a1d" relativeResultsDirectory="9a1e3912-fb1b-49ed-8e45-a7052a88cf97" />
    <UnitTestResult executionId="c9401c7a-6a9e-4b6f-8ad1-b3b6b45b9da4" testId="c3862e82-30a0-85ec-833e-1ae2f2d59fdb" testName="Match_NoArguments_ThrowsException" computerName="dadsmbp" duration="00:00:00.0001124" startTime="2025-08-22T08:10:53.5307260-04:00" endTime="2025-08-22T08:10:53.5308910-04:00" testType="13cdc9d9-ddb5-4fa4-a97d-d965ccfc6d4b" outcome="Passed" testListId="8c84fa94-04c1-424b-9868-57a2d4851a1d" relativeResultsDirectory="c9401c7a-6a9e-4b6f-8ad1-b3b6b45b9da4" />
    <UnitTestResult executionId="184dfc8e-8c71-4fc2-ae36-04863f2be56d" testId="f8a856fd-b8ec-e105-fb04-512d8ea885db" testName="SetLocale_CLocale_ReturnsC" computerName="dadsmbp" duration="00:00:00.0000818" startTime="2025-08-22T08:10:53.4780130-04:00" endTime="2025-08-22T08:10:53.4781110-04:00" testType="13cdc9d9-ddb5-4fa4-a97d-d965ccfc6d4b" outcome="Passed" testListId="8c84fa94-04c1-424b-9868-57a2d4851a1d" relativeResultsDirectory="184dfc8e-8c71-4fc2-ae36-04863f2be56d" />
    <UnitTestResult executionId="8ba8f220-9500-47c4-bd4d-3318510bd59f" testId="acbc6dfd-174b-2319-0d48-a9190bf7e33b" testName="Find_QuestionQuantifier_MatchesZeroOrOne" computerName="dadsmbp" duration="00:00:00.0000627" startTime="2025-08-22T08:10:53.5348820-04:00" endTime="2025-08-22T08:10:53.5349670-04:00" testType="13cdc9d9-ddb5-4fa4-a97d-d965ccfc6d4b" outcome="Passed" testListId="8c84fa94-04c1-424b-9868-57a2d4851a1d" relativeResultsDirectory="8ba8f220-9500-47c4-bd4d-3318510bd59f" />
    <UnitTestResult executionId="1523cdb2-4575-4d34-a58a-fed283d12c28" testId="5c9daec0-82d1-a930-ebc4-f5a522998bf9" testName="CreateNumber_NegativeDouble_ReturnsCorrectFloat" computerName="dadsmbp" duration="00:00:00.0000313" startTime="2025-08-22T08:10:53.5783100-04:00" endTime="2025-08-22T08:10:53.5783590-04:00" testType="13cdc9d9-ddb5-4fa4-a97d-d965ccfc6d4b" outcome="Passed" testListId="8c84fa94-04c1-424b-9868-57a2d4851a1d" relativeResultsDirectory="1523cdb2-4575-4d34-a58a-fed283d12c28" />
    <UnitTestResult executionId="c398e293-15a6-421f-aaf1-cbce32e943f6" testId="c40de6ef-701b-5428-07ea-ecd4751328f4" testName="Remove_FirstElement_ShiftsAllElements" computerName="dadsmbp" duration="00:00:00.0001283" startTime="2025-08-22T08:10:53.5440470-04:00" endTime="2025-08-22T08:10:53.5441950-04:00" testType="13cdc9d9-ddb5-4fa4-a97d-d965ccfc6d4b" outcome="Passed" testListId="8c84fa94-04c1-424b-9868-57a2d4851a1d" relativeResultsDirectory="c398e293-15a6-421f-aaf1-cbce32e943f6" />
    <UnitTestResult executionId="07328ab6-73ed-4434-b611-1f46a574c71e" testId="e6946507-55d5-384d-c1bf-e4e92ffa4462" testName="Match_NoMatch_ReturnsNil" computerName="dadsmbp" duration="00:00:00.0000529" startTime="2025-08-22T08:10:53.5164760-04:00" endTime="2025-08-22T08:10:53.5165530-04:00" testType="13cdc9d9-ddb5-4fa4-a97d-d965ccfc6d4b" outcome="Passed" testListId="8c84fa94-04c1-424b-9868-57a2d4851a1d" relativeResultsDirectory="07328ab6-73ed-4434-b611-1f46a574c71e" />
    <UnitTestResult executionId="6fd28835-744e-4b28-b81c-b1bc8d73515c" testId="15db09ba-67c9-9115-d1c7-0d4367a1444e" testName="Type_OpenFileHandle_ReturnsFile" computerName="dadsmbp" duration="00:00:00.0005821" startTime="2025-08-22T08:10:53.4356510-04:00" endTime="2025-08-22T08:10:53.4362600-04:00" testType="13cdc9d9-ddb5-4fa4-a97d-d965ccfc6d4b" outcome="Passed" testListId="8c84fa94-04c1-424b-9868-57a2d4851a1d" relativeResultsDirectory="6fd28835-744e-4b28-b81c-b1bc8d73515c" />
    <UnitTestResult executionId="ed8399e5-27bc-4e9a-a3d0-8a0065fb505c" testId="6bffafa7-179c-fb43-76cb-4d6d8841c323" testName="Date_UTCFormat_ReturnsUTCTime" computerName="dadsmbp" duration="00:00:00.0000888" startTime="2025-08-22T08:10:53.4752630-04:00" endTime="2025-08-22T08:10:53.4753690-04:00" testType="13cdc9d9-ddb5-4fa4-a97d-d965ccfc6d4b" outcome="Passed" testListId="8c84fa94-04c1-424b-9868-57a2d4851a1d" relativeResultsDirectory="ed8399e5-27bc-4e9a-a3d0-8a0065fb505c" />
    <UnitTestResult executionId="3bd04ddc-d937-4489-8a0c-a124c9423335" testId="65f12242-227e-467b-3997-8aa37655c793" testName="Remove_EmptyDirectory_ReturnsTrue" computerName="dadsmbp" duration="00:00:00.0002233" startTime="2025-08-22T08:10:53.4816290-04:00" endTime="2025-08-22T08:10:53.4818780-04:00" testType="13cdc9d9-ddb5-4fa4-a97d-d965ccfc6d4b" outcome="Passed" testListId="8c84fa94-04c1-424b-9868-57a2d4851a1d" relativeResultsDirectory="3bd04ddc-d937-4489-8a0c-a124c9423335" />
    <UnitTestResult executionId="b95558da-5a2a-4941-95af-7ac0aecaece8" testId="1c5b00fb-89ae-4050-e6f8-086da0ce80c2" testName="Random_NoArguments_ReturnsBetweenZeroAndOne" computerName="dadsmbp" duration="00:00:00.0002729" startTime="2025-08-22T08:10:53.4545780-04:00" endTime="2025-08-22T08:10:53.4548680-04:00" testType="13cdc9d9-ddb5-4fa4-a97d-d965ccfc6d4b" outcome="Passed" testListId="8c84fa94-04c1-424b-9868-57a2d4851a1d" relativeResultsDirectory="b95558da-5a2a-4941-95af-7ac0aecaece8" />
    <UnitTestResult executionId="d94f8789-2dbd-41ca-a76b-74947521aaee" testId="f758e466-f99e-2f24-2103-23592204a18c" testName="CreateNumber_MaxLong_ReturnsMaxInteger" computerName="dadsmbp" duration="00:00:00.0000320" startTime="2025-08-22T08:10:53.5787260-04:00" endTime="2025-08-22T08:10:53.5787800-04:00" testType="13cdc9d9-ddb5-4fa4-a97d-d965ccfc6d4b" outcome="Passed" testListId="8c84fa94-04c1-424b-9868-57a2d4851a1d" relativeResultsDirectory="d94f8789-2dbd-41ca-a76b-74947521aaee" />
    <UnitTestResult executionId="40e0a89f-1f48-4c05-8a36-b6c21fe0d8f2" testId="2fc93ba3-96a1-6c43-4db3-7fbfc5aa3330" testName="Helpers_Performance_ManyOperations" computerName="dadsmbp" duration="00:00:00.0003022" startTime="2025-08-22T08:10:53.5807090-04:00" endTime="2025-08-22T08:10:53.5810340-04:00" testType="13cdc9d9-ddb5-4fa4-a97d-d965ccfc6d4b" outcome="Passed" testListId="8c84fa94-04c1-424b-9868-57a2d4851a1d" relativeResultsDirectory="40e0a89f-1f48-4c05-8a36-b6c21fe0d8f2" />
    <UnitTestResult executionId="54836805-0ab5-462d-8479-399fa090f351" testId="21135710-4fad-9760-c6da-d12dad4d3161" testName="Char_MixedCodePoints_CreatesCorrectString" computerName="dadsmbp" duration="00:00:00.0000655" startTime="2025-08-22T08:10:53.5762900-04:00" endTime="2025-08-22T08:10:53.5763810-04:00" testType="13cdc9d9-ddb5-4fa4-a97d-d965ccfc6d4b" outcome="Passed" testListId="8c84fa94-04c1-424b-9868-57a2d4851a1d" relativeResultsDirectory="54836805-0ab5-462d-8479-399fa090f351" />
    <UnitTestResult executionId="53e47e41-3dcc-44cf-9c50-cf68043ff0e7" testId="720842e2-e1df-e534-9a77-705cc69c21aa" testName="Len_NegativeStart_StartsFromBeginning" computerName="dadsmbp" duration="00:00:00.0000410" startTime="2025-08-22T08:10:53.5675390-04:00" endTime="2025-08-22T08:10:53.5675960-04:00" testType="13cdc9d9-ddb5-4fa4-a97d-d965ccfc6d4b" outcome="Passed" testListId="8c84fa94-04c1-424b-9868-57a2d4851a1d" relativeResultsDirectory="53e47e41-3dcc-44cf-9c50-cf68043ff0e7" />
    <UnitTestResult executionId="0bbce905-e56b-41ef-a9c0-d0160130435c" testId="b9f567ab-135c-ccb6-04a4-b0ddd3213321" testName="Pack_ZeroTerminatedString_WorksCorrectly" computerName="dadsmbp" duration="00:00:00.0000672" startTime="2025-08-22T08:10:53.5081900-04:00" endTime="2025-08-22T08:10:53.5082840-04:00" testType="13cdc9d9-ddb5-4fa4-a97d-d965ccfc6d4b" outcome="Passed" testListId="8c84fa94-04c1-424b-9868-57a2d4851a1d" relativeResultsDirectory="0bbce905-e56b-41ef-a9c0-d0160130435c" />
    <UnitTestResult executionId="f7ff91d5-a27b-4e00-8797-1c77a2a1bb95" testId="21ebecd4-b2b5-f81b-86e5-e23af883bc0d" testName="Constants_ShouldHaveCorrectValues" computerName="dadsmbp" duration="00:00:00.0012560" startTime="2025-08-22T08:10:53.4439600-04:00" endTime="2025-08-22T08:10:53.4454320-04:00" testType="13cdc9d9-ddb5-4fa4-a97d-d965ccfc6d4b" outcome="Passed" testListId="8c84fa94-04c1-424b-9868-57a2d4851a1d" relativeResultsDirectory="f7ff91d5-a27b-4e00-8797-1c77a2a1bb95" />
    <UnitTestResult executionId="f2df1a64-0f09-4394-9e7e-68237b236331" testId="7ceaf476-8c61-f022-d603-bee99b2eb8b9" testName="Find_StarQuantifier_MatchesZeroOrMore" computerName="dadsmbp" duration="00:00:00.0001703" startTime="2025-08-22T08:10:53.5344840-04:00" endTime="2025-08-22T08:10:53.5346780-04:00" testType="13cdc9d9-ddb5-4fa4-a97d-d965ccfc6d4b" outcome="Failed" testListId="8c84fa94-04c1-424b-9868-57a2d4851a1d" relativeResultsDirectory="f2df1a64-0f09-4394-9e7e-68237b236331">
      <Output>
        <ErrorInfo>
          <Message>Assert.AreEqual failed. Expected:&lt;2&gt;. Actual:&lt;1&gt;. </Message>
          <StackTrace>   at FLua.Runtime.LibraryTests.LuaStringLibTests.Find_StarQuantifier_MatchesZeroOrMore() in /Users/bill/Repos/FLua/FLua.Runtime.LibraryTests/LuaStringLibTests.cs:line 1529
   at System.RuntimeMethodHandle.InvokeMethod(Object target, Void** arguments, Signature sig, Boolean isConstructor)
   at System.Reflection.MethodBaseInvoker.InvokeWithNoArgs(Object obj, BindingFlags invokeAttr)
</StackTrace>
        </ErrorInfo>
      </Output>
    </UnitTestResult>
    <UnitTestResult executionId="7131de69-baf1-4607-8eef-baccdf7058fa" testId="bd2408c3-bdd8-f993-5a45-170a97533f91" testName="ChildEnvironment_InheritsParentVariables" computerName="dadsmbp" duration="00:00:00.0000625" startTime="2025-08-22T08:10:53.4086870-04:00" endTime="2025-08-22T08:10:53.4087700-04:00" testType="13cdc9d9-ddb5-4fa4-a97d-d965ccfc6d4b" outcome="Passed" testListId="8c84fa94-04c1-424b-9868-57a2d4851a1d" relativeResultsDirectory="7131de69-baf1-4607-8eef-baccdf7058fa" />
    <UnitTestResult executionId="4ebbe04d-0f89-479b-9830-e87402f1d5bd" testId="09c1e8b9-f4bd-cb7a-19ba-2bf13a66c37e" testName="Pack_FixedString_Padding" computerName="dadsmbp" duration="00:00:00.0001004" startTime="2025-08-22T08:10:53.5127070-04:00" endTime="2025-08-22T08:10:53.5128390-04:00" testType="13cdc9d9-ddb5-4fa4-a97d-d965ccfc6d4b" outcome="Passed" testListId="8c84fa94-04c1-424b-9868-57a2d4851a1d" relativeResultsDirectory="4ebbe04d-0f89-479b-9830-e87402f1d5bd" />
    <UnitTestResult executionId="d8761e02-d808-43ae-8681-a8de58330821" testId="f3f69f6c-1e32-0999-9d11-05b98f36422c" testName="Find_PlainSearch_TreatsPatternLiterally" computerName="dadsmbp" duration="00:00:00.0000717" startTime="2025-08-22T08:10:53.4942790-04:00" endTime="2025-08-22T08:10:53.4943740-04:00" testType="13cdc9d9-ddb5-4fa4-a97d-d965ccfc6d4b" outcome="Passed" testListId="8c84fa94-04c1-424b-9868-57a2d4851a1d" relativeResultsDirectory="d8761e02-d808-43ae-8681-a8de58330821" />
    <UnitTestResult executionId="0c20f780-e13f-4c11-a1c8-b65d943d3306" testId="037af028-4c17-d84f-cacf-d2b184a449de" testName="Match_MultipleCaptureGroups_ReturnsAllCaptures" computerName="dadsmbp" duration="00:00:00.0001995" startTime="2025-08-22T08:10:53.5254730-04:00" endTime="2025-08-22T08:10:53.5257080-04:00" testType="13cdc9d9-ddb5-4fa4-a97d-d965ccfc6d4b" outcome="Failed" testListId="8c84fa94-04c1-424b-9868-57a2d4851a1d" relativeResultsDirectory="0c20f780-e13f-4c11-a1c8-b65d943d3306">
      <Output>
        <ErrorInfo>
          <Message>Assert.AreEqual failed. Expected:&lt;hello&gt;. Actual:&lt;world&gt;. </Message>
          <StackTrace>   at FLua.Runtime.LibraryTests.LuaStringLibTests.Match_MultipleCaptureGroups_ReturnsAllCaptures() in /Users/bill/Repos/FLua/FLua.Runtime.LibraryTests/LuaStringLibTests.cs:line 1223
   at System.RuntimeMethodHandle.InvokeMethod(Object target, Void** arguments, Signature sig, Boolean isConstructor)
   at System.Reflection.MethodBaseInvoker.InvokeWithNoArgs(Object obj, BindingFlags invokeAttr)
</StackTrace>
        </ErrorInfo>
      </Output>
    </UnitTestResult>
    <UnitTestResult executionId="65835893-3aba-4bc3-a0b0-4a2807b5aa6b" testId="d2140570-9e33-308a-7666-319988c1d656" testName="Integer_PositiveValue_ReturnsCorrectValue" computerName="dadsmbp" duration="00:00:00.0000349" startTime="2025-08-22T08:10:53.5814400-04:00" endTime="2025-08-22T08:10:53.5814910-04:00" testType="13cdc9d9-ddb5-4fa4-a97d-d965ccfc6d4b" outcome="Passed" testListId="8c84fa94-04c1-424b-9868-57a2d4851a1d" relativeResultsDirectory="65835893-3aba-4bc3-a0b0-4a2807b5aa6b" />
    <UnitTestResult executionId="5513d39e-1838-492c-ac3d-bbb93639aab1" testId="c4132299-7f1a-5b63-066c-77ac81c58122" testName="FMod_DivisionByZero_ThrowsException" computerName="dadsmbp" duration="00:00:00.0001171" startTime="2025-08-22T08:10:53.4516220-04:00" endTime="2025-08-22T08:10:53.4517670-04:00" testType="13cdc9d9-ddb5-4fa4-a97d-d965ccfc6d4b" outcome="Passed" testListId="8c84fa94-04c1-424b-9868-57a2d4851a1d" relativeResultsDirectory="5513d39e-1838-492c-ac3d-bbb93639aab1" />
    <UnitTestResult executionId="63cdab3c-01ae-4224-807d-3b23951327b2" testId="e352272b-49e3-425f-a616-29ac08fa22e8" testName="SetVariable_OverwriteExisting_UpdatesValue" computerName="dadsmbp" duration="00:00:00.0000958" startTime="2025-08-22T08:10:53.3927830-04:00" endTime="2025-08-22T08:10:53.3929050-04:00" testType="13cdc9d9-ddb5-4fa4-a97d-d965ccfc6d4b" outcome="Passed" testListId="8c84fa94-04c1-424b-9868-57a2d4851a1d" relativeResultsDirectory="63cdab3c-01ae-4224-807d-3b23951327b2" />
    <UnitTestResult executionId="51729307-cb3d-4908-80c8-562ac1e914e2" testId="5cdb03d8-4617-de7d-b17d-30206a4d1abb" testName="Time_NoArguments_ReturnsCurrentTime" computerName="dadsmbp" duration="00:00:00.0006328" startTime="2025-08-22T08:10:53.4714910-04:00" endTime="2025-08-22T08:10:53.4721430-04:00" testType="13cdc9d9-ddb5-4fa4-a97d-d965ccfc6d4b" outcome="Passed" testListId="8c84fa94-04c1-424b-9868-57a2d4851a1d" relativeResultsDirectory="51729307-cb3d-4908-80c8-562ac1e914e2" />
    <UnitTestResult executionId="3d32cb7b-f1ee-49de-86e0-45dd5585b45d" testId="e519c82d-c22e-5b8a-7ed3-317204664e9a" testName="IsString_EmptyString_ReturnsTrue" computerName="dadsmbp" duration="00:00:00.0000272" startTime="2025-08-22T08:10:53.5795820-04:00" endTime="2025-08-22T08:10:53.5796290-04:00" testType="13cdc9d9-ddb5-4fa4-a97d-d965ccfc6d4b" outcome="Passed" testListId="8c84fa94-04c1-424b-9868-57a2d4851a1d" relativeResultsDirectory="3d32cb7b-f1ee-49de-86e0-45dd5585b45d" />
    <UnitTestResult executionId="c36c7743-9145-41a8-b561-e12c4601ee97" testId="1abe0b29-ffbf-39a6-7724-fc14377111b2" testName="Rep_EmptyString_ReturnsEmpty" computerName="dadsmbp" duration="00:00:00.0000469" startTime="2025-08-22T08:10:53.4917170-04:00" endTime="2025-08-22T08:10:53.4917840-04:00" testType="13cdc9d9-ddb5-4fa4-a97d-d965ccfc6d4b" outcome="Passed" testListId="8c84fa94-04c1-424b-9868-57a2d4851a1d" relativeResultsDirectory="c36c7743-9145-41a8-b561-e12c4601ee97" />
    <UnitTestResult executionId="0fb84f51-7844-43a8-9a43-d03226de8973" testId="b33ce3c3-a76e-3fd5-774d-ad2d0e8829fd" testName="Pack_NoArguments_ThrowsException" computerName="dadsmbp" duration="00:00:00.0000942" startTime="2025-08-22T08:10:53.5099220-04:00" endTime="2025-08-22T08:10:53.5100440-04:00" testType="13cdc9d9-ddb5-4fa4-a97d-d965ccfc6d4b" outcome="Passed" testListId="8c84fa94-04c1-424b-9868-57a2d4851a1d" relativeResultsDirectory="0fb84f51-7844-43a8-9a43-d03226de8973" />
    <UnitTestResult executionId="45555b1f-655c-4306-8cff-0eabef74c665" testId="b4afe601-e3de-34b6-433a-57b6a7c650f0" testName="Concat_WithRange_JoinsSubset" computerName="dadsmbp" duration="00:00:00.0000801" startTime="2025-08-22T08:10:53.5473850-04:00" endTime="2025-08-22T08:10:53.5474870-04:00" testType="13cdc9d9-ddb5-4fa4-a97d-d965ccfc6d4b" outcome="Passed" testListId="8c84fa94-04c1-424b-9868-57a2d4851a1d" relativeResultsDirectory="45555b1f-655c-4306-8cff-0eabef74c665" />
    <UnitTestResult executionId="da0e7dd6-0628-410f-a419-10579588ea85" testId="cb7281b8-2dd7-3da0-5662-f11906512262" testName="Rep_MissingCount_ThrowsException" computerName="dadsmbp" duration="00:00:00.0001054" startTime="2025-08-22T08:10:53.4917900-04:00" endTime="2025-08-22T08:10:53.4919320-04:00" testType="13cdc9d9-ddb5-4fa4-a97d-d965ccfc6d4b" outcome="Passed" testListId="8c84fa94-04c1-424b-9868-57a2d4851a1d" relativeResultsDirectory="da0e7dd6-0628-410f-a419-10579588ea85" />
    <UnitTestResult executionId="8acc7c8b-6647-4188-b911-24010f1845a6" testId="6269b9ab-37ac-9c42-8cf1-a189054c855c" testName="Date_YearFormat_ReturnsYear" computerName="dadsmbp" duration="00:00:00.0000613" startTime="2025-08-22T08:10:53.4753760-04:00" endTime="2025-08-22T08:10:53.4754530-04:00" testType="13cdc9d9-ddb5-4fa4-a97d-d965ccfc6d4b" outcome="Passed" testListId="8c84fa94-04c1-424b-9868-57a2d4851a1d" relativeResultsDirectory="8acc7c8b-6647-4188-b911-24010f1845a6" />
    <UnitTestResult executionId="e4e84712-2203-4853-9ae5-e9b11ebf687f" testId="9b56cfb9-586a-9651-3fac-504fa070f523" testName="FileHandle_Read_ZeroCount_ReturnsEmpty" computerName="dadsmbp" duration="00:00:00.0004337" startTime="2025-08-22T08:10:53.4292310-04:00" endTime="2025-08-22T08:10:53.4297100-04:00" testType="13cdc9d9-ddb5-4fa4-a97d-d965ccfc6d4b" outcome="Passed" testListId="8c84fa94-04c1-424b-9868-57a2d4851a1d" relativeResultsDirectory="e4e84712-2203-4853-9ae5-e9b11ebf687f" />
    <UnitTestResult executionId="961b0b46-8396-471a-b866-e5dbe94ae2f2" testId="bef66b0d-967a-cee6-357a-0a9c38b52500" testName="Add_IntegerInteger_ReturnsCorrectSum" computerName="dadsmbp" duration="00:00:00.0001535" startTime="2025-08-22T08:10:53.5841430-04:00" endTime="2025-08-22T08:10:53.5843140-04:00" testType="13cdc9d9-ddb5-4fa4-a97d-d965ccfc6d4b" outcome="Passed" testListId="8c84fa94-04c1-424b-9868-57a2d4851a1d" relativeResultsDirectory="961b0b46-8396-471a-b866-e5dbe94ae2f2" />
    <UnitTestResult executionId="09fc2ef9-2bde-4265-8153-0cec7b7d56d7" testId="c7577d20-faa3-b01c-9db3-524f0f988962" testName="Pack_VariableSizeSignedInteger_4Bytes" computerName="dadsmbp" duration="00:00:00.0000780" startTime="2025-08-22T08:10:53.5112960-04:00" endTime="2025-08-22T08:10:53.5113940-04:00" testType="13cdc9d9-ddb5-4fa4-a97d-d965ccfc6d4b" outcome="Passed" testListId="8c84fa94-04c1-424b-9868-57a2d4851a1d" relativeResultsDirectory="09fc2ef9-2bde-4265-8153-0cec7b7d56d7" />
    <UnitTestResult executionId="79508539-70eb-48fa-a33f-c4665029a635" testId="33774f0a-03c8-2311-2a85-e92e1dde26f6" testName="Find_EscapedMetacharacterWithQuantifier_CombinesFeatures" computerName="dadsmbp" duration="00:00:00.0001685" startTime="2025-08-22T08:10:53.5367500-04:00" endTime="2025-08-22T08:10:53.5369470-04:00" testType="13cdc9d9-ddb5-4fa4-a97d-d965ccfc6d4b" outcome="Failed" testListId="8c84fa94-04c1-424b-9868-57a2d4851a1d" relativeResultsDirectory="79508539-70eb-48fa-a33f-c4665029a635">
      <Output>
        <ErrorInfo>
          <Message>Assert.AreEqual failed. Expected:&lt;2&gt;. Actual:&lt;1&gt;. </Message>
          <StackTrace>   at FLua.Runtime.LibraryTests.LuaStringLibTests.Find_EscapedMetacharacterWithQuantifier_CombinesFeatures() in /Users/bill/Repos/FLua/FLua.Runtime.LibraryTests/LuaStringLibTests.cs:line 1653
   at System.RuntimeMethodHandle.InvokeMethod(Object target, Void** arguments, Signature sig, Boolean isConstructor)
   at System.Reflection.MethodBaseInvoker.InvokeWithNoArgs(Object obj, BindingFlags invokeAttr)
</StackTrace>
        </ErrorInfo>
      </Output>
    </UnitTestResult>
    <UnitTestResult executionId="3fe7951b-c47f-4210-9b39-2770bdeaf00a" testId="61cba68d-6f00-6386-cb53-aeb815d7cf10" testName="Time_WithDateTable_ReturnsCorrectTimestamp" computerName="dadsmbp" duration="00:00:00.0001559" startTime="2025-08-22T08:10:53.4721530-04:00" endTime="2025-08-22T08:10:53.4723310-04:00" testType="13cdc9d9-ddb5-4fa4-a97d-d965ccfc6d4b" outcome="Passed" testListId="8c84fa94-04c1-424b-9868-57a2d4851a1d" relativeResultsDirectory="3fe7951b-c47f-4210-9b39-2770bdeaf00a" />
    <UnitTestResult executionId="7e61ad33-431f-4264-ba44-38014c2bfb83" testId="75426563-105d-051c-51b4-c45cb83a72e3" testName="HasVariable_ChecksLocalThenGlobal" computerName="dadsmbp" duration="00:00:00.0002058" startTime="2025-08-22T08:10:53.4082410-04:00" endTime="2025-08-22T08:10:53.4085180-04:00" testType="13cdc9d9-ddb5-4fa4-a97d-d965ccfc6d4b" outcome="Passed" testListId="8c84fa94-04c1-424b-9868-57a2d4851a1d" relativeResultsDirectory="7e61ad33-431f-4264-ba44-38014c2bfb83" />
    <UnitTestResult executionId="02774fd9-3b97-4035-9e5b-e60862564ab8" testId="ea99302a-a9b9-a725-f6ed-10fffa5e3897" testName="DiffTime_PositiveDifference_ReturnsCorrectValue" computerName="dadsmbp" duration="00:00:00.0001442" startTime="2025-08-22T08:10:53.4758860-04:00" endTime="2025-08-22T08:10:53.4760530-04:00" testType="13cdc9d9-ddb5-4fa4-a97d-d965ccfc6d4b" outcome="Passed" testListId="8c84fa94-04c1-424b-9868-57a2d4851a1d" relativeResultsDirectory="02774fd9-3b97-4035-9e5b-e60862564ab8" />
    <UnitTestResult executionId="6d05138e-4eff-4b96-800f-f2a839630924" testId="e5632502-4f60-e04d-9e4b-856aa2f472eb" testName="VariableName_VeryLongString_HandledCorrectly" computerName="dadsmbp" duration="00:00:00.0000555" startTime="2025-08-22T08:10:53.4185940-04:00" endTime="2025-08-22T08:10:53.4186670-04:00" testType="13cdc9d9-ddb5-4fa4-a97d-d965ccfc6d4b" outcome="Passed" testListId="8c84fa94-04c1-424b-9868-57a2d4851a1d" relativeResultsDirectory="6d05138e-4eff-4b96-800f-f2a839630924" />
    <UnitTestResult executionId="e1e969cf-cc8d-4747-ad66-cb943495cf2c" testId="9511ab97-a3b6-dc47-a5eb-e8d4aa09e933" testName="Len_OutOfBoundsStart_ReturnsZero" computerName="dadsmbp" duration="00:00:00.0000419" startTime="2025-08-22T08:10:53.5674730-04:00" endTime="2025-08-22T08:10:53.5675310-04:00" testType="13cdc9d9-ddb5-4fa4-a97d-d965ccfc6d4b" outcome="Passed" testListId="8c84fa94-04c1-424b-9868-57a2d4851a1d" relativeResultsDirectory="e1e969cf-cc8d-4747-ad66-cb943495cf2c" />
    <UnitTestResult executionId="233d37c2-8370-4aed-a21a-d81c6b915163" testId="39aacc35-e4dd-8316-f7f7-c8dc0df088dd" testName="Lower_MixedCaseString_ReturnsLowercase" computerName="dadsmbp" duration="00:00:00.0000490" startTime="2025-08-22T08:10:53.4882280-04:00" endTime="2025-08-22T08:10:53.4883070-04:00" testType="13cdc9d9-ddb5-4fa4-a97d-d965ccfc6d4b" outcome="Passed" testListId="8c84fa94-04c1-424b-9868-57a2d4851a1d" relativeResultsDirectory="233d37c2-8370-4aed-a21a-d81c6b915163" />
    <UnitTestResult executionId="e839ea0d-1529-48d4-81f7-52578c324461" testId="fd69c4ac-50bd-7e5b-7ad0-78485a15572d" testName="CreateChild_CreatesChildEnvironment" computerName="dadsmbp" duration="00:00:00.0000937" startTime="2025-08-22T08:10:53.4085530-04:00" endTime="2025-08-22T08:10:53.4086750-04:00" testType="13cdc9d9-ddb5-4fa4-a97d-d965ccfc6d4b" outcome="Passed" testListId="8c84fa94-04c1-424b-9868-57a2d4851a1d" relativeResultsDirectory="e839ea0d-1529-48d4-81f7-52578c324461" />
    <UnitTestResult executionId="5490f019-9c71-4b4c-bbfe-e818b6d1e489" testId="d1ccdec5-7d6a-f381-3938-017c672cf4cc" testName="CodePoint_UnicodeString_ReturnsCorrectCodePoints" computerName="dadsmbp" duration="00:00:00.0000622" startTime="2025-08-22T08:10:53.5703900-04:00" endTime="2025-08-22T08:10:53.5704770-04:00" testType="13cdc9d9-ddb5-4fa4-a97d-d965ccfc6d4b" outcome="Passed" testListId="8c84fa94-04c1-424b-9868-57a2d4851a1d" relativeResultsDirectory="5490f019-9c71-4b4c-bbfe-e818b6d1e489" />
    <UnitTestResult executionId="a74e753e-41b5-4df1-a9c0-8377a5173945" testId="1e4b9f12-058b-fa11-1552-0a13271ffe9f" testName="Find_MultipleAnchors_HandlesEdgeCase" computerName="dadsmbp" duration="00:00:00.0000501" startTime="2025-08-22T08:10:53.5369570-04:00" endTime="2025-08-22T08:10:53.5370330-04:00" testType="13cdc9d9-ddb5-4fa4-a97d-d965ccfc6d4b" outcome="Passed" testListId="8c84fa94-04c1-424b-9868-57a2d4851a1d" relativeResultsDirectory="a74e753e-41b5-4df1-a9c0-8377a5173945" />
    <UnitTestResult executionId="ab2f78d8-c0f1-4a10-a1ed-61c58ad3dfd0" testId="4798ebe8-290d-6e6b-ee8c-f9ee0b060029" testName="Abs_NoArguments_ThrowsException" computerName="dadsmbp" duration="00:00:00.0001506" startTime="2025-08-22T08:10:53.4473390-04:00" endTime="2025-08-22T08:10:53.4475370-04:00" testType="13cdc9d9-ddb5-4fa4-a97d-d965ccfc6d4b" outcome="Passed" testListId="8c84fa94-04c1-424b-9868-57a2d4851a1d" relativeResultsDirectory="ab2f78d8-c0f1-4a10-a1ed-61c58ad3dfd0" />
    <UnitTestResult executionId="144b809f-d666-499d-a1c4-52f5f7468cd1" testId="60d7f227-5213-98ed-7452-51c5a4679700" testName="Unpack_DataTooShort_ThrowsException" computerName="dadsmbp" duration="00:00:00.0001132" startTime="2025-08-22T08:10:53.5097680-04:00" endTime="2025-08-22T08:10:53.5099140-04:00" testType="13cdc9d9-ddb5-4fa4-a97d-d965ccfc6d4b" outcome="Passed" testListId="8c84fa94-04c1-424b-9868-57a2d4851a1d" relativeResultsDirectory="144b809f-d666-499d-a1c4-52f5f7468cd1" />
    <UnitTestResult executionId="844fb888-2659-4152-b9aa-c34f35339ef2" testId="5120adc9-5543-4180-ab04-3d6847e634e7" testName="CodePoint_ControlCharacters_HandlesCorrectly" computerName="dadsmbp" duration="00:00:00.0000446" startTime="2025-08-22T08:10:53.5750950-04:00" endTime="2025-08-22T08:10:53.5751590-04:00" testType="13cdc9d9-ddb5-4fa4-a97d-d965ccfc6d4b" outcome="Passed" testListId="8c84fa94-04c1-424b-9868-57a2d4851a1d" relativeResultsDirectory="844fb888-2659-4152-b9aa-c34f35339ef2" />
    <UnitTestResult executionId="e843805d-cc15-418c-8651-ba97dab4e74a" testId="5188b289-d241-dc5f-5994-5803e3cbfcd3" testName="Insert_AtPosition_ShiftsElements" computerName="dadsmbp" duration="00:00:00.0005004" startTime="2025-08-22T08:10:53.5411190-04:00" endTime="2025-08-22T08:10:53.5416840-04:00" testType="13cdc9d9-ddb5-4fa4-a97d-d965ccfc6d4b" outcome="Passed" testListId="8c84fa94-04c1-424b-9868-57a2d4851a1d" relativeResultsDirectory="e843805d-cc15-418c-8651-ba97dab4e74a" />
    <UnitTestResult executionId="55e11392-3f06-45aa-b2c8-e3f1dcfc8e8c" testId="e59c2cad-046b-d243-ce9e-459fab50cf08" testName="Unpack_UnsignedByte_WorksCorrectly" computerName="dadsmbp" duration="00:00:00.0009500" startTime="2025-08-22T08:10:53.5087820-04:00" endTime="2025-08-22T08:10:53.5097580-04:00" testType="13cdc9d9-ddb5-4fa4-a97d-d965ccfc6d4b" outcome="Passed" testListId="8c84fa94-04c1-424b-9868-57a2d4851a1d" relativeResultsDirectory="55e11392-3f06-45aa-b2c8-e3f1dcfc8e8c" />
    <UnitTestResult executionId="06b9f517-d21f-461d-aee8-79f2ba2f9a6d" testId="b9d0df09-72a3-019d-19ba-8b0138ba0782" testName="GetTypeName_TableValue_ReturnsTable" computerName="dadsmbp" duration="00:00:00.0000374" startTime="2025-08-22T08:10:53.5590080-04:00" endTime="2025-08-22T08:10:53.5590620-04:00" testType="13cdc9d9-ddb5-4fa4-a97d-d965ccfc6d4b" outcome="Passed" testListId="8c84fa94-04c1-424b-9868-57a2d4851a1d" relativeResultsDirectory="06b9f517-d21f-461d-aee8-79f2ba2f9a6d" />
    <UnitTestResult executionId="be4b2281-aada-4a58-89a4-b1e0294a803c" testId="8f5dab9b-e772-79eb-2a67-42eaae48c62b" testName="Len_UnicodeString_ReturnsCharacterCount" computerName="dadsmbp" duration="00:00:00.0000450" startTime="2025-08-22T08:10:53.4848880-04:00" endTime="2025-08-22T08:10:53.4849600-04:00" testType="13cdc9d9-ddb5-4fa4-a97d-d965ccfc6d4b" outcome="Passed" testListId="8c84fa94-04c1-424b-9868-57a2d4851a1d" relativeResultsDirectory="be4b2281-aada-4a58-89a4-b1e0294a803c" />
    <UnitTestResult executionId="69975020-5b23-41c2-9395-c652bf942c95" testId="8a3bd477-df6d-ba85-9a1c-134e1698f17b" testName="IsTable_TableValue_ReturnsTrue" computerName="dadsmbp" duration="00:00:00.0000484" startTime="2025-08-22T08:10:53.5796960-04:00" endTime="2025-08-22T08:10:53.5797600-04:00" testType="13cdc9d9-ddb5-4fa4-a97d-d965ccfc6d4b" outcome="Passed" testListId="8c84fa94-04c1-424b-9868-57a2d4851a1d" relativeResultsDirectory="69975020-5b23-41c2-9395-c652bf942c95" />
    <UnitTestResult executionId="e3b019a5-a9b3-4da3-bd40-4a519057114e" testId="9ad6a220-54a1-bc36-db9e-30965a41d307" testName="Max_NonNumericSecondArgument_ThrowsException" computerName="dadsmbp" duration="00:00:00.0001063" startTime="2025-08-22T08:10:53.4492590-04:00" endTime="2025-08-22T08:10:53.4493890-04:00" testType="13cdc9d9-ddb5-4fa4-a97d-d965ccfc6d4b" outcome="Passed" testListId="8c84fa94-04c1-424b-9868-57a2d4851a1d" relativeResultsDirectory="e3b019a5-a9b3-4da3-bd40-4a519057114e" />
    <UnitTestResult executionId="78044393-6232-46ba-a16f-d24a669382f0" testId="fec8e7d0-a919-01a6-d40f-af4e5424a86b" testName="CodePoint_NoArguments_ThrowsException" computerName="dadsmbp" duration="00:00:00.0001019" startTime="2025-08-22T08:10:53.5713250-04:00" endTime="2025-08-22T08:10:53.5714550-04:00" testType="13cdc9d9-ddb5-4fa4-a97d-d965ccfc6d4b" outcome="Passed" testListId="8c84fa94-04c1-424b-9868-57a2d4851a1d" relativeResultsDirectory="78044393-6232-46ba-a16f-d24a669382f0" />
    <UnitTestResult executionId="0f127968-17c0-41cb-9bc8-5142a7dcdc47" testId="37650bf7-28da-c8e7-055d-d9c2af6b5cc2" testName="ProtectedCall_Function_CatchesErrors" computerName="dadsmbp" duration="00:00:00.0004642" startTime="2025-08-22T08:10:53.4178310-04:00" endTime="2025-08-22T08:10:53.4183320-04:00" testType="13cdc9d9-ddb5-4fa4-a97d-d965ccfc6d4b" outcome="Passed" testListId="8c84fa94-04c1-424b-9868-57a2d4851a1d" relativeResultsDirectory="0f127968-17c0-41cb-9bc8-5142a7dcdc47" />
    <UnitTestResult executionId="2dd829c9-7a7b-4b52-beee-79f45d19eff8" testId="cad49189-1373-0c24-63ff-b25bdfaa3818" testName="ToConcatString_FloatValue_ReturnsStringRepresentation" computerName="dadsmbp" duration="00:00:00.0000323" startTime="2025-08-22T08:10:53.5593840-04:00" endTime="2025-08-22T08:10:53.5594340-04:00" testType="13cdc9d9-ddb5-4fa4-a97d-d965ccfc6d4b" outcome="Passed" testListId="8c84fa94-04c1-424b-9868-57a2d4851a1d" relativeResultsDirectory="2dd829c9-7a7b-4b52-beee-79f45d19eff8" />
    <UnitTestResult executionId="8a687dd2-4033-427e-ba5e-6db503b8049f" testId="6d197bb9-1173-907c-86dd-da4d440dbbc2" testName="Pack_FixedString_ExactSize" computerName="dadsmbp" duration="00:00:00.0001899" startTime="2025-08-22T08:10:53.5124350-04:00" endTime="2025-08-22T08:10:53.5126940-04:00" testType="13cdc9d9-ddb5-4fa4-a97d-d965ccfc6d4b" outcome="Passed" testListId="8c84fa94-04c1-424b-9868-57a2d4851a1d" relativeResultsDirectory="8a687dd2-4033-427e-ba5e-6db503b8049f" />
    <UnitTestResult executionId="65736dc8-74ce-471b-aef7-4e6253d2f63a" testId="f66b7177-2762-23f8-2c30-048debb04846" testName="Format_MultiplePlaceholders_WorksCorrectly" computerName="dadsmbp" duration="00:00:00.0001044" startTime="2025-08-22T08:10:53.5048610-04:00" endTime="2025-08-22T08:10:53.5049960-04:00" testType="13cdc9d9-ddb5-4fa4-a97d-d965ccfc6d4b" outcome="Passed" testListId="8c84fa94-04c1-424b-9868-57a2d4851a1d" relativeResultsDirectory="65736dc8-74ce-471b-aef7-4e6253d2f63a" />
    <UnitTestResult executionId="107c2d28-5d44-4f3f-b426-e380b198b372" testId="4909b3c7-d672-4664-64f2-6c7b68af7409" testName="ToConcatString_StringValue_ReturnsString" computerName="dadsmbp" duration="00:00:00.0001094" startTime="2025-08-22T08:10:53.5591970-04:00" endTime="2025-08-22T08:10:53.5593250-04:00" testType="13cdc9d9-ddb5-4fa4-a97d-d965ccfc6d4b" outcome="Passed" testListId="8c84fa94-04c1-424b-9868-57a2d4851a1d" relativeResultsDirectory="107c2d28-5d44-4f3f-b426-e380b198b372" />
    <UnitTestResult executionId="271b25a3-7fb6-4587-ba2c-5eafd5d2d6bc" testId="23676ef4-c83e-cda8-aec7-49d778b6550a" testName="Open_AppendMode_AppendsToFile" computerName="dadsmbp" duration="00:00:00.0006410" startTime="2025-08-22T08:10:53.4225050-04:00" endTime="2025-08-22T08:10:53.4231720-04:00" testType="13cdc9d9-ddb5-4fa4-a97d-d965ccfc6d4b" outcome="Passed" testListId="8c84fa94-04c1-424b-9868-57a2d4851a1d" relativeResultsDirectory="271b25a3-7fb6-4587-ba2c-5eafd5d2d6bc" />
    <UnitTestResult executionId="2220f359-c4a3-41ad-9985-c3453714e403" testId="393d8447-963e-7f24-cf6e-98d97ad5ad33" testName="IsTruthy_AllOtherTypes_ReturnTrue" computerName="dadsmbp" duration="00:00:00.0000579" startTime="2025-08-22T08:10:53.5880870-04:00" endTime="2025-08-22T08:10:53.5881610-04:00" testType="13cdc9d9-ddb5-4fa4-a97d-d965ccfc6d4b" outcome="Passed" testListId="8c84fa94-04c1-424b-9868-57a2d4851a1d" relativeResultsDirectory="2220f359-c4a3-41ad-9985-c3453714e403" />
    <UnitTestResult executionId="54e4e2ec-4b65-4e63-8bb9-60a8d57ad45c" testId="c44f7d30-784c-7e26-1152-1779da675100" testName="Format_CharacterFormatting_WorksCorrectly" computerName="dadsmbp" duration="00:00:00.0001052" startTime="2025-08-22T08:10:53.4996430-04:00" endTime="2025-08-22T08:10:53.4997760-04:00" testType="13cdc9d9-ddb5-4fa4-a97d-d965ccfc6d4b" outcome="Passed" testListId="8c84fa94-04c1-424b-9868-57a2d4851a1d" relativeResultsDirectory="54e4e2ec-4b65-4e63-8bb9-60a8d57ad45c" />
    <UnitTestResult executionId="30aa98ef-6750-40a7-a46e-139c0e53ee49" testId="c886bf97-c264-17f4-360b-1804dfde8668" testName="ToLuaString_StringValue_ReturnsString" computerName="dadsmbp" duration="00:00:00.0000321" startTime="2025-08-22T08:10:53.5901220-04:00" endTime="2025-08-22T08:10:53.5901750-04:00" testType="13cdc9d9-ddb5-4fa4-a97d-d965ccfc6d4b" outcome="Passed" testListId="8c84fa94-04c1-424b-9868-57a2d4851a1d" relativeResultsDirectory="30aa98ef-6750-40a7-a46e-139c0e53ee49" />
    <UnitTestResult executionId="8b4915e3-3d61-4a90-9876-c8c50065acae" testId="2f5449f4-ae34-2096-d216-329b99d5ec46" testName="Unpack_NonTable_ThrowsException" computerName="dadsmbp" duration="00:00:00.0000914" startTime="2025-08-22T08:10:53.5518680-04:00" endTime="2025-08-22T08:10:53.5519820-04:00" testType="13cdc9d9-ddb5-4fa4-a97d-d965ccfc6d4b" outcome="Passed" testListId="8c84fa94-04c1-424b-9868-57a2d4851a1d" relativeResultsDirectory="8b4915e3-3d61-4a90-9876-c8c50065acae" />
    <UnitTestResult executionId="eafb913e-b2e3-4a05-a886-be8bbf16691f" testId="419707ef-ceb4-922e-6994-fdc5080f43ba" testName="Equals_SameStringValues_ReturnsTrue" computerName="dadsmbp" duration="00:00:00.0000398" startTime="2025-08-22T08:10:53.5869770-04:00" endTime="2025-08-22T08:10:53.5870340-04:00" testType="13cdc9d9-ddb5-4fa4-a97d-d965ccfc6d4b" outcome="Passed" testListId="8c84fa94-04c1-424b-9868-57a2d4851a1d" relativeResultsDirectory="eafb913e-b2e3-4a05-a886-be8bbf16691f" />
    <UnitTestResult executionId="68b25de9-4563-4f78-a3ff-46fac72d3c84" testId="9e316700-0b36-468e-c49a-81ab630e7de0" testName="Type_NonFileHandle_ReturnsNil" computerName="dadsmbp" duration="00:00:00.0001180" startTime="2025-08-22T08:10:53.4366230-04:00" endTime="2025-08-22T08:10:53.4367630-04:00" testType="13cdc9d9-ddb5-4fa4-a97d-d965ccfc6d4b" outcome="Passed" testListId="8c84fa94-04c1-424b-9868-57a2d4851a1d" relativeResultsDirectory="68b25de9-4563-4f78-a3ff-46fac72d3c84" />
    <UnitTestResult executionId="9b9d5c26-691a-4bfc-b1b7-2c18de19aa4d" testId="d7f62077-1ab5-34a1-6b82-6e34851d7055" testName="FileHandle_Close_SuccessfulClose" computerName="dadsmbp" duration="00:00:00.0003028" startTime="2025-08-22T08:10:53.4331430-04:00" endTime="2025-08-22T08:10:53.4334670-04:00" testType="13cdc9d9-ddb5-4fa4-a97d-d965ccfc6d4b" outcome="Passed" testListId="8c84fa94-04c1-424b-9868-57a2d4851a1d" relativeResultsDirectory="9b9d5c26-691a-4bfc-b1b7-2c18de19aa4d" />
    <UnitTestResult executionId="1f131eca-b341-4f9c-803b-48114956fd4a" testId="ccf23ab7-115e-2662-58a4-13e2a82492a2" testName="GetNumber_FloatValue_ReturnsCorrectDouble" computerName="dadsmbp" duration="00:00:00.0000925" startTime="2025-08-22T08:10:53.5766750-04:00" endTime="2025-08-22T08:10:53.5767860-04:00" testType="13cdc9d9-ddb5-4fa4-a97d-d965ccfc6d4b" outcome="Passed" testListId="8c84fa94-04c1-424b-9868-57a2d4851a1d" relativeResultsDirectory="1f131eca-b341-4f9c-803b-48114956fd4a" />
    <UnitTestResult executionId="71001e9a-5632-474f-b0c5-dbb6586e8d9a" testId="f51aaabf-699f-5a7e-a75d-92261c46a111" testName="Offset_MissingOffsetArgument_ThrowsException" computerName="dadsmbp" duration="00:00:00.0000985" startTime="2025-08-22T08:10:53.5722850-04:00" endTime="2025-08-22T08:10:53.5724080-04:00" testType="13cdc9d9-ddb5-4fa4-a97d-d965ccfc6d4b" outcome="Passed" testListId="8c84fa94-04c1-424b-9868-57a2d4851a1d" relativeResultsDirectory="71001e9a-5632-474f-b0c5-dbb6586e8d9a" />
    <UnitTestResult executionId="da611568-bded-4b55-8dc1-e1563d64b57b" testId="16196e7e-8c1d-a121-8e50-bc789f45bf42" testName="PackSize_ValidFormat_ReturnsSize" computerName="dadsmbp" duration="00:00:00.0003057" startTime="2025-08-22T08:10:53.5082920-04:00" endTime="2025-08-22T08:10:53.5086220-04:00" testType="13cdc9d9-ddb5-4fa4-a97d-d965ccfc6d4b" outcome="Passed" testListId="8c84fa94-04c1-424b-9868-57a2d4851a1d" relativeResultsDirectory="da611568-bded-4b55-8dc1-e1563d64b57b" />
    <UnitTestResult executionId="a2b5d642-82ab-4a88-9e54-0a2ab9411ae5" testId="e8e7e8b2-544a-dfe0-aff7-6f7f43f6fb0c" testName="Min_WithNegativeInfinity_ReturnsNegativeInfinity" computerName="dadsmbp" duration="00:00:00.0000536" startTime="2025-08-22T08:10:53.4495760-04:00" endTime="2025-08-22T08:10:53.4496490-04:00" testType="13cdc9d9-ddb5-4fa4-a97d-d965ccfc6d4b" outcome="Passed" testListId="8c84fa94-04c1-424b-9868-57a2d4851a1d" relativeResultsDirectory="a2b5d642-82ab-4a88-9e54-0a2ab9411ae5" />
    <UnitTestResult executionId="03cb8136-1e39-4bc3-99ba-e71300cabf5b" testId="7fc54ed7-fc8a-0da5-3a30-a492d81d7d42" testName="ToInteger_MaxLongValue_ReturnsMaxValue" computerName="dadsmbp" duration="00:00:00.0000380" startTime="2025-08-22T08:10:53.5577510-04:00" endTime="2025-08-22T08:10:53.5578150-04:00" testType="13cdc9d9-ddb5-4fa4-a97d-d965ccfc6d4b" outcome="Passed" testListId="8c84fa94-04c1-424b-9868-57a2d4851a1d" relativeResultsDirectory="03cb8136-1e39-4bc3-99ba-e71300cabf5b" />
    <UnitTestResult executionId="b0c87a6c-e1e3-4244-8366-d8f17030dbe9" testId="a8f5fb8d-2534-f1ff-b75f-db0c27695f15" testName="String_EmptyString_ReturnsCorrectValue" computerName="dadsmbp" duration="00:00:00.0000371" startTime="2025-08-22T08:10:53.5828520-04:00" endTime="2025-08-22T08:10:53.5829090-04:00" testType="13cdc9d9-ddb5-4fa4-a97d-d965ccfc6d4b" outcome="Passed" testListId="8c84fa94-04c1-424b-9868-57a2d4851a1d" relativeResultsDirectory="b0c87a6c-e1e3-4244-8366-d8f17030dbe9" />
    <UnitTestResult executionId="a05dced2-c002-43a9-b187-acf90038f459" testId="4c6d59de-90f4-9ae9-54d4-1a99c66126ef" testName="CreateNumber_NegativeInfinity_ReturnsNegativeInfinityFloat" computerName="dadsmbp" duration="00:00:00.0000304" startTime="2025-08-22T08:10:53.5789580-04:00" endTime="2025-08-22T08:10:53.5790030-04:00" testType="13cdc9d9-ddb5-4fa4-a97d-d965ccfc6d4b" outcome="Passed" testListId="8c84fa94-04c1-424b-9868-57a2d4851a1d" relativeResultsDirectory="a05dced2-c002-43a9-b187-acf90038f459" />
    <UnitTestResult executionId="2811419e-237c-4332-9198-f8e7e9c11a9f" testId="63d280db-6040-fbee-36a1-148cfca64c9c" testName="Max_MixedTypes_ReturnsLarger" computerName="dadsmbp" duration="00:00:00.0000505" startTime="2025-08-22T08:10:53.4482020-04:00" endTime="2025-08-22T08:10:53.4482700-04:00" testType="13cdc9d9-ddb5-4fa4-a97d-d965ccfc6d4b" outcome="Passed" testListId="8c84fa94-04c1-424b-9868-57a2d4851a1d" relativeResultsDirectory="2811419e-237c-4332-9198-f8e7e9c11a9f" />
    <UnitTestResult executionId="3247d763-637c-4622-96b1-b2ca27dbc97b" testId="06e24568-cd99-4f48-d287-0a5f76b1d178" testName="Pack_VariableSizeInteger_TooLarge_ThrowsException" computerName="dadsmbp" duration="00:00:00.0001032" startTime="2025-08-22T08:10:53.5114810-04:00" endTime="2025-08-22T08:10:53.5116130-04:00" testType="13cdc9d9-ddb5-4fa4-a97d-d965ccfc6d4b" outcome="Passed" testListId="8c84fa94-04c1-424b-9868-57a2d4851a1d" relativeResultsDirectory="3247d763-637c-4622-96b1-b2ca27dbc97b" />
    <UnitTestResult executionId="ea697683-f967-4675-81f7-884b5016b09d" testId="b298e0d9-f136-e212-c94d-06280e794709" testName="Find_AlphaSequenceWithPlusQuantifier_KnownLimitation" computerName="dadsmbp" startTime="2025-08-22T08:10:53.5396420-04:00" endTime="2025-08-22T08:10:53.5396640-04:00" testType="13cdc9d9-ddb5-4fa4-a97d-d965ccfc6d4b" outcome="NotExecuted" testListId="8c84fa94-04c1-424b-9868-57a2d4851a1d" relativeResultsDirectory="ea697683-f967-4675-81f7-884b5016b09d">
      <Output>
        <ErrorInfo>
          <Message>Known implementation gap: Quantifiers with escape sequences not fully supported</Message>
        </ErrorInfo>
      </Output>
    </UnitTestResult>
    <UnitTestResult executionId="d163e1b0-b0d4-4a22-b7ac-4232e1fbf62d" testId="e141e7ed-cf22-2d48-27ef-158fbcb16ad6" testName="Match_EmptyString_ReturnsNil" computerName="dadsmbp" duration="00:00:00.0000591" startTime="2025-08-22T08:10:53.5298860-04:00" endTime="2025-08-22T08:10:53.5299740-04:00" testType="13cdc9d9-ddb5-4fa4-a97d-d965ccfc6d4b" outcome="Passed" testListId="8c84fa94-04c1-424b-9868-57a2d4851a1d" relativeResultsDirectory="d163e1b0-b0d4-4a22-b7ac-4232e1fbf62d" />
    <UnitTestResult executionId="ccdb82c1-0830-4313-bfe5-7cceb8064f72" testId="0d7b1475-87d6-6f89-09c7-883523fe257e" testName="Byte_MultipleCharacters_ReturnsMultipleValues" computerName="dadsmbp" duration="00:00:00.0001276" startTime="2025-08-22T08:10:53.4903700-04:00" endTime="2025-08-22T08:10:53.4905240-04:00" testType="13cdc9d9-ddb5-4fa4-a97d-d965ccfc6d4b" outcome="Passed" testListId="8c84fa94-04c1-424b-9868-57a2d4851a1d" relativeResultsDirectory="ccdb82c1-0830-4313-bfe5-7cceb8064f72" />
    <UnitTestResult executionId="a7d5b151-4f9e-4b6b-93b0-bc0589b1e2a1" testId="356baa41-3b27-bf0b-5456-925135030f90" testName="Char_SingleValue_ReturnsSingleCharacter" computerName="dadsmbp" duration="00:00:00.0000433" startTime="2025-08-22T08:10:53.4891060-04:00" endTime="2025-08-22T08:10:53.4891740-04:00" testType="13cdc9d9-ddb5-4fa4-a97d-d965ccfc6d4b" outcome="Passed" testListId="8c84fa94-04c1-424b-9868-57a2d4851a1d" relativeResultsDirectory="a7d5b151-4f9e-4b6b-93b0-bc0589b1e2a1" />
    <UnitTestResult executionId="d74560e9-4a9d-4908-b727-735ddfc9cb3c" testId="b99139a6-eb41-e964-38ea-1f3edbf8e841" testName="ToNumber_StringWithWhitespace_ReturnsCorrectNumber" computerName="dadsmbp" duration="00:00:00.0000544" startTime="2025-08-22T08:10:53.5550610-04:00" endTime="2025-08-22T08:10:53.5551420-04:00" testType="13cdc9d9-ddb5-4fa4-a97d-d965ccfc6d4b" outcome="Passed" testListId="8c84fa94-04c1-424b-9868-57a2d4851a1d" relativeResultsDirectory="d74560e9-4a9d-4908-b727-735ddfc9cb3c" />
    <UnitTestResult executionId="4db471f9-4880-4232-892e-8bef957b936a" testId="8cbed7a8-bbf2-1874-8d9f-dc6223aceb35" testName="Remove_FromSingleElementTable_ReturnsElement" computerName="dadsmbp" duration="00:00:00.0000661" startTime="2025-08-22T08:10:53.5442730-04:00" endTime="2025-08-22T08:10:53.5443560-04:00" testType="13cdc9d9-ddb5-4fa4-a97d-d965ccfc6d4b" outcome="Passed" testListId="8c84fa94-04c1-424b-9868-57a2d4851a1d" relativeResultsDirectory="4db471f9-4880-4232-892e-8bef957b936a" />
    <UnitTestResult executionId="0890d70b-264a-4f9d-b0c6-f54139ebbdc2" testId="8c645da4-ac87-9798-ea13-ecc81c4deae1" testName="Offset_DefaultStartPosition_UsesOne" computerName="dadsmbp" duration="00:00:00.0000423" startTime="2025-08-22T08:10:53.5721520-04:00" endTime="2025-08-22T08:10:53.5722110-04:00" testType="13cdc9d9-ddb5-4fa4-a97d-d965ccfc6d4b" outcome="Passed" testListId="8c84fa94-04c1-424b-9868-57a2d4851a1d" relativeResultsDirectory="0890d70b-264a-4f9d-b0c6-f54139ebbdc2" />
    <UnitTestResult executionId="83048f49-d2a5-436d-99b7-172befb8ae1d" testId="f67deb6f-65aa-7a2e-b342-59474f6f3009" testName="Max_TwoFloats_ReturnsLarger" computerName="dadsmbp" duration="00:00:00.0000696" startTime="2025-08-22T08:10:53.4481010-04:00" endTime="2025-08-22T08:10:53.4481890-04:00" testType="13cdc9d9-ddb5-4fa4-a97d-d965ccfc6d4b" outcome="Passed" testListId="8c84fa94-04c1-424b-9868-57a2d4851a1d" relativeResultsDirectory="83048f49-d2a5-436d-99b7-172befb8ae1d" />
    <UnitTestResult executionId="74f5d627-0ca8-49b1-8e6c-74ed07ccfc03" testId="5f6a1f6e-ca69-a6cf-b2ba-49c8baaa1f06" testName="Pack_Double_WorksCorrectly" computerName="dadsmbp" duration="00:00:00.0000644" startTime="2025-08-22T08:10:53.5074430-04:00" endTime="2025-08-22T08:10:53.5075290-04:00" testType="13cdc9d9-ddb5-4fa4-a97d-d965ccfc6d4b" outcome="Passed" testListId="8c84fa94-04c1-424b-9868-57a2d4851a1d" relativeResultsDirectory="74f5d627-0ca8-49b1-8e6c-74ed07ccfc03" />
    <UnitTestResult executionId="ede4a631-3a60-4869-aba9-6b770f6d82db" testId="f0703390-7a9e-b955-b28b-d8a4e6675aae" testName="Max_TwoIntegers_ReturnsLarger" computerName="dadsmbp" duration="00:00:00.0000541" startTime="2025-08-22T08:10:53.4480190-04:00" endTime="2025-08-22T08:10:53.4480940-04:00" testType="13cdc9d9-ddb5-4fa4-a97d-d965ccfc6d4b" outcome="Passed" testListId="8c84fa94-04c1-424b-9868-57a2d4851a1d" relativeResultsDirectory="ede4a631-3a60-4869-aba9-6b770f6d82db" />
    <UnitTestResult executionId="2f61b5d2-7f51-4cb2-972c-d52aa6e7f50b" testId="1be4d8ac-08d1-1c29-8438-276c7cb6ba43" testName="Pack_SignedByte_BoundaryValues" computerName="dadsmbp" duration="00:00:00.0001039" startTime="2025-08-22T08:10:53.5101830-04:00" endTime="2025-08-22T08:10:53.5103090-04:00" testType="13cdc9d9-ddb5-4fa4-a97d-d965ccfc6d4b" outcome="Passed" testListId="8c84fa94-04c1-424b-9868-57a2d4851a1d" relativeResultsDirectory="2f61b5d2-7f51-4cb2-972c-d52aa6e7f50b" />
    <UnitTestResult executionId="4524f762-33b0-4337-87a3-7e1eb2da6511" testId="3e676126-0680-d296-db05-50bdf96cb309" testName="Match_WithStartPosition_SearchesFromPosition" computerName="dadsmbp" duration="00:00:00.0000577" startTime="2025-08-22T08:10:53.5165610-04:00" endTime="2025-08-22T08:10:53.5166400-04:00" testType="13cdc9d9-ddb5-4fa4-a97d-d965ccfc6d4b" outcome="Passed" testListId="8c84fa94-04c1-424b-9868-57a2d4851a1d" relativeResultsDirectory="4524f762-33b0-4337-87a3-7e1eb2da6511" />
    <UnitTestResult executionId="60f2ca53-e2ce-4171-a0b6-acd212f7dedf" testId="336f24e8-a7fc-2241-5426-bf1a2f3aa99b" testName="Find_EmptyCapture_ReturnsEmptyString" computerName="dadsmbp" duration="00:00:00.0001699" startTime="2025-08-22T08:10:53.5390970-04:00" endTime="2025-08-22T08:10:53.5392930-04:00" testType="13cdc9d9-ddb5-4fa4-a97d-d965ccfc6d4b" outcome="Failed" testListId="8c84fa94-04c1-424b-9868-57a2d4851a1d" relativeResultsDirectory="60f2ca53-e2ce-4171-a0b6-acd212f7dedf">
      <Output>
        <ErrorInfo>
          <Message>Assert.AreEqual failed. Expected:&lt;&gt;. Actual:&lt;ello&gt;. </Message>
          <StackTrace>   at FLua.Runtime.LibraryTests.LuaStringLibTests.Find_EmptyCapture_ReturnsEmptyString() in /Users/bill/Repos/FLua/FLua.Runtime.LibraryTests/LuaStringLibTests.cs:line 1780
   at System.RuntimeMethodHandle.InvokeMethod(Object target, Void** arguments, Signature sig, Boolean isConstructor)
   at System.Reflection.MethodBaseInvoker.InvokeWithNoArgs(Object obj, BindingFlags invokeAttr)
</StackTrace>
        </ErrorInfo>
      </Output>
    </UnitTestResult>
    <UnitTestResult executionId="69e08b5d-4be0-46ec-8fbe-b80d22554b31" testId="69d81196-4db6-658e-c598-91e2e91ff420" testName="Lower_UppercaseString_ReturnsLowercase" computerName="dadsmbp" duration="00:00:00.0000799" startTime="2025-08-22T08:10:53.4877580-04:00" endTime="2025-08-22T08:10:53.4878600-04:00" testType="13cdc9d9-ddb5-4fa4-a97d-d965ccfc6d4b" outcome="Passed" testListId="8c84fa94-04c1-424b-9868-57a2d4851a1d" relativeResultsDirectory="69e08b5d-4be0-46ec-8fbe-b80d22554b31" />
    <UnitTestResult executionId="02acd291-7aa9-4f86-97a7-63a55adb621d" testId="2f699bd0-bf79-3f7f-1414-cd67135ef89a" testName="GetEnv_ExistingVariable_ReturnsValue" computerName="dadsmbp" duration="00:00:00.0001503" startTime="2025-08-22T08:10:53.4766950-04:00" endTime="2025-08-22T08:10:53.4768630-04:00" testType="13cdc9d9-ddb5-4fa4-a97d-d965ccfc6d4b" outcome="Passed" testListId="8c84fa94-04c1-424b-9868-57a2d4851a1d" relativeResultsDirectory="02acd291-7aa9-4f86-97a7-63a55adb621d" />
    <UnitTestResult executionId="99009977-fd51-4d1a-88c0-b0f693d569b5" testId="bc1ff08e-1e15-6ede-0c74-21fde48f6fcd" testName="Format_ZeroPadFlag_PadsWithZeros" computerName="dadsmbp" duration="00:00:00.0001440" startTime="2025-08-22T08:10:53.5041610-04:00" endTime="2025-08-22T08:10:53.5043330-04:00" testType="13cdc9d9-ddb5-4fa4-a97d-d965ccfc6d4b" outcome="Passed" testListId="8c84fa94-04c1-424b-9868-57a2d4851a1d" relativeResultsDirectory="99009977-fd51-4d1a-88c0-b0f693d569b5" />
    <UnitTestResult executionId="59c7fda0-52e0-4b48-a0df-d39173ee3dc3" testId="19bc8828-c242-ab6c-68b7-511c9c806723" testName="ToBoolean_TrueValue_ReturnsTrue" computerName="dadsmbp" duration="00:00:00.0000424" startTime="2025-08-22T08:10:53.5582040-04:00" endTime="2025-08-22T08:10:53.5582630-04:00" testType="13cdc9d9-ddb5-4fa4-a97d-d965ccfc6d4b" outcome="Passed" testListId="8c84fa94-04c1-424b-9868-57a2d4851a1d" relativeResultsDirectory="59c7fda0-52e0-4b48-a0df-d39173ee3dc3" />
    <UnitTestResult executionId="1bc64d44-adba-4081-97e0-bd1f62ad75fa" testId="d898b746-6798-ab6d-18c9-e3fe06c92b96" testName="Upper_MixedCaseString_ReturnsUppercase" computerName="dadsmbp" duration="00:00:00.0000452" startTime="2025-08-22T08:10:53.4875450-04:00" endTime="2025-08-22T08:10:53.4876130-04:00" testType="13cdc9d9-ddb5-4fa4-a97d-d965ccfc6d4b" outcome="Passed" testListId="8c84fa94-04c1-424b-9868-57a2d4851a1d" relativeResultsDirectory="1bc64d44-adba-4081-97e0-bd1f62ad75fa" />
    <UnitTestResult executionId="1b18b167-9ee0-4ff8-90a7-d0d28351af95" testId="723e0d80-fb0b-5548-6757-d2d93e3878dc" testName="Add_FloatFloat_ReturnsFloatSum" computerName="dadsmbp" duration="00:00:00.0000711" startTime="2025-08-22T08:10:53.5847620-04:00" endTime="2025-08-22T08:10:53.5848790-04:00" testType="13cdc9d9-ddb5-4fa4-a97d-d965ccfc6d4b" outcome="Passed" testListId="8c84fa94-04c1-424b-9868-57a2d4851a1d" relativeResultsDirectory="1b18b167-9ee0-4ff8-90a7-d0d28351af95" />
    <UnitTestResult executionId="fd8f6ebe-7662-4bb4-98e4-08950ae25bae" testId="7a04b199-7d69-5b3e-c54a-df29134cbf27" testName="Insert_NonTable_ThrowsException" computerName="dadsmbp" duration="00:00:00.0001111" startTime="2025-08-22T08:10:53.5424330-04:00" endTime="2025-08-22T08:10:53.5425720-04:00" testType="13cdc9d9-ddb5-4fa4-a97d-d965ccfc6d4b" outcome="Passed" testListId="8c84fa94-04c1-424b-9868-57a2d4851a1d" relativeResultsDirectory="fd8f6ebe-7662-4bb4-98e4-08950ae25bae" />
    <UnitTestResult executionId="7f6e8d2d-cf17-4ecd-a7a2-45f719a1ad28" testId="de02e07c-e953-bc75-6860-f856afa99263" testName="Unpack_WithNField_UsesNAsLength" computerName="dadsmbp" duration="00:00:00.0001032" startTime="2025-08-22T08:10:53.5515340-04:00" endTime="2025-08-22T08:10:53.5516530-04:00" testType="13cdc9d9-ddb5-4fa4-a97d-d965ccfc6d4b" outcome="Passed" testListId="8c84fa94-04c1-424b-9868-57a2d4851a1d" relativeResultsDirectory="7f6e8d2d-cf17-4ecd-a7a2-45f719a1ad28" />
    <UnitTestResult executionId="0b9f4e88-59df-4967-a41e-914ee57955bc" testId="d1109ccc-a242-cc78-d211-86880289e44e" testName="Find_UnterminatedCharacterClass_TreatsLiteralBracket" computerName="dadsmbp" duration="00:00:00.0000615" startTime="2025-08-22T08:10:53.5370420-04:00" endTime="2025-08-22T08:10:53.5371260-04:00" testType="13cdc9d9-ddb5-4fa4-a97d-d965ccfc6d4b" outcome="Passed" testListId="8c84fa94-04c1-424b-9868-57a2d4851a1d" relativeResultsDirectory="0b9f4e88-59df-4967-a41e-914ee57955bc" />
    <UnitTestResult executionId="5f00a186-ccfa-4b3e-aa0e-e44012670656" testId="e0fa63d2-29e3-f2cc-83ce-456d57f05a7e" testName="Find_CharacterClass_MatchesSetOfCharacters" computerName="dadsmbp" duration="00:00:00.0000590" startTime="2025-08-22T08:10:53.5340830-04:00" endTime="2025-08-22T08:10:53.5341630-04:00" testType="13cdc9d9-ddb5-4fa4-a97d-d965ccfc6d4b" outcome="Passed" testListId="8c84fa94-04c1-424b-9868-57a2d4851a1d" relativeResultsDirectory="5f00a186-ccfa-4b3e-aa0e-e44012670656" />
    <UnitTestResult executionId="d26afe07-dea5-4302-bd32-7a6e1800aeff" testId="dfc036ea-bf1a-0b2d-8a92-09848982d9b7" testName="Pack_VariableSizeUnsignedInteger_8Bytes" computerName="dadsmbp" duration="00:00:00.0000533" startTime="2025-08-22T08:10:53.5114000-04:00" endTime="2025-08-22T08:10:53.5114750-04:00" testType="13cdc9d9-ddb5-4fa4-a97d-d965ccfc6d4b" outcome="Passed" testListId="8c84fa94-04c1-424b-9868-57a2d4851a1d" relativeResultsDirectory="d26afe07-dea5-4302-bd32-7a6e1800aeff" />
    <UnitTestResult executionId="5c9603f3-0267-41df-a42d-bbc7ee642ec4" testId="c659012b-8f4d-410e-6f83-db62acbbedbf" testName="Type_Float_ReturnsFloatString" computerName="dadsmbp" duration="00:00:00.0000490" startTime="2025-08-22T08:10:53.4559710-04:00" endTime="2025-08-22T08:10:53.4560380-04:00" testType="13cdc9d9-ddb5-4fa4-a97d-d965ccfc6d4b" outcome="Passed" testListId="8c84fa94-04c1-424b-9868-57a2d4851a1d" relativeResultsDirectory="5c9603f3-0267-41df-a42d-bbc7ee642ec4" />
    <UnitTestResult executionId="0a2df628-e409-4143-ad58-1dd0cfd7af3c" testId="e59567ee-4c47-17a6-c6ab-c9f2f770b121" testName="CodePoint_WithPosition_ReturnsFromPosition" computerName="dadsmbp" duration="00:00:00.0000475" startTime="2025-08-22T08:10:53.5706330-04:00" endTime="2025-08-22T08:10:53.5706990-04:00" testType="13cdc9d9-ddb5-4fa4-a97d-d965ccfc6d4b" outcome="Passed" testListId="8c84fa94-04c1-424b-9868-57a2d4851a1d" relativeResultsDirectory="0a2df628-e409-4143-ad58-1dd0cfd7af3c" />
    <UnitTestResult executionId="8d42b581-673d-4f45-8a41-d7491343a7ce" testId="cb15a14f-0bc3-ae5e-3ef0-096a041e6611" testName="ToNumber_IntegerValue_ReturnsDoubleValue" computerName="dadsmbp" duration="00:00:00.0004497" startTime="2025-08-22T08:10:53.5524680-04:00" endTime="2025-08-22T08:10:53.5530420-04:00" testType="13cdc9d9-ddb5-4fa4-a97d-d965ccfc6d4b" outcome="Passed" testListId="8c84fa94-04c1-424b-9868-57a2d4851a1d" relativeResultsDirectory="8d42b581-673d-4f45-8a41-d7491343a7ce" />
    <UnitTestResult executionId="e034abae-8a47-42cd-96fb-03813455d7cb" testId="d8f43a08-3c9f-f76e-bf0b-96268eee817c" testName="Pack_SignedShort_WorksCorrectly" computerName="dadsmbp" duration="00:00:00.0000744" startTime="2025-08-22T08:10:53.5072320-04:00" endTime="2025-08-22T08:10:53.5073320-04:00" testType="13cdc9d9-ddb5-4fa4-a97d-d965ccfc6d4b" outcome="Passed" testListId="8c84fa94-04c1-424b-9868-57a2d4851a1d" relativeResultsDirectory="e034abae-8a47-42cd-96fb-03813455d7cb" />
    <UnitTestResult executionId="65a6f6d6-773a-49af-b651-4f465b621ce3" testId="280bdde6-aea9-003d-2c18-953337083652" testName="Type_Function_ReturnsCorrectTypes" computerName="dadsmbp" duration="00:00:00.0002705" startTime="2025-08-22T08:10:53.4164930-04:00" endTime="2025-08-22T08:10:53.4168240-04:00" testType="13cdc9d9-ddb5-4fa4-a97d-d965ccfc6d4b" outcome="Passed" testListId="8c84fa94-04c1-424b-9868-57a2d4851a1d" relativeResultsDirectory="65a6f6d6-773a-49af-b651-4f465b621ce3" />
    <UnitTestResult executionId="88d239c6-ad11-49a6-8396-ecd265d24b1a" testId="e9556a5f-cf4a-e0de-7abb-5d65c7b41dfc" testName="Match_EmptyPattern_MatchesEmptyAtStart" computerName="dadsmbp" duration="00:00:00.0000567" startTime="2025-08-22T08:10:53.5299840-04:00" endTime="2025-08-22T08:10:53.5300670-04:00" testType="13cdc9d9-ddb5-4fa4-a97d-d965ccfc6d4b" outcome="Passed" testListId="8c84fa94-04c1-424b-9868-57a2d4851a1d" relativeResultsDirectory="88d239c6-ad11-49a6-8396-ecd265d24b1a" />
    <UnitTestResult executionId="98b402e7-89b1-4429-a248-b75e6b7c5f6a" testId="b6fd2798-51e6-e208-f521-186d79f850bd" testName="Char_ValidASCIIValues_ReturnsString" computerName="dadsmbp" duration="00:00:00.0001707" startTime="2025-08-22T08:10:53.4889070-04:00" endTime="2025-08-22T08:10:53.4890990-04:00" testType="13cdc9d9-ddb5-4fa4-a97d-d965ccfc6d4b" outcome="Passed" testListId="8c84fa94-04c1-424b-9868-57a2d4851a1d" relativeResultsDirectory="98b402e7-89b1-4429-a248-b75e6b7c5f6a" />
    <UnitTestResult executionId="0159bbf8-7c0a-4838-b22d-a8dec989a6c7" testId="80357ee3-2308-8b5b-a4ea-aff6df7d3e4c" testName="Len_ASCIIString_ReturnsCharacterCount" computerName="dadsmbp" duration="00:00:00.0002165" startTime="2025-08-22T08:10:53.5667750-04:00" endTime="2025-08-22T08:10:53.5670240-04:00" testType="13cdc9d9-ddb5-4fa4-a97d-d965ccfc6d4b" outcome="Passed" testListId="8c84fa94-04c1-424b-9868-57a2d4851a1d" relativeResultsDirectory="0159bbf8-7c0a-4838-b22d-a8dec989a6c7" />
    <UnitTestResult executionId="7271bace-0b52-4d2d-a8ac-824e5c8fd9ec" testId="16e939ca-b9af-a2dd-b850-cb16dfe77ac1" testName="Len_UnicodeString_ReturnsCorrectCount" computerName="dadsmbp" duration="00:00:00.0000477" startTime="2025-08-22T08:10:53.5670370-04:00" endTime="2025-08-22T08:10:53.5671070-04:00" testType="13cdc9d9-ddb5-4fa4-a97d-d965ccfc6d4b" outcome="Passed" testListId="8c84fa94-04c1-424b-9868-57a2d4851a1d" relativeResultsDirectory="7271bace-0b52-4d2d-a8ac-824e5c8fd9ec" />
    <UnitTestResult executionId="711fd345-5a14-4633-883f-a154ff202e7f" testId="5da605c7-ed7d-f7ee-e9f9-3d2c3f257ac8" testName="Pack_LuaNumber_WorksCorrectly" computerName="dadsmbp" duration="00:00:00.0001558" startTime="2025-08-22T08:10:53.5121970-04:00" endTime="2025-08-22T08:10:53.5124010-04:00" testType="13cdc9d9-ddb5-4fa4-a97d-d965ccfc6d4b" outcome="Passed" testListId="8c84fa94-04c1-424b-9868-57a2d4851a1d" relativeResultsDirectory="711fd345-5a14-4633-883f-a154ff202e7f" />
    <UnitTestResult executionId="dca53540-be26-46b8-b285-abac580957ec" testId="bdf3ca6c-d109-aca8-ed7e-561d99e22cb0" testName="Sort_Strings_SortsLexicographically" computerName="dadsmbp" duration="00:00:00.0001212" startTime="2025-08-22T08:10:53.5489850-04:00" endTime="2025-08-22T08:10:53.5491270-04:00" testType="13cdc9d9-ddb5-4fa4-a97d-d965ccfc6d4b" outcome="Passed" testListId="8c84fa94-04c1-424b-9868-57a2d4851a1d" relativeResultsDirectory="dca53540-be26-46b8-b285-abac580957ec" />
    <UnitTestResult executionId="63d15bd0-e3d2-4e9b-8003-0e853b710967" testId="97d244a7-1a5e-678e-299a-e574ad165cd5" testName="Date_UnixEpoch_ReturnsCorrectDate" computerName="dadsmbp" duration="00:00:00.0001515" startTime="2025-08-22T08:10:53.4835340-04:00" endTime="2025-08-22T08:10:53.4837060-04:00" testType="13cdc9d9-ddb5-4fa4-a97d-d965ccfc6d4b" outcome="Passed" testListId="8c84fa94-04c1-424b-9868-57a2d4851a1d" relativeResultsDirectory="63d15bd0-e3d2-4e9b-8003-0e853b710967" />
    <UnitTestResult executionId="ed1e0353-baab-4202-9241-ca57150e385d" testId="b38032bb-5665-9be4-fc9e-54ffb90756f6" testName="Pack_VariableSizeSignedInteger_1Byte" computerName="dadsmbp" duration="00:00:00.0000586" startTime="2025-08-22T08:10:53.5112090-04:00" endTime="2025-08-22T08:10:53.5112890-04:00" testType="13cdc9d9-ddb5-4fa4-a97d-d965ccfc6d4b" outcome="Passed" testListId="8c84fa94-04c1-424b-9868-57a2d4851a1d" relativeResultsDirectory="ed1e0353-baab-4202-9241-ca57150e385d" />
    <UnitTestResult executionId="b28dd7a0-cff2-4bc1-8a96-7b9d9213ecec" testId="167a4e6d-4824-6211-7676-fc97fb9c5c55" testName="Char_EmojiCodePoint_ReturnsEmoji" computerName="dadsmbp" duration="00:00:00.0000407" startTime="2025-08-22T08:10:53.5686500-04:00" endTime="2025-08-22T08:10:53.5687070-04:00" testType="13cdc9d9-ddb5-4fa4-a97d-d965ccfc6d4b" outcome="Passed" testListId="8c84fa94-04c1-424b-9868-57a2d4851a1d" relativeResultsDirectory="b28dd7a0-cff2-4bc1-8a96-7b9d9213ecec" />
    <UnitTestResult executionId="bcf0af3e-38ce-4746-a5f9-69d2eb66dca6" testId="e66ea803-41ea-dd7e-a790-9ff8d4e692fa" testName="Char_NonIntegerArgument_ThrowsException" computerName="dadsmbp" duration="00:00:00.0001048" startTime="2025-08-22T08:10:53.4900040-04:00" endTime="2025-08-22T08:10:53.4901360-04:00" testType="13cdc9d9-ddb5-4fa4-a97d-d965ccfc6d4b" outcome="Passed" testListId="8c84fa94-04c1-424b-9868-57a2d4851a1d" relativeResultsDirectory="bcf0af3e-38ce-4746-a5f9-69d2eb66dca6" />
    <UnitTestResult executionId="2a3a916b-add2-4e5b-9eff-75dd0b6fc990" testId="15f02d6a-c4fe-b756-2146-795394f86d00" testName="ToInteger_InvalidString_ThrowsException" computerName="dadsmbp" duration="00:00:00.0000242" startTime="2025-08-22T08:10:53.5573050-04:00" endTime="2025-08-22T08:10:53.5573580-04:00" testType="13cdc9d9-ddb5-4fa4-a97d-d965ccfc6d4b" outcome="Failed" testListId="8c84fa94-04c1-424b-9868-57a2d4851a1d" relativeResultsDirectory="2a3a916b-add2-4e5b-9eff-75dd0b6fc990">
      <Output>
        <ErrorInfo>
          <Message>Test method did not throw expected exception System.InvalidOperationException. </Message>
        </ErrorInfo>
      </Output>
    </UnitTestResult>
    <UnitTestResult executionId="8530f66c-b426-4154-bee0-634d20112568" testId="ab2bd540-86e6-8c34-10b0-e2398e1dd43b" testName="Close_WithFileHandle_ClosesFile" computerName="dadsmbp" duration="00:00:00.0004407" startTime="2025-08-22T08:10:53.4389830-04:00" endTime="2025-08-22T08:10:53.4394440-04:00" testType="13cdc9d9-ddb5-4fa4-a97d-d965ccfc6d4b" outcome="Passed" testListId="8c84fa94-04c1-424b-9868-57a2d4851a1d" relativeResultsDirectory="8530f66c-b426-4154-bee0-634d20112568" />
    <UnitTestResult executionId="bd30cf1f-40e5-4d91-b20f-04f89abb6f07" testId="4a5a9497-6482-4f28-826d-674900fa84eb" testName="Helpers_AllNumberTypes_ConsistentBehavior" computerName="dadsmbp" duration="00:00:00.0000879" startTime="2025-08-22T08:10:53.5800200-04:00" endTime="2025-08-22T08:10:53.5801230-04:00" testType="13cdc9d9-ddb5-4fa4-a97d-d965ccfc6d4b" outcome="Passed" testListId="8c84fa94-04c1-424b-9868-57a2d4851a1d" relativeResultsDirectory="bd30cf1f-40e5-4d91-b20f-04f89abb6f07" />
    <UnitTestResult executionId="6f1b889f-494d-467e-bdbf-c75df906a292" testId="e4cdf034-27ef-ed10-9bc7-3ea36c0718c7" testName="Sub_NegativeIndices_WorksFromEnd" computerName="dadsmbp" duration="00:00:00.0000552" startTime="2025-08-22T08:10:53.4862270-04:00" endTime="2025-08-22T08:10:53.4863050-04:00" testType="13cdc9d9-ddb5-4fa4-a97d-d965ccfc6d4b" outcome="Passed" testListId="8c84fa94-04c1-424b-9868-57a2d4851a1d" relativeResultsDirectory="6f1b889f-494d-467e-bdbf-c75df906a292" />
    <UnitTestResult executionId="9a6ecb47-1b66-4485-a9a9-bcb4d9d065ac" testId="e3373e42-ae8a-062b-59b7-a271e4559170" testName="Format_PlusSignFlag_ShowsSign" computerName="dadsmbp" duration="00:00:00.0000595" startTime="2025-08-22T08:10:53.5043430-04:00" endTime="2025-08-22T08:10:53.5044280-04:00" testType="13cdc9d9-ddb5-4fa4-a97d-d965ccfc6d4b" outcome="Passed" testListId="8c84fa94-04c1-424b-9868-57a2d4851a1d" relativeResultsDirectory="9a6ecb47-1b66-4485-a9a9-bcb4d9d065ac" />
    <UnitTestResult executionId="03dc0d36-e4b2-4f64-a2e2-f83d97cff06a" testId="2b109f4d-545f-71f7-985e-4200fa15d786" testName="Max_NoArguments_ThrowsException" computerName="dadsmbp" duration="00:00:00.0001080" startTime="2025-08-22T08:10:53.4489740-04:00" endTime="2025-08-22T08:10:53.4491090-04:00" testType="13cdc9d9-ddb5-4fa4-a97d-d965ccfc6d4b" outcome="Passed" testListId="8c84fa94-04c1-424b-9868-57a2d4851a1d" relativeResultsDirectory="03dc0d36-e4b2-4f64-a2e2-f83d97cff06a" />
    <UnitTestResult executionId="b14e9bf3-ac81-418a-9c2e-d01d1d681480" testId="0683bfa0-f565-6d1c-623a-4b4052649ade" testName="CreateStandardEnvironment_HasTableFunctions" computerName="dadsmbp" duration="00:00:00.0000917" startTime="2025-08-22T08:10:53.4135440-04:00" endTime="2025-08-22T08:10:53.4136860-04:00" testType="13cdc9d9-ddb5-4fa4-a97d-d965ccfc6d4b" outcome="Passed" testListId="8c84fa94-04c1-424b-9868-57a2d4851a1d" relativeResultsDirectory="b14e9bf3-ac81-418a-9c2e-d01d1d681480" />
    <UnitTestResult executionId="3aa67053-125e-409f-a74b-bb6a3caee337" testId="caa97aeb-b955-b84c-ff17-c4d81181a679" testName="Random_InvalidRange_ThrowsException" computerName="dadsmbp" duration="00:00:00.0001087" startTime="2025-08-22T08:10:53.4556780-04:00" endTime="2025-08-22T08:10:53.4558160-04:00" testType="13cdc9d9-ddb5-4fa4-a97d-d965ccfc6d4b" outcome="Passed" testListId="8c84fa94-04c1-424b-9868-57a2d4851a1d" relativeResultsDirectory="3aa67053-125e-409f-a74b-bb6a3caee337" />
    <UnitTestResult executionId="c29ec15d-9927-43ea-90f0-aa2ca5bc4bac" testId="4267d6e4-f070-3f35-1504-961c36e6f0aa" testName="Insert_NonIntegerPosition_ThrowsException" computerName="dadsmbp" duration="00:00:00.0001323" startTime="2025-08-22T08:10:53.5425810-04:00" endTime="2025-08-22T08:10:53.5427400-04:00" testType="13cdc9d9-ddb5-4fa4-a97d-d965ccfc6d4b" outcome="Passed" testListId="8c84fa94-04c1-424b-9868-57a2d4851a1d" relativeResultsDirectory="c29ec15d-9927-43ea-90f0-aa2ca5bc4bac" />
    <UnitTestResult executionId="cbe41f02-a176-4917-8d0f-14d4fc5c7c01" testId="d7968170-8519-52de-cda2-a0ab30c45af2" testName="Rep_NegativeCount_ReturnsEmptyString" computerName="dadsmbp" duration="00:00:00.0000471" startTime="2025-08-22T08:10:53.4915570-04:00" endTime="2025-08-22T08:10:53.4916270-04:00" testType="13cdc9d9-ddb5-4fa4-a97d-d965ccfc6d4b" outcome="Passed" testListId="8c84fa94-04c1-424b-9868-57a2d4851a1d" relativeResultsDirectory="cbe41f02-a176-4917-8d0f-14d4fc5c7c01" />
    <UnitTestResult executionId="83952661-807d-4d28-9795-98f8fe840ba0" testId="d02f5bba-c8de-e57f-ea30-ea01e97a5b43" testName="Abs_PositiveInteger_ReturnsPositive" computerName="dadsmbp" duration="00:00:00.0003402" startTime="2025-08-22T08:10:53.4458720-04:00" endTime="2025-08-22T08:10:53.4462690-04:00" testType="13cdc9d9-ddb5-4fa4-a97d-d965ccfc6d4b" outcome="Passed" testListId="8c84fa94-04c1-424b-9868-57a2d4851a1d" relativeResultsDirectory="83952661-807d-4d28-9795-98f8fe840ba0" />
    <UnitTestResult executionId="44621875-c724-4727-b714-51d940a4e1ce" testId="95e0c9ee-fb11-a7b4-7107-d35d418fded6" testName="Match_NegativeStartPosition_WorksFromEnd" computerName="dadsmbp" duration="00:00:00.0000541" startTime="2025-08-22T08:10:53.5166480-04:00" endTime="2025-08-22T08:10:53.5167230-04:00" testType="13cdc9d9-ddb5-4fa4-a97d-d965ccfc6d4b" outcome="Passed" testListId="8c84fa94-04c1-424b-9868-57a2d4851a1d" relativeResultsDirectory="44621875-c724-4727-b714-51d940a4e1ce" />
    <UnitTestResult executionId="02fa4e64-e700-4733-a46e-feed29b4e5ac" testId="530cf092-f04e-afb3-9bb2-9d00e432ef37" testName="Remove_NegativeIndex_ReturnsNil" computerName="dadsmbp" duration="00:00:00.0000744" startTime="2025-08-22T08:10:53.5444640-04:00" endTime="2025-08-22T08:10:53.5445550-04:00" testType="13cdc9d9-ddb5-4fa4-a97d-d965ccfc6d4b" outcome="Passed" testListId="8c84fa94-04c1-424b-9868-57a2d4851a1d" relativeResultsDirectory="02fa4e64-e700-4733-a46e-feed29b4e5ac" />
    <UnitTestResult executionId="a4b13e52-4f5f-4a58-baf2-6e0f4ae44af1" testId="124d3c7b-3365-bbdd-9d85-586dea470e39" testName="Match_StartBeyondString_ReturnsNil" computerName="dadsmbp" duration="00:00:00.0000573" startTime="2025-08-22T08:10:53.5167300-04:00" endTime="2025-08-22T08:10:53.5168090-04:00" testType="13cdc9d9-ddb5-4fa4-a97d-d965ccfc6d4b" outcome="Passed" testListId="8c84fa94-04c1-424b-9868-57a2d4851a1d" relativeResultsDirectory="a4b13e52-4f5f-4a58-baf2-6e0f4ae44af1" />
    <UnitTestResult executionId="518d5bb0-ea49-4f8e-ad6b-c1440e9cac5b" testId="fbe8371c-1bd1-f91b-8547-eaf0043cbd5e" testName="Float_PositiveValue_ReturnsCorrectValue" computerName="dadsmbp" duration="00:00:00.0000537" startTime="2025-08-22T08:10:53.5823540-04:00" endTime="2025-08-22T08:10:53.5824340-04:00" testType="13cdc9d9-ddb5-4fa4-a97d-d965ccfc6d4b" outcome="Passed" testListId="8c84fa94-04c1-424b-9868-57a2d4851a1d" relativeResultsDirectory="518d5bb0-ea49-4f8e-ad6b-c1440e9cac5b" />
    <UnitTestResult executionId="8fe4e785-3de4-4ebc-8c21-78e49cfb1fea" testId="3e805ed9-9ca9-a643-85c9-cc7cf1031aa6" testName="Open_EmptyFilename_ReturnsNilWithError" computerName="dadsmbp" duration="00:00:00.0002041" startTime="2025-08-22T08:10:53.4264640-04:00" endTime="2025-08-22T08:10:53.4266950-04:00" testType="13cdc9d9-ddb5-4fa4-a97d-d965ccfc6d4b" outcome="Passed" testListId="8c84fa94-04c1-424b-9868-57a2d4851a1d" relativeResultsDirectory="8fe4e785-3de4-4ebc-8c21-78e49cfb1fea" />
    <UnitTestResult executionId="7f8fe979-072c-4e45-b095-a180eaf48a9e" testId="fcda39ff-b557-0a93-d6a5-7d79c9d91933" testName="Max_MultipleArguments_ReturnsLargest" computerName="dadsmbp" duration="00:00:00.0000602" startTime="2025-08-22T08:10:53.4482770-04:00" endTime="2025-08-22T08:10:53.4483550-04:00" testType="13cdc9d9-ddb5-4fa4-a97d-d965ccfc6d4b" outcome="Passed" testListId="8c84fa94-04c1-424b-9868-57a2d4851a1d" relativeResultsDirectory="7f8fe979-072c-4e45-b095-a180eaf48a9e" />
    <UnitTestResult executionId="a376e39c-8cbf-4f25-b3b8-2bc969f1631a" testId="9a4f3b01-7a96-0f4d-6e37-89ee283279de" testName="Byte_WithStartIndex_ReturnsFromPosition" computerName="dadsmbp" duration="00:00:00.0000517" startTime="2025-08-22T08:10:53.4905330-04:00" endTime="2025-08-22T08:10:53.4906070-04:00" testType="13cdc9d9-ddb5-4fa4-a97d-d965ccfc6d4b" outcome="Passed" testListId="8c84fa94-04c1-424b-9868-57a2d4851a1d" relativeResultsDirectory="a376e39c-8cbf-4f25-b3b8-2bc969f1631a" />
    <UnitTestResult executionId="49b05293-56e5-4476-bd9c-e92d6375736c" testId="952a8a71-b4cd-9818-5a02-92acc1efe8b0" testName="Pack_SizeT_WorksCorrectly" computerName="dadsmbp" duration="00:00:00.0000909" startTime="2025-08-22T08:10:53.5142250-04:00" endTime="2025-08-22T08:10:53.5143390-04:00" testType="13cdc9d9-ddb5-4fa4-a97d-d965ccfc6d4b" outcome="Passed" testListId="8c84fa94-04c1-424b-9868-57a2d4851a1d" relativeResultsDirectory="49b05293-56e5-4476-bd9c-e92d6375736c" />
    <UnitTestResult executionId="e6b7bf54-b16d-4431-8b05-20aa6a8a4469" testId="aebaa27c-3bde-8f7b-ecd8-7d81a863224c" testName="IsNumber_FloatValue_ReturnsTrue" computerName="dadsmbp" duration="00:00:00.0000327" startTime="2025-08-22T08:10:53.5837790-04:00" endTime="2025-08-22T08:10:53.5838300-04:00" testType="13cdc9d9-ddb5-4fa4-a97d-d965ccfc6d4b" outcome="Passed" testListId="8c84fa94-04c1-424b-9868-57a2d4851a1d" relativeResultsDirectory="e6b7bf54-b16d-4431-8b05-20aa6a8a4469" />
    <UnitTestResult executionId="77cea13b-996c-4934-82b8-1a92e5c63108" testId="c449ff5e-a04c-65d2-8358-81dfa42bfb3c" testName="Sub_StartEqualsEnd_ReturnsSingleCharacter" computerName="dadsmbp" duration="00:00:00.0000535" startTime="2025-08-22T08:10:53.4863130-04:00" endTime="2025-08-22T08:10:53.4863890-04:00" testType="13cdc9d9-ddb5-4fa4-a97d-d965ccfc6d4b" outcome="Passed" testListId="8c84fa94-04c1-424b-9868-57a2d4851a1d" relativeResultsDirectory="77cea13b-996c-4934-82b8-1a92e5c63108" />
    <UnitTestResult executionId="50e06f26-5c13-4f77-bdd8-3f32135a0058" testId="c1baf7cd-baf6-a6dc-ac96-f4833dd5d5c5" testName="ToNumber_FloatValue_ReturnsDoubleValue" computerName="dadsmbp" duration="00:00:00.0000869" startTime="2025-08-22T08:10:53.5530530-04:00" endTime="2025-08-22T08:10:53.5531620-04:00" testType="13cdc9d9-ddb5-4fa4-a97d-d965ccfc6d4b" outcome="Passed" testListId="8c84fa94-04c1-424b-9868-57a2d4851a1d" relativeResultsDirectory="50e06f26-5c13-4f77-bdd8-3f32135a0058" />
    <UnitTestResult executionId="3347f858-288d-40d7-9da1-422672f94508" testId="9475ee7f-34ac-cccd-70a7-5737f1f061fd" testName="Remove_NonTable_ThrowsException" computerName="dadsmbp" duration="00:00:00.0001187" startTime="2025-08-22T08:10:53.5448500-04:00" endTime="2025-08-22T08:10:53.5450110-04:00" testType="13cdc9d9-ddb5-4fa4-a97d-d965ccfc6d4b" outcome="Passed" testListId="8c84fa94-04c1-424b-9868-57a2d4851a1d" relativeResultsDirectory="3347f858-288d-40d7-9da1-422672f94508" />
    <UnitTestResult executionId="42c194b6-45e4-4e29-bcad-a0e07137c2d0" testId="a0fa1c06-0e69-d238-e7ec-ec84e1e82659" testName="Sub_ZeroIndex_TreatedAsOne" computerName="dadsmbp" duration="00:00:00.0000586" startTime="2025-08-22T08:10:53.4869290-04:00" endTime="2025-08-22T08:10:53.4870210-04:00" testType="13cdc9d9-ddb5-4fa4-a97d-d965ccfc6d4b" outcome="Passed" testListId="8c84fa94-04c1-424b-9868-57a2d4851a1d" relativeResultsDirectory="42c194b6-45e4-4e29-bcad-a0e07137c2d0" />
    <UnitTestResult executionId="dc8788e5-8946-4723-a663-6cf205c47f26" testId="fcc963cf-c9d1-9b26-9125-b101615c7252" testName="Pack_ZeroTerminatedString_ComprehensiveTest" computerName="dadsmbp" duration="00:00:00.0000990" startTime="2025-08-22T08:10:53.5129740-04:00" endTime="2025-08-22T08:10:53.5130970-04:00" testType="13cdc9d9-ddb5-4fa4-a97d-d965ccfc6d4b" outcome="Passed" testListId="8c84fa94-04c1-424b-9868-57a2d4851a1d" relativeResultsDirectory="dc8788e5-8946-4723-a663-6cf205c47f26" />
    <UnitTestResult executionId="9c86c36a-9382-40a9-84a6-0a8a2b56413b" testId="cf84fde5-5978-141c-c3a7-e0e4ca2b5a40" testName="Char_Zero_ReturnsNullCharacter" computerName="dadsmbp" duration="00:00:00.0000408" startTime="2025-08-22T08:10:53.4891810-04:00" endTime="2025-08-22T08:10:53.4892470-04:00" testType="13cdc9d9-ddb5-4fa4-a97d-d965ccfc6d4b" outcome="Passed" testListId="8c84fa94-04c1-424b-9868-57a2d4851a1d" relativeResultsDirectory="9c86c36a-9382-40a9-84a6-0a8a2b56413b" />
    <UnitTestResult executionId="071df55d-bd4a-4cbb-8ad7-088f15cfb1d3" testId="f1e94523-e0bb-d4c8-8cba-98983116d729" testName="StringToNumber_ValidFloatString_ReturnsFloatValue" computerName="dadsmbp" duration="00:00:00.0000597" startTime="2025-08-22T08:10:53.5601780-04:00" endTime="2025-08-22T08:10:53.5602590-04:00" testType="13cdc9d9-ddb5-4fa4-a97d-d965ccfc6d4b" outcome="Passed" testListId="8c84fa94-04c1-424b-9868-57a2d4851a1d" relativeResultsDirectory="071df55d-bd4a-4cbb-8ad7-088f15cfb1d3" />
    <UnitTestResult executionId="e57dc029-83e5-4f18-9e90-7e43a2d1dbc2" testId="e96eba43-707e-f129-90f4-8d4bc696c294" testName="StringToNumber_HexadecimalString_ReturnsCorrectValue" computerName="dadsmbp" duration="00:00:00.0007742" startTime="2025-08-22T08:10:53.5605490-04:00" endTime="2025-08-22T08:10:53.5613550-04:00" testType="13cdc9d9-ddb5-4fa4-a97d-d965ccfc6d4b" outcome="Passed" testListId="8c84fa94-04c1-424b-9868-57a2d4851a1d" relativeResultsDirectory="e57dc029-83e5-4f18-9e90-7e43a2d1dbc2" />
    <UnitTestResult executionId="3a9ec830-948f-413c-9537-cbcd5819a023" testId="ef4bfb85-1bf8-c28e-ab05-376804b161f2" testName="Concat_NonTable_ThrowsException" computerName="dadsmbp" duration="00:00:00.0000861" startTime="2025-08-22T08:10:53.5479190-04:00" endTime="2025-08-22T08:10:53.5480270-04:00" testType="13cdc9d9-ddb5-4fa4-a97d-d965ccfc6d4b" outcome="Passed" testListId="8c84fa94-04c1-424b-9868-57a2d4851a1d" relativeResultsDirectory="3a9ec830-948f-413c-9537-cbcd5819a023" />
    <UnitTestResult executionId="0a786659-e464-4243-a2dd-ceb416a26272" testId="7a427c76-6277-3d44-85c8-288ce907545c" testName="TryToInteger_FloatWithIntegerValue_ReturnsInteger" computerName="dadsmbp" duration="00:00:00.0000902" startTime="2025-08-22T08:10:53.5894290-04:00" endTime="2025-08-22T08:10:53.5895360-04:00" testType="13cdc9d9-ddb5-4fa4-a97d-d965ccfc6d4b" outcome="Passed" testListId="8c84fa94-04c1-424b-9868-57a2d4851a1d" relativeResultsDirectory="0a786659-e464-4243-a2dd-ceb416a26272" />
    <UnitTestResult executionId="19cc0d0d-2d4c-47df-8b2c-7b89f4b53a73" testId="8b7d5bc8-c8ce-1412-af68-97cd16f8e716" testName="CodePoint_EmptyString_ReturnsEmpty" computerName="dadsmbp" duration="00:00:00.0000362" startTime="2025-08-22T08:10:53.5708000-04:00" endTime="2025-08-22T08:10:53.5708540-04:00" testType="13cdc9d9-ddb5-4fa4-a97d-d965ccfc6d4b" outcome="Passed" testListId="8c84fa94-04c1-424b-9868-57a2d4851a1d" relativeResultsDirectory="19cc0d0d-2d4c-47df-8b2c-7b89f4b53a73" />
    <UnitTestResult executionId="b069eaf5-1fbf-42a5-9c5f-88cb171db46c" testId="38e46477-e8cd-ebae-2dca-03d9894f248c" testName="ToNumber_NegativeString_ReturnsCorrectNumber" computerName="dadsmbp" duration="00:00:00.0000443" startTime="2025-08-22T08:10:53.5551520-04:00" endTime="2025-08-22T08:10:53.5552160-04:00" testType="13cdc9d9-ddb5-4fa4-a97d-d965ccfc6d4b" outcome="Passed" testListId="8c84fa94-04c1-424b-9868-57a2d4851a1d" relativeResultsDirectory="b069eaf5-1fbf-42a5-9c5f-88cb171db46c" />
    <UnitTestResult executionId="1dc9a0f0-1334-4a2f-a9c0-06fc6f9a74f6" testId="0d7c05bc-6d36-8126-cd8b-bc1a9c92e925" testName="Time_NonTableArgument_ThrowsException" computerName="dadsmbp" duration="00:00:00.0001004" startTime="2025-08-22T08:10:53.4732350-04:00" endTime="2025-08-22T08:10:53.4733610-04:00" testType="13cdc9d9-ddb5-4fa4-a97d-d965ccfc6d4b" outcome="Passed" testListId="8c84fa94-04c1-424b-9868-57a2d4851a1d" relativeResultsDirectory="1dc9a0f0-1334-4a2f-a9c0-06fc6f9a74f6" />
    <UnitTestResult executionId="d02cd280-f2e9-415a-941a-1a79abf3caa5" testId="57c265eb-6f4f-6e64-cc22-19546a1d775a" testName="SetVariable_GlobalScope_CanRetrieve" computerName="dadsmbp" duration="00:00:00.0011317" startTime="2025-08-22T08:10:53.3916050-04:00" endTime="2025-08-22T08:10:53.3927690-04:00" testType="13cdc9d9-ddb5-4fa4-a97d-d965ccfc6d4b" outcome="Passed" testListId="8c84fa94-04c1-424b-9868-57a2d4851a1d" relativeResultsDirectory="d02cd280-f2e9-415a-941a-1a79abf3caa5" />
    <UnitTestResult executionId="e79d97cc-8912-4fe7-9dea-a044e0007787" testId="b6a0f5fb-4bb7-97bd-2c15-5ee7f1f2c8d5" testName="Find_PlusQuantifier_MatchesOneOrMore" computerName="dadsmbp" duration="00:00:00.0001619" startTime="2025-08-22T08:10:53.5346870-04:00" endTime="2025-08-22T08:10:53.5348730-04:00" testType="13cdc9d9-ddb5-4fa4-a97d-d965ccfc6d4b" outcome="Failed" testListId="8c84fa94-04c1-424b-9868-57a2d4851a1d" relativeResultsDirectory="e79d97cc-8912-4fe7-9dea-a044e0007787">
      <Output>
        <ErrorInfo>
          <Message>Assert.AreEqual failed. Expected:&lt;5&gt;. Actual:&lt;3&gt;. </Message>
          <StackTrace>   at FLua.Runtime.LibraryTests.LuaStringLibTests.Find_PlusQuantifier_MatchesOneOrMore() in /Users/bill/Repos/FLua/FLua.Runtime.LibraryTests/LuaStringLibTests.cs:line 1539
   at System.RuntimeMethodHandle.InvokeMethod(Object target, Void** arguments, Signature sig, Boolean isConstructor)
   at System.Reflection.MethodBaseInvoker.InvokeWithNoArgs(Object obj, BindingFlags invokeAttr)
</StackTrace>
        </ErrorInfo>
      </Output>
    </UnitTestResult>
    <UnitTestResult executionId="2143f2e3-e8a1-4094-820e-80e64112cfee" testId="dc8e12f0-fd89-2fdd-e7b5-0da90646fdd5" testName="GetInteger_NonNumericValue_ThrowsException" computerName="dadsmbp" duration="00:00:00.0000258" startTime="2025-08-22T08:10:53.5777480-04:00" endTime="2025-08-22T08:10:53.5777990-04:00" testType="13cdc9d9-ddb5-4fa4-a97d-d965ccfc6d4b" outcome="Failed" testListId="8c84fa94-04c1-424b-9868-57a2d4851a1d" relativeResultsDirectory="2143f2e3-e8a1-4094-820e-80e64112cfee">
      <Output>
        <ErrorInfo>
          <Message>Test method did not throw expected exception System.InvalidOperationException. </Message>
        </ErrorInfo>
      </Output>
    </UnitTestResult>
    <UnitTestResult executionId="950078d1-57a2-452e-a25b-b9cdf9eb7fac" testId="c04916e9-b6ac-fd8a-dfdc-65e0247e2335" testName="Offset_BeyondBounds_ReturnsEmpty" computerName="dadsmbp" duration="00:00:00.0000437" startTime="2025-08-22T08:10:53.5722180-04:00" endTime="2025-08-22T08:10:53.5722780-04:00" testType="13cdc9d9-ddb5-4fa4-a97d-d965ccfc6d4b" outcome="Passed" testListId="8c84fa94-04c1-424b-9868-57a2d4851a1d" relativeResultsDirectory="950078d1-57a2-452e-a25b-b9cdf9eb7fac" />
    <UnitTestResult executionId="64dfc0cc-dd33-4590-8c3a-131fc12e599e" testId="3aedc30b-49f4-ff0f-680b-aad67022a5d1" testName="CreateStandardEnvironment_HasRawOperations" computerName="dadsmbp" duration="00:00:00.0000887" startTime="2025-08-22T08:10:53.4136990-04:00" endTime="2025-08-22T08:10:53.4138100-04:00" testType="13cdc9d9-ddb5-4fa4-a97d-d965ccfc6d4b" outcome="Passed" testListId="8c84fa94-04c1-424b-9868-57a2d4851a1d" relativeResultsDirectory="64dfc0cc-dd33-4590-8c3a-131fc12e599e" />
    <UnitTestResult executionId="7df7999d-42a9-49ea-9008-1136e0f1537d" testId="730f5bdd-2db2-1c8d-a33e-c1f9dd7b77f3" testName="Pack_SignedLong_WorksCorrectly" computerName="dadsmbp" duration="00:00:00.0000811" startTime="2025-08-22T08:10:53.5109040-04:00" endTime="2025-08-22T08:10:53.5110070-04:00" testType="13cdc9d9-ddb5-4fa4-a97d-d965ccfc6d4b" outcome="Passed" testListId="8c84fa94-04c1-424b-9868-57a2d4851a1d" relativeResultsDirectory="7df7999d-42a9-49ea-9008-1136e0f1537d" />
    <UnitTestResult executionId="962e0c84-9bad-4811-bbf2-fe5fa5b69f15" testId="9612546d-018d-a9c4-f710-6f8b93722d9b" testName="Format_IntegerFormatting_WorksCorrectly" computerName="dadsmbp" duration="00:00:00.0001502" startTime="2025-08-22T08:10:53.4982220-04:00" endTime="2025-08-22T08:10:53.4984120-04:00" testType="13cdc9d9-ddb5-4fa4-a97d-d965ccfc6d4b" outcome="Passed" testListId="8c84fa94-04c1-424b-9868-57a2d4851a1d" relativeResultsDirectory="962e0c84-9bad-4811-bbf2-fe5fa5b69f15" />
    <UnitTestResult executionId="36462cb9-7586-49a8-a3ea-a27e4fe2b3ea" testId="4e5502ac-bda2-4618-9cdc-4a77f465f2cd" testName="Find_NegativeStartPosition_WorksFromEnd" computerName="dadsmbp" duration="00:00:00.0000696" startTime="2025-08-22T08:10:53.4941760-04:00" endTime="2025-08-22T08:10:53.4942720-04:00" testType="13cdc9d9-ddb5-4fa4-a97d-d965ccfc6d4b" outcome="Passed" testListId="8c84fa94-04c1-424b-9868-57a2d4851a1d" relativeResultsDirectory="36462cb9-7586-49a8-a3ea-a27e4fe2b3ea" />
    <UnitTestResult executionId="9ba976f4-fddf-4804-9580-99126c661f70" testId="c8cf448d-a8a9-06de-d925-6badd8bf6d0f" testName="Find_DotWildcard_MatchesAnyCharacter" computerName="dadsmbp" duration="00:00:00.0000587" startTime="2025-08-22T08:10:53.5339930-04:00" endTime="2025-08-22T08:10:53.5340750-04:00" testType="13cdc9d9-ddb5-4fa4-a97d-d965ccfc6d4b" outcome="Passed" testListId="8c84fa94-04c1-424b-9868-57a2d4851a1d" relativeResultsDirectory="9ba976f4-fddf-4804-9580-99126c661f70" />
  </Results>
  <TestDefinitions>
    <UnitTest name="CreateStandardEnvironment_HasBasicFunctions" storage="/users/bill/repos/flua/flua.runtime.librarytests/bin/debug/net8.0/flua.runtime.librarytests.dll" id="fff38a50-6978-73d7-97be-0090cd17e9f4">
      <Execution id="dbb5fd31-a23c-49d2-9d33-6971fd95e291" />
      <TestMethod codeBase="/Users/bill/Repos/FLua/FLua.Runtime.LibraryTests/bin/Debug/net8.0/FLua.Runtime.LibraryTests.dll" adapterTypeName="executor://mstestadapter/v2" className="FLua.Runtime.LibraryTests.LuaEnvironmentTests" name="CreateStandardEnvironment_HasBasicFunctions" />
    </UnitTest>
    <UnitTest name="ToString_BooleanValue_ThrowsException" storage="/users/bill/repos/flua/flua.runtime.librarytests/bin/debug/net8.0/flua.runtime.librarytests.dll" id="4e0d0548-af81-0df3-d0fa-d376255a5b9d">
      <Execution id="4b21e6ec-7a0c-4f8c-a381-6b6070b00f8e" />
      <TestMethod codeBase="/Users/bill/Repos/FLua/FLua.Runtime.LibraryTests/bin/Debug/net8.0/FLua.Runtime.LibraryTests.dll" adapterTypeName="executor://mstestadapter/v2" className="FLua.Runtime.LibraryTests.LuaTypeConversionTests" name="ToString_BooleanValue_ThrowsException" />
    </UnitTest>
    <UnitTest name="Random_SingleArgument_ReturnsBetweenOneAndN" storage="/users/bill/repos/flua/flua.runtime.librarytests/bin/debug/net8.0/flua.runtime.librarytests.dll" id="d8323f7b-b6f4-aef1-d95d-3f7a76da7d37">
      <Execution id="7c5029ba-8e17-41e6-8731-0083f616a9f2" />
      <TestMethod codeBase="/Users/bill/Repos/FLua/FLua.Runtime.LibraryTests/bin/Debug/net8.0/FLua.Runtime.LibraryTests.dll" adapterTypeName="executor://mstestadapter/v2" className="FLua.Runtime.LibraryTests.LuaMathLibTests" name="Random_SingleArgument_ReturnsBetweenOneAndN" />
    </UnitTest>
    <UnitTest name="Max_MixedTypes_ReturnsLarger" storage="/users/bill/repos/flua/flua.runtime.librarytests/bin/debug/net8.0/flua.runtime.librarytests.dll" id="63d280db-6040-fbee-36a1-148cfca64c9c">
      <Execution id="2811419e-237c-4332-9198-f8e7e9c11a9f" />
      <TestMethod codeBase="/Users/bill/Repos/FLua/FLua.Runtime.LibraryTests/bin/Debug/net8.0/FLua.Runtime.LibraryTests.dll" adapterTypeName="executor://mstestadapter/v2" className="FLua.Runtime.LibraryTests.LuaMathLibTests" name="Max_MixedTypes_ReturnsLarger" />
    </UnitTest>
    <UnitTest name="ToInteger_IntegerString_ReturnsCorrectInteger" storage="/users/bill/repos/flua/flua.runtime.librarytests/bin/debug/net8.0/flua.runtime.librarytests.dll" id="f43867cd-0b2f-6df4-761d-a58f20129501">
      <Execution id="6ab52644-ae3b-4d35-9f9e-6046db96d5e2" />
      <TestMethod codeBase="/Users/bill/Repos/FLua/FLua.Runtime.LibraryTests/bin/Debug/net8.0/FLua.Runtime.LibraryTests.dll" adapterTypeName="executor://mstestadapter/v2" className="FLua.Runtime.LibraryTests.LuaTypeConversionTests" name="ToInteger_IntegerString_ReturnsCorrectInteger" />
    </UnitTest>
    <UnitTest name="Find_MultipleAnchors_HandlesEdgeCase" storage="/users/bill/repos/flua/flua.runtime.librarytests/bin/debug/net8.0/flua.runtime.librarytests.dll" id="1e4b9f12-058b-fa11-1552-0a13271ffe9f">
      <Execution id="a74e753e-41b5-4df1-a9c0-8377a5173945" />
      <TestMethod codeBase="/Users/bill/Repos/FLua/FLua.Runtime.LibraryTests/bin/Debug/net8.0/FLua.Runtime.LibraryTests.dll" adapterTypeName="executor://mstestadapter/v2" className="FLua.Runtime.LibraryTests.LuaStringLibTests" name="Find_MultipleAnchors_HandlesEdgeCase" />
    </UnitTest>
    <UnitTest name="Insert_NegativePosition_ThrowsException" storage="/users/bill/repos/flua/flua.runtime.librarytests/bin/debug/net8.0/flua.runtime.librarytests.dll" id="7d57d405-1d8f-d3c4-d49c-d9bc6cffff8b">
      <Execution id="ef133716-363e-4bf9-bfda-c19a60f4528a" />
      <TestMethod codeBase="/Users/bill/Repos/FLua/FLua.Runtime.LibraryTests/bin/Debug/net8.0/FLua.Runtime.LibraryTests.dll" adapterTypeName="executor://mstestadapter/v2" className="FLua.Runtime.LibraryTests.LuaTableLibTests" name="Insert_NegativePosition_ThrowsException" />
    </UnitTest>
    <UnitTest name="Subtract_NegativeResult_ReturnsCorrectValue" storage="/users/bill/repos/flua/flua.runtime.librarytests/bin/debug/net8.0/flua.runtime.librarytests.dll" id="96bd226b-7335-f1a5-f645-19034cd2d19c">
      <Execution id="b9619e6f-9172-4109-b5ef-c64f1f79bac6" />
      <TestMethod codeBase="/Users/bill/Repos/FLua/FLua.Runtime.LibraryTests/bin/Debug/net8.0/FLua.Runtime.LibraryTests.dll" adapterTypeName="executor://mstestadapter/v2" className="FLua.Runtime.LibraryTests.LuaValueTests" name="Subtract_NegativeResult_ReturnsCorrectValue" />
    </UnitTest>
    <UnitTest name="FileHandle_Flush_SuccessfulFlush" storage="/users/bill/repos/flua/flua.runtime.librarytests/bin/debug/net8.0/flua.runtime.librarytests.dll" id="4ff82df3-2a8b-d871-a8b5-23e407fbce15">
      <Execution id="9c0d8e36-0fee-4e24-a08f-901efa044fb9" />
      <TestMethod codeBase="/Users/bill/Repos/FLua/FLua.Runtime.LibraryTests/bin/Debug/net8.0/FLua.Runtime.LibraryTests.dll" adapterTypeName="executor://mstestadapter/v2" className="FLua.Runtime.LibraryTests.LuaIOLibTests" name="FileHandle_Flush_SuccessfulFlush" />
    </UnitTest>
    <UnitTest name="Find_EmptyCapture_ReturnsEmptyString" storage="/users/bill/repos/flua/flua.runtime.librarytests/bin/debug/net8.0/flua.runtime.librarytests.dll" id="336f24e8-a7fc-2241-5426-bf1a2f3aa99b">
      <Execution id="60f2ca53-e2ce-4171-a0b6-acd212f7dedf" />
      <TestMethod codeBase="/Users/bill/Repos/FLua/FLua.Runtime.LibraryTests/bin/Debug/net8.0/FLua.Runtime.LibraryTests.dll" adapterTypeName="executor://mstestadapter/v2" className="FLua.Runtime.LibraryTests.LuaStringLibTests" name="Find_EmptyCapture_ReturnsEmptyString" />
    </UnitTest>
    <UnitTest name="Match_MissingPattern_ThrowsException" storage="/users/bill/repos/flua/flua.runtime.librarytests/bin/debug/net8.0/flua.runtime.librarytests.dll" id="eb0ad89a-467e-5427-a85d-1b735871336e">
      <Execution id="0d59cf46-a0f7-4a2a-890e-375ba14135d3" />
      <TestMethod codeBase="/Users/bill/Repos/FLua/FLua.Runtime.LibraryTests/bin/Debug/net8.0/FLua.Runtime.LibraryTests.dll" adapterTypeName="executor://mstestadapter/v2" className="FLua.Runtime.LibraryTests.LuaStringLibTests" name="Match_MissingPattern_ThrowsException" />
    </UnitTest>
    <UnitTest name="Move_MissingArguments_ThrowsException" storage="/users/bill/repos/flua/flua.runtime.librarytests/bin/debug/net8.0/flua.runtime.librarytests.dll" id="b1281940-f7f8-63c3-f3ba-f29258f117ee">
      <Execution id="0e5820dc-2540-4b51-9488-2fab1bd58102" />
      <TestMethod codeBase="/Users/bill/Repos/FLua/FLua.Runtime.LibraryTests/bin/Debug/net8.0/FLua.Runtime.LibraryTests.dll" adapterTypeName="executor://mstestadapter/v2" className="FLua.Runtime.LibraryTests.LuaTableLibTests" name="Move_MissingArguments_ThrowsException" />
    </UnitTest>
    <UnitTest name="Pack_SignedByte_WorksCorrectly" storage="/users/bill/repos/flua/flua.runtime.librarytests/bin/debug/net8.0/flua.runtime.librarytests.dll" id="fc81d74d-15cc-c700-6394-437f323a77ac">
      <Execution id="7352e244-2af4-4742-a00d-66c4559cb4b2" />
      <TestMethod codeBase="/Users/bill/Repos/FLua/FLua.Runtime.LibraryTests/bin/Debug/net8.0/FLua.Runtime.LibraryTests.dll" adapterTypeName="executor://mstestadapter/v2" className="FLua.Runtime.LibraryTests.LuaStringLibTests" name="Pack_SignedByte_WorksCorrectly" />
    </UnitTest>
    <UnitTest name="TryToNumber_StringWithFloat_ReturnsFloat" storage="/users/bill/repos/flua/flua.runtime.librarytests/bin/debug/net8.0/flua.runtime.librarytests.dll" id="8868fdb5-6923-2dd5-4325-73d75faf269d">
      <Execution id="98c1651d-0ba8-4427-99d7-fbeb45047083" />
      <TestMethod codeBase="/Users/bill/Repos/FLua/FLua.Runtime.LibraryTests/bin/Debug/net8.0/FLua.Runtime.LibraryTests.dll" adapterTypeName="executor://mstestadapter/v2" className="FLua.Runtime.LibraryTests.LuaValueTests" name="TryToNumber_StringWithFloat_ReturnsFloat" />
    </UnitTest>
    <UnitTest name="Match_SingleCaptureGroup_ReturnsCapture" storage="/users/bill/repos/flua/flua.runtime.librarytests/bin/debug/net8.0/flua.runtime.librarytests.dll" id="48073f64-8607-75e8-4a6d-239cdf528320">
      <Execution id="321346a6-21bf-4200-b823-2d6ff062a52b" />
      <TestMethod codeBase="/Users/bill/Repos/FLua/FLua.Runtime.LibraryTests/bin/Debug/net8.0/FLua.Runtime.LibraryTests.dll" adapterTypeName="executor://mstestadapter/v2" className="FLua.Runtime.LibraryTests.LuaStringLibTests" name="Match_SingleCaptureGroup_ReturnsCapture" />
    </UnitTest>
    <UnitTest name="Len_EmptyString_ReturnsZero" storage="/users/bill/repos/flua/flua.runtime.librarytests/bin/debug/net8.0/flua.runtime.librarytests.dll" id="9748d62b-1280-e0ee-352c-e19a548ff90e">
      <Execution id="0940bba5-5287-47e5-97f3-84ccc8c6ab91" />
      <TestMethod codeBase="/Users/bill/Repos/FLua/FLua.Runtime.LibraryTests/bin/Debug/net8.0/FLua.Runtime.LibraryTests.dll" adapterTypeName="executor://mstestadapter/v2" className="FLua.Runtime.LibraryTests.LuaStringLibTests" name="Len_EmptyString_ReturnsZero" />
    </UnitTest>
    <UnitTest name="TryGetInteger_NonIntegerValue_ReturnsFalse" storage="/users/bill/repos/flua/flua.runtime.librarytests/bin/debug/net8.0/flua.runtime.librarytests.dll" id="caecfbcd-42a1-0bf6-8888-3ba079be496e">
      <Execution id="b29132d1-377e-4e36-aacd-f027815811e1" />
      <TestMethod codeBase="/Users/bill/Repos/FLua/FLua.Runtime.LibraryTests/bin/Debug/net8.0/FLua.Runtime.LibraryTests.dll" adapterTypeName="executor://mstestadapter/v2" className="FLua.Runtime.LibraryTests.LuaValueTests" name="TryGetInteger_NonIntegerValue_ReturnsFalse" />
    </UnitTest>
    <UnitTest name="Pack_FixedString_ExactSize" storage="/users/bill/repos/flua/flua.runtime.librarytests/bin/debug/net8.0/flua.runtime.librarytests.dll" id="6d197bb9-1173-907c-86dd-da4d440dbbc2">
      <Execution id="8a687dd2-4033-427e-ba5e-6db503b8049f" />
      <TestMethod codeBase="/Users/bill/Repos/FLua/FLua.Runtime.LibraryTests/bin/Debug/net8.0/FLua.Runtime.LibraryTests.dll" adapterTypeName="executor://mstestadapter/v2" className="FLua.Runtime.LibraryTests.LuaStringLibTests" name="Pack_FixedString_ExactSize" />
    </UnitTest>
    <UnitTest name="Open_DefaultMode_UsesReadMode" storage="/users/bill/repos/flua/flua.runtime.librarytests/bin/debug/net8.0/flua.runtime.librarytests.dll" id="5f25129a-2ba1-3f22-76aa-c76ead3c590d">
      <Execution id="c95e3843-d9db-4d09-9548-10a3dcb2f93c" />
      <TestMethod codeBase="/Users/bill/Repos/FLua/FLua.Runtime.LibraryTests/bin/Debug/net8.0/FLua.Runtime.LibraryTests.dll" adapterTypeName="executor://mstestadapter/v2" className="FLua.Runtime.LibraryTests.LuaIOLibTests" name="Open_DefaultMode_UsesReadMode" />
    </UnitTest>
    <UnitTest name="VariableName_EmptyString_HandledCorrectly" storage="/users/bill/repos/flua/flua.runtime.librarytests/bin/debug/net8.0/flua.runtime.librarytests.dll" id="4e15999a-f878-fa2f-0422-7bd030ec8a62">
      <Execution id="81b63979-8613-43f0-b3ba-820d6c3655cb" />
      <TestMethod codeBase="/Users/bill/Repos/FLua/FLua.Runtime.LibraryTests/bin/Debug/net8.0/FLua.Runtime.LibraryTests.dll" adapterTypeName="executor://mstestadapter/v2" className="FLua.Runtime.LibraryTests.LuaEnvironmentTests" name="VariableName_EmptyString_HandledCorrectly" />
    </UnitTest>
    <UnitTest name="Insert_NonTable_ThrowsException" storage="/users/bill/repos/flua/flua.runtime.librarytests/bin/debug/net8.0/flua.runtime.librarytests.dll" id="7a04b199-7d69-5b3e-c54a-df29134cbf27">
      <Execution id="fd8f6ebe-7662-4bb4-98e4-08950ae25bae" />
      <TestMethod codeBase="/Users/bill/Repos/FLua/FLua.Runtime.LibraryTests/bin/Debug/net8.0/FLua.Runtime.LibraryTests.dll" adapterTypeName="executor://mstestadapter/v2" className="FLua.Runtime.LibraryTests.LuaTableLibTests" name="Insert_NonTable_ThrowsException" />
    </UnitTest>
    <UnitTest name="Pack_ZeroTerminatedString_WorksCorrectly" storage="/users/bill/repos/flua/flua.runtime.librarytests/bin/debug/net8.0/flua.runtime.librarytests.dll" id="b9f567ab-135c-ccb6-04a4-b0ddd3213321">
      <Execution id="0bbce905-e56b-41ef-a9c0-d0160130435c" />
      <TestMethod codeBase="/Users/bill/Repos/FLua/FLua.Runtime.LibraryTests/bin/Debug/net8.0/FLua.Runtime.LibraryTests.dll" adapterTypeName="executor://mstestadapter/v2" className="FLua.Runtime.LibraryTests.LuaStringLibTests" name="Pack_ZeroTerminatedString_WorksCorrectly" />
    </UnitTest>
    <UnitTest name="ToBoolean_NonBooleanNonNilValues_ReturnTrue" storage="/users/bill/repos/flua/flua.runtime.librarytests/bin/debug/net8.0/flua.runtime.librarytests.dll" id="0cf5bcaa-e30c-358e-ede3-0ec1f16ee90e">
      <Execution id="b4b977dc-accb-4406-88ad-75d5e9fc8fd4" />
      <TestMethod codeBase="/Users/bill/Repos/FLua/FLua.Runtime.LibraryTests/bin/Debug/net8.0/FLua.Runtime.LibraryTests.dll" adapterTypeName="executor://mstestadapter/v2" className="FLua.Runtime.LibraryTests.LuaTypeConversionTests" name="ToBoolean_NonBooleanNonNilValues_ReturnTrue" />
    </UnitTest>
    <UnitTest name="ToInteger_ExactFloat_ReturnsInteger" storage="/users/bill/repos/flua/flua.runtime.librarytests/bin/debug/net8.0/flua.runtime.librarytests.dll" id="176db431-b11f-67e9-857d-a0aa3a19ab72">
      <Execution id="21e01163-1909-4956-80e7-dad7a6b9685d" />
      <TestMethod codeBase="/Users/bill/Repos/FLua/FLua.Runtime.LibraryTests/bin/Debug/net8.0/FLua.Runtime.LibraryTests.dll" adapterTypeName="executor://mstestadapter/v2" className="FLua.Runtime.LibraryTests.LuaMathLibTests" name="ToInteger_ExactFloat_ReturnsInteger" />
    </UnitTest>
    <UnitTest name="IsNumber_FloatValue_ReturnsTrue" storage="/users/bill/repos/flua/flua.runtime.librarytests/bin/debug/net8.0/flua.runtime.librarytests.dll" id="aebaa27c-3bde-8f7b-ecd8-7d81a863224c">
      <Execution id="e6b7bf54-b16d-4431-8b05-20aa6a8a4469" />
      <TestMethod codeBase="/Users/bill/Repos/FLua/FLua.Runtime.LibraryTests/bin/Debug/net8.0/FLua.Runtime.LibraryTests.dll" adapterTypeName="executor://mstestadapter/v2" className="FLua.Runtime.LibraryTests.LuaValueTests" name="IsNumber_FloatValue_ReturnsTrue" />
    </UnitTest>
    <UnitTest name="VariableName_VeryLongString_HandledCorrectly" storage="/users/bill/repos/flua/flua.runtime.librarytests/bin/debug/net8.0/flua.runtime.librarytests.dll" id="e5632502-4f60-e04d-9e4b-856aa2f472eb">
      <Execution id="6d05138e-4eff-4b96-800f-f2a839630924" />
      <TestMethod codeBase="/Users/bill/Repos/FLua/FLua.Runtime.LibraryTests/bin/Debug/net8.0/FLua.Runtime.LibraryTests.dll" adapterTypeName="executor://mstestadapter/v2" className="FLua.Runtime.LibraryTests.LuaEnvironmentTests" name="VariableName_VeryLongString_HandledCorrectly" />
    </UnitTest>
    <UnitTest name="Close_InvalidHandle_ThrowsException" storage="/users/bill/repos/flua/flua.runtime.librarytests/bin/debug/net8.0/flua.runtime.librarytests.dll" id="2cbe5417-e99d-1e00-1b6f-0c1dfa4276fa">
      <Execution id="d04bb3e4-334d-496d-bacb-11cec1d49128" />
      <TestMethod codeBase="/Users/bill/Repos/FLua/FLua.Runtime.LibraryTests/bin/Debug/net8.0/FLua.Runtime.LibraryTests.dll" adapterTypeName="executor://mstestadapter/v2" className="FLua.Runtime.LibraryTests.LuaIOLibTests" name="Close_InvalidHandle_ThrowsException" />
    </UnitTest>
    <UnitTest name="Len_StartGreaterThanEnd_ReturnsZero" storage="/users/bill/repos/flua/flua.runtime.librarytests/bin/debug/net8.0/flua.runtime.librarytests.dll" id="f0574140-05e7-8498-9329-657513183047">
      <Execution id="f5a311ae-8c78-4eaa-be83-e969265d6d31" />
      <TestMethod codeBase="/Users/bill/Repos/FLua/FLua.Runtime.LibraryTests/bin/Debug/net8.0/FLua.Runtime.LibraryTests.dll" adapterTypeName="executor://mstestadapter/v2" className="FLua.Runtime.LibraryTests.LuaUTF8LibTests" name="Len_StartGreaterThanEnd_ReturnsZero" />
    </UnitTest>
    <UnitTest name="Match_MultipleCaptureGroups_ReturnsAllCaptures" storage="/users/bill/repos/flua/flua.runtime.librarytests/bin/debug/net8.0/flua.runtime.librarytests.dll" id="037af028-4c17-d84f-cacf-d2b184a449de">
      <Execution id="0c20f780-e13f-4c11-a1c8-b65d943d3306" />
      <TestMethod codeBase="/Users/bill/Repos/FLua/FLua.Runtime.LibraryTests/bin/Debug/net8.0/FLua.Runtime.LibraryTests.dll" adapterTypeName="executor://mstestadapter/v2" className="FLua.Runtime.LibraryTests.LuaStringLibTests" name="Match_MultipleCaptureGroups_ReturnsAllCaptures" />
    </UnitTest>
    <UnitTest name="Format_IntegerFormatting_WorksCorrectly" storage="/users/bill/repos/flua/flua.runtime.librarytests/bin/debug/net8.0/flua.runtime.librarytests.dll" id="9612546d-018d-a9c4-f710-6f8b93722d9b">
      <Execution id="962e0c84-9bad-4811-bbf2-fe5fa5b69f15" />
      <TestMethod codeBase="/Users/bill/Repos/FLua/FLua.Runtime.LibraryTests/bin/Debug/net8.0/FLua.Runtime.LibraryTests.dll" adapterTypeName="executor://mstestadapter/v2" className="FLua.Runtime.LibraryTests.LuaStringLibTests" name="Format_IntegerFormatting_WorksCorrectly" />
    </UnitTest>
    <UnitTest name="Add_FloatFloat_ReturnsFloatSum" storage="/users/bill/repos/flua/flua.runtime.librarytests/bin/debug/net8.0/flua.runtime.librarytests.dll" id="723e0d80-fb0b-5548-6757-d2d93e3878dc">
      <Execution id="1b18b167-9ee0-4ff8-90a7-d0d28351af95" />
      <TestMethod codeBase="/Users/bill/Repos/FLua/FLua.Runtime.LibraryTests/bin/Debug/net8.0/FLua.Runtime.LibraryTests.dll" adapterTypeName="executor://mstestadapter/v2" className="FLua.Runtime.LibraryTests.LuaValueTests" name="Add_FloatFloat_ReturnsFloatSum" />
    </UnitTest>
    <UnitTest name="Pack_NoArguments_ReturnsEmptyTableWithCount" storage="/users/bill/repos/flua/flua.runtime.librarytests/bin/debug/net8.0/flua.runtime.librarytests.dll" id="8f7ff48a-4c1e-4d61-fde9-42fc25934238">
      <Execution id="e8e04292-1b94-46b0-acd8-d2da194a4a05" />
      <TestMethod codeBase="/Users/bill/Repos/FLua/FLua.Runtime.LibraryTests/bin/Debug/net8.0/FLua.Runtime.LibraryTests.dll" adapterTypeName="executor://mstestadapter/v2" className="FLua.Runtime.LibraryTests.LuaTableLibTests" name="Pack_NoArguments_ReturnsEmptyTableWithCount" />
    </UnitTest>
    <UnitTest name="Format_CharacterFormatting_WorksCorrectly" storage="/users/bill/repos/flua/flua.runtime.librarytests/bin/debug/net8.0/flua.runtime.librarytests.dll" id="c44f7d30-784c-7e26-1152-1779da675100">
      <Execution id="54e4e2ec-4b65-4e63-8bb9-60a8d57ad45c" />
      <TestMethod codeBase="/Users/bill/Repos/FLua/FLua.Runtime.LibraryTests/bin/Debug/net8.0/FLua.Runtime.LibraryTests.dll" adapterTypeName="executor://mstestadapter/v2" className="FLua.Runtime.LibraryTests.LuaStringLibTests" name="Format_CharacterFormatting_WorksCorrectly" />
    </UnitTest>
    <UnitTest name="Concat_NumberElements_ConvertsToString" storage="/users/bill/repos/flua/flua.runtime.librarytests/bin/debug/net8.0/flua.runtime.librarytests.dll" id="82f1b943-0634-06f5-65fb-059c120c860b">
      <Execution id="a4800631-31e2-43e5-b2fd-381f34094556" />
      <TestMethod codeBase="/Users/bill/Repos/FLua/FLua.Runtime.LibraryTests/bin/Debug/net8.0/FLua.Runtime.LibraryTests.dll" adapterTypeName="executor://mstestadapter/v2" className="FLua.Runtime.LibraryTests.LuaTableLibTests" name="Concat_NumberElements_ConvertsToString" />
    </UnitTest>
    <UnitTest name="Byte_SingleCharacter_ReturnsByteValue" storage="/users/bill/repos/flua/flua.runtime.librarytests/bin/debug/net8.0/flua.runtime.librarytests.dll" id="217c72ec-29ce-d3de-11dc-4adfccfa3970">
      <Execution id="5b8996d2-2706-4d88-b63a-d1a3a44d8b18" />
      <TestMethod codeBase="/Users/bill/Repos/FLua/FLua.Runtime.LibraryTests/bin/Debug/net8.0/FLua.Runtime.LibraryTests.dll" adapterTypeName="executor://mstestadapter/v2" className="FLua.Runtime.LibraryTests.LuaStringLibTests" name="Byte_SingleCharacter_ReturnsByteValue" />
    </UnitTest>
    <UnitTest name="DiffTime_NonNumericFirstArgument_ThrowsException" storage="/users/bill/repos/flua/flua.runtime.librarytests/bin/debug/net8.0/flua.runtime.librarytests.dll" id="39e39652-5abc-9b45-4a9e-09dc134d2d9e">
      <Execution id="d37bc196-bcd2-4d89-ae66-d8550c5e49a9" />
      <TestMethod codeBase="/Users/bill/Repos/FLua/FLua.Runtime.LibraryTests/bin/Debug/net8.0/FLua.Runtime.LibraryTests.dll" adapterTypeName="executor://mstestadapter/v2" className="FLua.Runtime.LibraryTests.LuaOSLibTests" name="DiffTime_NonNumericFirstArgument_ThrowsException" />
    </UnitTest>
    <UnitTest name="CodePoint_WithPosition_ReturnsFromPosition" storage="/users/bill/repos/flua/flua.runtime.librarytests/bin/debug/net8.0/flua.runtime.librarytests.dll" id="e59567ee-4c47-17a6-c6ab-c9f2f770b121">
      <Execution id="0a2df628-e409-4143-ad58-1dd0cfd7af3c" />
      <TestMethod codeBase="/Users/bill/Repos/FLua/FLua.Runtime.LibraryTests/bin/Debug/net8.0/FLua.Runtime.LibraryTests.dll" adapterTypeName="executor://mstestadapter/v2" className="FLua.Runtime.LibraryTests.LuaUTF8LibTests" name="CodePoint_WithPosition_ReturnsFromPosition" />
    </UnitTest>
    <UnitTest name="CreateNumber_DoubleValue_ReturnsFloatLuaValue" storage="/users/bill/repos/flua/flua.runtime.librarytests/bin/debug/net8.0/flua.runtime.librarytests.dll" id="9d5e7ccc-a83c-de0a-d9b5-9a6494150899">
      <Execution id="9f7415f3-d730-460e-9450-fa29e214c1ba" />
      <TestMethod codeBase="/Users/bill/Repos/FLua/FLua.Runtime.LibraryTests/bin/Debug/net8.0/FLua.Runtime.LibraryTests.dll" adapterTypeName="executor://mstestadapter/v2" className="FLua.Runtime.LibraryTests.LuaValueHelpersTests" name="CreateNumber_DoubleValue_ReturnsFloatLuaValue" />
    </UnitTest>
    <UnitTest name="Type_Function_ReturnsCorrectTypes" storage="/users/bill/repos/flua/flua.runtime.librarytests/bin/debug/net8.0/flua.runtime.librarytests.dll" id="280bdde6-aea9-003d-2c18-953337083652">
      <Execution id="65a6f6d6-773a-49af-b651-4f465b621ce3" />
      <TestMethod codeBase="/Users/bill/Repos/FLua/FLua.Runtime.LibraryTests/bin/Debug/net8.0/FLua.Runtime.LibraryTests.dll" adapterTypeName="executor://mstestadapter/v2" className="FLua.Runtime.LibraryTests.LuaEnvironmentTests" name="Type_Function_ReturnsCorrectTypes" />
    </UnitTest>
    <UnitTest name="Find_TrailingEscape_TreatsLiteralPercent" storage="/users/bill/repos/flua/flua.runtime.librarytests/bin/debug/net8.0/flua.runtime.librarytests.dll" id="616faad7-b5d9-993a-603a-ab6159c74652">
      <Execution id="da0c1ecc-1841-4fe1-854d-cfc42ea3dc3c" />
      <TestMethod codeBase="/Users/bill/Repos/FLua/FLua.Runtime.LibraryTests/bin/Debug/net8.0/FLua.Runtime.LibraryTests.dll" adapterTypeName="executor://mstestadapter/v2" className="FLua.Runtime.LibraryTests.LuaStringLibTests" name="Find_TrailingEscape_TreatsLiteralPercent" />
    </UnitTest>
    <UnitTest name="Remove_NonTable_ThrowsException" storage="/users/bill/repos/flua/flua.runtime.librarytests/bin/debug/net8.0/flua.runtime.librarytests.dll" id="9475ee7f-34ac-cccd-70a7-5737f1f061fd">
      <Execution id="3347f858-288d-40d7-9da1-422672f94508" />
      <TestMethod codeBase="/Users/bill/Repos/FLua/FLua.Runtime.LibraryTests/bin/Debug/net8.0/FLua.Runtime.LibraryTests.dll" adapterTypeName="executor://mstestadapter/v2" className="FLua.Runtime.LibraryTests.LuaTableLibTests" name="Remove_NonTable_ThrowsException" />
    </UnitTest>
    <UnitTest name="Pack_VariableSizeSignedInteger_4Bytes" storage="/users/bill/repos/flua/flua.runtime.librarytests/bin/debug/net8.0/flua.runtime.librarytests.dll" id="c7577d20-faa3-b01c-9db3-524f0f988962">
      <Execution id="09fc2ef9-2bde-4265-8153-0cec7b7d56d7" />
      <TestMethod codeBase="/Users/bill/Repos/FLua/FLua.Runtime.LibraryTests/bin/Debug/net8.0/FLua.Runtime.LibraryTests.dll" adapterTypeName="executor://mstestadapter/v2" className="FLua.Runtime.LibraryTests.LuaStringLibTests" name="Pack_VariableSizeSignedInteger_4Bytes" />
    </UnitTest>
    <UnitTest name="ToNumber_StringWithWhitespace_ReturnsCorrectNumber" storage="/users/bill/repos/flua/flua.runtime.librarytests/bin/debug/net8.0/flua.runtime.librarytests.dll" id="b99139a6-eb41-e964-38ea-1f3edbf8e841">
      <Execution id="d74560e9-4a9d-4908-b727-735ddfc9cb3c" />
      <TestMethod codeBase="/Users/bill/Repos/FLua/FLua.Runtime.LibraryTests/bin/Debug/net8.0/FLua.Runtime.LibraryTests.dll" adapterTypeName="executor://mstestadapter/v2" className="FLua.Runtime.LibraryTests.LuaTypeConversionTests" name="ToNumber_StringWithWhitespace_ReturnsCorrectNumber" />
    </UnitTest>
    <UnitTest name="Power_IntegerInteger_ReturnsFloatResult" storage="/users/bill/repos/flua/flua.runtime.librarytests/bin/debug/net8.0/flua.runtime.librarytests.dll" id="f0e83354-b42c-c844-66d7-54ddeed220b1">
      <Execution id="75215140-95b7-4265-b25a-0afe78339f63" />
      <TestMethod codeBase="/Users/bill/Repos/FLua/FLua.Runtime.LibraryTests/bin/Debug/net8.0/FLua.Runtime.LibraryTests.dll" adapterTypeName="executor://mstestadapter/v2" className="FLua.Runtime.LibraryTests.LuaValueTests" name="Power_IntegerInteger_ReturnsFloatResult" />
    </UnitTest>
    <UnitTest name="Integer_MaxValue_ReturnsCorrectValue" storage="/users/bill/repos/flua/flua.runtime.librarytests/bin/debug/net8.0/flua.runtime.librarytests.dll" id="3cc36533-57cf-f049-94fe-b0929a9f967d">
      <Execution id="d3a21a8e-555b-4a2c-b451-d12f5617712d" />
      <TestMethod codeBase="/Users/bill/Repos/FLua/FLua.Runtime.LibraryTests/bin/Debug/net8.0/FLua.Runtime.LibraryTests.dll" adapterTypeName="executor://mstestadapter/v2" className="FLua.Runtime.LibraryTests.LuaValueTests" name="Integer_MaxValue_ReturnsCorrectValue" />
    </UnitTest>
    <UnitTest name="FileHandle_Write_VeryLongString" storage="/users/bill/repos/flua/flua.runtime.librarytests/bin/debug/net8.0/flua.runtime.librarytests.dll" id="a3943f49-80f0-e3b2-4adc-f5f0898d59a9">
      <Execution id="9eef0c73-5b89-4f3c-9ca0-272e5f5d6974" />
      <TestMethod codeBase="/Users/bill/Repos/FLua/FLua.Runtime.LibraryTests/bin/Debug/net8.0/FLua.Runtime.LibraryTests.dll" adapterTypeName="executor://mstestadapter/v2" className="FLua.Runtime.LibraryTests.LuaIOLibTests" name="FileHandle_Write_VeryLongString" />
    </UnitTest>
    <UnitTest name="Deg_Pi_Returns180" storage="/users/bill/repos/flua/flua.runtime.librarytests/bin/debug/net8.0/flua.runtime.librarytests.dll" id="4167cbe8-38c1-7cb3-882f-3969c597defd">
      <Execution id="5c2a40c7-d21c-47f4-af6b-c69ec79cbf4b" />
      <TestMethod codeBase="/Users/bill/Repos/FLua/FLua.Runtime.LibraryTests/bin/Debug/net8.0/FLua.Runtime.LibraryTests.dll" adapterTypeName="executor://mstestadapter/v2" className="FLua.Runtime.LibraryTests.LuaMathLibTests" name="Deg_Pi_Returns180" />
    </UnitTest>
    <UnitTest name="Insert_ZeroPosition_ThrowsException" storage="/users/bill/repos/flua/flua.runtime.librarytests/bin/debug/net8.0/flua.runtime.librarytests.dll" id="db15e783-48bf-728a-de98-ec96c8b2bc01">
      <Execution id="c9c65131-0b39-4060-9121-773dc4e47d68" />
      <TestMethod codeBase="/Users/bill/Repos/FLua/FLua.Runtime.LibraryTests/bin/Debug/net8.0/FLua.Runtime.LibraryTests.dll" adapterTypeName="executor://mstestadapter/v2" className="FLua.Runtime.LibraryTests.LuaTableLibTests" name="Insert_ZeroPosition_ThrowsException" />
    </UnitTest>
    <UnitTest name="Reverse_EmptyString_ReturnsEmpty" storage="/users/bill/repos/flua/flua.runtime.librarytests/bin/debug/net8.0/flua.runtime.librarytests.dll" id="480742e5-a335-b984-3ef3-99064a4254c4">
      <Execution id="c98b4171-5134-4f1c-a9ae-5134a0b450d0" />
      <TestMethod codeBase="/Users/bill/Repos/FLua/FLua.Runtime.LibraryTests/bin/Debug/net8.0/FLua.Runtime.LibraryTests.dll" adapterTypeName="executor://mstestadapter/v2" className="FLua.Runtime.LibraryTests.LuaStringLibTests" name="Reverse_EmptyString_ReturnsEmpty" />
    </UnitTest>
    <UnitTest name="Move_SameTable_CopiesElements" storage="/users/bill/repos/flua/flua.runtime.librarytests/bin/debug/net8.0/flua.runtime.librarytests.dll" id="31fa06ab-d5a3-b57b-1725-ae41e6861f7a">
      <Execution id="3998a9da-cb7e-47ee-826a-2a1fcf26c387" />
      <TestMethod codeBase="/Users/bill/Repos/FLua/FLua.Runtime.LibraryTests/bin/Debug/net8.0/FLua.Runtime.LibraryTests.dll" adapterTypeName="executor://mstestadapter/v2" className="FLua.Runtime.LibraryTests.LuaTableLibTests" name="Move_SameTable_CopiesElements" />
    </UnitTest>
    <UnitTest name="Time_PartialDateTable_FillsDefaults" storage="/users/bill/repos/flua/flua.runtime.librarytests/bin/debug/net8.0/flua.runtime.librarytests.dll" id="4cb93273-3097-1b0d-7b2a-2bef26f68fd7">
      <Execution id="90998c78-db5b-4e30-8b54-6936e6079836" />
      <TestMethod codeBase="/Users/bill/Repos/FLua/FLua.Runtime.LibraryTests/bin/Debug/net8.0/FLua.Runtime.LibraryTests.dll" adapterTypeName="executor://mstestadapter/v2" className="FLua.Runtime.LibraryTests.LuaOSLibTests" name="Time_PartialDateTable_FillsDefaults" />
    </UnitTest>
    <UnitTest name="String_LongString_ReturnsCorrectValue" storage="/users/bill/repos/flua/flua.runtime.librarytests/bin/debug/net8.0/flua.runtime.librarytests.dll" id="d9c53d49-ba67-5df0-3f9a-69a8f0b66684">
      <Execution id="424e4bcd-4499-4832-82b6-32195b21edc2" />
      <TestMethod codeBase="/Users/bill/Repos/FLua/FLua.Runtime.LibraryTests/bin/Debug/net8.0/FLua.Runtime.LibraryTests.dll" adapterTypeName="executor://mstestadapter/v2" className="FLua.Runtime.LibraryTests.LuaValueTests" name="String_LongString_ReturnsCorrectValue" />
    </UnitTest>
    <UnitTest name="Pack_LuaUnsigned_WorksCorrectly" storage="/users/bill/repos/flua/flua.runtime.librarytests/bin/debug/net8.0/flua.runtime.librarytests.dll" id="f0bb5538-c706-81b0-e10b-60999c7211a2">
      <Execution id="6f3abc2c-33a4-459c-b892-473b3f0a9a6d" />
      <TestMethod codeBase="/Users/bill/Repos/FLua/FLua.Runtime.LibraryTests/bin/Debug/net8.0/FLua.Runtime.LibraryTests.dll" adapterTypeName="executor://mstestadapter/v2" className="FLua.Runtime.LibraryTests.LuaStringLibTests" name="Pack_LuaUnsigned_WorksCorrectly" />
    </UnitTest>
    <UnitTest name="ToInteger_MinLongValue_ReturnsMinValue" storage="/users/bill/repos/flua/flua.runtime.librarytests/bin/debug/net8.0/flua.runtime.librarytests.dll" id="75dc166b-6aaa-dfc7-7d3f-834ca55d7568">
      <Execution id="a10ee7b8-98f9-44dc-a89b-ce7c08564d73" />
      <TestMethod codeBase="/Users/bill/Repos/FLua/FLua.Runtime.LibraryTests/bin/Debug/net8.0/FLua.Runtime.LibraryTests.dll" adapterTypeName="executor://mstestadapter/v2" className="FLua.Runtime.LibraryTests.LuaTypeConversionTests" name="ToInteger_MinLongValue_ReturnsMinValue" />
    </UnitTest>
    <UnitTest name="ToInteger_NonNumericString_ReturnsNil" storage="/users/bill/repos/flua/flua.runtime.librarytests/bin/debug/net8.0/flua.runtime.librarytests.dll" id="519530f8-ec69-7fc8-d74d-d5e225edfcdc">
      <Execution id="f707d02a-56a9-4daf-ad5f-844e31b241fd" />
      <TestMethod codeBase="/Users/bill/Repos/FLua/FLua.Runtime.LibraryTests/bin/Debug/net8.0/FLua.Runtime.LibraryTests.dll" adapterTypeName="executor://mstestadapter/v2" className="FLua.Runtime.LibraryTests.LuaMathLibTests" name="ToInteger_NonNumericString_ReturnsNil" />
    </UnitTest>
    <UnitTest name="Random_NegativeArgument_ThrowsException" storage="/users/bill/repos/flua/flua.runtime.librarytests/bin/debug/net8.0/flua.runtime.librarytests.dll" id="e3280519-58dc-2950-b834-1a3c0ded5167">
      <Execution id="af2ff620-e05f-4046-96da-dd6dc15ffbe3" />
      <TestMethod codeBase="/Users/bill/Repos/FLua/FLua.Runtime.LibraryTests/bin/Debug/net8.0/FLua.Runtime.LibraryTests.dll" adapterTypeName="executor://mstestadapter/v2" className="FLua.Runtime.LibraryTests.LuaMathLibTests" name="Random_NegativeArgument_ThrowsException" />
    </UnitTest>
    <UnitTest name="IsTruthy_AllOtherTypes_ReturnTrue" storage="/users/bill/repos/flua/flua.runtime.librarytests/bin/debug/net8.0/flua.runtime.librarytests.dll" id="393d8447-963e-7f24-cf6e-98d97ad5ad33">
      <Execution id="2220f359-c4a3-41ad-9985-c3453714e403" />
      <TestMethod codeBase="/Users/bill/Repos/FLua/FLua.Runtime.LibraryTests/bin/Debug/net8.0/FLua.Runtime.LibraryTests.dll" adapterTypeName="executor://mstestadapter/v2" className="FLua.Runtime.LibraryTests.LuaValueTests" name="IsTruthy_AllOtherTypes_ReturnTrue" />
    </UnitTest>
    <UnitTest name="Find_EscapedMetacharacterWithQuantifier_CombinesFeatures" storage="/users/bill/repos/flua/flua.runtime.librarytests/bin/debug/net8.0/flua.runtime.librarytests.dll" id="33774f0a-03c8-2311-2a85-e92e1dde26f6">
      <Execution id="79508539-70eb-48fa-a33f-c4665029a635" />
      <TestMethod codeBase="/Users/bill/Repos/FLua/FLua.Runtime.LibraryTests/bin/Debug/net8.0/FLua.Runtime.LibraryTests.dll" adapterTypeName="executor://mstestadapter/v2" className="FLua.Runtime.LibraryTests.LuaStringLibTests" name="Find_EscapedMetacharacterWithQuantifier_CombinesFeatures" />
    </UnitTest>
    <UnitTest name="Find_MissingPattern_ThrowsException" storage="/users/bill/repos/flua/flua.runtime.librarytests/bin/debug/net8.0/flua.runtime.librarytests.dll" id="ec784ee1-cdfa-859d-8e70-7383a9624858">
      <Execution id="f99c7094-1d52-4347-a1f8-553b77e58e7d" />
      <TestMethod codeBase="/Users/bill/Repos/FLua/FLua.Runtime.LibraryTests/bin/Debug/net8.0/FLua.Runtime.LibraryTests.dll" adapterTypeName="executor://mstestadapter/v2" className="FLua.Runtime.LibraryTests.LuaStringLibTests" name="Find_MissingPattern_ThrowsException" />
    </UnitTest>
    <UnitTest name="TryToInteger_FloatWithIntegerValue_ReturnsInteger" storage="/users/bill/repos/flua/flua.runtime.librarytests/bin/debug/net8.0/flua.runtime.librarytests.dll" id="7a427c76-6277-3d44-85c8-288ce907545c">
      <Execution id="0a786659-e464-4243-a2dd-ceb416a26272" />
      <TestMethod codeBase="/Users/bill/Repos/FLua/FLua.Runtime.LibraryTests/bin/Debug/net8.0/FLua.Runtime.LibraryTests.dll" adapterTypeName="executor://mstestadapter/v2" className="FLua.Runtime.LibraryTests.LuaValueTests" name="TryToInteger_FloatWithIntegerValue_ReturnsInteger" />
    </UnitTest>
    <UnitTest name="Concat_EmptyTable_ReturnsEmptyString" storage="/users/bill/repos/flua/flua.runtime.librarytests/bin/debug/net8.0/flua.runtime.librarytests.dll" id="ef807e78-f429-6b6c-27f3-a7216cb3bccc">
      <Execution id="48d7e0ee-4636-480c-b325-ea5bd9e6e47c" />
      <TestMethod codeBase="/Users/bill/Repos/FLua/FLua.Runtime.LibraryTests/bin/Debug/net8.0/FLua.Runtime.LibraryTests.dll" adapterTypeName="executor://mstestadapter/v2" className="FLua.Runtime.LibraryTests.LuaTableLibTests" name="Concat_EmptyTable_ReturnsEmptyString" />
    </UnitTest>
    <UnitTest name="Find_StarQuantifier_MatchesZeroOrMore" storage="/users/bill/repos/flua/flua.runtime.librarytests/bin/debug/net8.0/flua.runtime.librarytests.dll" id="7ceaf476-8c61-f022-d603-bee99b2eb8b9">
      <Execution id="f2df1a64-0f09-4394-9e7e-68237b236331" />
      <TestMethod codeBase="/Users/bill/Repos/FLua/FLua.Runtime.LibraryTests/bin/Debug/net8.0/FLua.Runtime.LibraryTests.dll" adapterTypeName="executor://mstestadapter/v2" className="FLua.Runtime.LibraryTests.LuaStringLibTests" name="Find_StarQuantifier_MatchesZeroOrMore" />
    </UnitTest>
    <UnitTest name="Insert_AtEnd_AddsElement" storage="/users/bill/repos/flua/flua.runtime.librarytests/bin/debug/net8.0/flua.runtime.librarytests.dll" id="27e7e791-ddf6-23ac-f33f-a414200d8fd4">
      <Execution id="bbf7df79-235f-4dd9-99fe-9fa2a9df864f" />
      <TestMethod codeBase="/Users/bill/Repos/FLua/FLua.Runtime.LibraryTests/bin/Debug/net8.0/FLua.Runtime.LibraryTests.dll" adapterTypeName="executor://mstestadapter/v2" className="FLua.Runtime.LibraryTests.LuaTableLibTests" name="Insert_AtEnd_AddsElement" />
    </UnitTest>
    <UnitTest name="FMod_NegativeDividend_ReturnsNegativeRemainder" storage="/users/bill/repos/flua/flua.runtime.librarytests/bin/debug/net8.0/flua.runtime.librarytests.dll" id="51ec0946-f9f5-840d-31a4-2c42c422cf9d">
      <Execution id="0e3ae288-86ea-4902-a771-a3b1e62bf046" />
      <TestMethod codeBase="/Users/bill/Repos/FLua/FLua.Runtime.LibraryTests/bin/Debug/net8.0/FLua.Runtime.LibraryTests.dll" adapterTypeName="executor://mstestadapter/v2" className="FLua.Runtime.LibraryTests.LuaMathLibTests" name="FMod_NegativeDividend_ReturnsNegativeRemainder" />
    </UnitTest>
    <UnitTest name="Byte_WithStartIndex_ReturnsFromPosition" storage="/users/bill/repos/flua/flua.runtime.librarytests/bin/debug/net8.0/flua.runtime.librarytests.dll" id="9a4f3b01-7a96-0f4d-6e37-89ee283279de">
      <Execution id="a376e39c-8cbf-4f25-b3b8-2bc969f1631a" />
      <TestMethod codeBase="/Users/bill/Repos/FLua/FLua.Runtime.LibraryTests/bin/Debug/net8.0/FLua.Runtime.LibraryTests.dll" adapterTypeName="executor://mstestadapter/v2" className="FLua.Runtime.LibraryTests.LuaStringLibTests" name="Byte_WithStartIndex_ReturnsFromPosition" />
    </UnitTest>
    <UnitTest name="Date_DefaultFormat_ReturnsFormattedString" storage="/users/bill/repos/flua/flua.runtime.librarytests/bin/debug/net8.0/flua.runtime.librarytests.dll" id="f0713fbf-9795-fb87-dc72-78a566934f4f">
      <Execution id="12cb34df-3880-4e5b-932b-57a0d74b6e43" />
      <TestMethod codeBase="/Users/bill/Repos/FLua/FLua.Runtime.LibraryTests/bin/Debug/net8.0/FLua.Runtime.LibraryTests.dll" adapterTypeName="executor://mstestadapter/v2" className="FLua.Runtime.LibraryTests.LuaOSLibTests" name="Date_DefaultFormat_ReturnsFormattedString" />
    </UnitTest>
    <UnitTest name="ToInteger_FloatString_ThrowsException" storage="/users/bill/repos/flua/flua.runtime.librarytests/bin/debug/net8.0/flua.runtime.librarytests.dll" id="6a6a1622-4a4e-805a-335a-6ccdb5d9a6de">
      <Execution id="b1484491-3b68-42b1-92c3-9b1ee8bd2832" />
      <TestMethod codeBase="/Users/bill/Repos/FLua/FLua.Runtime.LibraryTests/bin/Debug/net8.0/FLua.Runtime.LibraryTests.dll" adapterTypeName="executor://mstestadapter/v2" className="FLua.Runtime.LibraryTests.LuaTypeConversionTests" name="ToInteger_FloatString_ThrowsException" />
    </UnitTest>
    <UnitTest name="Random_ZeroArgument_ThrowsException" storage="/users/bill/repos/flua/flua.runtime.librarytests/bin/debug/net8.0/flua.runtime.librarytests.dll" id="6f55bfdb-27a2-7e64-9be2-ed7620d4103c">
      <Execution id="92104310-9353-4d12-82b2-5a3c18169e60" />
      <TestMethod codeBase="/Users/bill/Repos/FLua/FLua.Runtime.LibraryTests/bin/Debug/net8.0/FLua.Runtime.LibraryTests.dll" adapterTypeName="executor://mstestadapter/v2" className="FLua.Runtime.LibraryTests.LuaMathLibTests" name="Random_ZeroArgument_ThrowsException" />
    </UnitTest>
    <UnitTest name="TypeConversion_StringNumberRoundTrip_MaintainsValue" storage="/users/bill/repos/flua/flua.runtime.librarytests/bin/debug/net8.0/flua.runtime.librarytests.dll" id="8a968789-0dc2-016b-d399-35b032ba8d33">
      <Execution id="b134e384-0add-4dba-ac7e-5e3677a65dd2" />
      <TestMethod codeBase="/Users/bill/Repos/FLua/FLua.Runtime.LibraryTests/bin/Debug/net8.0/FLua.Runtime.LibraryTests.dll" adapterTypeName="executor://mstestadapter/v2" className="FLua.Runtime.LibraryTests.LuaTypeConversionTests" name="TypeConversion_StringNumberRoundTrip_MaintainsValue" />
    </UnitTest>
    <UnitTest name="IsFunction_NonFunctionValues_ReturnsFalse" storage="/users/bill/repos/flua/flua.runtime.librarytests/bin/debug/net8.0/flua.runtime.librarytests.dll" id="22655daf-ecc4-6c41-b980-a5fba70bf9b7">
      <Execution id="3bb0309d-3f0d-46de-bfe2-7dd9e7e8207a" />
      <TestMethod codeBase="/Users/bill/Repos/FLua/FLua.Runtime.LibraryTests/bin/Debug/net8.0/FLua.Runtime.LibraryTests.dll" adapterTypeName="executor://mstestadapter/v2" className="FLua.Runtime.LibraryTests.LuaValueHelpersTests" name="IsFunction_NonFunctionValues_ReturnsFalse" />
    </UnitTest>
    <UnitTest name="Time_WithDateTable_ReturnsCorrectTimestamp" storage="/users/bill/repos/flua/flua.runtime.librarytests/bin/debug/net8.0/flua.runtime.librarytests.dll" id="61cba68d-6f00-6386-cb53-aeb815d7cf10">
      <Execution id="3fe7951b-c47f-4210-9b39-2770bdeaf00a" />
      <TestMethod codeBase="/Users/bill/Repos/FLua/FLua.Runtime.LibraryTests/bin/Debug/net8.0/FLua.Runtime.LibraryTests.dll" adapterTypeName="executor://mstestadapter/v2" className="FLua.Runtime.LibraryTests.LuaOSLibTests" name="Time_WithDateTable_ReturnsCorrectTimestamp" />
    </UnitTest>
    <UnitTest name="Abs_NegativeInfinity_ReturnsPositiveInfinity" storage="/users/bill/repos/flua/flua.runtime.librarytests/bin/debug/net8.0/flua.runtime.librarytests.dll" id="627aed26-e2b4-f50f-e572-71b44329f602">
      <Execution id="18549cc4-c186-428c-8329-aa14094b27e1" />
      <TestMethod codeBase="/Users/bill/Repos/FLua/FLua.Runtime.LibraryTests/bin/Debug/net8.0/FLua.Runtime.LibraryTests.dll" adapterTypeName="executor://mstestadapter/v2" className="FLua.Runtime.LibraryTests.LuaMathLibTests" name="Abs_NegativeInfinity_ReturnsPositiveInfinity" />
    </UnitTest>
    <UnitTest name="Match_InvalidPattern_ThrowsException" storage="/users/bill/repos/flua/flua.runtime.librarytests/bin/debug/net8.0/flua.runtime.librarytests.dll" id="196b7b60-dc92-32c5-65a3-05ea8cf6b621">
      <Execution id="987ed669-2ce3-4328-9a43-cf42d9a29972" />
      <TestMethod codeBase="/Users/bill/Repos/FLua/FLua.Runtime.LibraryTests/bin/Debug/net8.0/FLua.Runtime.LibraryTests.dll" adapterTypeName="executor://mstestadapter/v2" className="FLua.Runtime.LibraryTests.LuaStringLibTests" name="Match_InvalidPattern_ThrowsException" />
    </UnitTest>
    <UnitTest name="Unpack_MissingDataArgument_ThrowsException" storage="/users/bill/repos/flua/flua.runtime.librarytests/bin/debug/net8.0/flua.runtime.librarytests.dll" id="7d5b48f4-9eb0-92b7-dec2-f9b13eb82277">
      <Execution id="49c2c12a-c117-4b2e-b3bb-265d8e460c86" />
      <TestMethod codeBase="/Users/bill/Repos/FLua/FLua.Runtime.LibraryTests/bin/Debug/net8.0/FLua.Runtime.LibraryTests.dll" adapterTypeName="executor://mstestadapter/v2" className="FLua.Runtime.LibraryTests.LuaStringLibTests" name="Unpack_MissingDataArgument_ThrowsException" />
    </UnitTest>
    <UnitTest name="VariableName_SpecialCharacters_HandledCorrectly" storage="/users/bill/repos/flua/flua.runtime.librarytests/bin/debug/net8.0/flua.runtime.librarytests.dll" id="12900eb4-3074-c08c-c57e-89a65a2ed93b">
      <Execution id="7f4bb094-796e-4287-ad7f-8f541902bae9" />
      <TestMethod codeBase="/Users/bill/Repos/FLua/FLua.Runtime.LibraryTests/bin/Debug/net8.0/FLua.Runtime.LibraryTests.dll" adapterTypeName="executor://mstestadapter/v2" className="FLua.Runtime.LibraryTests.LuaEnvironmentTests" name="VariableName_SpecialCharacters_HandledCorrectly" />
    </UnitTest>
    <UnitTest name="UnaryMinus_NegativeFloat_ReturnsPositive" storage="/users/bill/repos/flua/flua.runtime.librarytests/bin/debug/net8.0/flua.runtime.librarytests.dll" id="19cca489-0f1c-201a-a555-2398cee95895">
      <Execution id="7998a770-4793-46bc-a1c0-d6a5f3ee3ffb" />
      <TestMethod codeBase="/Users/bill/Repos/FLua/FLua.Runtime.LibraryTests/bin/Debug/net8.0/FLua.Runtime.LibraryTests.dll" adapterTypeName="executor://mstestadapter/v2" className="FLua.Runtime.LibraryTests.LuaValueTests" name="UnaryMinus_NegativeFloat_ReturnsPositive" />
    </UnitTest>
    <UnitTest name="Helpers_CreateAndExtract_RoundTrip" storage="/users/bill/repos/flua/flua.runtime.librarytests/bin/debug/net8.0/flua.runtime.librarytests.dll" id="007d7452-e937-5060-143d-1f8bb76c1ca0">
      <Execution id="17cf8b35-86b9-4999-a4a4-bc21e9ff3c58" />
      <TestMethod codeBase="/Users/bill/Repos/FLua/FLua.Runtime.LibraryTests/bin/Debug/net8.0/FLua.Runtime.LibraryTests.dll" adapterTypeName="executor://mstestadapter/v2" className="FLua.Runtime.LibraryTests.LuaValueHelpersTests" name="Helpers_CreateAndExtract_RoundTrip" />
    </UnitTest>
    <UnitTest name="Len_MixedASCIIUnicode_CountsCorrectly" storage="/users/bill/repos/flua/flua.runtime.librarytests/bin/debug/net8.0/flua.runtime.librarytests.dll" id="ac2e1c3f-04fd-ad3c-2e2f-8a8d42842b44">
      <Execution id="5f0032a2-43d9-443d-8c43-9eceee2fcdb9" />
      <TestMethod codeBase="/Users/bill/Repos/FLua/FLua.Runtime.LibraryTests/bin/Debug/net8.0/FLua.Runtime.LibraryTests.dll" adapterTypeName="executor://mstestadapter/v2" className="FLua.Runtime.LibraryTests.LuaUTF8LibTests" name="Len_MixedASCIIUnicode_CountsCorrectly" />
    </UnitTest>
    <UnitTest name="GetInteger_Zero_ReturnsZero" storage="/users/bill/repos/flua/flua.runtime.librarytests/bin/debug/net8.0/flua.runtime.librarytests.dll" id="4ed965d2-3dad-6d46-8308-17a2939d2380">
      <Execution id="afbe68d7-478e-4a95-a124-fbc0f6bb350a" />
      <TestMethod codeBase="/Users/bill/Repos/FLua/FLua.Runtime.LibraryTests/bin/Debug/net8.0/FLua.Runtime.LibraryTests.dll" adapterTypeName="executor://mstestadapter/v2" className="FLua.Runtime.LibraryTests.LuaValueHelpersTests" name="GetInteger_Zero_ReturnsZero" />
    </UnitTest>
    <UnitTest name="GetEnv_NonExistentVariable_ReturnsNil" storage="/users/bill/repos/flua/flua.runtime.librarytests/bin/debug/net8.0/flua.runtime.librarytests.dll" id="7e9db05d-e8ab-3c5c-752f-855438d19107">
      <Execution id="3a66198d-7466-449e-8ea3-c1556a1360d6" />
      <TestMethod codeBase="/Users/bill/Repos/FLua/FLua.Runtime.LibraryTests/bin/Debug/net8.0/FLua.Runtime.LibraryTests.dll" adapterTypeName="executor://mstestadapter/v2" className="FLua.Runtime.LibraryTests.LuaOSLibTests" name="GetEnv_NonExistentVariable_ReturnsNil" />
    </UnitTest>
    <UnitTest name="Max_MultipleArguments_ReturnsLargest" storage="/users/bill/repos/flua/flua.runtime.librarytests/bin/debug/net8.0/flua.runtime.librarytests.dll" id="fcda39ff-b557-0a93-d6a5-7d79c9d91933">
      <Execution id="7f8fe979-072c-4e45-b095-a180eaf48a9e" />
      <TestMethod codeBase="/Users/bill/Repos/FLua/FLua.Runtime.LibraryTests/bin/Debug/net8.0/FLua.Runtime.LibraryTests.dll" adapterTypeName="executor://mstestadapter/v2" className="FLua.Runtime.LibraryTests.LuaMathLibTests" name="Max_MultipleArguments_ReturnsLargest" />
    </UnitTest>
    <UnitTest name="Pack_VariableSizeSignedInteger_1Byte" storage="/users/bill/repos/flua/flua.runtime.librarytests/bin/debug/net8.0/flua.runtime.librarytests.dll" id="b38032bb-5665-9be4-fc9e-54ffb90756f6">
      <Execution id="ed1e0353-baab-4202-9241-ca57150e385d" />
      <TestMethod codeBase="/Users/bill/Repos/FLua/FLua.Runtime.LibraryTests/bin/Debug/net8.0/FLua.Runtime.LibraryTests.dll" adapterTypeName="executor://mstestadapter/v2" className="FLua.Runtime.LibraryTests.LuaStringLibTests" name="Pack_VariableSizeSignedInteger_1Byte" />
    </UnitTest>
    <UnitTest name="CreateNumber_LongValue_ReturnsIntegerLuaValue" storage="/users/bill/repos/flua/flua.runtime.librarytests/bin/debug/net8.0/flua.runtime.librarytests.dll" id="a6d66bc8-a68e-28ad-be3e-5a01c49af426">
      <Execution id="79347d75-909a-40c4-af19-3c4bda63f809" />
      <TestMethod codeBase="/Users/bill/Repos/FLua/FLua.Runtime.LibraryTests/bin/Debug/net8.0/FLua.Runtime.LibraryTests.dll" adapterTypeName="executor://mstestadapter/v2" className="FLua.Runtime.LibraryTests.LuaValueHelpersTests" name="CreateNumber_LongValue_ReturnsIntegerLuaValue" />
    </UnitTest>
    <UnitTest name="Find_PlusQuantifier_MatchesOneOrMore" storage="/users/bill/repos/flua/flua.runtime.librarytests/bin/debug/net8.0/flua.runtime.librarytests.dll" id="b6a0f5fb-4bb7-97bd-2c15-5ee7f1f2c8d5">
      <Execution id="e79d97cc-8912-4fe7-9dea-a044e0007787" />
      <TestMethod codeBase="/Users/bill/Repos/FLua/FLua.Runtime.LibraryTests/bin/Debug/net8.0/FLua.Runtime.LibraryTests.dll" adapterTypeName="executor://mstestadapter/v2" className="FLua.Runtime.LibraryTests.LuaStringLibTests" name="Find_PlusQuantifier_MatchesOneOrMore" />
    </UnitTest>
    <UnitTest name="Find_PlainSearch_TreatsPatternLiterally" storage="/users/bill/repos/flua/flua.runtime.librarytests/bin/debug/net8.0/flua.runtime.librarytests.dll" id="f3f69f6c-1e32-0999-9d11-05b98f36422c">
      <Execution id="d8761e02-d808-43ae-8681-a8de58330821" />
      <TestMethod codeBase="/Users/bill/Repos/FLua/FLua.Runtime.LibraryTests/bin/Debug/net8.0/FLua.Runtime.LibraryTests.dll" adapterTypeName="executor://mstestadapter/v2" className="FLua.Runtime.LibraryTests.LuaStringLibTests" name="Find_PlainSearch_TreatsPatternLiterally" />
    </UnitTest>
    <UnitTest name="Move_SingleElement_WorksCorrectly" storage="/users/bill/repos/flua/flua.runtime.librarytests/bin/debug/net8.0/flua.runtime.librarytests.dll" id="17b70409-028a-c834-68fe-79b67f3b9ce1">
      <Execution id="f9a765de-9803-464b-ab03-7cfc777f7e5a" />
      <TestMethod codeBase="/Users/bill/Repos/FLua/FLua.Runtime.LibraryTests/bin/Debug/net8.0/FLua.Runtime.LibraryTests.dll" adapterTypeName="executor://mstestadapter/v2" className="FLua.Runtime.LibraryTests.LuaTableLibTests" name="Move_SingleElement_WorksCorrectly" />
    </UnitTest>
    <UnitTest name="Sub_OutOfBounds_ReturnsPartialOrEmpty" storage="/users/bill/repos/flua/flua.runtime.librarytests/bin/debug/net8.0/flua.runtime.librarytests.dll" id="d7709714-e12a-f356-7edb-6e61b3dde0d3">
      <Execution id="a548790f-8907-4f48-bc5c-0f023cea4c0e" />
      <TestMethod codeBase="/Users/bill/Repos/FLua/FLua.Runtime.LibraryTests/bin/Debug/net8.0/FLua.Runtime.LibraryTests.dll" adapterTypeName="executor://mstestadapter/v2" className="FLua.Runtime.LibraryTests.LuaStringLibTests" name="Sub_OutOfBounds_ReturnsPartialOrEmpty" />
    </UnitTest>
    <UnitTest name="Floor_PositiveFloat_ReturnsFloor" storage="/users/bill/repos/flua/flua.runtime.librarytests/bin/debug/net8.0/flua.runtime.librarytests.dll" id="d4e1f88d-41ce-084a-764a-04bbb509148d">
      <Execution id="3bd0eb2e-16ef-4464-b3bd-077fe140934d" />
      <TestMethod codeBase="/Users/bill/Repos/FLua/FLua.Runtime.LibraryTests/bin/Debug/net8.0/FLua.Runtime.LibraryTests.dll" adapterTypeName="executor://mstestadapter/v2" className="FLua.Runtime.LibraryTests.LuaMathLibTests" name="Floor_PositiveFloat_ReturnsFloor" />
    </UnitTest>
    <UnitTest name="Float_NaN_ReturnsCorrectValue" storage="/users/bill/repos/flua/flua.runtime.librarytests/bin/debug/net8.0/flua.runtime.librarytests.dll" id="2d699352-85d4-4161-4113-cf7cd0a1a389">
      <Execution id="309581c1-b8dc-438b-87ef-de54cd9f132a" />
      <TestMethod codeBase="/Users/bill/Repos/FLua/FLua.Runtime.LibraryTests/bin/Debug/net8.0/FLua.Runtime.LibraryTests.dll" adapterTypeName="executor://mstestadapter/v2" className="FLua.Runtime.LibraryTests.LuaValueTests" name="Float_NaN_ReturnsCorrectValue" />
    </UnitTest>
    <UnitTest name="UnaryMinus_PositiveInteger_ReturnsNegative" storage="/users/bill/repos/flua/flua.runtime.librarytests/bin/debug/net8.0/flua.runtime.librarytests.dll" id="02dc116f-8b19-4672-020d-011c8a6b46a7">
      <Execution id="bd955694-4137-437f-8bba-9526ba6b9309" />
      <TestMethod codeBase="/Users/bill/Repos/FLua/FLua.Runtime.LibraryTests/bin/Debug/net8.0/FLua.Runtime.LibraryTests.dll" adapterTypeName="executor://mstestadapter/v2" className="FLua.Runtime.LibraryTests.LuaValueTests" name="UnaryMinus_PositiveInteger_ReturnsNegative" />
    </UnitTest>
    <UnitTest name="Pack_MultipleFormats_WorksCorrectly" storage="/users/bill/repos/flua/flua.runtime.librarytests/bin/debug/net8.0/flua.runtime.librarytests.dll" id="b6afd48c-caef-4c2d-99db-4083ef9a58f8">
      <Execution id="de0b7a4e-2eb7-4174-9ede-3a42a6787959" />
      <TestMethod codeBase="/Users/bill/Repos/FLua/FLua.Runtime.LibraryTests/bin/Debug/net8.0/FLua.Runtime.LibraryTests.dll" adapterTypeName="executor://mstestadapter/v2" className="FLua.Runtime.LibraryTests.LuaStringLibTests" name="Pack_MultipleFormats_WorksCorrectly" />
    </UnitTest>
    <UnitTest name="Modulo_IntegerInteger_ReturnsCorrectRemainder" storage="/users/bill/repos/flua/flua.runtime.librarytests/bin/debug/net8.0/flua.runtime.librarytests.dll" id="848fbea3-efed-1259-ade9-233ff86cddbc">
      <Execution id="222055a1-847d-491b-8877-45b89613fa57" />
      <TestMethod codeBase="/Users/bill/Repos/FLua/FLua.Runtime.LibraryTests/bin/Debug/net8.0/FLua.Runtime.LibraryTests.dll" adapterTypeName="executor://mstestadapter/v2" className="FLua.Runtime.LibraryTests.LuaValueTests" name="Modulo_IntegerInteger_ReturnsCorrectRemainder" />
    </UnitTest>
    <UnitTest name="DiffTime_NonNumericSecondArgument_ThrowsException" storage="/users/bill/repos/flua/flua.runtime.librarytests/bin/debug/net8.0/flua.runtime.librarytests.dll" id="975fe394-e7da-977e-affb-fec2f1b47edd">
      <Execution id="456a6d6b-6f27-4007-8f5a-3f46049e2282" />
      <TestMethod codeBase="/Users/bill/Repos/FLua/FLua.Runtime.LibraryTests/bin/Debug/net8.0/FLua.Runtime.LibraryTests.dll" adapterTypeName="executor://mstestadapter/v2" className="FLua.Runtime.LibraryTests.LuaOSLibTests" name="DiffTime_NonNumericSecondArgument_ThrowsException" />
    </UnitTest>
    <UnitTest name="Char_MixedCodePoints_CreatesCorrectString" storage="/users/bill/repos/flua/flua.runtime.librarytests/bin/debug/net8.0/flua.runtime.librarytests.dll" id="21135710-4fad-9760-c6da-d12dad4d3161">
      <Execution id="54836805-0ab5-462d-8479-399fa090f351" />
      <TestMethod codeBase="/Users/bill/Repos/FLua/FLua.Runtime.LibraryTests/bin/Debug/net8.0/FLua.Runtime.LibraryTests.dll" adapterTypeName="executor://mstestadapter/v2" className="FLua.Runtime.LibraryTests.LuaUTF8LibTests" name="Char_MixedCodePoints_CreatesCorrectString" />
    </UnitTest>
    <UnitTest name="CodePoint_UnicodeString_ReturnsCorrectCodePoints" storage="/users/bill/repos/flua/flua.runtime.librarytests/bin/debug/net8.0/flua.runtime.librarytests.dll" id="d1ccdec5-7d6a-f381-3938-017c672cf4cc">
      <Execution id="5490f019-9c71-4b4c-bbfe-e818b6d1e489" />
      <TestMethod codeBase="/Users/bill/Repos/FLua/FLua.Runtime.LibraryTests/bin/Debug/net8.0/FLua.Runtime.LibraryTests.dll" adapterTypeName="executor://mstestadapter/v2" className="FLua.Runtime.LibraryTests.LuaUTF8LibTests" name="CodePoint_UnicodeString_ReturnsCorrectCodePoints" />
    </UnitTest>
    <UnitTest name="Reverse_SingleCharacter_ReturnsSameCharacter" storage="/users/bill/repos/flua/flua.runtime.librarytests/bin/debug/net8.0/flua.runtime.librarytests.dll" id="2e4c0694-a653-ff92-e2b6-e4f3118f07d1">
      <Execution id="a0e79e48-b35a-4adb-a049-2e3ea90b0245" />
      <TestMethod codeBase="/Users/bill/Repos/FLua/FLua.Runtime.LibraryTests/bin/Debug/net8.0/FLua.Runtime.LibraryTests.dll" adapterTypeName="executor://mstestadapter/v2" className="FLua.Runtime.LibraryTests.LuaStringLibTests" name="Reverse_SingleCharacter_ReturnsSameCharacter" />
    </UnitTest>
    <UnitTest name="Match_OptionalCaptureGroup_HandlesCorrectly" storage="/users/bill/repos/flua/flua.runtime.librarytests/bin/debug/net8.0/flua.runtime.librarytests.dll" id="d912bce0-3671-c8d0-96d4-0f06af9e2253">
      <Execution id="82ebb2e6-5ade-4172-8b2a-dbc42dc34db8" />
      <TestMethod codeBase="/Users/bill/Repos/FLua/FLua.Runtime.LibraryTests/bin/Debug/net8.0/FLua.Runtime.LibraryTests.dll" adapterTypeName="executor://mstestadapter/v2" className="FLua.Runtime.LibraryTests.LuaStringLibTests" name="Match_OptionalCaptureGroup_HandlesCorrectly" />
    </UnitTest>
    <UnitTest name="Codes_ASCIIString_ReturnsIterator" storage="/users/bill/repos/flua/flua.runtime.librarytests/bin/debug/net8.0/flua.runtime.librarytests.dll" id="a7df0caf-e635-8a6b-7a7a-cb512aedeaf2">
      <Execution id="b14a3b58-c4cd-4555-8232-7f657dfabe3c" />
      <TestMethod codeBase="/Users/bill/Repos/FLua/FLua.Runtime.LibraryTests/bin/Debug/net8.0/FLua.Runtime.LibraryTests.dll" adapterTypeName="executor://mstestadapter/v2" className="FLua.Runtime.LibraryTests.LuaUTF8LibTests" name="Codes_ASCIIString_ReturnsIterator" />
    </UnitTest>
    <UnitTest name="Match_NoArguments_ThrowsException" storage="/users/bill/repos/flua/flua.runtime.librarytests/bin/debug/net8.0/flua.runtime.librarytests.dll" id="c3862e82-30a0-85ec-833e-1ae2f2d59fdb">
      <Execution id="c9401c7a-6a9e-4b6f-8ad1-b3b6b45b9da4" />
      <TestMethod codeBase="/Users/bill/Repos/FLua/FLua.Runtime.LibraryTests/bin/Debug/net8.0/FLua.Runtime.LibraryTests.dll" adapterTypeName="executor://mstestadapter/v2" className="FLua.Runtime.LibraryTests.LuaStringLibTests" name="Match_NoArguments_ThrowsException" />
    </UnitTest>
    <UnitTest name="GetEnv_NonStringArgument_ConvertsToString" storage="/users/bill/repos/flua/flua.runtime.librarytests/bin/debug/net8.0/flua.runtime.librarytests.dll" id="282bfad2-7437-cfcb-0f6d-9824d48799ce">
      <Execution id="8fb03aca-d6cb-4ae9-8dd9-11ca6c1b8911" />
      <TestMethod codeBase="/Users/bill/Repos/FLua/FLua.Runtime.LibraryTests/bin/Debug/net8.0/FLua.Runtime.LibraryTests.dll" adapterTypeName="executor://mstestadapter/v2" className="FLua.Runtime.LibraryTests.LuaOSLibTests" name="GetEnv_NonStringArgument_ConvertsToString" />
    </UnitTest>
    <UnitTest name="GetInteger_IntegerValue_ReturnsCorrectLong" storage="/users/bill/repos/flua/flua.runtime.librarytests/bin/debug/net8.0/flua.runtime.librarytests.dll" id="2b1673d0-6185-d718-2fae-b7ac1df7bc45">
      <Execution id="c71d5b8c-87ae-4428-9b53-d5ab1ab5403a" />
      <TestMethod codeBase="/Users/bill/Repos/FLua/FLua.Runtime.LibraryTests/bin/Debug/net8.0/FLua.Runtime.LibraryTests.dll" adapterTypeName="executor://mstestadapter/v2" className="FLua.Runtime.LibraryTests.LuaValueHelpersTests" name="GetInteger_IntegerValue_ReturnsCorrectLong" />
    </UnitTest>
    <UnitTest name="Ceil_PositiveFloat_ReturnsCeil" storage="/users/bill/repos/flua/flua.runtime.librarytests/bin/debug/net8.0/flua.runtime.librarytests.dll" id="287ebacf-0654-b61a-0371-9b27449df053">
      <Execution id="5c6812eb-ddd0-495c-9828-6779b26e18cb" />
      <TestMethod codeBase="/Users/bill/Repos/FLua/FLua.Runtime.LibraryTests/bin/Debug/net8.0/FLua.Runtime.LibraryTests.dll" adapterTypeName="executor://mstestadapter/v2" className="FLua.Runtime.LibraryTests.LuaMathLibTests" name="Ceil_PositiveFloat_ReturnsCeil" />
    </UnitTest>
    <UnitTest name="Match_WithStartPosition_SearchesFromPosition" storage="/users/bill/repos/flua/flua.runtime.librarytests/bin/debug/net8.0/flua.runtime.librarytests.dll" id="3e676126-0680-d296-db05-50bdf96cb309">
      <Execution id="4524f762-33b0-4337-87a3-7e1eb2da6511" />
      <TestMethod codeBase="/Users/bill/Repos/FLua/FLua.Runtime.LibraryTests/bin/Debug/net8.0/FLua.Runtime.LibraryTests.dll" adapterTypeName="executor://mstestadapter/v2" className="FLua.Runtime.LibraryTests.LuaStringLibTests" name="Match_WithStartPosition_SearchesFromPosition" />
    </UnitTest>
    <UnitTest name="Format_CharacterOutOfRange_ThrowsException" storage="/users/bill/repos/flua/flua.runtime.librarytests/bin/debug/net8.0/flua.runtime.librarytests.dll" id="40042172-ec16-8281-20ef-ba2c828df388">
      <Execution id="2df4185a-f45c-422f-a082-122626d70722" />
      <TestMethod codeBase="/Users/bill/Repos/FLua/FLua.Runtime.LibraryTests/bin/Debug/net8.0/FLua.Runtime.LibraryTests.dll" adapterTypeName="executor://mstestadapter/v2" className="FLua.Runtime.LibraryTests.LuaStringLibTests" name="Format_CharacterOutOfRange_ThrowsException" />
    </UnitTest>
    <UnitTest name="Abs_Zero_ReturnsZero" storage="/users/bill/repos/flua/flua.runtime.librarytests/bin/debug/net8.0/flua.runtime.librarytests.dll" id="73ccba10-4792-a7c4-8757-e19ab0cf3e8a">
      <Execution id="5030353d-1824-4e76-a7e7-7f50658a40a9" />
      <TestMethod codeBase="/Users/bill/Repos/FLua/FLua.Runtime.LibraryTests/bin/Debug/net8.0/FLua.Runtime.LibraryTests.dll" adapterTypeName="executor://mstestadapter/v2" className="FLua.Runtime.LibraryTests.LuaMathLibTests" name="Abs_Zero_ReturnsZero" />
    </UnitTest>
    <UnitTest name="Equals_DifferentTypes_ReturnsFalse" storage="/users/bill/repos/flua/flua.runtime.librarytests/bin/debug/net8.0/flua.runtime.librarytests.dll" id="61423e44-b30b-4fb9-613b-a441276074cb">
      <Execution id="8936d9e5-aaf8-40b4-a3d6-9e8d28118a8f" />
      <TestMethod codeBase="/Users/bill/Repos/FLua/FLua.Runtime.LibraryTests/bin/Debug/net8.0/FLua.Runtime.LibraryTests.dll" adapterTypeName="executor://mstestadapter/v2" className="FLua.Runtime.LibraryTests.LuaValueTests" name="Equals_DifferentTypes_ReturnsFalse" />
    </UnitTest>
    <UnitTest name="Find_AlternatingPatterns_TestsBacktracking" storage="/users/bill/repos/flua/flua.runtime.librarytests/bin/debug/net8.0/flua.runtime.librarytests.dll" id="814b5ffa-2707-b100-271f-17785605b035">
      <Execution id="555261f4-b5fb-4005-babb-ba9c254edd8b" />
      <TestMethod codeBase="/Users/bill/Repos/FLua/FLua.Runtime.LibraryTests/bin/Debug/net8.0/FLua.Runtime.LibraryTests.dll" adapterTypeName="executor://mstestadapter/v2" className="FLua.Runtime.LibraryTests.LuaStringLibTests" name="Find_AlternatingPatterns_TestsBacktracking" />
    </UnitTest>
    <UnitTest name="Sort_ReverseSorted_GetsReversed" storage="/users/bill/repos/flua/flua.runtime.librarytests/bin/debug/net8.0/flua.runtime.librarytests.dll" id="f5771f47-72bb-2b74-51a1-2368d016e1ff">
      <Execution id="a1f6b6a9-b83c-4077-a466-4934005961c4" />
      <TestMethod codeBase="/Users/bill/Repos/FLua/FLua.Runtime.LibraryTests/bin/Debug/net8.0/FLua.Runtime.LibraryTests.dll" adapterTypeName="executor://mstestadapter/v2" className="FLua.Runtime.LibraryTests.LuaTableLibTests" name="Sort_ReverseSorted_GetsReversed" />
    </UnitTest>
    <UnitTest name="Insert_AtBeginning_ShiftsAllElements" storage="/users/bill/repos/flua/flua.runtime.librarytests/bin/debug/net8.0/flua.runtime.librarytests.dll" id="2e4b145d-b268-b7b6-608f-1595b9bea834">
      <Execution id="357c8855-7d23-4beb-9d81-764327d65719" />
      <TestMethod codeBase="/Users/bill/Repos/FLua/FLua.Runtime.LibraryTests/bin/Debug/net8.0/FLua.Runtime.LibraryTests.dll" adapterTypeName="executor://mstestadapter/v2" className="FLua.Runtime.LibraryTests.LuaTableLibTests" name="Insert_AtBeginning_ShiftsAllElements" />
    </UnitTest>
    <UnitTest name="DiffTime_SameTimes_ReturnsZero" storage="/users/bill/repos/flua/flua.runtime.librarytests/bin/debug/net8.0/flua.runtime.librarytests.dll" id="f1c5c84e-f344-d115-dd3e-ea9e05107ade">
      <Execution id="1194459a-f901-4791-9b6d-8114f0743a91" />
      <TestMethod codeBase="/Users/bill/Repos/FLua/FLua.Runtime.LibraryTests/bin/Debug/net8.0/FLua.Runtime.LibraryTests.dll" adapterTypeName="executor://mstestadapter/v2" className="FLua.Runtime.LibraryTests.LuaOSLibTests" name="DiffTime_SameTimes_ReturnsZero" />
    </UnitTest>
    <UnitTest name="FileHandle_Write_MultipleStrings" storage="/users/bill/repos/flua/flua.runtime.librarytests/bin/debug/net8.0/flua.runtime.librarytests.dll" id="329390c7-be25-eb32-0931-3c61f1551a71">
      <Execution id="5e7b1ae7-9421-49dc-b0e4-d45180bb8606" />
      <TestMethod codeBase="/Users/bill/Repos/FLua/FLua.Runtime.LibraryTests/bin/Debug/net8.0/FLua.Runtime.LibraryTests.dll" adapterTypeName="executor://mstestadapter/v2" className="FLua.Runtime.LibraryTests.LuaIOLibTests" name="FileHandle_Write_MultipleStrings" />
    </UnitTest>
    <UnitTest name="Char_MaxValidCodePoint_Works" storage="/users/bill/repos/flua/flua.runtime.librarytests/bin/debug/net8.0/flua.runtime.librarytests.dll" id="b25385a5-9267-04f0-7f76-6fb411e78232">
      <Execution id="89448d63-2037-4d14-a6fd-e8430602e111" />
      <TestMethod codeBase="/Users/bill/Repos/FLua/FLua.Runtime.LibraryTests/bin/Debug/net8.0/FLua.Runtime.LibraryTests.dll" adapterTypeName="executor://mstestadapter/v2" className="FLua.Runtime.LibraryTests.LuaUTF8LibTests" name="Char_MaxValidCodePoint_Works" />
    </UnitTest>
    <UnitTest name="TypeConversion_ConsistentTypeNames_AllTypes" storage="/users/bill/repos/flua/flua.runtime.librarytests/bin/debug/net8.0/flua.runtime.librarytests.dll" id="af4aecbe-45ca-e947-c49b-2ea432bb973a">
      <Execution id="d306ea1c-12c8-4d0e-91fe-0123dac42fcc" />
      <TestMethod codeBase="/Users/bill/Repos/FLua/FLua.Runtime.LibraryTests/bin/Debug/net8.0/FLua.Runtime.LibraryTests.dll" adapterTypeName="executor://mstestadapter/v2" className="FLua.Runtime.LibraryTests.LuaTypeConversionTests" name="TypeConversion_ConsistentTypeNames_AllTypes" />
    </UnitTest>
    <UnitTest name="ImplicitConversion_BoolToLuaValue_WorksCorrectly" storage="/users/bill/repos/flua/flua.runtime.librarytests/bin/debug/net8.0/flua.runtime.librarytests.dll" id="a50baded-3ebb-ce8a-a889-ba502cbb0aaf">
      <Execution id="88ad934d-3df9-4657-a392-ec611e22b52b" />
      <TestMethod codeBase="/Users/bill/Repos/FLua/FLua.Runtime.LibraryTests/bin/Debug/net8.0/FLua.Runtime.LibraryTests.dll" adapterTypeName="executor://mstestadapter/v2" className="FLua.Runtime.LibraryTests.LuaValueTests" name="ImplicitConversion_BoolToLuaValue_WorksCorrectly" />
    </UnitTest>
    <UnitTest name="ToInteger_IntegerValue_ReturnsLongValue" storage="/users/bill/repos/flua/flua.runtime.librarytests/bin/debug/net8.0/flua.runtime.librarytests.dll" id="9c529e5d-5f0c-4527-2177-7b62e95f8735">
      <Execution id="fe35ef98-3d22-465d-880c-2fb165fe9e89" />
      <TestMethod codeBase="/Users/bill/Repos/FLua/FLua.Runtime.LibraryTests/bin/Debug/net8.0/FLua.Runtime.LibraryTests.dll" adapterTypeName="executor://mstestadapter/v2" className="FLua.Runtime.LibraryTests.LuaTypeConversionTests" name="ToInteger_IntegerValue_ReturnsLongValue" />
    </UnitTest>
    <UnitTest name="Char_NegativeCodePoint_ThrowsException" storage="/users/bill/repos/flua/flua.runtime.librarytests/bin/debug/net8.0/flua.runtime.librarytests.dll" id="e262bede-1020-7909-9238-a0d4967d85cc">
      <Execution id="ac6b4dde-bace-4d99-bac7-46e9744b3bb8" />
      <TestMethod codeBase="/Users/bill/Repos/FLua/FLua.Runtime.LibraryTests/bin/Debug/net8.0/FLua.Runtime.LibraryTests.dll" adapterTypeName="executor://mstestadapter/v2" className="FLua.Runtime.LibraryTests.LuaUTF8LibTests" name="Char_NegativeCodePoint_ThrowsException" />
    </UnitTest>
    <UnitTest name="Match_ComplexPattern_WorksCorrectly" storage="/users/bill/repos/flua/flua.runtime.librarytests/bin/debug/net8.0/flua.runtime.librarytests.dll" id="7b8d7a22-5ad4-8b4c-067c-e062e266a614">
      <Execution id="56499537-311d-4331-b6b7-d3688d4a663e" />
      <TestMethod codeBase="/Users/bill/Repos/FLua/FLua.Runtime.LibraryTests/bin/Debug/net8.0/FLua.Runtime.LibraryTests.dll" adapterTypeName="executor://mstestadapter/v2" className="FLua.Runtime.LibraryTests.LuaStringLibTests" name="Match_ComplexPattern_WorksCorrectly" />
    </UnitTest>
    <UnitTest name="FileHandle_WriteAfterClose_ThrowsException" storage="/users/bill/repos/flua/flua.runtime.librarytests/bin/debug/net8.0/flua.runtime.librarytests.dll" id="3683a355-39c4-d715-ff87-e30621906b12">
      <Execution id="d2085778-3a45-44d3-acd7-f68deddfcac5" />
      <TestMethod codeBase="/Users/bill/Repos/FLua/FLua.Runtime.LibraryTests/bin/Debug/net8.0/FLua.Runtime.LibraryTests.dll" adapterTypeName="executor://mstestadapter/v2" className="FLua.Runtime.LibraryTests.LuaIOLibTests" name="FileHandle_WriteAfterClose_ThrowsException" />
    </UnitTest>
    <UnitTest name="CreateNumber_PositiveInfinity_ReturnsInfinityFloat" storage="/users/bill/repos/flua/flua.runtime.librarytests/bin/debug/net8.0/flua.runtime.librarytests.dll" id="b48ffaf8-bc78-a6ec-3880-be95cfae8c19">
      <Execution id="885d942c-caef-4954-bc6f-9c0fef00cfdb" />
      <TestMethod codeBase="/Users/bill/Repos/FLua/FLua.Runtime.LibraryTests/bin/Debug/net8.0/FLua.Runtime.LibraryTests.dll" adapterTypeName="executor://mstestadapter/v2" className="FLua.Runtime.LibraryTests.LuaValueHelpersTests" name="CreateNumber_PositiveInfinity_ReturnsInfinityFloat" />
    </UnitTest>
    <UnitTest name="Remove_LastElement_ReturnsAndRemoves" storage="/users/bill/repos/flua/flua.runtime.librarytests/bin/debug/net8.0/flua.runtime.librarytests.dll" id="66ff3671-3d04-b35e-0edb-023c3c15e56b">
      <Execution id="5d2650dc-c2b1-4617-8e35-0acf8e7fb700" />
      <TestMethod codeBase="/Users/bill/Repos/FLua/FLua.Runtime.LibraryTests/bin/Debug/net8.0/FLua.Runtime.LibraryTests.dll" adapterTypeName="executor://mstestadapter/v2" className="FLua.Runtime.LibraryTests.LuaTableLibTests" name="Remove_LastElement_ReturnsAndRemoves" />
    </UnitTest>
    <UnitTest name="IsTable_TableValue_ReturnsTrue" storage="/users/bill/repos/flua/flua.runtime.librarytests/bin/debug/net8.0/flua.runtime.librarytests.dll" id="8a3bd477-df6d-ba85-9a1c-134e1698f17b">
      <Execution id="69975020-5b23-41c2-9395-c652bf942c95" />
      <TestMethod codeBase="/Users/bill/Repos/FLua/FLua.Runtime.LibraryTests/bin/Debug/net8.0/FLua.Runtime.LibraryTests.dll" adapterTypeName="executor://mstestadapter/v2" className="FLua.Runtime.LibraryTests.LuaValueHelpersTests" name="IsTable_TableValue_ReturnsTrue" />
    </UnitTest>
    <UnitTest name="PackSize_ComplexFormat_CalculatesCorrectly" storage="/users/bill/repos/flua/flua.runtime.librarytests/bin/debug/net8.0/flua.runtime.librarytests.dll" id="a21acbc2-cbc5-753d-ebd1-7d9d61a1a921">
      <Execution id="9b41debe-0604-4bd9-a74b-aae0a845c355" />
      <TestMethod codeBase="/Users/bill/Repos/FLua/FLua.Runtime.LibraryTests/bin/Debug/net8.0/FLua.Runtime.LibraryTests.dll" adapterTypeName="executor://mstestadapter/v2" className="FLua.Runtime.LibraryTests.LuaStringLibTests" name="PackSize_ComplexFormat_CalculatesCorrectly" />
    </UnitTest>
    <UnitTest name="Match_NestedCaptureGroups_WorksCorrectly" storage="/users/bill/repos/flua/flua.runtime.librarytests/bin/debug/net8.0/flua.runtime.librarytests.dll" id="efe6f1f1-276f-48ab-2ff8-8d09cfa65408">
      <Execution id="c692136b-61d2-4f66-b697-b1396a3f651f" />
      <TestMethod codeBase="/Users/bill/Repos/FLua/FLua.Runtime.LibraryTests/bin/Debug/net8.0/FLua.Runtime.LibraryTests.dll" adapterTypeName="executor://mstestadapter/v2" className="FLua.Runtime.LibraryTests.LuaStringLibTests" name="Match_NestedCaptureGroups_WorksCorrectly" />
    </UnitTest>
    <UnitTest name="ToNumber_InvalidString_ThrowsException" storage="/users/bill/repos/flua/flua.runtime.librarytests/bin/debug/net8.0/flua.runtime.librarytests.dll" id="853a1028-490c-1729-f33f-53860c4d5e46">
      <Execution id="b234f709-0ad9-4175-ab2e-8333438b8211" />
      <TestMethod codeBase="/Users/bill/Repos/FLua/FLua.Runtime.LibraryTests/bin/Debug/net8.0/FLua.Runtime.LibraryTests.dll" adapterTypeName="executor://mstestadapter/v2" className="FLua.Runtime.LibraryTests.LuaTypeConversionTests" name="ToNumber_InvalidString_ThrowsException" />
    </UnitTest>
    <UnitTest name="TypeProperties_AllTypes_ReturnCorrectValues" storage="/users/bill/repos/flua/flua.runtime.librarytests/bin/debug/net8.0/flua.runtime.librarytests.dll" id="c63d86c2-9f73-d877-b5a0-7d8de8f2034a">
      <Execution id="2f2614e9-9a44-4ffd-9f5e-490e3a821e1e" />
      <TestMethod codeBase="/Users/bill/Repos/FLua/FLua.Runtime.LibraryTests/bin/Debug/net8.0/FLua.Runtime.LibraryTests.dll" adapterTypeName="executor://mstestadapter/v2" className="FLua.Runtime.LibraryTests.LuaValueTests" name="TypeProperties_AllTypes_ReturnCorrectValues" />
    </UnitTest>
    <UnitTest name="Char_NegativeValue_ThrowsException" storage="/users/bill/repos/flua/flua.runtime.librarytests/bin/debug/net8.0/flua.runtime.librarytests.dll" id="1c68a643-0b2a-59da-b10f-67013d7542a4">
      <Execution id="3dddfdf4-ca00-40ac-82cd-47516522ccf2" />
      <TestMethod codeBase="/Users/bill/Repos/FLua/FLua.Runtime.LibraryTests/bin/Debug/net8.0/FLua.Runtime.LibraryTests.dll" adapterTypeName="executor://mstestadapter/v2" className="FLua.Runtime.LibraryTests.LuaStringLibTests" name="Char_NegativeValue_ThrowsException" />
    </UnitTest>
    <UnitTest name="Pack_Padding_WorksCorrectly" storage="/users/bill/repos/flua/flua.runtime.librarytests/bin/debug/net8.0/flua.runtime.librarytests.dll" id="0095b07d-3265-ab2f-55ff-1bf773bfc729">
      <Execution id="90a26972-54dc-4972-8958-d01e5d379e81" />
      <TestMethod codeBase="/Users/bill/Repos/FLua/FLua.Runtime.LibraryTests/bin/Debug/net8.0/FLua.Runtime.LibraryTests.dll" adapterTypeName="executor://mstestadapter/v2" className="FLua.Runtime.LibraryTests.LuaStringLibTests" name="Pack_Padding_WorksCorrectly" />
    </UnitTest>
    <UnitTest name="Rep_ValidCount_RepeatsString" storage="/users/bill/repos/flua/flua.runtime.librarytests/bin/debug/net8.0/flua.runtime.librarytests.dll" id="43b79d3c-aeeb-5633-2f01-4138af819202">
      <Execution id="80d1c603-4d62-4042-b6e9-508fe2f27a4d" />
      <TestMethod codeBase="/Users/bill/Repos/FLua/FLua.Runtime.LibraryTests/bin/Debug/net8.0/FLua.Runtime.LibraryTests.dll" adapterTypeName="executor://mstestadapter/v2" className="FLua.Runtime.LibraryTests.LuaStringLibTests" name="Rep_ValidCount_RepeatsString" />
    </UnitTest>
    <UnitTest name="FloorDivide_FloatFloat_ReturnsIntegerResult" storage="/users/bill/repos/flua/flua.runtime.librarytests/bin/debug/net8.0/flua.runtime.librarytests.dll" id="b8768c0b-ea25-073c-58b6-a26a7c43957a">
      <Execution id="b04c6764-2566-4a07-a69d-e41a10d34493" />
      <TestMethod codeBase="/Users/bill/Repos/FLua/FLua.Runtime.LibraryTests/bin/Debug/net8.0/FLua.Runtime.LibraryTests.dll" adapterTypeName="executor://mstestadapter/v2" className="FLua.Runtime.LibraryTests.LuaValueTests" name="FloorDivide_FloatFloat_ReturnsIntegerResult" />
    </UnitTest>
    <UnitTest name="CodePoint_MixedString_ReturnsAllCodePoints" storage="/users/bill/repos/flua/flua.runtime.librarytests/bin/debug/net8.0/flua.runtime.librarytests.dll" id="eb91c2e7-0cf8-390b-5e2b-dd836f3bbd8a">
      <Execution id="0a4acd3a-7e4d-4486-87c8-b830bd7e0464" />
      <TestMethod codeBase="/Users/bill/Repos/FLua/FLua.Runtime.LibraryTests/bin/Debug/net8.0/FLua.Runtime.LibraryTests.dll" adapterTypeName="executor://mstestadapter/v2" className="FLua.Runtime.LibraryTests.LuaUTF8LibTests" name="CodePoint_MixedString_ReturnsAllCodePoints" />
    </UnitTest>
    <UnitTest name="Char_NoArguments_ReturnsEmptyString" storage="/users/bill/repos/flua/flua.runtime.librarytests/bin/debug/net8.0/flua.runtime.librarytests.dll" id="b1290e8a-3650-3b20-9f96-245bcab7ff4e">
      <Execution id="98fc81aa-cd8d-4092-81d7-9a94cc3a09a4" />
      <TestMethod codeBase="/Users/bill/Repos/FLua/FLua.Runtime.LibraryTests/bin/Debug/net8.0/FLua.Runtime.LibraryTests.dll" adapterTypeName="executor://mstestadapter/v2" className="FLua.Runtime.LibraryTests.LuaUTF8LibTests" name="Char_NoArguments_ReturnsEmptyString" />
    </UnitTest>
    <UnitTest name="Unpack_DataTooShort_ThrowsException" storage="/users/bill/repos/flua/flua.runtime.librarytests/bin/debug/net8.0/flua.runtime.librarytests.dll" id="60d7f227-5213-98ed-7452-51c5a4679700">
      <Execution id="144b809f-d666-499d-a1c4-52f5f7468cd1" />
      <TestMethod codeBase="/Users/bill/Repos/FLua/FLua.Runtime.LibraryTests/bin/Debug/net8.0/FLua.Runtime.LibraryTests.dll" adapterTypeName="executor://mstestadapter/v2" className="FLua.Runtime.LibraryTests.LuaStringLibTests" name="Unpack_DataTooShort_ThrowsException" />
    </UnitTest>
    <UnitTest name="Insert_IntoEmptyTable_AddsFirstElement" storage="/users/bill/repos/flua/flua.runtime.librarytests/bin/debug/net8.0/flua.runtime.librarytests.dll" id="3acf344e-4c8f-c552-8c22-7e38bd81b005">
      <Execution id="d8140176-fb34-4991-b585-54076c060ff8" />
      <TestMethod codeBase="/Users/bill/Repos/FLua/FLua.Runtime.LibraryTests/bin/Debug/net8.0/FLua.Runtime.LibraryTests.dll" adapterTypeName="executor://mstestadapter/v2" className="FLua.Runtime.LibraryTests.LuaTableLibTests" name="Insert_IntoEmptyTable_AddsFirstElement" />
    </UnitTest>
    <UnitTest name="Match_EscapeSequences_MatchesCorrectly" storage="/users/bill/repos/flua/flua.runtime.librarytests/bin/debug/net8.0/flua.runtime.librarytests.dll" id="4696a5ef-ce33-b72e-fbb0-317562b1441b">
      <Execution id="d06f84ea-320b-428d-819d-786853275fac" />
      <TestMethod codeBase="/Users/bill/Repos/FLua/FLua.Runtime.LibraryTests/bin/Debug/net8.0/FLua.Runtime.LibraryTests.dll" adapterTypeName="executor://mstestadapter/v2" className="FLua.Runtime.LibraryTests.LuaStringLibTests" name="Match_EscapeSequences_MatchesCorrectly" />
    </UnitTest>
    <UnitTest name="GetNumber_FloatValue_ReturnsCorrectDouble" storage="/users/bill/repos/flua/flua.runtime.librarytests/bin/debug/net8.0/flua.runtime.librarytests.dll" id="ccf23ab7-115e-2662-58a4-13e2a82492a2">
      <Execution id="1f131eca-b341-4f9c-803b-48114956fd4a" />
      <TestMethod codeBase="/Users/bill/Repos/FLua/FLua.Runtime.LibraryTests/bin/Debug/net8.0/FLua.Runtime.LibraryTests.dll" adapterTypeName="executor://mstestadapter/v2" className="FLua.Runtime.LibraryTests.LuaValueHelpersTests" name="GetNumber_FloatValue_ReturnsCorrectDouble" />
    </UnitTest>
    <UnitTest name="Concat_StartGreaterThanEnd_ReturnsEmpty" storage="/users/bill/repos/flua/flua.runtime.librarytests/bin/debug/net8.0/flua.runtime.librarytests.dll" id="db78a550-b1c2-473a-4ce9-f52879bfa1ff">
      <Execution id="08ee5b00-d23c-4cd9-bda0-4cbcb3ee0e06" />
      <TestMethod codeBase="/Users/bill/Repos/FLua/FLua.Runtime.LibraryTests/bin/Debug/net8.0/FLua.Runtime.LibraryTests.dll" adapterTypeName="executor://mstestadapter/v2" className="FLua.Runtime.LibraryTests.LuaTableLibTests" name="Concat_StartGreaterThanEnd_ReturnsEmpty" />
    </UnitTest>
    <UnitTest name="FileHandle_Write_EmptyString" storage="/users/bill/repos/flua/flua.runtime.librarytests/bin/debug/net8.0/flua.runtime.librarytests.dll" id="9f43f0fd-4cab-8122-ca5d-4f18042da626">
      <Execution id="1739d9ca-1b6f-4671-9d83-39b86660eaca" />
      <TestMethod codeBase="/Users/bill/Repos/FLua/FLua.Runtime.LibraryTests/bin/Debug/net8.0/FLua.Runtime.LibraryTests.dll" adapterTypeName="executor://mstestadapter/v2" className="FLua.Runtime.LibraryTests.LuaIOLibTests" name="FileHandle_Write_EmptyString" />
    </UnitTest>
    <UnitTest name="DiffTime_MaxValues_HandlesLargeNumbers" storage="/users/bill/repos/flua/flua.runtime.librarytests/bin/debug/net8.0/flua.runtime.librarytests.dll" id="99a2c369-4455-5d5f-a682-cac8c5476c10">
      <Execution id="40f27804-d95e-429f-b1f5-4646c054b813" />
      <TestMethod codeBase="/Users/bill/Repos/FLua/FLua.Runtime.LibraryTests/bin/Debug/net8.0/FLua.Runtime.LibraryTests.dll" adapterTypeName="executor://mstestadapter/v2" className="FLua.Runtime.LibraryTests.LuaOSLibTests" name="DiffTime_MaxValues_HandlesLargeNumbers" />
    </UnitTest>
    <UnitTest name="Max_TwoFloats_ReturnsLarger" storage="/users/bill/repos/flua/flua.runtime.librarytests/bin/debug/net8.0/flua.runtime.librarytests.dll" id="f67deb6f-65aa-7a2e-b342-59474f6f3009">
      <Execution id="83048f49-d2a5-436d-99b7-172befb8ae1d" />
      <TestMethod codeBase="/Users/bill/Repos/FLua/FLua.Runtime.LibraryTests/bin/Debug/net8.0/FLua.Runtime.LibraryTests.dll" adapterTypeName="executor://mstestadapter/v2" className="FLua.Runtime.LibraryTests.LuaMathLibTests" name="Max_TwoFloats_ReturnsLarger" />
    </UnitTest>
    <UnitTest name="ProtectedCall_Function_ReturnsSuccessResults" storage="/users/bill/repos/flua/flua.runtime.librarytests/bin/debug/net8.0/flua.runtime.librarytests.dll" id="5e598697-ca6c-d690-b979-5538ac0b1f53">
      <Execution id="3d72f66f-90ee-4d61-8162-46b3c0489bab" />
      <TestMethod codeBase="/Users/bill/Repos/FLua/FLua.Runtime.LibraryTests/bin/Debug/net8.0/FLua.Runtime.LibraryTests.dll" adapterTypeName="executor://mstestadapter/v2" className="FLua.Runtime.LibraryTests.LuaEnvironmentTests" name="ProtectedCall_Function_ReturnsSuccessResults" />
    </UnitTest>
    <UnitTest name="FMod_DivisionByZero_ThrowsException" storage="/users/bill/repos/flua/flua.runtime.librarytests/bin/debug/net8.0/flua.runtime.librarytests.dll" id="c4132299-7f1a-5b63-066c-77ac81c58122">
      <Execution id="5513d39e-1838-492c-ac3d-bbb93639aab1" />
      <TestMethod codeBase="/Users/bill/Repos/FLua/FLua.Runtime.LibraryTests/bin/Debug/net8.0/FLua.Runtime.LibraryTests.dll" adapterTypeName="executor://mstestadapter/v2" className="FLua.Runtime.LibraryTests.LuaMathLibTests" name="FMod_DivisionByZero_ThrowsException" />
    </UnitTest>
    <UnitTest name="Len_WithStartPosition_CountsFromPosition" storage="/users/bill/repos/flua/flua.runtime.librarytests/bin/debug/net8.0/flua.runtime.librarytests.dll" id="0788d6d5-684c-aed2-3f13-19da4f20b164">
      <Execution id="f3b8e023-93d5-4404-94f5-6583059275bc" />
      <TestMethod codeBase="/Users/bill/Repos/FLua/FLua.Runtime.LibraryTests/bin/Debug/net8.0/FLua.Runtime.LibraryTests.dll" adapterTypeName="executor://mstestadapter/v2" className="FLua.Runtime.LibraryTests.LuaUTF8LibTests" name="Len_WithStartPosition_CountsFromPosition" />
    </UnitTest>
    <UnitTest name="PackSize_VariableLengthString_ThrowsException" storage="/users/bill/repos/flua/flua.runtime.librarytests/bin/debug/net8.0/flua.runtime.librarytests.dll" id="ac1bcad3-93cc-09b2-2596-dbc032c5565b">
      <Execution id="46c83086-76e5-4a35-b767-22aeda545580" />
      <TestMethod codeBase="/Users/bill/Repos/FLua/FLua.Runtime.LibraryTests/bin/Debug/net8.0/FLua.Runtime.LibraryTests.dll" adapterTypeName="executor://mstestadapter/v2" className="FLua.Runtime.LibraryTests.LuaStringLibTests" name="PackSize_VariableLengthString_ThrowsException" />
    </UnitTest>
    <UnitTest name="Pack_Float_PrecisionTest" storage="/users/bill/repos/flua/flua.runtime.librarytests/bin/debug/net8.0/flua.runtime.librarytests.dll" id="2f051a86-ec7d-2716-11ce-6dcd168e6855">
      <Execution id="1a0c2a9a-c32c-4819-8075-162863633ce4" />
      <TestMethod codeBase="/Users/bill/Repos/FLua/FLua.Runtime.LibraryTests/bin/Debug/net8.0/FLua.Runtime.LibraryTests.dll" adapterTypeName="executor://mstestadapter/v2" className="FLua.Runtime.LibraryTests.LuaStringLibTests" name="Pack_Float_PrecisionTest" />
    </UnitTest>
    <UnitTest name="StringToNumber_ValidFloatString_ReturnsFloatValue" storage="/users/bill/repos/flua/flua.runtime.librarytests/bin/debug/net8.0/flua.runtime.librarytests.dll" id="f1e94523-e0bb-d4c8-8cba-98983116d729">
      <Execution id="071df55d-bd4a-4cbb-8ad7-088f15cfb1d3" />
      <TestMethod codeBase="/Users/bill/Repos/FLua/FLua.Runtime.LibraryTests/bin/Debug/net8.0/FLua.Runtime.LibraryTests.dll" adapterTypeName="executor://mstestadapter/v2" className="FLua.Runtime.LibraryTests.LuaTypeConversionTests" name="StringToNumber_ValidFloatString_ReturnsFloatValue" />
    </UnitTest>
    <UnitTest name="Concat_NoTable_ThrowsException" storage="/users/bill/repos/flua/flua.runtime.librarytests/bin/debug/net8.0/flua.runtime.librarytests.dll" id="4640a655-d9e1-2f2a-aa6d-6cdadf1e2c34">
      <Execution id="de3338e5-18db-4985-a985-48c08850088d" />
      <TestMethod codeBase="/Users/bill/Repos/FLua/FLua.Runtime.LibraryTests/bin/Debug/net8.0/FLua.Runtime.LibraryTests.dll" adapterTypeName="executor://mstestadapter/v2" className="FLua.Runtime.LibraryTests.LuaTableLibTests" name="Concat_NoTable_ThrowsException" />
    </UnitTest>
    <UnitTest name="Len_VeryLongString_HandlesCorrectly" storage="/users/bill/repos/flua/flua.runtime.librarytests/bin/debug/net8.0/flua.runtime.librarytests.dll" id="4218853d-609e-8179-fbd8-9f18a53333b1">
      <Execution id="b304b0f7-52fa-42ac-bb23-19ae563ba4b2" />
      <TestMethod codeBase="/Users/bill/Repos/FLua/FLua.Runtime.LibraryTests/bin/Debug/net8.0/FLua.Runtime.LibraryTests.dll" adapterTypeName="executor://mstestadapter/v2" className="FLua.Runtime.LibraryTests.LuaUTF8LibTests" name="Len_VeryLongString_HandlesCorrectly" />
    </UnitTest>
    <UnitTest name="ChildEnvironment_LocalVariablesDontAffectParent" storage="/users/bill/repos/flua/flua.runtime.librarytests/bin/debug/net8.0/flua.runtime.librarytests.dll" id="82de464a-226b-a43c-456d-d1097e73d4b7">
      <Execution id="48fecd05-7889-4c7f-9e8e-e33d76da27bf" />
      <TestMethod codeBase="/Users/bill/Repos/FLua/FLua.Runtime.LibraryTests/bin/Debug/net8.0/FLua.Runtime.LibraryTests.dll" adapterTypeName="executor://mstestadapter/v2" className="FLua.Runtime.LibraryTests.LuaEnvironmentTests" name="ChildEnvironment_LocalVariablesDontAffectParent" />
    </UnitTest>
    <UnitTest name="Insert_NonIntegerPosition_ThrowsException" storage="/users/bill/repos/flua/flua.runtime.librarytests/bin/debug/net8.0/flua.runtime.librarytests.dll" id="4267d6e4-f070-3f35-1504-961c36e6f0aa">
      <Execution id="c29ec15d-9927-43ea-90f0-aa2ca5bc4bac" />
      <TestMethod codeBase="/Users/bill/Repos/FLua/FLua.Runtime.LibraryTests/bin/Debug/net8.0/FLua.Runtime.LibraryTests.dll" adapterTypeName="executor://mstestadapter/v2" className="FLua.Runtime.LibraryTests.LuaTableLibTests" name="Insert_NonIntegerPosition_ThrowsException" />
    </UnitTest>
    <UnitTest name="GetEnv_EmptyVariableName_ReturnsNil" storage="/users/bill/repos/flua/flua.runtime.librarytests/bin/debug/net8.0/flua.runtime.librarytests.dll" id="e5859f74-ea44-74ff-47ac-165a13d29c4e">
      <Execution id="20bc12ad-7501-4d08-b5b0-5201c24371df" />
      <TestMethod codeBase="/Users/bill/Repos/FLua/FLua.Runtime.LibraryTests/bin/Debug/net8.0/FLua.Runtime.LibraryTests.dll" adapterTypeName="executor://mstestadapter/v2" className="FLua.Runtime.LibraryTests.LuaOSLibTests" name="GetEnv_EmptyVariableName_ReturnsNil" />
    </UnitTest>
    <UnitTest name="Open_ReadMode_OpensExistingFile" storage="/users/bill/repos/flua/flua.runtime.librarytests/bin/debug/net8.0/flua.runtime.librarytests.dll" id="80646168-bc5f-2e48-0309-c13793f0df62">
      <Execution id="58f211a3-8ff8-436e-accf-64a60bd8085b" />
      <TestMethod codeBase="/Users/bill/Repos/FLua/FLua.Runtime.LibraryTests/bin/Debug/net8.0/FLua.Runtime.LibraryTests.dll" adapterTypeName="executor://mstestadapter/v2" className="FLua.Runtime.LibraryTests.LuaIOLibTests" name="Open_ReadMode_OpensExistingFile" />
    </UnitTest>
    <UnitTest name="Type_NonFileHandle_ReturnsNil" storage="/users/bill/repos/flua/flua.runtime.librarytests/bin/debug/net8.0/flua.runtime.librarytests.dll" id="9e316700-0b36-468e-c49a-81ab630e7de0">
      <Execution id="68b25de9-4563-4f78-a3ff-46fac72d3c84" />
      <TestMethod codeBase="/Users/bill/Repos/FLua/FLua.Runtime.LibraryTests/bin/Debug/net8.0/FLua.Runtime.LibraryTests.dll" adapterTypeName="executor://mstestadapter/v2" className="FLua.Runtime.LibraryTests.LuaIOLibTests" name="Type_NonFileHandle_ReturnsNil" />
    </UnitTest>
    <UnitTest name="GetTypeName_TableValue_ReturnsTable" storage="/users/bill/repos/flua/flua.runtime.librarytests/bin/debug/net8.0/flua.runtime.librarytests.dll" id="b9d0df09-72a3-019d-19ba-8b0138ba0782">
      <Execution id="06b9f517-d21f-461d-aee8-79f2ba2f9a6d" />
      <TestMethod codeBase="/Users/bill/Repos/FLua/FLua.Runtime.LibraryTests/bin/Debug/net8.0/FLua.Runtime.LibraryTests.dll" adapterTypeName="executor://mstestadapter/v2" className="FLua.Runtime.LibraryTests.LuaTypeConversionTests" name="GetTypeName_TableValue_ReturnsTable" />
    </UnitTest>
    <UnitTest name="Match_WordBoundaries_WorkCorrectly" storage="/users/bill/repos/flua/flua.runtime.librarytests/bin/debug/net8.0/flua.runtime.librarytests.dll" id="91457ee6-4393-3cf1-d878-bbed1b581f4c">
      <Execution id="c8763a5c-15ab-46f9-af81-47c6de6152e2" />
      <TestMethod codeBase="/Users/bill/Repos/FLua/FLua.Runtime.LibraryTests/bin/Debug/net8.0/FLua.Runtime.LibraryTests.dll" adapterTypeName="executor://mstestadapter/v2" className="FLua.Runtime.LibraryTests.LuaStringLibTests" name="Match_WordBoundaries_WorkCorrectly" />
    </UnitTest>
    <UnitTest name="SetLocale_InvalidCategory_ThrowsException" storage="/users/bill/repos/flua/flua.runtime.librarytests/bin/debug/net8.0/flua.runtime.librarytests.dll" id="0c035c29-46b0-3b14-47fe-3dbb61a8aca4">
      <Execution id="406b0d9f-ef26-40fc-b450-7dfd71b45bc3" />
      <TestMethod codeBase="/Users/bill/Repos/FLua/FLua.Runtime.LibraryTests/bin/Debug/net8.0/FLua.Runtime.LibraryTests.dll" adapterTypeName="executor://mstestadapter/v2" className="FLua.Runtime.LibraryTests.LuaOSLibTests" name="SetLocale_InvalidCategory_ThrowsException" />
    </UnitTest>
    <UnitTest name="Random_InvalidRange_ThrowsException" storage="/users/bill/repos/flua/flua.runtime.librarytests/bin/debug/net8.0/flua.runtime.librarytests.dll" id="caa97aeb-b955-b84c-ff17-c4d81181a679">
      <Execution id="3aa67053-125e-409f-a74b-bb6a3caee337" />
      <TestMethod codeBase="/Users/bill/Repos/FLua/FLua.Runtime.LibraryTests/bin/Debug/net8.0/FLua.Runtime.LibraryTests.dll" adapterTypeName="executor://mstestadapter/v2" className="FLua.Runtime.LibraryTests.LuaMathLibTests" name="Random_InvalidRange_ThrowsException" />
    </UnitTest>
    <UnitTest name="Date_YearFormat_ReturnsYear" storage="/users/bill/repos/flua/flua.runtime.librarytests/bin/debug/net8.0/flua.runtime.librarytests.dll" id="6269b9ab-37ac-9c42-8cf1-a189054c855c">
      <Execution id="8acc7c8b-6647-4188-b911-24010f1845a6" />
      <TestMethod codeBase="/Users/bill/Repos/FLua/FLua.Runtime.LibraryTests/bin/Debug/net8.0/FLua.Runtime.LibraryTests.dll" adapterTypeName="executor://mstestadapter/v2" className="FLua.Runtime.LibraryTests.LuaOSLibTests" name="Date_YearFormat_ReturnsYear" />
    </UnitTest>
    <UnitTest name="Close_NoArguments_ClosesDefaultOutput" storage="/users/bill/repos/flua/flua.runtime.librarytests/bin/debug/net8.0/flua.runtime.librarytests.dll" id="8a8b8b7a-b160-2bcf-4182-3505e77285c7">
      <Execution id="7c0a48da-2d68-4953-b953-7b47fe8f2495" />
      <TestMethod codeBase="/Users/bill/Repos/FLua/FLua.Runtime.LibraryTests/bin/Debug/net8.0/FLua.Runtime.LibraryTests.dll" adapterTypeName="executor://mstestadapter/v2" className="FLua.Runtime.LibraryTests.LuaIOLibTests" name="Close_NoArguments_ClosesDefaultOutput" />
    </UnitTest>
    <UnitTest name="Match_SimplePattern_ReturnsMatchedString" storage="/users/bill/repos/flua/flua.runtime.librarytests/bin/debug/net8.0/flua.runtime.librarytests.dll" id="91c71e42-f716-f1a3-a456-b6b83f89c8d2">
      <Execution id="0da31569-8cb4-4846-9d63-9d43ae3a4cf4" />
      <TestMethod codeBase="/Users/bill/Repos/FLua/FLua.Runtime.LibraryTests/bin/Debug/net8.0/FLua.Runtime.LibraryTests.dll" adapterTypeName="executor://mstestadapter/v2" className="FLua.Runtime.LibraryTests.LuaStringLibTests" name="Match_SimplePattern_ReturnsMatchedString" />
    </UnitTest>
    <UnitTest name="Match_NegativeStartPosition_WorksFromEnd" storage="/users/bill/repos/flua/flua.runtime.librarytests/bin/debug/net8.0/flua.runtime.librarytests.dll" id="95e0c9ee-fb11-a7b4-7107-d35d418fded6">
      <Execution id="44621875-c724-4727-b714-51d940a4e1ce" />
      <TestMethod codeBase="/Users/bill/Repos/FLua/FLua.Runtime.LibraryTests/bin/Debug/net8.0/FLua.Runtime.LibraryTests.dll" adapterTypeName="executor://mstestadapter/v2" className="FLua.Runtime.LibraryTests.LuaStringLibTests" name="Match_NegativeStartPosition_WorksFromEnd" />
    </UnitTest>
    <UnitTest name="Find_QuestionQuantifier_MatchesZeroOrOne" storage="/users/bill/repos/flua/flua.runtime.librarytests/bin/debug/net8.0/flua.runtime.librarytests.dll" id="acbc6dfd-174b-2319-0d48-a9190bf7e33b">
      <Execution id="8ba8f220-9500-47c4-bd4d-3318510bd59f" />
      <TestMethod codeBase="/Users/bill/Repos/FLua/FLua.Runtime.LibraryTests/bin/Debug/net8.0/FLua.Runtime.LibraryTests.dll" adapterTypeName="executor://mstestadapter/v2" className="FLua.Runtime.LibraryTests.LuaStringLibTests" name="Find_QuestionQuantifier_MatchesZeroOrOne" />
    </UnitTest>
    <UnitTest name="CreateNumber_ZeroLong_ReturnsZeroInteger" storage="/users/bill/repos/flua/flua.runtime.librarytests/bin/debug/net8.0/flua.runtime.librarytests.dll" id="dc983584-c031-7d34-88ae-0f42c4fbfcba">
      <Execution id="0bf25a13-1f9e-4351-8b83-07c5ff785691" />
      <TestMethod codeBase="/Users/bill/Repos/FLua/FLua.Runtime.LibraryTests/bin/Debug/net8.0/FLua.Runtime.LibraryTests.dll" adapterTypeName="executor://mstestadapter/v2" className="FLua.Runtime.LibraryTests.LuaValueHelpersTests" name="CreateNumber_ZeroLong_ReturnsZeroInteger" />
    </UnitTest>
    <UnitTest name="Find_SimpleCaptureGroup_ReturnsCapture" storage="/users/bill/repos/flua/flua.runtime.librarytests/bin/debug/net8.0/flua.runtime.librarytests.dll" id="720227b8-85bc-42b5-d668-3a0e2ec59857">
      <Execution id="b8e0f714-088d-4353-847a-6c183262d4cb" />
      <TestMethod codeBase="/Users/bill/Repos/FLua/FLua.Runtime.LibraryTests/bin/Debug/net8.0/FLua.Runtime.LibraryTests.dll" adapterTypeName="executor://mstestadapter/v2" className="FLua.Runtime.LibraryTests.LuaStringLibTests" name="Find_SimpleCaptureGroup_ReturnsCapture" />
    </UnitTest>
    <UnitTest name="Char_SingleValue_ReturnsSingleCharacter" storage="/users/bill/repos/flua/flua.runtime.librarytests/bin/debug/net8.0/flua.runtime.librarytests.dll" id="356baa41-3b27-bf0b-5456-925135030f90">
      <Execution id="a7d5b151-4f9e-4b6b-93b0-bc0589b1e2a1" />
      <TestMethod codeBase="/Users/bill/Repos/FLua/FLua.Runtime.LibraryTests/bin/Debug/net8.0/FLua.Runtime.LibraryTests.dll" adapterTypeName="executor://mstestadapter/v2" className="FLua.Runtime.LibraryTests.LuaStringLibTests" name="Char_SingleValue_ReturnsSingleCharacter" />
    </UnitTest>
    <UnitTest name="Pack_SignedShort_WorksCorrectly" storage="/users/bill/repos/flua/flua.runtime.librarytests/bin/debug/net8.0/flua.runtime.librarytests.dll" id="d8f43a08-3c9f-f76e-bf0b-96268eee817c">
      <Execution id="e034abae-8a47-42cd-96fb-03813455d7cb" />
      <TestMethod codeBase="/Users/bill/Repos/FLua/FLua.Runtime.LibraryTests/bin/Debug/net8.0/FLua.Runtime.LibraryTests.dll" adapterTypeName="executor://mstestadapter/v2" className="FLua.Runtime.LibraryTests.LuaStringLibTests" name="Pack_SignedShort_WorksCorrectly" />
    </UnitTest>
    <UnitTest name="FileHandle_Write_SingleString" storage="/users/bill/repos/flua/flua.runtime.librarytests/bin/debug/net8.0/flua.runtime.librarytests.dll" id="2f8e678b-4650-b4bf-8f5f-1e968fcf762f">
      <Execution id="539aae25-2fd0-44c2-b793-f1a17e75aab5" />
      <TestMethod codeBase="/Users/bill/Repos/FLua/FLua.Runtime.LibraryTests/bin/Debug/net8.0/FLua.Runtime.LibraryTests.dll" adapterTypeName="executor://mstestadapter/v2" className="FLua.Runtime.LibraryTests.LuaIOLibTests" name="FileHandle_Write_SingleString" />
    </UnitTest>
    <UnitTest name="TmpName_NoArguments_Works" storage="/users/bill/repos/flua/flua.runtime.librarytests/bin/debug/net8.0/flua.runtime.librarytests.dll" id="99236272-2706-b2dd-eb36-1d46b6e282f0">
      <Execution id="5f32df21-7888-40ed-bb41-3dc5e047e915" />
      <TestMethod codeBase="/Users/bill/Repos/FLua/FLua.Runtime.LibraryTests/bin/Debug/net8.0/FLua.Runtime.LibraryTests.dll" adapterTypeName="executor://mstestadapter/v2" className="FLua.Runtime.LibraryTests.LuaOSLibTests" name="TmpName_NoArguments_Works" />
    </UnitTest>
    <UnitTest name="GSub_MissingReplacementArgument_ThrowsException" storage="/users/bill/repos/flua/flua.runtime.librarytests/bin/debug/net8.0/flua.runtime.librarytests.dll" id="bcb794be-5164-aa37-82b9-4f97d40df88b">
      <Execution id="3c040d24-2553-4bc5-8dcf-145f9dc590f6" />
      <TestMethod codeBase="/Users/bill/Repos/FLua/FLua.Runtime.LibraryTests/bin/Debug/net8.0/FLua.Runtime.LibraryTests.dll" adapterTypeName="executor://mstestadapter/v2" className="FLua.Runtime.LibraryTests.LuaStringLibTests" name="GSub_MissingReplacementArgument_ThrowsException" />
    </UnitTest>
    <UnitTest name="Format_HexFormatting_WorksCorrectly" storage="/users/bill/repos/flua/flua.runtime.librarytests/bin/debug/net8.0/flua.runtime.librarytests.dll" id="ca09bb58-7f95-8094-b392-d26392066009">
      <Execution id="9ff7dd79-e6d6-47d3-9ddd-6fcd9f75d8b6" />
      <TestMethod codeBase="/Users/bill/Repos/FLua/FLua.Runtime.LibraryTests/bin/Debug/net8.0/FLua.Runtime.LibraryTests.dll" adapterTypeName="executor://mstestadapter/v2" className="FLua.Runtime.LibraryTests.LuaStringLibTests" name="Format_HexFormatting_WorksCorrectly" />
    </UnitTest>
    <UnitTest name="SetLocalVariable_CreatesInCurrentScope" storage="/users/bill/repos/flua/flua.runtime.librarytests/bin/debug/net8.0/flua.runtime.librarytests.dll" id="c02a12a3-eb79-001a-eceb-d655add22afb">
      <Execution id="fae5fea8-d2a1-4470-b386-5337220b5290" />
      <TestMethod codeBase="/Users/bill/Repos/FLua/FLua.Runtime.LibraryTests/bin/Debug/net8.0/FLua.Runtime.LibraryTests.dll" adapterTypeName="executor://mstestadapter/v2" className="FLua.Runtime.LibraryTests.LuaEnvironmentTests" name="SetLocalVariable_CreatesInCurrentScope" />
    </UnitTest>
    <UnitTest name="Char_SingleCodePoint_ReturnsSingleCharacter" storage="/users/bill/repos/flua/flua.runtime.librarytests/bin/debug/net8.0/flua.runtime.librarytests.dll" id="5d2ae755-0986-61cd-5beb-ff5cb0ae706b">
      <Execution id="487f65a3-71cc-4cda-91c7-041b8cab3ee4" />
      <TestMethod codeBase="/Users/bill/Repos/FLua/FLua.Runtime.LibraryTests/bin/Debug/net8.0/FLua.Runtime.LibraryTests.dll" adapterTypeName="executor://mstestadapter/v2" className="FLua.Runtime.LibraryTests.LuaUTF8LibTests" name="Char_SingleCodePoint_ReturnsSingleCharacter" />
    </UnitTest>
    <UnitTest name="GSub_WithLimit_LimitsReplacements" storage="/users/bill/repos/flua/flua.runtime.librarytests/bin/debug/net8.0/flua.runtime.librarytests.dll" id="902fab0c-178e-1183-38f8-7d0efa75ff49">
      <Execution id="6bc9d80d-083c-48a2-aa65-2bdf291a0358" />
      <TestMethod codeBase="/Users/bill/Repos/FLua/FLua.Runtime.LibraryTests/bin/Debug/net8.0/FLua.Runtime.LibraryTests.dll" adapterTypeName="executor://mstestadapter/v2" className="FLua.Runtime.LibraryTests.LuaStringLibTests" name="GSub_WithLimit_LimitsReplacements" />
    </UnitTest>
    <UnitTest name="FMod_IntegerArguments_ReturnsInteger" storage="/users/bill/repos/flua/flua.runtime.librarytests/bin/debug/net8.0/flua.runtime.librarytests.dll" id="4f6c972b-4005-cefe-b356-77e1117476de">
      <Execution id="7a5c30a9-0ea1-4a29-8499-e54dfa4e7b6f" />
      <TestMethod codeBase="/Users/bill/Repos/FLua/FLua.Runtime.LibraryTests/bin/Debug/net8.0/FLua.Runtime.LibraryTests.dll" adapterTypeName="executor://mstestadapter/v2" className="FLua.Runtime.LibraryTests.LuaMathLibTests" name="FMod_IntegerArguments_ReturnsInteger" />
    </UnitTest>
    <UnitTest name="Find_MixedEscapeSequences_TestsEscapeHandling" storage="/users/bill/repos/flua/flua.runtime.librarytests/bin/debug/net8.0/flua.runtime.librarytests.dll" id="29e6f38a-3853-fdc3-b694-8eae6c353cec">
      <Execution id="301fb660-371a-4233-bd2e-3b3855cec25e" />
      <TestMethod codeBase="/Users/bill/Repos/FLua/FLua.Runtime.LibraryTests/bin/Debug/net8.0/FLua.Runtime.LibraryTests.dll" adapterTypeName="executor://mstestadapter/v2" className="FLua.Runtime.LibraryTests.LuaStringLibTests" name="Find_MixedEscapeSequences_TestsEscapeHandling" />
    </UnitTest>
    <UnitTest name="Upper_NoArguments_ThrowsException" storage="/users/bill/repos/flua/flua.runtime.librarytests/bin/debug/net8.0/flua.runtime.librarytests.dll" id="0b7d4fed-65c6-97e3-e070-64302d267ad1">
      <Execution id="e5b6da3c-9584-49e4-bab9-947e656f799e" />
      <TestMethod codeBase="/Users/bill/Repos/FLua/FLua.Runtime.LibraryTests/bin/Debug/net8.0/FLua.Runtime.LibraryTests.dll" adapterTypeName="executor://mstestadapter/v2" className="FLua.Runtime.LibraryTests.LuaStringLibTests" name="Upper_NoArguments_ThrowsException" />
    </UnitTest>
    <UnitTest name="Match_StartBeyondString_ReturnsNil" storage="/users/bill/repos/flua/flua.runtime.librarytests/bin/debug/net8.0/flua.runtime.librarytests.dll" id="124d3c7b-3365-bbdd-9d85-586dea470e39">
      <Execution id="a4b13e52-4f5f-4a58-baf2-6e0f4ae44af1" />
      <TestMethod codeBase="/Users/bill/Repos/FLua/FLua.Runtime.LibraryTests/bin/Debug/net8.0/FLua.Runtime.LibraryTests.dll" adapterTypeName="executor://mstestadapter/v2" className="FLua.Runtime.LibraryTests.LuaStringLibTests" name="Match_StartBeyondString_ReturnsNil" />
    </UnitTest>
    <UnitTest name="FileHandle_Read_BeyondEOF_ReturnsNil" storage="/users/bill/repos/flua/flua.runtime.librarytests/bin/debug/net8.0/flua.runtime.librarytests.dll" id="32684739-aece-8133-523b-5437cf00c332">
      <Execution id="fba11b59-ecfa-45e2-8ccb-fdd302dd1a52" />
      <TestMethod codeBase="/Users/bill/Repos/FLua/FLua.Runtime.LibraryTests/bin/Debug/net8.0/FLua.Runtime.LibraryTests.dll" adapterTypeName="executor://mstestadapter/v2" className="FLua.Runtime.LibraryTests.LuaIOLibTests" name="FileHandle_Read_BeyondEOF_ReturnsNil" />
    </UnitTest>
    <UnitTest name="Len_NoArguments_ThrowsException" storage="/users/bill/repos/flua/flua.runtime.librarytests/bin/debug/net8.0/flua.runtime.librarytests.dll" id="b464d5e7-77bb-f039-0989-ac134c6ef40c">
      <Execution id="1884cc39-5918-4097-8861-2e26c58eef45" />
      <TestMethod codeBase="/Users/bill/Repos/FLua/FLua.Runtime.LibraryTests/bin/Debug/net8.0/FLua.Runtime.LibraryTests.dll" adapterTypeName="executor://mstestadapter/v2" className="FLua.Runtime.LibraryTests.LuaUTF8LibTests" name="Len_NoArguments_ThrowsException" />
    </UnitTest>
    <UnitTest name="DiffTime_FloatingPointTimes_HandlesDecimals" storage="/users/bill/repos/flua/flua.runtime.librarytests/bin/debug/net8.0/flua.runtime.librarytests.dll" id="1162632b-d466-d9f8-290c-74cce54c50a7">
      <Execution id="3f1377c7-541e-4410-a6c2-ebd970738b72" />
      <TestMethod codeBase="/Users/bill/Repos/FLua/FLua.Runtime.LibraryTests/bin/Debug/net8.0/FLua.Runtime.LibraryTests.dll" adapterTypeName="executor://mstestadapter/v2" className="FLua.Runtime.LibraryTests.LuaOSLibTests" name="DiffTime_FloatingPointTimes_HandlesDecimals" />
    </UnitTest>
    <UnitTest name="Assert_Function_ThrowsOnFalse" storage="/users/bill/repos/flua/flua.runtime.librarytests/bin/debug/net8.0/flua.runtime.librarytests.dll" id="4082b2e7-4ef8-8357-e9c1-61cc1deba8f1">
      <Execution id="85155a25-5863-4399-83f4-cfe8724900e9" />
      <TestMethod codeBase="/Users/bill/Repos/FLua/FLua.Runtime.LibraryTests/bin/Debug/net8.0/FLua.Runtime.LibraryTests.dll" adapterTypeName="executor://mstestadapter/v2" className="FLua.Runtime.LibraryTests.LuaEnvironmentTests" name="Assert_Function_ThrowsOnFalse" />
    </UnitTest>
    <UnitTest name="ProtectedCall_Function_CatchesErrors" storage="/users/bill/repos/flua/flua.runtime.librarytests/bin/debug/net8.0/flua.runtime.librarytests.dll" id="37650bf7-28da-c8e7-055d-d9c2af6b5cc2">
      <Execution id="0f127968-17c0-41cb-9bc8-5142a7dcdc47" />
      <TestMethod codeBase="/Users/bill/Repos/FLua/FLua.Runtime.LibraryTests/bin/Debug/net8.0/FLua.Runtime.LibraryTests.dll" adapterTypeName="executor://mstestadapter/v2" className="FLua.Runtime.LibraryTests.LuaEnvironmentTests" name="ProtectedCall_Function_CatchesErrors" />
    </UnitTest>
    <UnitTest name="Match_Anchors_WorkCorrectly" storage="/users/bill/repos/flua/flua.runtime.librarytests/bin/debug/net8.0/flua.runtime.librarytests.dll" id="8082c4c3-da68-d305-da4c-2d05b5c16fc2">
      <Execution id="1f6abee2-9589-4993-b1e8-87b7c6e968ac" />
      <TestMethod codeBase="/Users/bill/Repos/FLua/FLua.Runtime.LibraryTests/bin/Debug/net8.0/FLua.Runtime.LibraryTests.dll" adapterTypeName="executor://mstestadapter/v2" className="FLua.Runtime.LibraryTests.LuaStringLibTests" name="Match_Anchors_WorkCorrectly" />
    </UnitTest>
    <UnitTest name="Sort_EmptyTable_DoesNothing" storage="/users/bill/repos/flua/flua.runtime.librarytests/bin/debug/net8.0/flua.runtime.librarytests.dll" id="35638a06-e900-359a-f48b-e666ac30a863">
      <Execution id="8442f281-a755-4d6d-99ba-cf421fc9d013" />
      <TestMethod codeBase="/Users/bill/Repos/FLua/FLua.Runtime.LibraryTests/bin/Debug/net8.0/FLua.Runtime.LibraryTests.dll" adapterTypeName="executor://mstestadapter/v2" className="FLua.Runtime.LibraryTests.LuaTableLibTests" name="Sort_EmptyTable_DoesNothing" />
    </UnitTest>
    <UnitTest name="CodePoint_NewlineCharacter_HandlesCorrectly" storage="/users/bill/repos/flua/flua.runtime.librarytests/bin/debug/net8.0/flua.runtime.librarytests.dll" id="459baa70-2775-96e9-04a2-c39b866a77c2">
      <Execution id="56a39141-6b51-4c1e-890e-0f948dee3c5a" />
      <TestMethod codeBase="/Users/bill/Repos/FLua/FLua.Runtime.LibraryTests/bin/Debug/net8.0/FLua.Runtime.LibraryTests.dll" adapterTypeName="executor://mstestadapter/v2" className="FLua.Runtime.LibraryTests.LuaUTF8LibTests" name="CodePoint_NewlineCharacter_HandlesCorrectly" />
    </UnitTest>
    <UnitTest name="Rep_MissingCount_ThrowsException" storage="/users/bill/repos/flua/flua.runtime.librarytests/bin/debug/net8.0/flua.runtime.librarytests.dll" id="cb7281b8-2dd7-3da0-5662-f11906512262">
      <Execution id="da0e7dd6-0628-410f-a419-10579588ea85" />
      <TestMethod codeBase="/Users/bill/Repos/FLua/FLua.Runtime.LibraryTests/bin/Debug/net8.0/FLua.Runtime.LibraryTests.dll" adapterTypeName="executor://mstestadapter/v2" className="FLua.Runtime.LibraryTests.LuaStringLibTests" name="Rep_MissingCount_ThrowsException" />
    </UnitTest>
    <UnitTest name="Lines_WithFilename_ReturnsIterator" storage="/users/bill/repos/flua/flua.runtime.librarytests/bin/debug/net8.0/flua.runtime.librarytests.dll" id="8de4d946-6548-473b-bb2c-33990e21615c">
      <Execution id="10ac4f78-08b4-427f-8c33-1755cac6a6db" />
      <TestMethod codeBase="/Users/bill/Repos/FLua/FLua.Runtime.LibraryTests/bin/Debug/net8.0/FLua.Runtime.LibraryTests.dll" adapterTypeName="executor://mstestadapter/v2" className="FLua.Runtime.LibraryTests.LuaIOLibTests" name="Lines_WithFilename_ReturnsIterator" />
    </UnitTest>
    <UnitTest name="ToNumber_NegativeString_ReturnsCorrectNumber" storage="/users/bill/repos/flua/flua.runtime.librarytests/bin/debug/net8.0/flua.runtime.librarytests.dll" id="38e46477-e8cd-ebae-2dca-03d9894f248c">
      <Execution id="b069eaf5-1fbf-42a5-9c5f-88cb171db46c" />
      <TestMethod codeBase="/Users/bill/Repos/FLua/FLua.Runtime.LibraryTests/bin/Debug/net8.0/FLua.Runtime.LibraryTests.dll" adapterTypeName="executor://mstestadapter/v2" className="FLua.Runtime.LibraryTests.LuaTypeConversionTests" name="ToNumber_NegativeString_ReturnsCorrectNumber" />
    </UnitTest>
    <UnitTest name="GetVariable_NonexistentVariable_ReturnsNil" storage="/users/bill/repos/flua/flua.runtime.librarytests/bin/debug/net8.0/flua.runtime.librarytests.dll" id="b66be048-67b6-a9ab-2817-6a378783d48c">
      <Execution id="19365254-6cfc-4291-a03f-710c28f1ec78" />
      <TestMethod codeBase="/Users/bill/Repos/FLua/FLua.Runtime.LibraryTests/bin/Debug/net8.0/FLua.Runtime.LibraryTests.dll" adapterTypeName="executor://mstestadapter/v2" className="FLua.Runtime.LibraryTests.LuaEnvironmentTests" name="GetVariable_NonexistentVariable_ReturnsNil" />
    </UnitTest>
    <UnitTest name="SetLocale_InvalidLocale_ReturnsNil" storage="/users/bill/repos/flua/flua.runtime.librarytests/bin/debug/net8.0/flua.runtime.librarytests.dll" id="6c4e1079-634b-6cb9-67f8-5b043265ef01">
      <Execution id="5dcbcb44-69d4-4bc4-ab59-c178da1b8cb8" />
      <TestMethod codeBase="/Users/bill/Repos/FLua/FLua.Runtime.LibraryTests/bin/Debug/net8.0/FLua.Runtime.LibraryTests.dll" adapterTypeName="executor://mstestadapter/v2" className="FLua.Runtime.LibraryTests.LuaOSLibTests" name="SetLocale_InvalidLocale_ReturnsNil" />
    </UnitTest>
    <UnitTest name="Open_EmptyFilename_ReturnsNilWithError" storage="/users/bill/repos/flua/flua.runtime.librarytests/bin/debug/net8.0/flua.runtime.librarytests.dll" id="3e805ed9-9ca9-a643-85c9-cc7cf1031aa6">
      <Execution id="8fe4e785-3de4-4ebc-8c21-78e49cfb1fea" />
      <TestMethod codeBase="/Users/bill/Repos/FLua/FLua.Runtime.LibraryTests/bin/Debug/net8.0/FLua.Runtime.LibraryTests.dll" adapterTypeName="executor://mstestadapter/v2" className="FLua.Runtime.LibraryTests.LuaIOLibTests" name="Open_EmptyFilename_ReturnsNilWithError" />
    </UnitTest>
    <UnitTest name="ToString_IntegerValue_ReturnsStringRepresentation" storage="/users/bill/repos/flua/flua.runtime.librarytests/bin/debug/net8.0/flua.runtime.librarytests.dll" id="83f36d15-72a9-2497-69c3-ee0d968aa3e0">
      <Execution id="5887cee7-6698-460a-bb5a-8ae03518c0dd" />
      <TestMethod codeBase="/Users/bill/Repos/FLua/FLua.Runtime.LibraryTests/bin/Debug/net8.0/FLua.Runtime.LibraryTests.dll" adapterTypeName="executor://mstestadapter/v2" className="FLua.Runtime.LibraryTests.LuaTypeConversionTests" name="ToString_IntegerValue_ReturnsStringRepresentation" />
    </UnitTest>
    <UnitTest name="Max_SingleArgument_ReturnsSameValue" storage="/users/bill/repos/flua/flua.runtime.librarytests/bin/debug/net8.0/flua.runtime.librarytests.dll" id="ebf87f26-06ae-013b-9ca8-21f98a2fd024">
      <Execution id="e7b233fc-cb77-420f-b4c5-8f63db77a651" />
      <TestMethod codeBase="/Users/bill/Repos/FLua/FLua.Runtime.LibraryTests/bin/Debug/net8.0/FLua.Runtime.LibraryTests.dll" adapterTypeName="executor://mstestadapter/v2" className="FLua.Runtime.LibraryTests.LuaMathLibTests" name="Max_SingleArgument_ReturnsSameValue" />
    </UnitTest>
    <UnitTest name="Find_NegativeStartPosition_WorksFromEnd" storage="/users/bill/repos/flua/flua.runtime.librarytests/bin/debug/net8.0/flua.runtime.librarytests.dll" id="4e5502ac-bda2-4618-9cdc-4a77f465f2cd">
      <Execution id="36462cb9-7586-49a8-a3ea-a27e4fe2b3ea" />
      <TestMethod codeBase="/Users/bill/Repos/FLua/FLua.Runtime.LibraryTests/bin/Debug/net8.0/FLua.Runtime.LibraryTests.dll" adapterTypeName="executor://mstestadapter/v2" className="FLua.Runtime.LibraryTests.LuaStringLibTests" name="Find_NegativeStartPosition_WorksFromEnd" />
    </UnitTest>
    <UnitTest name="CreateNumber_NegativeInfinity_ReturnsNegativeInfinityFloat" storage="/users/bill/repos/flua/flua.runtime.librarytests/bin/debug/net8.0/flua.runtime.librarytests.dll" id="4c6d59de-90f4-9ae9-54d4-1a99c66126ef">
      <Execution id="a05dced2-c002-43a9-b187-acf90038f459" />
      <TestMethod codeBase="/Users/bill/Repos/FLua/FLua.Runtime.LibraryTests/bin/Debug/net8.0/FLua.Runtime.LibraryTests.dll" adapterTypeName="executor://mstestadapter/v2" className="FLua.Runtime.LibraryTests.LuaValueHelpersTests" name="CreateNumber_NegativeInfinity_ReturnsNegativeInfinityFloat" />
    </UnitTest>
    <UnitTest name="Move_StartGreaterThanEnd_DoesNothing" storage="/users/bill/repos/flua/flua.runtime.librarytests/bin/debug/net8.0/flua.runtime.librarytests.dll" id="d64ab112-e469-9b4c-1a0e-3d4f82051157">
      <Execution id="34c4ad1e-a0ca-4900-81c2-9e1558b41ef8" />
      <TestMethod codeBase="/Users/bill/Repos/FLua/FLua.Runtime.LibraryTests/bin/Debug/net8.0/FLua.Runtime.LibraryTests.dll" adapterTypeName="executor://mstestadapter/v2" className="FLua.Runtime.LibraryTests.LuaTableLibTests" name="Move_StartGreaterThanEnd_DoesNothing" />
    </UnitTest>
    <UnitTest name="SetLocale_POSIXLocale_ReturnsC" storage="/users/bill/repos/flua/flua.runtime.librarytests/bin/debug/net8.0/flua.runtime.librarytests.dll" id="39a175cb-8470-7478-0559-74546990a78a">
      <Execution id="f9157c5c-b390-45cc-98d9-39d24ce78411" />
      <TestMethod codeBase="/Users/bill/Repos/FLua/FLua.Runtime.LibraryTests/bin/Debug/net8.0/FLua.Runtime.LibraryTests.dll" adapterTypeName="executor://mstestadapter/v2" className="FLua.Runtime.LibraryTests.LuaOSLibTests" name="SetLocale_POSIXLocale_ReturnsC" />
    </UnitTest>
    <UnitTest name="Find_CharacterClassWithQuantifier_CombinesFeatures" storage="/users/bill/repos/flua/flua.runtime.librarytests/bin/debug/net8.0/flua.runtime.librarytests.dll" id="fc8d9af8-df11-31f7-cb7e-4ba7d3edc77c">
      <Execution id="4eb7a6a4-f71d-4fa0-bea2-885e49fa7cec" />
      <TestMethod codeBase="/Users/bill/Repos/FLua/FLua.Runtime.LibraryTests/bin/Debug/net8.0/FLua.Runtime.LibraryTests.dll" adapterTypeName="executor://mstestadapter/v2" className="FLua.Runtime.LibraryTests.LuaStringLibTests" name="Find_CharacterClassWithQuantifier_CombinesFeatures" />
    </UnitTest>
    <UnitTest name="Unpack_InsufficientData_ThrowsException" storage="/users/bill/repos/flua/flua.runtime.librarytests/bin/debug/net8.0/flua.runtime.librarytests.dll" id="3b79bcb2-9c96-0857-98b5-47d890c00284">
      <Execution id="17fc5a51-1f06-465d-9e23-bed87addd77a" />
      <TestMethod codeBase="/Users/bill/Repos/FLua/FLua.Runtime.LibraryTests/bin/Debug/net8.0/FLua.Runtime.LibraryTests.dll" adapterTypeName="executor://mstestadapter/v2" className="FLua.Runtime.LibraryTests.LuaStringLibTests" name="Unpack_InsufficientData_ThrowsException" />
    </UnitTest>
    <UnitTest name="CreateStandardEnvironment_HasTableFunctions" storage="/users/bill/repos/flua/flua.runtime.librarytests/bin/debug/net8.0/flua.runtime.librarytests.dll" id="0683bfa0-f565-6d1c-623a-4b4052649ade">
      <Execution id="b14e9bf3-ac81-418a-9c2e-d01d1d681480" />
      <TestMethod codeBase="/Users/bill/Repos/FLua/FLua.Runtime.LibraryTests/bin/Debug/net8.0/FLua.Runtime.LibraryTests.dll" adapterTypeName="executor://mstestadapter/v2" className="FLua.Runtime.LibraryTests.LuaEnvironmentTests" name="CreateStandardEnvironment_HasTableFunctions" />
    </UnitTest>
    <UnitTest name="TryGetFloat_IntegerValue_ReturnsTrue" storage="/users/bill/repos/flua/flua.runtime.librarytests/bin/debug/net8.0/flua.runtime.librarytests.dll" id="0962b052-25b5-015e-e85d-065851746177">
      <Execution id="aef3b95f-b741-4a1b-83ec-f14281a4187f" />
      <TestMethod codeBase="/Users/bill/Repos/FLua/FLua.Runtime.LibraryTests/bin/Debug/net8.0/FLua.Runtime.LibraryTests.dll" adapterTypeName="executor://mstestadapter/v2" className="FLua.Runtime.LibraryTests.LuaValueTests" name="TryGetFloat_IntegerValue_ReturnsTrue" />
    </UnitTest>
    <UnitTest name="Find_CharacterClassWithPlusQuantifier_NowWorking" storage="/users/bill/repos/flua/flua.runtime.librarytests/bin/debug/net8.0/flua.runtime.librarytests.dll" id="b7d95339-e140-5f3e-0d81-600edb2bba27">
      <Execution id="1ae8328e-f284-4059-b5ef-71177ff02c6e" />
      <TestMethod codeBase="/Users/bill/Repos/FLua/FLua.Runtime.LibraryTests/bin/Debug/net8.0/FLua.Runtime.LibraryTests.dll" adapterTypeName="executor://mstestadapter/v2" className="FLua.Runtime.LibraryTests.LuaStringLibTests" name="Find_CharacterClassWithPlusQuantifier_NowWorking" />
    </UnitTest>
    <UnitTest name="ChildEnvironment_CanOverrideParentVariables" storage="/users/bill/repos/flua/flua.runtime.librarytests/bin/debug/net8.0/flua.runtime.librarytests.dll" id="5e867a51-a9c3-4542-6de1-9d964cecbd2f">
      <Execution id="8c9254af-8549-4f27-9214-e5fef3d1e4c3" />
      <TestMethod codeBase="/Users/bill/Repos/FLua/FLua.Runtime.LibraryTests/bin/Debug/net8.0/FLua.Runtime.LibraryTests.dll" adapterTypeName="executor://mstestadapter/v2" className="FLua.Runtime.LibraryTests.LuaEnvironmentTests" name="ChildEnvironment_CanOverrideParentVariables" />
    </UnitTest>
    <UnitTest name="Min_WithNegativeInfinity_ReturnsNegativeInfinity" storage="/users/bill/repos/flua/flua.runtime.librarytests/bin/debug/net8.0/flua.runtime.librarytests.dll" id="e8e7e8b2-544a-dfe0-aff7-6f7f43f6fb0c">
      <Execution id="a2b5d642-82ab-4a88-9e54-0a2ab9411ae5" />
      <TestMethod codeBase="/Users/bill/Repos/FLua/FLua.Runtime.LibraryTests/bin/Debug/net8.0/FLua.Runtime.LibraryTests.dll" adapterTypeName="executor://mstestadapter/v2" className="FLua.Runtime.LibraryTests.LuaMathLibTests" name="Min_WithNegativeInfinity_ReturnsNegativeInfinity" />
    </UnitTest>
    <UnitTest name="AsBoolean_NonBooleanValue_ThrowsException" storage="/users/bill/repos/flua/flua.runtime.librarytests/bin/debug/net8.0/flua.runtime.librarytests.dll" id="7f421944-18a1-cd49-28b2-c2eb69df927a">
      <Execution id="97e77b4a-70f7-4562-a3be-247901ab4269" />
      <TestMethod codeBase="/Users/bill/Repos/FLua/FLua.Runtime.LibraryTests/bin/Debug/net8.0/FLua.Runtime.LibraryTests.dll" adapterTypeName="executor://mstestadapter/v2" className="FLua.Runtime.LibraryTests.LuaValueTests" name="AsBoolean_NonBooleanValue_ThrowsException" />
    </UnitTest>
    <UnitTest name="GetInteger_MaxValue_ReturnsCorrectValue" storage="/users/bill/repos/flua/flua.runtime.librarytests/bin/debug/net8.0/flua.runtime.librarytests.dll" id="ef8f5e59-06d1-5f76-a841-1f5dcca9062b">
      <Execution id="ef0cd34d-857f-41ab-820c-29972c9c739f" />
      <TestMethod codeBase="/Users/bill/Repos/FLua/FLua.Runtime.LibraryTests/bin/Debug/net8.0/FLua.Runtime.LibraryTests.dll" adapterTypeName="executor://mstestadapter/v2" className="FLua.Runtime.LibraryTests.LuaValueHelpersTests" name="GetInteger_MaxValue_ReturnsCorrectValue" />
    </UnitTest>
    <UnitTest name="Max_EqualValues_ReturnsFirst" storage="/users/bill/repos/flua/flua.runtime.librarytests/bin/debug/net8.0/flua.runtime.librarytests.dll" id="be96acaf-c981-ee90-0d44-8c6bb765af2e">
      <Execution id="d87ea398-3d16-4d69-9727-1260d6f5ead9" />
      <TestMethod codeBase="/Users/bill/Repos/FLua/FLua.Runtime.LibraryTests/bin/Debug/net8.0/FLua.Runtime.LibraryTests.dll" adapterTypeName="executor://mstestadapter/v2" className="FLua.Runtime.LibraryTests.LuaMathLibTests" name="Max_EqualValues_ReturnsFirst" />
    </UnitTest>
    <UnitTest name="IsNumber_IntegerValue_ReturnsTrue" storage="/users/bill/repos/flua/flua.runtime.librarytests/bin/debug/net8.0/flua.runtime.librarytests.dll" id="83532c81-6d36-55f5-0752-3600785002fe">
      <Execution id="c022c7b5-86e1-4e8d-a9ee-e6fb36b5b81c" />
      <TestMethod codeBase="/Users/bill/Repos/FLua/FLua.Runtime.LibraryTests/bin/Debug/net8.0/FLua.Runtime.LibraryTests.dll" adapterTypeName="executor://mstestadapter/v2" className="FLua.Runtime.LibraryTests.LuaValueTests" name="IsNumber_IntegerValue_ReturnsTrue" />
    </UnitTest>
    <UnitTest name="Offset_ZeroOffset_ReturnsCharacterBounds" storage="/users/bill/repos/flua/flua.runtime.librarytests/bin/debug/net8.0/flua.runtime.librarytests.dll" id="f8c6d118-8285-f0e3-6fcd-ab9b306bd086">
      <Execution id="07bfe192-0aae-4041-b7fd-27b95868b08c" />
      <TestMethod codeBase="/Users/bill/Repos/FLua/FLua.Runtime.LibraryTests/bin/Debug/net8.0/FLua.Runtime.LibraryTests.dll" adapterTypeName="executor://mstestadapter/v2" className="FLua.Runtime.LibraryTests.LuaUTF8LibTests" name="Offset_ZeroOffset_ReturnsCharacterBounds" />
    </UnitTest>
    <UnitTest name="IsTruthy_NilValue_ReturnsFalse" storage="/users/bill/repos/flua/flua.runtime.librarytests/bin/debug/net8.0/flua.runtime.librarytests.dll" id="d4208e9d-84cf-12a5-fe3c-68de214fd15b">
      <Execution id="c5e40f81-3123-45f2-80f9-cfd703266016" />
      <TestMethod codeBase="/Users/bill/Repos/FLua/FLua.Runtime.LibraryTests/bin/Debug/net8.0/FLua.Runtime.LibraryTests.dll" adapterTypeName="executor://mstestadapter/v2" className="FLua.Runtime.LibraryTests.LuaValueTests" name="IsTruthy_NilValue_ReturnsFalse" />
    </UnitTest>
    <UnitTest name="Lower_UppercaseString_ReturnsLowercase" storage="/users/bill/repos/flua/flua.runtime.librarytests/bin/debug/net8.0/flua.runtime.librarytests.dll" id="69d81196-4db6-658e-c598-91e2e91ff420">
      <Execution id="69e08b5d-4be0-46ec-8fbe-b80d22554b31" />
      <TestMethod codeBase="/Users/bill/Repos/FLua/FLua.Runtime.LibraryTests/bin/Debug/net8.0/FLua.Runtime.LibraryTests.dll" adapterTypeName="executor://mstestadapter/v2" className="FLua.Runtime.LibraryTests.LuaStringLibTests" name="Lower_UppercaseString_ReturnsLowercase" />
    </UnitTest>
    <UnitTest name="Assert_Function_WorksCorrectly" storage="/users/bill/repos/flua/flua.runtime.librarytests/bin/debug/net8.0/flua.runtime.librarytests.dll" id="7a517512-31db-43a3-ae7d-6a5e831b689f">
      <Execution id="3ed25c30-db1a-4b17-8eed-046b6fbeff08" />
      <TestMethod codeBase="/Users/bill/Repos/FLua/FLua.Runtime.LibraryTests/bin/Debug/net8.0/FLua.Runtime.LibraryTests.dll" adapterTypeName="executor://mstestadapter/v2" className="FLua.Runtime.LibraryTests.LuaEnvironmentTests" name="Assert_Function_WorksCorrectly" />
    </UnitTest>
    <UnitTest name="CharPattern_HasCorrectValue" storage="/users/bill/repos/flua/flua.runtime.librarytests/bin/debug/net8.0/flua.runtime.librarytests.dll" id="aa3b852f-cc11-9ed5-e993-0c70235b4caf">
      <Execution id="c63207c6-aed8-4e81-a678-aad1f05d6b8b" />
      <TestMethod codeBase="/Users/bill/Repos/FLua/FLua.Runtime.LibraryTests/bin/Debug/net8.0/FLua.Runtime.LibraryTests.dll" adapterTypeName="executor://mstestadapter/v2" className="FLua.Runtime.LibraryTests.LuaUTF8LibTests" name="CharPattern_HasCorrectValue" />
    </UnitTest>
    <UnitTest name="Codes_EmptyString_ReturnsEmptyIterator" storage="/users/bill/repos/flua/flua.runtime.librarytests/bin/debug/net8.0/flua.runtime.librarytests.dll" id="21f636ef-9fca-a9cc-a5e8-ed3b8d49bb1b">
      <Execution id="a8dc7e53-cf84-4d88-82fa-878bc597c9c4" />
      <TestMethod codeBase="/Users/bill/Repos/FLua/FLua.Runtime.LibraryTests/bin/Debug/net8.0/FLua.Runtime.LibraryTests.dll" adapterTypeName="executor://mstestadapter/v2" className="FLua.Runtime.LibraryTests.LuaUTF8LibTests" name="Codes_EmptyString_ReturnsEmptyIterator" />
    </UnitTest>
    <UnitTest name="ToNumber_NilValue_ThrowsException" storage="/users/bill/repos/flua/flua.runtime.librarytests/bin/debug/net8.0/flua.runtime.librarytests.dll" id="5fc26d7f-904c-f092-0a78-2a57fde6bffe">
      <Execution id="2e3da338-bee0-4583-b9e1-327338533e4f" />
      <TestMethod codeBase="/Users/bill/Repos/FLua/FLua.Runtime.LibraryTests/bin/Debug/net8.0/FLua.Runtime.LibraryTests.dll" adapterTypeName="executor://mstestadapter/v2" className="FLua.Runtime.LibraryTests.LuaTypeConversionTests" name="ToNumber_NilValue_ThrowsException" />
    </UnitTest>
    <UnitTest name="ToNumber_NumericString_ReturnsCorrectNumber" storage="/users/bill/repos/flua/flua.runtime.librarytests/bin/debug/net8.0/flua.runtime.librarytests.dll" id="8ae4fd12-f125-9f84-a866-c91316a2ebb5">
      <Execution id="5ef69a2b-4c8a-4b7c-97fb-8a3bb40576e3" />
      <TestMethod codeBase="/Users/bill/Repos/FLua/FLua.Runtime.LibraryTests/bin/Debug/net8.0/FLua.Runtime.LibraryTests.dll" adapterTypeName="executor://mstestadapter/v2" className="FLua.Runtime.LibraryTests.LuaTypeConversionTests" name="ToNumber_NumericString_ReturnsCorrectNumber" />
    </UnitTest>
    <UnitTest name="Pack_NoArguments_ThrowsException" storage="/users/bill/repos/flua/flua.runtime.librarytests/bin/debug/net8.0/flua.runtime.librarytests.dll" id="b33ce3c3-a76e-3fd5-774d-ad2d0e8829fd">
      <Execution id="0fb84f51-7844-43a8-9a43-d03226de8973" />
      <TestMethod codeBase="/Users/bill/Repos/FLua/FLua.Runtime.LibraryTests/bin/Debug/net8.0/FLua.Runtime.LibraryTests.dll" adapterTypeName="executor://mstestadapter/v2" className="FLua.Runtime.LibraryTests.LuaStringLibTests" name="Pack_NoArguments_ThrowsException" />
    </UnitTest>
    <UnitTest name="Len_ASCIIString_ReturnsCharacterCount" storage="/users/bill/repos/flua/flua.runtime.librarytests/bin/debug/net8.0/flua.runtime.librarytests.dll" id="80357ee3-2308-8b5b-a4ea-aff6df7d3e4c">
      <Execution id="0159bbf8-7c0a-4838-b22d-a8dec989a6c7" />
      <TestMethod codeBase="/Users/bill/Repos/FLua/FLua.Runtime.LibraryTests/bin/Debug/net8.0/FLua.Runtime.LibraryTests.dll" adapterTypeName="executor://mstestadapter/v2" className="FLua.Runtime.LibraryTests.LuaUTF8LibTests" name="Len_ASCIIString_ReturnsCharacterCount" />
    </UnitTest>
    <UnitTest name="Sort_SingleElement_DoesNothing" storage="/users/bill/repos/flua/flua.runtime.librarytests/bin/debug/net8.0/flua.runtime.librarytests.dll" id="1b7433fc-720c-62b6-538b-08680d59707a">
      <Execution id="9b188f3b-912e-4cba-b3a1-331427ffd3c1" />
      <TestMethod codeBase="/Users/bill/Repos/FLua/FLua.Runtime.LibraryTests/bin/Debug/net8.0/FLua.Runtime.LibraryTests.dll" adapterTypeName="executor://mstestadapter/v2" className="FLua.Runtime.LibraryTests.LuaTableLibTests" name="Sort_SingleElement_DoesNothing" />
    </UnitTest>
    <UnitTest name="AsDouble_IntegerValue_ReturnsDoubleValue" storage="/users/bill/repos/flua/flua.runtime.librarytests/bin/debug/net8.0/flua.runtime.librarytests.dll" id="3537b0ed-bab1-c2f5-78f0-ffd787f9c64e">
      <Execution id="40a6036b-096d-46a3-9ecc-c902146fefba" />
      <TestMethod codeBase="/Users/bill/Repos/FLua/FLua.Runtime.LibraryTests/bin/Debug/net8.0/FLua.Runtime.LibraryTests.dll" adapterTypeName="executor://mstestadapter/v2" className="FLua.Runtime.LibraryTests.LuaValueTests" name="AsDouble_IntegerValue_ReturnsDoubleValue" />
    </UnitTest>
    <UnitTest name="Find_NegatedCharacterClass_MatchesExceptSet" storage="/users/bill/repos/flua/flua.runtime.librarytests/bin/debug/net8.0/flua.runtime.librarytests.dll" id="69b291bb-5a9f-ecaa-0be9-3fda0d5c8920">
      <Execution id="ce9d1928-6d20-4587-bc7a-e247a61794f3" />
      <TestMethod codeBase="/Users/bill/Repos/FLua/FLua.Runtime.LibraryTests/bin/Debug/net8.0/FLua.Runtime.LibraryTests.dll" adapterTypeName="executor://mstestadapter/v2" className="FLua.Runtime.LibraryTests.LuaStringLibTests" name="Find_NegatedCharacterClass_MatchesExceptSet" />
    </UnitTest>
    <UnitTest name="ToInteger_FloatWithIntegerValue_ReturnsInteger" storage="/users/bill/repos/flua/flua.runtime.librarytests/bin/debug/net8.0/flua.runtime.librarytests.dll" id="09da649e-f156-15bf-398b-520b4478c270">
      <Execution id="a2d75790-ab29-486f-81c0-e0f99451e0ae" />
      <TestMethod codeBase="/Users/bill/Repos/FLua/FLua.Runtime.LibraryTests/bin/Debug/net8.0/FLua.Runtime.LibraryTests.dll" adapterTypeName="executor://mstestadapter/v2" className="FLua.Runtime.LibraryTests.LuaTypeConversionTests" name="ToInteger_FloatWithIntegerValue_ReturnsInteger" />
    </UnitTest>
    <UnitTest name="ValueCreation_ManyValues_HandlesCorrectly" storage="/users/bill/repos/flua/flua.runtime.librarytests/bin/debug/net8.0/flua.runtime.librarytests.dll" id="d4672541-c440-0312-b1b6-4a3b3137f111">
      <Execution id="9385cf8c-ea52-4275-9f44-52cf56e41150" />
      <TestMethod codeBase="/Users/bill/Repos/FLua/FLua.Runtime.LibraryTests/bin/Debug/net8.0/FLua.Runtime.LibraryTests.dll" adapterTypeName="executor://mstestadapter/v2" className="FLua.Runtime.LibraryTests.LuaValueTests" name="ValueCreation_ManyValues_HandlesCorrectly" />
    </UnitTest>
    <UnitTest name="Find_CharacterClass_MatchesSetOfCharacters" storage="/users/bill/repos/flua/flua.runtime.librarytests/bin/debug/net8.0/flua.runtime.librarytests.dll" id="e0fa63d2-29e3-f2cc-83ce-456d57f05a7e">
      <Execution id="5f00a186-ccfa-4b3e-aa0e-e44012670656" />
      <TestMethod codeBase="/Users/bill/Repos/FLua/FLua.Runtime.LibraryTests/bin/Debug/net8.0/FLua.Runtime.LibraryTests.dll" adapterTypeName="executor://mstestadapter/v2" className="FLua.Runtime.LibraryTests.LuaStringLibTests" name="Find_CharacterClass_MatchesSetOfCharacters" />
    </UnitTest>
    <UnitTest name="Byte_NegativeIndex_WorksFromEnd" storage="/users/bill/repos/flua/flua.runtime.librarytests/bin/debug/net8.0/flua.runtime.librarytests.dll" id="12a32e54-5254-1490-859a-b6053824e69f">
      <Execution id="0c4e431c-ac51-4d92-8758-c0fd7641a7f8" />
      <TestMethod codeBase="/Users/bill/Repos/FLua/FLua.Runtime.LibraryTests/bin/Debug/net8.0/FLua.Runtime.LibraryTests.dll" adapterTypeName="executor://mstestadapter/v2" className="FLua.Runtime.LibraryTests.LuaStringLibTests" name="Byte_NegativeIndex_WorksFromEnd" />
    </UnitTest>
    <UnitTest name="Codes_EmojiString_HandlesEmoji" storage="/users/bill/repos/flua/flua.runtime.librarytests/bin/debug/net8.0/flua.runtime.librarytests.dll" id="6e0480a2-e23c-3dae-1b00-9a923cff2450">
      <Execution id="18c868bd-6694-44b0-8599-eb9b9bcf4b49" />
      <TestMethod codeBase="/Users/bill/Repos/FLua/FLua.Runtime.LibraryTests/bin/Debug/net8.0/FLua.Runtime.LibraryTests.dll" adapterTypeName="executor://mstestadapter/v2" className="FLua.Runtime.LibraryTests.LuaUTF8LibTests" name="Codes_EmojiString_HandlesEmoji" />
    </UnitTest>
    <UnitTest name="IsFunction_FunctionValue_ReturnsTrue" storage="/users/bill/repos/flua/flua.runtime.librarytests/bin/debug/net8.0/flua.runtime.librarytests.dll" id="92d129aa-64ed-22db-4bde-585d3381802c">
      <Execution id="e4b825b0-49a4-4a6e-94d8-3beaa988c99c" />
      <TestMethod codeBase="/Users/bill/Repos/FLua/FLua.Runtime.LibraryTests/bin/Debug/net8.0/FLua.Runtime.LibraryTests.dll" adapterTypeName="executor://mstestadapter/v2" className="FLua.Runtime.LibraryTests.LuaValueHelpersTests" name="IsFunction_FunctionValue_ReturnsTrue" />
    </UnitTest>
    <UnitTest name="Find_FullStringPattern_MatchesEntireString" storage="/users/bill/repos/flua/flua.runtime.librarytests/bin/debug/net8.0/flua.runtime.librarytests.dll" id="05ae02b1-5669-b205-ae3e-0f20a2128d81">
      <Execution id="2340e566-3260-41f5-a4da-f7a9253e50dd" />
      <TestMethod codeBase="/Users/bill/Repos/FLua/FLua.Runtime.LibraryTests/bin/Debug/net8.0/FLua.Runtime.LibraryTests.dll" adapterTypeName="executor://mstestadapter/v2" className="FLua.Runtime.LibraryTests.LuaStringLibTests" name="Find_FullStringPattern_MatchesEntireString" />
    </UnitTest>
    <UnitTest name="Remove_NonIntegerPosition_ThrowsException" storage="/users/bill/repos/flua/flua.runtime.librarytests/bin/debug/net8.0/flua.runtime.librarytests.dll" id="2a5faa5a-4d2a-07ee-d54a-0bde21ce290e">
      <Execution id="8271d48f-cf4c-441a-acac-0a7d27900776" />
      <TestMethod codeBase="/Users/bill/Repos/FLua/FLua.Runtime.LibraryTests/bin/Debug/net8.0/FLua.Runtime.LibraryTests.dll" adapterTypeName="executor://mstestadapter/v2" className="FLua.Runtime.LibraryTests.LuaTableLibTests" name="Remove_NonIntegerPosition_ThrowsException" />
    </UnitTest>
    <UnitTest name="Type_Float_ReturnsFloatString" storage="/users/bill/repos/flua/flua.runtime.librarytests/bin/debug/net8.0/flua.runtime.librarytests.dll" id="c659012b-8f4d-410e-6f83-db62acbbedbf">
      <Execution id="5c9603f3-0267-41df-a42d-bbc7ee642ec4" />
      <TestMethod codeBase="/Users/bill/Repos/FLua/FLua.Runtime.LibraryTests/bin/Debug/net8.0/FLua.Runtime.LibraryTests.dll" adapterTypeName="executor://mstestadapter/v2" className="FLua.Runtime.LibraryTests.LuaMathLibTests" name="Type_Float_ReturnsFloatString" />
    </UnitTest>
    <UnitTest name="Pack_LuaInteger_WorksCorrectly" storage="/users/bill/repos/flua/flua.runtime.librarytests/bin/debug/net8.0/flua.runtime.librarytests.dll" id="05a62926-3f5d-b1e6-9c77-b3c365f471b4">
      <Execution id="47e0a557-d9e2-4b50-b4fd-bd21762d7213" />
      <TestMethod codeBase="/Users/bill/Repos/FLua/FLua.Runtime.LibraryTests/bin/Debug/net8.0/FLua.Runtime.LibraryTests.dll" adapterTypeName="executor://mstestadapter/v2" className="FLua.Runtime.LibraryTests.LuaStringLibTests" name="Pack_LuaInteger_WorksCorrectly" />
    </UnitTest>
    <UnitTest name="Exp_Zero_ReturnsOne" storage="/users/bill/repos/flua/flua.runtime.librarytests/bin/debug/net8.0/flua.runtime.librarytests.dll" id="96fc1885-37d5-b583-5c9d-58cc2bb7e2b6">
      <Execution id="e69e2de6-50ee-468e-9c70-f6c85747a267" />
      <TestMethod codeBase="/Users/bill/Repos/FLua/FLua.Runtime.LibraryTests/bin/Debug/net8.0/FLua.Runtime.LibraryTests.dll" adapterTypeName="executor://mstestadapter/v2" className="FLua.Runtime.LibraryTests.LuaMathLibTests" name="Exp_Zero_ReturnsOne" />
    </UnitTest>
    <UnitTest name="Find_UnbalancedCaptures_HandlesGracefully" storage="/users/bill/repos/flua/flua.runtime.librarytests/bin/debug/net8.0/flua.runtime.librarytests.dll" id="b20a0e51-1563-a968-27f7-785c41b1392c">
      <Execution id="5af9479c-0fae-46c7-b63b-96e96c8635bf" />
      <TestMethod codeBase="/Users/bill/Repos/FLua/FLua.Runtime.LibraryTests/bin/Debug/net8.0/FLua.Runtime.LibraryTests.dll" adapterTypeName="executor://mstestadapter/v2" className="FLua.Runtime.LibraryTests.LuaStringLibTests" name="Find_UnbalancedCaptures_HandlesGracefully" />
    </UnitTest>
    <UnitTest name="Pack_InsufficientArguments_ThrowsException" storage="/users/bill/repos/flua/flua.runtime.librarytests/bin/debug/net8.0/flua.runtime.librarytests.dll" id="aa3dcf33-9e0f-5175-b5ba-e865902bf797">
      <Execution id="aebdc08e-7c4c-4ccf-826a-b4371a4afa3c" />
      <TestMethod codeBase="/Users/bill/Repos/FLua/FLua.Runtime.LibraryTests/bin/Debug/net8.0/FLua.Runtime.LibraryTests.dll" adapterTypeName="executor://mstestadapter/v2" className="FLua.Runtime.LibraryTests.LuaStringLibTests" name="Pack_InsufficientArguments_ThrowsException" />
    </UnitTest>
    <UnitTest name="Float_PositiveInfinity_ReturnsCorrectValue" storage="/users/bill/repos/flua/flua.runtime.librarytests/bin/debug/net8.0/flua.runtime.librarytests.dll" id="28b68190-b011-28ce-504a-915eec13872f">
      <Execution id="b3af59c3-1fca-4c69-8cdd-f853b74bb9aa" />
      <TestMethod codeBase="/Users/bill/Repos/FLua/FLua.Runtime.LibraryTests/bin/Debug/net8.0/FLua.Runtime.LibraryTests.dll" adapterTypeName="executor://mstestadapter/v2" className="FLua.Runtime.LibraryTests.LuaValueTests" name="Float_PositiveInfinity_ReturnsCorrectValue" />
    </UnitTest>
    <UnitTest name="Abs_PositiveFloat_ReturnsPositive" storage="/users/bill/repos/flua/flua.runtime.librarytests/bin/debug/net8.0/flua.runtime.librarytests.dll" id="ecfd8baf-76be-e64b-eeab-b52cc7f1657d">
      <Execution id="abd4c1af-9599-42d0-8e1a-efb140f91a74" />
      <TestMethod codeBase="/Users/bill/Repos/FLua/FLua.Runtime.LibraryTests/bin/Debug/net8.0/FLua.Runtime.LibraryTests.dll" adapterTypeName="executor://mstestadapter/v2" className="FLua.Runtime.LibraryTests.LuaMathLibTests" name="Abs_PositiveFloat_ReturnsPositive" />
    </UnitTest>
    <UnitTest name="StringToNumber_ScientificNotation_ReturnsCorrectValue" storage="/users/bill/repos/flua/flua.runtime.librarytests/bin/debug/net8.0/flua.runtime.librarytests.dll" id="41f760a9-a423-8221-622c-601a088c4be6">
      <Execution id="37f1075d-ce85-4944-87ed-5efd8cb58b0e" />
      <TestMethod codeBase="/Users/bill/Repos/FLua/FLua.Runtime.LibraryTests/bin/Debug/net8.0/FLua.Runtime.LibraryTests.dll" adapterTypeName="executor://mstestadapter/v2" className="FLua.Runtime.LibraryTests.LuaTypeConversionTests" name="StringToNumber_ScientificNotation_ReturnsCorrectValue" />
    </UnitTest>
    <UnitTest name="StringToNumber_InvalidString_ReturnsNull" storage="/users/bill/repos/flua/flua.runtime.librarytests/bin/debug/net8.0/flua.runtime.librarytests.dll" id="c95181fb-a469-7e1a-e0b7-34c883e587b6">
      <Execution id="094b040f-d788-4abb-9a4c-2326f0930b3a" />
      <TestMethod codeBase="/Users/bill/Repos/FLua/FLua.Runtime.LibraryTests/bin/Debug/net8.0/FLua.Runtime.LibraryTests.dll" adapterTypeName="executor://mstestadapter/v2" className="FLua.Runtime.LibraryTests.LuaTypeConversionTests" name="StringToNumber_InvalidString_ReturnsNull" />
    </UnitTest>
    <UnitTest name="Match_DotWildcard_MatchesAnyCharacter" storage="/users/bill/repos/flua/flua.runtime.librarytests/bin/debug/net8.0/flua.runtime.librarytests.dll" id="c5d177fc-0ecf-39b8-b3e2-28dbec2edf0d">
      <Execution id="7b5ed2ee-7ff7-4d87-9137-51665cde69c2" />
      <TestMethod codeBase="/Users/bill/Repos/FLua/FLua.Runtime.LibraryTests/bin/Debug/net8.0/FLua.Runtime.LibraryTests.dll" adapterTypeName="executor://mstestadapter/v2" className="FLua.Runtime.LibraryTests.LuaStringLibTests" name="Match_DotWildcard_MatchesAnyCharacter" />
    </UnitTest>
    <UnitTest name="ToLuaString_BooleanValues_ReturnsCorrectStrings" storage="/users/bill/repos/flua/flua.runtime.librarytests/bin/debug/net8.0/flua.runtime.librarytests.dll" id="33afb6d3-b187-b943-c57f-faeaa9ec0a3b">
      <Execution id="3752ccd0-6a36-432c-a711-54b9151bf77f" />
      <TestMethod codeBase="/Users/bill/Repos/FLua/FLua.Runtime.LibraryTests/bin/Debug/net8.0/FLua.Runtime.LibraryTests.dll" adapterTypeName="executor://mstestadapter/v2" className="FLua.Runtime.LibraryTests.LuaValueTests" name="ToLuaString_BooleanValues_ReturnsCorrectStrings" />
    </UnitTest>
    <UnitTest name="ToNumber_FloatValue_ReturnsDoubleValue" storage="/users/bill/repos/flua/flua.runtime.librarytests/bin/debug/net8.0/flua.runtime.librarytests.dll" id="c1baf7cd-baf6-a6dc-ac96-f4833dd5d5c5">
      <Execution id="50e06f26-5c13-4f77-bdd8-3f32135a0058" />
      <TestMethod codeBase="/Users/bill/Repos/FLua/FLua.Runtime.LibraryTests/bin/Debug/net8.0/FLua.Runtime.LibraryTests.dll" adapterTypeName="executor://mstestadapter/v2" className="FLua.Runtime.LibraryTests.LuaTypeConversionTests" name="ToNumber_FloatValue_ReturnsDoubleValue" />
    </UnitTest>
    <UnitTest name="Sub_StartGreaterThanEnd_ReturnsEmptyString" storage="/users/bill/repos/flua/flua.runtime.librarytests/bin/debug/net8.0/flua.runtime.librarytests.dll" id="77384db3-4321-1fbc-042f-30de6613acfa">
      <Execution id="0c9d9bcb-2e39-4f1d-838a-fb46a5493469" />
      <TestMethod codeBase="/Users/bill/Repos/FLua/FLua.Runtime.LibraryTests/bin/Debug/net8.0/FLua.Runtime.LibraryTests.dll" adapterTypeName="executor://mstestadapter/v2" className="FLua.Runtime.LibraryTests.LuaStringLibTests" name="Sub_StartGreaterThanEnd_ReturnsEmptyString" />
    </UnitTest>
    <UnitTest name="Len_NoArguments_ThrowsException" storage="/users/bill/repos/flua/flua.runtime.librarytests/bin/debug/net8.0/flua.runtime.librarytests.dll" id="2e518224-3b0a-3d1b-9a76-50a35594c7ae">
      <Execution id="7ce28975-5842-4093-a446-f67daf797361" />
      <TestMethod codeBase="/Users/bill/Repos/FLua/FLua.Runtime.LibraryTests/bin/Debug/net8.0/FLua.Runtime.LibraryTests.dll" adapterTypeName="executor://mstestadapter/v2" className="FLua.Runtime.LibraryTests.LuaStringLibTests" name="Len_NoArguments_ThrowsException" />
    </UnitTest>
    <UnitTest name="CodePoint_OutOfBounds_ReturnsEmpty" storage="/users/bill/repos/flua/flua.runtime.librarytests/bin/debug/net8.0/flua.runtime.librarytests.dll" id="f78c516b-19b5-6162-b927-304c88d19605">
      <Execution id="cd668941-7621-4830-848c-2733af9653a1" />
      <TestMethod codeBase="/Users/bill/Repos/FLua/FLua.Runtime.LibraryTests/bin/Debug/net8.0/FLua.Runtime.LibraryTests.dll" adapterTypeName="executor://mstestadapter/v2" className="FLua.Runtime.LibraryTests.LuaUTF8LibTests" name="CodePoint_OutOfBounds_ReturnsEmpty" />
    </UnitTest>
    <UnitTest name="FileHandle_Read_EmptyFile_ReturnsNil" storage="/users/bill/repos/flua/flua.runtime.librarytests/bin/debug/net8.0/flua.runtime.librarytests.dll" id="ba2fe975-537e-50f3-f754-c1766b4c62cf">
      <Execution id="d2ba328b-fda2-4ae9-9162-f95d8bb7c578" />
      <TestMethod codeBase="/Users/bill/Repos/FLua/FLua.Runtime.LibraryTests/bin/Debug/net8.0/FLua.Runtime.LibraryTests.dll" adapterTypeName="executor://mstestadapter/v2" className="FLua.Runtime.LibraryTests.LuaIOLibTests" name="FileHandle_Read_EmptyFile_ReturnsNil" />
    </UnitTest>
    <UnitTest name="CreateStandardEnvironment_HasRawOperations" storage="/users/bill/repos/flua/flua.runtime.librarytests/bin/debug/net8.0/flua.runtime.librarytests.dll" id="3aedc30b-49f4-ff0f-680b-aad67022a5d1">
      <Execution id="64dfc0cc-dd33-4590-8c3a-131fc12e599e" />
      <TestMethod codeBase="/Users/bill/Repos/FLua/FLua.Runtime.LibraryTests/bin/Debug/net8.0/FLua.Runtime.LibraryTests.dll" adapterTypeName="executor://mstestadapter/v2" className="FLua.Runtime.LibraryTests.LuaEnvironmentTests" name="CreateStandardEnvironment_HasRawOperations" />
    </UnitTest>
    <UnitTest name="Insert_BeyondArrayBounds_CreatesGap" storage="/users/bill/repos/flua/flua.runtime.librarytests/bin/debug/net8.0/flua.runtime.librarytests.dll" id="3357e835-cd07-a322-d7e3-de79066a2658">
      <Execution id="fb4e0dbd-b30d-41c6-9c86-11387bdb67af" />
      <TestMethod codeBase="/Users/bill/Repos/FLua/FLua.Runtime.LibraryTests/bin/Debug/net8.0/FLua.Runtime.LibraryTests.dll" adapterTypeName="executor://mstestadapter/v2" className="FLua.Runtime.LibraryTests.LuaTableLibTests" name="Insert_BeyondArrayBounds_CreatesGap" />
    </UnitTest>
    <UnitTest name="IsTruthy_TrueBoolean_ReturnsTrue" storage="/users/bill/repos/flua/flua.runtime.librarytests/bin/debug/net8.0/flua.runtime.librarytests.dll" id="2d85723d-d3b9-157a-79e0-814a5b206e52">
      <Execution id="c9752346-aa22-4b8b-b930-cf56bc73d5d5" />
      <TestMethod codeBase="/Users/bill/Repos/FLua/FLua.Runtime.LibraryTests/bin/Debug/net8.0/FLua.Runtime.LibraryTests.dll" adapterTypeName="executor://mstestadapter/v2" className="FLua.Runtime.LibraryTests.LuaValueTests" name="IsTruthy_TrueBoolean_ReturnsTrue" />
    </UnitTest>
    <UnitTest name="Type_Integer_ReturnsIntegerString" storage="/users/bill/repos/flua/flua.runtime.librarytests/bin/debug/net8.0/flua.runtime.librarytests.dll" id="52df723a-c1e8-d26c-e420-4811e9153678">
      <Execution id="81b08e71-3645-44f7-971a-4de41bddc2b7" />
      <TestMethod codeBase="/Users/bill/Repos/FLua/FLua.Runtime.LibraryTests/bin/Debug/net8.0/FLua.Runtime.LibraryTests.dll" adapterTypeName="executor://mstestadapter/v2" className="FLua.Runtime.LibraryTests.LuaMathLibTests" name="Type_Integer_ReturnsIntegerString" />
    </UnitTest>
    <UnitTest name="FileHandle_Read_VeryLargeCount" storage="/users/bill/repos/flua/flua.runtime.librarytests/bin/debug/net8.0/flua.runtime.librarytests.dll" id="247f7b58-910c-0c73-20a5-0f0b1b80206a">
      <Execution id="d7b07589-b044-45a1-ba5d-2053304d3669" />
      <TestMethod codeBase="/Users/bill/Repos/FLua/FLua.Runtime.LibraryTests/bin/Debug/net8.0/FLua.Runtime.LibraryTests.dll" adapterTypeName="executor://mstestadapter/v2" className="FLua.Runtime.LibraryTests.LuaIOLibTests" name="FileHandle_Read_VeryLargeCount" />
    </UnitTest>
    <UnitTest name="Match_VeryLongString_HandlesCorrectly" storage="/users/bill/repos/flua/flua.runtime.librarytests/bin/debug/net8.0/flua.runtime.librarytests.dll" id="53fcdc6f-1a53-2c37-03c9-02277540dcfe">
      <Execution id="d9426d27-7598-4549-94cb-2314dd960ec5" />
      <TestMethod codeBase="/Users/bill/Repos/FLua/FLua.Runtime.LibraryTests/bin/Debug/net8.0/FLua.Runtime.LibraryTests.dll" adapterTypeName="executor://mstestadapter/v2" className="FLua.Runtime.LibraryTests.LuaStringLibTests" name="Match_VeryLongString_HandlesCorrectly" />
    </UnitTest>
    <UnitTest name="Helpers_AllNumberTypes_ConsistentBehavior" storage="/users/bill/repos/flua/flua.runtime.librarytests/bin/debug/net8.0/flua.runtime.librarytests.dll" id="4a5a9497-6482-4f28-826d-674900fa84eb">
      <Execution id="bd30cf1f-40e5-4d91-b20f-04f89abb6f07" />
      <TestMethod codeBase="/Users/bill/Repos/FLua/FLua.Runtime.LibraryTests/bin/Debug/net8.0/FLua.Runtime.LibraryTests.dll" adapterTypeName="executor://mstestadapter/v2" className="FLua.Runtime.LibraryTests.LuaValueHelpersTests" name="Helpers_AllNumberTypes_ConsistentBehavior" />
    </UnitTest>
    <UnitTest name="Max_WithInfinity_ReturnsInfinity" storage="/users/bill/repos/flua/flua.runtime.librarytests/bin/debug/net8.0/flua.runtime.librarytests.dll" id="eb96c93f-d168-6c94-29ee-9fee3c31ed29">
      <Execution id="b74eb559-a6e7-4f6e-8d7c-73cdd85fe773" />
      <TestMethod codeBase="/Users/bill/Repos/FLua/FLua.Runtime.LibraryTests/bin/Debug/net8.0/FLua.Runtime.LibraryTests.dll" adapterTypeName="executor://mstestadapter/v2" className="FLua.Runtime.LibraryTests.LuaMathLibTests" name="Max_WithInfinity_ReturnsInfinity" />
    </UnitTest>
    <UnitTest name="Constructor_CreatesEmptyEnvironment" storage="/users/bill/repos/flua/flua.runtime.librarytests/bin/debug/net8.0/flua.runtime.librarytests.dll" id="b5a4087e-1bf3-a92c-626f-a642ce8f4fa4">
      <Execution id="04817ca3-39ff-4839-b549-37a27892590f" />
      <TestMethod codeBase="/Users/bill/Repos/FLua/FLua.Runtime.LibraryTests/bin/Debug/net8.0/FLua.Runtime.LibraryTests.dll" adapterTypeName="executor://mstestadapter/v2" className="FLua.Runtime.LibraryTests.LuaEnvironmentTests" name="Constructor_CreatesEmptyEnvironment" />
    </UnitTest>
    <UnitTest name="Close_WithFileHandle_ClosesFile" storage="/users/bill/repos/flua/flua.runtime.librarytests/bin/debug/net8.0/flua.runtime.librarytests.dll" id="ab2bd540-86e6-8c34-10b0-e2398e1dd43b">
      <Execution id="8530f66c-b426-4154-bee0-634d20112568" />
      <TestMethod codeBase="/Users/bill/Repos/FLua/FLua.Runtime.LibraryTests/bin/Debug/net8.0/FLua.Runtime.LibraryTests.dll" adapterTypeName="executor://mstestadapter/v2" className="FLua.Runtime.LibraryTests.LuaIOLibTests" name="Close_WithFileHandle_ClosesFile" />
    </UnitTest>
    <UnitTest name="Time_UnixEpoch_ReturnsZero" storage="/users/bill/repos/flua/flua.runtime.librarytests/bin/debug/net8.0/flua.runtime.librarytests.dll" id="de943867-21cc-aa19-e2a9-d72e5263da08">
      <Execution id="fc878136-1f0d-47cf-a09f-4480532b2ff8" />
      <TestMethod codeBase="/Users/bill/Repos/FLua/FLua.Runtime.LibraryTests/bin/Debug/net8.0/FLua.Runtime.LibraryTests.dll" adapterTypeName="executor://mstestadapter/v2" className="FLua.Runtime.LibraryTests.LuaOSLibTests" name="Time_UnixEpoch_ReturnsZero" />
    </UnitTest>
    <UnitTest name="Char_ValueOver255_ThrowsException" storage="/users/bill/repos/flua/flua.runtime.librarytests/bin/debug/net8.0/flua.runtime.librarytests.dll" id="0a229eec-1f6b-5c21-27f6-5257de8d66d5">
      <Execution id="c226264c-4c01-48ab-b410-c452f1fa800a" />
      <TestMethod codeBase="/Users/bill/Repos/FLua/FLua.Runtime.LibraryTests/bin/Debug/net8.0/FLua.Runtime.LibraryTests.dll" adapterTypeName="executor://mstestadapter/v2" className="FLua.Runtime.LibraryTests.LuaStringLibTests" name="Char_ValueOver255_ThrowsException" />
    </UnitTest>
    <UnitTest name="IsTruthy_FalseBoolean_ReturnsFalse" storage="/users/bill/repos/flua/flua.runtime.librarytests/bin/debug/net8.0/flua.runtime.librarytests.dll" id="ad77e077-f60b-047c-5056-ff5f5b8ab833">
      <Execution id="0467015f-9ffe-4f3c-8f09-0a53ab54d0a5" />
      <TestMethod codeBase="/Users/bill/Repos/FLua/FLua.Runtime.LibraryTests/bin/Debug/net8.0/FLua.Runtime.LibraryTests.dll" adapterTypeName="executor://mstestadapter/v2" className="FLua.Runtime.LibraryTests.LuaValueTests" name="IsTruthy_FalseBoolean_ReturnsFalse" />
    </UnitTest>
    <UnitTest name="Insert_NoTable_ThrowsException" storage="/users/bill/repos/flua/flua.runtime.librarytests/bin/debug/net8.0/flua.runtime.librarytests.dll" id="625315d5-1f96-d3e3-d395-5255152d1261">
      <Execution id="1bf71995-aa34-4b7e-b5bd-6025c8176149" />
      <TestMethod codeBase="/Users/bill/Repos/FLua/FLua.Runtime.LibraryTests/bin/Debug/net8.0/FLua.Runtime.LibraryTests.dll" adapterTypeName="executor://mstestadapter/v2" className="FLua.Runtime.LibraryTests.LuaTableLibTests" name="Insert_NoTable_ThrowsException" />
    </UnitTest>
    <UnitTest name="Remove_EmptyDirectory_ReturnsTrue" storage="/users/bill/repos/flua/flua.runtime.librarytests/bin/debug/net8.0/flua.runtime.librarytests.dll" id="65f12242-227e-467b-3997-8aa37655c793">
      <Execution id="3bd04ddc-d937-4489-8a0c-a124c9423335" />
      <TestMethod codeBase="/Users/bill/Repos/FLua/FLua.Runtime.LibraryTests/bin/Debug/net8.0/FLua.Runtime.LibraryTests.dll" adapterTypeName="executor://mstestadapter/v2" className="FLua.Runtime.LibraryTests.LuaOSLibTests" name="Remove_EmptyDirectory_ReturnsTrue" />
    </UnitTest>
    <UnitTest name="GMatch_SimplePattern_ReturnsIterator" storage="/users/bill/repos/flua/flua.runtime.librarytests/bin/debug/net8.0/flua.runtime.librarytests.dll" id="403d19c4-6761-052b-94ca-f86fc8efc73a">
      <Execution id="0ac9637d-9f3e-4ad8-87ee-c3000edcb8bd" />
      <TestMethod codeBase="/Users/bill/Repos/FLua/FLua.Runtime.LibraryTests/bin/Debug/net8.0/FLua.Runtime.LibraryTests.dll" adapterTypeName="executor://mstestadapter/v2" className="FLua.Runtime.LibraryTests.LuaStringLibTests" name="GMatch_SimplePattern_ReturnsIterator" />
    </UnitTest>
    <UnitTest name="Unpack_UnsignedByte_WorksCorrectly" storage="/users/bill/repos/flua/flua.runtime.librarytests/bin/debug/net8.0/flua.runtime.librarytests.dll" id="e59c2cad-046b-d243-ce9e-459fab50cf08">
      <Execution id="55e11392-3f06-45aa-b2c8-e3f1dcfc8e8c" />
      <TestMethod codeBase="/Users/bill/Repos/FLua/FLua.Runtime.LibraryTests/bin/Debug/net8.0/FLua.Runtime.LibraryTests.dll" adapterTypeName="executor://mstestadapter/v2" className="FLua.Runtime.LibraryTests.LuaStringLibTests" name="Unpack_UnsignedByte_WorksCorrectly" />
    </UnitTest>
    <UnitTest name="Abs_MaxValue_ReturnsMaxValue" storage="/users/bill/repos/flua/flua.runtime.librarytests/bin/debug/net8.0/flua.runtime.librarytests.dll" id="79827bb7-932f-70a1-ce8a-d8cee579280e">
      <Execution id="d59b33a8-fd04-46e0-9a73-6e5d9a190ad9" />
      <TestMethod codeBase="/Users/bill/Repos/FLua/FLua.Runtime.LibraryTests/bin/Debug/net8.0/FLua.Runtime.LibraryTests.dll" adapterTypeName="executor://mstestadapter/v2" className="FLua.Runtime.LibraryTests.LuaMathLibTests" name="Abs_MaxValue_ReturnsMaxValue" />
    </UnitTest>
    <UnitTest name="StringToNumber_NegativeFloat_ReturnsCorrectValue" storage="/users/bill/repos/flua/flua.runtime.librarytests/bin/debug/net8.0/flua.runtime.librarytests.dll" id="1e299a37-0f21-4ef3-9262-0e3c73eced5f">
      <Execution id="c2c574da-ab02-4101-9e8e-e9d078b7e2a3" />
      <TestMethod codeBase="/Users/bill/Repos/FLua/FLua.Runtime.LibraryTests/bin/Debug/net8.0/FLua.Runtime.LibraryTests.dll" adapterTypeName="executor://mstestadapter/v2" className="FLua.Runtime.LibraryTests.LuaTypeConversionTests" name="StringToNumber_NegativeFloat_ReturnsCorrectValue" />
    </UnitTest>
    <UnitTest name="Sub_NonIntegerStartIndex_ThrowsException" storage="/users/bill/repos/flua/flua.runtime.librarytests/bin/debug/net8.0/flua.runtime.librarytests.dll" id="41090eae-0671-f825-92f0-3835cb20447f">
      <Execution id="19ef0e1b-470e-48e7-93f2-990d369002f3" />
      <TestMethod codeBase="/Users/bill/Repos/FLua/FLua.Runtime.LibraryTests/bin/Debug/net8.0/FLua.Runtime.LibraryTests.dll" adapterTypeName="executor://mstestadapter/v2" className="FLua.Runtime.LibraryTests.LuaStringLibTests" name="Sub_NonIntegerStartIndex_ThrowsException" />
    </UnitTest>
    <UnitTest name="Pack_StringWithLength_SpecifiedSize" storage="/users/bill/repos/flua/flua.runtime.librarytests/bin/debug/net8.0/flua.runtime.librarytests.dll" id="b1a38c9c-e65d-39f9-0583-284794d50406">
      <Execution id="bcb3b49c-a21d-4e4e-994b-c0a2e7bc8b46" />
      <TestMethod codeBase="/Users/bill/Repos/FLua/FLua.Runtime.LibraryTests/bin/Debug/net8.0/FLua.Runtime.LibraryTests.dll" adapterTypeName="executor://mstestadapter/v2" className="FLua.Runtime.LibraryTests.LuaStringLibTests" name="Pack_StringWithLength_SpecifiedSize" />
    </UnitTest>
    <UnitTest name="GetInteger_FloatValue_ThrowsException" storage="/users/bill/repos/flua/flua.runtime.librarytests/bin/debug/net8.0/flua.runtime.librarytests.dll" id="40143769-ff20-ceb9-24f7-34372f2ce35e">
      <Execution id="04652c52-9c77-4f6a-97b5-42321247d3a0" />
      <TestMethod codeBase="/Users/bill/Repos/FLua/FLua.Runtime.LibraryTests/bin/Debug/net8.0/FLua.Runtime.LibraryTests.dll" adapterTypeName="executor://mstestadapter/v2" className="FLua.Runtime.LibraryTests.LuaValueHelpersTests" name="GetInteger_FloatValue_ThrowsException" />
    </UnitTest>
    <UnitTest name="Pow_AnyNumberToThePowerOfZero_ReturnsOne" storage="/users/bill/repos/flua/flua.runtime.librarytests/bin/debug/net8.0/flua.runtime.librarytests.dll" id="c2318fc6-5106-8e75-97ea-6cec983c0b4a">
      <Execution id="eee83379-78fe-4e5c-ac19-601a372fe425" />
      <TestMethod codeBase="/Users/bill/Repos/FLua/FLua.Runtime.LibraryTests/bin/Debug/net8.0/FLua.Runtime.LibraryTests.dll" adapterTypeName="executor://mstestadapter/v2" className="FLua.Runtime.LibraryTests.LuaMathLibTests" name="Pow_AnyNumberToThePowerOfZero_ReturnsOne" />
    </UnitTest>
    <UnitTest name="SetVariable_GlobalScope_CanRetrieve" storage="/users/bill/repos/flua/flua.runtime.librarytests/bin/debug/net8.0/flua.runtime.librarytests.dll" id="57c265eb-6f4f-6e64-cc22-19546a1d775a">
      <Execution id="d02cd280-f2e9-415a-941a-1a79abf3caa5" />
      <TestMethod codeBase="/Users/bill/Repos/FLua/FLua.Runtime.LibraryTests/bin/Debug/net8.0/FLua.Runtime.LibraryTests.dll" adapterTypeName="executor://mstestadapter/v2" className="FLua.Runtime.LibraryTests.LuaEnvironmentTests" name="SetVariable_GlobalScope_CanRetrieve" />
    </UnitTest>
    <UnitTest name="TypeConversion_NumberRoundTrip_MaintainsValue" storage="/users/bill/repos/flua/flua.runtime.librarytests/bin/debug/net8.0/flua.runtime.librarytests.dll" id="8c888541-83a4-9bc7-1641-1c8a20e561de">
      <Execution id="ae496543-b43d-482c-ae5f-b94bc1b496a5" />
      <TestMethod codeBase="/Users/bill/Repos/FLua/FLua.Runtime.LibraryTests/bin/Debug/net8.0/FLua.Runtime.LibraryTests.dll" adapterTypeName="executor://mstestadapter/v2" className="FLua.Runtime.LibraryTests.LuaTypeConversionTests" name="TypeConversion_NumberRoundTrip_MaintainsValue" />
    </UnitTest>
    <UnitTest name="Equals_SameIntegerValues_ReturnsTrue" storage="/users/bill/repos/flua/flua.runtime.librarytests/bin/debug/net8.0/flua.runtime.librarytests.dll" id="3cd9abb0-8f7b-9e19-3dca-8803acc63b4d">
      <Execution id="588ec4a7-897a-4bf5-abe7-dd1f9e8c9d94" />
      <TestMethod codeBase="/Users/bill/Repos/FLua/FLua.Runtime.LibraryTests/bin/Debug/net8.0/FLua.Runtime.LibraryTests.dll" adapterTypeName="executor://mstestadapter/v2" className="FLua.Runtime.LibraryTests.LuaValueTests" name="Equals_SameIntegerValues_ReturnsTrue" />
    </UnitTest>
    <UnitTest name="GetNumber_NegativeNumber_ReturnsCorrectValue" storage="/users/bill/repos/flua/flua.runtime.librarytests/bin/debug/net8.0/flua.runtime.librarytests.dll" id="730bb781-0b75-c6e2-e3ef-0b70b99fc8d3">
      <Execution id="4f7c1800-91d0-418c-8640-8e1ba9118b4a" />
      <TestMethod codeBase="/Users/bill/Repos/FLua/FLua.Runtime.LibraryTests/bin/Debug/net8.0/FLua.Runtime.LibraryTests.dll" adapterTypeName="executor://mstestadapter/v2" className="FLua.Runtime.LibraryTests.LuaValueHelpersTests" name="GetNumber_NegativeNumber_ReturnsCorrectValue" />
    </UnitTest>
    <UnitTest name="SetLocale_NoArguments_ReturnsCurrentLocale" storage="/users/bill/repos/flua/flua.runtime.librarytests/bin/debug/net8.0/flua.runtime.librarytests.dll" id="4b5a73e9-cab1-5370-0e7f-190c57a4b5c3">
      <Execution id="ede6aa5d-b2a5-4c5a-974f-26e1e9421b1b" />
      <TestMethod codeBase="/Users/bill/Repos/FLua/FLua.Runtime.LibraryTests/bin/Debug/net8.0/FLua.Runtime.LibraryTests.dll" adapterTypeName="executor://mstestadapter/v2" className="FLua.Runtime.LibraryTests.LuaOSLibTests" name="SetLocale_NoArguments_ReturnsCurrentLocale" />
    </UnitTest>
    <UnitTest name="CharPattern_IsAvailable" storage="/users/bill/repos/flua/flua.runtime.librarytests/bin/debug/net8.0/flua.runtime.librarytests.dll" id="d74c40de-e568-1f3e-371d-ca78fc5ef994">
      <Execution id="3269c873-6f1b-41d8-8e34-d02160555bc8" />
      <TestMethod codeBase="/Users/bill/Repos/FLua/FLua.Runtime.LibraryTests/bin/Debug/net8.0/FLua.Runtime.LibraryTests.dll" adapterTypeName="executor://mstestadapter/v2" className="FLua.Runtime.LibraryTests.LuaUTF8LibTests" name="CharPattern_IsAvailable" />
    </UnitTest>
    <UnitTest name="Byte_MultipleCharacters_ReturnsMultipleValues" storage="/users/bill/repos/flua/flua.runtime.librarytests/bin/debug/net8.0/flua.runtime.librarytests.dll" id="0d7b1475-87d6-6f89-09c7-883523fe257e">
      <Execution id="ccdb82c1-0830-4313-bfe5-7cceb8064f72" />
      <TestMethod codeBase="/Users/bill/Repos/FLua/FLua.Runtime.LibraryTests/bin/Debug/net8.0/FLua.Runtime.LibraryTests.dll" adapterTypeName="executor://mstestadapter/v2" className="FLua.Runtime.LibraryTests.LuaStringLibTests" name="Byte_MultipleCharacters_ReturnsMultipleValues" />
    </UnitTest>
    <UnitTest name="CreateNumber_NegativeDouble_ReturnsCorrectFloat" storage="/users/bill/repos/flua/flua.runtime.librarytests/bin/debug/net8.0/flua.runtime.librarytests.dll" id="5c9daec0-82d1-a930-ebc4-f5a522998bf9">
      <Execution id="1523cdb2-4575-4d34-a58a-fed283d12c28" />
      <TestMethod codeBase="/Users/bill/Repos/FLua/FLua.Runtime.LibraryTests/bin/Debug/net8.0/FLua.Runtime.LibraryTests.dll" adapterTypeName="executor://mstestadapter/v2" className="FLua.Runtime.LibraryTests.LuaValueHelpersTests" name="CreateNumber_NegativeDouble_ReturnsCorrectFloat" />
    </UnitTest>
    <UnitTest name="Offset_NonIntegerOffset_ThrowsException" storage="/users/bill/repos/flua/flua.runtime.librarytests/bin/debug/net8.0/flua.runtime.librarytests.dll" id="3549a63c-f3bb-0bf5-9803-5ce3032e3912">
      <Execution id="2f3f2c77-dda4-4ab1-b302-07e6bb5612ac" />
      <TestMethod codeBase="/Users/bill/Repos/FLua/FLua.Runtime.LibraryTests/bin/Debug/net8.0/FLua.Runtime.LibraryTests.dll" adapterTypeName="executor://mstestadapter/v2" className="FLua.Runtime.LibraryTests.LuaUTF8LibTests" name="Offset_NonIntegerOffset_ThrowsException" />
    </UnitTest>
    <UnitTest name="Upper_NumbersAndSymbols_UnchangedExceptLetters" storage="/users/bill/repos/flua/flua.runtime.librarytests/bin/debug/net8.0/flua.runtime.librarytests.dll" id="bf17b87c-01a5-a0d1-ddda-1055022da487">
      <Execution id="2d38fc11-ee9b-497a-b8e3-8b7b2dedae95" />
      <TestMethod codeBase="/Users/bill/Repos/FLua/FLua.Runtime.LibraryTests/bin/Debug/net8.0/FLua.Runtime.LibraryTests.dll" adapterTypeName="executor://mstestadapter/v2" className="FLua.Runtime.LibraryTests.LuaStringLibTests" name="Upper_NumbersAndSymbols_UnchangedExceptLetters" />
    </UnitTest>
    <UnitTest name="Find_MinusQuantifier_MatchesNonGreedy" storage="/users/bill/repos/flua/flua.runtime.librarytests/bin/debug/net8.0/flua.runtime.librarytests.dll" id="4e65ecd1-811d-e85b-e491-b23053ef27c3">
      <Execution id="66ee52a0-230a-4895-a4eb-31a23467427c" />
      <TestMethod codeBase="/Users/bill/Repos/FLua/FLua.Runtime.LibraryTests/bin/Debug/net8.0/FLua.Runtime.LibraryTests.dll" adapterTypeName="executor://mstestadapter/v2" className="FLua.Runtime.LibraryTests.LuaStringLibTests" name="Find_MinusQuantifier_MatchesNonGreedy" />
    </UnitTest>
    <UnitTest name="Format_OctalFormatting_WorksCorrectly" storage="/users/bill/repos/flua/flua.runtime.librarytests/bin/debug/net8.0/flua.runtime.librarytests.dll" id="5dbdb775-78b1-be55-4c75-a0fbc63969c3">
      <Execution id="81aa79aa-49cf-4388-9932-477f611d074d" />
      <TestMethod codeBase="/Users/bill/Repos/FLua/FLua.Runtime.LibraryTests/bin/Debug/net8.0/FLua.Runtime.LibraryTests.dll" adapterTypeName="executor://mstestadapter/v2" className="FLua.Runtime.LibraryTests.LuaStringLibTests" name="Format_OctalFormatting_WorksCorrectly" />
    </UnitTest>
    <UnitTest name="TryGetInteger_IntegerValue_ReturnsTrue" storage="/users/bill/repos/flua/flua.runtime.librarytests/bin/debug/net8.0/flua.runtime.librarytests.dll" id="216ea651-5930-4d04-4c8e-010ba90c82f5">
      <Execution id="040d0678-b859-402d-817d-119159a894b8" />
      <TestMethod codeBase="/Users/bill/Repos/FLua/FLua.Runtime.LibraryTests/bin/Debug/net8.0/FLua.Runtime.LibraryTests.dll" adapterTypeName="executor://mstestadapter/v2" className="FLua.Runtime.LibraryTests.LuaValueTests" name="TryGetInteger_IntegerValue_ReturnsTrue" />
    </UnitTest>
    <UnitTest name="Lines_NonExistentFile_ThrowsException" storage="/users/bill/repos/flua/flua.runtime.librarytests/bin/debug/net8.0/flua.runtime.librarytests.dll" id="4b863a5a-2f8f-6229-cf63-cd337141124e">
      <Execution id="aace4002-88a1-4b20-9948-82079c6614d7" />
      <TestMethod codeBase="/Users/bill/Repos/FLua/FLua.Runtime.LibraryTests/bin/Debug/net8.0/FLua.Runtime.LibraryTests.dll" adapterTypeName="executor://mstestadapter/v2" className="FLua.Runtime.LibraryTests.LuaIOLibTests" name="Lines_NonExistentFile_ThrowsException" />
    </UnitTest>
    <UnitTest name="Match_NoMatch_ReturnsNil" storage="/users/bill/repos/flua/flua.runtime.librarytests/bin/debug/net8.0/flua.runtime.librarytests.dll" id="e6946507-55d5-384d-c1bf-e4e92ffa4462">
      <Execution id="07328ab6-73ed-4434-b611-1f46a574c71e" />
      <TestMethod codeBase="/Users/bill/Repos/FLua/FLua.Runtime.LibraryTests/bin/Debug/net8.0/FLua.Runtime.LibraryTests.dll" adapterTypeName="executor://mstestadapter/v2" className="FLua.Runtime.LibraryTests.LuaStringLibTests" name="Match_NoMatch_ReturnsNil" />
    </UnitTest>
    <UnitTest name="Reverse_NormalString_ReturnsReversed" storage="/users/bill/repos/flua/flua.runtime.librarytests/bin/debug/net8.0/flua.runtime.librarytests.dll" id="cfe3c6cb-f9cb-e7fb-76df-ae6bb4558124">
      <Execution id="3cffeef5-83b7-4aaf-a755-103fc4b29b77" />
      <TestMethod codeBase="/Users/bill/Repos/FLua/FLua.Runtime.LibraryTests/bin/Debug/net8.0/FLua.Runtime.LibraryTests.dll" adapterTypeName="executor://mstestadapter/v2" className="FLua.Runtime.LibraryTests.LuaStringLibTests" name="Reverse_NormalString_ReturnsReversed" />
    </UnitTest>
    <UnitTest name="Float_Zero_ReturnsCorrectValue" storage="/users/bill/repos/flua/flua.runtime.librarytests/bin/debug/net8.0/flua.runtime.librarytests.dll" id="ce1b4c45-e339-a35b-7326-51d2826fbeb5">
      <Execution id="935bb153-675f-4893-b10f-a067541aaee0" />
      <TestMethod codeBase="/Users/bill/Repos/FLua/FLua.Runtime.LibraryTests/bin/Debug/net8.0/FLua.Runtime.LibraryTests.dll" adapterTypeName="executor://mstestadapter/v2" className="FLua.Runtime.LibraryTests.LuaValueTests" name="Float_Zero_ReturnsCorrectValue" />
    </UnitTest>
    <UnitTest name="PackSize_ValidFormat_ReturnsSize" storage="/users/bill/repos/flua/flua.runtime.librarytests/bin/debug/net8.0/flua.runtime.librarytests.dll" id="16196e7e-8c1d-a121-8e50-bc789f45bf42">
      <Execution id="da611568-bded-4b55-8dc1-e1563d64b57b" />
      <TestMethod codeBase="/Users/bill/Repos/FLua/FLua.Runtime.LibraryTests/bin/Debug/net8.0/FLua.Runtime.LibraryTests.dll" adapterTypeName="executor://mstestadapter/v2" className="FLua.Runtime.LibraryTests.LuaStringLibTests" name="PackSize_ValidFormat_ReturnsSize" />
    </UnitTest>
    <UnitTest name="Len_UnicodeString_ReturnsCorrectCount" storage="/users/bill/repos/flua/flua.runtime.librarytests/bin/debug/net8.0/flua.runtime.librarytests.dll" id="16e939ca-b9af-a2dd-b850-cb16dfe77ac1">
      <Execution id="7271bace-0b52-4d2d-a8ac-824e5c8fd9ec" />
      <TestMethod codeBase="/Users/bill/Repos/FLua/FLua.Runtime.LibraryTests/bin/Debug/net8.0/FLua.Runtime.LibraryTests.dll" adapterTypeName="executor://mstestadapter/v2" className="FLua.Runtime.LibraryTests.LuaUTF8LibTests" name="Len_UnicodeString_ReturnsCorrectCount" />
    </UnitTest>
    <UnitTest name="Divide_IntegerInteger_ReturnsFloatQuotient" storage="/users/bill/repos/flua/flua.runtime.librarytests/bin/debug/net8.0/flua.runtime.librarytests.dll" id="9f9de1f0-fe21-a713-852c-588c6f9080dc">
      <Execution id="b18fae0c-d9ef-4ee3-ab07-94d77e1eaba6" />
      <TestMethod codeBase="/Users/bill/Repos/FLua/FLua.Runtime.LibraryTests/bin/Debug/net8.0/FLua.Runtime.LibraryTests.dll" adapterTypeName="executor://mstestadapter/v2" className="FLua.Runtime.LibraryTests.LuaValueTests" name="Divide_IntegerInteger_ReturnsFloatQuotient" />
    </UnitTest>
    <UnitTest name="Find_AnchoredQuantifierPattern_CombinesFeatures" storage="/users/bill/repos/flua/flua.runtime.librarytests/bin/debug/net8.0/flua.runtime.librarytests.dll" id="1e79e19d-9838-d7b5-fae7-4255c8f85c46">
      <Execution id="f0a0ed26-2ee9-4766-9f7b-d491f832dfbe" />
      <TestMethod codeBase="/Users/bill/Repos/FLua/FLua.Runtime.LibraryTests/bin/Debug/net8.0/FLua.Runtime.LibraryTests.dll" adapterTypeName="executor://mstestadapter/v2" className="FLua.Runtime.LibraryTests.LuaStringLibTests" name="Find_AnchoredQuantifierPattern_CombinesFeatures" />
    </UnitTest>
    <UnitTest name="Release_CalledOnValues_DoesNotThrow" storage="/users/bill/repos/flua/flua.runtime.librarytests/bin/debug/net8.0/flua.runtime.librarytests.dll" id="b1a93aa2-0e75-ec18-726f-2623a7ba282b">
      <Execution id="d01465ed-3d58-4b63-a9ec-a854f4d73718" />
      <TestMethod codeBase="/Users/bill/Repos/FLua/FLua.Runtime.LibraryTests/bin/Debug/net8.0/FLua.Runtime.LibraryTests.dll" adapterTypeName="executor://mstestadapter/v2" className="FLua.Runtime.LibraryTests.LuaValueTests" name="Release_CalledOnValues_DoesNotThrow" />
    </UnitTest>
    <UnitTest name="Pack_UnsignedLong_WorksCorrectly" storage="/users/bill/repos/flua/flua.runtime.librarytests/bin/debug/net8.0/flua.runtime.librarytests.dll" id="84f1d4b1-bb44-6663-b053-ada892b94f8c">
      <Execution id="1d0a56c0-2794-4dbb-8b8b-ee387a7d0d0b" />
      <TestMethod codeBase="/Users/bill/Repos/FLua/FLua.Runtime.LibraryTests/bin/Debug/net8.0/FLua.Runtime.LibraryTests.dll" adapterTypeName="executor://mstestadapter/v2" className="FLua.Runtime.LibraryTests.LuaStringLibTests" name="Pack_UnsignedLong_WorksCorrectly" />
    </UnitTest>
    <UnitTest name="Max_NoArguments_ThrowsException" storage="/users/bill/repos/flua/flua.runtime.librarytests/bin/debug/net8.0/flua.runtime.librarytests.dll" id="2b109f4d-545f-71f7-985e-4200fa15d786">
      <Execution id="03dc0d36-e4b2-4f64-a2e2-f83d97cff06a" />
      <TestMethod codeBase="/Users/bill/Repos/FLua/FLua.Runtime.LibraryTests/bin/Debug/net8.0/FLua.Runtime.LibraryTests.dll" adapterTypeName="executor://mstestadapter/v2" className="FLua.Runtime.LibraryTests.LuaMathLibTests" name="Max_NoArguments_ThrowsException" />
    </UnitTest>
    <UnitTest name="Codes_VeryLongString_IteratesCorrectly" storage="/users/bill/repos/flua/flua.runtime.librarytests/bin/debug/net8.0/flua.runtime.librarytests.dll" id="9186ebd9-ad74-9a93-7846-3306a04539b9">
      <Execution id="82375c31-e00d-4a85-99b3-b2520101880e" />
      <TestMethod codeBase="/Users/bill/Repos/FLua/FLua.Runtime.LibraryTests/bin/Debug/net8.0/FLua.Runtime.LibraryTests.dll" adapterTypeName="executor://mstestadapter/v2" className="FLua.Runtime.LibraryTests.LuaUTF8LibTests" name="Codes_VeryLongString_IteratesCorrectly" />
    </UnitTest>
    <UnitTest name="Find_NegativePositionBoundary_WorksFromEnd" storage="/users/bill/repos/flua/flua.runtime.librarytests/bin/debug/net8.0/flua.runtime.librarytests.dll" id="f8b35697-a784-9611-59fe-4de3db35410f">
      <Execution id="0072b9c8-c310-42b7-be21-62b9ac00ba3c" />
      <TestMethod codeBase="/Users/bill/Repos/FLua/FLua.Runtime.LibraryTests/bin/Debug/net8.0/FLua.Runtime.LibraryTests.dll" adapterTypeName="executor://mstestadapter/v2" className="FLua.Runtime.LibraryTests.LuaStringLibTests" name="Find_NegativePositionBoundary_WorksFromEnd" />
    </UnitTest>
    <UnitTest name="Concat_SingleElement_ReturnsElement" storage="/users/bill/repos/flua/flua.runtime.librarytests/bin/debug/net8.0/flua.runtime.librarytests.dll" id="6c91472b-2bee-42f0-be91-5560cb8ef8bd">
      <Execution id="60cdf81e-5582-49b0-9f39-c4c86bb3db25" />
      <TestMethod codeBase="/Users/bill/Repos/FLua/FLua.Runtime.LibraryTests/bin/Debug/net8.0/FLua.Runtime.LibraryTests.dll" adapterTypeName="executor://mstestadapter/v2" className="FLua.Runtime.LibraryTests.LuaTableLibTests" name="Concat_SingleElement_ReturnsElement" />
    </UnitTest>
    <UnitTest name="Pack_FixedString_Truncation" storage="/users/bill/repos/flua/flua.runtime.librarytests/bin/debug/net8.0/flua.runtime.librarytests.dll" id="7e5098ca-337c-500f-febe-1538d90cbf3b">
      <Execution id="00b7e929-dd45-4885-a6b1-374a044d6749" />
      <TestMethod codeBase="/Users/bill/Repos/FLua/FLua.Runtime.LibraryTests/bin/Debug/net8.0/FLua.Runtime.LibraryTests.dll" adapterTypeName="executor://mstestadapter/v2" className="FLua.Runtime.LibraryTests.LuaStringLibTests" name="Pack_FixedString_Truncation" />
    </UnitTest>
    <UnitTest name="ToNumber_IntegerString_ReturnsCorrectNumber" storage="/users/bill/repos/flua/flua.runtime.librarytests/bin/debug/net8.0/flua.runtime.librarytests.dll" id="17386706-45ae-d62e-68a0-1c2563136f66">
      <Execution id="ae41321a-48cd-40d9-bb9d-d6da69ea6a8b" />
      <TestMethod codeBase="/Users/bill/Repos/FLua/FLua.Runtime.LibraryTests/bin/Debug/net8.0/FLua.Runtime.LibraryTests.dll" adapterTypeName="executor://mstestadapter/v2" className="FLua.Runtime.LibraryTests.LuaTypeConversionTests" name="ToNumber_IntegerString_ReturnsCorrectNumber" />
    </UnitTest>
    <UnitTest name="FileHandle_Read_NumericCount" storage="/users/bill/repos/flua/flua.runtime.librarytests/bin/debug/net8.0/flua.runtime.librarytests.dll" id="161cb7a5-dc79-fdb3-9773-7bfe9f340b13">
      <Execution id="2181ba09-9dae-4173-9850-4479c0343fab" />
      <TestMethod codeBase="/Users/bill/Repos/FLua/FLua.Runtime.LibraryTests/bin/Debug/net8.0/FLua.Runtime.LibraryTests.dll" adapterTypeName="executor://mstestadapter/v2" className="FLua.Runtime.LibraryTests.LuaIOLibTests" name="FileHandle_Read_NumericCount" />
    </UnitTest>
    <UnitTest name="Max_NonNumericSecondArgument_ThrowsException" storage="/users/bill/repos/flua/flua.runtime.librarytests/bin/debug/net8.0/flua.runtime.librarytests.dll" id="9ad6a220-54a1-bc36-db9e-30965a41d307">
      <Execution id="e3b019a5-a9b3-4da3-bd40-4a519057114e" />
      <TestMethod codeBase="/Users/bill/Repos/FLua/FLua.Runtime.LibraryTests/bin/Debug/net8.0/FLua.Runtime.LibraryTests.dll" adapterTypeName="executor://mstestadapter/v2" className="FLua.Runtime.LibraryTests.LuaMathLibTests" name="Max_NonNumericSecondArgument_ThrowsException" />
    </UnitTest>
    <UnitTest name="SetVariable_DifferentTypes_AllSupported" storage="/users/bill/repos/flua/flua.runtime.librarytests/bin/debug/net8.0/flua.runtime.librarytests.dll" id="1aef1e14-ab3d-a461-ee80-f27b864ed7cf">
      <Execution id="da5ea290-681f-4646-9acd-0e9cd97867b2" />
      <TestMethod codeBase="/Users/bill/Repos/FLua/FLua.Runtime.LibraryTests/bin/Debug/net8.0/FLua.Runtime.LibraryTests.dll" adapterTypeName="executor://mstestadapter/v2" className="FLua.Runtime.LibraryTests.LuaEnvironmentTests" name="SetVariable_DifferentTypes_AllSupported" />
    </UnitTest>
    <UnitTest name="Remove_ExistingFile_ReturnsTrue" storage="/users/bill/repos/flua/flua.runtime.librarytests/bin/debug/net8.0/flua.runtime.librarytests.dll" id="f477e06b-3d5f-bee0-38bd-bff285d6fa2d">
      <Execution id="2e2a130c-9d51-4859-834a-c62b1be03f27" />
      <TestMethod codeBase="/Users/bill/Repos/FLua/FLua.Runtime.LibraryTests/bin/Debug/net8.0/FLua.Runtime.LibraryTests.dll" adapterTypeName="executor://mstestadapter/v2" className="FLua.Runtime.LibraryTests.LuaOSLibTests" name="Remove_ExistingFile_ReturnsTrue" />
    </UnitTest>
    <UnitTest name="ChildEnvironment_InheritsParentVariables" storage="/users/bill/repos/flua/flua.runtime.librarytests/bin/debug/net8.0/flua.runtime.librarytests.dll" id="bd2408c3-bdd8-f993-5a45-170a97533f91">
      <Execution id="7131de69-baf1-4607-8eef-baccdf7058fa" />
      <TestMethod codeBase="/Users/bill/Repos/FLua/FLua.Runtime.LibraryTests/bin/Debug/net8.0/FLua.Runtime.LibraryTests.dll" adapterTypeName="executor://mstestadapter/v2" className="FLua.Runtime.LibraryTests.LuaEnvironmentTests" name="ChildEnvironment_InheritsParentVariables" />
    </UnitTest>
    <UnitTest name="Boolean_True_ReturnsCorrectValue" storage="/users/bill/repos/flua/flua.runtime.librarytests/bin/debug/net8.0/flua.runtime.librarytests.dll" id="adbefa0c-7967-f778-545f-1fa2bfdb9eb8">
      <Execution id="5abc2bbb-0260-4ae3-b1fb-d5bb15455bad" />
      <TestMethod codeBase="/Users/bill/Repos/FLua/FLua.Runtime.LibraryTests/bin/Debug/net8.0/FLua.Runtime.LibraryTests.dll" adapterTypeName="executor://mstestadapter/v2" className="FLua.Runtime.LibraryTests.LuaValueTests" name="Boolean_True_ReturnsCorrectValue" />
    </UnitTest>
    <UnitTest name="CodePoint_WithRange_ReturnsRange" storage="/users/bill/repos/flua/flua.runtime.librarytests/bin/debug/net8.0/flua.runtime.librarytests.dll" id="f45f745f-8400-5cce-fd41-0bd4f97bd45c">
      <Execution id="8bf232ca-f5d3-415a-8954-b0ebdea0c7a9" />
      <TestMethod codeBase="/Users/bill/Repos/FLua/FLua.Runtime.LibraryTests/bin/Debug/net8.0/FLua.Runtime.LibraryTests.dll" adapterTypeName="executor://mstestadapter/v2" className="FLua.Runtime.LibraryTests.LuaUTF8LibTests" name="CodePoint_WithRange_ReturnsRange" />
    </UnitTest>
    <UnitTest name="Concat_NonTable_ThrowsException" storage="/users/bill/repos/flua/flua.runtime.librarytests/bin/debug/net8.0/flua.runtime.librarytests.dll" id="ef4bfb85-1bf8-c28e-ab05-376804b161f2">
      <Execution id="3a9ec830-948f-413c-9537-cbcd5819a023" />
      <TestMethod codeBase="/Users/bill/Repos/FLua/FLua.Runtime.LibraryTests/bin/Debug/net8.0/FLua.Runtime.LibraryTests.dll" adapterTypeName="executor://mstestadapter/v2" className="FLua.Runtime.LibraryTests.LuaTableLibTests" name="Concat_NonTable_ThrowsException" />
    </UnitTest>
    <UnitTest name="CreateNumber_MinLong_ReturnsMinInteger" storage="/users/bill/repos/flua/flua.runtime.librarytests/bin/debug/net8.0/flua.runtime.librarytests.dll" id="3d90cd3d-ee12-6e09-21a9-d0a8acdd81f8">
      <Execution id="a3621d3a-3a6e-4539-acba-39a1b68c24e9" />
      <TestMethod codeBase="/Users/bill/Repos/FLua/FLua.Runtime.LibraryTests/bin/Debug/net8.0/FLua.Runtime.LibraryTests.dll" adapterTypeName="executor://mstestadapter/v2" className="FLua.Runtime.LibraryTests.LuaValueHelpersTests" name="CreateNumber_MinLong_ReturnsMinInteger" />
    </UnitTest>
    <UnitTest name="Lower_MixedCaseString_ReturnsLowercase" storage="/users/bill/repos/flua/flua.runtime.librarytests/bin/debug/net8.0/flua.runtime.librarytests.dll" id="39aacc35-e4dd-8316-f7f7-c8dc0df088dd">
      <Execution id="233d37c2-8370-4aed-a21a-d81c6b915163" />
      <TestMethod codeBase="/Users/bill/Repos/FLua/FLua.Runtime.LibraryTests/bin/Debug/net8.0/FLua.Runtime.LibraryTests.dll" adapterTypeName="executor://mstestadapter/v2" className="FLua.Runtime.LibraryTests.LuaStringLibTests" name="Lower_MixedCaseString_ReturnsLowercase" />
    </UnitTest>
    <UnitTest name="ToString_FloatValue_ReturnsStringRepresentation" storage="/users/bill/repos/flua/flua.runtime.librarytests/bin/debug/net8.0/flua.runtime.librarytests.dll" id="255ed03d-88d1-ac23-e858-9c4051807dc7">
      <Execution id="86afffb4-31b5-4caa-ac4a-76280a1a05ca" />
      <TestMethod codeBase="/Users/bill/Repos/FLua/FLua.Runtime.LibraryTests/bin/Debug/net8.0/FLua.Runtime.LibraryTests.dll" adapterTypeName="executor://mstestadapter/v2" className="FLua.Runtime.LibraryTests.LuaTypeConversionTests" name="ToString_FloatValue_ReturnsStringRepresentation" />
    </UnitTest>
    <UnitTest name="ToConcatString_FloatValue_ReturnsStringRepresentation" storage="/users/bill/repos/flua/flua.runtime.librarytests/bin/debug/net8.0/flua.runtime.librarytests.dll" id="cad49189-1373-0c24-63ff-b25bdfaa3818">
      <Execution id="2dd829c9-7a7b-4b52-beee-79f45d19eff8" />
      <TestMethod codeBase="/Users/bill/Repos/FLua/FLua.Runtime.LibraryTests/bin/Debug/net8.0/FLua.Runtime.LibraryTests.dll" adapterTypeName="executor://mstestadapter/v2" className="FLua.Runtime.LibraryTests.LuaTypeConversionTests" name="ToConcatString_FloatValue_ReturnsStringRepresentation" />
    </UnitTest>
    <UnitTest name="Abs_PositiveInteger_ReturnsPositive" storage="/users/bill/repos/flua/flua.runtime.librarytests/bin/debug/net8.0/flua.runtime.librarytests.dll" id="d02f5bba-c8de-e57f-ea30-ea01e97a5b43">
      <Execution id="83952661-807d-4d28-9795-98f8fe840ba0" />
      <TestMethod codeBase="/Users/bill/Repos/FLua/FLua.Runtime.LibraryTests/bin/Debug/net8.0/FLua.Runtime.LibraryTests.dll" adapterTypeName="executor://mstestadapter/v2" className="FLua.Runtime.LibraryTests.LuaMathLibTests" name="Abs_PositiveInteger_ReturnsPositive" />
    </UnitTest>
    <UnitTest name="Find_UnterminatedCharacterClass_TreatsLiteralBracket" storage="/users/bill/repos/flua/flua.runtime.librarytests/bin/debug/net8.0/flua.runtime.librarytests.dll" id="d1109ccc-a242-cc78-d211-86880289e44e">
      <Execution id="0b9f4e88-59df-4967-a41e-914ee57955bc" />
      <TestMethod codeBase="/Users/bill/Repos/FLua/FLua.Runtime.LibraryTests/bin/Debug/net8.0/FLua.Runtime.LibraryTests.dll" adapterTypeName="executor://mstestadapter/v2" className="FLua.Runtime.LibraryTests.LuaStringLibTests" name="Find_UnterminatedCharacterClass_TreatsLiteralBracket" />
    </UnitTest>
    <UnitTest name="Cos_PiOver2_ReturnsZero" storage="/users/bill/repos/flua/flua.runtime.librarytests/bin/debug/net8.0/flua.runtime.librarytests.dll" id="bf6984f3-23f5-96b6-ec6d-970fa211de8c">
      <Execution id="9a1e3912-fb1b-49ed-8e45-a7052a88cf97" />
      <TestMethod codeBase="/Users/bill/Repos/FLua/FLua.Runtime.LibraryTests/bin/Debug/net8.0/FLua.Runtime.LibraryTests.dll" adapterTypeName="executor://mstestadapter/v2" className="FLua.Runtime.LibraryTests.LuaMathLibTests" name="Cos_PiOver2_ReturnsZero" />
    </UnitTest>
    <UnitTest name="Float_NegativeInfinity_ReturnsCorrectValue" storage="/users/bill/repos/flua/flua.runtime.librarytests/bin/debug/net8.0/flua.runtime.librarytests.dll" id="fe09da01-1fdc-84de-24ce-f3ff05ac9669">
      <Execution id="630e02bc-9d49-4713-aafc-b65976994505" />
      <TestMethod codeBase="/Users/bill/Repos/FLua/FLua.Runtime.LibraryTests/bin/Debug/net8.0/FLua.Runtime.LibraryTests.dll" adapterTypeName="executor://mstestadapter/v2" className="FLua.Runtime.LibraryTests.LuaValueTests" name="Float_NegativeInfinity_ReturnsCorrectValue" />
    </UnitTest>
    <UnitTest name="ToBoolean_NilValue_ReturnsFalse" storage="/users/bill/repos/flua/flua.runtime.librarytests/bin/debug/net8.0/flua.runtime.librarytests.dll" id="a6a84474-a7e5-fd38-f41a-bd1ab5de1d1c">
      <Execution id="b368f87b-ceb9-4935-8117-c74ebbbb2b4d" />
      <TestMethod codeBase="/Users/bill/Repos/FLua/FLua.Runtime.LibraryTests/bin/Debug/net8.0/FLua.Runtime.LibraryTests.dll" adapterTypeName="executor://mstestadapter/v2" className="FLua.Runtime.LibraryTests.LuaTypeConversionTests" name="ToBoolean_NilValue_ReturnsFalse" />
    </UnitTest>
    <UnitTest name="TryToNumber_StringWithWhitespace_ReturnsNumber" storage="/users/bill/repos/flua/flua.runtime.librarytests/bin/debug/net8.0/flua.runtime.librarytests.dll" id="3b7ba422-b9d0-2025-80df-e1fbf4f7c10c">
      <Execution id="36c82506-0fcf-4eec-b787-ee3d23040eab" />
      <TestMethod codeBase="/Users/bill/Repos/FLua/FLua.Runtime.LibraryTests/bin/Debug/net8.0/FLua.Runtime.LibraryTests.dll" adapterTypeName="executor://mstestadapter/v2" className="FLua.Runtime.LibraryTests.LuaValueTests" name="TryToNumber_StringWithWhitespace_ReturnsNumber" />
    </UnitTest>
    <UnitTest name="Find_EscapeSequences_MatchesSpecialCharacters" storage="/users/bill/repos/flua/flua.runtime.librarytests/bin/debug/net8.0/flua.runtime.librarytests.dll" id="2446aa42-9f87-998d-b9e3-20d1c568d1b1">
      <Execution id="7c729967-c02a-4315-a971-a94ff5acf922" />
      <TestMethod codeBase="/Users/bill/Repos/FLua/FLua.Runtime.LibraryTests/bin/Debug/net8.0/FLua.Runtime.LibraryTests.dll" adapterTypeName="executor://mstestadapter/v2" className="FLua.Runtime.LibraryTests.LuaStringLibTests" name="Find_EscapeSequences_MatchesSpecialCharacters" />
    </UnitTest>
    <UnitTest name="Pack_MultipleArguments_PacksAll" storage="/users/bill/repos/flua/flua.runtime.librarytests/bin/debug/net8.0/flua.runtime.librarytests.dll" id="9238f544-c615-304b-16e5-15a92d1d94ec">
      <Execution id="3ceeba94-47f7-4558-8e9a-c885f93946c0" />
      <TestMethod codeBase="/Users/bill/Repos/FLua/FLua.Runtime.LibraryTests/bin/Debug/net8.0/FLua.Runtime.LibraryTests.dll" adapterTypeName="executor://mstestadapter/v2" className="FLua.Runtime.LibraryTests.LuaTableLibTests" name="Pack_MultipleArguments_PacksAll" />
    </UnitTest>
    <UnitTest name="GetEnv_NoArguments_ThrowsException" storage="/users/bill/repos/flua/flua.runtime.librarytests/bin/debug/net8.0/flua.runtime.librarytests.dll" id="0f318cf0-c0ca-3783-f134-b14f246fed88">
      <Execution id="c27cda0f-4591-446a-9429-a8f0c121b3ac" />
      <TestMethod codeBase="/Users/bill/Repos/FLua/FLua.Runtime.LibraryTests/bin/Debug/net8.0/FLua.Runtime.LibraryTests.dll" adapterTypeName="executor://mstestadapter/v2" className="FLua.Runtime.LibraryTests.LuaOSLibTests" name="GetEnv_NoArguments_ThrowsException" />
    </UnitTest>
    <UnitTest name="Sub_ValidRange_ReturnsSubstring" storage="/users/bill/repos/flua/flua.runtime.librarytests/bin/debug/net8.0/flua.runtime.librarytests.dll" id="d2412a1a-4841-40cf-9656-805a3328669f">
      <Execution id="0f8e154b-4bdd-48ba-8a74-0b509891dfef" />
      <TestMethod codeBase="/Users/bill/Repos/FLua/FLua.Runtime.LibraryTests/bin/Debug/net8.0/FLua.Runtime.LibraryTests.dll" adapterTypeName="executor://mstestadapter/v2" className="FLua.Runtime.LibraryTests.LuaStringLibTests" name="Sub_ValidRange_ReturnsSubstring" />
    </UnitTest>
    <UnitTest name="Unpack_WithPosition_StartsAtCorrectOffset" storage="/users/bill/repos/flua/flua.runtime.librarytests/bin/debug/net8.0/flua.runtime.librarytests.dll" id="a8611396-3b36-50d1-03e4-055ad4e763e2">
      <Execution id="f64d554a-84d1-4c1b-be4a-d26a835f55a3" />
      <TestMethod codeBase="/Users/bill/Repos/FLua/FLua.Runtime.LibraryTests/bin/Debug/net8.0/FLua.Runtime.LibraryTests.dll" adapterTypeName="executor://mstestadapter/v2" className="FLua.Runtime.LibraryTests.LuaStringLibTests" name="Unpack_WithPosition_StartsAtCorrectOffset" />
    </UnitTest>
    <UnitTest name="Floor_Zero_ReturnsZero" storage="/users/bill/repos/flua/flua.runtime.librarytests/bin/debug/net8.0/flua.runtime.librarytests.dll" id="e734a4fb-980b-5ed5-5ba2-483d1649dae6">
      <Execution id="20c90553-216c-4fcc-b9b1-a1729ae5e3f9" />
      <TestMethod codeBase="/Users/bill/Repos/FLua/FLua.Runtime.LibraryTests/bin/Debug/net8.0/FLua.Runtime.LibraryTests.dll" adapterTypeName="executor://mstestadapter/v2" className="FLua.Runtime.LibraryTests.LuaMathLibTests" name="Floor_Zero_ReturnsZero" />
    </UnitTest>
    <UnitTest name="Char_CodePointTooLarge_ThrowsException" storage="/users/bill/repos/flua/flua.runtime.librarytests/bin/debug/net8.0/flua.runtime.librarytests.dll" id="087d8f88-fcff-1c56-9396-984308af2b08">
      <Execution id="ada873b5-7838-4271-a334-f8eee5853309" />
      <TestMethod codeBase="/Users/bill/Repos/FLua/FLua.Runtime.LibraryTests/bin/Debug/net8.0/FLua.Runtime.LibraryTests.dll" adapterTypeName="executor://mstestadapter/v2" className="FLua.Runtime.LibraryTests.LuaUTF8LibTests" name="Char_CodePointTooLarge_ThrowsException" />
    </UnitTest>
    <UnitTest name="Clock_WithArguments_IgnoresThem" storage="/users/bill/repos/flua/flua.runtime.librarytests/bin/debug/net8.0/flua.runtime.librarytests.dll" id="f207283b-9414-41e7-9954-6e5cbf42bdec">
      <Execution id="f971310c-d06e-4b6e-935c-2f38eba0d23d" />
      <TestMethod codeBase="/Users/bill/Repos/FLua/FLua.Runtime.LibraryTests/bin/Debug/net8.0/FLua.Runtime.LibraryTests.dll" adapterTypeName="executor://mstestadapter/v2" className="FLua.Runtime.LibraryTests.LuaOSLibTests" name="Clock_WithArguments_IgnoresThem" />
    </UnitTest>
    <UnitTest name="Len_NegativeStart_StartsFromBeginning" storage="/users/bill/repos/flua/flua.runtime.librarytests/bin/debug/net8.0/flua.runtime.librarytests.dll" id="720842e2-e1df-e534-9a77-705cc69c21aa">
      <Execution id="53e47e41-3dcc-44cf-9c50-cf68043ff0e7" />
      <TestMethod codeBase="/Users/bill/Repos/FLua/FLua.Runtime.LibraryTests/bin/Debug/net8.0/FLua.Runtime.LibraryTests.dll" adapterTypeName="executor://mstestadapter/v2" className="FLua.Runtime.LibraryTests.LuaUTF8LibTests" name="Len_NegativeStart_StartsFromBeginning" />
    </UnitTest>
    <UnitTest name="IsString_NonStringValues_ReturnsFalse" storage="/users/bill/repos/flua/flua.runtime.librarytests/bin/debug/net8.0/flua.runtime.librarytests.dll" id="9adece2e-f07c-eacf-8535-ac8dd30d5196">
      <Execution id="51b3e76e-2fa5-4b8d-90cf-9e0b190b0e27" />
      <TestMethod codeBase="/Users/bill/Repos/FLua/FLua.Runtime.LibraryTests/bin/Debug/net8.0/FLua.Runtime.LibraryTests.dll" adapterTypeName="executor://mstestadapter/v2" className="FLua.Runtime.LibraryTests.LuaValueHelpersTests" name="IsString_NonStringValues_ReturnsFalse" />
    </UnitTest>
    <UnitTest name="Len_WithStartAndEnd_CountsRange" storage="/users/bill/repos/flua/flua.runtime.librarytests/bin/debug/net8.0/flua.runtime.librarytests.dll" id="7ed5bc42-f48f-e144-df67-ea61a8761ea2">
      <Execution id="79e05879-c091-4476-b392-05d354609aed" />
      <TestMethod codeBase="/Users/bill/Repos/FLua/FLua.Runtime.LibraryTests/bin/Debug/net8.0/FLua.Runtime.LibraryTests.dll" adapterTypeName="executor://mstestadapter/v2" className="FLua.Runtime.LibraryTests.LuaUTF8LibTests" name="Len_WithStartAndEnd_CountsRange" />
    </UnitTest>
    <UnitTest name="Abs_NegativeFloat_ReturnsPositive" storage="/users/bill/repos/flua/flua.runtime.librarytests/bin/debug/net8.0/flua.runtime.librarytests.dll" id="3cd2c9df-7251-60fe-ac0d-70ffb25e5f5c">
      <Execution id="d316df61-bb81-4b23-8ee5-93ef03f22a8b" />
      <TestMethod codeBase="/Users/bill/Repos/FLua/FLua.Runtime.LibraryTests/bin/Debug/net8.0/FLua.Runtime.LibraryTests.dll" adapterTypeName="executor://mstestadapter/v2" className="FLua.Runtime.LibraryTests.LuaMathLibTests" name="Abs_NegativeFloat_ReturnsPositive" />
    </UnitTest>
    <UnitTest name="Sin_Pi_ReturnsZero" storage="/users/bill/repos/flua/flua.runtime.librarytests/bin/debug/net8.0/flua.runtime.librarytests.dll" id="0375210f-cc53-e565-1dd1-49c56166eb87">
      <Execution id="a20c3ff5-e02e-4b0a-a3ed-dbd426a6c84c" />
      <TestMethod codeBase="/Users/bill/Repos/FLua/FLua.Runtime.LibraryTests/bin/Debug/net8.0/FLua.Runtime.LibraryTests.dll" adapterTypeName="executor://mstestadapter/v2" className="FLua.Runtime.LibraryTests.LuaMathLibTests" name="Sin_Pi_ReturnsZero" />
    </UnitTest>
    <UnitTest name="Char_NonIntegerArgument_ThrowsException" storage="/users/bill/repos/flua/flua.runtime.librarytests/bin/debug/net8.0/flua.runtime.librarytests.dll" id="9b50ae46-74c2-0e66-4e47-9cab9e38eccf">
      <Execution id="66aa5d92-72db-4d3d-9102-03ab34323ffd" />
      <TestMethod codeBase="/Users/bill/Repos/FLua/FLua.Runtime.LibraryTests/bin/Debug/net8.0/FLua.Runtime.LibraryTests.dll" adapterTypeName="executor://mstestadapter/v2" className="FLua.Runtime.LibraryTests.LuaUTF8LibTests" name="Char_NonIntegerArgument_ThrowsException" />
    </UnitTest>
    <UnitTest name="SetVariable_OverwriteExisting_UpdatesValue" storage="/users/bill/repos/flua/flua.runtime.librarytests/bin/debug/net8.0/flua.runtime.librarytests.dll" id="e352272b-49e3-425f-a616-29ac08fa22e8">
      <Execution id="63cdab3c-01ae-4224-807d-3b23951327b2" />
      <TestMethod codeBase="/Users/bill/Repos/FLua/FLua.Runtime.LibraryTests/bin/Debug/net8.0/FLua.Runtime.LibraryTests.dll" adapterTypeName="executor://mstestadapter/v2" className="FLua.Runtime.LibraryTests.LuaEnvironmentTests" name="SetVariable_OverwriteExisting_UpdatesValue" />
    </UnitTest>
    <UnitTest name="Find_StarQuantifierWithLetters_KnownLimitation" storage="/users/bill/repos/flua/flua.runtime.librarytests/bin/debug/net8.0/flua.runtime.librarytests.dll" id="181bb0ae-15a8-805b-2d7c-e0bee459e205">
      <Execution id="0104d2e2-edee-4bc5-9f34-748a57464146" />
      <TestMethod codeBase="/Users/bill/Repos/FLua/FLua.Runtime.LibraryTests/bin/Debug/net8.0/FLua.Runtime.LibraryTests.dll" adapterTypeName="executor://mstestadapter/v2" className="FLua.Runtime.LibraryTests.LuaStringLibTests" name="Find_StarQuantifierWithLetters_KnownLimitation" />
    </UnitTest>
    <UnitTest name="Open_NoFilename_ThrowsException" storage="/users/bill/repos/flua/flua.runtime.librarytests/bin/debug/net8.0/flua.runtime.librarytests.dll" id="0c4235b4-a2bc-0b8a-7c78-72fa60fd5d70">
      <Execution id="71b940b8-1d21-401c-a653-036f6d52a29b" />
      <TestMethod codeBase="/Users/bill/Repos/FLua/FLua.Runtime.LibraryTests/bin/Debug/net8.0/FLua.Runtime.LibraryTests.dll" adapterTypeName="executor://mstestadapter/v2" className="FLua.Runtime.LibraryTests.LuaIOLibTests" name="Open_NoFilename_ThrowsException" />
    </UnitTest>
    <UnitTest name="Helpers_Performance_ManyOperations" storage="/users/bill/repos/flua/flua.runtime.librarytests/bin/debug/net8.0/flua.runtime.librarytests.dll" id="2fc93ba3-96a1-6c43-4db3-7fbfc5aa3330">
      <Execution id="40e0a89f-1f48-4c05-8a36-b6c21fe0d8f2" />
      <TestMethod codeBase="/Users/bill/Repos/FLua/FLua.Runtime.LibraryTests/bin/Debug/net8.0/FLua.Runtime.LibraryTests.dll" adapterTypeName="executor://mstestadapter/v2" className="FLua.Runtime.LibraryTests.LuaValueHelpersTests" name="Helpers_Performance_ManyOperations" />
    </UnitTest>
    <UnitTest name="Insert_AtPosition_ShiftsElements" storage="/users/bill/repos/flua/flua.runtime.librarytests/bin/debug/net8.0/flua.runtime.librarytests.dll" id="5188b289-d241-dc5f-5994-5803e3cbfcd3">
      <Execution id="e843805d-cc15-418c-8651-ba97dab4e74a" />
      <TestMethod codeBase="/Users/bill/Repos/FLua/FLua.Runtime.LibraryTests/bin/Debug/net8.0/FLua.Runtime.LibraryTests.dll" adapterTypeName="executor://mstestadapter/v2" className="FLua.Runtime.LibraryTests.LuaTableLibTests" name="Insert_AtPosition_ShiftsElements" />
    </UnitTest>
    <UnitTest name="Pack_VariableSizeInteger_TooLarge_ThrowsException" storage="/users/bill/repos/flua/flua.runtime.librarytests/bin/debug/net8.0/flua.runtime.librarytests.dll" id="06e24568-cd99-4f48-d287-0a5f76b1d178">
      <Execution id="3247d763-637c-4622-96b1-b2ca27dbc97b" />
      <TestMethod codeBase="/Users/bill/Repos/FLua/FLua.Runtime.LibraryTests/bin/Debug/net8.0/FLua.Runtime.LibraryTests.dll" adapterTypeName="executor://mstestadapter/v2" className="FLua.Runtime.LibraryTests.LuaStringLibTests" name="Pack_VariableSizeInteger_TooLarge_ThrowsException" />
    </UnitTest>
    <UnitTest name="Pack_UnsignedByte_WorksCorrectly" storage="/users/bill/repos/flua/flua.runtime.librarytests/bin/debug/net8.0/flua.runtime.librarytests.dll" id="5f2deeb6-72a0-03d5-4777-41bc6c7a5176">
      <Execution id="6c469bfd-10af-4bd2-9765-cf9ade786e19" />
      <TestMethod codeBase="/Users/bill/Repos/FLua/FLua.Runtime.LibraryTests/bin/Debug/net8.0/FLua.Runtime.LibraryTests.dll" adapterTypeName="executor://mstestadapter/v2" className="FLua.Runtime.LibraryTests.LuaStringLibTests" name="Pack_UnsignedByte_WorksCorrectly" />
    </UnitTest>
    <UnitTest name="Match_EmptyPattern_MatchesEmptyAtStart" storage="/users/bill/repos/flua/flua.runtime.librarytests/bin/debug/net8.0/flua.runtime.librarytests.dll" id="e9556a5f-cf4a-e0de-7abb-5d65c7b41dfc">
      <Execution id="88d239c6-ad11-49a6-8396-ecd265d24b1a" />
      <TestMethod codeBase="/Users/bill/Repos/FLua/FLua.Runtime.LibraryTests/bin/Debug/net8.0/FLua.Runtime.LibraryTests.dll" adapterTypeName="executor://mstestadapter/v2" className="FLua.Runtime.LibraryTests.LuaStringLibTests" name="Match_EmptyPattern_MatchesEmptyAtStart" />
    </UnitTest>
    <UnitTest name="Max_WithNaN_ReturnsNaN" storage="/users/bill/repos/flua/flua.runtime.librarytests/bin/debug/net8.0/flua.runtime.librarytests.dll" id="08c2404b-62c9-aae9-50d9-31907f1c5884">
      <Execution id="4a4dec9d-ae20-42d8-ba82-ed98e9e2f822" />
      <TestMethod codeBase="/Users/bill/Repos/FLua/FLua.Runtime.LibraryTests/bin/Debug/net8.0/FLua.Runtime.LibraryTests.dll" adapterTypeName="executor://mstestadapter/v2" className="FLua.Runtime.LibraryTests.LuaMathLibTests" name="Max_WithNaN_ReturnsNaN" />
    </UnitTest>
    <UnitTest name="Date_MonthFormat_ReturnsMonth" storage="/users/bill/repos/flua/flua.runtime.librarytests/bin/debug/net8.0/flua.runtime.librarytests.dll" id="f13c82e0-7392-33c2-2e26-3ec76e9d7308">
      <Execution id="9a04b061-4272-476b-9da1-fe8acff07b41" />
      <TestMethod codeBase="/Users/bill/Repos/FLua/FLua.Runtime.LibraryTests/bin/Debug/net8.0/FLua.Runtime.LibraryTests.dll" adapterTypeName="executor://mstestadapter/v2" className="FLua.Runtime.LibraryTests.LuaOSLibTests" name="Date_MonthFormat_ReturnsMonth" />
    </UnitTest>
    <UnitTest name="CreateStandardEnvironment_HasStandardLibraries" storage="/users/bill/repos/flua/flua.runtime.librarytests/bin/debug/net8.0/flua.runtime.librarytests.dll" id="8a12688d-cfc8-14f7-74f6-6916940ca70e">
      <Execution id="59881eb4-7d87-4912-80bd-da2cf537307e" />
      <TestMethod codeBase="/Users/bill/Repos/FLua/FLua.Runtime.LibraryTests/bin/Debug/net8.0/FLua.Runtime.LibraryTests.dll" adapterTypeName="executor://mstestadapter/v2" className="FLua.Runtime.LibraryTests.LuaEnvironmentTests" name="CreateStandardEnvironment_HasStandardLibraries" />
    </UnitTest>
    <UnitTest name="AsIntegerValue_IntegerValue_ReturnsValue" storage="/users/bill/repos/flua/flua.runtime.librarytests/bin/debug/net8.0/flua.runtime.librarytests.dll" id="9f9f5600-a201-c1c7-8801-7f54257744c2">
      <Execution id="97fb9597-c143-4b1f-b992-9a1d224a8bee" />
      <TestMethod codeBase="/Users/bill/Repos/FLua/FLua.Runtime.LibraryTests/bin/Debug/net8.0/FLua.Runtime.LibraryTests.dll" adapterTypeName="executor://mstestadapter/v2" className="FLua.Runtime.LibraryTests.LuaValueTests" name="AsIntegerValue_IntegerValue_ReturnsValue" />
    </UnitTest>
    <UnitTest name="Find_NestedQuantifiers_HandlesComplexPattern" storage="/users/bill/repos/flua/flua.runtime.librarytests/bin/debug/net8.0/flua.runtime.librarytests.dll" id="5483ec0e-d8d4-5849-fd6d-6dcc2b8e4eb1">
      <Execution id="7cc99c2b-9327-4a1e-ad50-98b331bc0042" />
      <TestMethod codeBase="/Users/bill/Repos/FLua/FLua.Runtime.LibraryTests/bin/Debug/net8.0/FLua.Runtime.LibraryTests.dll" adapterTypeName="executor://mstestadapter/v2" className="FLua.Runtime.LibraryTests.LuaStringLibTests" name="Find_NestedQuantifiers_HandlesComplexPattern" />
    </UnitTest>
    <UnitTest name="String_NullString_ReturnsNilValue" storage="/users/bill/repos/flua/flua.runtime.librarytests/bin/debug/net8.0/flua.runtime.librarytests.dll" id="877e5135-11a8-16d8-5c7f-380550c8faef">
      <Execution id="701fe92a-f25d-4432-b1c1-d7498b61df35" />
      <TestMethod codeBase="/Users/bill/Repos/FLua/FLua.Runtime.LibraryTests/bin/Debug/net8.0/FLua.Runtime.LibraryTests.dll" adapterTypeName="executor://mstestadapter/v2" className="FLua.Runtime.LibraryTests.LuaValueTests" name="String_NullString_ReturnsNilValue" />
    </UnitTest>
    <UnitTest name="Char_ASCIICodePoints_ReturnsString" storage="/users/bill/repos/flua/flua.runtime.librarytests/bin/debug/net8.0/flua.runtime.librarytests.dll" id="8f0bef6f-7b97-da84-7a3f-0c88521dd779">
      <Execution id="819fa659-5e06-4557-b0b4-e2f4a8456d13" />
      <TestMethod codeBase="/Users/bill/Repos/FLua/FLua.Runtime.LibraryTests/bin/Debug/net8.0/FLua.Runtime.LibraryTests.dll" adapterTypeName="executor://mstestadapter/v2" className="FLua.Runtime.LibraryTests.LuaUTF8LibTests" name="Char_ASCIICodePoints_ReturnsString" />
    </UnitTest>
    <UnitTest name="Pack_Float_WorksCorrectly" storage="/users/bill/repos/flua/flua.runtime.librarytests/bin/debug/net8.0/flua.runtime.librarytests.dll" id="7be779a3-329d-c2a3-df19-b7f10f5274d9">
      <Execution id="bb753574-19e9-4e33-9c93-af81368139c5" />
      <TestMethod codeBase="/Users/bill/Repos/FLua/FLua.Runtime.LibraryTests/bin/Debug/net8.0/FLua.Runtime.LibraryTests.dll" adapterTypeName="executor://mstestadapter/v2" className="FLua.Runtime.LibraryTests.LuaStringLibTests" name="Pack_Float_WorksCorrectly" />
    </UnitTest>
    <UnitTest name="Move_DifferentTables_CopiesElements" storage="/users/bill/repos/flua/flua.runtime.librarytests/bin/debug/net8.0/flua.runtime.librarytests.dll" id="0d5af833-f41c-9353-5a95-8869d39f3279">
      <Execution id="c1ada827-ceb9-4d20-b5c1-ed116a7bba56" />
      <TestMethod codeBase="/Users/bill/Repos/FLua/FLua.Runtime.LibraryTests/bin/Debug/net8.0/FLua.Runtime.LibraryTests.dll" adapterTypeName="executor://mstestadapter/v2" className="FLua.Runtime.LibraryTests.LuaTableLibTests" name="Move_DifferentTables_CopiesElements" />
    </UnitTest>
    <UnitTest name="Format_PlusSignFlag_ShowsSign" storage="/users/bill/repos/flua/flua.runtime.librarytests/bin/debug/net8.0/flua.runtime.librarytests.dll" id="e3373e42-ae8a-062b-59b7-a271e4559170">
      <Execution id="9a6ecb47-1b66-4485-a9a9-bcb4d9d065ac" />
      <TestMethod codeBase="/Users/bill/Repos/FLua/FLua.Runtime.LibraryTests/bin/Debug/net8.0/FLua.Runtime.LibraryTests.dll" adapterTypeName="executor://mstestadapter/v2" className="FLua.Runtime.LibraryTests.LuaStringLibTests" name="Format_PlusSignFlag_ShowsSign" />
    </UnitTest>
    <UnitTest name="ImplicitConversion_DoubleToLuaValue_WorksCorrectly" storage="/users/bill/repos/flua/flua.runtime.librarytests/bin/debug/net8.0/flua.runtime.librarytests.dll" id="685fbf40-f61b-eb1f-4feb-0e01d0a2d4dd">
      <Execution id="1fd48f8d-b96e-4de7-9fa6-c60d11f3f69e" />
      <TestMethod codeBase="/Users/bill/Repos/FLua/FLua.Runtime.LibraryTests/bin/Debug/net8.0/FLua.Runtime.LibraryTests.dll" adapterTypeName="executor://mstestadapter/v2" className="FLua.Runtime.LibraryTests.LuaValueTests" name="ImplicitConversion_DoubleToLuaValue_WorksCorrectly" />
    </UnitTest>
    <UnitTest name="Offset_PositiveOffset_MovesForward" storage="/users/bill/repos/flua/flua.runtime.librarytests/bin/debug/net8.0/flua.runtime.librarytests.dll" id="3c540af4-349e-bde0-27be-ef5bab204a0c">
      <Execution id="0f6b589a-de4f-4aa6-bde7-5b971ab04df5" />
      <TestMethod codeBase="/Users/bill/Repos/FLua/FLua.Runtime.LibraryTests/bin/Debug/net8.0/FLua.Runtime.LibraryTests.dll" adapterTypeName="executor://mstestadapter/v2" className="FLua.Runtime.LibraryTests.LuaUTF8LibTests" name="Offset_PositiveOffset_MovesForward" />
    </UnitTest>
    <UnitTest name="Open_NonExistentFile_ReturnsNilWithError" storage="/users/bill/repos/flua/flua.runtime.librarytests/bin/debug/net8.0/flua.runtime.librarytests.dll" id="5415e2be-9405-d4d2-5064-4eb3f03cb9cb">
      <Execution id="cefc80e9-0094-402e-ac33-ca644e3471a5" />
      <TestMethod codeBase="/Users/bill/Repos/FLua/FLua.Runtime.LibraryTests/bin/Debug/net8.0/FLua.Runtime.LibraryTests.dll" adapterTypeName="executor://mstestadapter/v2" className="FLua.Runtime.LibraryTests.LuaIOLibTests" name="Open_NonExistentFile_ReturnsNilWithError" />
    </UnitTest>
    <UnitTest name="ToInteger_InvalidString_ThrowsException" storage="/users/bill/repos/flua/flua.runtime.librarytests/bin/debug/net8.0/flua.runtime.librarytests.dll" id="15f02d6a-c4fe-b756-2146-795394f86d00">
      <Execution id="2a3a916b-add2-4e5b-9eff-75dd0b6fc990" />
      <TestMethod codeBase="/Users/bill/Repos/FLua/FLua.Runtime.LibraryTests/bin/Debug/net8.0/FLua.Runtime.LibraryTests.dll" adapterTypeName="executor://mstestadapter/v2" className="FLua.Runtime.LibraryTests.LuaTypeConversionTests" name="ToInteger_InvalidString_ThrowsException" />
    </UnitTest>
    <UnitTest name="Find_AnchorStart_MatchesBeginning" storage="/users/bill/repos/flua/flua.runtime.librarytests/bin/debug/net8.0/flua.runtime.librarytests.dll" id="c5f6a300-0605-66f5-f86b-813f6490bc39">
      <Execution id="b2977bd4-9cca-4112-b8da-27864507a242" />
      <TestMethod codeBase="/Users/bill/Repos/FLua/FLua.Runtime.LibraryTests/bin/Debug/net8.0/FLua.Runtime.LibraryTests.dll" adapterTypeName="executor://mstestadapter/v2" className="FLua.Runtime.LibraryTests.LuaStringLibTests" name="Find_AnchorStart_MatchesBeginning" />
    </UnitTest>
    <UnitTest name="Format_MultiplePlaceholders_WorksCorrectly" storage="/users/bill/repos/flua/flua.runtime.librarytests/bin/debug/net8.0/flua.runtime.librarytests.dll" id="f66b7177-2762-23f8-2c30-048debb04846">
      <Execution id="65736dc8-74ce-471b-aef7-4e6253d2f63a" />
      <TestMethod codeBase="/Users/bill/Repos/FLua/FLua.Runtime.LibraryTests/bin/Debug/net8.0/FLua.Runtime.LibraryTests.dll" adapterTypeName="executor://mstestadapter/v2" className="FLua.Runtime.LibraryTests.LuaStringLibTests" name="Format_MultiplePlaceholders_WorksCorrectly" />
    </UnitTest>
    <UnitTest name="Char_MaxASCII_Works" storage="/users/bill/repos/flua/flua.runtime.librarytests/bin/debug/net8.0/flua.runtime.librarytests.dll" id="fb02144e-cda0-e59f-9f1c-b8472ef40372">
      <Execution id="23a148bf-fd31-4c84-ac4e-b2c64df7c9fa" />
      <TestMethod codeBase="/Users/bill/Repos/FLua/FLua.Runtime.LibraryTests/bin/Debug/net8.0/FLua.Runtime.LibraryTests.dll" adapterTypeName="executor://mstestadapter/v2" className="FLua.Runtime.LibraryTests.LuaUTF8LibTests" name="Char_MaxASCII_Works" />
    </UnitTest>
    <UnitTest name="Boolean_False_ReturnsCorrectValue" storage="/users/bill/repos/flua/flua.runtime.librarytests/bin/debug/net8.0/flua.runtime.librarytests.dll" id="1bfd024f-c9e2-76e3-155b-3c6ea8db6b6b">
      <Execution id="3c102caa-8b3f-4162-a8b4-ce43a6799b66" />
      <TestMethod codeBase="/Users/bill/Repos/FLua/FLua.Runtime.LibraryTests/bin/Debug/net8.0/FLua.Runtime.LibraryTests.dll" adapterTypeName="executor://mstestadapter/v2" className="FLua.Runtime.LibraryTests.LuaValueTests" name="Boolean_False_ReturnsCorrectValue" />
    </UnitTest>
    <UnitTest name="GetTypeName_AllLuaTypes_ReturnsCorrectNames" storage="/users/bill/repos/flua/flua.runtime.librarytests/bin/debug/net8.0/flua.runtime.librarytests.dll" id="e45664ba-6fd5-244e-e12c-9f7d25f5bab2">
      <Execution id="48e60101-1032-4696-a49a-2d89d5a01042" />
      <TestMethod codeBase="/Users/bill/Repos/FLua/FLua.Runtime.LibraryTests/bin/Debug/net8.0/FLua.Runtime.LibraryTests.dll" adapterTypeName="executor://mstestadapter/v2" className="FLua.Runtime.LibraryTests.LuaTypeConversionTests" name="GetTypeName_AllLuaTypes_ReturnsCorrectNames" />
    </UnitTest>
    <UnitTest name="Sort_NonTable_ThrowsException" storage="/users/bill/repos/flua/flua.runtime.librarytests/bin/debug/net8.0/flua.runtime.librarytests.dll" id="2ceef316-547f-296a-0d4f-13975d8da686">
      <Execution id="434c4396-f0c0-4464-8769-114d1f6f0bbc" />
      <TestMethod codeBase="/Users/bill/Repos/FLua/FLua.Runtime.LibraryTests/bin/Debug/net8.0/FLua.Runtime.LibraryTests.dll" adapterTypeName="executor://mstestadapter/v2" className="FLua.Runtime.LibraryTests.LuaTableLibTests" name="Sort_NonTable_ThrowsException" />
    </UnitTest>
    <UnitTest name="Char_Zero_ReturnsNullCharacter" storage="/users/bill/repos/flua/flua.runtime.librarytests/bin/debug/net8.0/flua.runtime.librarytests.dll" id="cf84fde5-5978-141c-c3a7-e0e4ca2b5a40">
      <Execution id="9c86c36a-9382-40a9-84a6-0a8a2b56413b" />
      <TestMethod codeBase="/Users/bill/Repos/FLua/FLua.Runtime.LibraryTests/bin/Debug/net8.0/FLua.Runtime.LibraryTests.dll" adapterTypeName="executor://mstestadapter/v2" className="FLua.Runtime.LibraryTests.LuaStringLibTests" name="Char_Zero_ReturnsNullCharacter" />
    </UnitTest>
    <UnitTest name="CodePoint_SingleCharacter_ReturnsSingleCodePoint" storage="/users/bill/repos/flua/flua.runtime.librarytests/bin/debug/net8.0/flua.runtime.librarytests.dll" id="b7791621-2a97-4e3f-ca1c-60e1ad49b7c4">
      <Execution id="9577ab33-20d9-4e71-a192-30bd3e3a9a8b" />
      <TestMethod codeBase="/Users/bill/Repos/FLua/FLua.Runtime.LibraryTests/bin/Debug/net8.0/FLua.Runtime.LibraryTests.dll" adapterTypeName="executor://mstestadapter/v2" className="FLua.Runtime.LibraryTests.LuaUTF8LibTests" name="CodePoint_SingleCharacter_ReturnsSingleCodePoint" />
    </UnitTest>
    <UnitTest name="Offset_MissingOffsetArgument_ThrowsException" storage="/users/bill/repos/flua/flua.runtime.librarytests/bin/debug/net8.0/flua.runtime.librarytests.dll" id="f51aaabf-699f-5a7e-a75d-92261c46a111">
      <Execution id="71001e9a-5632-474f-b0c5-dbb6586e8d9a" />
      <TestMethod codeBase="/Users/bill/Repos/FLua/FLua.Runtime.LibraryTests/bin/Debug/net8.0/FLua.Runtime.LibraryTests.dll" adapterTypeName="executor://mstestadapter/v2" className="FLua.Runtime.LibraryTests.LuaUTF8LibTests" name="Offset_MissingOffsetArgument_ThrowsException" />
    </UnitTest>
    <UnitTest name="Len_VeryLongUnicodeString_HandlesCorrectly" storage="/users/bill/repos/flua/flua.runtime.librarytests/bin/debug/net8.0/flua.runtime.librarytests.dll" id="b67f05c3-f268-37f5-0e44-5c83fb1f84fb">
      <Execution id="3623fb28-6089-4f7a-9226-a1bd0a90a640" />
      <TestMethod codeBase="/Users/bill/Repos/FLua/FLua.Runtime.LibraryTests/bin/Debug/net8.0/FLua.Runtime.LibraryTests.dll" adapterTypeName="executor://mstestadapter/v2" className="FLua.Runtime.LibraryTests.LuaUTF8LibTests" name="Len_VeryLongUnicodeString_HandlesCorrectly" />
    </UnitTest>
    <UnitTest name="Len_EmptyString_ReturnsZero" storage="/users/bill/repos/flua/flua.runtime.librarytests/bin/debug/net8.0/flua.runtime.librarytests.dll" id="1de81a3f-8399-6f86-0d78-6acfb9de4fe1">
      <Execution id="bcff1d13-6cf7-486c-a46a-d46dcdd2a873" />
      <TestMethod codeBase="/Users/bill/Repos/FLua/FLua.Runtime.LibraryTests/bin/Debug/net8.0/FLua.Runtime.LibraryTests.dll" adapterTypeName="executor://mstestadapter/v2" className="FLua.Runtime.LibraryTests.LuaUTF8LibTests" name="Len_EmptyString_ReturnsZero" />
    </UnitTest>
    <UnitTest name="Len_NilArgument_ThrowsException" storage="/users/bill/repos/flua/flua.runtime.librarytests/bin/debug/net8.0/flua.runtime.librarytests.dll" id="590adee5-50f6-084e-de58-916930d7bbd1">
      <Execution id="6a5ed5a3-abec-4fda-aba4-51d4f553bbb8" />
      <TestMethod codeBase="/Users/bill/Repos/FLua/FLua.Runtime.LibraryTests/bin/Debug/net8.0/FLua.Runtime.LibraryTests.dll" adapterTypeName="executor://mstestadapter/v2" className="FLua.Runtime.LibraryTests.LuaStringLibTests" name="Len_NilArgument_ThrowsException" />
    </UnitTest>
    <UnitTest name="Rep_CountZero_ReturnsEmptyString" storage="/users/bill/repos/flua/flua.runtime.librarytests/bin/debug/net8.0/flua.runtime.librarytests.dll" id="81dea3be-097f-0510-60ee-4ed801fd3da2">
      <Execution id="c446e2da-fe01-4463-9d90-0df3d80c4d86" />
      <TestMethod codeBase="/Users/bill/Repos/FLua/FLua.Runtime.LibraryTests/bin/Debug/net8.0/FLua.Runtime.LibraryTests.dll" adapterTypeName="executor://mstestadapter/v2" className="FLua.Runtime.LibraryTests.LuaStringLibTests" name="Rep_CountZero_ReturnsEmptyString" />
    </UnitTest>
    <UnitTest name="Unpack_StartGreaterThanEnd_ReturnsEmpty" storage="/users/bill/repos/flua/flua.runtime.librarytests/bin/debug/net8.0/flua.runtime.librarytests.dll" id="2f80f069-ce89-152d-e7bd-c7d7ec2af756">
      <Execution id="8fe1c62b-d85e-49c2-88ff-397eb1e3142a" />
      <TestMethod codeBase="/Users/bill/Repos/FLua/FLua.Runtime.LibraryTests/bin/Debug/net8.0/FLua.Runtime.LibraryTests.dll" adapterTypeName="executor://mstestadapter/v2" className="FLua.Runtime.LibraryTests.LuaTableLibTests" name="Unpack_StartGreaterThanEnd_ReturnsEmpty" />
    </UnitTest>
    <UnitTest name="StringToNumber_NegativeInteger_ReturnsCorrectValue" storage="/users/bill/repos/flua/flua.runtime.librarytests/bin/debug/net8.0/flua.runtime.librarytests.dll" id="599c52c0-7569-f4bd-5624-e58ca7f44e96">
      <Execution id="5d0ae1a1-dbe0-443f-a1c5-e4163849e481" />
      <TestMethod codeBase="/Users/bill/Repos/FLua/FLua.Runtime.LibraryTests/bin/Debug/net8.0/FLua.Runtime.LibraryTests.dll" adapterTypeName="executor://mstestadapter/v2" className="FLua.Runtime.LibraryTests.LuaTypeConversionTests" name="StringToNumber_NegativeInteger_ReturnsCorrectValue" />
    </UnitTest>
    <UnitTest name="SetLocale_CLocale_ReturnsC" storage="/users/bill/repos/flua/flua.runtime.librarytests/bin/debug/net8.0/flua.runtime.librarytests.dll" id="f8a856fd-b8ec-e105-fb04-512d8ea885db">
      <Execution id="184dfc8e-8c71-4fc2-ae36-04863f2be56d" />
      <TestMethod codeBase="/Users/bill/Repos/FLua/FLua.Runtime.LibraryTests/bin/Debug/net8.0/FLua.Runtime.LibraryTests.dll" adapterTypeName="executor://mstestadapter/v2" className="FLua.Runtime.LibraryTests.LuaOSLibTests" name="SetLocale_CLocale_ReturnsC" />
    </UnitTest>
    <UnitTest name="Format_PercentEscape_WorksCorrectly" storage="/users/bill/repos/flua/flua.runtime.librarytests/bin/debug/net8.0/flua.runtime.librarytests.dll" id="6ca184c4-e9f1-dddc-05c6-3003f381a406">
      <Execution id="d0f709e8-de90-4337-bbaa-73ec786d3e75" />
      <TestMethod codeBase="/Users/bill/Repos/FLua/FLua.Runtime.LibraryTests/bin/Debug/net8.0/FLua.Runtime.LibraryTests.dll" adapterTypeName="executor://mstestadapter/v2" className="FLua.Runtime.LibraryTests.LuaStringLibTests" name="Format_PercentEscape_WorksCorrectly" />
    </UnitTest>
    <UnitTest name="Match_EmptyString_ReturnsNil" storage="/users/bill/repos/flua/flua.runtime.librarytests/bin/debug/net8.0/flua.runtime.librarytests.dll" id="e141e7ed-cf22-2d48-27ef-158fbcb16ad6">
      <Execution id="d163e1b0-b0d4-4a22-b7ac-4232e1fbf62d" />
      <TestMethod codeBase="/Users/bill/Repos/FLua/FLua.Runtime.LibraryTests/bin/Debug/net8.0/FLua.Runtime.LibraryTests.dll" adapterTypeName="executor://mstestadapter/v2" className="FLua.Runtime.LibraryTests.LuaStringLibTests" name="Match_EmptyString_ReturnsNil" />
    </UnitTest>
    <UnitTest name="Remove_NonExistentFile_ReturnsNilWithMessage" storage="/users/bill/repos/flua/flua.runtime.librarytests/bin/debug/net8.0/flua.runtime.librarytests.dll" id="a788033e-bd92-31f1-6a8c-3336c6034218">
      <Execution id="ef179334-01ba-4186-b31e-d71c3432410a" />
      <TestMethod codeBase="/Users/bill/Repos/FLua/FLua.Runtime.LibraryTests/bin/Debug/net8.0/FLua.Runtime.LibraryTests.dll" adapterTypeName="executor://mstestadapter/v2" className="FLua.Runtime.LibraryTests.LuaOSLibTests" name="Remove_NonExistentFile_ReturnsNilWithMessage" />
    </UnitTest>
    <UnitTest name="ToConcatString_NilValue_ThrowsException" storage="/users/bill/repos/flua/flua.runtime.librarytests/bin/debug/net8.0/flua.runtime.librarytests.dll" id="edb57239-6d61-afc5-a9d7-c8f2ec92e7b4">
      <Execution id="fe1159c1-bb62-48ca-a35a-ef6572f8ee4a" />
      <TestMethod codeBase="/Users/bill/Repos/FLua/FLua.Runtime.LibraryTests/bin/Debug/net8.0/FLua.Runtime.LibraryTests.dll" adapterTypeName="executor://mstestadapter/v2" className="FLua.Runtime.LibraryTests.LuaTypeConversionTests" name="ToConcatString_NilValue_ThrowsException" />
    </UnitTest>
    <UnitTest name="Upper_MixedCaseString_ReturnsUppercase" storage="/users/bill/repos/flua/flua.runtime.librarytests/bin/debug/net8.0/flua.runtime.librarytests.dll" id="d898b746-6798-ab6d-18c9-e3fe06c92b96">
      <Execution id="1bc64d44-adba-4081-97e0-bd1f62ad75fa" />
      <TestMethod codeBase="/Users/bill/Repos/FLua/FLua.Runtime.LibraryTests/bin/Debug/net8.0/FLua.Runtime.LibraryTests.dll" adapterTypeName="executor://mstestadapter/v2" className="FLua.Runtime.LibraryTests.LuaStringLibTests" name="Upper_MixedCaseString_ReturnsUppercase" />
    </UnitTest>
    <UnitTest name="Find_ComplexCharacterClass_TestsClassMatching" storage="/users/bill/repos/flua/flua.runtime.librarytests/bin/debug/net8.0/flua.runtime.librarytests.dll" id="4226b713-abd5-c748-6b0f-bf6bae6ee882">
      <Execution id="51e75078-44a3-46eb-9c5a-5a7ce4decb80" />
      <TestMethod codeBase="/Users/bill/Repos/FLua/FLua.Runtime.LibraryTests/bin/Debug/net8.0/FLua.Runtime.LibraryTests.dll" adapterTypeName="executor://mstestadapter/v2" className="FLua.Runtime.LibraryTests.LuaStringLibTests" name="Find_ComplexCharacterClass_TestsClassMatching" />
    </UnitTest>
    <UnitTest name="Sub_NegativeIndices_WorksFromEnd" storage="/users/bill/repos/flua/flua.runtime.librarytests/bin/debug/net8.0/flua.runtime.librarytests.dll" id="e4cdf034-27ef-ed10-9bc7-3ea36c0718c7">
      <Execution id="6f1b889f-494d-467e-bdbf-c75df906a292" />
      <TestMethod codeBase="/Users/bill/Repos/FLua/FLua.Runtime.LibraryTests/bin/Debug/net8.0/FLua.Runtime.LibraryTests.dll" adapterTypeName="executor://mstestadapter/v2" className="FLua.Runtime.LibraryTests.LuaStringLibTests" name="Sub_NegativeIndices_WorksFromEnd" />
    </UnitTest>
    <UnitTest name="Codes_SingleCharacter_IteratesOnce" storage="/users/bill/repos/flua/flua.runtime.librarytests/bin/debug/net8.0/flua.runtime.librarytests.dll" id="b36a204b-6bba-e0c3-200f-59df401add70">
      <Execution id="e250fc7d-f471-4fec-9b48-b951d338f6bd" />
      <TestMethod codeBase="/Users/bill/Repos/FLua/FLua.Runtime.LibraryTests/bin/Debug/net8.0/FLua.Runtime.LibraryTests.dll" adapterTypeName="executor://mstestadapter/v2" className="FLua.Runtime.LibraryTests.LuaUTF8LibTests" name="Codes_SingleCharacter_IteratesOnce" />
    </UnitTest>
    <UnitTest name="Rep_NegativeCount_ReturnsEmptyString" storage="/users/bill/repos/flua/flua.runtime.librarytests/bin/debug/net8.0/flua.runtime.librarytests.dll" id="d7968170-8519-52de-cda2-a0ab30c45af2">
      <Execution id="cbe41f02-a176-4917-8d0f-14d4fc5c7c01" />
      <TestMethod codeBase="/Users/bill/Repos/FLua/FLua.Runtime.LibraryTests/bin/Debug/net8.0/FLua.Runtime.LibraryTests.dll" adapterTypeName="executor://mstestadapter/v2" className="FLua.Runtime.LibraryTests.LuaStringLibTests" name="Rep_NegativeCount_ReturnsEmptyString" />
    </UnitTest>
    <UnitTest name="Pack_SignedLong_WorksCorrectly" storage="/users/bill/repos/flua/flua.runtime.librarytests/bin/debug/net8.0/flua.runtime.librarytests.dll" id="730f5bdd-2db2-1c8d-a33e-c1f9dd7b77f3">
      <Execution id="7df7999d-42a9-49ea-9008-1136e0f1537d" />
      <TestMethod codeBase="/Users/bill/Repos/FLua/FLua.Runtime.LibraryTests/bin/Debug/net8.0/FLua.Runtime.LibraryTests.dll" adapterTypeName="executor://mstestadapter/v2" className="FLua.Runtime.LibraryTests.LuaStringLibTests" name="Pack_SignedLong_WorksCorrectly" />
    </UnitTest>
    <UnitTest name="IsNumber_NonNumericValues_ReturnsFalse" storage="/users/bill/repos/flua/flua.runtime.librarytests/bin/debug/net8.0/flua.runtime.librarytests.dll" id="98f90aa5-a4eb-5d57-00bb-d3f86c10a7cf">
      <Execution id="6297eb9e-54f0-4732-9f58-059503e39b86" />
      <TestMethod codeBase="/Users/bill/Repos/FLua/FLua.Runtime.LibraryTests/bin/Debug/net8.0/FLua.Runtime.LibraryTests.dll" adapterTypeName="executor://mstestadapter/v2" className="FLua.Runtime.LibraryTests.LuaValueHelpersTests" name="IsNumber_NonNumericValues_ReturnsFalse" />
    </UnitTest>
    <UnitTest name="ToInteger_Integer_ReturnsSameValue" storage="/users/bill/repos/flua/flua.runtime.librarytests/bin/debug/net8.0/flua.runtime.librarytests.dll" id="e128d051-1d7b-50a9-7f94-b558f761b014">
      <Execution id="cc9c7fab-7f2e-4b55-8984-9c3ab4a26279" />
      <TestMethod codeBase="/Users/bill/Repos/FLua/FLua.Runtime.LibraryTests/bin/Debug/net8.0/FLua.Runtime.LibraryTests.dll" adapterTypeName="executor://mstestadapter/v2" className="FLua.Runtime.LibraryTests.LuaMathLibTests" name="ToInteger_Integer_ReturnsSameValue" />
    </UnitTest>
    <UnitTest name="Ult_UnsignedComparison_ReturnsCorrectResult" storage="/users/bill/repos/flua/flua.runtime.librarytests/bin/debug/net8.0/flua.runtime.librarytests.dll" id="fdaf6464-8a8c-65cb-0f1d-55fdb4d37cc5">
      <Execution id="735a2e70-18a7-4d1e-b3ec-c56af525bc3f" />
      <TestMethod codeBase="/Users/bill/Repos/FLua/FLua.Runtime.LibraryTests/bin/Debug/net8.0/FLua.Runtime.LibraryTests.dll" adapterTypeName="executor://mstestadapter/v2" className="FLua.Runtime.LibraryTests.LuaMathLibTests" name="Ult_UnsignedComparison_ReturnsCorrectResult" />
    </UnitTest>
    <UnitTest name="Max_TwoIntegers_ReturnsLarger" storage="/users/bill/repos/flua/flua.runtime.librarytests/bin/debug/net8.0/flua.runtime.librarytests.dll" id="f0703390-7a9e-b955-b28b-d8a4e6675aae">
      <Execution id="ede4a631-3a60-4869-aba9-6b770f6d82db" />
      <TestMethod codeBase="/Users/bill/Repos/FLua/FLua.Runtime.LibraryTests/bin/Debug/net8.0/FLua.Runtime.LibraryTests.dll" adapterTypeName="executor://mstestadapter/v2" className="FLua.Runtime.LibraryTests.LuaMathLibTests" name="Max_TwoIntegers_ReturnsLarger" />
    </UnitTest>
    <UnitTest name="PackSize_VariableLengthFormat_ThrowsException" storage="/users/bill/repos/flua/flua.runtime.librarytests/bin/debug/net8.0/flua.runtime.librarytests.dll" id="13a1c7cf-0e07-1cf0-d642-53c48e767830">
      <Execution id="989f170e-e84e-40c4-a6cc-bd3778d2feb5" />
      <TestMethod codeBase="/Users/bill/Repos/FLua/FLua.Runtime.LibraryTests/bin/Debug/net8.0/FLua.Runtime.LibraryTests.dll" adapterTypeName="executor://mstestadapter/v2" className="FLua.Runtime.LibraryTests.LuaStringLibTests" name="PackSize_VariableLengthFormat_ThrowsException" />
    </UnitTest>
    <UnitTest name="DeepEnvironmentHierarchy_HandledCorrectly" storage="/users/bill/repos/flua/flua.runtime.librarytests/bin/debug/net8.0/flua.runtime.librarytests.dll" id="af4adf45-29e6-c2e3-2de7-876094d3ec0f">
      <Execution id="13b78b76-d068-4fe6-99d7-15c3a9e05655" />
      <TestMethod codeBase="/Users/bill/Repos/FLua/FLua.Runtime.LibraryTests/bin/Debug/net8.0/FLua.Runtime.LibraryTests.dll" adapterTypeName="executor://mstestadapter/v2" className="FLua.Runtime.LibraryTests.LuaEnvironmentTests" name="DeepEnvironmentHierarchy_HandledCorrectly" />
    </UnitTest>
    <UnitTest name="FileHandle_FlushAfterClose_ThrowsException" storage="/users/bill/repos/flua/flua.runtime.librarytests/bin/debug/net8.0/flua.runtime.librarytests.dll" id="142ab414-74a6-96fd-05b9-0c28a4a97a1c">
      <Execution id="b7239266-2d59-4c57-96ec-4863b3c354e2" />
      <TestMethod codeBase="/Users/bill/Repos/FLua/FLua.Runtime.LibraryTests/bin/Debug/net8.0/FLua.Runtime.LibraryTests.dll" adapterTypeName="executor://mstestadapter/v2" className="FLua.Runtime.LibraryTests.LuaIOLibTests" name="FileHandle_FlushAfterClose_ThrowsException" />
    </UnitTest>
    <UnitTest name="ToInteger_MaxLongValue_ReturnsMaxValue" storage="/users/bill/repos/flua/flua.runtime.librarytests/bin/debug/net8.0/flua.runtime.librarytests.dll" id="7fc54ed7-fc8a-0da5-3a30-a492d81d7d42">
      <Execution id="03cb8136-1e39-4bc3-99ba-e71300cabf5b" />
      <TestMethod codeBase="/Users/bill/Repos/FLua/FLua.Runtime.LibraryTests/bin/Debug/net8.0/FLua.Runtime.LibraryTests.dll" adapterTypeName="executor://mstestadapter/v2" className="FLua.Runtime.LibraryTests.LuaTypeConversionTests" name="ToInteger_MaxLongValue_ReturnsMaxValue" />
    </UnitTest>
    <UnitTest name="String_NormalString_ReturnsCorrectValue" storage="/users/bill/repos/flua/flua.runtime.librarytests/bin/debug/net8.0/flua.runtime.librarytests.dll" id="cb49c7e8-ea4d-898f-49f3-d946b28a4ad3">
      <Execution id="22891a65-913d-4aad-b91a-ce9717cab9a5" />
      <TestMethod codeBase="/Users/bill/Repos/FLua/FLua.Runtime.LibraryTests/bin/Debug/net8.0/FLua.Runtime.LibraryTests.dll" adapterTypeName="executor://mstestadapter/v2" className="FLua.Runtime.LibraryTests.LuaValueTests" name="String_NormalString_ReturnsCorrectValue" />
    </UnitTest>
    <UnitTest name="Log_E_ReturnsOne" storage="/users/bill/repos/flua/flua.runtime.librarytests/bin/debug/net8.0/flua.runtime.librarytests.dll" id="e86749b0-8a23-780c-934b-3de14fa7fc28">
      <Execution id="46a75b88-7b8f-4906-8d01-9e0f0efcf996" />
      <TestMethod codeBase="/Users/bill/Repos/FLua/FLua.Runtime.LibraryTests/bin/Debug/net8.0/FLua.Runtime.LibraryTests.dll" adapterTypeName="executor://mstestadapter/v2" className="FLua.Runtime.LibraryTests.LuaMathLibTests" name="Log_E_ReturnsOne" />
    </UnitTest>
    <UnitTest name="CreateNumber_NaN_ReturnsNaNFloat" storage="/users/bill/repos/flua/flua.runtime.librarytests/bin/debug/net8.0/flua.runtime.librarytests.dll" id="fad3615d-b120-c546-2daf-144e1c4fd08c">
      <Execution id="229b137a-5721-445f-bcf1-b7d9b1a111a7" />
      <TestMethod codeBase="/Users/bill/Repos/FLua/FLua.Runtime.LibraryTests/bin/Debug/net8.0/FLua.Runtime.LibraryTests.dll" adapterTypeName="executor://mstestadapter/v2" className="FLua.Runtime.LibraryTests.LuaValueHelpersTests" name="CreateNumber_NaN_ReturnsNaNFloat" />
    </UnitTest>
    <UnitTest name="ToInteger_ZeroString_ReturnsZero" storage="/users/bill/repos/flua/flua.runtime.librarytests/bin/debug/net8.0/flua.runtime.librarytests.dll" id="f86fab50-04b6-d9f8-f261-916523537541">
      <Execution id="4c65c9ac-90c6-46a8-a361-9b2030e7e11c" />
      <TestMethod codeBase="/Users/bill/Repos/FLua/FLua.Runtime.LibraryTests/bin/Debug/net8.0/FLua.Runtime.LibraryTests.dll" adapterTypeName="executor://mstestadapter/v2" className="FLua.Runtime.LibraryTests.LuaTypeConversionTests" name="ToInteger_ZeroString_ReturnsZero" />
    </UnitTest>
    <UnitTest name="Rep_WithSeparator_InterleavesSeparator" storage="/users/bill/repos/flua/flua.runtime.librarytests/bin/debug/net8.0/flua.runtime.librarytests.dll" id="bf97e7b3-ad23-5ac0-29a6-925724141bd2">
      <Execution id="bf903d55-f503-4167-a1f5-9dc7e7440c5e" />
      <TestMethod codeBase="/Users/bill/Repos/FLua/FLua.Runtime.LibraryTests/bin/Debug/net8.0/FLua.Runtime.LibraryTests.dll" adapterTypeName="executor://mstestadapter/v2" className="FLua.Runtime.LibraryTests.LuaStringLibTests" name="Rep_WithSeparator_InterleavesSeparator" />
    </UnitTest>
    <UnitTest name="ToNumber_IntegerValue_ReturnsDoubleValue" storage="/users/bill/repos/flua/flua.runtime.librarytests/bin/debug/net8.0/flua.runtime.librarytests.dll" id="cb15a14f-0bc3-ae5e-3ef0-096a041e6611">
      <Execution id="8d42b581-673d-4f45-8a41-d7491343a7ce" />
      <TestMethod codeBase="/Users/bill/Repos/FLua/FLua.Runtime.LibraryTests/bin/Debug/net8.0/FLua.Runtime.LibraryTests.dll" adapterTypeName="executor://mstestadapter/v2" className="FLua.Runtime.LibraryTests.LuaTypeConversionTests" name="ToNumber_IntegerValue_ReturnsDoubleValue" />
    </UnitTest>
    <UnitTest name="TypeConversion_BooleanTruthiness_FollowsLuaRules" storage="/users/bill/repos/flua/flua.runtime.librarytests/bin/debug/net8.0/flua.runtime.librarytests.dll" id="342e01e1-9cce-68b1-12c2-b542ef47ae8d">
      <Execution id="d9577723-4a1e-481c-85f3-39f54aeebcf9" />
      <TestMethod codeBase="/Users/bill/Repos/FLua/FLua.Runtime.LibraryTests/bin/Debug/net8.0/FLua.Runtime.LibraryTests.dll" adapterTypeName="executor://mstestadapter/v2" className="FLua.Runtime.LibraryTests.LuaTypeConversionTests" name="TypeConversion_BooleanTruthiness_FollowsLuaRules" />
    </UnitTest>
    <UnitTest name="Type_ClosedFileHandle_ReturnsClosedFile" storage="/users/bill/repos/flua/flua.runtime.librarytests/bin/debug/net8.0/flua.runtime.librarytests.dll" id="4bab1271-a1c2-887f-6fbf-41dd45181049">
      <Execution id="94ef2912-6904-4f63-8632-6e8b0ca88e4c" />
      <TestMethod codeBase="/Users/bill/Repos/FLua/FLua.Runtime.LibraryTests/bin/Debug/net8.0/FLua.Runtime.LibraryTests.dll" adapterTypeName="executor://mstestadapter/v2" className="FLua.Runtime.LibraryTests.LuaIOLibTests" name="Type_ClosedFileHandle_ReturnsClosedFile" />
    </UnitTest>
    <UnitTest name="IsString_EmptyString_ReturnsTrue" storage="/users/bill/repos/flua/flua.runtime.librarytests/bin/debug/net8.0/flua.runtime.librarytests.dll" id="e519c82d-c22e-5b8a-7ed3-317204664e9a">
      <Execution id="3d32cb7b-f1ee-49de-86e0-45dd5585b45d" />
      <TestMethod codeBase="/Users/bill/Repos/FLua/FLua.Runtime.LibraryTests/bin/Debug/net8.0/FLua.Runtime.LibraryTests.dll" adapterTypeName="executor://mstestadapter/v2" className="FLua.Runtime.LibraryTests.LuaValueHelpersTests" name="IsString_EmptyString_ReturnsTrue" />
    </UnitTest>
    <UnitTest name="Format_LeftAlignFlag_AlignCorrectly" storage="/users/bill/repos/flua/flua.runtime.librarytests/bin/debug/net8.0/flua.runtime.librarytests.dll" id="196d6ce2-55a5-ba7c-0853-11dff621fc56">
      <Execution id="16e7f6bf-d803-43a1-874a-7d99cec02ff1" />
      <TestMethod codeBase="/Users/bill/Repos/FLua/FLua.Runtime.LibraryTests/bin/Debug/net8.0/FLua.Runtime.LibraryTests.dll" adapterTypeName="executor://mstestadapter/v2" className="FLua.Runtime.LibraryTests.LuaStringLibTests" name="Format_LeftAlignFlag_AlignCorrectly" />
    </UnitTest>
    <UnitTest name="ToLuaString_NilValue_ReturnsNilString" storage="/users/bill/repos/flua/flua.runtime.librarytests/bin/debug/net8.0/flua.runtime.librarytests.dll" id="1ba26d15-331e-ba81-15ca-f8454597a5b5">
      <Execution id="dfea96b8-8c1a-4d7a-87d3-e04f54b93850" />
      <TestMethod codeBase="/Users/bill/Repos/FLua/FLua.Runtime.LibraryTests/bin/Debug/net8.0/FLua.Runtime.LibraryTests.dll" adapterTypeName="executor://mstestadapter/v2" className="FLua.Runtime.LibraryTests.LuaValueTests" name="ToLuaString_NilValue_ReturnsNilString" />
    </UnitTest>
    <UnitTest name="Constants_ShouldHaveCorrectValues" storage="/users/bill/repos/flua/flua.runtime.librarytests/bin/debug/net8.0/flua.runtime.librarytests.dll" id="21ebecd4-b2b5-f81b-86e5-e23af883bc0d">
      <Execution id="f7ff91d5-a27b-4e00-8797-1c77a2a1bb95" />
      <TestMethod codeBase="/Users/bill/Repos/FLua/FLua.Runtime.LibraryTests/bin/Debug/net8.0/FLua.Runtime.LibraryTests.dll" adapterTypeName="executor://mstestadapter/v2" className="FLua.Runtime.LibraryTests.LuaMathLibTests" name="Constants_ShouldHaveCorrectValues" />
    </UnitTest>
    <UnitTest name="GetInteger_MinValue_ReturnsCorrectValue" storage="/users/bill/repos/flua/flua.runtime.librarytests/bin/debug/net8.0/flua.runtime.librarytests.dll" id="8afde5b1-f025-bdd0-f9a8-e3e3069652fa">
      <Execution id="97e60720-fbe8-476c-b34c-6cae7cd646a4" />
      <TestMethod codeBase="/Users/bill/Repos/FLua/FLua.Runtime.LibraryTests/bin/Debug/net8.0/FLua.Runtime.LibraryTests.dll" adapterTypeName="executor://mstestadapter/v2" className="FLua.Runtime.LibraryTests.LuaValueHelpersTests" name="GetInteger_MinValue_ReturnsCorrectValue" />
    </UnitTest>
    <UnitTest name="Abs_PositiveInfinity_ReturnsPositiveInfinity" storage="/users/bill/repos/flua/flua.runtime.librarytests/bin/debug/net8.0/flua.runtime.librarytests.dll" id="91fa945e-534a-024b-68c1-09481e2cfed7">
      <Execution id="15755574-cd15-4fea-adfa-6e783df2cb27" />
      <TestMethod codeBase="/Users/bill/Repos/FLua/FLua.Runtime.LibraryTests/bin/Debug/net8.0/FLua.Runtime.LibraryTests.dll" adapterTypeName="executor://mstestadapter/v2" className="FLua.Runtime.LibraryTests.LuaMathLibTests" name="Abs_PositiveInfinity_ReturnsPositiveInfinity" />
    </UnitTest>
    <UnitTest name="DiffTime_NegativeDifference_ReturnsNegativeValue" storage="/users/bill/repos/flua/flua.runtime.librarytests/bin/debug/net8.0/flua.runtime.librarytests.dll" id="ce110ec4-6807-151f-0f3f-e817293b8781">
      <Execution id="be0264c5-e6b0-490a-9811-b2232a17e6d7" />
      <TestMethod codeBase="/Users/bill/Repos/FLua/FLua.Runtime.LibraryTests/bin/Debug/net8.0/FLua.Runtime.LibraryTests.dll" adapterTypeName="executor://mstestadapter/v2" className="FLua.Runtime.LibraryTests.LuaOSLibTests" name="DiffTime_NegativeDifference_ReturnsNegativeValue" />
    </UnitTest>
    <UnitTest name="IsNumber_FloatValue_ReturnsTrue" storage="/users/bill/repos/flua/flua.runtime.librarytests/bin/debug/net8.0/flua.runtime.librarytests.dll" id="14dff083-c9f6-edb1-f839-0afb5426adcd">
      <Execution id="06f92886-9622-43e5-8419-41f5f386558c" />
      <TestMethod codeBase="/Users/bill/Repos/FLua/FLua.Runtime.LibraryTests/bin/Debug/net8.0/FLua.Runtime.LibraryTests.dll" adapterTypeName="executor://mstestadapter/v2" className="FLua.Runtime.LibraryTests.LuaValueHelpersTests" name="IsNumber_FloatValue_ReturnsTrue" />
    </UnitTest>
    <UnitTest name="Sqrt_Zero_ReturnsZero" storage="/users/bill/repos/flua/flua.runtime.librarytests/bin/debug/net8.0/flua.runtime.librarytests.dll" id="47ac3cbb-aa32-69aa-eb93-a86a9fb3bda6">
      <Execution id="58d0c6bd-e539-469c-a2ea-811b8b90601c" />
      <TestMethod codeBase="/Users/bill/Repos/FLua/FLua.Runtime.LibraryTests/bin/Debug/net8.0/FLua.Runtime.LibraryTests.dll" adapterTypeName="executor://mstestadapter/v2" className="FLua.Runtime.LibraryTests.LuaMathLibTests" name="Sqrt_Zero_ReturnsZero" />
    </UnitTest>
    <UnitTest name="IsString_StringValue_ReturnsTrue" storage="/users/bill/repos/flua/flua.runtime.librarytests/bin/debug/net8.0/flua.runtime.librarytests.dll" id="a1ad0f11-1acf-9951-e51b-5aa2d40e334d">
      <Execution id="624e054e-0880-4fbe-aef7-ce00066cd27b" />
      <TestMethod codeBase="/Users/bill/Repos/FLua/FLua.Runtime.LibraryTests/bin/Debug/net8.0/FLua.Runtime.LibraryTests.dll" adapterTypeName="executor://mstestadapter/v2" className="FLua.Runtime.LibraryTests.LuaValueHelpersTests" name="IsString_StringValue_ReturnsTrue" />
    </UnitTest>
    <UnitTest name="Sub_StartEqualsEnd_ReturnsSingleCharacter" storage="/users/bill/repos/flua/flua.runtime.librarytests/bin/debug/net8.0/flua.runtime.librarytests.dll" id="c449ff5e-a04c-65d2-8358-81dfa42bfb3c">
      <Execution id="77cea13b-996c-4934-82b8-1a92e5c63108" />
      <TestMethod codeBase="/Users/bill/Repos/FLua/FLua.Runtime.LibraryTests/bin/Debug/net8.0/FLua.Runtime.LibraryTests.dll" adapterTypeName="executor://mstestadapter/v2" className="FLua.Runtime.LibraryTests.LuaStringLibTests" name="Sub_StartEqualsEnd_ReturnsSingleCharacter" />
    </UnitTest>
    <UnitTest name="Format_ZeroPadFlag_PadsWithZeros" storage="/users/bill/repos/flua/flua.runtime.librarytests/bin/debug/net8.0/flua.runtime.librarytests.dll" id="bc1ff08e-1e15-6ede-0c74-21fde48f6fcd">
      <Execution id="99009977-fd51-4d1a-88c0-b0f693d569b5" />
      <TestMethod codeBase="/Users/bill/Repos/FLua/FLua.Runtime.LibraryTests/bin/Debug/net8.0/FLua.Runtime.LibraryTests.dll" adapterTypeName="executor://mstestadapter/v2" className="FLua.Runtime.LibraryTests.LuaStringLibTests" name="Format_ZeroPadFlag_PadsWithZeros" />
    </UnitTest>
    <UnitTest name="Rep_CountOne_ReturnsSameString" storage="/users/bill/repos/flua/flua.runtime.librarytests/bin/debug/net8.0/flua.runtime.librarytests.dll" id="c9e3b85c-08c6-c9b0-c2c1-08d8f5887312">
      <Execution id="648deca3-28ae-449d-ac84-ef73bf6357c3" />
      <TestMethod codeBase="/Users/bill/Repos/FLua/FLua.Runtime.LibraryTests/bin/Debug/net8.0/FLua.Runtime.LibraryTests.dll" adapterTypeName="executor://mstestadapter/v2" className="FLua.Runtime.LibraryTests.LuaStringLibTests" name="Rep_CountOne_ReturnsSameString" />
    </UnitTest>
    <UnitTest name="Equals_BothNil_ReturnsTrue" storage="/users/bill/repos/flua/flua.runtime.librarytests/bin/debug/net8.0/flua.runtime.librarytests.dll" id="dc2c84c8-44bb-4ef8-69bb-c08aa54f4e45">
      <Execution id="c869b639-c313-41e3-b306-6599fc50517f" />
      <TestMethod codeBase="/Users/bill/Repos/FLua/FLua.Runtime.LibraryTests/bin/Debug/net8.0/FLua.Runtime.LibraryTests.dll" adapterTypeName="executor://mstestadapter/v2" className="FLua.Runtime.LibraryTests.LuaValueTests" name="Equals_BothNil_ReturnsTrue" />
    </UnitTest>
    <UnitTest name="Clock_ReturnsPositiveNumber" storage="/users/bill/repos/flua/flua.runtime.librarytests/bin/debug/net8.0/flua.runtime.librarytests.dll" id="92d40d22-aa79-198f-78bb-e1b4434c8a26">
      <Execution id="b6a77351-6f7c-4845-8526-40f05ed30002" />
      <TestMethod codeBase="/Users/bill/Repos/FLua/FLua.Runtime.LibraryTests/bin/Debug/net8.0/FLua.Runtime.LibraryTests.dll" adapterTypeName="executor://mstestadapter/v2" className="FLua.Runtime.LibraryTests.LuaOSLibTests" name="Clock_ReturnsPositiveNumber" />
    </UnitTest>
    <UnitTest name="Floor_LargeFloat_ReturnsFloat" storage="/users/bill/repos/flua/flua.runtime.librarytests/bin/debug/net8.0/flua.runtime.librarytests.dll" id="5e4370a9-e725-b06f-f680-a7ac00d166d5">
      <Execution id="9cbd1e9e-408d-4e88-88a2-76367e510c59" />
      <TestMethod codeBase="/Users/bill/Repos/FLua/FLua.Runtime.LibraryTests/bin/Debug/net8.0/FLua.Runtime.LibraryTests.dll" adapterTypeName="executor://mstestadapter/v2" className="FLua.Runtime.LibraryTests.LuaMathLibTests" name="Floor_LargeFloat_ReturnsFloat" />
    </UnitTest>
    <UnitTest name="Unpack_SimpleArray_ReturnsElements" storage="/users/bill/repos/flua/flua.runtime.librarytests/bin/debug/net8.0/flua.runtime.librarytests.dll" id="3483b99b-fc69-a667-3fb8-b744a04642ad">
      <Execution id="35f2af26-623f-4efe-9e56-e7f671e962bf" />
      <TestMethod codeBase="/Users/bill/Repos/FLua/FLua.Runtime.LibraryTests/bin/Debug/net8.0/FLua.Runtime.LibraryTests.dll" adapterTypeName="executor://mstestadapter/v2" className="FLua.Runtime.LibraryTests.LuaTableLibTests" name="Unpack_SimpleArray_ReturnsElements" />
    </UnitTest>
    <UnitTest name="Sin_PiOver2_ReturnsOne" storage="/users/bill/repos/flua/flua.runtime.librarytests/bin/debug/net8.0/flua.runtime.librarytests.dll" id="3afc9177-ad93-b9af-75ec-7097ea116058">
      <Execution id="fd210ac3-2a84-4b70-9f83-9077acd4366c" />
      <TestMethod codeBase="/Users/bill/Repos/FLua/FLua.Runtime.LibraryTests/bin/Debug/net8.0/FLua.Runtime.LibraryTests.dll" adapterTypeName="executor://mstestadapter/v2" className="FLua.Runtime.LibraryTests.LuaMathLibTests" name="Sin_PiOver2_ReturnsOne" />
    </UnitTest>
    <UnitTest name="String_UnicodeString_ReturnsCorrectValue" storage="/users/bill/repos/flua/flua.runtime.librarytests/bin/debug/net8.0/flua.runtime.librarytests.dll" id="81432b5a-0a92-dee0-84a6-365867d576ce">
      <Execution id="3664a39e-2c3e-4325-893b-96dae4672882" />
      <TestMethod codeBase="/Users/bill/Repos/FLua/FLua.Runtime.LibraryTests/bin/Debug/net8.0/FLua.Runtime.LibraryTests.dll" adapterTypeName="executor://mstestadapter/v2" className="FLua.Runtime.LibraryTests.LuaValueTests" name="String_UnicodeString_ReturnsCorrectValue" />
    </UnitTest>
    <UnitTest name="ToLuaString_StringValue_ReturnsString" storage="/users/bill/repos/flua/flua.runtime.librarytests/bin/debug/net8.0/flua.runtime.librarytests.dll" id="c886bf97-c264-17f4-360b-1804dfde8668">
      <Execution id="30aa98ef-6750-40a7-a46e-139c0e53ee49" />
      <TestMethod codeBase="/Users/bill/Repos/FLua/FLua.Runtime.LibraryTests/bin/Debug/net8.0/FLua.Runtime.LibraryTests.dll" adapterTypeName="executor://mstestadapter/v2" className="FLua.Runtime.LibraryTests.LuaValueTests" name="ToLuaString_StringValue_ReturnsString" />
    </UnitTest>
    <UnitTest name="FileHandle_Read_ZeroCount_ReturnsEmpty" storage="/users/bill/repos/flua/flua.runtime.librarytests/bin/debug/net8.0/flua.runtime.librarytests.dll" id="9b56cfb9-586a-9651-3fac-504fa070f523">
      <Execution id="e4e84712-2203-4853-9ae5-e9b11ebf687f" />
      <TestMethod codeBase="/Users/bill/Repos/FLua/FLua.Runtime.LibraryTests/bin/Debug/net8.0/FLua.Runtime.LibraryTests.dll" adapterTypeName="executor://mstestadapter/v2" className="FLua.Runtime.LibraryTests.LuaIOLibTests" name="FileHandle_Read_ZeroCount_ReturnsEmpty" />
    </UnitTest>
    <UnitTest name="Format_SimpleStringReplacement_WorksCorrectly" storage="/users/bill/repos/flua/flua.runtime.librarytests/bin/debug/net8.0/flua.runtime.librarytests.dll" id="e5c5ad1e-516b-ba8f-d8b3-2dec54cb31d0">
      <Execution id="44d5bdc9-30bc-4223-88ed-25399c3e90a8" />
      <TestMethod codeBase="/Users/bill/Repos/FLua/FLua.Runtime.LibraryTests/bin/Debug/net8.0/FLua.Runtime.LibraryTests.dll" adapterTypeName="executor://mstestadapter/v2" className="FLua.Runtime.LibraryTests.LuaStringLibTests" name="Format_SimpleStringReplacement_WorksCorrectly" />
    </UnitTest>
    <UnitTest name="Exp_One_ReturnsE" storage="/users/bill/repos/flua/flua.runtime.librarytests/bin/debug/net8.0/flua.runtime.librarytests.dll" id="3725ed9d-fa75-4215-a7b8-4a32f173aba8">
      <Execution id="6ac0d9f5-0853-469f-ae03-9f24ba19b08f" />
      <TestMethod codeBase="/Users/bill/Repos/FLua/FLua.Runtime.LibraryTests/bin/Debug/net8.0/FLua.Runtime.LibraryTests.dll" adapterTypeName="executor://mstestadapter/v2" className="FLua.Runtime.LibraryTests.LuaMathLibTests" name="Exp_One_ReturnsE" />
    </UnitTest>
    <UnitTest name="Open_WriteMode_CreatesNewFile" storage="/users/bill/repos/flua/flua.runtime.librarytests/bin/debug/net8.0/flua.runtime.librarytests.dll" id="316e17c5-c5ba-ac81-4655-609abada5b0e">
      <Execution id="3338f712-b880-4529-9f78-b319fd652395" />
      <TestMethod codeBase="/Users/bill/Repos/FLua/FLua.Runtime.LibraryTests/bin/Debug/net8.0/FLua.Runtime.LibraryTests.dll" adapterTypeName="executor://mstestadapter/v2" className="FLua.Runtime.LibraryTests.LuaIOLibTests" name="Open_WriteMode_CreatesNewFile" />
    </UnitTest>
    <UnitTest name="Pack_SizeT_WorksCorrectly" storage="/users/bill/repos/flua/flua.runtime.librarytests/bin/debug/net8.0/flua.runtime.librarytests.dll" id="952a8a71-b4cd-9818-5a02-92acc1efe8b0">
      <Execution id="49b05293-56e5-4476-bd9c-e92d6375736c" />
      <TestMethod codeBase="/Users/bill/Repos/FLua/FLua.Runtime.LibraryTests/bin/Debug/net8.0/FLua.Runtime.LibraryTests.dll" adapterTypeName="executor://mstestadapter/v2" className="FLua.Runtime.LibraryTests.LuaStringLibTests" name="Pack_SizeT_WorksCorrectly" />
    </UnitTest>
    <UnitTest name="Len_MixedString_CountsCorrectly" storage="/users/bill/repos/flua/flua.runtime.librarytests/bin/debug/net8.0/flua.runtime.librarytests.dll" id="d2f79be1-f1ca-d801-4182-02bc9225c1f3">
      <Execution id="3023e503-bdda-4d12-8a76-e58b8474dbf7" />
      <TestMethod codeBase="/Users/bill/Repos/FLua/FLua.Runtime.LibraryTests/bin/Debug/net8.0/FLua.Runtime.LibraryTests.dll" adapterTypeName="executor://mstestadapter/v2" className="FLua.Runtime.LibraryTests.LuaUTF8LibTests" name="Len_MixedString_CountsCorrectly" />
    </UnitTest>
    <UnitTest name="Ceil_NegativeFloat_ReturnsCeil" storage="/users/bill/repos/flua/flua.runtime.librarytests/bin/debug/net8.0/flua.runtime.librarytests.dll" id="35b8885e-5e8d-9b1a-cab6-d81ac88a9066">
      <Execution id="742d180f-cf07-43f3-8a6f-f71ac3b81cba" />
      <TestMethod codeBase="/Users/bill/Repos/FLua/FLua.Runtime.LibraryTests/bin/Debug/net8.0/FLua.Runtime.LibraryTests.dll" adapterTypeName="executor://mstestadapter/v2" className="FLua.Runtime.LibraryTests.LuaMathLibTests" name="Ceil_NegativeFloat_ReturnsCeil" />
    </UnitTest>
    <UnitTest name="Move_NonTableSource_ThrowsException" storage="/users/bill/repos/flua/flua.runtime.librarytests/bin/debug/net8.0/flua.runtime.librarytests.dll" id="f3647307-8fa1-ea9a-d61e-ff0e0e3b3c0f">
      <Execution id="b62e208a-7040-4166-a06a-3f615676b0cd" />
      <TestMethod codeBase="/Users/bill/Repos/FLua/FLua.Runtime.LibraryTests/bin/Debug/net8.0/FLua.Runtime.LibraryTests.dll" adapterTypeName="executor://mstestadapter/v2" className="FLua.Runtime.LibraryTests.LuaTableLibTests" name="Move_NonTableSource_ThrowsException" />
    </UnitTest>
    <UnitTest name="Format_FloatFormatting_WorksCorrectly" storage="/users/bill/repos/flua/flua.runtime.librarytests/bin/debug/net8.0/flua.runtime.librarytests.dll" id="ce6e61f0-02b6-b566-1b38-58cf8c7eddc5">
      <Execution id="35dea53f-ee6d-4d1a-9853-dc173b0b9428" />
      <TestMethod codeBase="/Users/bill/Repos/FLua/FLua.Runtime.LibraryTests/bin/Debug/net8.0/FLua.Runtime.LibraryTests.dll" adapterTypeName="executor://mstestadapter/v2" className="FLua.Runtime.LibraryTests.LuaStringLibTests" name="Format_FloatFormatting_WorksCorrectly" />
    </UnitTest>
    <UnitTest name="AsInteger_NonIntegerValue_ThrowsException" storage="/users/bill/repos/flua/flua.runtime.librarytests/bin/debug/net8.0/flua.runtime.librarytests.dll" id="092d3db4-bd27-e826-9b24-629c17ea85e9">
      <Execution id="e906a29c-df83-4fe6-ab0d-7039096320ab" />
      <TestMethod codeBase="/Users/bill/Repos/FLua/FLua.Runtime.LibraryTests/bin/Debug/net8.0/FLua.Runtime.LibraryTests.dll" adapterTypeName="executor://mstestadapter/v2" className="FLua.Runtime.LibraryTests.LuaValueTests" name="AsInteger_NonIntegerValue_ThrowsException" />
    </UnitTest>
    <UnitTest name="Floor_Integer_ReturnsSameValue" storage="/users/bill/repos/flua/flua.runtime.librarytests/bin/debug/net8.0/flua.runtime.librarytests.dll" id="2a85935e-5001-a7a5-9055-56e88cd50aae">
      <Execution id="1975e2fe-e709-41d2-8464-4ac05bfa75d3" />
      <TestMethod codeBase="/Users/bill/Repos/FLua/FLua.Runtime.LibraryTests/bin/Debug/net8.0/FLua.Runtime.LibraryTests.dll" adapterTypeName="executor://mstestadapter/v2" className="FLua.Runtime.LibraryTests.LuaMathLibTests" name="Floor_Integer_ReturnsSameValue" />
    </UnitTest>
    <UnitTest name="TryToInteger_FloatWithFractionalPart_ReturnsFalse" storage="/users/bill/repos/flua/flua.runtime.librarytests/bin/debug/net8.0/flua.runtime.librarytests.dll" id="6cc07460-5fb6-c713-1995-9f7347e597ba">
      <Execution id="4fc1beb1-907b-4f0e-a800-65a96b8aaf36" />
      <TestMethod codeBase="/Users/bill/Repos/FLua/FLua.Runtime.LibraryTests/bin/Debug/net8.0/FLua.Runtime.LibraryTests.dll" adapterTypeName="executor://mstestadapter/v2" className="FLua.Runtime.LibraryTests.LuaValueTests" name="TryToInteger_FloatWithFractionalPart_ReturnsFalse" />
    </UnitTest>
    <UnitTest name="Sort_Numbers_SortsNumerically" storage="/users/bill/repos/flua/flua.runtime.librarytests/bin/debug/net8.0/flua.runtime.librarytests.dll" id="eb76ace6-853a-21b1-ca5c-5e67b7601320">
      <Execution id="26101e56-cb70-4e8c-8082-876d30215a84" />
      <TestMethod codeBase="/Users/bill/Repos/FLua/FLua.Runtime.LibraryTests/bin/Debug/net8.0/FLua.Runtime.LibraryTests.dll" adapterTypeName="executor://mstestadapter/v2" className="FLua.Runtime.LibraryTests.LuaTableLibTests" name="Sort_Numbers_SortsNumerically" />
    </UnitTest>
    <UnitTest name="Clock_SuccessiveCallsIncreaseMonotonically" storage="/users/bill/repos/flua/flua.runtime.librarytests/bin/debug/net8.0/flua.runtime.librarytests.dll" id="80691151-143c-52a8-bcbb-bd76651c398f">
      <Execution id="625fc937-27a0-4a77-9d4d-c0cc0ae0bf12" />
      <TestMethod codeBase="/Users/bill/Repos/FLua/FLua.Runtime.LibraryTests/bin/Debug/net8.0/FLua.Runtime.LibraryTests.dll" adapterTypeName="executor://mstestadapter/v2" className="FLua.Runtime.LibraryTests.LuaOSLibTests" name="Clock_SuccessiveCallsIncreaseMonotonically" />
    </UnitTest>
    <UnitTest name="ToInteger_NegativeIntegerString_ReturnsCorrectInteger" storage="/users/bill/repos/flua/flua.runtime.librarytests/bin/debug/net8.0/flua.runtime.librarytests.dll" id="d5f79c47-ffc8-b440-c71d-83b2bd2cd7bc">
      <Execution id="15c230ab-9ccb-4e03-b6c5-26729b79c55e" />
      <TestMethod codeBase="/Users/bill/Repos/FLua/FLua.Runtime.LibraryTests/bin/Debug/net8.0/FLua.Runtime.LibraryTests.dll" adapterTypeName="executor://mstestadapter/v2" className="FLua.Runtime.LibraryTests.LuaTypeConversionTests" name="ToInteger_NegativeIntegerString_ReturnsCorrectInteger" />
    </UnitTest>
    <UnitTest name="Sub_StartOnly_ReturnsFromStartToEnd" storage="/users/bill/repos/flua/flua.runtime.librarytests/bin/debug/net8.0/flua.runtime.librarytests.dll" id="e98b4b51-54e6-732a-a117-1f66388678a8">
      <Execution id="c67658a5-a19a-4bd2-ba45-7573a4c2e6de" />
      <TestMethod codeBase="/Users/bill/Repos/FLua/FLua.Runtime.LibraryTests/bin/Debug/net8.0/FLua.Runtime.LibraryTests.dll" adapterTypeName="executor://mstestadapter/v2" className="FLua.Runtime.LibraryTests.LuaStringLibTests" name="Sub_StartOnly_ReturnsFromStartToEnd" />
    </UnitTest>
    <UnitTest name="Pow_TwoToThePowerOfThree_ReturnsEight" storage="/users/bill/repos/flua/flua.runtime.librarytests/bin/debug/net8.0/flua.runtime.librarytests.dll" id="6642b87e-f989-fa7e-fc87-e099ff904a87">
      <Execution id="a0ee7fc2-d572-4889-b6d7-3ca1352a6483" />
      <TestMethod codeBase="/Users/bill/Repos/FLua/FLua.Runtime.LibraryTests/bin/Debug/net8.0/FLua.Runtime.LibraryTests.dll" adapterTypeName="executor://mstestadapter/v2" className="FLua.Runtime.LibraryTests.LuaMathLibTests" name="Pow_TwoToThePowerOfThree_ReturnsEight" />
    </UnitTest>
    <UnitTest name="Len_LongString_ReturnsCorrectLength" storage="/users/bill/repos/flua/flua.runtime.librarytests/bin/debug/net8.0/flua.runtime.librarytests.dll" id="93b341b6-a5db-14cd-05fe-4c1e0fcee7e4">
      <Execution id="978f01b3-f88a-476a-8ff1-0ea0afe4b59f" />
      <TestMethod codeBase="/Users/bill/Repos/FLua/FLua.Runtime.LibraryTests/bin/Debug/net8.0/FLua.Runtime.LibraryTests.dll" adapterTypeName="executor://mstestadapter/v2" className="FLua.Runtime.LibraryTests.LuaStringLibTests" name="Len_LongString_ReturnsCorrectLength" />
    </UnitTest>
    <UnitTest name="CodePoint_NoArguments_ThrowsException" storage="/users/bill/repos/flua/flua.runtime.librarytests/bin/debug/net8.0/flua.runtime.librarytests.dll" id="fec8e7d0-a919-01a6-d40f-af4e5424a86b">
      <Execution id="78044393-6232-46ba-a16f-d24a669382f0" />
      <TestMethod codeBase="/Users/bill/Repos/FLua/FLua.Runtime.LibraryTests/bin/Debug/net8.0/FLua.Runtime.LibraryTests.dll" adapterTypeName="executor://mstestadapter/v2" className="FLua.Runtime.LibraryTests.LuaUTF8LibTests" name="CodePoint_NoArguments_ThrowsException" />
    </UnitTest>
    <UnitTest name="Format_MissingArgument_ThrowsException" storage="/users/bill/repos/flua/flua.runtime.librarytests/bin/debug/net8.0/flua.runtime.librarytests.dll" id="d4b5d219-056e-cc0e-be33-1d6004bba6c4">
      <Execution id="12220a3f-d453-4d68-a5e8-bf1eadb7ea82" />
      <TestMethod codeBase="/Users/bill/Repos/FLua/FLua.Runtime.LibraryTests/bin/Debug/net8.0/FLua.Runtime.LibraryTests.dll" adapterTypeName="executor://mstestadapter/v2" className="FLua.Runtime.LibraryTests.LuaStringLibTests" name="Format_MissingArgument_ThrowsException" />
    </UnitTest>
    <UnitTest name="ToInteger_FloatWithFractionalPart_ThrowsException" storage="/users/bill/repos/flua/flua.runtime.librarytests/bin/debug/net8.0/flua.runtime.librarytests.dll" id="3183239c-49be-13db-94b9-ad8c4858d6b4">
      <Execution id="d236cf1a-f322-4b03-b72e-956f3ccb20b9" />
      <TestMethod codeBase="/Users/bill/Repos/FLua/FLua.Runtime.LibraryTests/bin/Debug/net8.0/FLua.Runtime.LibraryTests.dll" adapterTypeName="executor://mstestadapter/v2" className="FLua.Runtime.LibraryTests.LuaTypeConversionTests" name="ToInteger_FloatWithFractionalPart_ThrowsException" />
    </UnitTest>
    <UnitTest name="TestMethod1" storage="/users/bill/repos/flua/flua.runtime.librarytests/bin/debug/net8.0/flua.runtime.librarytests.dll" id="c745b49e-0b06-9050-ea27-f3fe6be9c9a3">
      <Execution id="8d256f83-a5ed-4c1a-9d9c-b45991c63714" />
      <TestMethod codeBase="/Users/bill/Repos/FLua/FLua.Runtime.LibraryTests/bin/Debug/net8.0/FLua.Runtime.LibraryTests.dll" adapterTypeName="executor://mstestadapter/v2" className="FLua.Runtime.LibraryTests.UnitTest1" name="TestMethod1" />
    </UnitTest>
    <UnitTest name="Find_StartBeyondStringLength_ReturnsNil" storage="/users/bill/repos/flua/flua.runtime.librarytests/bin/debug/net8.0/flua.runtime.librarytests.dll" id="7313386a-5d26-9aa2-0acf-f3c0e885a30b">
      <Execution id="49dc63d0-1d8d-4d06-94da-ca154c179094" />
      <TestMethod codeBase="/Users/bill/Repos/FLua/FLua.Runtime.LibraryTests/bin/Debug/net8.0/FLua.Runtime.LibraryTests.dll" adapterTypeName="executor://mstestadapter/v2" className="FLua.Runtime.LibraryTests.LuaStringLibTests" name="Find_StartBeyondStringLength_ReturnsNil" />
    </UnitTest>
    <UnitTest name="CreateNumber_MaxLong_ReturnsMaxInteger" storage="/users/bill/repos/flua/flua.runtime.librarytests/bin/debug/net8.0/flua.runtime.librarytests.dll" id="f758e466-f99e-2f24-2103-23592204a18c">
      <Execution id="d94f8789-2dbd-41ca-a76b-74947521aaee" />
      <TestMethod codeBase="/Users/bill/Repos/FLua/FLua.Runtime.LibraryTests/bin/Debug/net8.0/FLua.Runtime.LibraryTests.dll" adapterTypeName="executor://mstestadapter/v2" className="FLua.Runtime.LibraryTests.LuaValueHelpersTests" name="CreateNumber_MaxLong_ReturnsMaxInteger" />
    </UnitTest>
    <UnitTest name="CreateNumber_ZeroDouble_ReturnsZeroFloat" storage="/users/bill/repos/flua/flua.runtime.librarytests/bin/debug/net8.0/flua.runtime.librarytests.dll" id="2612273a-d5c4-4832-8695-dd20406cbed0">
      <Execution id="a784d24b-75b1-495c-a28e-c197f1f616f8" />
      <TestMethod codeBase="/Users/bill/Repos/FLua/FLua.Runtime.LibraryTests/bin/Debug/net8.0/FLua.Runtime.LibraryTests.dll" adapterTypeName="executor://mstestadapter/v2" className="FLua.Runtime.LibraryTests.LuaValueHelpersTests" name="CreateNumber_ZeroDouble_ReturnsZeroFloat" />
    </UnitTest>
    <UnitTest name="Pack_UnsignedShort_WorksCorrectly" storage="/users/bill/repos/flua/flua.runtime.librarytests/bin/debug/net8.0/flua.runtime.librarytests.dll" id="6a3e1ea6-7efd-59c8-0079-ca724e40ddfa">
      <Execution id="90366973-32dd-47b1-9646-add69924e7ed" />
      <TestMethod codeBase="/Users/bill/Repos/FLua/FLua.Runtime.LibraryTests/bin/Debug/net8.0/FLua.Runtime.LibraryTests.dll" adapterTypeName="executor://mstestadapter/v2" className="FLua.Runtime.LibraryTests.LuaStringLibTests" name="Pack_UnsignedShort_WorksCorrectly" />
    </UnitTest>
    <UnitTest name="Type_NoArguments_ReturnsNil" storage="/users/bill/repos/flua/flua.runtime.librarytests/bin/debug/net8.0/flua.runtime.librarytests.dll" id="da2d786f-538e-7702-aa12-98bb27105cae">
      <Execution id="b277a9c3-93df-4d50-985c-83bbd4a9d18c" />
      <TestMethod codeBase="/Users/bill/Repos/FLua/FLua.Runtime.LibraryTests/bin/Debug/net8.0/FLua.Runtime.LibraryTests.dll" adapterTypeName="executor://mstestadapter/v2" className="FLua.Runtime.LibraryTests.LuaIOLibTests" name="Type_NoArguments_ReturnsNil" />
    </UnitTest>
    <UnitTest name="ToInteger_StringInteger_ReturnsInteger" storage="/users/bill/repos/flua/flua.runtime.librarytests/bin/debug/net8.0/flua.runtime.librarytests.dll" id="302be2d9-e67e-17ff-92a8-c4111efae5bb">
      <Execution id="d87e42f5-ae03-40ac-9916-f5bd302b5b39" />
      <TestMethod codeBase="/Users/bill/Repos/FLua/FLua.Runtime.LibraryTests/bin/Debug/net8.0/FLua.Runtime.LibraryTests.dll" adapterTypeName="executor://mstestadapter/v2" className="FLua.Runtime.LibraryTests.LuaMathLibTests" name="ToInteger_StringInteger_ReturnsInteger" />
    </UnitTest>
    <UnitTest name="Integer_PositiveValue_ReturnsCorrectValue" storage="/users/bill/repos/flua/flua.runtime.librarytests/bin/debug/net8.0/flua.runtime.librarytests.dll" id="d2140570-9e33-308a-7666-319988c1d656">
      <Execution id="65835893-3aba-4bc3-a0b0-4a2807b5aa6b" />
      <TestMethod codeBase="/Users/bill/Repos/FLua/FLua.Runtime.LibraryTests/bin/Debug/net8.0/FLua.Runtime.LibraryTests.dll" adapterTypeName="executor://mstestadapter/v2" className="FLua.Runtime.LibraryTests.LuaValueTests" name="Integer_PositiveValue_ReturnsCorrectValue" />
    </UnitTest>
    <UnitTest name="Sub_EmptyString_ReturnsEmpty" storage="/users/bill/repos/flua/flua.runtime.librarytests/bin/debug/net8.0/flua.runtime.librarytests.dll" id="ce8879f5-6e83-5bff-bdae-70b3e4d2e15b">
      <Execution id="a6240560-832e-4157-b58f-c46b02f48805" />
      <TestMethod codeBase="/Users/bill/Repos/FLua/FLua.Runtime.LibraryTests/bin/Debug/net8.0/FLua.Runtime.LibraryTests.dll" adapterTypeName="executor://mstestadapter/v2" className="FLua.Runtime.LibraryTests.LuaStringLibTests" name="Sub_EmptyString_ReturnsEmpty" />
    </UnitTest>
    <UnitTest name="Char_NonIntegerArgument_ThrowsException" storage="/users/bill/repos/flua/flua.runtime.librarytests/bin/debug/net8.0/flua.runtime.librarytests.dll" id="e66ea803-41ea-dd7e-a790-9ff8d4e692fa">
      <Execution id="bcf0af3e-38ce-4746-a5f9-69d2eb66dca6" />
      <TestMethod codeBase="/Users/bill/Repos/FLua/FLua.Runtime.LibraryTests/bin/Debug/net8.0/FLua.Runtime.LibraryTests.dll" adapterTypeName="executor://mstestadapter/v2" className="FLua.Runtime.LibraryTests.LuaStringLibTests" name="Char_NonIntegerArgument_ThrowsException" />
    </UnitTest>
    <UnitTest name="DiffTime_MissingSecondArgument_ThrowsException" storage="/users/bill/repos/flua/flua.runtime.librarytests/bin/debug/net8.0/flua.runtime.librarytests.dll" id="6c30615a-35f0-23d2-2af1-7f5ba4d86cd0">
      <Execution id="40f380fd-c484-42dc-9a40-e2e071b6aee5" />
      <TestMethod codeBase="/Users/bill/Repos/FLua/FLua.Runtime.LibraryTests/bin/Debug/net8.0/FLua.Runtime.LibraryTests.dll" adapterTypeName="executor://mstestadapter/v2" className="FLua.Runtime.LibraryTests.LuaOSLibTests" name="DiffTime_MissingSecondArgument_ThrowsException" />
    </UnitTest>
    <UnitTest name="Remove_AtPosition_ShiftsElements" storage="/users/bill/repos/flua/flua.runtime.librarytests/bin/debug/net8.0/flua.runtime.librarytests.dll" id="e2b2e85e-40bb-ee45-19ac-a85354ec2aff">
      <Execution id="6e34ac66-c83d-4660-8959-d3861ae4fd19" />
      <TestMethod codeBase="/Users/bill/Repos/FLua/FLua.Runtime.LibraryTests/bin/Debug/net8.0/FLua.Runtime.LibraryTests.dll" adapterTypeName="executor://mstestadapter/v2" className="FLua.Runtime.LibraryTests.LuaTableLibTests" name="Remove_AtPosition_ShiftsElements" />
    </UnitTest>
    <UnitTest name="Len_EmojiString_CountsCorrectly" storage="/users/bill/repos/flua/flua.runtime.librarytests/bin/debug/net8.0/flua.runtime.librarytests.dll" id="9174375c-0b3c-1055-5fb5-df8ca562869a">
      <Execution id="a51841e7-9b4c-413c-b2de-98570a44a5dd" />
      <TestMethod codeBase="/Users/bill/Repos/FLua/FLua.Runtime.LibraryTests/bin/Debug/net8.0/FLua.Runtime.LibraryTests.dll" adapterTypeName="executor://mstestadapter/v2" className="FLua.Runtime.LibraryTests.LuaUTF8LibTests" name="Len_EmojiString_CountsCorrectly" />
    </UnitTest>
    <UnitTest name="Find_SimplePattern_ReturnsPosition" storage="/users/bill/repos/flua/flua.runtime.librarytests/bin/debug/net8.0/flua.runtime.librarytests.dll" id="b931607b-ba65-f0fe-f4b5-565ebc4e7bc9">
      <Execution id="de3f85cb-c759-4a71-96a0-639c262fff68" />
      <TestMethod codeBase="/Users/bill/Repos/FLua/FLua.Runtime.LibraryTests/bin/Debug/net8.0/FLua.Runtime.LibraryTests.dll" adapterTypeName="executor://mstestadapter/v2" className="FLua.Runtime.LibraryTests.LuaStringLibTests" name="Find_SimplePattern_ReturnsPosition" />
    </UnitTest>
    <UnitTest name="Time_InvalidDateTable_ThrowsException" storage="/users/bill/repos/flua/flua.runtime.librarytests/bin/debug/net8.0/flua.runtime.librarytests.dll" id="5b70969d-3127-18e8-4abf-82acfd64a1f1">
      <Execution id="ce4305ce-f7f9-4794-9b45-1ed0e46f8340" />
      <TestMethod codeBase="/Users/bill/Repos/FLua/FLua.Runtime.LibraryTests/bin/Debug/net8.0/FLua.Runtime.LibraryTests.dll" adapterTypeName="executor://mstestadapter/v2" className="FLua.Runtime.LibraryTests.LuaOSLibTests" name="Time_InvalidDateTable_ThrowsException" />
    </UnitTest>
    <UnitTest name="Rad_180_ReturnsPi" storage="/users/bill/repos/flua/flua.runtime.librarytests/bin/debug/net8.0/flua.runtime.librarytests.dll" id="b3ce1882-0b30-f00e-0788-a6798983f21c">
      <Execution id="9c903f81-8f57-4d74-88f8-bef19b80c551" />
      <TestMethod codeBase="/Users/bill/Repos/FLua/FLua.Runtime.LibraryTests/bin/Debug/net8.0/FLua.Runtime.LibraryTests.dll" adapterTypeName="executor://mstestadapter/v2" className="FLua.Runtime.LibraryTests.LuaMathLibTests" name="Rad_180_ReturnsPi" />
    </UnitTest>
    <UnitTest name="ManyVariables_Performance_Acceptable" storage="/users/bill/repos/flua/flua.runtime.librarytests/bin/debug/net8.0/flua.runtime.librarytests.dll" id="c30f375d-bb42-6c2b-5206-9699f2408f8e">
      <Execution id="a794fa5c-f098-4eb8-92a8-4c06c3e6bbf4" />
      <TestMethod codeBase="/Users/bill/Repos/FLua/FLua.Runtime.LibraryTests/bin/Debug/net8.0/FLua.Runtime.LibraryTests.dll" adapterTypeName="executor://mstestadapter/v2" className="FLua.Runtime.LibraryTests.LuaEnvironmentTests" name="ManyVariables_Performance_Acceptable" />
    </UnitTest>
    <UnitTest name="CreateNumber_NegativeLong_ReturnsCorrectInteger" storage="/users/bill/repos/flua/flua.runtime.librarytests/bin/debug/net8.0/flua.runtime.librarytests.dll" id="c9b41b16-24ce-496b-987c-abd353e461e5">
      <Execution id="ef57cccc-b9ea-4030-bb77-ca33a3ebf820" />
      <TestMethod codeBase="/Users/bill/Repos/FLua/FLua.Runtime.LibraryTests/bin/Debug/net8.0/FLua.Runtime.LibraryTests.dll" adapterTypeName="executor://mstestadapter/v2" className="FLua.Runtime.LibraryTests.LuaValueHelpersTests" name="CreateNumber_NegativeLong_ReturnsCorrectInteger" />
    </UnitTest>
    <UnitTest name="StringToNumber_EmptyString_ReturnsNull" storage="/users/bill/repos/flua/flua.runtime.librarytests/bin/debug/net8.0/flua.runtime.librarytests.dll" id="1cb9d42a-446e-6702-65e7-c0f68d134285">
      <Execution id="6aef1333-aa3a-41cc-8965-6643569fd599" />
      <TestMethod codeBase="/Users/bill/Repos/FLua/FLua.Runtime.LibraryTests/bin/Debug/net8.0/FLua.Runtime.LibraryTests.dll" adapterTypeName="executor://mstestadapter/v2" className="FLua.Runtime.LibraryTests.LuaTypeConversionTests" name="StringToNumber_EmptyString_ReturnsNull" />
    </UnitTest>
    <UnitTest name="Concat_WithSeparator_JoinsWithSeparator" storage="/users/bill/repos/flua/flua.runtime.librarytests/bin/debug/net8.0/flua.runtime.librarytests.dll" id="3f75e1dd-7d09-8aad-d8b3-ba4677ddc4f1">
      <Execution id="7e610a2d-2b1a-43ea-be74-d3df120a6ecc" />
      <TestMethod codeBase="/Users/bill/Repos/FLua/FLua.Runtime.LibraryTests/bin/Debug/net8.0/FLua.Runtime.LibraryTests.dll" adapterTypeName="executor://mstestadapter/v2" className="FLua.Runtime.LibraryTests.LuaTableLibTests" name="Concat_WithSeparator_JoinsWithSeparator" />
    </UnitTest>
    <UnitTest name="Sqrt_Four_ReturnsTwo" storage="/users/bill/repos/flua/flua.runtime.librarytests/bin/debug/net8.0/flua.runtime.librarytests.dll" id="a0eb5310-291b-8863-e084-f56ae7a156c4">
      <Execution id="b8898ac9-b754-4526-a488-aa5d6c0a4d1b" />
      <TestMethod codeBase="/Users/bill/Repos/FLua/FLua.Runtime.LibraryTests/bin/Debug/net8.0/FLua.Runtime.LibraryTests.dll" adapterTypeName="executor://mstestadapter/v2" className="FLua.Runtime.LibraryTests.LuaMathLibTests" name="Sqrt_Four_ReturnsTwo" />
    </UnitTest>
    <UnitTest name="GSub_NoMatches_ReturnsOriginal" storage="/users/bill/repos/flua/flua.runtime.librarytests/bin/debug/net8.0/flua.runtime.librarytests.dll" id="c8755625-971f-3215-9a42-f4870a9948c6">
      <Execution id="8ff90144-dca2-4b25-8f34-91c0b435c435" />
      <TestMethod codeBase="/Users/bill/Repos/FLua/FLua.Runtime.LibraryTests/bin/Debug/net8.0/FLua.Runtime.LibraryTests.dll" adapterTypeName="executor://mstestadapter/v2" className="FLua.Runtime.LibraryTests.LuaStringLibTests" name="GSub_NoMatches_ReturnsOriginal" />
    </UnitTest>
    <UnitTest name="FMod_NonNumericFirstArgument_ThrowsException" storage="/users/bill/repos/flua/flua.runtime.librarytests/bin/debug/net8.0/flua.runtime.librarytests.dll" id="e01c2c3b-1921-8eb0-c672-b4392577f2dc">
      <Execution id="3f27d7a6-32e8-4de1-b371-c6dcd11182c7" />
      <TestMethod codeBase="/Users/bill/Repos/FLua/FLua.Runtime.LibraryTests/bin/Debug/net8.0/FLua.Runtime.LibraryTests.dll" adapterTypeName="executor://mstestadapter/v2" className="FLua.Runtime.LibraryTests.LuaMathLibTests" name="FMod_NonNumericFirstArgument_ThrowsException" />
    </UnitTest>
    <UnitTest name="Lines_EmptyFile_ReturnsEmptyIterator" storage="/users/bill/repos/flua/flua.runtime.librarytests/bin/debug/net8.0/flua.runtime.librarytests.dll" id="797f74ab-502e-753e-792c-01d61bf281a5">
      <Execution id="651a5f4e-456c-42f5-bfa5-d443c8e054f3" />
      <TestMethod codeBase="/Users/bill/Repos/FLua/FLua.Runtime.LibraryTests/bin/Debug/net8.0/FLua.Runtime.LibraryTests.dll" adapterTypeName="executor://mstestadapter/v2" className="FLua.Runtime.LibraryTests.LuaIOLibTests" name="Lines_EmptyFile_ReturnsEmptyIterator" />
    </UnitTest>
    <UnitTest name="SetLocale_AllCategory_SetsLocale" storage="/users/bill/repos/flua/flua.runtime.librarytests/bin/debug/net8.0/flua.runtime.librarytests.dll" id="76fe9faa-4618-ea82-de42-cef87ef7ab6f">
      <Execution id="56efa83c-d2bc-48d6-b557-2cfef95b66c4" />
      <TestMethod codeBase="/Users/bill/Repos/FLua/FLua.Runtime.LibraryTests/bin/Debug/net8.0/FLua.Runtime.LibraryTests.dll" adapterTypeName="executor://mstestadapter/v2" className="FLua.Runtime.LibraryTests.LuaOSLibTests" name="SetLocale_AllCategory_SetsLocale" />
    </UnitTest>
    <UnitTest name="Len_UnicodeString_ReturnsCharacterCount" storage="/users/bill/repos/flua/flua.runtime.librarytests/bin/debug/net8.0/flua.runtime.librarytests.dll" id="8f5dab9b-e772-79eb-2a67-42eaae48c62b">
      <Execution id="be4b2281-aada-4a58-89a4-b1e0294a803c" />
      <TestMethod codeBase="/Users/bill/Repos/FLua/FLua.Runtime.LibraryTests/bin/Debug/net8.0/FLua.Runtime.LibraryTests.dll" adapterTypeName="executor://mstestadapter/v2" className="FLua.Runtime.LibraryTests.LuaStringLibTests" name="Len_UnicodeString_ReturnsCharacterCount" />
    </UnitTest>
    <UnitTest name="Len_OutOfBoundsStart_ReturnsZero" storage="/users/bill/repos/flua/flua.runtime.librarytests/bin/debug/net8.0/flua.runtime.librarytests.dll" id="9511ab97-a3b6-dc47-a5eb-e8d4aa09e933">
      <Execution id="e1e969cf-cc8d-4747-ad66-cb943495cf2c" />
      <TestMethod codeBase="/Users/bill/Repos/FLua/FLua.Runtime.LibraryTests/bin/Debug/net8.0/FLua.Runtime.LibraryTests.dll" adapterTypeName="executor://mstestadapter/v2" className="FLua.Runtime.LibraryTests.LuaUTF8LibTests" name="Len_OutOfBoundsStart_ReturnsZero" />
    </UnitTest>
    <UnitTest name="GetNumber_ZeroInteger_ReturnsZero" storage="/users/bill/repos/flua/flua.runtime.librarytests/bin/debug/net8.0/flua.runtime.librarytests.dll" id="8d7ffd3c-c613-fdd4-5501-a0aadc600b6a">
      <Execution id="c28eb3a0-942a-4bf0-8b02-dd4b869d5b59" />
      <TestMethod codeBase="/Users/bill/Repos/FLua/FLua.Runtime.LibraryTests/bin/Debug/net8.0/FLua.Runtime.LibraryTests.dll" adapterTypeName="executor://mstestadapter/v2" className="FLua.Runtime.LibraryTests.LuaValueHelpersTests" name="GetNumber_ZeroInteger_ReturnsZero" />
    </UnitTest>
    <UnitTest name="Type_OpenFileHandle_ReturnsFile" storage="/users/bill/repos/flua/flua.runtime.librarytests/bin/debug/net8.0/flua.runtime.librarytests.dll" id="15db09ba-67c9-9115-d1c7-0d4367a1444e">
      <Execution id="6fd28835-744e-4b28-b81c-b1bc8d73515c" />
      <TestMethod codeBase="/Users/bill/Repos/FLua/FLua.Runtime.LibraryTests/bin/Debug/net8.0/FLua.Runtime.LibraryTests.dll" adapterTypeName="executor://mstestadapter/v2" className="FLua.Runtime.LibraryTests.LuaIOLibTests" name="Type_OpenFileHandle_ReturnsFile" />
    </UnitTest>
    <UnitTest name="Pack_WithWhitespace_IgnoresSpaces" storage="/users/bill/repos/flua/flua.runtime.librarytests/bin/debug/net8.0/flua.runtime.librarytests.dll" id="4e6e0a21-4db3-e860-7b53-c6aab6b891d5">
      <Execution id="ff831e29-0946-4774-97eb-59d83c1f4cff" />
      <TestMethod codeBase="/Users/bill/Repos/FLua/FLua.Runtime.LibraryTests/bin/Debug/net8.0/FLua.Runtime.LibraryTests.dll" adapterTypeName="executor://mstestadapter/v2" className="FLua.Runtime.LibraryTests.LuaStringLibTests" name="Pack_WithWhitespace_IgnoresSpaces" />
    </UnitTest>
    <UnitTest name="Floor_NearZeroNegative_ReturnsNegativeOne" storage="/users/bill/repos/flua/flua.runtime.librarytests/bin/debug/net8.0/flua.runtime.librarytests.dll" id="1b7089d6-940d-cde2-e437-2a307b7d2116">
      <Execution id="e341433e-1fcd-4c6e-b6a3-df39feffb8bb" />
      <TestMethod codeBase="/Users/bill/Repos/FLua/FLua.Runtime.LibraryTests/bin/Debug/net8.0/FLua.Runtime.LibraryTests.dll" adapterTypeName="executor://mstestadapter/v2" className="FLua.Runtime.LibraryTests.LuaMathLibTests" name="Floor_NearZeroNegative_ReturnsNegativeOne" />
    </UnitTest>
    <UnitTest name="ToConcatString_BooleanValue_ThrowsException" storage="/users/bill/repos/flua/flua.runtime.librarytests/bin/debug/net8.0/flua.runtime.librarytests.dll" id="93aea425-0484-f765-45a1-23486e2d2574">
      <Execution id="36a19c37-7dce-4355-9743-11a5c7b6d894" />
      <TestMethod codeBase="/Users/bill/Repos/FLua/FLua.Runtime.LibraryTests/bin/Debug/net8.0/FLua.Runtime.LibraryTests.dll" adapterTypeName="executor://mstestadapter/v2" className="FLua.Runtime.LibraryTests.LuaTypeConversionTests" name="ToConcatString_BooleanValue_ThrowsException" />
    </UnitTest>
    <UnitTest name="Abs_NoArguments_ThrowsException" storage="/users/bill/repos/flua/flua.runtime.librarytests/bin/debug/net8.0/flua.runtime.librarytests.dll" id="4798ebe8-290d-6e6b-ee8c-f9ee0b060029">
      <Execution id="ab2f78d8-c0f1-4a10-a1ed-61c58ad3dfd0" />
      <TestMethod codeBase="/Users/bill/Repos/FLua/FLua.Runtime.LibraryTests/bin/Debug/net8.0/FLua.Runtime.LibraryTests.dll" adapterTypeName="executor://mstestadapter/v2" className="FLua.Runtime.LibraryTests.LuaMathLibTests" name="Abs_NoArguments_ThrowsException" />
    </UnitTest>
    <UnitTest name="Nil_CreateNil_ReturnsNilValue" storage="/users/bill/repos/flua/flua.runtime.librarytests/bin/debug/net8.0/flua.runtime.librarytests.dll" id="22025405-4164-9e68-7325-572d01c97c5d">
      <Execution id="8cb17917-71e0-4a8e-803f-f909409204e1" />
      <TestMethod codeBase="/Users/bill/Repos/FLua/FLua.Runtime.LibraryTests/bin/Debug/net8.0/FLua.Runtime.LibraryTests.dll" adapterTypeName="executor://mstestadapter/v2" className="FLua.Runtime.LibraryTests.LuaValueTests" name="Nil_CreateNil_ReturnsNilValue" />
    </UnitTest>
    <UnitTest name="Pack_StringLength_TooLarge_ThrowsException" storage="/users/bill/repos/flua/flua.runtime.librarytests/bin/debug/net8.0/flua.runtime.librarytests.dll" id="46b73069-0ed5-b1f9-c58c-87f44366a25e">
      <Execution id="f7060813-d77f-4273-b8f0-5d7d3837794a" />
      <TestMethod codeBase="/Users/bill/Repos/FLua/FLua.Runtime.LibraryTests/bin/Debug/net8.0/FLua.Runtime.LibraryTests.dll" adapterTypeName="executor://mstestadapter/v2" className="FLua.Runtime.LibraryTests.LuaStringLibTests" name="Pack_StringLength_TooLarge_ThrowsException" />
    </UnitTest>
    <UnitTest name="Find_DotWildcard_MatchesAnyCharacter" storage="/users/bill/repos/flua/flua.runtime.librarytests/bin/debug/net8.0/flua.runtime.librarytests.dll" id="c8cf448d-a8a9-06de-d925-6badd8bf6d0f">
      <Execution id="9ba976f4-fddf-4804-9580-99126c661f70" />
      <TestMethod codeBase="/Users/bill/Repos/FLua/FLua.Runtime.LibraryTests/bin/Debug/net8.0/FLua.Runtime.LibraryTests.dll" adapterTypeName="executor://mstestadapter/v2" className="FLua.Runtime.LibraryTests.LuaStringLibTests" name="Find_DotWildcard_MatchesAnyCharacter" />
    </UnitTest>
    <UnitTest name="Remove_FromSingleElementTable_ReturnsElement" storage="/users/bill/repos/flua/flua.runtime.librarytests/bin/debug/net8.0/flua.runtime.librarytests.dll" id="8cbed7a8-bbf2-1874-8d9f-dc6223aceb35">
      <Execution id="4db471f9-4880-4232-892e-8bef957b936a" />
      <TestMethod codeBase="/Users/bill/Repos/FLua/FLua.Runtime.LibraryTests/bin/Debug/net8.0/FLua.Runtime.LibraryTests.dll" adapterTypeName="executor://mstestadapter/v2" className="FLua.Runtime.LibraryTests.LuaTableLibTests" name="Remove_FromSingleElementTable_ReturnsElement" />
    </UnitTest>
    <UnitTest name="ATan_TwoArguments_ReturnsAtan2" storage="/users/bill/repos/flua/flua.runtime.librarytests/bin/debug/net8.0/flua.runtime.librarytests.dll" id="0a304703-e8a6-5773-ccd3-9414e37a01c6">
      <Execution id="ab232a8c-a054-4375-bfc1-ab59874bcbbe" />
      <TestMethod codeBase="/Users/bill/Repos/FLua/FLua.Runtime.LibraryTests/bin/Debug/net8.0/FLua.Runtime.LibraryTests.dll" adapterTypeName="executor://mstestadapter/v2" className="FLua.Runtime.LibraryTests.LuaMathLibTests" name="ATan_TwoArguments_ReturnsAtan2" />
    </UnitTest>
    <UnitTest name="StringToNumber_HexadecimalString_ReturnsCorrectValue" storage="/users/bill/repos/flua/flua.runtime.librarytests/bin/debug/net8.0/flua.runtime.librarytests.dll" id="e96eba43-707e-f129-90f4-8d4bc696c294">
      <Execution id="e57dc029-83e5-4f18-9e90-7e43a2d1dbc2" />
      <TestMethod codeBase="/Users/bill/Repos/FLua/FLua.Runtime.LibraryTests/bin/Debug/net8.0/FLua.Runtime.LibraryTests.dll" adapterTypeName="executor://mstestadapter/v2" className="FLua.Runtime.LibraryTests.LuaTypeConversionTests" name="StringToNumber_HexadecimalString_ReturnsCorrectValue" />
    </UnitTest>
    <UnitTest name="Multiply_IntegerFloat_ReturnsFloatProduct" storage="/users/bill/repos/flua/flua.runtime.librarytests/bin/debug/net8.0/flua.runtime.librarytests.dll" id="f635a4e1-91b8-ff28-8263-826b96571943">
      <Execution id="bfafd08f-8e11-41a3-90c9-f2cabe8ebbd3" />
      <TestMethod codeBase="/Users/bill/Repos/FLua/FLua.Runtime.LibraryTests/bin/Debug/net8.0/FLua.Runtime.LibraryTests.dll" adapterTypeName="executor://mstestadapter/v2" className="FLua.Runtime.LibraryTests.LuaValueTests" name="Multiply_IntegerFloat_ReturnsFloatProduct" />
    </UnitTest>
    <UnitTest name="ToString_StringValue_ReturnsString" storage="/users/bill/repos/flua/flua.runtime.librarytests/bin/debug/net8.0/flua.runtime.librarytests.dll" id="5926ec70-f74b-dd0a-2ec6-8f5699757970">
      <Execution id="653e39fb-1f20-4cbd-9412-0f4272edd9e5" />
      <TestMethod codeBase="/Users/bill/Repos/FLua/FLua.Runtime.LibraryTests/bin/Debug/net8.0/FLua.Runtime.LibraryTests.dll" adapterTypeName="executor://mstestadapter/v2" className="FLua.Runtime.LibraryTests.LuaTypeConversionTests" name="ToString_StringValue_ReturnsString" />
    </UnitTest>
    <UnitTest name="Remove_OutOfBounds_ReturnsNil" storage="/users/bill/repos/flua/flua.runtime.librarytests/bin/debug/net8.0/flua.runtime.librarytests.dll" id="b4c47432-3ddc-de7f-ab8e-61663e8bfca7">
      <Execution id="1d477697-a63a-4009-a5de-8eac6b971229" />
      <TestMethod codeBase="/Users/bill/Repos/FLua/FLua.Runtime.LibraryTests/bin/Debug/net8.0/FLua.Runtime.LibraryTests.dll" adapterTypeName="executor://mstestadapter/v2" className="FLua.Runtime.LibraryTests.LuaTableLibTests" name="Remove_OutOfBounds_ReturnsNil" />
    </UnitTest>
    <UnitTest name="Remove_FirstElement_ShiftsAllElements" storage="/users/bill/repos/flua/flua.runtime.librarytests/bin/debug/net8.0/flua.runtime.librarytests.dll" id="c40de6ef-701b-5428-07ea-ecd4751328f4">
      <Execution id="c398e293-15a6-421f-aaf1-cbce32e943f6" />
      <TestMethod codeBase="/Users/bill/Repos/FLua/FLua.Runtime.LibraryTests/bin/Debug/net8.0/FLua.Runtime.LibraryTests.dll" adapterTypeName="executor://mstestadapter/v2" className="FLua.Runtime.LibraryTests.LuaTableLibTests" name="Remove_FirstElement_ShiftsAllElements" />
    </UnitTest>
    <UnitTest name="Abs_MinValue_ReturnsMinValue" storage="/users/bill/repos/flua/flua.runtime.librarytests/bin/debug/net8.0/flua.runtime.librarytests.dll" id="cfef56c6-2396-ef92-3122-6427ef7aeee9">
      <Execution id="04cf8779-4ddb-4ed8-9450-0bb80aea304a" />
      <TestMethod codeBase="/Users/bill/Repos/FLua/FLua.Runtime.LibraryTests/bin/Debug/net8.0/FLua.Runtime.LibraryTests.dll" adapterTypeName="executor://mstestadapter/v2" className="FLua.Runtime.LibraryTests.LuaMathLibTests" name="Abs_MinValue_ReturnsMinValue" />
    </UnitTest>
    <UnitTest name="ToInteger_StringWithSpaces_ReturnsInteger" storage="/users/bill/repos/flua/flua.runtime.librarytests/bin/debug/net8.0/flua.runtime.librarytests.dll" id="ee03bbaa-432e-87a5-cbbb-463cacc67db0">
      <Execution id="209754be-c080-42ab-ba0d-765392712ffc" />
      <TestMethod codeBase="/Users/bill/Repos/FLua/FLua.Runtime.LibraryTests/bin/Debug/net8.0/FLua.Runtime.LibraryTests.dll" adapterTypeName="executor://mstestadapter/v2" className="FLua.Runtime.LibraryTests.LuaMathLibTests" name="ToInteger_StringWithSpaces_ReturnsInteger" />
    </UnitTest>
    <UnitTest name="Remove_NoTable_ThrowsException" storage="/users/bill/repos/flua/flua.runtime.librarytests/bin/debug/net8.0/flua.runtime.librarytests.dll" id="676d6765-26c4-35f0-cf62-f14803cb820f">
      <Execution id="ce01f58c-02a1-4eee-b4a1-08f355aa5904" />
      <TestMethod codeBase="/Users/bill/Repos/FLua/FLua.Runtime.LibraryTests/bin/Debug/net8.0/FLua.Runtime.LibraryTests.dll" adapterTypeName="executor://mstestadapter/v2" className="FLua.Runtime.LibraryTests.LuaTableLibTests" name="Remove_NoTable_ThrowsException" />
    </UnitTest>
    <UnitTest name="Match_Quantifiers_WorkCorrectly" storage="/users/bill/repos/flua/flua.runtime.librarytests/bin/debug/net8.0/flua.runtime.librarytests.dll" id="ad900887-b256-3109-2599-8d9a6433bb2e">
      <Execution id="2df8974c-da14-4251-a9d5-4857586d69e1" />
      <TestMethod codeBase="/Users/bill/Repos/FLua/FLua.Runtime.LibraryTests/bin/Debug/net8.0/FLua.Runtime.LibraryTests.dll" adapterTypeName="executor://mstestadapter/v2" className="FLua.Runtime.LibraryTests.LuaStringLibTests" name="Match_Quantifiers_WorkCorrectly" />
    </UnitTest>
    <UnitTest name="Unpack_NoTable_ThrowsException" storage="/users/bill/repos/flua/flua.runtime.librarytests/bin/debug/net8.0/flua.runtime.librarytests.dll" id="83e2d380-8332-fbbf-f333-d8c513c140de">
      <Execution id="977d7591-e1f4-4743-b922-1fab4c5d26fd" />
      <TestMethod codeBase="/Users/bill/Repos/FLua/FLua.Runtime.LibraryTests/bin/Debug/net8.0/FLua.Runtime.LibraryTests.dll" adapterTypeName="executor://mstestadapter/v2" className="FLua.Runtime.LibraryTests.LuaTableLibTests" name="Unpack_NoTable_ThrowsException" />
    </UnitTest>
    <UnitTest name="Concat_WithRange_JoinsSubset" storage="/users/bill/repos/flua/flua.runtime.librarytests/bin/debug/net8.0/flua.runtime.librarytests.dll" id="b4afe601-e3de-34b6-433a-57b6a7c650f0">
      <Execution id="45555b1f-655c-4306-8cff-0eabef74c665" />
      <TestMethod codeBase="/Users/bill/Repos/FLua/FLua.Runtime.LibraryTests/bin/Debug/net8.0/FLua.Runtime.LibraryTests.dll" adapterTypeName="executor://mstestadapter/v2" className="FLua.Runtime.LibraryTests.LuaTableLibTests" name="Concat_WithRange_JoinsSubset" />
    </UnitTest>
    <UnitTest name="Match_SingleCharacter_WorksCorrectly" storage="/users/bill/repos/flua/flua.runtime.librarytests/bin/debug/net8.0/flua.runtime.librarytests.dll" id="20dd689a-578f-5454-f77f-d1ac3d4a2168">
      <Execution id="5a84d3ea-8253-43bf-ad10-b01002adf37c" />
      <TestMethod codeBase="/Users/bill/Repos/FLua/FLua.Runtime.LibraryTests/bin/Debug/net8.0/FLua.Runtime.LibraryTests.dll" adapterTypeName="executor://mstestadapter/v2" className="FLua.Runtime.LibraryTests.LuaStringLibTests" name="Match_SingleCharacter_WorksCorrectly" />
    </UnitTest>
    <UnitTest name="FileHandle_Close_SuccessfulClose" storage="/users/bill/repos/flua/flua.runtime.librarytests/bin/debug/net8.0/flua.runtime.librarytests.dll" id="d7f62077-1ab5-34a1-6b82-6e34851d7055">
      <Execution id="9b9d5c26-691a-4bfc-b1b7-2c18de19aa4d" />
      <TestMethod codeBase="/Users/bill/Repos/FLua/FLua.Runtime.LibraryTests/bin/Debug/net8.0/FLua.Runtime.LibraryTests.dll" adapterTypeName="executor://mstestadapter/v2" className="FLua.Runtime.LibraryTests.LuaIOLibTests" name="FileHandle_Close_SuccessfulClose" />
    </UnitTest>
    <UnitTest name="Equals_SameStringValues_ReturnsTrue" storage="/users/bill/repos/flua/flua.runtime.librarytests/bin/debug/net8.0/flua.runtime.librarytests.dll" id="419707ef-ceb4-922e-6994-fdc5080f43ba">
      <Execution id="eafb913e-b2e3-4a05-a886-be8bbf16691f" />
      <TestMethod codeBase="/Users/bill/Repos/FLua/FLua.Runtime.LibraryTests/bin/Debug/net8.0/FLua.Runtime.LibraryTests.dll" adapterTypeName="executor://mstestadapter/v2" className="FLua.Runtime.LibraryTests.LuaValueTests" name="Equals_SameStringValues_ReturnsTrue" />
    </UnitTest>
    <UnitTest name="Nil_StaticField_ReturnsNilValue" storage="/users/bill/repos/flua/flua.runtime.librarytests/bin/debug/net8.0/flua.runtime.librarytests.dll" id="9bc25798-954f-516b-bc34-264993749262">
      <Execution id="b51f6277-a452-4e58-ac90-079ffeb5c420" />
      <TestMethod codeBase="/Users/bill/Repos/FLua/FLua.Runtime.LibraryTests/bin/Debug/net8.0/FLua.Runtime.LibraryTests.dll" adapterTypeName="executor://mstestadapter/v2" className="FLua.Runtime.LibraryTests.LuaValueTests" name="Nil_StaticField_ReturnsNilValue" />
    </UnitTest>
    <UnitTest name="Rep_NonIntegerCount_ThrowsException" storage="/users/bill/repos/flua/flua.runtime.librarytests/bin/debug/net8.0/flua.runtime.librarytests.dll" id="fba9da05-8511-2781-6ba7-33f97bdf4e79">
      <Execution id="0384dd69-7611-4386-9927-acb98940c591" />
      <TestMethod codeBase="/Users/bill/Repos/FLua/FLua.Runtime.LibraryTests/bin/Debug/net8.0/FLua.Runtime.LibraryTests.dll" adapterTypeName="executor://mstestadapter/v2" className="FLua.Runtime.LibraryTests.LuaStringLibTests" name="Rep_NonIntegerCount_ThrowsException" />
    </UnitTest>
    <UnitTest name="Len_NumberAsString_ReturnsStringLength" storage="/users/bill/repos/flua/flua.runtime.librarytests/bin/debug/net8.0/flua.runtime.librarytests.dll" id="47b82896-45a0-a4a5-9d50-f3fbe1a7464b">
      <Execution id="6bf469df-64e2-4695-911e-1f3da81c4c3e" />
      <TestMethod codeBase="/Users/bill/Repos/FLua/FLua.Runtime.LibraryTests/bin/Debug/net8.0/FLua.Runtime.LibraryTests.dll" adapterTypeName="executor://mstestadapter/v2" className="FLua.Runtime.LibraryTests.LuaStringLibTests" name="Len_NumberAsString_ReturnsStringLength" />
    </UnitTest>
    <UnitTest name="Cos_Zero_ReturnsOne" storage="/users/bill/repos/flua/flua.runtime.librarytests/bin/debug/net8.0/flua.runtime.librarytests.dll" id="a7865787-7750-24f4-b467-d1d7c819c4a4">
      <Execution id="e0a5f4ce-aa58-4a2b-bdaa-0ab9a6b91452" />
      <TestMethod codeBase="/Users/bill/Repos/FLua/FLua.Runtime.LibraryTests/bin/Debug/net8.0/FLua.Runtime.LibraryTests.dll" adapterTypeName="executor://mstestadapter/v2" className="FLua.Runtime.LibraryTests.LuaMathLibTests" name="Cos_Zero_ReturnsOne" />
    </UnitTest>
    <UnitTest name="ImplicitConversion_IntToLuaValue_WorksCorrectly" storage="/users/bill/repos/flua/flua.runtime.librarytests/bin/debug/net8.0/flua.runtime.librarytests.dll" id="a70f8697-e19f-f996-8516-2d37ef5660ce">
      <Execution id="5d4c55cb-d448-49b8-84a8-95ec7b0dcb7c" />
      <TestMethod codeBase="/Users/bill/Repos/FLua/FLua.Runtime.LibraryTests/bin/Debug/net8.0/FLua.Runtime.LibraryTests.dll" adapterTypeName="executor://mstestadapter/v2" className="FLua.Runtime.LibraryTests.LuaValueTests" name="ImplicitConversion_IntToLuaValue_WorksCorrectly" />
    </UnitTest>
    <UnitTest name="TryToNumber_InvalidString_ReturnsFalse" storage="/users/bill/repos/flua/flua.runtime.librarytests/bin/debug/net8.0/flua.runtime.librarytests.dll" id="082d9a71-e2e1-0f41-dbb6-c1d879441d68">
      <Execution id="1fbf886d-13f4-4535-b09c-07fdc22f763b" />
      <TestMethod codeBase="/Users/bill/Repos/FLua/FLua.Runtime.LibraryTests/bin/Debug/net8.0/FLua.Runtime.LibraryTests.dll" adapterTypeName="executor://mstestadapter/v2" className="FLua.Runtime.LibraryTests.LuaValueTests" name="TryToNumber_InvalidString_ReturnsFalse" />
    </UnitTest>
    <UnitTest name="Unpack_MultipleValues_ReturnsAllWithPosition" storage="/users/bill/repos/flua/flua.runtime.librarytests/bin/debug/net8.0/flua.runtime.librarytests.dll" id="e871c26a-04c9-313c-3a59-e1e9aa500c93">
      <Execution id="485543c0-0a41-4e8a-868e-926dbb8d4041" />
      <TestMethod codeBase="/Users/bill/Repos/FLua/FLua.Runtime.LibraryTests/bin/Debug/net8.0/FLua.Runtime.LibraryTests.dll" adapterTypeName="executor://mstestadapter/v2" className="FLua.Runtime.LibraryTests.LuaStringLibTests" name="Unpack_MultipleValues_ReturnsAllWithPosition" />
    </UnitTest>
    <UnitTest name="ToConcatString_IntegerValue_ReturnsStringRepresentation" storage="/users/bill/repos/flua/flua.runtime.librarytests/bin/debug/net8.0/flua.runtime.librarytests.dll" id="0cdcf849-b501-919d-5161-6ba795c26c61">
      <Execution id="897b3df0-c83f-4bb1-8869-d78baa37721e" />
      <TestMethod codeBase="/Users/bill/Repos/FLua/FLua.Runtime.LibraryTests/bin/Debug/net8.0/FLua.Runtime.LibraryTests.dll" adapterTypeName="executor://mstestadapter/v2" className="FLua.Runtime.LibraryTests.LuaTypeConversionTests" name="ToConcatString_IntegerValue_ReturnsStringRepresentation" />
    </UnitTest>
    <UnitTest name="Date_UnixEpoch_ReturnsCorrectDate" storage="/users/bill/repos/flua/flua.runtime.librarytests/bin/debug/net8.0/flua.runtime.librarytests.dll" id="97d244a7-1a5e-678e-299a-e574ad165cd5">
      <Execution id="63d15bd0-e3d2-4e9b-8003-0e853b710967" />
      <TestMethod codeBase="/Users/bill/Repos/FLua/FLua.Runtime.LibraryTests/bin/Debug/net8.0/FLua.Runtime.LibraryTests.dll" adapterTypeName="executor://mstestadapter/v2" className="FLua.Runtime.LibraryTests.LuaOSLibTests" name="Date_UnixEpoch_ReturnsCorrectDate" />
    </UnitTest>
    <UnitTest name="Date_UTCFormat_ReturnsUTCTime" storage="/users/bill/repos/flua/flua.runtime.librarytests/bin/debug/net8.0/flua.runtime.librarytests.dll" id="6bffafa7-179c-fb43-76cb-4d6d8841c323">
      <Execution id="ed8399e5-27bc-4e9a-a3d0-8a0065fb505c" />
      <TestMethod codeBase="/Users/bill/Repos/FLua/FLua.Runtime.LibraryTests/bin/Debug/net8.0/FLua.Runtime.LibraryTests.dll" adapterTypeName="executor://mstestadapter/v2" className="FLua.Runtime.LibraryTests.LuaOSLibTests" name="Date_UTCFormat_ReturnsUTCTime" />
    </UnitTest>
    <UnitTest name="TmpName_MultipleCallsReturnDifferentNames" storage="/users/bill/repos/flua/flua.runtime.librarytests/bin/debug/net8.0/flua.runtime.librarytests.dll" id="6cb345b8-8fe9-acca-a881-28eabc3423b0">
      <Execution id="576e2e01-405a-4b3b-9654-e2439be998d5" />
      <TestMethod codeBase="/Users/bill/Repos/FLua/FLua.Runtime.LibraryTests/bin/Debug/net8.0/FLua.Runtime.LibraryTests.dll" adapterTypeName="executor://mstestadapter/v2" className="FLua.Runtime.LibraryTests.LuaOSLibTests" name="TmpName_MultipleCallsReturnDifferentNames" />
    </UnitTest>
    <UnitTest name="GetInteger_NonNumericValue_ThrowsException" storage="/users/bill/repos/flua/flua.runtime.librarytests/bin/debug/net8.0/flua.runtime.librarytests.dll" id="dc8e12f0-fd89-2fdd-e7b5-0da90646fdd5">
      <Execution id="2143f2e3-e8a1-4094-820e-80e64112cfee" />
      <TestMethod codeBase="/Users/bill/Repos/FLua/FLua.Runtime.LibraryTests/bin/Debug/net8.0/FLua.Runtime.LibraryTests.dll" adapterTypeName="executor://mstestadapter/v2" className="FLua.Runtime.LibraryTests.LuaValueHelpersTests" name="GetInteger_NonNumericValue_ThrowsException" />
    </UnitTest>
    <UnitTest name="Helpers_TypeConsistency_AllMethods" storage="/users/bill/repos/flua/flua.runtime.librarytests/bin/debug/net8.0/flua.runtime.librarytests.dll" id="55e9949d-742f-dcb9-0b57-6b46d153ec62">
      <Execution id="8bdb231e-bf05-450c-9a98-814f2a0ec6b9" />
      <TestMethod codeBase="/Users/bill/Repos/FLua/FLua.Runtime.LibraryTests/bin/Debug/net8.0/FLua.Runtime.LibraryTests.dll" adapterTypeName="executor://mstestadapter/v2" className="FLua.Runtime.LibraryTests.LuaValueHelpersTests" name="Helpers_TypeConsistency_AllMethods" />
    </UnitTest>
    <UnitTest name="Find_AlphaSequenceWithPlusQuantifier_KnownLimitation" storage="/users/bill/repos/flua/flua.runtime.librarytests/bin/debug/net8.0/flua.runtime.librarytests.dll" id="b298e0d9-f136-e212-c94d-06280e794709">
      <Execution id="ea697683-f967-4675-81f7-884b5016b09d" />
      <TestMethod codeBase="/Users/bill/Repos/FLua/FLua.Runtime.LibraryTests/bin/Debug/net8.0/FLua.Runtime.LibraryTests.dll" adapterTypeName="executor://mstestadapter/v2" className="FLua.Runtime.LibraryTests.LuaStringLibTests" name="Find_AlphaSequenceWithPlusQuantifier_KnownLimitation" />
    </UnitTest>
    <UnitTest name="ToNumber_ZeroString_ReturnsZero" storage="/users/bill/repos/flua/flua.runtime.librarytests/bin/debug/net8.0/flua.runtime.librarytests.dll" id="dac940c8-7974-39d2-69a3-556042fa8985">
      <Execution id="75a36a6c-eb5c-459d-afb3-daca7fc290b8" />
      <TestMethod codeBase="/Users/bill/Repos/FLua/FLua.Runtime.LibraryTests/bin/Debug/net8.0/FLua.Runtime.LibraryTests.dll" adapterTypeName="executor://mstestadapter/v2" className="FLua.Runtime.LibraryTests.LuaTypeConversionTests" name="ToNumber_ZeroString_ReturnsZero" />
    </UnitTest>
    <UnitTest name="Tan_Zero_ReturnsZero" storage="/users/bill/repos/flua/flua.runtime.librarytests/bin/debug/net8.0/flua.runtime.librarytests.dll" id="a00a85f6-c83e-9567-9587-55100932b603">
      <Execution id="1546c538-ee18-4063-92c4-6eeb6d34e06b" />
      <TestMethod codeBase="/Users/bill/Repos/FLua/FLua.Runtime.LibraryTests/bin/Debug/net8.0/FLua.Runtime.LibraryTests.dll" adapterTypeName="executor://mstestadapter/v2" className="FLua.Runtime.LibraryTests.LuaMathLibTests" name="Tan_Zero_ReturnsZero" />
    </UnitTest>
    <UnitTest name="Match_NegatedCharacterClass_MatchesExceptSet" storage="/users/bill/repos/flua/flua.runtime.librarytests/bin/debug/net8.0/flua.runtime.librarytests.dll" id="5d3702d9-9a65-852b-004d-27341427f4f6">
      <Execution id="5486d694-b873-4526-bffc-3b6e9d8cd7d2" />
      <TestMethod codeBase="/Users/bill/Repos/FLua/FLua.Runtime.LibraryTests/bin/Debug/net8.0/FLua.Runtime.LibraryTests.dll" adapterTypeName="executor://mstestadapter/v2" className="FLua.Runtime.LibraryTests.LuaStringLibTests" name="Match_NegatedCharacterClass_MatchesExceptSet" />
    </UnitTest>
    <UnitTest name="Char_MinUnicode_Works" storage="/users/bill/repos/flua/flua.runtime.librarytests/bin/debug/net8.0/flua.runtime.librarytests.dll" id="683a53b6-551e-df54-4350-749ad538bcf4">
      <Execution id="7c12c5c8-f208-4765-a738-c770dfcda4f0" />
      <TestMethod codeBase="/Users/bill/Repos/FLua/FLua.Runtime.LibraryTests/bin/Debug/net8.0/FLua.Runtime.LibraryTests.dll" adapterTypeName="executor://mstestadapter/v2" className="FLua.Runtime.LibraryTests.LuaUTF8LibTests" name="Char_MinUnicode_Works" />
    </UnitTest>
    <UnitTest name="FileHandle_Write_Numbers_ConvertsToString" storage="/users/bill/repos/flua/flua.runtime.librarytests/bin/debug/net8.0/flua.runtime.librarytests.dll" id="fbd97d9a-f945-e484-b68c-8886ab375c29">
      <Execution id="dcd0c4b7-879d-4143-a231-eedf2cc554c8" />
      <TestMethod codeBase="/Users/bill/Repos/FLua/FLua.Runtime.LibraryTests/bin/Debug/net8.0/FLua.Runtime.LibraryTests.dll" adapterTypeName="executor://mstestadapter/v2" className="FLua.Runtime.LibraryTests.LuaIOLibTests" name="FileHandle_Write_Numbers_ConvertsToString" />
    </UnitTest>
    <UnitTest name="DiffTime_PositiveDifference_ReturnsCorrectValue" storage="/users/bill/repos/flua/flua.runtime.librarytests/bin/debug/net8.0/flua.runtime.librarytests.dll" id="ea99302a-a9b9-a725-f6ed-10fffa5e3897">
      <Execution id="02774fd9-3b97-4035-9e5b-e60862564ab8" />
      <TestMethod codeBase="/Users/bill/Repos/FLua/FLua.Runtime.LibraryTests/bin/Debug/net8.0/FLua.Runtime.LibraryTests.dll" adapterTypeName="executor://mstestadapter/v2" className="FLua.Runtime.LibraryTests.LuaOSLibTests" name="DiffTime_PositiveDifference_ReturnsCorrectValue" />
    </UnitTest>
    <UnitTest name="Find_EmptyPattern_MatchesEmptyString" storage="/users/bill/repos/flua/flua.runtime.librarytests/bin/debug/net8.0/flua.runtime.librarytests.dll" id="e9a955a7-9ffb-d751-ae47-723c138cf9a8">
      <Execution id="78a10a83-37a6-49d3-bf8a-6f9de5119012" />
      <TestMethod codeBase="/Users/bill/Repos/FLua/FLua.Runtime.LibraryTests/bin/Debug/net8.0/FLua.Runtime.LibraryTests.dll" adapterTypeName="executor://mstestadapter/v2" className="FLua.Runtime.LibraryTests.LuaStringLibTests" name="Find_EmptyPattern_MatchesEmptyString" />
    </UnitTest>
    <UnitTest name="Date_TableFormat_ReturnsDateTable" storage="/users/bill/repos/flua/flua.runtime.librarytests/bin/debug/net8.0/flua.runtime.librarytests.dll" id="e50414de-0354-82ef-9f8b-66fe1fd6787f">
      <Execution id="e290ee45-44b7-4f7d-985c-d72fcd458fff" />
      <TestMethod codeBase="/Users/bill/Repos/FLua/FLua.Runtime.LibraryTests/bin/Debug/net8.0/FLua.Runtime.LibraryTests.dll" adapterTypeName="executor://mstestadapter/v2" className="FLua.Runtime.LibraryTests.LuaOSLibTests" name="Date_TableFormat_ReturnsDateTable" />
    </UnitTest>
    <UnitTest name="CreateStandardEnvironment_HasMetatableFunctions" storage="/users/bill/repos/flua/flua.runtime.librarytests/bin/debug/net8.0/flua.runtime.librarytests.dll" id="3a9ab7c4-305b-e025-0b7a-1a16c88ced2d">
      <Execution id="f6bdf2f0-6f5e-46b9-b2f5-5723c567598b" />
      <TestMethod codeBase="/Users/bill/Repos/FLua/FLua.Runtime.LibraryTests/bin/Debug/net8.0/FLua.Runtime.LibraryTests.dll" adapterTypeName="executor://mstestadapter/v2" className="FLua.Runtime.LibraryTests.LuaEnvironmentTests" name="CreateStandardEnvironment_HasMetatableFunctions" />
    </UnitTest>
    <UnitTest name="Open_AppendMode_AppendsToFile" storage="/users/bill/repos/flua/flua.runtime.librarytests/bin/debug/net8.0/flua.runtime.librarytests.dll" id="23676ef4-c83e-cda8-aec7-49d778b6550a">
      <Execution id="271b25a3-7fb6-4587-ba2c-5eafd5d2d6bc" />
      <TestMethod codeBase="/Users/bill/Repos/FLua/FLua.Runtime.LibraryTests/bin/Debug/net8.0/FLua.Runtime.LibraryTests.dll" adapterTypeName="executor://mstestadapter/v2" className="FLua.Runtime.LibraryTests.LuaIOLibTests" name="Open_AppendMode_AppendsToFile" />
    </UnitTest>
    <UnitTest name="Match_NumberExtraction_WorksCorrectly" storage="/users/bill/repos/flua/flua.runtime.librarytests/bin/debug/net8.0/flua.runtime.librarytests.dll" id="74fb065f-393b-c12e-b373-f932e00d2384">
      <Execution id="2d10b963-d797-4676-b3fb-73e85aeb690f" />
      <TestMethod codeBase="/Users/bill/Repos/FLua/FLua.Runtime.LibraryTests/bin/Debug/net8.0/FLua.Runtime.LibraryTests.dll" adapterTypeName="executor://mstestadapter/v2" className="FLua.Runtime.LibraryTests.LuaStringLibTests" name="Match_NumberExtraction_WorksCorrectly" />
    </UnitTest>
    <UnitTest name="Unpack_WithNField_UsesNAsLength" storage="/users/bill/repos/flua/flua.runtime.librarytests/bin/debug/net8.0/flua.runtime.librarytests.dll" id="de02e07c-e953-bc75-6860-f856afa99263">
      <Execution id="7f6e8d2d-cf17-4ecd-a7a2-45f719a1ad28" />
      <TestMethod codeBase="/Users/bill/Repos/FLua/FLua.Runtime.LibraryTests/bin/Debug/net8.0/FLua.Runtime.LibraryTests.dll" adapterTypeName="executor://mstestadapter/v2" className="FLua.Runtime.LibraryTests.LuaTableLibTests" name="Unpack_WithNField_UsesNAsLength" />
    </UnitTest>
    <UnitTest name="Float_NegativeValue_ReturnsCorrectValue" storage="/users/bill/repos/flua/flua.runtime.librarytests/bin/debug/net8.0/flua.runtime.librarytests.dll" id="4664ecd0-4892-f47b-b43e-af8c61996ac8">
      <Execution id="8bdcdde2-45c7-4d4c-9ec8-4a12b5d7c4a9" />
      <TestMethod codeBase="/Users/bill/Repos/FLua/FLua.Runtime.LibraryTests/bin/Debug/net8.0/FLua.Runtime.LibraryTests.dll" adapterTypeName="executor://mstestadapter/v2" className="FLua.Runtime.LibraryTests.LuaValueTests" name="Float_NegativeValue_ReturnsCorrectValue" />
    </UnitTest>
    <UnitTest name="Format_WidthSpecifier_PadsCorrectly" storage="/users/bill/repos/flua/flua.runtime.librarytests/bin/debug/net8.0/flua.runtime.librarytests.dll" id="da8c1c06-614a-07f5-8ed3-ca61da1ccd9b">
      <Execution id="17b8e089-d934-44f8-984d-6629520acb22" />
      <TestMethod codeBase="/Users/bill/Repos/FLua/FLua.Runtime.LibraryTests/bin/Debug/net8.0/FLua.Runtime.LibraryTests.dll" adapterTypeName="executor://mstestadapter/v2" className="FLua.Runtime.LibraryTests.LuaStringLibTests" name="Format_WidthSpecifier_PadsCorrectly" />
    </UnitTest>
    <UnitTest name="Unpack_WithRange_ReturnsSubset" storage="/users/bill/repos/flua/flua.runtime.librarytests/bin/debug/net8.0/flua.runtime.librarytests.dll" id="40d7ff11-e73a-2f04-0d03-5c1ccdae7938">
      <Execution id="2edf7035-020b-4e56-8738-8a88dbccfd04" />
      <TestMethod codeBase="/Users/bill/Repos/FLua/FLua.Runtime.LibraryTests/bin/Debug/net8.0/FLua.Runtime.LibraryTests.dll" adapterTypeName="executor://mstestadapter/v2" className="FLua.Runtime.LibraryTests.LuaTableLibTests" name="Unpack_WithRange_ReturnsSubset" />
    </UnitTest>
    <UnitTest name="Char_ValidASCIIValues_ReturnsString" storage="/users/bill/repos/flua/flua.runtime.librarytests/bin/debug/net8.0/flua.runtime.librarytests.dll" id="b6fd2798-51e6-e208-f521-186d79f850bd">
      <Execution id="98b402e7-89b1-4429-a248-b75e6b7c5f6a" />
      <TestMethod codeBase="/Users/bill/Repos/FLua/FLua.Runtime.LibraryTests/bin/Debug/net8.0/FLua.Runtime.LibraryTests.dll" adapterTypeName="executor://mstestadapter/v2" className="FLua.Runtime.LibraryTests.LuaStringLibTests" name="Char_ValidASCIIValues_ReturnsString" />
    </UnitTest>
    <UnitTest name="Dispose_ReleasesResources" storage="/users/bill/repos/flua/flua.runtime.librarytests/bin/debug/net8.0/flua.runtime.librarytests.dll" id="2933f253-5c44-bde7-7981-7cb778f4736c">
      <Execution id="66cbe403-8d40-4dc1-8d7b-b8675de802a9" />
      <TestMethod codeBase="/Users/bill/Repos/FLua/FLua.Runtime.LibraryTests/bin/Debug/net8.0/FLua.Runtime.LibraryTests.dll" adapterTypeName="executor://mstestadapter/v2" className="FLua.Runtime.LibraryTests.LuaEnvironmentTests" name="Dispose_ReleasesResources" />
    </UnitTest>
    <UnitTest name="Random_TwoArguments_ReturnsBetweenMAndN" storage="/users/bill/repos/flua/flua.runtime.librarytests/bin/debug/net8.0/flua.runtime.librarytests.dll" id="a738a1c0-e979-fed3-ccac-c70172ed8a79">
      <Execution id="c2012947-3838-4760-b589-8fb7d3629d88" />
      <TestMethod codeBase="/Users/bill/Repos/FLua/FLua.Runtime.LibraryTests/bin/Debug/net8.0/FLua.Runtime.LibraryTests.dll" adapterTypeName="executor://mstestadapter/v2" className="FLua.Runtime.LibraryTests.LuaMathLibTests" name="Random_TwoArguments_ReturnsBetweenMAndN" />
    </UnitTest>
    <UnitTest name="FMod_ValidArguments_ReturnsRemainder" storage="/users/bill/repos/flua/flua.runtime.librarytests/bin/debug/net8.0/flua.runtime.librarytests.dll" id="60d50c97-5182-9a55-77f0-c93956e2a219">
      <Execution id="60a2187d-6048-4791-a98d-d3a94d2521f4" />
      <TestMethod codeBase="/Users/bill/Repos/FLua/FLua.Runtime.LibraryTests/bin/Debug/net8.0/FLua.Runtime.LibraryTests.dll" adapterTypeName="executor://mstestadapter/v2" className="FLua.Runtime.LibraryTests.LuaMathLibTests" name="FMod_ValidArguments_ReturnsRemainder" />
    </UnitTest>
    <UnitTest name="GetHashCode_DifferentValues_ReturnsDifferentHashes" storage="/users/bill/repos/flua/flua.runtime.librarytests/bin/debug/net8.0/flua.runtime.librarytests.dll" id="7673e8ff-411c-906d-a457-e8d11f56e8fc">
      <Execution id="d0c82f9b-50e5-4917-a943-c3d67497c0c0" />
      <TestMethod codeBase="/Users/bill/Repos/FLua/FLua.Runtime.LibraryTests/bin/Debug/net8.0/FLua.Runtime.LibraryTests.dll" adapterTypeName="executor://mstestadapter/v2" className="FLua.Runtime.LibraryTests.LuaValueTests" name="GetHashCode_DifferentValues_ReturnsDifferentHashes" />
    </UnitTest>
    <UnitTest name="Find_PatternLongerThanString_ReturnsNil" storage="/users/bill/repos/flua/flua.runtime.librarytests/bin/debug/net8.0/flua.runtime.librarytests.dll" id="21990a7c-5cca-9f6a-aea0-ace86ae84ccb">
      <Execution id="f84848d5-5226-44bd-8f33-21802190226c" />
      <TestMethod codeBase="/Users/bill/Repos/FLua/FLua.Runtime.LibraryTests/bin/Debug/net8.0/FLua.Runtime.LibraryTests.dll" adapterTypeName="executor://mstestadapter/v2" className="FLua.Runtime.LibraryTests.LuaStringLibTests" name="Find_PatternLongerThanString_ReturnsNil" />
    </UnitTest>
    <UnitTest name="Sort_NoTable_ThrowsException" storage="/users/bill/repos/flua/flua.runtime.librarytests/bin/debug/net8.0/flua.runtime.librarytests.dll" id="56e8f16c-2755-7c09-2d35-9cce1a8a5fce">
      <Execution id="0ee0c893-a5fc-4b09-aa54-02501bcaabcc" />
      <TestMethod codeBase="/Users/bill/Repos/FLua/FLua.Runtime.LibraryTests/bin/Debug/net8.0/FLua.Runtime.LibraryTests.dll" adapterTypeName="executor://mstestadapter/v2" className="FLua.Runtime.LibraryTests.LuaTableLibTests" name="Sort_NoTable_ThrowsException" />
    </UnitTest>
    <UnitTest name="Sin_Zero_ReturnsZero" storage="/users/bill/repos/flua/flua.runtime.librarytests/bin/debug/net8.0/flua.runtime.librarytests.dll" id="58df3a5a-211f-7463-8db4-a6f841f19890">
      <Execution id="f2b5aa22-9099-4557-9a74-f9d182f4b370" />
      <TestMethod codeBase="/Users/bill/Repos/FLua/FLua.Runtime.LibraryTests/bin/Debug/net8.0/FLua.Runtime.LibraryTests.dll" adapterTypeName="executor://mstestadapter/v2" className="FLua.Runtime.LibraryTests.LuaMathLibTests" name="Sin_Zero_ReturnsZero" />
    </UnitTest>
    <UnitTest name="TryGetFloat_FloatValue_ReturnsTrue" storage="/users/bill/repos/flua/flua.runtime.librarytests/bin/debug/net8.0/flua.runtime.librarytests.dll" id="17a80196-cc70-f363-61a5-e5d1b115cb9c">
      <Execution id="b492d297-24d1-42b9-b504-d466ec384c09" />
      <TestMethod codeBase="/Users/bill/Repos/FLua/FLua.Runtime.LibraryTests/bin/Debug/net8.0/FLua.Runtime.LibraryTests.dll" adapterTypeName="executor://mstestadapter/v2" className="FLua.Runtime.LibraryTests.LuaValueTests" name="TryGetFloat_FloatValue_ReturnsTrue" />
    </UnitTest>
    <UnitTest name="Pack_SignedShort_ComprehensiveTest" storage="/users/bill/repos/flua/flua.runtime.librarytests/bin/debug/net8.0/flua.runtime.librarytests.dll" id="bf393bf9-bf79-37d7-7774-a2b1668179ce">
      <Execution id="968d90f2-0e8c-4ed8-a9ca-dde3fdd3a991" />
      <TestMethod codeBase="/Users/bill/Repos/FLua/FLua.Runtime.LibraryTests/bin/Debug/net8.0/FLua.Runtime.LibraryTests.dll" adapterTypeName="executor://mstestadapter/v2" className="FLua.Runtime.LibraryTests.LuaStringLibTests" name="Pack_SignedShort_ComprehensiveTest" />
    </UnitTest>
    <UnitTest name="Lines_SingleLineWithoutNewline_ReturnsOneLine" storage="/users/bill/repos/flua/flua.runtime.librarytests/bin/debug/net8.0/flua.runtime.librarytests.dll" id="482d096c-04ac-3c68-313a-e6e7131ab958">
      <Execution id="851f36bc-8baf-4c33-9f43-9eb837e746f0" />
      <TestMethod codeBase="/Users/bill/Repos/FLua/FLua.Runtime.LibraryTests/bin/Debug/net8.0/FLua.Runtime.LibraryTests.dll" adapterTypeName="executor://mstestadapter/v2" className="FLua.Runtime.LibraryTests.LuaIOLibTests" name="Lines_SingleLineWithoutNewline_ReturnsOneLine" />
    </UnitTest>
    <UnitTest name="CodePoint_ControlCharacters_HandlesCorrectly" storage="/users/bill/repos/flua/flua.runtime.librarytests/bin/debug/net8.0/flua.runtime.librarytests.dll" id="5120adc9-5543-4180-ab04-3d6847e634e7">
      <Execution id="844fb888-2659-4152-b9aa-c34f35339ef2" />
      <TestMethod codeBase="/Users/bill/Repos/FLua/FLua.Runtime.LibraryTests/bin/Debug/net8.0/FLua.Runtime.LibraryTests.dll" adapterTypeName="executor://mstestadapter/v2" className="FLua.Runtime.LibraryTests.LuaUTF8LibTests" name="CodePoint_ControlCharacters_HandlesCorrectly" />
    </UnitTest>
    <UnitTest name="Pack_LuaNumber_WorksCorrectly" storage="/users/bill/repos/flua/flua.runtime.librarytests/bin/debug/net8.0/flua.runtime.librarytests.dll" id="5da605c7-ed7d-f7ee-e9f9-3d2c3f257ac8">
      <Execution id="711fd345-5a14-4633-883f-a154ff202e7f" />
      <TestMethod codeBase="/Users/bill/Repos/FLua/FLua.Runtime.LibraryTests/bin/Debug/net8.0/FLua.Runtime.LibraryTests.dll" adapterTypeName="executor://mstestadapter/v2" className="FLua.Runtime.LibraryTests.LuaStringLibTests" name="Pack_LuaNumber_WorksCorrectly" />
    </UnitTest>
    <UnitTest name="Min_TwoIntegers_ReturnsSmaller" storage="/users/bill/repos/flua/flua.runtime.librarytests/bin/debug/net8.0/flua.runtime.librarytests.dll" id="88554170-5a60-2121-0eac-1e3a2f3be8b6">
      <Execution id="18b5d33b-17e8-494e-b88b-6b1a72cc6387" />
      <TestMethod codeBase="/Users/bill/Repos/FLua/FLua.Runtime.LibraryTests/bin/Debug/net8.0/FLua.Runtime.LibraryTests.dll" adapterTypeName="executor://mstestadapter/v2" className="FLua.Runtime.LibraryTests.LuaMathLibTests" name="Min_TwoIntegers_ReturnsSmaller" />
    </UnitTest>
    <UnitTest name="Abs_NegativeInteger_ReturnsPositive" storage="/users/bill/repos/flua/flua.runtime.librarytests/bin/debug/net8.0/flua.runtime.librarytests.dll" id="57f8a2f6-de67-a92d-3675-f9cfbc8e65a2">
      <Execution id="ccda273d-857b-484b-97ed-c0560456f5d9" />
      <TestMethod codeBase="/Users/bill/Repos/FLua/FLua.Runtime.LibraryTests/bin/Debug/net8.0/FLua.Runtime.LibraryTests.dll" adapterTypeName="executor://mstestadapter/v2" className="FLua.Runtime.LibraryTests.LuaMathLibTests" name="Abs_NegativeInteger_ReturnsPositive" />
    </UnitTest>
    <UnitTest name="Find_AnchorEnd_MatchesEnd" storage="/users/bill/repos/flua/flua.runtime.librarytests/bin/debug/net8.0/flua.runtime.librarytests.dll" id="b77c3d97-8779-ea19-5caf-381b3202e91f">
      <Execution id="26739f54-dea6-4d42-91ff-5c288cc5e5d6" />
      <TestMethod codeBase="/Users/bill/Repos/FLua/FLua.Runtime.LibraryTests/bin/Debug/net8.0/FLua.Runtime.LibraryTests.dll" adapterTypeName="executor://mstestadapter/v2" className="FLua.Runtime.LibraryTests.LuaStringLibTests" name="Find_AnchorEnd_MatchesEnd" />
    </UnitTest>
    <UnitTest name="Upper_EmptyString_ReturnsEmpty" storage="/users/bill/repos/flua/flua.runtime.librarytests/bin/debug/net8.0/flua.runtime.librarytests.dll" id="db5a89db-b439-9b2a-f537-73650ad78de0">
      <Execution id="436d81ea-de7b-414e-b3b7-95c5c3061ab8" />
      <TestMethod codeBase="/Users/bill/Repos/FLua/FLua.Runtime.LibraryTests/bin/Debug/net8.0/FLua.Runtime.LibraryTests.dll" adapterTypeName="executor://mstestadapter/v2" className="FLua.Runtime.LibraryTests.LuaStringLibTests" name="Upper_EmptyString_ReturnsEmpty" />
    </UnitTest>
    <UnitTest name="Subtract_IntegerInteger_ReturnsCorrectDifference" storage="/users/bill/repos/flua/flua.runtime.librarytests/bin/debug/net8.0/flua.runtime.librarytests.dll" id="bcd34259-a5fc-b188-f42e-4264b24f96a5">
      <Execution id="323576d5-f62b-4f21-bf1a-af2563838b49" />
      <TestMethod codeBase="/Users/bill/Repos/FLua/FLua.Runtime.LibraryTests/bin/Debug/net8.0/FLua.Runtime.LibraryTests.dll" adapterTypeName="executor://mstestadapter/v2" className="FLua.Runtime.LibraryTests.LuaValueTests" name="Subtract_IntegerInteger_ReturnsCorrectDifference" />
    </UnitTest>
    <UnitTest name="StringToNumber_ZeroString_ReturnsZeroInteger" storage="/users/bill/repos/flua/flua.runtime.librarytests/bin/debug/net8.0/flua.runtime.librarytests.dll" id="5394a606-f7a5-621f-bc3e-a3055ecabf7b">
      <Execution id="271168e0-3a85-46aa-a876-796c6430e81c" />
      <TestMethod codeBase="/Users/bill/Repos/FLua/FLua.Runtime.LibraryTests/bin/Debug/net8.0/FLua.Runtime.LibraryTests.dll" adapterTypeName="executor://mstestadapter/v2" className="FLua.Runtime.LibraryTests.LuaTypeConversionTests" name="StringToNumber_ZeroString_ReturnsZeroInteger" />
    </UnitTest>
    <UnitTest name="SetLocalVariable_WithAttributes_HandlesCorrectly" storage="/users/bill/repos/flua/flua.runtime.librarytests/bin/debug/net8.0/flua.runtime.librarytests.dll" id="f440d74d-4659-d24e-4f36-0923af04b8c4">
      <Execution id="31f6a135-4a5c-4a92-945b-46d9f925cf80" />
      <TestMethod codeBase="/Users/bill/Repos/FLua/FLua.Runtime.LibraryTests/bin/Debug/net8.0/FLua.Runtime.LibraryTests.dll" adapterTypeName="executor://mstestadapter/v2" className="FLua.Runtime.LibraryTests.LuaEnvironmentTests" name="SetLocalVariable_WithAttributes_HandlesCorrectly" />
    </UnitTest>
    <UnitTest name="Abs_NaN_ReturnsNaN" storage="/users/bill/repos/flua/flua.runtime.librarytests/bin/debug/net8.0/flua.runtime.librarytests.dll" id="29cca1e5-3b78-7eaf-e71e-89782af704c3">
      <Execution id="a9077dd5-0b8f-42f1-bac5-cfa70f945a3f" />
      <TestMethod codeBase="/Users/bill/Repos/FLua/FLua.Runtime.LibraryTests/bin/Debug/net8.0/FLua.Runtime.LibraryTests.dll" adapterTypeName="executor://mstestadapter/v2" className="FLua.Runtime.LibraryTests.LuaMathLibTests" name="Abs_NaN_ReturnsNaN" />
    </UnitTest>
    <UnitTest name="Char_EmojiCodePoint_ReturnsEmoji" storage="/users/bill/repos/flua/flua.runtime.librarytests/bin/debug/net8.0/flua.runtime.librarytests.dll" id="167a4e6d-4824-6211-7676-fc97fb9c5c55">
      <Execution id="b28dd7a0-cff2-4bc1-8a96-7b9d9213ecec" />
      <TestMethod codeBase="/Users/bill/Repos/FLua/FLua.Runtime.LibraryTests/bin/Debug/net8.0/FLua.Runtime.LibraryTests.dll" adapterTypeName="executor://mstestadapter/v2" className="FLua.Runtime.LibraryTests.LuaUTF8LibTests" name="Char_EmojiCodePoint_ReturnsEmoji" />
    </UnitTest>
    <UnitTest name="ToInteger_NonExactFloat_ReturnsNil" storage="/users/bill/repos/flua/flua.runtime.librarytests/bin/debug/net8.0/flua.runtime.librarytests.dll" id="5b8c6bfa-12fd-de38-151d-c13a681780e1">
      <Execution id="b91732da-7a99-4a7c-bed0-77ffd7b0a3d3" />
      <TestMethod codeBase="/Users/bill/Repos/FLua/FLua.Runtime.LibraryTests/bin/Debug/net8.0/FLua.Runtime.LibraryTests.dll" adapterTypeName="executor://mstestadapter/v2" className="FLua.Runtime.LibraryTests.LuaMathLibTests" name="ToInteger_NonExactFloat_ReturnsNil" />
    </UnitTest>
    <UnitTest name="CodePoint_EmptyString_ReturnsEmpty" storage="/users/bill/repos/flua/flua.runtime.librarytests/bin/debug/net8.0/flua.runtime.librarytests.dll" id="8b7d5bc8-c8ce-1412-af68-97cd16f8e716">
      <Execution id="19cc0d0d-2d4c-47df-8b2c-7b89f4b53a73" />
      <TestMethod codeBase="/Users/bill/Repos/FLua/FLua.Runtime.LibraryTests/bin/Debug/net8.0/FLua.Runtime.LibraryTests.dll" adapterTypeName="executor://mstestadapter/v2" className="FLua.Runtime.LibraryTests.LuaUTF8LibTests" name="CodePoint_EmptyString_ReturnsEmpty" />
    </UnitTest>
    <UnitTest name="TryGetBoolean_BooleanValue_ReturnsTrue" storage="/users/bill/repos/flua/flua.runtime.librarytests/bin/debug/net8.0/flua.runtime.librarytests.dll" id="602edd5b-ab04-6baa-7d5b-bfedbcb3d92f">
      <Execution id="3cd8dc3f-e2d3-40c9-bab2-78649f54005c" />
      <TestMethod codeBase="/Users/bill/Repos/FLua/FLua.Runtime.LibraryTests/bin/Debug/net8.0/FLua.Runtime.LibraryTests.dll" adapterTypeName="executor://mstestadapter/v2" className="FLua.Runtime.LibraryTests.LuaValueTests" name="TryGetBoolean_BooleanValue_ReturnsTrue" />
    </UnitTest>
    <UnitTest name="Sub_ZeroIndex_TreatedAsOne" storage="/users/bill/repos/flua/flua.runtime.librarytests/bin/debug/net8.0/flua.runtime.librarytests.dll" id="a0fa1c06-0e69-d238-e7ec-ec84e1e82659">
      <Execution id="42c194b6-45e4-4e29-bcad-a0e07137c2d0" />
      <TestMethod codeBase="/Users/bill/Repos/FLua/FLua.Runtime.LibraryTests/bin/Debug/net8.0/FLua.Runtime.LibraryTests.dll" adapterTypeName="executor://mstestadapter/v2" className="FLua.Runtime.LibraryTests.LuaStringLibTests" name="Sub_ZeroIndex_TreatedAsOne" />
    </UnitTest>
    <UnitTest name="Floor_ExactFloat_ReturnsInteger" storage="/users/bill/repos/flua/flua.runtime.librarytests/bin/debug/net8.0/flua.runtime.librarytests.dll" id="d36c23d8-cd5d-0faf-c7e3-44ef6aa608bf">
      <Execution id="6063cad9-1883-43a9-804c-0516e3f572bd" />
      <TestMethod codeBase="/Users/bill/Repos/FLua/FLua.Runtime.LibraryTests/bin/Debug/net8.0/FLua.Runtime.LibraryTests.dll" adapterTypeName="executor://mstestadapter/v2" className="FLua.Runtime.LibraryTests.LuaMathLibTests" name="Floor_ExactFloat_ReturnsInteger" />
    </UnitTest>
    <UnitTest name="Float_PositiveValue_ReturnsCorrectValue" storage="/users/bill/repos/flua/flua.runtime.librarytests/bin/debug/net8.0/flua.runtime.librarytests.dll" id="fbe8371c-1bd1-f91b-8547-eaf0043cbd5e">
      <Execution id="518d5bb0-ea49-4f8e-ad6b-c1440e9cac5b" />
      <TestMethod codeBase="/Users/bill/Repos/FLua/FLua.Runtime.LibraryTests/bin/Debug/net8.0/FLua.Runtime.LibraryTests.dll" adapterTypeName="executor://mstestadapter/v2" className="FLua.Runtime.LibraryTests.LuaValueTests" name="Float_PositiveValue_ReturnsCorrectValue" />
    </UnitTest>
    <UnitTest name="Log_WithBase_ReturnsCorrectValue" storage="/users/bill/repos/flua/flua.runtime.librarytests/bin/debug/net8.0/flua.runtime.librarytests.dll" id="5fc823fd-951f-33c2-2110-b44d10b1fd32">
      <Execution id="01c2c04a-993b-409e-986d-3418882eb2bd" />
      <TestMethod codeBase="/Users/bill/Repos/FLua/FLua.Runtime.LibraryTests/bin/Debug/net8.0/FLua.Runtime.LibraryTests.dll" adapterTypeName="executor://mstestadapter/v2" className="FLua.Runtime.LibraryTests.LuaMathLibTests" name="Log_WithBase_ReturnsCorrectValue" />
    </UnitTest>
    <UnitTest name="Find_SingleCharacterPattern_MatchesSingleChar" storage="/users/bill/repos/flua/flua.runtime.librarytests/bin/debug/net8.0/flua.runtime.librarytests.dll" id="366317f0-6bff-0005-2442-754d5f63303e">
      <Execution id="6274c768-149a-4773-9c49-8823fc2afb51" />
      <TestMethod codeBase="/Users/bill/Repos/FLua/FLua.Runtime.LibraryTests/bin/Debug/net8.0/FLua.Runtime.LibraryTests.dll" adapterTypeName="executor://mstestadapter/v2" className="FLua.Runtime.LibraryTests.LuaStringLibTests" name="Find_SingleCharacterPattern_MatchesSingleChar" />
    </UnitTest>
    <UnitTest name="Open_ReadWriteMode_AllowsBothOperations" storage="/users/bill/repos/flua/flua.runtime.librarytests/bin/debug/net8.0/flua.runtime.librarytests.dll" id="34d8198b-1b9c-148a-ad5a-54fcb21b1184">
      <Execution id="857bf0db-159a-4ea2-bb9f-d92e571b505b" />
      <TestMethod codeBase="/Users/bill/Repos/FLua/FLua.Runtime.LibraryTests/bin/Debug/net8.0/FLua.Runtime.LibraryTests.dll" adapterTypeName="executor://mstestadapter/v2" className="FLua.Runtime.LibraryTests.LuaIOLibTests" name="Open_ReadWriteMode_AllowsBothOperations" />
    </UnitTest>
    <UnitTest name="ToBoolean_TrueValue_ReturnsTrue" storage="/users/bill/repos/flua/flua.runtime.librarytests/bin/debug/net8.0/flua.runtime.librarytests.dll" id="19bc8828-c242-ab6c-68b7-511c9c806723">
      <Execution id="59c7fda0-52e0-4b48-a0df-d39173ee3dc3" />
      <TestMethod codeBase="/Users/bill/Repos/FLua/FLua.Runtime.LibraryTests/bin/Debug/net8.0/FLua.Runtime.LibraryTests.dll" adapterTypeName="executor://mstestadapter/v2" className="FLua.Runtime.LibraryTests.LuaTypeConversionTests" name="ToBoolean_TrueValue_ReturnsTrue" />
    </UnitTest>
    <UnitTest name="Pack_FixedString_Padding" storage="/users/bill/repos/flua/flua.runtime.librarytests/bin/debug/net8.0/flua.runtime.librarytests.dll" id="09c1e8b9-f4bd-cb7a-19ba-2bf13a66c37e">
      <Execution id="4ebbe04d-0f89-479b-9830-e87402f1d5bd" />
      <TestMethod codeBase="/Users/bill/Repos/FLua/FLua.Runtime.LibraryTests/bin/Debug/net8.0/FLua.Runtime.LibraryTests.dll" adapterTypeName="executor://mstestadapter/v2" className="FLua.Runtime.LibraryTests.LuaStringLibTests" name="Pack_FixedString_Padding" />
    </UnitTest>
    <UnitTest name="Floor_NegativeFloat_ReturnsFloor" storage="/users/bill/repos/flua/flua.runtime.librarytests/bin/debug/net8.0/flua.runtime.librarytests.dll" id="b20233ec-015e-3cd3-212c-d09042def4c8">
      <Execution id="1416012b-4067-44b1-afc1-85a999b5486b" />
      <TestMethod codeBase="/Users/bill/Repos/FLua/FLua.Runtime.LibraryTests/bin/Debug/net8.0/FLua.Runtime.LibraryTests.dll" adapterTypeName="executor://mstestadapter/v2" className="FLua.Runtime.LibraryTests.LuaMathLibTests" name="Floor_NegativeFloat_ReturnsFloor" />
    </UnitTest>
    <UnitTest name="StringToNumber_StringWithWhitespace_ReturnsCorrectValue" storage="/users/bill/repos/flua/flua.runtime.librarytests/bin/debug/net8.0/flua.runtime.librarytests.dll" id="7d08eb8a-1fa0-8b3e-ba01-15f4d3ef598b">
      <Execution id="b867265d-a045-4e41-9f6f-f35f72e59582" />
      <TestMethod codeBase="/Users/bill/Repos/FLua/FLua.Runtime.LibraryTests/bin/Debug/net8.0/FLua.Runtime.LibraryTests.dll" adapterTypeName="executor://mstestadapter/v2" className="FLua.Runtime.LibraryTests.LuaTypeConversionTests" name="StringToNumber_StringWithWhitespace_ReturnsCorrectValue" />
    </UnitTest>
    <UnitTest name="Sort_AlreadySorted_RemainsUnchanged" storage="/users/bill/repos/flua/flua.runtime.librarytests/bin/debug/net8.0/flua.runtime.librarytests.dll" id="3543a2c9-757e-2f45-d5df-15b9a0ae61c4">
      <Execution id="935e14cc-98cd-474f-bb53-a68150fdbdd7" />
      <TestMethod codeBase="/Users/bill/Repos/FLua/FLua.Runtime.LibraryTests/bin/Debug/net8.0/FLua.Runtime.LibraryTests.dll" adapterTypeName="executor://mstestadapter/v2" className="FLua.Runtime.LibraryTests.LuaTableLibTests" name="Sort_AlreadySorted_RemainsUnchanged" />
    </UnitTest>
    <UnitTest name="Multiply_IntegerInteger_ReturnsCorrectProduct" storage="/users/bill/repos/flua/flua.runtime.librarytests/bin/debug/net8.0/flua.runtime.librarytests.dll" id="f1130e59-d09d-ed7f-5879-209442de9d00">
      <Execution id="00e68af9-62c5-49e4-a097-c6ba8fd96b7f" />
      <TestMethod codeBase="/Users/bill/Repos/FLua/FLua.Runtime.LibraryTests/bin/Debug/net8.0/FLua.Runtime.LibraryTests.dll" adapterTypeName="executor://mstestadapter/v2" className="FLua.Runtime.LibraryTests.LuaValueTests" name="Multiply_IntegerInteger_ReturnsCorrectProduct" />
    </UnitTest>
    <UnitTest name="LocalVariable_ExistingLocal_CanRetrieve" storage="/users/bill/repos/flua/flua.runtime.librarytests/bin/debug/net8.0/flua.runtime.librarytests.dll" id="4460a51b-7dbe-79e0-dfc7-8e853c83e4e3">
      <Execution id="b807928f-1f4c-4b50-b9af-941907c09130" />
      <TestMethod codeBase="/Users/bill/Repos/FLua/FLua.Runtime.LibraryTests/bin/Debug/net8.0/FLua.Runtime.LibraryTests.dll" adapterTypeName="executor://mstestadapter/v2" className="FLua.Runtime.LibraryTests.LuaEnvironmentTests" name="LocalVariable_ExistingLocal_CanRetrieve" />
    </UnitTest>
    <UnitTest name="Format_NoArguments_ThrowsException" storage="/users/bill/repos/flua/flua.runtime.librarytests/bin/debug/net8.0/flua.runtime.librarytests.dll" id="ffa17173-c9f9-35db-0b79-586ccedd5675">
      <Execution id="d4f787f9-8d4c-489d-a4a2-b0336d8c1c4c" />
      <TestMethod codeBase="/Users/bill/Repos/FLua/FLua.Runtime.LibraryTests/bin/Debug/net8.0/FLua.Runtime.LibraryTests.dll" adapterTypeName="executor://mstestadapter/v2" className="FLua.Runtime.LibraryTests.LuaStringLibTests" name="Format_NoArguments_ThrowsException" />
    </UnitTest>
    <UnitTest name="Dispose_WithChildEnvironments_HandledCorrectly" storage="/users/bill/repos/flua/flua.runtime.librarytests/bin/debug/net8.0/flua.runtime.librarytests.dll" id="bcb69bb9-380e-15f5-1853-2cf4976f1fae">
      <Execution id="64608365-6e5e-4d8d-98a5-ac28c29bd7cf" />
      <TestMethod codeBase="/Users/bill/Repos/FLua/FLua.Runtime.LibraryTests/bin/Debug/net8.0/FLua.Runtime.LibraryTests.dll" adapterTypeName="executor://mstestadapter/v2" className="FLua.Runtime.LibraryTests.LuaEnvironmentTests" name="Dispose_WithChildEnvironments_HandledCorrectly" />
    </UnitTest>
    <UnitTest name="GetHashCode_SameValues_ReturnsSameHash" storage="/users/bill/repos/flua/flua.runtime.librarytests/bin/debug/net8.0/flua.runtime.librarytests.dll" id="3b9f54eb-8de3-b189-bbd7-8852b278301c">
      <Execution id="9157a8f6-4eea-4555-914b-c741cfa77210" />
      <TestMethod codeBase="/Users/bill/Repos/FLua/FLua.Runtime.LibraryTests/bin/Debug/net8.0/FLua.Runtime.LibraryTests.dll" adapterTypeName="executor://mstestadapter/v2" className="FLua.Runtime.LibraryTests.LuaValueTests" name="GetHashCode_SameValues_ReturnsSameHash" />
    </UnitTest>
    <UnitTest name="Sub_MissingStartIndex_ThrowsException" storage="/users/bill/repos/flua/flua.runtime.librarytests/bin/debug/net8.0/flua.runtime.librarytests.dll" id="2d933501-9945-b51e-a2b6-1c4bddacc8c7">
      <Execution id="5eeb1bf4-4c26-4b93-8bf5-bdc628268a7d" />
      <TestMethod codeBase="/Users/bill/Repos/FLua/FLua.Runtime.LibraryTests/bin/Debug/net8.0/FLua.Runtime.LibraryTests.dll" adapterTypeName="executor://mstestadapter/v2" className="FLua.Runtime.LibraryTests.LuaStringLibTests" name="Sub_MissingStartIndex_ThrowsException" />
    </UnitTest>
    <UnitTest name="Offset_DefaultStartPosition_UsesOne" storage="/users/bill/repos/flua/flua.runtime.librarytests/bin/debug/net8.0/flua.runtime.librarytests.dll" id="8c645da4-ac87-9798-ea13-ecc81c4deae1">
      <Execution id="0890d70b-264a-4f9d-b0c6-f54139ebbdc2" />
      <TestMethod codeBase="/Users/bill/Repos/FLua/FLua.Runtime.LibraryTests/bin/Debug/net8.0/FLua.Runtime.LibraryTests.dll" adapterTypeName="executor://mstestadapter/v2" className="FLua.Runtime.LibraryTests.LuaUTF8LibTests" name="Offset_DefaultStartPosition_UsesOne" />
    </UnitTest>
    <UnitTest name="Find_MultipleCaptureGroups_ReturnsAllCaptures" storage="/users/bill/repos/flua/flua.runtime.librarytests/bin/debug/net8.0/flua.runtime.librarytests.dll" id="6e899d16-ba0b-ff6c-59ed-edc365ee0288">
      <Execution id="d0d2fea0-61b9-4f10-bfdb-466107b3b06f" />
      <TestMethod codeBase="/Users/bill/Repos/FLua/FLua.Runtime.LibraryTests/bin/Debug/net8.0/FLua.Runtime.LibraryTests.dll" adapterTypeName="executor://mstestadapter/v2" className="FLua.Runtime.LibraryTests.LuaStringLibTests" name="Find_MultipleCaptureGroups_ReturnsAllCaptures" />
    </UnitTest>
    <UnitTest name="FileHandle_ReadAfterClose_ThrowsException" storage="/users/bill/repos/flua/flua.runtime.librarytests/bin/debug/net8.0/flua.runtime.librarytests.dll" id="ec103471-4d87-2a17-10f9-3da97d31d9bc">
      <Execution id="02a16bf1-b920-404d-8496-cb6cd0b87fd5" />
      <TestMethod codeBase="/Users/bill/Repos/FLua/FLua.Runtime.LibraryTests/bin/Debug/net8.0/FLua.Runtime.LibraryTests.dll" adapterTypeName="executor://mstestadapter/v2" className="FLua.Runtime.LibraryTests.LuaIOLibTests" name="FileHandle_ReadAfterClose_ThrowsException" />
    </UnitTest>
    <UnitTest name="Lines_FileWithManyLines_HandlesAll" storage="/users/bill/repos/flua/flua.runtime.librarytests/bin/debug/net8.0/flua.runtime.librarytests.dll" id="eff664ce-e42b-59e4-d1d2-9f9c8951c7c9">
      <Execution id="3d4a88bf-f88b-437a-8a89-1db7e20c9e11" />
      <TestMethod codeBase="/Users/bill/Repos/FLua/FLua.Runtime.LibraryTests/bin/Debug/net8.0/FLua.Runtime.LibraryTests.dll" adapterTypeName="executor://mstestadapter/v2" className="FLua.Runtime.LibraryTests.LuaIOLibTests" name="Lines_FileWithManyLines_HandlesAll" />
    </UnitTest>
    <UnitTest name="Unpack_NonIntegerEndIndex_ThrowsException" storage="/users/bill/repos/flua/flua.runtime.librarytests/bin/debug/net8.0/flua.runtime.librarytests.dll" id="e276c011-d85d-887b-a451-4b05ec23be57">
      <Execution id="124e21dd-50b1-46c8-918a-1dc290085f57" />
      <TestMethod codeBase="/Users/bill/Repos/FLua/FLua.Runtime.LibraryTests/bin/Debug/net8.0/FLua.Runtime.LibraryTests.dll" adapterTypeName="executor://mstestadapter/v2" className="FLua.Runtime.LibraryTests.LuaTableLibTests" name="Unpack_NonIntegerEndIndex_ThrowsException" />
    </UnitTest>
    <UnitTest name="Max_NonNumericFirstArgument_ThrowsException" storage="/users/bill/repos/flua/flua.runtime.librarytests/bin/debug/net8.0/flua.runtime.librarytests.dll" id="9e3c7df3-c05a-1a65-1b15-9b73dc7da4b9">
      <Execution id="eaf09504-d0c4-4d8e-b952-60b46c31f6eb" />
      <TestMethod codeBase="/Users/bill/Repos/FLua/FLua.Runtime.LibraryTests/bin/Debug/net8.0/FLua.Runtime.LibraryTests.dll" adapterTypeName="executor://mstestadapter/v2" className="FLua.Runtime.LibraryTests.LuaMathLibTests" name="Max_NonNumericFirstArgument_ThrowsException" />
    </UnitTest>
    <UnitTest name="Remove_NegativeIndex_ReturnsNil" storage="/users/bill/repos/flua/flua.runtime.librarytests/bin/debug/net8.0/flua.runtime.librarytests.dll" id="530cf092-f04e-afb3-9bb2-9d00e432ef37">
      <Execution id="02fa4e64-e700-4733-a46e-feed29b4e5ac" />
      <TestMethod codeBase="/Users/bill/Repos/FLua/FLua.Runtime.LibraryTests/bin/Debug/net8.0/FLua.Runtime.LibraryTests.dll" adapterTypeName="executor://mstestadapter/v2" className="FLua.Runtime.LibraryTests.LuaTableLibTests" name="Remove_NegativeIndex_ReturnsNil" />
    </UnitTest>
    <UnitTest name="Pack_StringWithLength_DefaultSize" storage="/users/bill/repos/flua/flua.runtime.librarytests/bin/debug/net8.0/flua.runtime.librarytests.dll" id="69724134-57a6-301e-1873-5f66721ff43d">
      <Execution id="60e29948-7209-4577-8b08-2bf69126b5cd" />
      <TestMethod codeBase="/Users/bill/Repos/FLua/FLua.Runtime.LibraryTests/bin/Debug/net8.0/FLua.Runtime.LibraryTests.dll" adapterTypeName="executor://mstestadapter/v2" className="FLua.Runtime.LibraryTests.LuaStringLibTests" name="Pack_StringWithLength_DefaultSize" />
    </UnitTest>
    <UnitTest name="IsNumber_NonNumericTypes_ReturnsFalse" storage="/users/bill/repos/flua/flua.runtime.librarytests/bin/debug/net8.0/flua.runtime.librarytests.dll" id="55029406-4511-58c6-dc46-df35de46509a">
      <Execution id="8e56d8ba-3117-49b3-9574-bec460f37059" />
      <TestMethod codeBase="/Users/bill/Repos/FLua/FLua.Runtime.LibraryTests/bin/Debug/net8.0/FLua.Runtime.LibraryTests.dll" adapterTypeName="executor://mstestadapter/v2" className="FLua.Runtime.LibraryTests.LuaValueTests" name="IsNumber_NonNumericTypes_ReturnsFalse" />
    </UnitTest>
    <UnitTest name="Codes_UnicodeString_IteratesCodePoints" storage="/users/bill/repos/flua/flua.runtime.librarytests/bin/debug/net8.0/flua.runtime.librarytests.dll" id="e899062e-6894-38dc-a3d4-ea350524792f">
      <Execution id="5d6f1648-38c2-4bcb-91db-931af862c4ce" />
      <TestMethod codeBase="/Users/bill/Repos/FLua/FLua.Runtime.LibraryTests/bin/Debug/net8.0/FLua.Runtime.LibraryTests.dll" adapterTypeName="executor://mstestadapter/v2" className="FLua.Runtime.LibraryTests.LuaUTF8LibTests" name="Codes_UnicodeString_IteratesCodePoints" />
    </UnitTest>
    <UnitTest name="Concat_SimpleArray_JoinsElements" storage="/users/bill/repos/flua/flua.runtime.librarytests/bin/debug/net8.0/flua.runtime.librarytests.dll" id="3d768b9a-c4ab-bbaf-9f45-9650c89ece8c">
      <Execution id="f0c3f258-acaf-4212-be64-11c4c4859548" />
      <TestMethod codeBase="/Users/bill/Repos/FLua/FLua.Runtime.LibraryTests/bin/Debug/net8.0/FLua.Runtime.LibraryTests.dll" adapterTypeName="executor://mstestadapter/v2" className="FLua.Runtime.LibraryTests.LuaTableLibTests" name="Concat_SimpleArray_JoinsElements" />
    </UnitTest>
    <UnitTest name="AsString_NilValue_ThrowsException" storage="/users/bill/repos/flua/flua.runtime.librarytests/bin/debug/net8.0/flua.runtime.librarytests.dll" id="bc5b4279-4cbd-3d1b-6c3c-43a92a980df8">
      <Execution id="69e78052-f26d-4f6f-a1cf-06a985938463" />
      <TestMethod codeBase="/Users/bill/Repos/FLua/FLua.Runtime.LibraryTests/bin/Debug/net8.0/FLua.Runtime.LibraryTests.dll" adapterTypeName="executor://mstestadapter/v2" className="FLua.Runtime.LibraryTests.LuaValueTests" name="AsString_NilValue_ThrowsException" />
    </UnitTest>
    <UnitTest name="Offset_NegativeOffset_MovesBackward" storage="/users/bill/repos/flua/flua.runtime.librarytests/bin/debug/net8.0/flua.runtime.librarytests.dll" id="35cd6f78-6d0e-1ad0-f328-76b29b7411f0">
      <Execution id="469bfa3d-8fd3-46db-a298-69421a7f8ac0" />
      <TestMethod codeBase="/Users/bill/Repos/FLua/FLua.Runtime.LibraryTests/bin/Debug/net8.0/FLua.Runtime.LibraryTests.dll" adapterTypeName="executor://mstestadapter/v2" className="FLua.Runtime.LibraryTests.LuaUTF8LibTests" name="Offset_NegativeOffset_MovesBackward" />
    </UnitTest>
    <UnitTest name="ToLuaString_FloatValue_ReturnsCorrectString" storage="/users/bill/repos/flua/flua.runtime.librarytests/bin/debug/net8.0/flua.runtime.librarytests.dll" id="7b538466-a97b-e9ac-673d-c16af3cbdd43">
      <Execution id="c4f1ee14-e98b-45e5-b25c-e955b9c53dc8" />
      <TestMethod codeBase="/Users/bill/Repos/FLua/FLua.Runtime.LibraryTests/bin/Debug/net8.0/FLua.Runtime.LibraryTests.dll" adapterTypeName="executor://mstestadapter/v2" className="FLua.Runtime.LibraryTests.LuaValueTests" name="ToLuaString_FloatValue_ReturnsCorrectString" />
    </UnitTest>
    <UnitTest name="TmpName_ReturnsValidTempFileName" storage="/users/bill/repos/flua/flua.runtime.librarytests/bin/debug/net8.0/flua.runtime.librarytests.dll" id="9eb26002-4ff4-481e-a0be-51994ffd6d3b">
      <Execution id="ad6df588-d234-46e5-bf81-fe0fda4ca164" />
      <TestMethod codeBase="/Users/bill/Repos/FLua/FLua.Runtime.LibraryTests/bin/Debug/net8.0/FLua.Runtime.LibraryTests.dll" adapterTypeName="executor://mstestadapter/v2" className="FLua.Runtime.LibraryTests.LuaOSLibTests" name="TmpName_ReturnsValidTempFileName" />
    </UnitTest>
    <UnitTest name="ToLuaString_IntegerValue_ReturnsCorrectString" storage="/users/bill/repos/flua/flua.runtime.librarytests/bin/debug/net8.0/flua.runtime.librarytests.dll" id="fec56cd7-fb5f-0c08-56f9-cb7ab79fe2c6">
      <Execution id="d68e0893-0cba-4809-b580-23a9945dfb85" />
      <TestMethod codeBase="/Users/bill/Repos/FLua/FLua.Runtime.LibraryTests/bin/Debug/net8.0/FLua.Runtime.LibraryTests.dll" adapterTypeName="executor://mstestadapter/v2" className="FLua.Runtime.LibraryTests.LuaValueTests" name="ToLuaString_IntegerValue_ReturnsCorrectString" />
    </UnitTest>
    <UnitTest name="Rep_EmptyString_ReturnsEmpty" storage="/users/bill/repos/flua/flua.runtime.librarytests/bin/debug/net8.0/flua.runtime.librarytests.dll" id="1abe0b29-ffbf-39a6-7724-fc14377111b2">
      <Execution id="c36c7743-9145-41a8-b561-e12c4601ee97" />
      <TestMethod codeBase="/Users/bill/Repos/FLua/FLua.Runtime.LibraryTests/bin/Debug/net8.0/FLua.Runtime.LibraryTests.dll" adapterTypeName="executor://mstestadapter/v2" className="FLua.Runtime.LibraryTests.LuaStringLibTests" name="Rep_EmptyString_ReturnsEmpty" />
    </UnitTest>
    <UnitTest name="Integer_NegativeValue_ReturnsCorrectValue" storage="/users/bill/repos/flua/flua.runtime.librarytests/bin/debug/net8.0/flua.runtime.librarytests.dll" id="34c8f6ea-a53e-f99f-4a93-1184a0ffea1e">
      <Execution id="60a54bf8-0e71-42c1-a9f9-a006c8c9cdd6" />
      <TestMethod codeBase="/Users/bill/Repos/FLua/FLua.Runtime.LibraryTests/bin/Debug/net8.0/FLua.Runtime.LibraryTests.dll" adapterTypeName="executor://mstestadapter/v2" className="FLua.Runtime.LibraryTests.LuaValueTests" name="Integer_NegativeValue_ReturnsCorrectValue" />
    </UnitTest>
    <UnitTest name="Pack_FixedString_WorksCorrectly" storage="/users/bill/repos/flua/flua.runtime.librarytests/bin/debug/net8.0/flua.runtime.librarytests.dll" id="94249136-3b52-f9c3-1d42-b3ed9b46e46d">
      <Execution id="26d0ee15-2254-4fca-b492-1887b4f3e7f0" />
      <TestMethod codeBase="/Users/bill/Repos/FLua/FLua.Runtime.LibraryTests/bin/Debug/net8.0/FLua.Runtime.LibraryTests.dll" adapterTypeName="executor://mstestadapter/v2" className="FLua.Runtime.LibraryTests.LuaStringLibTests" name="Pack_FixedString_WorksCorrectly" />
    </UnitTest>
    <UnitTest name="Pack_Double_WorksCorrectly" storage="/users/bill/repos/flua/flua.runtime.librarytests/bin/debug/net8.0/flua.runtime.librarytests.dll" id="5f6a1f6e-ca69-a6cf-b2ba-49c8baaa1f06">
      <Execution id="74f5d627-0ca8-49b1-8e6c-74ed07ccfc03" />
      <TestMethod codeBase="/Users/bill/Repos/FLua/FLua.Runtime.LibraryTests/bin/Debug/net8.0/FLua.Runtime.LibraryTests.dll" adapterTypeName="executor://mstestadapter/v2" className="FLua.Runtime.LibraryTests.LuaStringLibTests" name="Pack_Double_WorksCorrectly" />
    </UnitTest>
    <UnitTest name="Sort_Strings_SortsLexicographically" storage="/users/bill/repos/flua/flua.runtime.librarytests/bin/debug/net8.0/flua.runtime.librarytests.dll" id="bdf3ca6c-d109-aca8-ed7e-561d99e22cb0">
      <Execution id="dca53540-be26-46b8-b285-abac580957ec" />
      <TestMethod codeBase="/Users/bill/Repos/FLua/FLua.Runtime.LibraryTests/bin/Debug/net8.0/FLua.Runtime.LibraryTests.dll" adapterTypeName="executor://mstestadapter/v2" className="FLua.Runtime.LibraryTests.LuaTableLibTests" name="Sort_Strings_SortsLexicographically" />
    </UnitTest>
    <UnitTest name="Reverse_Palindrome_ReturnsSameString" storage="/users/bill/repos/flua/flua.runtime.librarytests/bin/debug/net8.0/flua.runtime.librarytests.dll" id="7b024e75-7530-b0a6-5744-3126d3ec9697">
      <Execution id="20dfa689-9311-40aa-9b37-181b68f75fd7" />
      <TestMethod codeBase="/Users/bill/Repos/FLua/FLua.Runtime.LibraryTests/bin/Debug/net8.0/FLua.Runtime.LibraryTests.dll" adapterTypeName="executor://mstestadapter/v2" className="FLua.Runtime.LibraryTests.LuaStringLibTests" name="Reverse_Palindrome_ReturnsSameString" />
    </UnitTest>
    <UnitTest name="Time_NoArguments_ReturnsCurrentTime" storage="/users/bill/repos/flua/flua.runtime.librarytests/bin/debug/net8.0/flua.runtime.librarytests.dll" id="5cdb03d8-4617-de7d-b17d-30206a4d1abb">
      <Execution id="51729307-cb3d-4908-80c8-562ac1e914e2" />
      <TestMethod codeBase="/Users/bill/Repos/FLua/FLua.Runtime.LibraryTests/bin/Debug/net8.0/FLua.Runtime.LibraryTests.dll" adapterTypeName="executor://mstestadapter/v2" className="FLua.Runtime.LibraryTests.LuaOSLibTests" name="Time_NoArguments_ReturnsCurrentTime" />
    </UnitTest>
    <UnitTest name="Pack_SingleArgument_PacksCorrectly" storage="/users/bill/repos/flua/flua.runtime.librarytests/bin/debug/net8.0/flua.runtime.librarytests.dll" id="970a1107-4220-944c-48b9-92f435716a22">
      <Execution id="56a23193-ba01-46b9-a051-e8d733f15777" />
      <TestMethod codeBase="/Users/bill/Repos/FLua/FLua.Runtime.LibraryTests/bin/Debug/net8.0/FLua.Runtime.LibraryTests.dll" adapterTypeName="executor://mstestadapter/v2" className="FLua.Runtime.LibraryTests.LuaTableLibTests" name="Pack_SingleArgument_PacksCorrectly" />
    </UnitTest>
    <UnitTest name="Char_UnicodeCodePoints_ReturnsUnicodeString" storage="/users/bill/repos/flua/flua.runtime.librarytests/bin/debug/net8.0/flua.runtime.librarytests.dll" id="5df45a42-ad77-4b51-e583-37d4d92a2e05">
      <Execution id="ab9efd97-afe9-4ecc-8fb3-13dba3526ab2" />
      <TestMethod codeBase="/Users/bill/Repos/FLua/FLua.Runtime.LibraryTests/bin/Debug/net8.0/FLua.Runtime.LibraryTests.dll" adapterTypeName="executor://mstestadapter/v2" className="FLua.Runtime.LibraryTests.LuaUTF8LibTests" name="Char_UnicodeCodePoints_ReturnsUnicodeString" />
    </UnitTest>
    <UnitTest name="Offset_UnicodeString_HandlesMultiByteCharacters" storage="/users/bill/repos/flua/flua.runtime.librarytests/bin/debug/net8.0/flua.runtime.librarytests.dll" id="e87b50f4-3509-ae4d-a4c9-8d5ced4872ac">
      <Execution id="147f46de-6ff3-43d1-8bf0-f13655c91cef" />
      <TestMethod codeBase="/Users/bill/Repos/FLua/FLua.Runtime.LibraryTests/bin/Debug/net8.0/FLua.Runtime.LibraryTests.dll" adapterTypeName="executor://mstestadapter/v2" className="FLua.Runtime.LibraryTests.LuaUTF8LibTests" name="Offset_UnicodeString_HandlesMultiByteCharacters" />
    </UnitTest>
    <UnitTest name="Len_SingleCharacter_ReturnsOne" storage="/users/bill/repos/flua/flua.runtime.librarytests/bin/debug/net8.0/flua.runtime.librarytests.dll" id="caed0eb2-fa06-9d39-a5dd-a22dfd378302">
      <Execution id="52610f35-818e-4e47-8931-60d7709033d6" />
      <TestMethod codeBase="/Users/bill/Repos/FLua/FLua.Runtime.LibraryTests/bin/Debug/net8.0/FLua.Runtime.LibraryTests.dll" adapterTypeName="executor://mstestadapter/v2" className="FLua.Runtime.LibraryTests.LuaStringLibTests" name="Len_SingleCharacter_ReturnsOne" />
    </UnitTest>
    <UnitTest name="Abs_NilArgument_ThrowsException" storage="/users/bill/repos/flua/flua.runtime.librarytests/bin/debug/net8.0/flua.runtime.librarytests.dll" id="28203906-87b7-67ae-2629-b9a0fb52b6d8">
      <Execution id="71d3be55-c119-44bb-afc0-06c1cf4c27d0" />
      <TestMethod codeBase="/Users/bill/Repos/FLua/FLua.Runtime.LibraryTests/bin/Debug/net8.0/FLua.Runtime.LibraryTests.dll" adapterTypeName="executor://mstestadapter/v2" className="FLua.Runtime.LibraryTests.LuaMathLibTests" name="Abs_NilArgument_ThrowsException" />
    </UnitTest>
    <UnitTest name="Match_EmptyCaptureGroup_ReturnsEmptyString" storage="/users/bill/repos/flua/flua.runtime.librarytests/bin/debug/net8.0/flua.runtime.librarytests.dll" id="4f52ce54-7eee-326c-5bf4-aa1c32cef3d2">
      <Execution id="cef62553-2871-45d0-9060-0042e851c890" />
      <TestMethod codeBase="/Users/bill/Repos/FLua/FLua.Runtime.LibraryTests/bin/Debug/net8.0/FLua.Runtime.LibraryTests.dll" adapterTypeName="executor://mstestadapter/v2" className="FLua.Runtime.LibraryTests.LuaStringLibTests" name="Match_EmptyCaptureGroup_ReturnsEmptyString" />
    </UnitTest>
    <UnitTest name="ImplicitConversion_StringToLuaValue_WorksCorrectly" storage="/users/bill/repos/flua/flua.runtime.librarytests/bin/debug/net8.0/flua.runtime.librarytests.dll" id="82acd130-2fd0-0ba2-61ee-17254e47c79e">
      <Execution id="9320477a-cf47-4d56-b784-5d1558d81d9d" />
      <TestMethod codeBase="/Users/bill/Repos/FLua/FLua.Runtime.LibraryTests/bin/Debug/net8.0/FLua.Runtime.LibraryTests.dll" adapterTypeName="executor://mstestadapter/v2" className="FLua.Runtime.LibraryTests.LuaValueTests" name="ImplicitConversion_StringToLuaValue_WorksCorrectly" />
    </UnitTest>
    <UnitTest name="Find_StarQuantifierWithSpaces_KnownLimitation" storage="/users/bill/repos/flua/flua.runtime.librarytests/bin/debug/net8.0/flua.runtime.librarytests.dll" id="2510cad0-dba4-2567-1491-42328e012c5c">
      <Execution id="caf54dd5-0ba2-41e6-afa3-d15c7605604e" />
      <TestMethod codeBase="/Users/bill/Repos/FLua/FLua.Runtime.LibraryTests/bin/Debug/net8.0/FLua.Runtime.LibraryTests.dll" adapterTypeName="executor://mstestadapter/v2" className="FLua.Runtime.LibraryTests.LuaStringLibTests" name="Find_StarQuantifierWithSpaces_KnownLimitation" />
    </UnitTest>
    <UnitTest name="Byte_OutOfRange_ReturnsNoValues" storage="/users/bill/repos/flua/flua.runtime.librarytests/bin/debug/net8.0/flua.runtime.librarytests.dll" id="1a0432b7-1115-58b0-0702-0af7a644ff96">
      <Execution id="0638883a-51fe-4a56-a878-57fb0f6aee41" />
      <TestMethod codeBase="/Users/bill/Repos/FLua/FLua.Runtime.LibraryTests/bin/Debug/net8.0/FLua.Runtime.LibraryTests.dll" adapterTypeName="executor://mstestadapter/v2" className="FLua.Runtime.LibraryTests.LuaStringLibTests" name="Byte_OutOfRange_ReturnsNoValues" />
    </UnitTest>
    <UnitTest name="Pack_SignedByte_BoundaryValues" storage="/users/bill/repos/flua/flua.runtime.librarytests/bin/debug/net8.0/flua.runtime.librarytests.dll" id="1be4d8ac-08d1-1c29-8438-276c7cb6ba43">
      <Execution id="2f61b5d2-7f51-4cb2-972c-d52aa6e7f50b" />
      <TestMethod codeBase="/Users/bill/Repos/FLua/FLua.Runtime.LibraryTests/bin/Debug/net8.0/FLua.Runtime.LibraryTests.dll" adapterTypeName="executor://mstestadapter/v2" className="FLua.Runtime.LibraryTests.LuaStringLibTests" name="Pack_SignedByte_BoundaryValues" />
    </UnitTest>
    <UnitTest name="Offset_BeyondBounds_ReturnsEmpty" storage="/users/bill/repos/flua/flua.runtime.librarytests/bin/debug/net8.0/flua.runtime.librarytests.dll" id="c04916e9-b6ac-fd8a-dfdc-65e0247e2335">
      <Execution id="950078d1-57a2-452e-a25b-b9cdf9eb7fac" />
      <TestMethod codeBase="/Users/bill/Repos/FLua/FLua.Runtime.LibraryTests/bin/Debug/net8.0/FLua.Runtime.LibraryTests.dll" adapterTypeName="executor://mstestadapter/v2" className="FLua.Runtime.LibraryTests.LuaUTF8LibTests" name="Offset_BeyondBounds_ReturnsEmpty" />
    </UnitTest>
    <UnitTest name="Upper_LowercaseString_ReturnsUppercase" storage="/users/bill/repos/flua/flua.runtime.librarytests/bin/debug/net8.0/flua.runtime.librarytests.dll" id="d79a2c0a-beef-581c-8321-d33ace64639c">
      <Execution id="e6038834-1032-483b-8ec6-38cfe3c068b5" />
      <TestMethod codeBase="/Users/bill/Repos/FLua/FLua.Runtime.LibraryTests/bin/Debug/net8.0/FLua.Runtime.LibraryTests.dll" adapterTypeName="executor://mstestadapter/v2" className="FLua.Runtime.LibraryTests.LuaStringLibTests" name="Upper_LowercaseString_ReturnsUppercase" />
    </UnitTest>
    <UnitTest name="Pack_Double_PrecisionTest" storage="/users/bill/repos/flua/flua.runtime.librarytests/bin/debug/net8.0/flua.runtime.librarytests.dll" id="10878a1e-6024-2c44-7b6f-c73183c982b4">
      <Execution id="33923885-c6d4-4c1b-ae68-593fb6328d86" />
      <TestMethod codeBase="/Users/bill/Repos/FLua/FLua.Runtime.LibraryTests/bin/Debug/net8.0/FLua.Runtime.LibraryTests.dll" adapterTypeName="executor://mstestadapter/v2" className="FLua.Runtime.LibraryTests.LuaStringLibTests" name="Pack_Double_PrecisionTest" />
    </UnitTest>
    <UnitTest name="ToBoolean_FalseValue_ReturnsFalse" storage="/users/bill/repos/flua/flua.runtime.librarytests/bin/debug/net8.0/flua.runtime.librarytests.dll" id="16b9feef-3faf-88f4-07b4-d0d7b6cb1d20">
      <Execution id="0ff0b1fe-ec32-4b7a-a936-e9054cb5b224" />
      <TestMethod codeBase="/Users/bill/Repos/FLua/FLua.Runtime.LibraryTests/bin/Debug/net8.0/FLua.Runtime.LibraryTests.dll" adapterTypeName="executor://mstestadapter/v2" className="FLua.Runtime.LibraryTests.LuaTypeConversionTests" name="ToBoolean_FalseValue_ReturnsFalse" />
    </UnitTest>
    <UnitTest name="String_EmptyString_ReturnsCorrectValue" storage="/users/bill/repos/flua/flua.runtime.librarytests/bin/debug/net8.0/flua.runtime.librarytests.dll" id="a8f5fb8d-2534-f1ff-b75f-db0c27695f15">
      <Execution id="b0c87a6c-e1e3-4244-8366-d8f17030dbe9" />
      <TestMethod codeBase="/Users/bill/Repos/FLua/FLua.Runtime.LibraryTests/bin/Debug/net8.0/FLua.Runtime.LibraryTests.dll" adapterTypeName="executor://mstestadapter/v2" className="FLua.Runtime.LibraryTests.LuaValueTests" name="String_EmptyString_ReturnsCorrectValue" />
    </UnitTest>
    <UnitTest name="GetNumber_NonNumericValue_ThrowsException" storage="/users/bill/repos/flua/flua.runtime.librarytests/bin/debug/net8.0/flua.runtime.librarytests.dll" id="003443bf-783a-2caf-ab98-33ae82136736">
      <Execution id="f106e02b-65a8-4b8f-987a-bf58b7354c5c" />
      <TestMethod codeBase="/Users/bill/Repos/FLua/FLua.Runtime.LibraryTests/bin/Debug/net8.0/FLua.Runtime.LibraryTests.dll" adapterTypeName="executor://mstestadapter/v2" className="FLua.Runtime.LibraryTests.LuaValueHelpersTests" name="GetNumber_NonNumericValue_ThrowsException" />
    </UnitTest>
    <UnitTest name="Random_NoArguments_ReturnsBetweenZeroAndOne" storage="/users/bill/repos/flua/flua.runtime.librarytests/bin/debug/net8.0/flua.runtime.librarytests.dll" id="1c5b00fb-89ae-4050-e6f8-086da0ce80c2">
      <Execution id="b95558da-5a2a-4941-95af-7ac0aecaece8" />
      <TestMethod codeBase="/Users/bill/Repos/FLua/FLua.Runtime.LibraryTests/bin/Debug/net8.0/FLua.Runtime.LibraryTests.dll" adapterTypeName="executor://mstestadapter/v2" className="FLua.Runtime.LibraryTests.LuaMathLibTests" name="Random_NoArguments_ReturnsBetweenZeroAndOne" />
    </UnitTest>
    <UnitTest name="TryGetString_StringValue_ReturnsTrue" storage="/users/bill/repos/flua/flua.runtime.librarytests/bin/debug/net8.0/flua.runtime.librarytests.dll" id="67750e5f-4c1a-63e1-17aa-e0c00b26bd00">
      <Execution id="3bd4efa7-d7af-4e41-a335-5f05890fad38" />
      <TestMethod codeBase="/Users/bill/Repos/FLua/FLua.Runtime.LibraryTests/bin/Debug/net8.0/FLua.Runtime.LibraryTests.dll" adapterTypeName="executor://mstestadapter/v2" className="FLua.Runtime.LibraryTests.LuaValueTests" name="TryGetString_StringValue_ReturnsTrue" />
    </UnitTest>
    <UnitTest name="ToConcatString_StringValue_ReturnsString" storage="/users/bill/repos/flua/flua.runtime.librarytests/bin/debug/net8.0/flua.runtime.librarytests.dll" id="4909b3c7-d672-4664-64f2-6c7b68af7409">
      <Execution id="107c2d28-5d44-4f3f-b426-e380b198b372" />
      <TestMethod codeBase="/Users/bill/Repos/FLua/FLua.Runtime.LibraryTests/bin/Debug/net8.0/FLua.Runtime.LibraryTests.dll" adapterTypeName="executor://mstestadapter/v2" className="FLua.Runtime.LibraryTests.LuaTypeConversionTests" name="ToConcatString_StringValue_ReturnsString" />
    </UnitTest>
    <UnitTest name="GetNumber_IntegerValue_ReturnsCorrectDouble" storage="/users/bill/repos/flua/flua.runtime.librarytests/bin/debug/net8.0/flua.runtime.librarytests.dll" id="4040e00f-72b8-0774-cd66-78bbbbf80ed4">
      <Execution id="c0082cc4-4696-4b45-8ea9-6e555d226c93" />
      <TestMethod codeBase="/Users/bill/Repos/FLua/FLua.Runtime.LibraryTests/bin/Debug/net8.0/FLua.Runtime.LibraryTests.dll" adapterTypeName="executor://mstestadapter/v2" className="FLua.Runtime.LibraryTests.LuaValueHelpersTests" name="GetNumber_IntegerValue_ReturnsCorrectDouble" />
    </UnitTest>
    <UnitTest name="Char_ZeroCodePoint_ReturnsNullCharacter" storage="/users/bill/repos/flua/flua.runtime.librarytests/bin/debug/net8.0/flua.runtime.librarytests.dll" id="328622fb-d298-7a58-c8df-ac1300e888a2">
      <Execution id="40f4bd39-9e57-4c3d-a067-09f6ec175efa" />
      <TestMethod codeBase="/Users/bill/Repos/FLua/FLua.Runtime.LibraryTests/bin/Debug/net8.0/FLua.Runtime.LibraryTests.dll" adapterTypeName="executor://mstestadapter/v2" className="FLua.Runtime.LibraryTests.LuaUTF8LibTests" name="Char_ZeroCodePoint_ReturnsNullCharacter" />
    </UnitTest>
    <UnitTest name="DiffTime_MinValues_HandlesNegativeNumbers" storage="/users/bill/repos/flua/flua.runtime.librarytests/bin/debug/net8.0/flua.runtime.librarytests.dll" id="5c483893-fa82-d878-b041-f216dab50b58">
      <Execution id="4a17653b-470a-40a0-8b64-28bda7cd18bc" />
      <TestMethod codeBase="/Users/bill/Repos/FLua/FLua.Runtime.LibraryTests/bin/Debug/net8.0/FLua.Runtime.LibraryTests.dll" adapterTypeName="executor://mstestadapter/v2" className="FLua.Runtime.LibraryTests.LuaOSLibTests" name="DiffTime_MinValues_HandlesNegativeNumbers" />
    </UnitTest>
    <UnitTest name="GetTypeName_FunctionValue_ReturnsFunction" storage="/users/bill/repos/flua/flua.runtime.librarytests/bin/debug/net8.0/flua.runtime.librarytests.dll" id="04edf3a2-5fe7-091f-aa74-ced4a831b2e3">
      <Execution id="7bb83335-f0e2-4f9d-9f96-38da512ca2ed" />
      <TestMethod codeBase="/Users/bill/Repos/FLua/FLua.Runtime.LibraryTests/bin/Debug/net8.0/FLua.Runtime.LibraryTests.dll" adapterTypeName="executor://mstestadapter/v2" className="FLua.Runtime.LibraryTests.LuaTypeConversionTests" name="GetTypeName_FunctionValue_ReturnsFunction" />
    </UnitTest>
    <UnitTest name="FileHandle_Read_DefaultReadsLine" storage="/users/bill/repos/flua/flua.runtime.librarytests/bin/debug/net8.0/flua.runtime.librarytests.dll" id="75777ee9-b384-7b18-484c-624e5c8b45eb">
      <Execution id="fdf5755c-de6d-4f75-a831-5e3ff7b0d5f8" />
      <TestMethod codeBase="/Users/bill/Repos/FLua/FLua.Runtime.LibraryTests/bin/Debug/net8.0/FLua.Runtime.LibraryTests.dll" adapterTypeName="executor://mstestadapter/v2" className="FLua.Runtime.LibraryTests.LuaIOLibTests" name="FileHandle_Read_DefaultReadsLine" />
    </UnitTest>
    <UnitTest name="TmpName_WithArguments_IgnoresThem" storage="/users/bill/repos/flua/flua.runtime.librarytests/bin/debug/net8.0/flua.runtime.librarytests.dll" id="2583f021-343e-fb4e-1585-e43296031618">
      <Execution id="40e338a8-b20e-4025-a611-7806c8923820" />
      <TestMethod codeBase="/Users/bill/Repos/FLua/FLua.Runtime.LibraryTests/bin/Debug/net8.0/FLua.Runtime.LibraryTests.dll" adapterTypeName="executor://mstestadapter/v2" className="FLua.Runtime.LibraryTests.LuaOSLibTests" name="TmpName_WithArguments_IgnoresThem" />
    </UnitTest>
    <UnitTest name="Abs_NonNumericArgument_ThrowsException" storage="/users/bill/repos/flua/flua.runtime.librarytests/bin/debug/net8.0/flua.runtime.librarytests.dll" id="bdfc419e-7b06-ae56-1790-4aecf9839ca8">
      <Execution id="07bc38e1-b875-4f2e-a3b0-49003e0d7886" />
      <TestMethod codeBase="/Users/bill/Repos/FLua/FLua.Runtime.LibraryTests/bin/Debug/net8.0/FLua.Runtime.LibraryTests.dll" adapterTypeName="executor://mstestadapter/v2" className="FLua.Runtime.LibraryTests.LuaMathLibTests" name="Abs_NonNumericArgument_ThrowsException" />
    </UnitTest>
    <UnitTest name="Find_PatternNotFound_ReturnsNil" storage="/users/bill/repos/flua/flua.runtime.librarytests/bin/debug/net8.0/flua.runtime.librarytests.dll" id="69caa7bd-9c65-a490-43e7-fe3d9dae9c02">
      <Execution id="44b3aea3-61a7-4784-ba65-9481fb54fb92" />
      <TestMethod codeBase="/Users/bill/Repos/FLua/FLua.Runtime.LibraryTests/bin/Debug/net8.0/FLua.Runtime.LibraryTests.dll" adapterTypeName="executor://mstestadapter/v2" className="FLua.Runtime.LibraryTests.LuaStringLibTests" name="Find_PatternNotFound_ReturnsNil" />
    </UnitTest>
    <UnitTest name="FileHandle_Read_AllFormat" storage="/users/bill/repos/flua/flua.runtime.librarytests/bin/debug/net8.0/flua.runtime.librarytests.dll" id="b7e6ffb7-96f3-825d-2d34-d16deaf080f1">
      <Execution id="07a3407d-29ab-4075-a892-59c3a29583eb" />
      <TestMethod codeBase="/Users/bill/Repos/FLua/FLua.Runtime.LibraryTests/bin/Debug/net8.0/FLua.Runtime.LibraryTests.dll" adapterTypeName="executor://mstestadapter/v2" className="FLua.Runtime.LibraryTests.LuaIOLibTests" name="FileHandle_Read_AllFormat" />
    </UnitTest>
    <UnitTest name="CodePoint_EmojiString_ReturnsEmojiCodePoint" storage="/users/bill/repos/flua/flua.runtime.librarytests/bin/debug/net8.0/flua.runtime.librarytests.dll" id="77e7eb16-37aa-1a4c-c76f-b65b7044c57c">
      <Execution id="c0c55671-29e9-442f-b277-6351a8c89094" />
      <TestMethod codeBase="/Users/bill/Repos/FLua/FLua.Runtime.LibraryTests/bin/Debug/net8.0/FLua.Runtime.LibraryTests.dll" adapterTypeName="executor://mstestadapter/v2" className="FLua.Runtime.LibraryTests.LuaUTF8LibTests" name="CodePoint_EmojiString_ReturnsEmojiCodePoint" />
    </UnitTest>
    <UnitTest name="Date_WithSpecificTime_ReturnsCorrectDate" storage="/users/bill/repos/flua/flua.runtime.librarytests/bin/debug/net8.0/flua.runtime.librarytests.dll" id="c81ea6a6-3b8e-410c-61f2-eae488d7b049">
      <Execution id="c908339c-cd40-48d3-9fdc-6f5264ca7472" />
      <TestMethod codeBase="/Users/bill/Repos/FLua/FLua.Runtime.LibraryTests/bin/Debug/net8.0/FLua.Runtime.LibraryTests.dll" adapterTypeName="executor://mstestadapter/v2" className="FLua.Runtime.LibraryTests.LuaOSLibTests" name="Date_WithSpecificTime_ReturnsCorrectDate" />
    </UnitTest>
    <UnitTest name="GSub_SimpleReplacement_WorksCorrectly" storage="/users/bill/repos/flua/flua.runtime.librarytests/bin/debug/net8.0/flua.runtime.librarytests.dll" id="d7c8f7b5-c3b8-357d-b44b-90988bbf4f71">
      <Execution id="99474903-31e1-434a-97a9-926a92cbaab2" />
      <TestMethod codeBase="/Users/bill/Repos/FLua/FLua.Runtime.LibraryTests/bin/Debug/net8.0/FLua.Runtime.LibraryTests.dll" adapterTypeName="executor://mstestadapter/v2" className="FLua.Runtime.LibraryTests.LuaStringLibTests" name="GSub_SimpleReplacement_WorksCorrectly" />
    </UnitTest>
    <UnitTest name="Add_IntegerInteger_ReturnsCorrectSum" storage="/users/bill/repos/flua/flua.runtime.librarytests/bin/debug/net8.0/flua.runtime.librarytests.dll" id="bef66b0d-967a-cee6-357a-0a9c38b52500">
      <Execution id="961b0b46-8396-471a-b866-e5dbe94ae2f2" />
      <TestMethod codeBase="/Users/bill/Repos/FLua/FLua.Runtime.LibraryTests/bin/Debug/net8.0/FLua.Runtime.LibraryTests.dll" adapterTypeName="executor://mstestadapter/v2" className="FLua.Runtime.LibraryTests.LuaValueTests" name="Add_IntegerInteger_ReturnsCorrectSum" />
    </UnitTest>
    <UnitTest name="Unpack_EmptyTable_ReturnsNoElements" storage="/users/bill/repos/flua/flua.runtime.librarytests/bin/debug/net8.0/flua.runtime.librarytests.dll" id="3eafc5cf-27e0-505e-a974-21909a6ec104">
      <Execution id="95ec9bc4-6e6a-493e-93c1-c770ef5549ac" />
      <TestMethod codeBase="/Users/bill/Repos/FLua/FLua.Runtime.LibraryTests/bin/Debug/net8.0/FLua.Runtime.LibraryTests.dll" adapterTypeName="executor://mstestadapter/v2" className="FLua.Runtime.LibraryTests.LuaTableLibTests" name="Unpack_EmptyTable_ReturnsNoElements" />
    </UnitTest>
    <UnitTest name="Clock_NoArguments_Works" storage="/users/bill/repos/flua/flua.runtime.librarytests/bin/debug/net8.0/flua.runtime.librarytests.dll" id="3d6ed08b-49fe-e94a-d455-e94243bf5e8e">
      <Execution id="0e180c12-c893-419a-a9cd-4c187914d1be" />
      <TestMethod codeBase="/Users/bill/Repos/FLua/FLua.Runtime.LibraryTests/bin/Debug/net8.0/FLua.Runtime.LibraryTests.dll" adapterTypeName="executor://mstestadapter/v2" className="FLua.Runtime.LibraryTests.LuaOSLibTests" name="Clock_NoArguments_Works" />
    </UnitTest>
    <UnitTest name="ToNumber_BooleanValue_ThrowsException" storage="/users/bill/repos/flua/flua.runtime.librarytests/bin/debug/net8.0/flua.runtime.librarytests.dll" id="629283eb-6177-d626-a123-9129821a348b">
      <Execution id="1254b4e7-bf10-4cd6-a4f9-8afc3da165e4" />
      <TestMethod codeBase="/Users/bill/Repos/FLua/FLua.Runtime.LibraryTests/bin/Debug/net8.0/FLua.Runtime.LibraryTests.dll" adapterTypeName="executor://mstestadapter/v2" className="FLua.Runtime.LibraryTests.LuaTypeConversionTests" name="ToNumber_BooleanValue_ThrowsException" />
    </UnitTest>
    <UnitTest name="Pack_ZeroTerminatedString_ComprehensiveTest" storage="/users/bill/repos/flua/flua.runtime.librarytests/bin/debug/net8.0/flua.runtime.librarytests.dll" id="fcc963cf-c9d1-9b26-9125-b101615c7252">
      <Execution id="dc8788e5-8946-4723-a663-6cf205c47f26" />
      <TestMethod codeBase="/Users/bill/Repos/FLua/FLua.Runtime.LibraryTests/bin/Debug/net8.0/FLua.Runtime.LibraryTests.dll" adapterTypeName="executor://mstestadapter/v2" className="FLua.Runtime.LibraryTests.LuaStringLibTests" name="Pack_ZeroTerminatedString_ComprehensiveTest" />
    </UnitTest>
    <UnitTest name="Remove_FromEmptyTable_ReturnsNil" storage="/users/bill/repos/flua/flua.runtime.librarytests/bin/debug/net8.0/flua.runtime.librarytests.dll" id="b215ab59-8b07-a2e4-c7ff-6b309cf82bd3">
      <Execution id="1921ca67-6826-413b-ba71-c0c5ea8633ea" />
      <TestMethod codeBase="/Users/bill/Repos/FLua/FLua.Runtime.LibraryTests/bin/Debug/net8.0/FLua.Runtime.LibraryTests.dll" adapterTypeName="executor://mstestadapter/v2" className="FLua.Runtime.LibraryTests.LuaTableLibTests" name="Remove_FromEmptyTable_ReturnsNil" />
    </UnitTest>
    <UnitTest name="FMod_MissingSecondArgument_ThrowsException" storage="/users/bill/repos/flua/flua.runtime.librarytests/bin/debug/net8.0/flua.runtime.librarytests.dll" id="006c22c6-5988-a575-a69c-6419c30f7084">
      <Execution id="9b774175-08a3-4242-a867-3d15985c18c0" />
      <TestMethod codeBase="/Users/bill/Repos/FLua/FLua.Runtime.LibraryTests/bin/Debug/net8.0/FLua.Runtime.LibraryTests.dll" adapterTypeName="executor://mstestadapter/v2" className="FLua.Runtime.LibraryTests.LuaMathLibTests" name="FMod_MissingSecondArgument_ThrowsException" />
    </UnitTest>
    <UnitTest name="CreateChild_CreatesChildEnvironment" storage="/users/bill/repos/flua/flua.runtime.librarytests/bin/debug/net8.0/flua.runtime.librarytests.dll" id="fd69c4ac-50bd-7e5b-7ad0-78485a15572d">
      <Execution id="e839ea0d-1529-48d4-81f7-52578c324461" />
      <TestMethod codeBase="/Users/bill/Repos/FLua/FLua.Runtime.LibraryTests/bin/Debug/net8.0/FLua.Runtime.LibraryTests.dll" adapterTypeName="executor://mstestadapter/v2" className="FLua.Runtime.LibraryTests.LuaEnvironmentTests" name="CreateChild_CreatesChildEnvironment" />
    </UnitTest>
    <UnitTest name="Pack_InvalidFormatSpecifier_ThrowsException" storage="/users/bill/repos/flua/flua.runtime.librarytests/bin/debug/net8.0/flua.runtime.librarytests.dll" id="db101ea6-5520-5369-0787-ca894017242c">
      <Execution id="b7f620be-b350-4871-85d9-c26d7f9b3fee" />
      <TestMethod codeBase="/Users/bill/Repos/FLua/FLua.Runtime.LibraryTests/bin/Debug/net8.0/FLua.Runtime.LibraryTests.dll" adapterTypeName="executor://mstestadapter/v2" className="FLua.Runtime.LibraryTests.LuaStringLibTests" name="Pack_InvalidFormatSpecifier_ThrowsException" />
    </UnitTest>
    <UnitTest name="TryToNumber_StringWithInteger_ReturnsInteger" storage="/users/bill/repos/flua/flua.runtime.librarytests/bin/debug/net8.0/flua.runtime.librarytests.dll" id="3edeb166-83d3-2beb-133d-ac8b60db8b5a">
      <Execution id="db9d9ae5-5080-4381-9956-a686fc73c79b" />
      <TestMethod codeBase="/Users/bill/Repos/FLua/FLua.Runtime.LibraryTests/bin/Debug/net8.0/FLua.Runtime.LibraryTests.dll" adapterTypeName="executor://mstestadapter/v2" className="FLua.Runtime.LibraryTests.LuaValueTests" name="TryToNumber_StringWithInteger_ReturnsInteger" />
    </UnitTest>
    <UnitTest name="Find_StartPositionAtEnd_ReturnsNil" storage="/users/bill/repos/flua/flua.runtime.librarytests/bin/debug/net8.0/flua.runtime.librarytests.dll" id="396a515e-8e91-32db-79ef-6ca5f0e6e119">
      <Execution id="ab5fb540-8c5a-426a-b070-f439a75a530b" />
      <TestMethod codeBase="/Users/bill/Repos/FLua/FLua.Runtime.LibraryTests/bin/Debug/net8.0/FLua.Runtime.LibraryTests.dll" adapterTypeName="executor://mstestadapter/v2" className="FLua.Runtime.LibraryTests.LuaStringLibTests" name="Find_StartPositionAtEnd_ReturnsNil" />
    </UnitTest>
    <UnitTest name="Integer_Zero_ReturnsCorrectValue" storage="/users/bill/repos/flua/flua.runtime.librarytests/bin/debug/net8.0/flua.runtime.librarytests.dll" id="5f0ddcb8-e30e-8f66-7d14-631b65aaad0f">
      <Execution id="0441e772-0ec9-413d-9103-baea94c5e1d3" />
      <TestMethod codeBase="/Users/bill/Repos/FLua/FLua.Runtime.LibraryTests/bin/Debug/net8.0/FLua.Runtime.LibraryTests.dll" adapterTypeName="executor://mstestadapter/v2" className="FLua.Runtime.LibraryTests.LuaValueTests" name="Integer_Zero_ReturnsCorrectValue" />
    </UnitTest>
    <UnitTest name="TypeConversion_Performance_ManyConversions" storage="/users/bill/repos/flua/flua.runtime.librarytests/bin/debug/net8.0/flua.runtime.librarytests.dll" id="722cd6e6-520c-c38c-565b-863e1072acd7">
      <Execution id="7af2c06d-9f6e-4723-a8ee-0af849c1c49b" />
      <TestMethod codeBase="/Users/bill/Repos/FLua/FLua.Runtime.LibraryTests/bin/Debug/net8.0/FLua.Runtime.LibraryTests.dll" adapterTypeName="executor://mstestadapter/v2" className="FLua.Runtime.LibraryTests.LuaTypeConversionTests" name="TypeConversion_Performance_ManyConversions" />
    </UnitTest>
    <UnitTest name="Codes_NoArguments_ThrowsException" storage="/users/bill/repos/flua/flua.runtime.librarytests/bin/debug/net8.0/flua.runtime.librarytests.dll" id="fe18ee17-d285-ef9a-d3a8-64994317ac0f">
      <Execution id="37d21b55-f517-47fc-a306-c9db82b64862" />
      <TestMethod codeBase="/Users/bill/Repos/FLua/FLua.Runtime.LibraryTests/bin/Debug/net8.0/FLua.Runtime.LibraryTests.dll" adapterTypeName="executor://mstestadapter/v2" className="FLua.Runtime.LibraryTests.LuaUTF8LibTests" name="Codes_NoArguments_ThrowsException" />
    </UnitTest>
    <UnitTest name="CodePoint_ASCIIString_ReturnsCodePoints" storage="/users/bill/repos/flua/flua.runtime.librarytests/bin/debug/net8.0/flua.runtime.librarytests.dll" id="417ed471-c272-f304-00b4-248e83dc3474">
      <Execution id="e845fbee-12f2-4a33-9a19-6b9e64d517ea" />
      <TestMethod codeBase="/Users/bill/Repos/FLua/FLua.Runtime.LibraryTests/bin/Debug/net8.0/FLua.Runtime.LibraryTests.dll" adapterTypeName="executor://mstestadapter/v2" className="FLua.Runtime.LibraryTests.LuaUTF8LibTests" name="CodePoint_ASCIIString_ReturnsCodePoints" />
    </UnitTest>
    <UnitTest name="Add_OperatorOverload_WorksCorrectly" storage="/users/bill/repos/flua/flua.runtime.librarytests/bin/debug/net8.0/flua.runtime.librarytests.dll" id="6819383c-cf63-f039-bf35-77515e4446a2">
      <Execution id="51c4e11a-c118-4e02-a071-377f3348c4fc" />
      <TestMethod codeBase="/Users/bill/Repos/FLua/FLua.Runtime.LibraryTests/bin/Debug/net8.0/FLua.Runtime.LibraryTests.dll" adapterTypeName="executor://mstestadapter/v2" className="FLua.Runtime.LibraryTests.LuaValueTests" name="Add_OperatorOverload_WorksCorrectly" />
    </UnitTest>
    <UnitTest name="Match_CharacterClass_MatchesSet" storage="/users/bill/repos/flua/flua.runtime.librarytests/bin/debug/net8.0/flua.runtime.librarytests.dll" id="53bb8678-03b7-4bbc-dee8-5dab70b705f3">
      <Execution id="d21db5f1-9dd1-4e79-8737-3268e58195c8" />
      <TestMethod codeBase="/Users/bill/Repos/FLua/FLua.Runtime.LibraryTests/bin/Debug/net8.0/FLua.Runtime.LibraryTests.dll" adapterTypeName="executor://mstestadapter/v2" className="FLua.Runtime.LibraryTests.LuaStringLibTests" name="Match_CharacterClass_MatchesSet" />
    </UnitTest>
    <UnitTest name="Floor_NearZeroPositive_ReturnsZero" storage="/users/bill/repos/flua/flua.runtime.librarytests/bin/debug/net8.0/flua.runtime.librarytests.dll" id="8b7b7561-ae52-30ee-a733-a8ffe04da06d">
      <Execution id="b222f229-c277-49e5-9766-6604c3a96e4b" />
      <TestMethod codeBase="/Users/bill/Repos/FLua/FLua.Runtime.LibraryTests/bin/Debug/net8.0/FLua.Runtime.LibraryTests.dll" adapterTypeName="executor://mstestadapter/v2" className="FLua.Runtime.LibraryTests.LuaMathLibTests" name="Floor_NearZeroPositive_ReturnsZero" />
    </UnitTest>
    <UnitTest name="Format_UppercaseHexFormatting_WorksCorrectly" storage="/users/bill/repos/flua/flua.runtime.librarytests/bin/debug/net8.0/flua.runtime.librarytests.dll" id="6f8b2a13-eda3-0198-f134-c98d4de05918">
      <Execution id="f35b0f45-ea47-4201-9eed-a37ec33d512d" />
      <TestMethod codeBase="/Users/bill/Repos/FLua/FLua.Runtime.LibraryTests/bin/Debug/net8.0/FLua.Runtime.LibraryTests.dll" adapterTypeName="executor://mstestadapter/v2" className="FLua.Runtime.LibraryTests.LuaStringLibTests" name="Format_UppercaseHexFormatting_WorksCorrectly" />
    </UnitTest>
    <UnitTest name="Print_Function_IsCallable" storage="/users/bill/repos/flua/flua.runtime.librarytests/bin/debug/net8.0/flua.runtime.librarytests.dll" id="c5fc564f-4bc6-94b2-c436-be6d6db5efb0">
      <Execution id="611b72a6-37d4-4166-a51e-0bcd160ce956" />
      <TestMethod codeBase="/Users/bill/Repos/FLua/FLua.Runtime.LibraryTests/bin/Debug/net8.0/FLua.Runtime.LibraryTests.dll" adapterTypeName="executor://mstestadapter/v2" className="FLua.Runtime.LibraryTests.LuaEnvironmentTests" name="Print_Function_IsCallable" />
    </UnitTest>
    <UnitTest name="Find_WithStartPosition_SearchesFromPosition" storage="/users/bill/repos/flua/flua.runtime.librarytests/bin/debug/net8.0/flua.runtime.librarytests.dll" id="9b5c69f7-a346-95bf-b7f5-220fb58ef5ab">
      <Execution id="f85e2ebe-0325-419b-82f1-c3f3ea1da46d" />
      <TestMethod codeBase="/Users/bill/Repos/FLua/FLua.Runtime.LibraryTests/bin/Debug/net8.0/FLua.Runtime.LibraryTests.dll" adapterTypeName="executor://mstestadapter/v2" className="FLua.Runtime.LibraryTests.LuaStringLibTests" name="Find_WithStartPosition_SearchesFromPosition" />
    </UnitTest>
    <UnitTest name="FileHandle_Read_LineFormat" storage="/users/bill/repos/flua/flua.runtime.librarytests/bin/debug/net8.0/flua.runtime.librarytests.dll" id="8cc00ae9-19cf-450b-5f01-0eafc1f1b5e6">
      <Execution id="4719438c-b83c-4b69-ab52-df248d467ad1" />
      <TestMethod codeBase="/Users/bill/Repos/FLua/FLua.Runtime.LibraryTests/bin/Debug/net8.0/FLua.Runtime.LibraryTests.dll" adapterTypeName="executor://mstestadapter/v2" className="FLua.Runtime.LibraryTests.LuaIOLibTests" name="FileHandle_Read_LineFormat" />
    </UnitTest>
    <UnitTest name="SetLocale_EmptyString_ReturnsCurrentLocale" storage="/users/bill/repos/flua/flua.runtime.librarytests/bin/debug/net8.0/flua.runtime.librarytests.dll" id="1423f0fc-351d-9fc1-c88f-cdbed4df034d">
      <Execution id="04ba8bf3-5ade-47dd-b7d4-eb1c553058dd" />
      <TestMethod codeBase="/Users/bill/Repos/FLua/FLua.Runtime.LibraryTests/bin/Debug/net8.0/FLua.Runtime.LibraryTests.dll" adapterTypeName="executor://mstestadapter/v2" className="FLua.Runtime.LibraryTests.LuaOSLibTests" name="SetLocale_EmptyString_ReturnsCurrentLocale" />
    </UnitTest>
    <UnitTest name="Pack_PreservesNilValues_IncludesInCount" storage="/users/bill/repos/flua/flua.runtime.librarytests/bin/debug/net8.0/flua.runtime.librarytests.dll" id="cbd44fa0-1841-feeb-ba6f-9b2a2996baf7">
      <Execution id="69e80dab-2e13-4406-955e-917a2ce117aa" />
      <TestMethod codeBase="/Users/bill/Repos/FLua/FLua.Runtime.LibraryTests/bin/Debug/net8.0/FLua.Runtime.LibraryTests.dll" adapterTypeName="executor://mstestadapter/v2" className="FLua.Runtime.LibraryTests.LuaTableLibTests" name="Pack_PreservesNilValues_IncludesInCount" />
    </UnitTest>
    <UnitTest name="Time_NonTableArgument_ThrowsException" storage="/users/bill/repos/flua/flua.runtime.librarytests/bin/debug/net8.0/flua.runtime.librarytests.dll" id="0d7c05bc-6d36-8126-cd8b-bc1a9c92e925">
      <Execution id="1dc9a0f0-1334-4a2f-a9c0-06fc6f9a74f6" />
      <TestMethod codeBase="/Users/bill/Repos/FLua/FLua.Runtime.LibraryTests/bin/Debug/net8.0/FLua.Runtime.LibraryTests.dll" adapterTypeName="executor://mstestadapter/v2" className="FLua.Runtime.LibraryTests.LuaOSLibTests" name="Time_NonTableArgument_ThrowsException" />
    </UnitTest>
    <UnitTest name="Unpack_NonTable_ThrowsException" storage="/users/bill/repos/flua/flua.runtime.librarytests/bin/debug/net8.0/flua.runtime.librarytests.dll" id="2f5449f4-ae34-2096-d216-329b99d5ec46">
      <Execution id="8b4915e3-3d61-4a90-9876-c8c50065acae" />
      <TestMethod codeBase="/Users/bill/Repos/FLua/FLua.Runtime.LibraryTests/bin/Debug/net8.0/FLua.Runtime.LibraryTests.dll" adapterTypeName="executor://mstestadapter/v2" className="FLua.Runtime.LibraryTests.LuaTableLibTests" name="Unpack_NonTable_ThrowsException" />
    </UnitTest>
    <UnitTest name="ToString_NilValue_ThrowsException" storage="/users/bill/repos/flua/flua.runtime.librarytests/bin/debug/net8.0/flua.runtime.librarytests.dll" id="867b7719-8272-a309-02c4-493cf6c3a6c5">
      <Execution id="d1ba56de-019e-400f-ac39-2baa88f5cde9" />
      <TestMethod codeBase="/Users/bill/Repos/FLua/FLua.Runtime.LibraryTests/bin/Debug/net8.0/FLua.Runtime.LibraryTests.dll" adapterTypeName="executor://mstestadapter/v2" className="FLua.Runtime.LibraryTests.LuaTypeConversionTests" name="ToString_NilValue_ThrowsException" />
    </UnitTest>
    <UnitTest name="StringToNumber_NullString_ReturnsNull" storage="/users/bill/repos/flua/flua.runtime.librarytests/bin/debug/net8.0/flua.runtime.librarytests.dll" id="92019c40-aeec-d92d-3b94-82ab04bad7ea">
      <Execution id="47df80ff-8e88-4ce8-9e6f-270bcfa3626c" />
      <TestMethod codeBase="/Users/bill/Repos/FLua/FLua.Runtime.LibraryTests/bin/Debug/net8.0/FLua.Runtime.LibraryTests.dll" adapterTypeName="executor://mstestadapter/v2" className="FLua.Runtime.LibraryTests.LuaTypeConversionTests" name="StringToNumber_NullString_ReturnsNull" />
    </UnitTest>
    <UnitTest name="StringToNumber_ValidIntegerString_ReturnsIntegerValue" storage="/users/bill/repos/flua/flua.runtime.librarytests/bin/debug/net8.0/flua.runtime.librarytests.dll" id="6747fa71-994b-a5ca-90f4-678c091caece">
      <Execution id="4f5bc8ed-7c14-4fbc-a5f0-865b06e5529f" />
      <TestMethod codeBase="/Users/bill/Repos/FLua/FLua.Runtime.LibraryTests/bin/Debug/net8.0/FLua.Runtime.LibraryTests.dll" adapterTypeName="executor://mstestadapter/v2" className="FLua.Runtime.LibraryTests.LuaTypeConversionTests" name="StringToNumber_ValidIntegerString_ReturnsIntegerValue" />
    </UnitTest>
    <UnitTest name="HasVariable_ChecksLocalThenGlobal" storage="/users/bill/repos/flua/flua.runtime.librarytests/bin/debug/net8.0/flua.runtime.librarytests.dll" id="75426563-105d-051c-51b4-c45cb83a72e3">
      <Execution id="7e61ad33-431f-4264-ba44-38014c2bfb83" />
      <TestMethod codeBase="/Users/bill/Repos/FLua/FLua.Runtime.LibraryTests/bin/Debug/net8.0/FLua.Runtime.LibraryTests.dll" adapterTypeName="executor://mstestadapter/v2" className="FLua.Runtime.LibraryTests.LuaEnvironmentTests" name="HasVariable_ChecksLocalThenGlobal" />
    </UnitTest>
    <UnitTest name="AsDouble_FloatValue_ReturnsDoubleValue" storage="/users/bill/repos/flua/flua.runtime.librarytests/bin/debug/net8.0/flua.runtime.librarytests.dll" id="9d0e765b-206d-289c-6c70-026befa2bf08">
      <Execution id="5f512707-40fe-49c8-87dd-d1bd492db981" />
      <TestMethod codeBase="/Users/bill/Repos/FLua/FLua.Runtime.LibraryTests/bin/Debug/net8.0/FLua.Runtime.LibraryTests.dll" adapterTypeName="executor://mstestadapter/v2" className="FLua.Runtime.LibraryTests.LuaValueTests" name="AsDouble_FloatValue_ReturnsDoubleValue" />
    </UnitTest>
    <UnitTest name="IsTable_NonTableValues_ReturnsFalse" storage="/users/bill/repos/flua/flua.runtime.librarytests/bin/debug/net8.0/flua.runtime.librarytests.dll" id="44c2b30a-73d1-23ad-9948-fc56edd29d71">
      <Execution id="e9734771-df97-4bb6-a63b-4dbd03697560" />
      <TestMethod codeBase="/Users/bill/Repos/FLua/FLua.Runtime.LibraryTests/bin/Debug/net8.0/FLua.Runtime.LibraryTests.dll" adapterTypeName="executor://mstestadapter/v2" className="FLua.Runtime.LibraryTests.LuaValueHelpersTests" name="IsTable_NonTableValues_ReturnsFalse" />
    </UnitTest>
    <UnitTest name="LocalVariable_NonexistentLocal_ReturnsNil" storage="/users/bill/repos/flua/flua.runtime.librarytests/bin/debug/net8.0/flua.runtime.librarytests.dll" id="c58415fd-06be-8de0-12b6-8b886c39540c">
      <Execution id="998f2ab7-11fb-4557-ae32-6a343e32a135" />
      <TestMethod codeBase="/Users/bill/Repos/FLua/FLua.Runtime.LibraryTests/bin/Debug/net8.0/FLua.Runtime.LibraryTests.dll" adapterTypeName="executor://mstestadapter/v2" className="FLua.Runtime.LibraryTests.LuaEnvironmentTests" name="LocalVariable_NonexistentLocal_ReturnsNil" />
    </UnitTest>
    <UnitTest name="IsNumber_IntegerValue_ReturnsTrue" storage="/users/bill/repos/flua/flua.runtime.librarytests/bin/debug/net8.0/flua.runtime.librarytests.dll" id="95b91c46-49e0-b980-ed58-7b03c4ecb41f">
      <Execution id="c6dccced-4547-48c1-8c4e-917bda3721bb" />
      <TestMethod codeBase="/Users/bill/Repos/FLua/FLua.Runtime.LibraryTests/bin/Debug/net8.0/FLua.Runtime.LibraryTests.dll" adapterTypeName="executor://mstestadapter/v2" className="FLua.Runtime.LibraryTests.LuaValueHelpersTests" name="IsNumber_IntegerValue_ReturnsTrue" />
    </UnitTest>
    <UnitTest name="GetEnv_ExistingVariable_ReturnsValue" storage="/users/bill/repos/flua/flua.runtime.librarytests/bin/debug/net8.0/flua.runtime.librarytests.dll" id="2f699bd0-bf79-3f7f-1414-cd67135ef89a">
      <Execution id="02acd291-7aa9-4f86-97a7-63a55adb621d" />
      <TestMethod codeBase="/Users/bill/Repos/FLua/FLua.Runtime.LibraryTests/bin/Debug/net8.0/FLua.Runtime.LibraryTests.dll" adapterTypeName="executor://mstestadapter/v2" className="FLua.Runtime.LibraryTests.LuaOSLibTests" name="GetEnv_ExistingVariable_ReturnsValue" />
    </UnitTest>
    <UnitTest name="Add_IntegerFloat_ReturnsFloatSum" storage="/users/bill/repos/flua/flua.runtime.librarytests/bin/debug/net8.0/flua.runtime.librarytests.dll" id="a8a70edc-394e-fc45-f84b-f8a8a6b710af">
      <Execution id="bdf98eca-cea9-4f4e-9c2f-f400f9fd37b8" />
      <TestMethod codeBase="/Users/bill/Repos/FLua/FLua.Runtime.LibraryTests/bin/Debug/net8.0/FLua.Runtime.LibraryTests.dll" adapterTypeName="executor://mstestadapter/v2" className="FLua.Runtime.LibraryTests.LuaValueTests" name="Add_IntegerFloat_ReturnsFloatSum" />
    </UnitTest>
    <UnitTest name="Find_EscapeSequenceWithPlusQuantifier_KnownLimitation" storage="/users/bill/repos/flua/flua.runtime.librarytests/bin/debug/net8.0/flua.runtime.librarytests.dll" id="9bc37241-2ce9-6c7d-e3bb-69d55d043fa0">
      <Execution id="0cca1f64-86df-4e76-833c-da1c381f7cdf" />
      <TestMethod codeBase="/Users/bill/Repos/FLua/FLua.Runtime.LibraryTests/bin/Debug/net8.0/FLua.Runtime.LibraryTests.dll" adapterTypeName="executor://mstestadapter/v2" className="FLua.Runtime.LibraryTests.LuaStringLibTests" name="Find_EscapeSequenceWithPlusQuantifier_KnownLimitation" />
    </UnitTest>
    <UnitTest name="Open_InvalidMode_ReturnsNilWithError" storage="/users/bill/repos/flua/flua.runtime.librarytests/bin/debug/net8.0/flua.runtime.librarytests.dll" id="19fab2e7-c648-a071-f8f2-67a0e64ed548">
      <Execution id="57a6377a-4b18-4c68-b67b-22fa14b86c3f" />
      <TestMethod codeBase="/Users/bill/Repos/FLua/FLua.Runtime.LibraryTests/bin/Debug/net8.0/FLua.Runtime.LibraryTests.dll" adapterTypeName="executor://mstestadapter/v2" className="FLua.Runtime.LibraryTests.LuaIOLibTests" name="Open_InvalidMode_ReturnsNilWithError" />
    </UnitTest>
    <UnitTest name="Pack_VariableSizeUnsignedInteger_8Bytes" storage="/users/bill/repos/flua/flua.runtime.librarytests/bin/debug/net8.0/flua.runtime.librarytests.dll" id="dfc036ea-bf1a-0b2d-8a92-09848982d9b7">
      <Execution id="d26afe07-dea5-4302-bd32-7a6e1800aeff" />
      <TestMethod codeBase="/Users/bill/Repos/FLua/FLua.Runtime.LibraryTests/bin/Debug/net8.0/FLua.Runtime.LibraryTests.dll" adapterTypeName="executor://mstestadapter/v2" className="FLua.Runtime.LibraryTests.LuaStringLibTests" name="Pack_VariableSizeUnsignedInteger_8Bytes" />
    </UnitTest>
    <UnitTest name="Char_MaxValue255_ReturnsHighASCII" storage="/users/bill/repos/flua/flua.runtime.librarytests/bin/debug/net8.0/flua.runtime.librarytests.dll" id="f8170700-62ea-10e9-5b9a-cbd40a7cc0c2">
      <Execution id="7a10e7bd-c1f6-4b86-82d9-e1023d57f12f" />
      <TestMethod codeBase="/Users/bill/Repos/FLua/FLua.Runtime.LibraryTests/bin/Debug/net8.0/FLua.Runtime.LibraryTests.dll" adapterTypeName="executor://mstestadapter/v2" className="FLua.Runtime.LibraryTests.LuaStringLibTests" name="Char_MaxValue255_ReturnsHighASCII" />
    </UnitTest>
    <UnitTest name="Equals_DifferentIntegerValues_ReturnsFalse" storage="/users/bill/repos/flua/flua.runtime.librarytests/bin/debug/net8.0/flua.runtime.librarytests.dll" id="9af04cd0-e415-7c62-a390-eb66c8800892">
      <Execution id="0753ae5b-9bc6-409e-98aa-5f34ccf499c5" />
      <TestMethod codeBase="/Users/bill/Repos/FLua/FLua.Runtime.LibraryTests/bin/Debug/net8.0/FLua.Runtime.LibraryTests.dll" adapterTypeName="executor://mstestadapter/v2" className="FLua.Runtime.LibraryTests.LuaValueTests" name="Equals_DifferentIntegerValues_ReturnsFalse" />
    </UnitTest>
    <UnitTest name="SetLocale_NumericCategory_SetsLocale" storage="/users/bill/repos/flua/flua.runtime.librarytests/bin/debug/net8.0/flua.runtime.librarytests.dll" id="3d5fbdc9-3b58-e0e1-df82-cbbc53938b74">
      <Execution id="d3226455-2dd2-4adf-8345-ecaedd8a89ce" />
      <TestMethod codeBase="/Users/bill/Repos/FLua/FLua.Runtime.LibraryTests/bin/Debug/net8.0/FLua.Runtime.LibraryTests.dll" adapterTypeName="executor://mstestadapter/v2" className="FLua.Runtime.LibraryTests.LuaOSLibTests" name="SetLocale_NumericCategory_SetsLocale" />
    </UnitTest>
    <UnitTest name="Integer_MinValue_ReturnsCorrectValue" storage="/users/bill/repos/flua/flua.runtime.librarytests/bin/debug/net8.0/flua.runtime.librarytests.dll" id="820c4f0e-05b4-2838-625c-3833faffc573">
      <Execution id="30236622-8f11-427d-b56d-4d254d73fba6" />
      <TestMethod codeBase="/Users/bill/Repos/FLua/FLua.Runtime.LibraryTests/bin/Debug/net8.0/FLua.Runtime.LibraryTests.dll" adapterTypeName="executor://mstestadapter/v2" className="FLua.Runtime.LibraryTests.LuaValueTests" name="Integer_MinValue_ReturnsCorrectValue" />
    </UnitTest>
    <UnitTest name="Remove_NoArguments_ThrowsException" storage="/users/bill/repos/flua/flua.runtime.librarytests/bin/debug/net8.0/flua.runtime.librarytests.dll" id="fdb2e25c-b946-3dee-a267-27396896444e">
      <Execution id="b1343cfa-e679-4214-9b0c-34d141626739" />
      <TestMethod codeBase="/Users/bill/Repos/FLua/FLua.Runtime.LibraryTests/bin/Debug/net8.0/FLua.Runtime.LibraryTests.dll" adapterTypeName="executor://mstestadapter/v2" className="FLua.Runtime.LibraryTests.LuaOSLibTests" name="Remove_NoArguments_ThrowsException" />
    </UnitTest>
    <UnitTest name="Type_NonNumber_ReturnsNil" storage="/users/bill/repos/flua/flua.runtime.librarytests/bin/debug/net8.0/flua.runtime.librarytests.dll" id="a83ddcd3-28fa-aab5-89ca-a841306de32e">
      <Execution id="0597aa1f-e4e3-4a5b-9df7-5996d1aa613c" />
      <TestMethod codeBase="/Users/bill/Repos/FLua/FLua.Runtime.LibraryTests/bin/Debug/net8.0/FLua.Runtime.LibraryTests.dll" adapterTypeName="executor://mstestadapter/v2" className="FLua.Runtime.LibraryTests.LuaMathLibTests" name="Type_NonNumber_ReturnsNil" />
    </UnitTest>
    <UnitTest name="GMatch_MissingPattern_ThrowsException" storage="/users/bill/repos/flua/flua.runtime.librarytests/bin/debug/net8.0/flua.runtime.librarytests.dll" id="f55a5996-a93a-395d-1d6d-59ff353ab40d">
      <Execution id="82c9f923-05c2-4786-9b53-250e1deb488f" />
      <TestMethod codeBase="/Users/bill/Repos/FLua/FLua.Runtime.LibraryTests/bin/Debug/net8.0/FLua.Runtime.LibraryTests.dll" adapterTypeName="executor://mstestadapter/v2" className="FLua.Runtime.LibraryTests.LuaStringLibTests" name="GMatch_MissingPattern_ThrowsException" />
    </UnitTest>
  </TestDefinitions>
  <TestEntries>
    <TestEntry testId="db15e783-48bf-728a-de98-ec96c8b2bc01" executionId="c9c65131-0b39-4060-9121-773dc4e47d68" testListId="8c84fa94-04c1-424b-9868-57a2d4851a1d" />
    <TestEntry testId="0f318cf0-c0ca-3783-f134-b14f246fed88" executionId="c27cda0f-4591-446a-9429-a8f0c121b3ac" testListId="8c84fa94-04c1-424b-9868-57a2d4851a1d" />
    <TestEntry testId="b25385a5-9267-04f0-7f76-6fb411e78232" executionId="89448d63-2037-4d14-a6fd-e8430602e111" testListId="8c84fa94-04c1-424b-9868-57a2d4851a1d" />
    <TestEntry testId="2a85935e-5001-a7a5-9055-56e88cd50aae" executionId="1975e2fe-e709-41d2-8464-4ac05bfa75d3" testListId="8c84fa94-04c1-424b-9868-57a2d4851a1d" />
    <TestEntry testId="4f6c972b-4005-cefe-b356-77e1117476de" executionId="7a5c30a9-0ea1-4a29-8499-e54dfa4e7b6f" testListId="8c84fa94-04c1-424b-9868-57a2d4851a1d" />
    <TestEntry testId="0cf5bcaa-e30c-358e-ede3-0ec1f16ee90e" executionId="b4b977dc-accb-4406-88ad-75d5e9fc8fd4" testListId="8c84fa94-04c1-424b-9868-57a2d4851a1d" />
    <TestEntry testId="0cdcf849-b501-919d-5161-6ba795c26c61" executionId="897b3df0-c83f-4bb1-8869-d78baa37721e" testListId="8c84fa94-04c1-424b-9868-57a2d4851a1d" />
    <TestEntry testId="3d6ed08b-49fe-e94a-d455-e94243bf5e8e" executionId="0e180c12-c893-419a-a9cd-4c187914d1be" testListId="8c84fa94-04c1-424b-9868-57a2d4851a1d" />
    <TestEntry testId="fbd97d9a-f945-e484-b68c-8886ab375c29" executionId="dcd0c4b7-879d-4143-a231-eedf2cc554c8" testListId="8c84fa94-04c1-424b-9868-57a2d4851a1d" />
    <TestEntry testId="de943867-21cc-aa19-e2a9-d72e5263da08" executionId="fc878136-1f0d-47cf-a09f-4480532b2ff8" testListId="8c84fa94-04c1-424b-9868-57a2d4851a1d" />
    <TestEntry testId="7e9db05d-e8ab-3c5c-752f-855438d19107" executionId="3a66198d-7466-449e-8ea3-c1556a1360d6" testListId="8c84fa94-04c1-424b-9868-57a2d4851a1d" />
    <TestEntry testId="3d90cd3d-ee12-6e09-21a9-d0a8acdd81f8" executionId="a3621d3a-3a6e-4539-acba-39a1b68c24e9" testListId="8c84fa94-04c1-424b-9868-57a2d4851a1d" />
    <TestEntry testId="1e79e19d-9838-d7b5-fae7-4255c8f85c46" executionId="f0a0ed26-2ee9-4766-9f7b-d491f832dfbe" testListId="8c84fa94-04c1-424b-9868-57a2d4851a1d" />
    <TestEntry testId="ef8f5e59-06d1-5f76-a841-1f5dcca9062b" executionId="ef0cd34d-857f-41ab-820c-29972c9c739f" testListId="8c84fa94-04c1-424b-9868-57a2d4851a1d" />
    <TestEntry testId="f8c6d118-8285-f0e3-6fcd-ab9b306bd086" executionId="07bfe192-0aae-4041-b7fd-27b95868b08c" testListId="8c84fa94-04c1-424b-9868-57a2d4851a1d" />
    <TestEntry testId="2a5faa5a-4d2a-07ee-d54a-0bde21ce290e" executionId="8271d48f-cf4c-441a-acac-0a7d27900776" testListId="8c84fa94-04c1-424b-9868-57a2d4851a1d" />
    <TestEntry testId="cfe3c6cb-f9cb-e7fb-76df-ae6bb4558124" executionId="3cffeef5-83b7-4aaf-a755-103fc4b29b77" testListId="8c84fa94-04c1-424b-9868-57a2d4851a1d" />
    <TestEntry testId="74fb065f-393b-c12e-b373-f932e00d2384" executionId="2d10b963-d797-4676-b3fb-73e85aeb690f" testListId="8c84fa94-04c1-424b-9868-57a2d4851a1d" />
    <TestEntry testId="5df45a42-ad77-4b51-e583-37d4d92a2e05" executionId="ab9efd97-afe9-4ecc-8fb3-13dba3526ab2" testListId="8c84fa94-04c1-424b-9868-57a2d4851a1d" />
    <TestEntry testId="8c888541-83a4-9bc7-1641-1c8a20e561de" executionId="ae496543-b43d-482c-ae5f-b94bc1b496a5" testListId="8c84fa94-04c1-424b-9868-57a2d4851a1d" />
    <TestEntry testId="6c4e1079-634b-6cb9-67f8-5b043265ef01" executionId="5dcbcb44-69d4-4bc4-ab59-c178da1b8cb8" testListId="8c84fa94-04c1-424b-9868-57a2d4851a1d" />
    <TestEntry testId="ba2fe975-537e-50f3-f754-c1766b4c62cf" executionId="d2ba328b-fda2-4ae9-9162-f95d8bb7c578" testListId="8c84fa94-04c1-424b-9868-57a2d4851a1d" />
    <TestEntry testId="9bc37241-2ce9-6c7d-e3bb-69d55d043fa0" executionId="0cca1f64-86df-4e76-833c-da1c381f7cdf" testListId="8c84fa94-04c1-424b-9868-57a2d4851a1d" />
    <TestEntry testId="69caa7bd-9c65-a490-43e7-fe3d9dae9c02" executionId="44b3aea3-61a7-4784-ba65-9481fb54fb92" testListId="8c84fa94-04c1-424b-9868-57a2d4851a1d" />
    <TestEntry testId="3537b0ed-bab1-c2f5-78f0-ffd787f9c64e" executionId="40a6036b-096d-46a3-9ecc-c902146fefba" testListId="8c84fa94-04c1-424b-9868-57a2d4851a1d" />
    <TestEntry testId="4e6e0a21-4db3-e860-7b53-c6aab6b891d5" executionId="ff831e29-0946-4774-97eb-59d83c1f4cff" testListId="8c84fa94-04c1-424b-9868-57a2d4851a1d" />
    <TestEntry testId="b66be048-67b6-a9ab-2817-6a378783d48c" executionId="19365254-6cfc-4291-a03f-710c28f1ec78" testListId="8c84fa94-04c1-424b-9868-57a2d4851a1d" />
    <TestEntry testId="99a2c369-4455-5d5f-a682-cac8c5476c10" executionId="40f27804-d95e-429f-b1f5-4646c054b813" testListId="8c84fa94-04c1-424b-9868-57a2d4851a1d" />
    <TestEntry testId="d7c8f7b5-c3b8-357d-b44b-90988bbf4f71" executionId="99474903-31e1-434a-97a9-926a92cbaab2" testListId="8c84fa94-04c1-424b-9868-57a2d4851a1d" />
    <TestEntry testId="3a9ab7c4-305b-e025-0b7a-1a16c88ced2d" executionId="f6bdf2f0-6f5e-46b9-b2f5-5723c567598b" testListId="8c84fa94-04c1-424b-9868-57a2d4851a1d" />
    <TestEntry testId="8f7ff48a-4c1e-4d61-fde9-42fc25934238" executionId="e8e04292-1b94-46b0-acd8-d2da194a4a05" testListId="8c84fa94-04c1-424b-9868-57a2d4851a1d" />
    <TestEntry testId="29e6f38a-3853-fdc3-b694-8eae6c353cec" executionId="301fb660-371a-4233-bd2e-3b3855cec25e" testListId="8c84fa94-04c1-424b-9868-57a2d4851a1d" />
    <TestEntry testId="21990a7c-5cca-9f6a-aea0-ace86ae84ccb" executionId="f84848d5-5226-44bd-8f33-21802190226c" testListId="8c84fa94-04c1-424b-9868-57a2d4851a1d" />
    <TestEntry testId="4ff82df3-2a8b-d871-a8b5-23e407fbce15" executionId="9c0d8e36-0fee-4e24-a08f-901efa044fb9" testListId="8c84fa94-04c1-424b-9868-57a2d4851a1d" />
    <TestEntry testId="ce110ec4-6807-151f-0f3f-e817293b8781" executionId="be0264c5-e6b0-490a-9811-b2232a17e6d7" testListId="8c84fa94-04c1-424b-9868-57a2d4851a1d" />
    <TestEntry testId="4e0d0548-af81-0df3-d0fa-d376255a5b9d" executionId="4b21e6ec-7a0c-4f8c-a381-6b6070b00f8e" testListId="8c84fa94-04c1-424b-9868-57a2d4851a1d" />
    <TestEntry testId="a50baded-3ebb-ce8a-a889-ba502cbb0aaf" executionId="88ad934d-3df9-4657-a392-ec611e22b52b" testListId="8c84fa94-04c1-424b-9868-57a2d4851a1d" />
    <TestEntry testId="2933f253-5c44-bde7-7981-7cb778f4736c" executionId="66cbe403-8d40-4dc1-8d7b-b8675de802a9" testListId="8c84fa94-04c1-424b-9868-57a2d4851a1d" />
    <TestEntry testId="f0713fbf-9795-fb87-dc72-78a566934f4f" executionId="12cb34df-3880-4e5b-932b-57a0d74b6e43" testListId="8c84fa94-04c1-424b-9868-57a2d4851a1d" />
    <TestEntry testId="5b70969d-3127-18e8-4abf-82acfd64a1f1" executionId="ce4305ce-f7f9-4794-9b45-1ed0e46f8340" testListId="8c84fa94-04c1-424b-9868-57a2d4851a1d" />
    <TestEntry testId="e276c011-d85d-887b-a451-4b05ec23be57" executionId="124e21dd-50b1-46c8-918a-1dc290085f57" testListId="8c84fa94-04c1-424b-9868-57a2d4851a1d" />
    <TestEntry testId="1cb9d42a-446e-6702-65e7-c0f68d134285" executionId="6aef1333-aa3a-41cc-8965-6643569fd599" testListId="8c84fa94-04c1-424b-9868-57a2d4851a1d" />
    <TestEntry testId="848fbea3-efed-1259-ade9-233ff86cddbc" executionId="222055a1-847d-491b-8877-45b89613fa57" testListId="8c84fa94-04c1-424b-9868-57a2d4851a1d" />
    <TestEntry testId="161cb7a5-dc79-fdb3-9773-7bfe9f340b13" executionId="2181ba09-9dae-4173-9850-4479c0343fab" testListId="8c84fa94-04c1-424b-9868-57a2d4851a1d" />
    <TestEntry testId="8de4d946-6548-473b-bb2c-33990e21615c" executionId="10ac4f78-08b4-427f-8c33-1755cac6a6db" testListId="8c84fa94-04c1-424b-9868-57a2d4851a1d" />
    <TestEntry testId="6f55bfdb-27a2-7e64-9be2-ed7620d4103c" executionId="92104310-9353-4d12-82b2-5a3c18169e60" testListId="8c84fa94-04c1-424b-9868-57a2d4851a1d" />
    <TestEntry testId="216ea651-5930-4d04-4c8e-010ba90c82f5" executionId="040d0678-b859-402d-817d-119159a894b8" testListId="8c84fa94-04c1-424b-9868-57a2d4851a1d" />
    <TestEntry testId="55029406-4511-58c6-dc46-df35de46509a" executionId="8e56d8ba-3117-49b3-9574-bec460f37059" testListId="8c84fa94-04c1-424b-9868-57a2d4851a1d" />
    <TestEntry testId="6c91472b-2bee-42f0-be91-5560cb8ef8bd" executionId="60cdf81e-5582-49b0-9f39-c4c86bb3db25" testListId="8c84fa94-04c1-424b-9868-57a2d4851a1d" />
    <TestEntry testId="5d3702d9-9a65-852b-004d-27341427f4f6" executionId="5486d694-b873-4526-bffc-3b6e9d8cd7d2" testListId="8c84fa94-04c1-424b-9868-57a2d4851a1d" />
    <TestEntry testId="255ed03d-88d1-ac23-e858-9c4051807dc7" executionId="86afffb4-31b5-4caa-ac4a-76280a1a05ca" testListId="8c84fa94-04c1-424b-9868-57a2d4851a1d" />
    <TestEntry testId="2e518224-3b0a-3d1b-9a76-50a35594c7ae" executionId="7ce28975-5842-4093-a446-f67daf797361" testListId="8c84fa94-04c1-424b-9868-57a2d4851a1d" />
    <TestEntry testId="e871c26a-04c9-313c-3a59-e1e9aa500c93" executionId="485543c0-0a41-4e8a-868e-926dbb8d4041" testListId="8c84fa94-04c1-424b-9868-57a2d4851a1d" />
    <TestEntry testId="aa3dcf33-9e0f-5175-b5ba-e865902bf797" executionId="aebdc08e-7c4c-4ccf-826a-b4371a4afa3c" testListId="8c84fa94-04c1-424b-9868-57a2d4851a1d" />
    <TestEntry testId="403d19c4-6761-052b-94ca-f86fc8efc73a" executionId="0ac9637d-9f3e-4ad8-87ee-c3000edcb8bd" testListId="8c84fa94-04c1-424b-9868-57a2d4851a1d" />
    <TestEntry testId="6e0480a2-e23c-3dae-1b00-9a923cff2450" executionId="18c868bd-6694-44b0-8599-eb9b9bcf4b49" testListId="8c84fa94-04c1-424b-9868-57a2d4851a1d" />
    <TestEntry testId="287ebacf-0654-b61a-0371-9b27449df053" executionId="5c6812eb-ddd0-495c-9828-6779b26e18cb" testListId="8c84fa94-04c1-424b-9868-57a2d4851a1d" />
    <TestEntry testId="616faad7-b5d9-993a-603a-ab6159c74652" executionId="da0c1ecc-1841-4fe1-854d-cfc42ea3dc3c" testListId="8c84fa94-04c1-424b-9868-57a2d4851a1d" />
    <TestEntry testId="6cc07460-5fb6-c713-1995-9f7347e597ba" executionId="4fc1beb1-907b-4f0e-a800-65a96b8aaf36" testListId="8c84fa94-04c1-424b-9868-57a2d4851a1d" />
    <TestEntry testId="4ed965d2-3dad-6d46-8308-17a2939d2380" executionId="afbe68d7-478e-4a95-a124-fbc0f6bb350a" testListId="8c84fa94-04c1-424b-9868-57a2d4851a1d" />
    <TestEntry testId="5f2deeb6-72a0-03d5-4777-41bc6c7a5176" executionId="6c469bfd-10af-4bd2-9765-cf9ade786e19" testListId="8c84fa94-04c1-424b-9868-57a2d4851a1d" />
    <TestEntry testId="7d57d405-1d8f-d3c4-d49c-d9bc6cffff8b" executionId="ef133716-363e-4bf9-bfda-c19a60f4528a" testListId="8c84fa94-04c1-424b-9868-57a2d4851a1d" />
    <TestEntry testId="96fc1885-37d5-b583-5c9d-58cc2bb7e2b6" executionId="e69e2de6-50ee-468e-9c70-f6c85747a267" testListId="8c84fa94-04c1-424b-9868-57a2d4851a1d" />
    <TestEntry testId="39a175cb-8470-7478-0559-74546990a78a" executionId="f9157c5c-b390-45cc-98d9-39d24ce78411" testListId="8c84fa94-04c1-424b-9868-57a2d4851a1d" />
    <TestEntry testId="61423e44-b30b-4fb9-613b-a441276074cb" executionId="8936d9e5-aaf8-40b4-a3d6-9e8d28118a8f" testListId="8c84fa94-04c1-424b-9868-57a2d4851a1d" />
    <TestEntry testId="1bfd024f-c9e2-76e3-155b-3c6ea8db6b6b" executionId="3c102caa-8b3f-4162-a8b4-ce43a6799b66" testListId="8c84fa94-04c1-424b-9868-57a2d4851a1d" />
    <TestEntry testId="5b8c6bfa-12fd-de38-151d-c13a681780e1" executionId="b91732da-7a99-4a7c-bed0-77ffd7b0a3d3" testListId="8c84fa94-04c1-424b-9868-57a2d4851a1d" />
    <TestEntry testId="6747fa71-994b-a5ca-90f4-678c091caece" executionId="4f5bc8ed-7c14-4fbc-a5f0-865b06e5529f" testListId="8c84fa94-04c1-424b-9868-57a2d4851a1d" />
    <TestEntry testId="003443bf-783a-2caf-ab98-33ae82136736" executionId="f106e02b-65a8-4b8f-987a-bf58b7354c5c" testListId="8c84fa94-04c1-424b-9868-57a2d4851a1d" />
    <TestEntry testId="282bfad2-7437-cfcb-0f6d-9824d48799ce" executionId="8fb03aca-d6cb-4ae9-8dd9-11ca6c1b8911" testListId="8c84fa94-04c1-424b-9868-57a2d4851a1d" />
    <TestEntry testId="b5a4087e-1bf3-a92c-626f-a642ce8f4fa4" executionId="04817ca3-39ff-4839-b549-37a27892590f" testListId="8c84fa94-04c1-424b-9868-57a2d4851a1d" />
    <TestEntry testId="5c483893-fa82-d878-b041-f216dab50b58" executionId="4a17653b-470a-40a0-8b64-28bda7cd18bc" testListId="8c84fa94-04c1-424b-9868-57a2d4851a1d" />
    <TestEntry testId="480742e5-a335-b984-3ef3-99064a4254c4" executionId="c98b4171-5134-4f1c-a9ae-5134a0b450d0" testListId="8c84fa94-04c1-424b-9868-57a2d4851a1d" />
    <TestEntry testId="6c30615a-35f0-23d2-2af1-7f5ba4d86cd0" executionId="40f380fd-c484-42dc-9a40-e2e071b6aee5" testListId="8c84fa94-04c1-424b-9868-57a2d4851a1d" />
    <TestEntry testId="d36c23d8-cd5d-0faf-c7e3-44ef6aa608bf" executionId="6063cad9-1883-43a9-804c-0516e3f572bd" testListId="8c84fa94-04c1-424b-9868-57a2d4851a1d" />
    <TestEntry testId="e01c2c3b-1921-8eb0-c672-b4392577f2dc" executionId="3f27d7a6-32e8-4de1-b371-c6dcd11182c7" testListId="8c84fa94-04c1-424b-9868-57a2d4851a1d" />
    <TestEntry testId="eb91c2e7-0cf8-390b-5e2b-dd836f3bbd8a" executionId="0a4acd3a-7e4d-4486-87c8-b830bd7e0464" testListId="8c84fa94-04c1-424b-9868-57a2d4851a1d" />
    <TestEntry testId="5f0ddcb8-e30e-8f66-7d14-631b65aaad0f" executionId="0441e772-0ec9-413d-9103-baea94c5e1d3" testListId="8c84fa94-04c1-424b-9868-57a2d4851a1d" />
    <TestEntry testId="7d08eb8a-1fa0-8b3e-ba01-15f4d3ef598b" executionId="b867265d-a045-4e41-9f6f-f35f72e59582" testListId="8c84fa94-04c1-424b-9868-57a2d4851a1d" />
    <TestEntry testId="40042172-ec16-8281-20ef-ba2c828df388" executionId="2df4185a-f45c-422f-a082-122626d70722" testListId="8c84fa94-04c1-424b-9868-57a2d4851a1d" />
    <TestEntry testId="6a6a1622-4a4e-805a-335a-6ccdb5d9a6de" executionId="b1484491-3b68-42b1-92c3-9b1ee8bd2832" testListId="8c84fa94-04c1-424b-9868-57a2d4851a1d" />
    <TestEntry testId="79827bb7-932f-70a1-ce8a-d8cee579280e" executionId="d59b33a8-fd04-46e0-9a73-6e5d9a190ad9" testListId="8c84fa94-04c1-424b-9868-57a2d4851a1d" />
    <TestEntry testId="9f9de1f0-fe21-a713-852c-588c6f9080dc" executionId="b18fae0c-d9ef-4ee3-ab07-94d77e1eaba6" testListId="8c84fa94-04c1-424b-9868-57a2d4851a1d" />
    <TestEntry testId="0c035c29-46b0-3b14-47fe-3dbb61a8aca4" executionId="406b0d9f-ef26-40fc-b450-7dfd71b45bc3" testListId="8c84fa94-04c1-424b-9868-57a2d4851a1d" />
    <TestEntry testId="39e39652-5abc-9b45-4a9e-09dc134d2d9e" executionId="d37bc196-bcd2-4d89-ae66-d8550c5e49a9" testListId="8c84fa94-04c1-424b-9868-57a2d4851a1d" />
    <TestEntry testId="48073f64-8607-75e8-4a6d-239cdf528320" executionId="321346a6-21bf-4200-b823-2d6ff062a52b" testListId="8c84fa94-04c1-424b-9868-57a2d4851a1d" />
    <TestEntry testId="4640a655-d9e1-2f2a-aa6d-6cdadf1e2c34" executionId="de3338e5-18db-4985-a985-48c08850088d" testListId="8c84fa94-04c1-424b-9868-57a2d4851a1d" />
    <TestEntry testId="75dc166b-6aaa-dfc7-7d3f-834ca55d7568" executionId="a10ee7b8-98f9-44dc-a89b-ce7c08564d73" testListId="8c84fa94-04c1-424b-9868-57a2d4851a1d" />
    <TestEntry testId="fc8d9af8-df11-31f7-cb7e-4ba7d3edc77c" executionId="4eb7a6a4-f71d-4fa0-bea2-885e49fa7cec" testListId="8c84fa94-04c1-424b-9868-57a2d4851a1d" />
    <TestEntry testId="181bb0ae-15a8-805b-2d7c-e0bee459e205" executionId="0104d2e2-edee-4bc5-9f34-748a57464146" testListId="8c84fa94-04c1-424b-9868-57a2d4851a1d" />
    <TestEntry testId="e9a955a7-9ffb-d751-ae47-723c138cf9a8" executionId="78a10a83-37a6-49d3-bf8a-6f9de5119012" testListId="8c84fa94-04c1-424b-9868-57a2d4851a1d" />
    <TestEntry testId="7b8d7a22-5ad4-8b4c-067c-e062e266a614" executionId="56499537-311d-4331-b6b7-d3688d4a663e" testListId="8c84fa94-04c1-424b-9868-57a2d4851a1d" />
    <TestEntry testId="77e7eb16-37aa-1a4c-c76f-b65b7044c57c" executionId="c0c55671-29e9-442f-b277-6351a8c89094" testListId="8c84fa94-04c1-424b-9868-57a2d4851a1d" />
    <TestEntry testId="52df723a-c1e8-d26c-e420-4811e9153678" executionId="81b08e71-3645-44f7-971a-4de41bddc2b7" testListId="8c84fa94-04c1-424b-9868-57a2d4851a1d" />
    <TestEntry testId="302be2d9-e67e-17ff-92a8-c4111efae5bb" executionId="d87e42f5-ae03-40ac-9916-f5bd302b5b39" testListId="8c84fa94-04c1-424b-9868-57a2d4851a1d" />
    <TestEntry testId="a1ad0f11-1acf-9951-e51b-5aa2d40e334d" executionId="624e054e-0880-4fbe-aef7-ce00066cd27b" testListId="8c84fa94-04c1-424b-9868-57a2d4851a1d" />
    <TestEntry testId="9174375c-0b3c-1055-5fb5-df8ca562869a" executionId="a51841e7-9b4c-413c-b2de-98570a44a5dd" testListId="8c84fa94-04c1-424b-9868-57a2d4851a1d" />
    <TestEntry testId="41090eae-0671-f825-92f0-3835cb20447f" executionId="19ef0e1b-470e-48e7-93f2-990d369002f3" testListId="8c84fa94-04c1-424b-9868-57a2d4851a1d" />
    <TestEntry testId="0a304703-e8a6-5773-ccd3-9414e37a01c6" executionId="ab232a8c-a054-4375-bfc1-ab59874bcbbe" testListId="8c84fa94-04c1-424b-9868-57a2d4851a1d" />
    <TestEntry testId="b3ce1882-0b30-f00e-0788-a6798983f21c" executionId="9c903f81-8f57-4d74-88f8-bef19b80c551" testListId="8c84fa94-04c1-424b-9868-57a2d4851a1d" />
    <TestEntry testId="6ca184c4-e9f1-dddc-05c6-3003f381a406" executionId="d0f709e8-de90-4337-bbaa-73ec786d3e75" testListId="8c84fa94-04c1-424b-9868-57a2d4851a1d" />
    <TestEntry testId="95b91c46-49e0-b980-ed58-7b03c4ecb41f" executionId="c6dccced-4547-48c1-8c4e-917bda3721bb" testListId="8c84fa94-04c1-424b-9868-57a2d4851a1d" />
    <TestEntry testId="4f52ce54-7eee-326c-5bf4-aa1c32cef3d2" executionId="cef62553-2871-45d0-9060-0042e851c890" testListId="8c84fa94-04c1-424b-9868-57a2d4851a1d" />
    <TestEntry testId="eb0ad89a-467e-5427-a85d-1b735871336e" executionId="0d59cf46-a0f7-4a2a-890e-375ba14135d3" testListId="8c84fa94-04c1-424b-9868-57a2d4851a1d" />
    <TestEntry testId="69b291bb-5a9f-ecaa-0be9-3fda0d5c8920" executionId="ce9d1928-6d20-4587-bc7a-e247a61794f3" testListId="8c84fa94-04c1-424b-9868-57a2d4851a1d" />
    <TestEntry testId="81dea3be-097f-0510-60ee-4ed801fd3da2" executionId="c446e2da-fe01-4463-9d90-0df3d80c4d86" testListId="8c84fa94-04c1-424b-9868-57a2d4851a1d" />
    <TestEntry testId="69724134-57a6-301e-1873-5f66721ff43d" executionId="60e29948-7209-4577-8b08-2bf69126b5cd" testListId="8c84fa94-04c1-424b-9868-57a2d4851a1d" />
    <TestEntry testId="d79a2c0a-beef-581c-8321-d33ace64639c" executionId="e6038834-1032-483b-8ec6-38cfe3c068b5" testListId="8c84fa94-04c1-424b-9868-57a2d4851a1d" />
    <TestEntry testId="f13c82e0-7392-33c2-2e26-3ec76e9d7308" executionId="9a04b061-4272-476b-9da1-fe8acff07b41" testListId="8c84fa94-04c1-424b-9868-57a2d4851a1d" />
    <TestEntry testId="0c4235b4-a2bc-0b8a-7c78-72fa60fd5d70" executionId="71b940b8-1d21-401c-a653-036f6d52a29b" testListId="8c84fa94-04c1-424b-9868-57a2d4851a1d" />
    <TestEntry testId="f0574140-05e7-8498-9329-657513183047" executionId="f5a311ae-8c78-4eaa-be83-e969265d6d31" testListId="8c84fa94-04c1-424b-9868-57a2d4851a1d" />
    <TestEntry testId="316e17c5-c5ba-ac81-4655-609abada5b0e" executionId="3338f712-b880-4529-9f78-b319fd652395" testListId="8c84fa94-04c1-424b-9868-57a2d4851a1d" />
    <TestEntry testId="cb49c7e8-ea4d-898f-49f3-d946b28a4ad3" executionId="22891a65-913d-4aad-b91a-ce9717cab9a5" testListId="8c84fa94-04c1-424b-9868-57a2d4851a1d" />
    <TestEntry testId="3183239c-49be-13db-94b9-ad8c4858d6b4" executionId="d236cf1a-f322-4b03-b72e-956f3ccb20b9" testListId="8c84fa94-04c1-424b-9868-57a2d4851a1d" />
    <TestEntry testId="f8170700-62ea-10e9-5b9a-cbd40a7cc0c2" executionId="7a10e7bd-c1f6-4b86-82d9-e1023d57f12f" testListId="8c84fa94-04c1-424b-9868-57a2d4851a1d" />
    <TestEntry testId="05a62926-3f5d-b1e6-9c77-b3c365f471b4" executionId="47e0a557-d9e2-4b50-b4fd-bd21762d7213" testListId="8c84fa94-04c1-424b-9868-57a2d4851a1d" />
    <TestEntry testId="6a3e1ea6-7efd-59c8-0079-ca724e40ddfa" executionId="90366973-32dd-47b1-9646-add69924e7ed" testListId="8c84fa94-04c1-424b-9868-57a2d4851a1d" />
    <TestEntry testId="5926ec70-f74b-dd0a-2ec6-8f5699757970" executionId="653e39fb-1f20-4cbd-9412-0f4272edd9e5" testListId="8c84fa94-04c1-424b-9868-57a2d4851a1d" />
    <TestEntry testId="8ae4fd12-f125-9f84-a866-c91316a2ebb5" executionId="5ef69a2b-4c8a-4b7c-97fb-8a3bb40576e3" testListId="8c84fa94-04c1-424b-9868-57a2d4851a1d" />
    <TestEntry testId="ac1bcad3-93cc-09b2-2596-dbc032c5565b" executionId="46c83086-76e5-4a35-b767-22aeda545580" testListId="8c84fa94-04c1-424b-9868-57a2d4851a1d" />
    <TestEntry testId="d7709714-e12a-f356-7edb-6e61b3dde0d3" executionId="a548790f-8907-4f48-bc5c-0f023cea4c0e" testListId="8c84fa94-04c1-424b-9868-57a2d4851a1d" />
    <TestEntry testId="f1130e59-d09d-ed7f-5879-209442de9d00" executionId="00e68af9-62c5-49e4-a097-c6ba8fd96b7f" testListId="8c84fa94-04c1-424b-9868-57a2d4851a1d" />
    <TestEntry testId="0d5af833-f41c-9353-5a95-8869d39f3279" executionId="c1ada827-ceb9-4d20-b5c1-ed116a7bba56" testListId="8c84fa94-04c1-424b-9868-57a2d4851a1d" />
    <TestEntry testId="b77c3d97-8779-ea19-5caf-381b3202e91f" executionId="26739f54-dea6-4d42-91ff-5c288cc5e5d6" testListId="8c84fa94-04c1-424b-9868-57a2d4851a1d" />
    <TestEntry testId="f477e06b-3d5f-bee0-38bd-bff285d6fa2d" executionId="2e2a130c-9d51-4859-834a-c62b1be03f27" testListId="8c84fa94-04c1-424b-9868-57a2d4851a1d" />
    <TestEntry testId="af4adf45-29e6-c2e3-2de7-876094d3ec0f" executionId="13b78b76-d068-4fe6-99d7-15c3a9e05655" testListId="8c84fa94-04c1-424b-9868-57a2d4851a1d" />
    <TestEntry testId="80691151-143c-52a8-bcbb-bd76651c398f" executionId="625fc937-27a0-4a77-9d4d-c0cc0ae0bf12" testListId="8c84fa94-04c1-424b-9868-57a2d4851a1d" />
    <TestEntry testId="88554170-5a60-2121-0eac-1e3a2f3be8b6" executionId="18b5d33b-17e8-494e-b88b-6b1a72cc6387" testListId="8c84fa94-04c1-424b-9868-57a2d4851a1d" />
    <TestEntry testId="142ab414-74a6-96fd-05b9-0c28a4a97a1c" executionId="b7239266-2d59-4c57-96ec-4863b3c354e2" testListId="8c84fa94-04c1-424b-9868-57a2d4851a1d" />
    <TestEntry testId="e5c5ad1e-516b-ba8f-d8b3-2dec54cb31d0" executionId="44d5bdc9-30bc-4223-88ed-25399c3e90a8" testListId="8c84fa94-04c1-424b-9868-57a2d4851a1d" />
    <TestEntry testId="29cca1e5-3b78-7eaf-e71e-89782af704c3" executionId="a9077dd5-0b8f-42f1-bac5-cfa70f945a3f" testListId="8c84fa94-04c1-424b-9868-57a2d4851a1d" />
    <TestEntry testId="f55a5996-a93a-395d-1d6d-59ff353ab40d" executionId="82c9f923-05c2-4786-9b53-250e1deb488f" testListId="8c84fa94-04c1-424b-9868-57a2d4851a1d" />
    <TestEntry testId="683a53b6-551e-df54-4350-749ad538bcf4" executionId="7c12c5c8-f208-4765-a738-c770dfcda4f0" testListId="8c84fa94-04c1-424b-9868-57a2d4851a1d" />
    <TestEntry testId="e45664ba-6fd5-244e-e12c-9f7d25f5bab2" executionId="48e60101-1032-4696-a49a-2d89d5a01042" testListId="8c84fa94-04c1-424b-9868-57a2d4851a1d" />
    <TestEntry testId="0095b07d-3265-ab2f-55ff-1bf773bfc729" executionId="90a26972-54dc-4972-8958-d01e5d379e81" testListId="8c84fa94-04c1-424b-9868-57a2d4851a1d" />
    <TestEntry testId="5e867a51-a9c3-4542-6de1-9d964cecbd2f" executionId="8c9254af-8549-4f27-9214-e5fef3d1e4c3" testListId="8c84fa94-04c1-424b-9868-57a2d4851a1d" />
    <TestEntry testId="4696a5ef-ce33-b72e-fbb0-317562b1441b" executionId="d06f84ea-320b-428d-819d-786853275fac" testListId="8c84fa94-04c1-424b-9868-57a2d4851a1d" />
    <TestEntry testId="21f636ef-9fca-a9cc-a5e8-ed3b8d49bb1b" executionId="a8dc7e53-cf84-4d88-82fa-878bc597c9c4" testListId="8c84fa94-04c1-424b-9868-57a2d4851a1d" />
    <TestEntry testId="877e5135-11a8-16d8-5c7f-380550c8faef" executionId="701fe92a-f25d-4432-b1c1-d7498b61df35" testListId="8c84fa94-04c1-424b-9868-57a2d4851a1d" />
    <TestEntry testId="4082b2e7-4ef8-8357-e9c1-61cc1deba8f1" executionId="85155a25-5863-4399-83f4-cfe8724900e9" testListId="8c84fa94-04c1-424b-9868-57a2d4851a1d" />
    <TestEntry testId="47ac3cbb-aa32-69aa-eb93-a86a9fb3bda6" executionId="58d0c6bd-e539-469c-a2ea-811b8b90601c" testListId="8c84fa94-04c1-424b-9868-57a2d4851a1d" />
    <TestEntry testId="c63d86c2-9f73-d877-b5a0-7d8de8f2034a" executionId="2f2614e9-9a44-4ffd-9f5e-490e3a821e1e" testListId="8c84fa94-04c1-424b-9868-57a2d4851a1d" />
    <TestEntry testId="720227b8-85bc-42b5-d668-3a0e2ec59857" executionId="b8e0f714-088d-4353-847a-6c183262d4cb" testListId="8c84fa94-04c1-424b-9868-57a2d4851a1d" />
    <TestEntry testId="814b5ffa-2707-b100-271f-17785605b035" executionId="555261f4-b5fb-4005-babb-ba9c254edd8b" testListId="8c84fa94-04c1-424b-9868-57a2d4851a1d" />
    <TestEntry testId="08c2404b-62c9-aae9-50d9-31907f1c5884" executionId="4a4dec9d-ae20-42d8-ba82-ed98e9e2f822" testListId="8c84fa94-04c1-424b-9868-57a2d4851a1d" />
    <TestEntry testId="5394a606-f7a5-621f-bc3e-a3055ecabf7b" executionId="271168e0-3a85-46aa-a876-796c6430e81c" testListId="8c84fa94-04c1-424b-9868-57a2d4851a1d" />
    <TestEntry testId="1b7433fc-720c-62b6-538b-08680d59707a" executionId="9b188f3b-912e-4cba-b3a1-331427ffd3c1" testListId="8c84fa94-04c1-424b-9868-57a2d4851a1d" />
    <TestEntry testId="9adece2e-f07c-eacf-8535-ac8dd30d5196" executionId="51b3e76e-2fa5-4b8d-90cf-9e0b190b0e27" testListId="8c84fa94-04c1-424b-9868-57a2d4851a1d" />
    <TestEntry testId="9e3c7df3-c05a-1a65-1b15-9b73dc7da4b9" executionId="eaf09504-d0c4-4d8e-b952-60b46c31f6eb" testListId="8c84fa94-04c1-424b-9868-57a2d4851a1d" />
    <TestEntry testId="83532c81-6d36-55f5-0752-3600785002fe" executionId="c022c7b5-86e1-4e8d-a9ee-e6fb36b5b81c" testListId="8c84fa94-04c1-424b-9868-57a2d4851a1d" />
    <TestEntry testId="93aea425-0484-f765-45a1-23486e2d2574" executionId="36a19c37-7dce-4355-9743-11a5c7b6d894" testListId="8c84fa94-04c1-424b-9868-57a2d4851a1d" />
    <TestEntry testId="3b79bcb2-9c96-0857-98b5-47d890c00284" executionId="17fc5a51-1f06-465d-9e23-bed87addd77a" testListId="8c84fa94-04c1-424b-9868-57a2d4851a1d" />
    <TestEntry testId="e3280519-58dc-2950-b834-1a3c0ded5167" executionId="af2ff620-e05f-4046-96da-dd6dc15ffbe3" testListId="8c84fa94-04c1-424b-9868-57a2d4851a1d" />
    <TestEntry testId="7f421944-18a1-cd49-28b2-c2eb69df927a" executionId="97e77b4a-70f7-4562-a3be-247901ab4269" testListId="8c84fa94-04c1-424b-9868-57a2d4851a1d" />
    <TestEntry testId="5483ec0e-d8d4-5849-fd6d-6dcc2b8e4eb1" executionId="7cc99c2b-9327-4a1e-ad50-98b331bc0042" testListId="8c84fa94-04c1-424b-9868-57a2d4851a1d" />
    <TestEntry testId="84f1d4b1-bb44-6663-b053-ada892b94f8c" executionId="1d0a56c0-2794-4dbb-8b8b-ee387a7d0d0b" testListId="8c84fa94-04c1-424b-9868-57a2d4851a1d" />
    <TestEntry testId="f207283b-9414-41e7-9954-6e5cbf42bdec" executionId="f971310c-d06e-4b6e-935c-2f38eba0d23d" testListId="8c84fa94-04c1-424b-9868-57a2d4851a1d" />
    <TestEntry testId="853a1028-490c-1729-f33f-53860c4d5e46" executionId="b234f709-0ad9-4175-ab2e-8333438b8211" testListId="8c84fa94-04c1-424b-9868-57a2d4851a1d" />
    <TestEntry testId="f5771f47-72bb-2b74-51a1-2368d016e1ff" executionId="a1f6b6a9-b83c-4077-a466-4934005961c4" testListId="8c84fa94-04c1-424b-9868-57a2d4851a1d" />
    <TestEntry testId="9d5e7ccc-a83c-de0a-d9b5-9a6494150899" executionId="9f7415f3-d730-460e-9450-fa29e214c1ba" testListId="8c84fa94-04c1-424b-9868-57a2d4851a1d" />
    <TestEntry testId="92019c40-aeec-d92d-3b94-82ab04bad7ea" executionId="47df80ff-8e88-4ce8-9e6f-270bcfa3626c" testListId="8c84fa94-04c1-424b-9868-57a2d4851a1d" />
    <TestEntry testId="bcb69bb9-380e-15f5-1853-2cf4976f1fae" executionId="64608365-6e5e-4d8d-98a5-ac28c29bd7cf" testListId="8c84fa94-04c1-424b-9868-57a2d4851a1d" />
    <TestEntry testId="2d85723d-d3b9-157a-79e0-814a5b206e52" executionId="c9752346-aa22-4b8b-b930-cf56bc73d5d5" testListId="8c84fa94-04c1-424b-9868-57a2d4851a1d" />
    <TestEntry testId="b36a204b-6bba-e0c3-200f-59df401add70" executionId="e250fc7d-f471-4fec-9b48-b951d338f6bd" testListId="8c84fa94-04c1-424b-9868-57a2d4851a1d" />
    <TestEntry testId="be96acaf-c981-ee90-0d44-8c6bb765af2e" executionId="d87ea398-3d16-4d69-9727-1260d6f5ead9" testListId="8c84fa94-04c1-424b-9868-57a2d4851a1d" />
    <TestEntry testId="fad3615d-b120-c546-2daf-144e1c4fd08c" executionId="229b137a-5721-445f-bcf1-b7d9b1a111a7" testListId="8c84fa94-04c1-424b-9868-57a2d4851a1d" />
    <TestEntry testId="3725ed9d-fa75-4215-a7b8-4a32f173aba8" executionId="6ac0d9f5-0853-469f-ae03-9f24ba19b08f" testListId="8c84fa94-04c1-424b-9868-57a2d4851a1d" />
    <TestEntry testId="7673e8ff-411c-906d-a457-e8d11f56e8fc" executionId="d0c82f9b-50e5-4917-a943-c3d67497c0c0" testListId="8c84fa94-04c1-424b-9868-57a2d4851a1d" />
    <TestEntry testId="7a517512-31db-43a3-ae7d-6a5e831b689f" executionId="3ed25c30-db1a-4b17-8eed-046b6fbeff08" testListId="8c84fa94-04c1-424b-9868-57a2d4851a1d" />
    <TestEntry testId="3549a63c-f3bb-0bf5-9803-5ce3032e3912" executionId="2f3f2c77-dda4-4ab1-b302-07e6bb5612ac" testListId="8c84fa94-04c1-424b-9868-57a2d4851a1d" />
    <TestEntry testId="fff38a50-6978-73d7-97be-0090cd17e9f4" executionId="dbb5fd31-a23c-49d2-9d33-6971fd95e291" testListId="8c84fa94-04c1-424b-9868-57a2d4851a1d" />
    <TestEntry testId="7b538466-a97b-e9ac-673d-c16af3cbdd43" executionId="c4f1ee14-e98b-45e5-b25c-e955b9c53dc8" testListId="8c84fa94-04c1-424b-9868-57a2d4851a1d" />
    <TestEntry testId="d8323f7b-b6f4-aef1-d95d-3f7a76da7d37" executionId="7c5029ba-8e17-41e6-8731-0083f616a9f2" testListId="8c84fa94-04c1-424b-9868-57a2d4851a1d" />
    <TestEntry testId="a8611396-3b36-50d1-03e4-055ad4e763e2" executionId="f64d554a-84d1-4c1b-be4a-d26a835f55a3" testListId="8c84fa94-04c1-424b-9868-57a2d4851a1d" />
    <TestEntry testId="975fe394-e7da-977e-affb-fec2f1b47edd" executionId="456a6d6b-6f27-4007-8f5a-3f46049e2282" testListId="8c84fa94-04c1-424b-9868-57a2d4851a1d" />
    <TestEntry testId="3b7ba422-b9d0-2025-80df-e1fbf4f7c10c" executionId="36c82506-0fcf-4eec-b787-ee3d23040eab" testListId="8c84fa94-04c1-424b-9868-57a2d4851a1d" />
    <TestEntry testId="fdaf6464-8a8c-65cb-0f1d-55fdb4d37cc5" executionId="735a2e70-18a7-4d1e-b3ec-c56af525bc3f" testListId="8c84fa94-04c1-424b-9868-57a2d4851a1d" />
    <TestEntry testId="32684739-aece-8133-523b-5437cf00c332" executionId="fba11b59-ecfa-45e2-8ccb-fdd302dd1a52" testListId="8c84fa94-04c1-424b-9868-57a2d4851a1d" />
    <TestEntry testId="3c540af4-349e-bde0-27be-ef5bab204a0c" executionId="0f6b589a-de4f-4aa6-bde7-5b971ab04df5" testListId="8c84fa94-04c1-424b-9868-57a2d4851a1d" />
    <TestEntry testId="b67f05c3-f268-37f5-0e44-5c83fb1f84fb" executionId="3623fb28-6089-4f7a-9226-a1bd0a90a640" testListId="8c84fa94-04c1-424b-9868-57a2d4851a1d" />
    <TestEntry testId="e5859f74-ea44-74ff-47ac-165a13d29c4e" executionId="20bc12ad-7501-4d08-b5b0-5201c24371df" testListId="8c84fa94-04c1-424b-9868-57a2d4851a1d" />
    <TestEntry testId="9d0e765b-206d-289c-6c70-026befa2bf08" executionId="5f512707-40fe-49c8-87dd-d1bd492db981" testListId="8c84fa94-04c1-424b-9868-57a2d4851a1d" />
    <TestEntry testId="c02a12a3-eb79-001a-eceb-d655add22afb" executionId="fae5fea8-d2a1-4470-b386-5337220b5290" testListId="8c84fa94-04c1-424b-9868-57a2d4851a1d" />
    <TestEntry testId="2e4b145d-b268-b7b6-608f-1595b9bea834" executionId="357c8855-7d23-4beb-9d81-764327d65719" testListId="8c84fa94-04c1-424b-9868-57a2d4851a1d" />
    <TestEntry testId="98f90aa5-a4eb-5d57-00bb-d3f86c10a7cf" executionId="6297eb9e-54f0-4732-9f58-059503e39b86" testListId="8c84fa94-04c1-424b-9868-57a2d4851a1d" />
    <TestEntry testId="4cb93273-3097-1b0d-7b2a-2bef26f68fd7" executionId="90998c78-db5b-4e30-8b54-6936e6079836" testListId="8c84fa94-04c1-424b-9868-57a2d4851a1d" />
    <TestEntry testId="3d768b9a-c4ab-bbaf-9f45-9650c89ece8c" executionId="f0c3f258-acaf-4212-be64-11c4c4859548" testListId="8c84fa94-04c1-424b-9868-57a2d4851a1d" />
    <TestEntry testId="a83ddcd3-28fa-aab5-89ca-a841306de32e" executionId="0597aa1f-e4e3-4a5b-9df7-5996d1aa613c" testListId="8c84fa94-04c1-424b-9868-57a2d4851a1d" />
    <TestEntry testId="2cbe5417-e99d-1e00-1b6f-0c1dfa4276fa" executionId="d04bb3e4-334d-496d-bacb-11cec1d49128" testListId="8c84fa94-04c1-424b-9868-57a2d4851a1d" />
    <TestEntry testId="12900eb4-3074-c08c-c57e-89a65a2ed93b" executionId="7f4bb094-796e-4287-ad7f-8f541902bae9" testListId="8c84fa94-04c1-424b-9868-57a2d4851a1d" />
    <TestEntry testId="e50414de-0354-82ef-9f8b-66fe1fd6787f" executionId="e290ee45-44b7-4f7d-985c-d72fcd458fff" testListId="8c84fa94-04c1-424b-9868-57a2d4851a1d" />
    <TestEntry testId="2f051a86-ec7d-2716-11ce-6dcd168e6855" executionId="1a0c2a9a-c32c-4819-8075-162863633ce4" testListId="8c84fa94-04c1-424b-9868-57a2d4851a1d" />
    <TestEntry testId="8b7b7561-ae52-30ee-a733-a8ffe04da06d" executionId="b222f229-c277-49e5-9766-6604c3a96e4b" testListId="8c84fa94-04c1-424b-9868-57a2d4851a1d" />
    <TestEntry testId="b8768c0b-ea25-073c-58b6-a26a7c43957a" executionId="b04c6764-2566-4a07-a69d-e41a10d34493" testListId="8c84fa94-04c1-424b-9868-57a2d4851a1d" />
    <TestEntry testId="f8b35697-a784-9611-59fe-4de3db35410f" executionId="0072b9c8-c310-42b7-be21-62b9ac00ba3c" testListId="8c84fa94-04c1-424b-9868-57a2d4851a1d" />
    <TestEntry testId="676d6765-26c4-35f0-cf62-f14803cb820f" executionId="ce01f58c-02a1-4eee-b4a1-08f355aa5904" testListId="8c84fa94-04c1-424b-9868-57a2d4851a1d" />
    <TestEntry testId="35638a06-e900-359a-f48b-e666ac30a863" executionId="8442f281-a755-4d6d-99ba-cf421fc9d013" testListId="8c84fa94-04c1-424b-9868-57a2d4851a1d" />
    <TestEntry testId="c2318fc6-5106-8e75-97ea-6cec983c0b4a" executionId="eee83379-78fe-4e5c-ac19-601a372fe425" testListId="8c84fa94-04c1-424b-9868-57a2d4851a1d" />
    <TestEntry testId="34c8f6ea-a53e-f99f-4a93-1184a0ffea1e" executionId="60a54bf8-0e71-42c1-a9f9-a006c8c9cdd6" testListId="8c84fa94-04c1-424b-9868-57a2d4851a1d" />
    <TestEntry testId="3d5fbdc9-3b58-e0e1-df82-cbbc53938b74" executionId="d3226455-2dd2-4adf-8345-ecaedd8a89ce" testListId="8c84fa94-04c1-424b-9868-57a2d4851a1d" />
    <TestEntry testId="4226b713-abd5-c748-6b0f-bf6bae6ee882" executionId="51e75078-44a3-46eb-9c5a-5a7ce4decb80" testListId="8c84fa94-04c1-424b-9868-57a2d4851a1d" />
    <TestEntry testId="459baa70-2775-96e9-04a2-c39b866a77c2" executionId="56a39141-6b51-4c1e-890e-0f948dee3c5a" testListId="8c84fa94-04c1-424b-9868-57a2d4851a1d" />
    <TestEntry testId="6e899d16-ba0b-ff6c-59ed-edc365ee0288" executionId="d0d2fea0-61b9-4f10-bfdb-466107b3b06f" testListId="8c84fa94-04c1-424b-9868-57a2d4851a1d" />
    <TestEntry testId="6cb345b8-8fe9-acca-a881-28eabc3423b0" executionId="576e2e01-405a-4b3b-9654-e2439be998d5" testListId="8c84fa94-04c1-424b-9868-57a2d4851a1d" />
    <TestEntry testId="58df3a5a-211f-7463-8db4-a6f841f19890" executionId="f2b5aa22-9099-4557-9a74-f9d182f4b370" testListId="8c84fa94-04c1-424b-9868-57a2d4851a1d" />
    <TestEntry testId="9bc25798-954f-516b-bc34-264993749262" executionId="b51f6277-a452-4e58-ac90-079ffeb5c420" testListId="8c84fa94-04c1-424b-9868-57a2d4851a1d" />
    <TestEntry testId="366317f0-6bff-0005-2442-754d5f63303e" executionId="6274c768-149a-4773-9c49-8823fc2afb51" testListId="8c84fa94-04c1-424b-9868-57a2d4851a1d" />
    <TestEntry testId="9b50ae46-74c2-0e66-4e47-9cab9e38eccf" executionId="66aa5d92-72db-4d3d-9102-03ab34323ffd" testListId="8c84fa94-04c1-424b-9868-57a2d4851a1d" />
    <TestEntry testId="007d7452-e937-5060-143d-1f8bb76c1ca0" executionId="17cf8b35-86b9-4999-a4a4-bc21e9ff3c58" testListId="8c84fa94-04c1-424b-9868-57a2d4851a1d" />
    <TestEntry testId="57f8a2f6-de67-a92d-3675-f9cfbc8e65a2" executionId="ccda273d-857b-484b-97ed-c0560456f5d9" testListId="8c84fa94-04c1-424b-9868-57a2d4851a1d" />
    <TestEntry testId="a788033e-bd92-31f1-6a8c-3336c6034218" executionId="ef179334-01ba-4186-b31e-d71c3432410a" testListId="8c84fa94-04c1-424b-9868-57a2d4851a1d" />
    <TestEntry testId="47b82896-45a0-a4a5-9d50-f3fbe1a7464b" executionId="6bf469df-64e2-4695-911e-1f3da81c4c3e" testListId="8c84fa94-04c1-424b-9868-57a2d4851a1d" />
    <TestEntry testId="c30f375d-bb42-6c2b-5206-9699f2408f8e" executionId="a794fa5c-f098-4eb8-92a8-4c06c3e6bbf4" testListId="8c84fa94-04c1-424b-9868-57a2d4851a1d" />
    <TestEntry testId="6f8b2a13-eda3-0198-f134-c98d4de05918" executionId="f35b0f45-ea47-4201-9eed-a37ec33d512d" testListId="8c84fa94-04c1-424b-9868-57a2d4851a1d" />
    <TestEntry testId="3543a2c9-757e-2f45-d5df-15b9a0ae61c4" executionId="935e14cc-98cd-474f-bb53-a68150fdbdd7" testListId="8c84fa94-04c1-424b-9868-57a2d4851a1d" />
    <TestEntry testId="ecfd8baf-76be-e64b-eeab-b52cc7f1657d" executionId="abd4c1af-9599-42d0-8e1a-efb140f91a74" testListId="8c84fa94-04c1-424b-9868-57a2d4851a1d" />
    <TestEntry testId="629283eb-6177-d626-a123-9129821a348b" executionId="1254b4e7-bf10-4cd6-a4f9-8afc3da165e4" testListId="8c84fa94-04c1-424b-9868-57a2d4851a1d" />
    <TestEntry testId="3eafc5cf-27e0-505e-a974-21909a6ec104" executionId="95ec9bc4-6e6a-493e-93c1-c770ef5549ac" testListId="8c84fa94-04c1-424b-9868-57a2d4851a1d" />
    <TestEntry testId="efe6f1f1-276f-48ab-2ff8-8d09cfa65408" executionId="c692136b-61d2-4f66-b697-b1396a3f651f" testListId="8c84fa94-04c1-424b-9868-57a2d4851a1d" />
    <TestEntry testId="d912bce0-3671-c8d0-96d4-0f06af9e2253" executionId="82ebb2e6-5ade-4172-8b2a-dbc42dc34db8" testListId="8c84fa94-04c1-424b-9868-57a2d4851a1d" />
    <TestEntry testId="867b7719-8272-a309-02c4-493cf6c3a6c5" executionId="d1ba56de-019e-400f-ac39-2baa88f5cde9" testListId="8c84fa94-04c1-424b-9868-57a2d4851a1d" />
    <TestEntry testId="7e5098ca-337c-500f-febe-1538d90cbf3b" executionId="00b7e929-dd45-4885-a6b1-374a044d6749" testListId="8c84fa94-04c1-424b-9868-57a2d4851a1d" />
    <TestEntry testId="60d50c97-5182-9a55-77f0-c93956e2a219" executionId="60a2187d-6048-4791-a98d-d3a94d2521f4" testListId="8c84fa94-04c1-424b-9868-57a2d4851a1d" />
    <TestEntry testId="4bab1271-a1c2-887f-6fbf-41dd45181049" executionId="94ef2912-6904-4f63-8632-6e8b0ca88e4c" testListId="8c84fa94-04c1-424b-9868-57a2d4851a1d" />
    <TestEntry testId="dac940c8-7974-39d2-69a3-556042fa8985" executionId="75a36a6c-eb5c-459d-afb3-daca7fc290b8" testListId="8c84fa94-04c1-424b-9868-57a2d4851a1d" />
    <TestEntry testId="9186ebd9-ad74-9a93-7846-3306a04539b9" executionId="82375c31-e00d-4a85-99b3-b2520101880e" testListId="8c84fa94-04c1-424b-9868-57a2d4851a1d" />
    <TestEntry testId="8f0bef6f-7b97-da84-7a3f-0c88521dd779" executionId="819fa659-5e06-4557-b0b4-e2f4a8456d13" testListId="8c84fa94-04c1-424b-9868-57a2d4851a1d" />
    <TestEntry testId="ef807e78-f429-6b6c-27f3-a7216cb3bccc" executionId="48d7e0ee-4636-480c-b325-ea5bd9e6e47c" testListId="8c84fa94-04c1-424b-9868-57a2d4851a1d" />
    <TestEntry testId="c95181fb-a469-7e1a-e0b7-34c883e587b6" executionId="094b040f-d788-4abb-9a4c-2326f0930b3a" testListId="8c84fa94-04c1-424b-9868-57a2d4851a1d" />
    <TestEntry testId="2446aa42-9f87-998d-b9e3-20d1c568d1b1" executionId="7c729967-c02a-4315-a971-a94ff5acf922" testListId="8c84fa94-04c1-424b-9868-57a2d4851a1d" />
    <TestEntry testId="7313386a-5d26-9aa2-0acf-f3c0e885a30b" executionId="49dc63d0-1d8d-4d06-94da-ca154c179094" testListId="8c84fa94-04c1-424b-9868-57a2d4851a1d" />
    <TestEntry testId="328622fb-d298-7a58-c8df-ac1300e888a2" executionId="40f4bd39-9e57-4c3d-a067-09f6ec175efa" testListId="8c84fa94-04c1-424b-9868-57a2d4851a1d" />
    <TestEntry testId="5fc26d7f-904c-f092-0a78-2a57fde6bffe" executionId="2e3da338-bee0-4583-b9e1-327338533e4f" testListId="8c84fa94-04c1-424b-9868-57a2d4851a1d" />
    <TestEntry testId="c8755625-971f-3215-9a42-f4870a9948c6" executionId="8ff90144-dca2-4b25-8f34-91c0b435c435" testListId="8c84fa94-04c1-424b-9868-57a2d4851a1d" />
    <TestEntry testId="02dc116f-8b19-4672-020d-011c8a6b46a7" executionId="bd955694-4137-437f-8bba-9526ba6b9309" testListId="8c84fa94-04c1-424b-9868-57a2d4851a1d" />
    <TestEntry testId="f3647307-8fa1-ea9a-d61e-ff0e0e3b3c0f" executionId="b62e208a-7040-4166-a06a-3f615676b0cd" testListId="8c84fa94-04c1-424b-9868-57a2d4851a1d" />
    <TestEntry testId="17a80196-cc70-f363-61a5-e5d1b115cb9c" executionId="b492d297-24d1-42b9-b504-d466ec384c09" testListId="8c84fa94-04c1-424b-9868-57a2d4851a1d" />
    <TestEntry testId="b20a0e51-1563-a968-27f7-785c41b1392c" executionId="5af9479c-0fae-46c7-b63b-96e96c8635bf" testListId="8c84fa94-04c1-424b-9868-57a2d4851a1d" />
    <TestEntry testId="14dff083-c9f6-edb1-f839-0afb5426adcd" executionId="06f92886-9622-43e5-8419-41f5f386558c" testListId="8c84fa94-04c1-424b-9868-57a2d4851a1d" />
    <TestEntry testId="9f9f5600-a201-c1c7-8801-7f54257744c2" executionId="97fb9597-c143-4b1f-b992-9a1d224a8bee" testListId="8c84fa94-04c1-424b-9868-57a2d4851a1d" />
    <TestEntry testId="fe09da01-1fdc-84de-24ce-f3ff05ac9669" executionId="630e02bc-9d49-4713-aafc-b65976994505" testListId="8c84fa94-04c1-424b-9868-57a2d4851a1d" />
    <TestEntry testId="ad77e077-f60b-047c-5056-ff5f5b8ab833" executionId="0467015f-9ffe-4f3c-8f09-0a53ab54d0a5" testListId="8c84fa94-04c1-424b-9868-57a2d4851a1d" />
    <TestEntry testId="40d7ff11-e73a-2f04-0d03-5c1ccdae7938" executionId="2edf7035-020b-4e56-8738-8a88dbccfd04" testListId="8c84fa94-04c1-424b-9868-57a2d4851a1d" />
    <TestEntry testId="196d6ce2-55a5-ba7c-0853-11dff621fc56" executionId="16e7f6bf-d803-43a1-874a-7d99cec02ff1" testListId="8c84fa94-04c1-424b-9868-57a2d4851a1d" />
    <TestEntry testId="3afc9177-ad93-b9af-75ec-7097ea116058" executionId="fd210ac3-2a84-4b70-9f83-9077acd4366c" testListId="8c84fa94-04c1-424b-9868-57a2d4851a1d" />
    <TestEntry testId="1e299a37-0f21-4ef3-9262-0e3c73eced5f" executionId="c2c574da-ab02-4101-9e8e-e9d078b7e2a3" testListId="8c84fa94-04c1-424b-9868-57a2d4851a1d" />
    <TestEntry testId="ce6e61f0-02b6-b566-1b38-58cf8c7eddc5" executionId="35dea53f-ee6d-4d1a-9853-dc173b0b9428" testListId="8c84fa94-04c1-424b-9868-57a2d4851a1d" />
    <TestEntry testId="970a1107-4220-944c-48b9-92f435716a22" executionId="56a23193-ba01-46b9-a051-e8d733f15777" testListId="8c84fa94-04c1-424b-9868-57a2d4851a1d" />
    <TestEntry testId="f440d74d-4659-d24e-4f36-0923af04b8c4" executionId="31f6a135-4a5c-4a92-945b-46d9f925cf80" testListId="8c84fa94-04c1-424b-9868-57a2d4851a1d" />
    <TestEntry testId="fec56cd7-fb5f-0c08-56f9-cb7ab79fe2c6" executionId="d68e0893-0cba-4809-b580-23a9945dfb85" testListId="8c84fa94-04c1-424b-9868-57a2d4851a1d" />
    <TestEntry testId="53fcdc6f-1a53-2c37-03c9-02277540dcfe" executionId="d9426d27-7598-4549-94cb-2314dd960ec5" testListId="8c84fa94-04c1-424b-9868-57a2d4851a1d" />
    <TestEntry testId="092d3db4-bd27-e826-9b24-629c17ea85e9" executionId="e906a29c-df83-4fe6-ab0d-7039096320ab" testListId="8c84fa94-04c1-424b-9868-57a2d4851a1d" />
    <TestEntry testId="e262bede-1020-7909-9238-a0d4967d85cc" executionId="ac6b4dde-bace-4d99-bac7-46e9744b3bb8" testListId="8c84fa94-04c1-424b-9868-57a2d4851a1d" />
    <TestEntry testId="4b5a73e9-cab1-5370-0e7f-190c57a4b5c3" executionId="ede6aa5d-b2a5-4c5a-974f-26e1e9421b1b" testListId="8c84fa94-04c1-424b-9868-57a2d4851a1d" />
    <TestEntry testId="92d40d22-aa79-198f-78bb-e1b4434c8a26" executionId="b6a77351-6f7c-4845-8526-40f05ed30002" testListId="8c84fa94-04c1-424b-9868-57a2d4851a1d" />
    <TestEntry testId="c5d177fc-0ecf-39b8-b3e2-28dbec2edf0d" executionId="7b5ed2ee-7ff7-4d87-9137-51665cde69c2" testListId="8c84fa94-04c1-424b-9868-57a2d4851a1d" />
    <TestEntry testId="a738a1c0-e979-fed3-ccac-c70172ed8a79" executionId="c2012947-3838-4760-b589-8fb7d3629d88" testListId="8c84fa94-04c1-424b-9868-57a2d4851a1d" />
    <TestEntry testId="2510cad0-dba4-2567-1491-42328e012c5c" executionId="caf54dd5-0ba2-41e6-afa3-d15c7605604e" testListId="8c84fa94-04c1-424b-9868-57a2d4851a1d" />
    <TestEntry testId="c5f6a300-0605-66f5-f86b-813f6490bc39" executionId="b2977bd4-9cca-4112-b8da-27864507a242" testListId="8c84fa94-04c1-424b-9868-57a2d4851a1d" />
    <TestEntry testId="77384db3-4321-1fbc-042f-30de6613acfa" executionId="0c9d9bcb-2e39-4f1d-838a-fb46a5493469" testListId="8c84fa94-04c1-424b-9868-57a2d4851a1d" />
    <TestEntry testId="51ec0946-f9f5-840d-31a4-2c42c422cf9d" executionId="0e3ae288-86ea-4902-a771-a3b1e62bf046" testListId="8c84fa94-04c1-424b-9868-57a2d4851a1d" />
    <TestEntry testId="e899062e-6894-38dc-a3d4-ea350524792f" executionId="5d6f1648-38c2-4bcb-91db-931af862c4ce" testListId="8c84fa94-04c1-424b-9868-57a2d4851a1d" />
    <TestEntry testId="db5a89db-b439-9b2a-f537-73650ad78de0" executionId="436d81ea-de7b-414e-b3b7-95c5c3061ab8" testListId="8c84fa94-04c1-424b-9868-57a2d4851a1d" />
    <TestEntry testId="82de464a-226b-a43c-456d-d1097e73d4b7" executionId="48fecd05-7889-4c7f-9e8e-e33d76da27bf" testListId="8c84fa94-04c1-424b-9868-57a2d4851a1d" />
    <TestEntry testId="c81ea6a6-3b8e-410c-61f2-eae488d7b049" executionId="c908339c-cd40-48d3-9fdc-6f5264ca7472" testListId="8c84fa94-04c1-424b-9868-57a2d4851a1d" />
    <TestEntry testId="2b1673d0-6185-d718-2fae-b7ac1df7bc45" executionId="c71d5b8c-87ae-4428-9b53-d5ab1ab5403a" testListId="8c84fa94-04c1-424b-9868-57a2d4851a1d" />
    <TestEntry testId="5fc823fd-951f-33c2-2110-b44d10b1fd32" executionId="01c2c04a-993b-409e-986d-3418882eb2bd" testListId="8c84fa94-04c1-424b-9868-57a2d4851a1d" />
    <TestEntry testId="196b7b60-dc92-32c5-65a3-05ea8cf6b621" executionId="987ed669-2ce3-4328-9a43-cf42d9a29972" testListId="8c84fa94-04c1-424b-9868-57a2d4851a1d" />
    <TestEntry testId="2e4c0694-a653-ff92-e2b6-e4f3118f07d1" executionId="a0e79e48-b35a-4adb-a049-2e3ea90b0245" testListId="8c84fa94-04c1-424b-9868-57a2d4851a1d" />
    <TestEntry testId="96bd226b-7335-f1a5-f645-19034cd2d19c" executionId="b9619e6f-9172-4109-b5ef-c64f1f79bac6" testListId="8c84fa94-04c1-424b-9868-57a2d4851a1d" />
    <TestEntry testId="4218853d-609e-8179-fbd8-9f18a53333b1" executionId="b304b0f7-52fa-42ac-bb23-19ae563ba4b2" testListId="8c84fa94-04c1-424b-9868-57a2d4851a1d" />
    <TestEntry testId="b464d5e7-77bb-f039-0989-ac134c6ef40c" executionId="1884cc39-5918-4097-8861-2e26c58eef45" testListId="8c84fa94-04c1-424b-9868-57a2d4851a1d" />
    <TestEntry testId="a7df0caf-e635-8a6b-7a7a-cb512aedeaf2" executionId="b14a3b58-c4cd-4555-8232-7f657dfabe3c" testListId="8c84fa94-04c1-424b-9868-57a2d4851a1d" />
    <TestEntry testId="4e15999a-f878-fa2f-0422-7bd030ec8a62" executionId="81b63979-8613-43f0-b3ba-820d6c3655cb" testListId="8c84fa94-04c1-424b-9868-57a2d4851a1d" />
    <TestEntry testId="8afde5b1-f025-bdd0-f9a8-e3e3069652fa" executionId="97e60720-fbe8-476c-b34c-6cae7cd646a4" testListId="8c84fa94-04c1-424b-9868-57a2d4851a1d" />
    <TestEntry testId="9f43f0fd-4cab-8122-ca5d-4f18042da626" executionId="1739d9ca-1b6f-4671-9d83-39b86660eaca" testListId="8c84fa94-04c1-424b-9868-57a2d4851a1d" />
    <TestEntry testId="1162632b-d466-d9f8-290c-74cce54c50a7" executionId="3f1377c7-541e-4410-a6c2-ebd970738b72" testListId="8c84fa94-04c1-424b-9868-57a2d4851a1d" />
    <TestEntry testId="82f1b943-0634-06f5-65fb-059c120c860b" executionId="a4800631-31e2-43e5-b2fd-381f34094556" testListId="8c84fa94-04c1-424b-9868-57a2d4851a1d" />
    <TestEntry testId="eb96c93f-d168-6c94-29ee-9fee3c31ed29" executionId="b74eb559-a6e7-4f6e-8d7c-73cdd85fe773" testListId="8c84fa94-04c1-424b-9868-57a2d4851a1d" />
    <TestEntry testId="9238f544-c615-304b-16e5-15a92d1d94ec" executionId="3ceeba94-47f7-4558-8e9a-c885f93946c0" testListId="8c84fa94-04c1-424b-9868-57a2d4851a1d" />
    <TestEntry testId="217c72ec-29ce-d3de-11dc-4adfccfa3970" executionId="5b8996d2-2706-4d88-b63a-d1a3a44d8b18" testListId="8c84fa94-04c1-424b-9868-57a2d4851a1d" />
    <TestEntry testId="3edeb166-83d3-2beb-133d-ac8b60db8b5a" executionId="db9d9ae5-5080-4381-9956-a686fc73c79b" testListId="8c84fa94-04c1-424b-9868-57a2d4851a1d" />
    <TestEntry testId="fe18ee17-d285-ef9a-d3a8-64994317ac0f" executionId="37d21b55-f517-47fc-a306-c9db82b64862" testListId="8c84fa94-04c1-424b-9868-57a2d4851a1d" />
    <TestEntry testId="19cca489-0f1c-201a-a555-2398cee95895" executionId="7998a770-4793-46bc-a1c0-d6a5f3ee3ffb" testListId="8c84fa94-04c1-424b-9868-57a2d4851a1d" />
    <TestEntry testId="3683a355-39c4-d715-ff87-e30621906b12" executionId="d2085778-3a45-44d3-acd7-f68deddfcac5" testListId="8c84fa94-04c1-424b-9868-57a2d4851a1d" />
    <TestEntry testId="f43867cd-0b2f-6df4-761d-a58f20129501" executionId="6ab52644-ae3b-4d35-9f9e-6046db96d5e2" testListId="8c84fa94-04c1-424b-9868-57a2d4851a1d" />
    <TestEntry testId="22025405-4164-9e68-7325-572d01c97c5d" executionId="8cb17917-71e0-4a8e-803f-f909409204e1" testListId="8c84fa94-04c1-424b-9868-57a2d4851a1d" />
    <TestEntry testId="b215ab59-8b07-a2e4-c7ff-6b309cf82bd3" executionId="1921ca67-6826-413b-ba71-c0c5ea8633ea" testListId="8c84fa94-04c1-424b-9868-57a2d4851a1d" />
    <TestEntry testId="bcb794be-5164-aa37-82b9-4f97d40df88b" executionId="3c040d24-2553-4bc5-8dcf-145f9dc590f6" testListId="8c84fa94-04c1-424b-9868-57a2d4851a1d" />
    <TestEntry testId="53bb8678-03b7-4bbc-dee8-5dab70b705f3" executionId="d21db5f1-9dd1-4e79-8737-3268e58195c8" testListId="8c84fa94-04c1-424b-9868-57a2d4851a1d" />
    <TestEntry testId="db101ea6-5520-5369-0787-ca894017242c" executionId="b7f620be-b350-4871-85d9-c26d7f9b3fee" testListId="8c84fa94-04c1-424b-9868-57a2d4851a1d" />
    <TestEntry testId="a6a84474-a7e5-fd38-f41a-bd1ab5de1d1c" executionId="b368f87b-ceb9-4935-8117-c74ebbbb2b4d" testListId="8c84fa94-04c1-424b-9868-57a2d4851a1d" />
    <TestEntry testId="caed0eb2-fa06-9d39-a5dd-a22dfd378302" executionId="52610f35-818e-4e47-8931-60d7709033d6" testListId="8c84fa94-04c1-424b-9868-57a2d4851a1d" />
    <TestEntry testId="31fa06ab-d5a3-b57b-1725-ae41e6861f7a" executionId="3998a9da-cb7e-47ee-826a-2a1fcf26c387" testListId="8c84fa94-04c1-424b-9868-57a2d4851a1d" />
    <TestEntry testId="adbefa0c-7967-f778-545f-1fa2bfdb9eb8" executionId="5abc2bbb-0260-4ae3-b1fb-d5bb15455bad" testListId="8c84fa94-04c1-424b-9868-57a2d4851a1d" />
    <TestEntry testId="04edf3a2-5fe7-091f-aa74-ced4a831b2e3" executionId="7bb83335-f0e2-4f9d-9f96-38da512ca2ed" testListId="8c84fa94-04c1-424b-9868-57a2d4851a1d" />
    <TestEntry testId="aa3b852f-cc11-9ed5-e993-0c70235b4caf" executionId="c63207c6-aed8-4e81-a678-aad1f05d6b8b" testListId="8c84fa94-04c1-424b-9868-57a2d4851a1d" />
    <TestEntry testId="91fa945e-534a-024b-68c1-09481e2cfed7" executionId="15755574-cd15-4fea-adfa-6e783df2cb27" testListId="8c84fa94-04c1-424b-9868-57a2d4851a1d" />
    <TestEntry testId="bcd34259-a5fc-b188-f42e-4264b24f96a5" executionId="323576d5-f62b-4f21-bf1a-af2563838b49" testListId="8c84fa94-04c1-424b-9868-57a2d4851a1d" />
    <TestEntry testId="83f36d15-72a9-2497-69c3-ee0d968aa3e0" executionId="5887cee7-6698-460a-bb5a-8ae03518c0dd" testListId="8c84fa94-04c1-424b-9868-57a2d4851a1d" />
    <TestEntry testId="1aef1e14-ab3d-a461-ee80-f27b864ed7cf" executionId="da5ea290-681f-4646-9acd-0e9cd97867b2" testListId="8c84fa94-04c1-424b-9868-57a2d4851a1d" />
    <TestEntry testId="590adee5-50f6-084e-de58-916930d7bbd1" executionId="6a5ed5a3-abec-4fda-aba4-51d4f553bbb8" testListId="8c84fa94-04c1-424b-9868-57a2d4851a1d" />
    <TestEntry testId="2d699352-85d4-4161-4113-cf7cd0a1a389" executionId="309581c1-b8dc-438b-87ef-de54cd9f132a" testListId="8c84fa94-04c1-424b-9868-57a2d4851a1d" />
    <TestEntry testId="b4c47432-3ddc-de7f-ab8e-61663e8bfca7" executionId="1d477697-a63a-4009-a5de-8eac6b971229" testListId="8c84fa94-04c1-424b-9868-57a2d4851a1d" />
    <TestEntry testId="9af04cd0-e415-7c62-a390-eb66c8800892" executionId="0753ae5b-9bc6-409e-98aa-5f34ccf499c5" testListId="8c84fa94-04c1-424b-9868-57a2d4851a1d" />
    <TestEntry testId="482d096c-04ac-3c68-313a-e6e7131ab958" executionId="851f36bc-8baf-4c33-9f43-9eb837e746f0" testListId="8c84fa94-04c1-424b-9868-57a2d4851a1d" />
    <TestEntry testId="8cc00ae9-19cf-450b-5f01-0eafc1f1b5e6" executionId="4719438c-b83c-4b69-ab52-df248d467ad1" testListId="8c84fa94-04c1-424b-9868-57a2d4851a1d" />
    <TestEntry testId="d64ab112-e469-9b4c-1a0e-3d4f82051157" executionId="34c4ad1e-a0ca-4900-81c2-9e1558b41ef8" testListId="8c84fa94-04c1-424b-9868-57a2d4851a1d" />
    <TestEntry testId="1c68a643-0b2a-59da-b10f-67013d7542a4" executionId="3dddfdf4-ca00-40ac-82cd-47516522ccf2" testListId="8c84fa94-04c1-424b-9868-57a2d4851a1d" />
    <TestEntry testId="17b70409-028a-c834-68fe-79b67f3b9ce1" executionId="f9a765de-9803-464b-ab03-7cfc777f7e5a" testListId="8c84fa94-04c1-424b-9868-57a2d4851a1d" />
    <TestEntry testId="2f80f069-ce89-152d-e7bd-c7d7ec2af756" executionId="8fe1c62b-d85e-49c2-88ff-397eb1e3142a" testListId="8c84fa94-04c1-424b-9868-57a2d4851a1d" />
    <TestEntry testId="cbd44fa0-1841-feeb-ba6f-9b2a2996baf7" executionId="69e80dab-2e13-4406-955e-917a2ce117aa" testListId="8c84fa94-04c1-424b-9868-57a2d4851a1d" />
    <TestEntry testId="bf393bf9-bf79-37d7-7774-a2b1668179ce" executionId="968d90f2-0e8c-4ed8-a9ca-dde3fdd3a991" testListId="8c84fa94-04c1-424b-9868-57a2d4851a1d" />
    <TestEntry testId="1a0432b7-1115-58b0-0702-0af7a644ff96" executionId="0638883a-51fe-4a56-a878-57fb0f6aee41" testListId="8c84fa94-04c1-424b-9868-57a2d4851a1d" />
    <TestEntry testId="fb02144e-cda0-e59f-9f1c-b8472ef40372" executionId="23a148bf-fd31-4c84-ac4e-b2c64df7c9fa" testListId="8c84fa94-04c1-424b-9868-57a2d4851a1d" />
    <TestEntry testId="a70f8697-e19f-f996-8516-2d37ef5660ce" executionId="5d4c55cb-d448-49b8-84a8-95ec7b0dcb7c" testListId="8c84fa94-04c1-424b-9868-57a2d4851a1d" />
    <TestEntry testId="d5f79c47-ffc8-b440-c71d-83b2bd2cd7bc" executionId="15c230ab-9ccb-4e03-b6c5-26729b79c55e" testListId="8c84fa94-04c1-424b-9868-57a2d4851a1d" />
    <TestEntry testId="d2f79be1-f1ca-d801-4182-02bc9225c1f3" executionId="3023e503-bdda-4d12-8a76-e58b8474dbf7" testListId="8c84fa94-04c1-424b-9868-57a2d4851a1d" />
    <TestEntry testId="1de81a3f-8399-6f86-0d78-6acfb9de4fe1" executionId="bcff1d13-6cf7-486c-a46a-d46dcdd2a873" testListId="8c84fa94-04c1-424b-9868-57a2d4851a1d" />
    <TestEntry testId="28b68190-b011-28ce-504a-915eec13872f" executionId="b3af59c3-1fca-4c69-8cdd-f853b74bb9aa" testListId="8c84fa94-04c1-424b-9868-57a2d4851a1d" />
    <TestEntry testId="f635a4e1-91b8-ff28-8263-826b96571943" executionId="bfafd08f-8e11-41a3-90c9-f2cabe8ebbd3" testListId="8c84fa94-04c1-424b-9868-57a2d4851a1d" />
    <TestEntry testId="40143769-ff20-ceb9-24f7-34372f2ce35e" executionId="04652c52-9c77-4f6a-97b5-42321247d3a0" testListId="8c84fa94-04c1-424b-9868-57a2d4851a1d" />
    <TestEntry testId="625315d5-1f96-d3e3-d395-5255152d1261" executionId="1bf71995-aa34-4b7e-b5bd-6025c8176149" testListId="8c84fa94-04c1-424b-9868-57a2d4851a1d" />
    <TestEntry testId="fc81d74d-15cc-c700-6394-437f323a77ac" executionId="7352e244-2af4-4742-a00d-66c4559cb4b2" testListId="8c84fa94-04c1-424b-9868-57a2d4851a1d" />
    <TestEntry testId="d4672541-c440-0312-b1b6-4a3b3137f111" executionId="9385cf8c-ea52-4275-9f44-52cf56e41150" testListId="8c84fa94-04c1-424b-9868-57a2d4851a1d" />
    <TestEntry testId="1423f0fc-351d-9fc1-c88f-cdbed4df034d" executionId="04ba8bf3-5ade-47dd-b7d4-eb1c553058dd" testListId="8c84fa94-04c1-424b-9868-57a2d4851a1d" />
    <TestEntry testId="a3943f49-80f0-e3b2-4adc-f5f0898d59a9" executionId="9eef0c73-5b89-4f3c-9ca0-272e5f5d6974" testListId="8c84fa94-04c1-424b-9868-57a2d4851a1d" />
    <TestEntry testId="8a968789-0dc2-016b-d399-35b032ba8d33" executionId="b134e384-0add-4dba-ac7e-5e3677a65dd2" testListId="8c84fa94-04c1-424b-9868-57a2d4851a1d" />
    <TestEntry testId="fdb2e25c-b946-3dee-a267-27396896444e" executionId="b1343cfa-e679-4214-9b0c-34d141626739" testListId="8c84fa94-04c1-424b-9868-57a2d4851a1d" />
    <TestEntry testId="4040e00f-72b8-0774-cd66-78bbbbf80ed4" executionId="c0082cc4-4696-4b45-8ea9-6e555d226c93" testListId="8c84fa94-04c1-424b-9868-57a2d4851a1d" />
    <TestEntry testId="dc983584-c031-7d34-88ae-0f42c4fbfcba" executionId="0bf25a13-1f9e-4351-8b83-07c5ff785691" testListId="8c84fa94-04c1-424b-9868-57a2d4851a1d" />
    <TestEntry testId="73ccba10-4792-a7c4-8757-e19ab0cf3e8a" executionId="5030353d-1824-4e76-a7e7-7f50658a40a9" testListId="8c84fa94-04c1-424b-9868-57a2d4851a1d" />
    <TestEntry testId="13a1c7cf-0e07-1cf0-d642-53c48e767830" executionId="989f170e-e84e-40c4-a6cc-bd3778d2feb5" testListId="8c84fa94-04c1-424b-9868-57a2d4851a1d" />
    <TestEntry testId="12a32e54-5254-1490-859a-b6053824e69f" executionId="0c4e431c-ac51-4d92-8758-c0fd7641a7f8" testListId="8c84fa94-04c1-424b-9868-57a2d4851a1d" />
    <TestEntry testId="b7e6ffb7-96f3-825d-2d34-d16deaf080f1" executionId="07a3407d-29ab-4075-a892-59c3a29583eb" testListId="8c84fa94-04c1-424b-9868-57a2d4851a1d" />
    <TestEntry testId="0a229eec-1f6b-5c21-27f6-5257de8d66d5" executionId="c226264c-4c01-48ab-b410-c452f1fa800a" testListId="8c84fa94-04c1-424b-9868-57a2d4851a1d" />
    <TestEntry testId="087d8f88-fcff-1c56-9396-984308af2b08" executionId="ada873b5-7838-4271-a334-f8eee5853309" testListId="8c84fa94-04c1-424b-9868-57a2d4851a1d" />
    <TestEntry testId="bf97e7b3-ad23-5ac0-29a6-925724141bd2" executionId="bf903d55-f503-4167-a1f5-9dc7e7440c5e" testListId="8c84fa94-04c1-424b-9868-57a2d4851a1d" />
    <TestEntry testId="f78c516b-19b5-6162-b927-304c88d19605" executionId="cd668941-7621-4830-848c-2733af9653a1" testListId="8c84fa94-04c1-424b-9868-57a2d4851a1d" />
    <TestEntry testId="c58415fd-06be-8de0-12b6-8b886c39540c" executionId="998f2ab7-11fb-4557-ae32-6a343e32a135" testListId="8c84fa94-04c1-424b-9868-57a2d4851a1d" />
    <TestEntry testId="43b79d3c-aeeb-5633-2f01-4138af819202" executionId="80d1c603-4d62-4042-b6e9-508fe2f27a4d" testListId="8c84fa94-04c1-424b-9868-57a2d4851a1d" />
    <TestEntry testId="bdfc419e-7b06-ae56-1790-4aecf9839ca8" executionId="07bc38e1-b875-4f2e-a3b0-49003e0d7886" testListId="8c84fa94-04c1-424b-9868-57a2d4851a1d" />
    <TestEntry testId="ec103471-4d87-2a17-10f9-3da97d31d9bc" executionId="02a16bf1-b920-404d-8496-cb6cd0b87fd5" testListId="8c84fa94-04c1-424b-9868-57a2d4851a1d" />
    <TestEntry testId="81432b5a-0a92-dee0-84a6-365867d576ce" executionId="3664a39e-2c3e-4325-893b-96dae4672882" testListId="8c84fa94-04c1-424b-9868-57a2d4851a1d" />
    <TestEntry testId="006c22c6-5988-a575-a69c-6419c30f7084" executionId="9b774175-08a3-4242-a867-3d15985c18c0" testListId="8c84fa94-04c1-424b-9868-57a2d4851a1d" />
    <TestEntry testId="d2412a1a-4841-40cf-9656-805a3328669f" executionId="0f8e154b-4bdd-48ba-8a74-0b509891dfef" testListId="8c84fa94-04c1-424b-9868-57a2d4851a1d" />
    <TestEntry testId="3cd2c9df-7251-60fe-ac0d-70ffb25e5f5c" executionId="d316df61-bb81-4b23-8ee5-93ef03f22a8b" testListId="8c84fa94-04c1-424b-9868-57a2d4851a1d" />
    <TestEntry testId="c745b49e-0b06-9050-ea27-f3fe6be9c9a3" executionId="8d256f83-a5ed-4c1a-9d9c-b45991c63714" testListId="8c84fa94-04c1-424b-9868-57a2d4851a1d" />
    <TestEntry testId="8d7ffd3c-c613-fdd4-5501-a0aadc600b6a" executionId="c28eb3a0-942a-4bf0-8b02-dd4b869d5b59" testListId="8c84fa94-04c1-424b-9868-57a2d4851a1d" />
    <TestEntry testId="820c4f0e-05b4-2838-625c-3833faffc573" executionId="30236622-8f11-427d-b56d-4d254d73fba6" testListId="8c84fa94-04c1-424b-9868-57a2d4851a1d" />
    <TestEntry testId="c5fc564f-4bc6-94b2-c436-be6d6db5efb0" executionId="611b72a6-37d4-4166-a51e-0bcd160ce956" testListId="8c84fa94-04c1-424b-9868-57a2d4851a1d" />
    <TestEntry testId="83e2d380-8332-fbbf-f333-d8c513c140de" executionId="977d7591-e1f4-4743-b922-1fab4c5d26fd" testListId="8c84fa94-04c1-424b-9868-57a2d4851a1d" />
    <TestEntry testId="caecfbcd-42a1-0bf6-8888-3ba079be496e" executionId="b29132d1-377e-4e36-aacd-f027815811e1" testListId="8c84fa94-04c1-424b-9868-57a2d4851a1d" />
    <TestEntry testId="b6afd48c-caef-4c2d-99db-4083ef9a58f8" executionId="de0b7a4e-2eb7-4174-9ede-3a42a6787959" testListId="8c84fa94-04c1-424b-9868-57a2d4851a1d" />
    <TestEntry testId="76fe9faa-4618-ea82-de42-cef87ef7ab6f" executionId="56efa83c-d2bc-48d6-b557-2cfef95b66c4" testListId="8c84fa94-04c1-424b-9868-57a2d4851a1d" />
    <TestEntry testId="0962b052-25b5-015e-e85d-065851746177" executionId="aef3b95f-b741-4a1b-83ec-f14281a4187f" testListId="8c84fa94-04c1-424b-9868-57a2d4851a1d" />
    <TestEntry testId="eff664ce-e42b-59e4-d1d2-9f9c8951c7c9" executionId="3d4a88bf-f88b-437a-8a89-1db7e20c9e11" testListId="8c84fa94-04c1-424b-9868-57a2d4851a1d" />
    <TestEntry testId="99236272-2706-b2dd-eb36-1d46b6e282f0" executionId="5f32df21-7888-40ed-bb41-3dc5e047e915" testListId="8c84fa94-04c1-424b-9868-57a2d4851a1d" />
    <TestEntry testId="602edd5b-ab04-6baa-7d5b-bfedbcb3d92f" executionId="3cd8dc3f-e2d3-40c9-bab2-78649f54005c" testListId="8c84fa94-04c1-424b-9868-57a2d4851a1d" />
    <TestEntry testId="b48ffaf8-bc78-a6ec-3880-be95cfae8c19" executionId="885d942c-caef-4954-bc6f-9c0fef00cfdb" testListId="8c84fa94-04c1-424b-9868-57a2d4851a1d" />
    <TestEntry testId="d4e1f88d-41ce-084a-764a-04bbb509148d" executionId="3bd0eb2e-16ef-4464-b3bd-077fe140934d" testListId="8c84fa94-04c1-424b-9868-57a2d4851a1d" />
    <TestEntry testId="82acd130-2fd0-0ba2-61ee-17254e47c79e" executionId="9320477a-cf47-4d56-b784-5d1558d81d9d" testListId="8c84fa94-04c1-424b-9868-57a2d4851a1d" />
    <TestEntry testId="b1281940-f7f8-63c3-f3ba-f29258f117ee" executionId="0e5820dc-2540-4b51-9488-2fab1bd58102" testListId="8c84fa94-04c1-424b-9868-57a2d4851a1d" />
    <TestEntry testId="722cd6e6-520c-c38c-565b-863e1072acd7" executionId="7af2c06d-9f6e-4723-a8ee-0af849c1c49b" testListId="8c84fa94-04c1-424b-9868-57a2d4851a1d" />
    <TestEntry testId="3b9f54eb-8de3-b189-bbd7-8852b278301c" executionId="9157a8f6-4eea-4555-914b-c741cfa77210" testListId="8c84fa94-04c1-424b-9868-57a2d4851a1d" />
    <TestEntry testId="5e4370a9-e725-b06f-f680-a7ac00d166d5" executionId="9cbd1e9e-408d-4e88-88a2-76367e510c59" testListId="8c84fa94-04c1-424b-9868-57a2d4851a1d" />
    <TestEntry testId="f1c5c84e-f344-d115-dd3e-ea9e05107ade" executionId="1194459a-f901-4791-9b6d-8114f0743a91" testListId="8c84fa94-04c1-424b-9868-57a2d4851a1d" />
    <TestEntry testId="b931607b-ba65-f0fe-f4b5-565ebc4e7bc9" executionId="de3f85cb-c759-4a71-96a0-639c262fff68" testListId="8c84fa94-04c1-424b-9868-57a2d4851a1d" />
    <TestEntry testId="55e9949d-742f-dcb9-0b57-6b46d153ec62" executionId="8bdb231e-bf05-450c-9a98-814f2a0ec6b9" testListId="8c84fa94-04c1-424b-9868-57a2d4851a1d" />
    <TestEntry testId="9748d62b-1280-e0ee-352c-e19a548ff90e" executionId="0940bba5-5287-47e5-97f3-84ccc8c6ab91" testListId="8c84fa94-04c1-424b-9868-57a2d4851a1d" />
    <TestEntry testId="27e7e791-ddf6-23ac-f33f-a414200d8fd4" executionId="bbf7df79-235f-4dd9-99fe-9fa2a9df864f" testListId="8c84fa94-04c1-424b-9868-57a2d4851a1d" />
    <TestEntry testId="05ae02b1-5669-b205-ae3e-0f20a2128d81" executionId="2340e566-3260-41f5-a4da-f7a9253e50dd" testListId="8c84fa94-04c1-424b-9868-57a2d4851a1d" />
    <TestEntry testId="2f8e678b-4650-b4bf-8f5f-1e968fcf762f" executionId="539aae25-2fd0-44c2-b793-f1a17e75aab5" testListId="8c84fa94-04c1-424b-9868-57a2d4851a1d" />
    <TestEntry testId="ad900887-b256-3109-2599-8d9a6433bb2e" executionId="2df8974c-da14-4251-a9d5-4857586d69e1" testListId="8c84fa94-04c1-424b-9868-57a2d4851a1d" />
    <TestEntry testId="80646168-bc5f-2e48-0309-c13793f0df62" executionId="58f211a3-8ff8-436e-accf-64a60bd8085b" testListId="8c84fa94-04c1-424b-9868-57a2d4851a1d" />
    <TestEntry testId="17386706-45ae-d62e-68a0-1c2563136f66" executionId="ae41321a-48cd-40d9-bb9d-d6da69ea6a8b" testListId="8c84fa94-04c1-424b-9868-57a2d4851a1d" />
    <TestEntry testId="7ed5bc42-f48f-e144-df67-ea61a8761ea2" executionId="79e05879-c091-4476-b392-05d354609aed" testListId="8c84fa94-04c1-424b-9868-57a2d4851a1d" />
    <TestEntry testId="8868fdb5-6923-2dd5-4325-73d75faf269d" executionId="98c1651d-0ba8-4427-99d7-fbeb45047083" testListId="8c84fa94-04c1-424b-9868-57a2d4851a1d" />
    <TestEntry testId="bc5b4279-4cbd-3d1b-6c3c-43a92a980df8" executionId="69e78052-f26d-4f6f-a1cf-06a985938463" testListId="8c84fa94-04c1-424b-9868-57a2d4851a1d" />
    <TestEntry testId="8a8b8b7a-b160-2bcf-4182-3505e77285c7" executionId="7c0a48da-2d68-4953-b953-7b47fe8f2495" testListId="8c84fa94-04c1-424b-9868-57a2d4851a1d" />
    <TestEntry testId="a00a85f6-c83e-9567-9587-55100932b603" executionId="1546c538-ee18-4063-92c4-6eeb6d34e06b" testListId="8c84fa94-04c1-424b-9868-57a2d4851a1d" />
    <TestEntry testId="4e65ecd1-811d-e85b-e491-b23053ef27c3" executionId="66ee52a0-230a-4895-a4eb-31a23467427c" testListId="8c84fa94-04c1-424b-9868-57a2d4851a1d" />
    <TestEntry testId="a0eb5310-291b-8863-e084-f56ae7a156c4" executionId="b8898ac9-b754-4526-a488-aa5d6c0a4d1b" testListId="8c84fa94-04c1-424b-9868-57a2d4851a1d" />
    <TestEntry testId="da2d786f-538e-7702-aa12-98bb27105cae" executionId="b277a9c3-93df-4d50-985c-83bbd4a9d18c" testListId="8c84fa94-04c1-424b-9868-57a2d4851a1d" />
    <TestEntry testId="599c52c0-7569-f4bd-5624-e58ca7f44e96" executionId="5d0ae1a1-dbe0-443f-a1c5-e4163849e481" testListId="8c84fa94-04c1-424b-9868-57a2d4851a1d" />
    <TestEntry testId="35b8885e-5e8d-9b1a-cab6-d81ac88a9066" executionId="742d180f-cf07-43f3-8a6f-f71ac3b81cba" testListId="8c84fa94-04c1-424b-9868-57a2d4851a1d" />
    <TestEntry testId="8a12688d-cfc8-14f7-74f6-6916940ca70e" executionId="59881eb4-7d87-4912-80bd-da2cf537307e" testListId="8c84fa94-04c1-424b-9868-57a2d4851a1d" />
    <TestEntry testId="b1290e8a-3650-3b20-9f96-245bcab7ff4e" executionId="98fc81aa-cd8d-4092-81d7-9a94cc3a09a4" testListId="8c84fa94-04c1-424b-9868-57a2d4851a1d" />
    <TestEntry testId="7be779a3-329d-c2a3-df19-b7f10f5274d9" executionId="bb753574-19e9-4e33-9c93-af81368139c5" testListId="8c84fa94-04c1-424b-9868-57a2d4851a1d" />
    <TestEntry testId="9eb26002-4ff4-481e-a0be-51994ffd6d3b" executionId="ad6df588-d234-46e5-bf81-fe0fda4ca164" testListId="8c84fa94-04c1-424b-9868-57a2d4851a1d" />
    <TestEntry testId="bf17b87c-01a5-a0d1-ddda-1055022da487" executionId="2d38fc11-ee9b-497a-b8e3-8b7b2dedae95" testListId="8c84fa94-04c1-424b-9868-57a2d4851a1d" />
    <TestEntry testId="44c2b30a-73d1-23ad-9948-fc56edd29d71" executionId="e9734771-df97-4bb6-a63b-4dbd03697560" testListId="8c84fa94-04c1-424b-9868-57a2d4851a1d" />
    <TestEntry testId="28203906-87b7-67ae-2629-b9a0fb52b6d8" executionId="71d3be55-c119-44bb-afc0-06c1cf4c27d0" testListId="8c84fa94-04c1-424b-9868-57a2d4851a1d" />
    <TestEntry testId="e128d051-1d7b-50a9-7f94-b558f761b014" executionId="cc9c7fab-7f2e-4b55-8984-9c3ab4a26279" testListId="8c84fa94-04c1-424b-9868-57a2d4851a1d" />
    <TestEntry testId="4664ecd0-4892-f47b-b43e-af8c61996ac8" executionId="8bdcdde2-45c7-4d4c-9ec8-4a12b5d7c4a9" testListId="8c84fa94-04c1-424b-9868-57a2d4851a1d" />
    <TestEntry testId="627aed26-e2b4-f50f-e572-71b44329f602" executionId="18549cc4-c186-428c-8329-aa14094b27e1" testListId="8c84fa94-04c1-424b-9868-57a2d4851a1d" />
    <TestEntry testId="fba9da05-8511-2781-6ba7-33f97bdf4e79" executionId="0384dd69-7611-4386-9927-acb98940c591" testListId="8c84fa94-04c1-424b-9868-57a2d4851a1d" />
    <TestEntry testId="ac2e1c3f-04fd-ad3c-2e2f-8a8d42842b44" executionId="5f0032a2-43d9-443d-8c43-9eceee2fcdb9" testListId="8c84fa94-04c1-424b-9868-57a2d4851a1d" />
    <TestEntry testId="ffa17173-c9f9-35db-0b79-586ccedd5675" executionId="d4f787f9-8d4c-489d-a4a2-b0336d8c1c4c" testListId="8c84fa94-04c1-424b-9868-57a2d4851a1d" />
    <TestEntry testId="e2b2e85e-40bb-ee45-19ac-a85354ec2aff" executionId="6e34ac66-c83d-4660-8959-d3861ae4fd19" testListId="8c84fa94-04c1-424b-9868-57a2d4851a1d" />
    <TestEntry testId="91c71e42-f716-f1a3-a456-b6b83f89c8d2" executionId="0da31569-8cb4-4846-9d63-9d43ae3a4cf4" testListId="8c84fa94-04c1-424b-9868-57a2d4851a1d" />
    <TestEntry testId="dc2c84c8-44bb-4ef8-69bb-c08aa54f4e45" executionId="c869b639-c313-41e3-b306-6599fc50517f" testListId="8c84fa94-04c1-424b-9868-57a2d4851a1d" />
    <TestEntry testId="f45f745f-8400-5cce-fd41-0bd4f97bd45c" executionId="8bf232ca-f5d3-415a-8954-b0ebdea0c7a9" testListId="8c84fa94-04c1-424b-9868-57a2d4851a1d" />
    <TestEntry testId="902fab0c-178e-1183-38f8-7d0efa75ff49" executionId="6bc9d80d-083c-48a2-aa65-2bdf291a0358" testListId="8c84fa94-04c1-424b-9868-57a2d4851a1d" />
    <TestEntry testId="b20233ec-015e-3cd3-212c-d09042def4c8" executionId="1416012b-4067-44b1-afc1-85a999b5486b" testListId="8c84fa94-04c1-424b-9868-57a2d4851a1d" />
    <TestEntry testId="b7791621-2a97-4e3f-ca1c-60e1ad49b7c4" executionId="9577ab33-20d9-4e71-a192-30bd3e3a9a8b" testListId="8c84fa94-04c1-424b-9868-57a2d4851a1d" />
    <TestEntry testId="396a515e-8e91-32db-79ef-6ca5f0e6e119" executionId="ab5fb540-8c5a-426a-b070-f439a75a530b" testListId="8c84fa94-04c1-424b-9868-57a2d4851a1d" />
    <TestEntry testId="9c529e5d-5f0c-4527-2177-7b62e95f8735" executionId="fe35ef98-3d22-465d-880c-2fb165fe9e89" testListId="8c84fa94-04c1-424b-9868-57a2d4851a1d" />
    <TestEntry testId="ce8879f5-6e83-5bff-bdae-70b3e4d2e15b" executionId="a6240560-832e-4157-b58f-c46b02f48805" testListId="8c84fa94-04c1-424b-9868-57a2d4851a1d" />
    <TestEntry testId="09da649e-f156-15bf-398b-520b4478c270" executionId="a2d75790-ab29-486f-81c0-e0f99451e0ae" testListId="8c84fa94-04c1-424b-9868-57a2d4851a1d" />
    <TestEntry testId="a8a70edc-394e-fc45-f84b-f8a8a6b710af" executionId="bdf98eca-cea9-4f4e-9c2f-f400f9fd37b8" testListId="8c84fa94-04c1-424b-9868-57a2d4851a1d" />
    <TestEntry testId="3cc36533-57cf-f049-94fe-b0929a9f967d" executionId="d3a21a8e-555b-4a2c-b451-d12f5617712d" testListId="8c84fa94-04c1-424b-9868-57a2d4851a1d" />
    <TestEntry testId="ee03bbaa-432e-87a5-cbbb-463cacc67db0" executionId="209754be-c080-42ab-ba0d-765392712ffc" testListId="8c84fa94-04c1-424b-9868-57a2d4851a1d" />
    <TestEntry testId="da8c1c06-614a-07f5-8ed3-ca61da1ccd9b" executionId="17b8e089-d934-44f8-984d-6629520acb22" testListId="8c84fa94-04c1-424b-9868-57a2d4851a1d" />
    <TestEntry testId="75777ee9-b384-7b18-484c-624e5c8b45eb" executionId="fdf5755c-de6d-4f75-a831-5e3ff7b0d5f8" testListId="8c84fa94-04c1-424b-9868-57a2d4851a1d" />
    <TestEntry testId="a7865787-7750-24f4-b467-d1d7c819c4a4" executionId="e0a5f4ce-aa58-4a2b-bdaa-0ab9a6b91452" testListId="8c84fa94-04c1-424b-9868-57a2d4851a1d" />
    <TestEntry testId="5e598697-ca6c-d690-b979-5538ac0b1f53" executionId="3d72f66f-90ee-4d61-8162-46b3c0489bab" testListId="8c84fa94-04c1-424b-9868-57a2d4851a1d" />
    <TestEntry testId="67750e5f-4c1a-63e1-17aa-e0c00b26bd00" executionId="3bd4efa7-d7af-4e41-a335-5f05890fad38" testListId="8c84fa94-04c1-424b-9868-57a2d4851a1d" />
    <TestEntry testId="ec784ee1-cdfa-859d-8e70-7383a9624858" executionId="f99c7094-1d52-4347-a1f8-553b77e58e7d" testListId="8c84fa94-04c1-424b-9868-57a2d4851a1d" />
    <TestEntry testId="10878a1e-6024-2c44-7b6f-c73183c982b4" executionId="33923885-c6d4-4c1b-ae68-593fb6328d86" testListId="8c84fa94-04c1-424b-9868-57a2d4851a1d" />
    <TestEntry testId="d74c40de-e568-1f3e-371d-ca78fc5ef994" executionId="3269c873-6f1b-41d8-8e34-d02160555bc8" testListId="8c84fa94-04c1-424b-9868-57a2d4851a1d" />
    <TestEntry testId="730bb781-0b75-c6e2-e3ef-0b70b99fc8d3" executionId="4f7c1800-91d0-418c-8640-8e1ba9118b4a" testListId="8c84fa94-04c1-424b-9868-57a2d4851a1d" />
    <TestEntry testId="0375210f-cc53-e565-1dd1-49c56166eb87" executionId="a20c3ff5-e02e-4b0a-a3ed-dbd426a6c84c" testListId="8c84fa94-04c1-424b-9868-57a2d4851a1d" />
    <TestEntry testId="2583f021-343e-fb4e-1585-e43296031618" executionId="40e338a8-b20e-4025-a611-7806c8923820" testListId="8c84fa94-04c1-424b-9868-57a2d4851a1d" />
    <TestEntry testId="0788d6d5-684c-aed2-3f13-19da4f20b164" executionId="f3b8e023-93d5-4404-94f5-6583059275bc" testListId="8c84fa94-04c1-424b-9868-57a2d4851a1d" />
    <TestEntry testId="3357e835-cd07-a322-d7e3-de79066a2658" executionId="fb4e0dbd-b30d-41c6-9c86-11387bdb67af" testListId="8c84fa94-04c1-424b-9868-57a2d4851a1d" />
    <TestEntry testId="ce1b4c45-e339-a35b-7326-51d2826fbeb5" executionId="935bb153-675f-4893-b10f-a067541aaee0" testListId="8c84fa94-04c1-424b-9868-57a2d4851a1d" />
    <TestEntry testId="20dd689a-578f-5454-f77f-d1ac3d4a2168" executionId="5a84d3ea-8253-43bf-ad10-b01002adf37c" testListId="8c84fa94-04c1-424b-9868-57a2d4851a1d" />
    <TestEntry testId="797f74ab-502e-753e-792c-01d61bf281a5" executionId="651a5f4e-456c-42f5-bfa5-d443c8e054f3" testListId="8c84fa94-04c1-424b-9868-57a2d4851a1d" />
    <TestEntry testId="417ed471-c272-f304-00b4-248e83dc3474" executionId="e845fbee-12f2-4a33-9a19-6b9e64d517ea" testListId="8c84fa94-04c1-424b-9868-57a2d4851a1d" />
    <TestEntry testId="94249136-3b52-f9c3-1d42-b3ed9b46e46d" executionId="26d0ee15-2254-4fca-b492-1887b4f3e7f0" testListId="8c84fa94-04c1-424b-9868-57a2d4851a1d" />
    <TestEntry testId="16b9feef-3faf-88f4-07b4-d0d7b6cb1d20" executionId="0ff0b1fe-ec32-4b7a-a936-e9054cb5b224" testListId="8c84fa94-04c1-424b-9868-57a2d4851a1d" />
    <TestEntry testId="329390c7-be25-eb32-0931-3c61f1551a71" executionId="5e7b1ae7-9421-49dc-b0e4-d45180bb8606" testListId="8c84fa94-04c1-424b-9868-57a2d4851a1d" />
    <TestEntry testId="082d9a71-e2e1-0f41-dbb6-c1d879441d68" executionId="1fbf886d-13f4-4535-b09c-07fdc22f763b" testListId="8c84fa94-04c1-424b-9868-57a2d4851a1d" />
    <TestEntry testId="b1a93aa2-0e75-ec18-726f-2623a7ba282b" executionId="d01465ed-3d58-4b63-a9ec-a854f4d73718" testListId="8c84fa94-04c1-424b-9868-57a2d4851a1d" />
    <TestEntry testId="ca09bb58-7f95-8094-b392-d26392066009" executionId="9ff7dd79-e6d6-47d3-9ddd-6fcd9f75d8b6" testListId="8c84fa94-04c1-424b-9868-57a2d4851a1d" />
    <TestEntry testId="66ff3671-3d04-b35e-0edb-023c3c15e56b" executionId="5d2650dc-c2b1-4617-8e35-0acf8e7fb700" testListId="8c84fa94-04c1-424b-9868-57a2d4851a1d" />
    <TestEntry testId="91457ee6-4393-3cf1-d878-bbed1b581f4c" executionId="c8763a5c-15ab-46f9-af81-47c6de6152e2" testListId="8c84fa94-04c1-424b-9868-57a2d4851a1d" />
    <TestEntry testId="46b73069-0ed5-b1f9-c58c-87f44366a25e" executionId="f7060813-d77f-4273-b8f0-5d7d3837794a" testListId="8c84fa94-04c1-424b-9868-57a2d4851a1d" />
    <TestEntry testId="8082c4c3-da68-d305-da4c-2d05b5c16fc2" executionId="1f6abee2-9589-4993-b1e8-87b7c6e968ac" testListId="8c84fa94-04c1-424b-9868-57a2d4851a1d" />
    <TestEntry testId="4167cbe8-38c1-7cb3-882f-3969c597defd" executionId="5c2a40c7-d21c-47f4-af6b-c69ec79cbf4b" testListId="8c84fa94-04c1-424b-9868-57a2d4851a1d" />
    <TestEntry testId="b1a38c9c-e65d-39f9-0583-284794d50406" executionId="bcb3b49c-a21d-4e4e-994b-c0a2e7bc8b46" testListId="8c84fa94-04c1-424b-9868-57a2d4851a1d" />
    <TestEntry testId="5d2ae755-0986-61cd-5beb-ff5cb0ae706b" executionId="487f65a3-71cc-4cda-91c7-041b8cab3ee4" testListId="8c84fa94-04c1-424b-9868-57a2d4851a1d" />
    <TestEntry testId="6642b87e-f989-fa7e-fc87-e099ff904a87" executionId="a0ee7fc2-d572-4889-b6d7-3ca1352a6483" testListId="8c84fa94-04c1-424b-9868-57a2d4851a1d" />
    <TestEntry testId="3483b99b-fc69-a667-3fb8-b744a04642ad" executionId="35f2af26-623f-4efe-9e56-e7f671e962bf" testListId="8c84fa94-04c1-424b-9868-57a2d4851a1d" />
    <TestEntry testId="ebf87f26-06ae-013b-9ca8-21f98a2fd024" executionId="e7b233fc-cb77-420f-b4c5-8f63db77a651" testListId="8c84fa94-04c1-424b-9868-57a2d4851a1d" />
    <TestEntry testId="4460a51b-7dbe-79e0-dfc7-8e853c83e4e3" executionId="b807928f-1f4c-4b50-b9af-941907c09130" testListId="8c84fa94-04c1-424b-9868-57a2d4851a1d" />
    <TestEntry testId="2ceef316-547f-296a-0d4f-13975d8da686" executionId="434c4396-f0c0-4464-8769-114d1f6f0bbc" testListId="8c84fa94-04c1-424b-9868-57a2d4851a1d" />
    <TestEntry testId="c9e3b85c-08c6-c9b0-c2c1-08d8f5887312" executionId="648deca3-28ae-449d-ac84-ef73bf6357c3" testListId="8c84fa94-04c1-424b-9868-57a2d4851a1d" />
    <TestEntry testId="19fab2e7-c648-a071-f8f2-67a0e64ed548" executionId="57a6377a-4b18-4c68-b67b-22fa14b86c3f" testListId="8c84fa94-04c1-424b-9868-57a2d4851a1d" />
    <TestEntry testId="2612273a-d5c4-4832-8695-dd20406cbed0" executionId="a784d24b-75b1-495c-a28e-c197f1f616f8" testListId="8c84fa94-04c1-424b-9868-57a2d4851a1d" />
    <TestEntry testId="5f25129a-2ba1-3f22-76aa-c76ead3c590d" executionId="c95e3843-d9db-4d09-9548-10a3dcb2f93c" testListId="8c84fa94-04c1-424b-9868-57a2d4851a1d" />
    <TestEntry testId="d4208e9d-84cf-12a5-fe3c-68de214fd15b" executionId="c5e40f81-3123-45f2-80f9-cfd703266016" testListId="8c84fa94-04c1-424b-9868-57a2d4851a1d" />
    <TestEntry testId="41f760a9-a423-8221-622c-601a088c4be6" executionId="37f1075d-ce85-4944-87ed-5efd8cb58b0e" testListId="8c84fa94-04c1-424b-9868-57a2d4851a1d" />
    <TestEntry testId="4b863a5a-2f8f-6229-cf63-cd337141124e" executionId="aace4002-88a1-4b20-9948-82079c6614d7" testListId="8c84fa94-04c1-424b-9868-57a2d4851a1d" />
    <TestEntry testId="247f7b58-910c-0c73-20a5-0f0b1b80206a" executionId="d7b07589-b044-45a1-ba5d-2053304d3669" testListId="8c84fa94-04c1-424b-9868-57a2d4851a1d" />
    <TestEntry testId="9b5c69f7-a346-95bf-b7f5-220fb58ef5ab" executionId="f85e2ebe-0325-419b-82f1-c3f3ea1da46d" testListId="8c84fa94-04c1-424b-9868-57a2d4851a1d" />
    <TestEntry testId="3cd9abb0-8f7b-9e19-3dca-8803acc63b4d" executionId="588ec4a7-897a-4bf5-abe7-dd1f9e8c9d94" testListId="8c84fa94-04c1-424b-9868-57a2d4851a1d" />
    <TestEntry testId="93b341b6-a5db-14cd-05fe-4c1e0fcee7e4" executionId="978f01b3-f88a-476a-8ff1-0ea0afe4b59f" testListId="8c84fa94-04c1-424b-9868-57a2d4851a1d" />
    <TestEntry testId="c9b41b16-24ce-496b-987c-abd353e461e5" executionId="ef57cccc-b9ea-4030-bb77-ca33a3ebf820" testListId="8c84fa94-04c1-424b-9868-57a2d4851a1d" />
    <TestEntry testId="5415e2be-9405-d4d2-5064-4eb3f03cb9cb" executionId="cefc80e9-0094-402e-ac33-ca644e3471a5" testListId="8c84fa94-04c1-424b-9868-57a2d4851a1d" />
    <TestEntry testId="eb76ace6-853a-21b1-ca5c-5e67b7601320" executionId="26101e56-cb70-4e8c-8082-876d30215a84" testListId="8c84fa94-04c1-424b-9868-57a2d4851a1d" />
    <TestEntry testId="e86749b0-8a23-780c-934b-3de14fa7fc28" executionId="46a75b88-7b8f-4906-8d01-9e0f0efcf996" testListId="8c84fa94-04c1-424b-9868-57a2d4851a1d" />
    <TestEntry testId="b7d95339-e140-5f3e-0d81-600edb2bba27" executionId="1ae8328e-f284-4059-b5ef-71177ff02c6e" testListId="8c84fa94-04c1-424b-9868-57a2d4851a1d" />
    <TestEntry testId="5dbdb775-78b1-be55-4c75-a0fbc63969c3" executionId="81aa79aa-49cf-4388-9932-477f611d074d" testListId="8c84fa94-04c1-424b-9868-57a2d4851a1d" />
    <TestEntry testId="342e01e1-9cce-68b1-12c2-b542ef47ae8d" executionId="d9577723-4a1e-481c-85f3-39f54aeebcf9" testListId="8c84fa94-04c1-424b-9868-57a2d4851a1d" />
    <TestEntry testId="176db431-b11f-67e9-857d-a0aa3a19ab72" executionId="21e01163-1909-4956-80e7-dad7a6b9685d" testListId="8c84fa94-04c1-424b-9868-57a2d4851a1d" />
    <TestEntry testId="f0bb5538-c706-81b0-e10b-60999c7211a2" executionId="6f3abc2c-33a4-459c-b892-473b3f0a9a6d" testListId="8c84fa94-04c1-424b-9868-57a2d4851a1d" />
    <TestEntry testId="a21acbc2-cbc5-753d-ebd1-7d9d61a1a921" executionId="9b41debe-0604-4bd9-a74b-aae0a845c355" testListId="8c84fa94-04c1-424b-9868-57a2d4851a1d" />
    <TestEntry testId="2d933501-9945-b51e-a2b6-1c4bddacc8c7" executionId="5eeb1bf4-4c26-4b93-8bf5-bdc628268a7d" testListId="8c84fa94-04c1-424b-9868-57a2d4851a1d" />
    <TestEntry testId="d9c53d49-ba67-5df0-3f9a-69a8f0b66684" executionId="424e4bcd-4499-4832-82b6-32195b21edc2" testListId="8c84fa94-04c1-424b-9868-57a2d4851a1d" />
    <TestEntry testId="1b7089d6-940d-cde2-e437-2a307b7d2116" executionId="e341433e-1fcd-4c6e-b6a3-df39feffb8bb" testListId="8c84fa94-04c1-424b-9868-57a2d4851a1d" />
    <TestEntry testId="6819383c-cf63-f039-bf35-77515e4446a2" executionId="51c4e11a-c118-4e02-a071-377f3348c4fc" testListId="8c84fa94-04c1-424b-9868-57a2d4851a1d" />
    <TestEntry testId="92d129aa-64ed-22db-4bde-585d3381802c" executionId="e4b825b0-49a4-4a6e-94d8-3beaa988c99c" testListId="8c84fa94-04c1-424b-9868-57a2d4851a1d" />
    <TestEntry testId="edb57239-6d61-afc5-a9d7-c8f2ec92e7b4" executionId="fe1159c1-bb62-48ca-a35a-ef6572f8ee4a" testListId="8c84fa94-04c1-424b-9868-57a2d4851a1d" />
    <TestEntry testId="56e8f16c-2755-7c09-2d35-9cce1a8a5fce" executionId="0ee0c893-a5fc-4b09-aa54-02501bcaabcc" testListId="8c84fa94-04c1-424b-9868-57a2d4851a1d" />
    <TestEntry testId="d4b5d219-056e-cc0e-be33-1d6004bba6c4" executionId="12220a3f-d453-4d68-a5e8-bf1eadb7ea82" testListId="8c84fa94-04c1-424b-9868-57a2d4851a1d" />
    <TestEntry testId="af4aecbe-45ca-e947-c49b-2ea432bb973a" executionId="d306ea1c-12c8-4d0e-91fe-0123dac42fcc" testListId="8c84fa94-04c1-424b-9868-57a2d4851a1d" />
    <TestEntry testId="0b7d4fed-65c6-97e3-e070-64302d267ad1" executionId="e5b6da3c-9584-49e4-bab9-947e656f799e" testListId="8c84fa94-04c1-424b-9868-57a2d4851a1d" />
    <TestEntry testId="1ba26d15-331e-ba81-15ca-f8454597a5b5" executionId="dfea96b8-8c1a-4d7a-87d3-e04f54b93850" testListId="8c84fa94-04c1-424b-9868-57a2d4851a1d" />
    <TestEntry testId="a6d66bc8-a68e-28ad-be3e-5a01c49af426" executionId="79347d75-909a-40c4-af19-3c4bda63f809" testListId="8c84fa94-04c1-424b-9868-57a2d4851a1d" />
    <TestEntry testId="e87b50f4-3509-ae4d-a4c9-8d5ced4872ac" executionId="147f46de-6ff3-43d1-8bf0-f13655c91cef" testListId="8c84fa94-04c1-424b-9868-57a2d4851a1d" />
    <TestEntry testId="22655daf-ecc4-6c41-b980-a5fba70bf9b7" executionId="3bb0309d-3f0d-46de-bfe2-7dd9e7e8207a" testListId="8c84fa94-04c1-424b-9868-57a2d4851a1d" />
    <TestEntry testId="519530f8-ec69-7fc8-d74d-d5e225edfcdc" executionId="f707d02a-56a9-4daf-ad5f-844e31b241fd" testListId="8c84fa94-04c1-424b-9868-57a2d4851a1d" />
    <TestEntry testId="3acf344e-4c8f-c552-8c22-7e38bd81b005" executionId="d8140176-fb34-4991-b585-54076c060ff8" testListId="8c84fa94-04c1-424b-9868-57a2d4851a1d" />
    <TestEntry testId="cfef56c6-2396-ef92-3122-6427ef7aeee9" executionId="04cf8779-4ddb-4ed8-9450-0bb80aea304a" testListId="8c84fa94-04c1-424b-9868-57a2d4851a1d" />
    <TestEntry testId="f86fab50-04b6-d9f8-f261-916523537541" executionId="4c65c9ac-90c6-46a8-a361-9b2030e7e11c" testListId="8c84fa94-04c1-424b-9868-57a2d4851a1d" />
    <TestEntry testId="34d8198b-1b9c-148a-ad5a-54fcb21b1184" executionId="857bf0db-159a-4ea2-bb9f-d92e571b505b" testListId="8c84fa94-04c1-424b-9868-57a2d4851a1d" />
    <TestEntry testId="db78a550-b1c2-473a-4ce9-f52879bfa1ff" executionId="08ee5b00-d23c-4cd9-bda0-4cbcb3ee0e06" testListId="8c84fa94-04c1-424b-9868-57a2d4851a1d" />
    <TestEntry testId="7d5b48f4-9eb0-92b7-dec2-f9b13eb82277" executionId="49c2c12a-c117-4b2e-b3bb-265d8e460c86" testListId="8c84fa94-04c1-424b-9868-57a2d4851a1d" />
    <TestEntry testId="35cd6f78-6d0e-1ad0-f328-76b29b7411f0" executionId="469bfa3d-8fd3-46db-a298-69421a7f8ac0" testListId="8c84fa94-04c1-424b-9868-57a2d4851a1d" />
    <TestEntry testId="e734a4fb-980b-5ed5-5ba2-483d1649dae6" executionId="20c90553-216c-4fcc-b9b1-a1729ae5e3f9" testListId="8c84fa94-04c1-424b-9868-57a2d4851a1d" />
    <TestEntry testId="33afb6d3-b187-b943-c57f-faeaa9ec0a3b" executionId="3752ccd0-6a36-432c-a711-54b9151bf77f" testListId="8c84fa94-04c1-424b-9868-57a2d4851a1d" />
    <TestEntry testId="e98b4b51-54e6-732a-a117-1f66388678a8" executionId="c67658a5-a19a-4bd2-ba45-7573a4c2e6de" testListId="8c84fa94-04c1-424b-9868-57a2d4851a1d" />
    <TestEntry testId="685fbf40-f61b-eb1f-4feb-0e01d0a2d4dd" executionId="1fd48f8d-b96e-4de7-9fa6-c60d11f3f69e" testListId="8c84fa94-04c1-424b-9868-57a2d4851a1d" />
    <TestEntry testId="7b024e75-7530-b0a6-5744-3126d3ec9697" executionId="20dfa689-9311-40aa-9b37-181b68f75fd7" testListId="8c84fa94-04c1-424b-9868-57a2d4851a1d" />
    <TestEntry testId="3f75e1dd-7d09-8aad-d8b3-ba4677ddc4f1" executionId="7e610a2d-2b1a-43ea-be74-d3df120a6ecc" testListId="8c84fa94-04c1-424b-9868-57a2d4851a1d" />
    <TestEntry testId="f0e83354-b42c-c844-66d7-54ddeed220b1" executionId="75215140-95b7-4265-b25a-0afe78339f63" testListId="8c84fa94-04c1-424b-9868-57a2d4851a1d" />
    <TestEntry testId="bf6984f3-23f5-96b6-ec6d-970fa211de8c" executionId="9a1e3912-fb1b-49ed-8e45-a7052a88cf97" testListId="8c84fa94-04c1-424b-9868-57a2d4851a1d" />
    <TestEntry testId="c3862e82-30a0-85ec-833e-1ae2f2d59fdb" executionId="c9401c7a-6a9e-4b6f-8ad1-b3b6b45b9da4" testListId="8c84fa94-04c1-424b-9868-57a2d4851a1d" />
    <TestEntry testId="f8a856fd-b8ec-e105-fb04-512d8ea885db" executionId="184dfc8e-8c71-4fc2-ae36-04863f2be56d" testListId="8c84fa94-04c1-424b-9868-57a2d4851a1d" />
    <TestEntry testId="acbc6dfd-174b-2319-0d48-a9190bf7e33b" executionId="8ba8f220-9500-47c4-bd4d-3318510bd59f" testListId="8c84fa94-04c1-424b-9868-57a2d4851a1d" />
    <TestEntry testId="5c9daec0-82d1-a930-ebc4-f5a522998bf9" executionId="1523cdb2-4575-4d34-a58a-fed283d12c28" testListId="8c84fa94-04c1-424b-9868-57a2d4851a1d" />
    <TestEntry testId="c40de6ef-701b-5428-07ea-ecd4751328f4" executionId="c398e293-15a6-421f-aaf1-cbce32e943f6" testListId="8c84fa94-04c1-424b-9868-57a2d4851a1d" />
    <TestEntry testId="e6946507-55d5-384d-c1bf-e4e92ffa4462" executionId="07328ab6-73ed-4434-b611-1f46a574c71e" testListId="8c84fa94-04c1-424b-9868-57a2d4851a1d" />
    <TestEntry testId="15db09ba-67c9-9115-d1c7-0d4367a1444e" executionId="6fd28835-744e-4b28-b81c-b1bc8d73515c" testListId="8c84fa94-04c1-424b-9868-57a2d4851a1d" />
    <TestEntry testId="6bffafa7-179c-fb43-76cb-4d6d8841c323" executionId="ed8399e5-27bc-4e9a-a3d0-8a0065fb505c" testListId="8c84fa94-04c1-424b-9868-57a2d4851a1d" />
    <TestEntry testId="65f12242-227e-467b-3997-8aa37655c793" executionId="3bd04ddc-d937-4489-8a0c-a124c9423335" testListId="8c84fa94-04c1-424b-9868-57a2d4851a1d" />
    <TestEntry testId="1c5b00fb-89ae-4050-e6f8-086da0ce80c2" executionId="b95558da-5a2a-4941-95af-7ac0aecaece8" testListId="8c84fa94-04c1-424b-9868-57a2d4851a1d" />
    <TestEntry testId="f758e466-f99e-2f24-2103-23592204a18c" executionId="d94f8789-2dbd-41ca-a76b-74947521aaee" testListId="8c84fa94-04c1-424b-9868-57a2d4851a1d" />
    <TestEntry testId="2fc93ba3-96a1-6c43-4db3-7fbfc5aa3330" executionId="40e0a89f-1f48-4c05-8a36-b6c21fe0d8f2" testListId="8c84fa94-04c1-424b-9868-57a2d4851a1d" />
    <TestEntry testId="21135710-4fad-9760-c6da-d12dad4d3161" executionId="54836805-0ab5-462d-8479-399fa090f351" testListId="8c84fa94-04c1-424b-9868-57a2d4851a1d" />
    <TestEntry testId="720842e2-e1df-e534-9a77-705cc69c21aa" executionId="53e47e41-3dcc-44cf-9c50-cf68043ff0e7" testListId="8c84fa94-04c1-424b-9868-57a2d4851a1d" />
    <TestEntry testId="b9f567ab-135c-ccb6-04a4-b0ddd3213321" executionId="0bbce905-e56b-41ef-a9c0-d0160130435c" testListId="8c84fa94-04c1-424b-9868-57a2d4851a1d" />
    <TestEntry testId="21ebecd4-b2b5-f81b-86e5-e23af883bc0d" executionId="f7ff91d5-a27b-4e00-8797-1c77a2a1bb95" testListId="8c84fa94-04c1-424b-9868-57a2d4851a1d" />
    <TestEntry testId="7ceaf476-8c61-f022-d603-bee99b2eb8b9" executionId="f2df1a64-0f09-4394-9e7e-68237b236331" testListId="8c84fa94-04c1-424b-9868-57a2d4851a1d" />
    <TestEntry testId="bd2408c3-bdd8-f993-5a45-170a97533f91" executionId="7131de69-baf1-4607-8eef-baccdf7058fa" testListId="8c84fa94-04c1-424b-9868-57a2d4851a1d" />
    <TestEntry testId="09c1e8b9-f4bd-cb7a-19ba-2bf13a66c37e" executionId="4ebbe04d-0f89-479b-9830-e87402f1d5bd" testListId="8c84fa94-04c1-424b-9868-57a2d4851a1d" />
    <TestEntry testId="f3f69f6c-1e32-0999-9d11-05b98f36422c" executionId="d8761e02-d808-43ae-8681-a8de58330821" testListId="8c84fa94-04c1-424b-9868-57a2d4851a1d" />
    <TestEntry testId="037af028-4c17-d84f-cacf-d2b184a449de" executionId="0c20f780-e13f-4c11-a1c8-b65d943d3306" testListId="8c84fa94-04c1-424b-9868-57a2d4851a1d" />
    <TestEntry testId="d2140570-9e33-308a-7666-319988c1d656" executionId="65835893-3aba-4bc3-a0b0-4a2807b5aa6b" testListId="8c84fa94-04c1-424b-9868-57a2d4851a1d" />
    <TestEntry testId="c4132299-7f1a-5b63-066c-77ac81c58122" executionId="5513d39e-1838-492c-ac3d-bbb93639aab1" testListId="8c84fa94-04c1-424b-9868-57a2d4851a1d" />
    <TestEntry testId="e352272b-49e3-425f-a616-29ac08fa22e8" executionId="63cdab3c-01ae-4224-807d-3b23951327b2" testListId="8c84fa94-04c1-424b-9868-57a2d4851a1d" />
    <TestEntry testId="5cdb03d8-4617-de7d-b17d-30206a4d1abb" executionId="51729307-cb3d-4908-80c8-562ac1e914e2" testListId="8c84fa94-04c1-424b-9868-57a2d4851a1d" />
    <TestEntry testId="e519c82d-c22e-5b8a-7ed3-317204664e9a" executionId="3d32cb7b-f1ee-49de-86e0-45dd5585b45d" testListId="8c84fa94-04c1-424b-9868-57a2d4851a1d" />
    <TestEntry testId="1abe0b29-ffbf-39a6-7724-fc14377111b2" executionId="c36c7743-9145-41a8-b561-e12c4601ee97" testListId="8c84fa94-04c1-424b-9868-57a2d4851a1d" />
    <TestEntry testId="b33ce3c3-a76e-3fd5-774d-ad2d0e8829fd" executionId="0fb84f51-7844-43a8-9a43-d03226de8973" testListId="8c84fa94-04c1-424b-9868-57a2d4851a1d" />
    <TestEntry testId="b4afe601-e3de-34b6-433a-57b6a7c650f0" executionId="45555b1f-655c-4306-8cff-0eabef74c665" testListId="8c84fa94-04c1-424b-9868-57a2d4851a1d" />
    <TestEntry testId="cb7281b8-2dd7-3da0-5662-f11906512262" executionId="da0e7dd6-0628-410f-a419-10579588ea85" testListId="8c84fa94-04c1-424b-9868-57a2d4851a1d" />
    <TestEntry testId="6269b9ab-37ac-9c42-8cf1-a189054c855c" executionId="8acc7c8b-6647-4188-b911-24010f1845a6" testListId="8c84fa94-04c1-424b-9868-57a2d4851a1d" />
    <TestEntry testId="9b56cfb9-586a-9651-3fac-504fa070f523" executionId="e4e84712-2203-4853-9ae5-e9b11ebf687f" testListId="8c84fa94-04c1-424b-9868-57a2d4851a1d" />
    <TestEntry testId="bef66b0d-967a-cee6-357a-0a9c38b52500" executionId="961b0b46-8396-471a-b866-e5dbe94ae2f2" testListId="8c84fa94-04c1-424b-9868-57a2d4851a1d" />
    <TestEntry testId="c7577d20-faa3-b01c-9db3-524f0f988962" executionId="09fc2ef9-2bde-4265-8153-0cec7b7d56d7" testListId="8c84fa94-04c1-424b-9868-57a2d4851a1d" />
    <TestEntry testId="33774f0a-03c8-2311-2a85-e92e1dde26f6" executionId="79508539-70eb-48fa-a33f-c4665029a635" testListId="8c84fa94-04c1-424b-9868-57a2d4851a1d" />
    <TestEntry testId="61cba68d-6f00-6386-cb53-aeb815d7cf10" executionId="3fe7951b-c47f-4210-9b39-2770bdeaf00a" testListId="8c84fa94-04c1-424b-9868-57a2d4851a1d" />
    <TestEntry testId="75426563-105d-051c-51b4-c45cb83a72e3" executionId="7e61ad33-431f-4264-ba44-38014c2bfb83" testListId="8c84fa94-04c1-424b-9868-57a2d4851a1d" />
    <TestEntry testId="ea99302a-a9b9-a725-f6ed-10fffa5e3897" executionId="02774fd9-3b97-4035-9e5b-e60862564ab8" testListId="8c84fa94-04c1-424b-9868-57a2d4851a1d" />
    <TestEntry testId="e5632502-4f60-e04d-9e4b-856aa2f472eb" executionId="6d05138e-4eff-4b96-800f-f2a839630924" testListId="8c84fa94-04c1-424b-9868-57a2d4851a1d" />
    <TestEntry testId="9511ab97-a3b6-dc47-a5eb-e8d4aa09e933" executionId="e1e969cf-cc8d-4747-ad66-cb943495cf2c" testListId="8c84fa94-04c1-424b-9868-57a2d4851a1d" />
    <TestEntry testId="39aacc35-e4dd-8316-f7f7-c8dc0df088dd" executionId="233d37c2-8370-4aed-a21a-d81c6b915163" testListId="8c84fa94-04c1-424b-9868-57a2d4851a1d" />
    <TestEntry testId="fd69c4ac-50bd-7e5b-7ad0-78485a15572d" executionId="e839ea0d-1529-48d4-81f7-52578c324461" testListId="8c84fa94-04c1-424b-9868-57a2d4851a1d" />
    <TestEntry testId="d1ccdec5-7d6a-f381-3938-017c672cf4cc" executionId="5490f019-9c71-4b4c-bbfe-e818b6d1e489" testListId="8c84fa94-04c1-424b-9868-57a2d4851a1d" />
    <TestEntry testId="1e4b9f12-058b-fa11-1552-0a13271ffe9f" executionId="a74e753e-41b5-4df1-a9c0-8377a5173945" testListId="8c84fa94-04c1-424b-9868-57a2d4851a1d" />
    <TestEntry testId="4798ebe8-290d-6e6b-ee8c-f9ee0b060029" executionId="ab2f78d8-c0f1-4a10-a1ed-61c58ad3dfd0" testListId="8c84fa94-04c1-424b-9868-57a2d4851a1d" />
    <TestEntry testId="60d7f227-5213-98ed-7452-51c5a4679700" executionId="144b809f-d666-499d-a1c4-52f5f7468cd1" testListId="8c84fa94-04c1-424b-9868-57a2d4851a1d" />
    <TestEntry testId="5120adc9-5543-4180-ab04-3d6847e634e7" executionId="844fb888-2659-4152-b9aa-c34f35339ef2" testListId="8c84fa94-04c1-424b-9868-57a2d4851a1d" />
    <TestEntry testId="5188b289-d241-dc5f-5994-5803e3cbfcd3" executionId="e843805d-cc15-418c-8651-ba97dab4e74a" testListId="8c84fa94-04c1-424b-9868-57a2d4851a1d" />
    <TestEntry testId="e59c2cad-046b-d243-ce9e-459fab50cf08" executionId="55e11392-3f06-45aa-b2c8-e3f1dcfc8e8c" testListId="8c84fa94-04c1-424b-9868-57a2d4851a1d" />
    <TestEntry testId="b9d0df09-72a3-019d-19ba-8b0138ba0782" executionId="06b9f517-d21f-461d-aee8-79f2ba2f9a6d" testListId="8c84fa94-04c1-424b-9868-57a2d4851a1d" />
    <TestEntry testId="8f5dab9b-e772-79eb-2a67-42eaae48c62b" executionId="be4b2281-aada-4a58-89a4-b1e0294a803c" testListId="8c84fa94-04c1-424b-9868-57a2d4851a1d" />
    <TestEntry testId="8a3bd477-df6d-ba85-9a1c-134e1698f17b" executionId="69975020-5b23-41c2-9395-c652bf942c95" testListId="8c84fa94-04c1-424b-9868-57a2d4851a1d" />
    <TestEntry testId="9ad6a220-54a1-bc36-db9e-30965a41d307" executionId="e3b019a5-a9b3-4da3-bd40-4a519057114e" testListId="8c84fa94-04c1-424b-9868-57a2d4851a1d" />
    <TestEntry testId="fec8e7d0-a919-01a6-d40f-af4e5424a86b" executionId="78044393-6232-46ba-a16f-d24a669382f0" testListId="8c84fa94-04c1-424b-9868-57a2d4851a1d" />
    <TestEntry testId="37650bf7-28da-c8e7-055d-d9c2af6b5cc2" executionId="0f127968-17c0-41cb-9bc8-5142a7dcdc47" testListId="8c84fa94-04c1-424b-9868-57a2d4851a1d" />
    <TestEntry testId="cad49189-1373-0c24-63ff-b25bdfaa3818" executionId="2dd829c9-7a7b-4b52-beee-79f45d19eff8" testListId="8c84fa94-04c1-424b-9868-57a2d4851a1d" />
    <TestEntry testId="6d197bb9-1173-907c-86dd-da4d440dbbc2" executionId="8a687dd2-4033-427e-ba5e-6db503b8049f" testListId="8c84fa94-04c1-424b-9868-57a2d4851a1d" />
    <TestEntry testId="f66b7177-2762-23f8-2c30-048debb04846" executionId="65736dc8-74ce-471b-aef7-4e6253d2f63a" testListId="8c84fa94-04c1-424b-9868-57a2d4851a1d" />
    <TestEntry testId="4909b3c7-d672-4664-64f2-6c7b68af7409" executionId="107c2d28-5d44-4f3f-b426-e380b198b372" testListId="8c84fa94-04c1-424b-9868-57a2d4851a1d" />
    <TestEntry testId="23676ef4-c83e-cda8-aec7-49d778b6550a" executionId="271b25a3-7fb6-4587-ba2c-5eafd5d2d6bc" testListId="8c84fa94-04c1-424b-9868-57a2d4851a1d" />
    <TestEntry testId="393d8447-963e-7f24-cf6e-98d97ad5ad33" executionId="2220f359-c4a3-41ad-9985-c3453714e403" testListId="8c84fa94-04c1-424b-9868-57a2d4851a1d" />
    <TestEntry testId="c44f7d30-784c-7e26-1152-1779da675100" executionId="54e4e2ec-4b65-4e63-8bb9-60a8d57ad45c" testListId="8c84fa94-04c1-424b-9868-57a2d4851a1d" />
    <TestEntry testId="c886bf97-c264-17f4-360b-1804dfde8668" executionId="30aa98ef-6750-40a7-a46e-139c0e53ee49" testListId="8c84fa94-04c1-424b-9868-57a2d4851a1d" />
    <TestEntry testId="2f5449f4-ae34-2096-d216-329b99d5ec46" executionId="8b4915e3-3d61-4a90-9876-c8c50065acae" testListId="8c84fa94-04c1-424b-9868-57a2d4851a1d" />
    <TestEntry testId="419707ef-ceb4-922e-6994-fdc5080f43ba" executionId="eafb913e-b2e3-4a05-a886-be8bbf16691f" testListId="8c84fa94-04c1-424b-9868-57a2d4851a1d" />
    <TestEntry testId="9e316700-0b36-468e-c49a-81ab630e7de0" executionId="68b25de9-4563-4f78-a3ff-46fac72d3c84" testListId="8c84fa94-04c1-424b-9868-57a2d4851a1d" />
    <TestEntry testId="d7f62077-1ab5-34a1-6b82-6e34851d7055" executionId="9b9d5c26-691a-4bfc-b1b7-2c18de19aa4d" testListId="8c84fa94-04c1-424b-9868-57a2d4851a1d" />
    <TestEntry testId="ccf23ab7-115e-2662-58a4-13e2a82492a2" executionId="1f131eca-b341-4f9c-803b-48114956fd4a" testListId="8c84fa94-04c1-424b-9868-57a2d4851a1d" />
    <TestEntry testId="f51aaabf-699f-5a7e-a75d-92261c46a111" executionId="71001e9a-5632-474f-b0c5-dbb6586e8d9a" testListId="8c84fa94-04c1-424b-9868-57a2d4851a1d" />
    <TestEntry testId="16196e7e-8c1d-a121-8e50-bc789f45bf42" executionId="da611568-bded-4b55-8dc1-e1563d64b57b" testListId="8c84fa94-04c1-424b-9868-57a2d4851a1d" />
    <TestEntry testId="e8e7e8b2-544a-dfe0-aff7-6f7f43f6fb0c" executionId="a2b5d642-82ab-4a88-9e54-0a2ab9411ae5" testListId="8c84fa94-04c1-424b-9868-57a2d4851a1d" />
    <TestEntry testId="7fc54ed7-fc8a-0da5-3a30-a492d81d7d42" executionId="03cb8136-1e39-4bc3-99ba-e71300cabf5b" testListId="8c84fa94-04c1-424b-9868-57a2d4851a1d" />
    <TestEntry testId="a8f5fb8d-2534-f1ff-b75f-db0c27695f15" executionId="b0c87a6c-e1e3-4244-8366-d8f17030dbe9" testListId="8c84fa94-04c1-424b-9868-57a2d4851a1d" />
    <TestEntry testId="4c6d59de-90f4-9ae9-54d4-1a99c66126ef" executionId="a05dced2-c002-43a9-b187-acf90038f459" testListId="8c84fa94-04c1-424b-9868-57a2d4851a1d" />
    <TestEntry testId="63d280db-6040-fbee-36a1-148cfca64c9c" executionId="2811419e-237c-4332-9198-f8e7e9c11a9f" testListId="8c84fa94-04c1-424b-9868-57a2d4851a1d" />
    <TestEntry testId="06e24568-cd99-4f48-d287-0a5f76b1d178" executionId="3247d763-637c-4622-96b1-b2ca27dbc97b" testListId="8c84fa94-04c1-424b-9868-57a2d4851a1d" />
    <TestEntry testId="b298e0d9-f136-e212-c94d-06280e794709" executionId="ea697683-f967-4675-81f7-884b5016b09d" testListId="8c84fa94-04c1-424b-9868-57a2d4851a1d" />
    <TestEntry testId="e141e7ed-cf22-2d48-27ef-158fbcb16ad6" executionId="d163e1b0-b0d4-4a22-b7ac-4232e1fbf62d" testListId="8c84fa94-04c1-424b-9868-57a2d4851a1d" />
    <TestEntry testId="0d7b1475-87d6-6f89-09c7-883523fe257e" executionId="ccdb82c1-0830-4313-bfe5-7cceb8064f72" testListId="8c84fa94-04c1-424b-9868-57a2d4851a1d" />
    <TestEntry testId="356baa41-3b27-bf0b-5456-925135030f90" executionId="a7d5b151-4f9e-4b6b-93b0-bc0589b1e2a1" testListId="8c84fa94-04c1-424b-9868-57a2d4851a1d" />
    <TestEntry testId="b99139a6-eb41-e964-38ea-1f3edbf8e841" executionId="d74560e9-4a9d-4908-b727-735ddfc9cb3c" testListId="8c84fa94-04c1-424b-9868-57a2d4851a1d" />
    <TestEntry testId="8cbed7a8-bbf2-1874-8d9f-dc6223aceb35" executionId="4db471f9-4880-4232-892e-8bef957b936a" testListId="8c84fa94-04c1-424b-9868-57a2d4851a1d" />
    <TestEntry testId="8c645da4-ac87-9798-ea13-ecc81c4deae1" executionId="0890d70b-264a-4f9d-b0c6-f54139ebbdc2" testListId="8c84fa94-04c1-424b-9868-57a2d4851a1d" />
    <TestEntry testId="f67deb6f-65aa-7a2e-b342-59474f6f3009" executionId="83048f49-d2a5-436d-99b7-172befb8ae1d" testListId="8c84fa94-04c1-424b-9868-57a2d4851a1d" />
    <TestEntry testId="5f6a1f6e-ca69-a6cf-b2ba-49c8baaa1f06" executionId="74f5d627-0ca8-49b1-8e6c-74ed07ccfc03" testListId="8c84fa94-04c1-424b-9868-57a2d4851a1d" />
    <TestEntry testId="f0703390-7a9e-b955-b28b-d8a4e6675aae" executionId="ede4a631-3a60-4869-aba9-6b770f6d82db" testListId="8c84fa94-04c1-424b-9868-57a2d4851a1d" />
    <TestEntry testId="1be4d8ac-08d1-1c29-8438-276c7cb6ba43" executionId="2f61b5d2-7f51-4cb2-972c-d52aa6e7f50b" testListId="8c84fa94-04c1-424b-9868-57a2d4851a1d" />
    <TestEntry testId="3e676126-0680-d296-db05-50bdf96cb309" executionId="4524f762-33b0-4337-87a3-7e1eb2da6511" testListId="8c84fa94-04c1-424b-9868-57a2d4851a1d" />
    <TestEntry testId="336f24e8-a7fc-2241-5426-bf1a2f3aa99b" executionId="60f2ca53-e2ce-4171-a0b6-acd212f7dedf" testListId="8c84fa94-04c1-424b-9868-57a2d4851a1d" />
    <TestEntry testId="69d81196-4db6-658e-c598-91e2e91ff420" executionId="69e08b5d-4be0-46ec-8fbe-b80d22554b31" testListId="8c84fa94-04c1-424b-9868-57a2d4851a1d" />
    <TestEntry testId="2f699bd0-bf79-3f7f-1414-cd67135ef89a" executionId="02acd291-7aa9-4f86-97a7-63a55adb621d" testListId="8c84fa94-04c1-424b-9868-57a2d4851a1d" />
    <TestEntry testId="bc1ff08e-1e15-6ede-0c74-21fde48f6fcd" executionId="99009977-fd51-4d1a-88c0-b0f693d569b5" testListId="8c84fa94-04c1-424b-9868-57a2d4851a1d" />
    <TestEntry testId="19bc8828-c242-ab6c-68b7-511c9c806723" executionId="59c7fda0-52e0-4b48-a0df-d39173ee3dc3" testListId="8c84fa94-04c1-424b-9868-57a2d4851a1d" />
    <TestEntry testId="d898b746-6798-ab6d-18c9-e3fe06c92b96" executionId="1bc64d44-adba-4081-97e0-bd1f62ad75fa" testListId="8c84fa94-04c1-424b-9868-57a2d4851a1d" />
    <TestEntry testId="723e0d80-fb0b-5548-6757-d2d93e3878dc" executionId="1b18b167-9ee0-4ff8-90a7-d0d28351af95" testListId="8c84fa94-04c1-424b-9868-57a2d4851a1d" />
    <TestEntry testId="7a04b199-7d69-5b3e-c54a-df29134cbf27" executionId="fd8f6ebe-7662-4bb4-98e4-08950ae25bae" testListId="8c84fa94-04c1-424b-9868-57a2d4851a1d" />
    <TestEntry testId="de02e07c-e953-bc75-6860-f856afa99263" executionId="7f6e8d2d-cf17-4ecd-a7a2-45f719a1ad28" testListId="8c84fa94-04c1-424b-9868-57a2d4851a1d" />
    <TestEntry testId="d1109ccc-a242-cc78-d211-86880289e44e" executionId="0b9f4e88-59df-4967-a41e-914ee57955bc" testListId="8c84fa94-04c1-424b-9868-57a2d4851a1d" />
    <TestEntry testId="e0fa63d2-29e3-f2cc-83ce-456d57f05a7e" executionId="5f00a186-ccfa-4b3e-aa0e-e44012670656" testListId="8c84fa94-04c1-424b-9868-57a2d4851a1d" />
    <TestEntry testId="dfc036ea-bf1a-0b2d-8a92-09848982d9b7" executionId="d26afe07-dea5-4302-bd32-7a6e1800aeff" testListId="8c84fa94-04c1-424b-9868-57a2d4851a1d" />
    <TestEntry testId="c659012b-8f4d-410e-6f83-db62acbbedbf" executionId="5c9603f3-0267-41df-a42d-bbc7ee642ec4" testListId="8c84fa94-04c1-424b-9868-57a2d4851a1d" />
    <TestEntry testId="e59567ee-4c47-17a6-c6ab-c9f2f770b121" executionId="0a2df628-e409-4143-ad58-1dd0cfd7af3c" testListId="8c84fa94-04c1-424b-9868-57a2d4851a1d" />
    <TestEntry testId="cb15a14f-0bc3-ae5e-3ef0-096a041e6611" executionId="8d42b581-673d-4f45-8a41-d7491343a7ce" testListId="8c84fa94-04c1-424b-9868-57a2d4851a1d" />
    <TestEntry testId="d8f43a08-3c9f-f76e-bf0b-96268eee817c" executionId="e034abae-8a47-42cd-96fb-03813455d7cb" testListId="8c84fa94-04c1-424b-9868-57a2d4851a1d" />
    <TestEntry testId="280bdde6-aea9-003d-2c18-953337083652" executionId="65a6f6d6-773a-49af-b651-4f465b621ce3" testListId="8c84fa94-04c1-424b-9868-57a2d4851a1d" />
    <TestEntry testId="e9556a5f-cf4a-e0de-7abb-5d65c7b41dfc" executionId="88d239c6-ad11-49a6-8396-ecd265d24b1a" testListId="8c84fa94-04c1-424b-9868-57a2d4851a1d" />
    <TestEntry testId="b6fd2798-51e6-e208-f521-186d79f850bd" executionId="98b402e7-89b1-4429-a248-b75e6b7c5f6a" testListId="8c84fa94-04c1-424b-9868-57a2d4851a1d" />
    <TestEntry testId="80357ee3-2308-8b5b-a4ea-aff6df7d3e4c" executionId="0159bbf8-7c0a-4838-b22d-a8dec989a6c7" testListId="8c84fa94-04c1-424b-9868-57a2d4851a1d" />
    <TestEntry testId="16e939ca-b9af-a2dd-b850-cb16dfe77ac1" executionId="7271bace-0b52-4d2d-a8ac-824e5c8fd9ec" testListId="8c84fa94-04c1-424b-9868-57a2d4851a1d" />
    <TestEntry testId="5da605c7-ed7d-f7ee-e9f9-3d2c3f257ac8" executionId="711fd345-5a14-4633-883f-a154ff202e7f" testListId="8c84fa94-04c1-424b-9868-57a2d4851a1d" />
    <TestEntry testId="bdf3ca6c-d109-aca8-ed7e-561d99e22cb0" executionId="dca53540-be26-46b8-b285-abac580957ec" testListId="8c84fa94-04c1-424b-9868-57a2d4851a1d" />
    <TestEntry testId="97d244a7-1a5e-678e-299a-e574ad165cd5" executionId="63d15bd0-e3d2-4e9b-8003-0e853b710967" testListId="8c84fa94-04c1-424b-9868-57a2d4851a1d" />
    <TestEntry testId="b38032bb-5665-9be4-fc9e-54ffb90756f6" executionId="ed1e0353-baab-4202-9241-ca57150e385d" testListId="8c84fa94-04c1-424b-9868-57a2d4851a1d" />
    <TestEntry testId="167a4e6d-4824-6211-7676-fc97fb9c5c55" executionId="b28dd7a0-cff2-4bc1-8a96-7b9d9213ecec" testListId="8c84fa94-04c1-424b-9868-57a2d4851a1d" />
    <TestEntry testId="e66ea803-41ea-dd7e-a790-9ff8d4e692fa" executionId="bcf0af3e-38ce-4746-a5f9-69d2eb66dca6" testListId="8c84fa94-04c1-424b-9868-57a2d4851a1d" />
    <TestEntry testId="15f02d6a-c4fe-b756-2146-795394f86d00" executionId="2a3a916b-add2-4e5b-9eff-75dd0b6fc990" testListId="8c84fa94-04c1-424b-9868-57a2d4851a1d" />
    <TestEntry testId="ab2bd540-86e6-8c34-10b0-e2398e1dd43b" executionId="8530f66c-b426-4154-bee0-634d20112568" testListId="8c84fa94-04c1-424b-9868-57a2d4851a1d" />
    <TestEntry testId="4a5a9497-6482-4f28-826d-674900fa84eb" executionId="bd30cf1f-40e5-4d91-b20f-04f89abb6f07" testListId="8c84fa94-04c1-424b-9868-57a2d4851a1d" />
    <TestEntry testId="e4cdf034-27ef-ed10-9bc7-3ea36c0718c7" executionId="6f1b889f-494d-467e-bdbf-c75df906a292" testListId="8c84fa94-04c1-424b-9868-57a2d4851a1d" />
    <TestEntry testId="e3373e42-ae8a-062b-59b7-a271e4559170" executionId="9a6ecb47-1b66-4485-a9a9-bcb4d9d065ac" testListId="8c84fa94-04c1-424b-9868-57a2d4851a1d" />
    <TestEntry testId="2b109f4d-545f-71f7-985e-4200fa15d786" executionId="03dc0d36-e4b2-4f64-a2e2-f83d97cff06a" testListId="8c84fa94-04c1-424b-9868-57a2d4851a1d" />
    <TestEntry testId="0683bfa0-f565-6d1c-623a-4b4052649ade" executionId="b14e9bf3-ac81-418a-9c2e-d01d1d681480" testListId="8c84fa94-04c1-424b-9868-57a2d4851a1d" />
    <TestEntry testId="caa97aeb-b955-b84c-ff17-c4d81181a679" executionId="3aa67053-125e-409f-a74b-bb6a3caee337" testListId="8c84fa94-04c1-424b-9868-57a2d4851a1d" />
    <TestEntry testId="4267d6e4-f070-3f35-1504-961c36e6f0aa" executionId="c29ec15d-9927-43ea-90f0-aa2ca5bc4bac" testListId="8c84fa94-04c1-424b-9868-57a2d4851a1d" />
    <TestEntry testId="d7968170-8519-52de-cda2-a0ab30c45af2" executionId="cbe41f02-a176-4917-8d0f-14d4fc5c7c01" testListId="8c84fa94-04c1-424b-9868-57a2d4851a1d" />
    <TestEntry testId="d02f5bba-c8de-e57f-ea30-ea01e97a5b43" executionId="83952661-807d-4d28-9795-98f8fe840ba0" testListId="8c84fa94-04c1-424b-9868-57a2d4851a1d" />
    <TestEntry testId="95e0c9ee-fb11-a7b4-7107-d35d418fded6" executionId="44621875-c724-4727-b714-51d940a4e1ce" testListId="8c84fa94-04c1-424b-9868-57a2d4851a1d" />
    <TestEntry testId="530cf092-f04e-afb3-9bb2-9d00e432ef37" executionId="02fa4e64-e700-4733-a46e-feed29b4e5ac" testListId="8c84fa94-04c1-424b-9868-57a2d4851a1d" />
    <TestEntry testId="124d3c7b-3365-bbdd-9d85-586dea470e39" executionId="a4b13e52-4f5f-4a58-baf2-6e0f4ae44af1" testListId="8c84fa94-04c1-424b-9868-57a2d4851a1d" />
    <TestEntry testId="fbe8371c-1bd1-f91b-8547-eaf0043cbd5e" executionId="518d5bb0-ea49-4f8e-ad6b-c1440e9cac5b" testListId="8c84fa94-04c1-424b-9868-57a2d4851a1d" />
    <TestEntry testId="3e805ed9-9ca9-a643-85c9-cc7cf1031aa6" executionId="8fe4e785-3de4-4ebc-8c21-78e49cfb1fea" testListId="8c84fa94-04c1-424b-9868-57a2d4851a1d" />
    <TestEntry testId="fcda39ff-b557-0a93-d6a5-7d79c9d91933" executionId="7f8fe979-072c-4e45-b095-a180eaf48a9e" testListId="8c84fa94-04c1-424b-9868-57a2d4851a1d" />
    <TestEntry testId="9a4f3b01-7a96-0f4d-6e37-89ee283279de" executionId="a376e39c-8cbf-4f25-b3b8-2bc969f1631a" testListId="8c84fa94-04c1-424b-9868-57a2d4851a1d" />
    <TestEntry testId="952a8a71-b4cd-9818-5a02-92acc1efe8b0" executionId="49b05293-56e5-4476-bd9c-e92d6375736c" testListId="8c84fa94-04c1-424b-9868-57a2d4851a1d" />
    <TestEntry testId="aebaa27c-3bde-8f7b-ecd8-7d81a863224c" executionId="e6b7bf54-b16d-4431-8b05-20aa6a8a4469" testListId="8c84fa94-04c1-424b-9868-57a2d4851a1d" />
    <TestEntry testId="c449ff5e-a04c-65d2-8358-81dfa42bfb3c" executionId="77cea13b-996c-4934-82b8-1a92e5c63108" testListId="8c84fa94-04c1-424b-9868-57a2d4851a1d" />
    <TestEntry testId="c1baf7cd-baf6-a6dc-ac96-f4833dd5d5c5" executionId="50e06f26-5c13-4f77-bdd8-3f32135a0058" testListId="8c84fa94-04c1-424b-9868-57a2d4851a1d" />
    <TestEntry testId="9475ee7f-34ac-cccd-70a7-5737f1f061fd" executionId="3347f858-288d-40d7-9da1-422672f94508" testListId="8c84fa94-04c1-424b-9868-57a2d4851a1d" />
    <TestEntry testId="a0fa1c06-0e69-d238-e7ec-ec84e1e82659" executionId="42c194b6-45e4-4e29-bcad-a0e07137c2d0" testListId="8c84fa94-04c1-424b-9868-57a2d4851a1d" />
    <TestEntry testId="fcc963cf-c9d1-9b26-9125-b101615c7252" executionId="dc8788e5-8946-4723-a663-6cf205c47f26" testListId="8c84fa94-04c1-424b-9868-57a2d4851a1d" />
    <TestEntry testId="cf84fde5-5978-141c-c3a7-e0e4ca2b5a40" executionId="9c86c36a-9382-40a9-84a6-0a8a2b56413b" testListId="8c84fa94-04c1-424b-9868-57a2d4851a1d" />
    <TestEntry testId="f1e94523-e0bb-d4c8-8cba-98983116d729" executionId="071df55d-bd4a-4cbb-8ad7-088f15cfb1d3" testListId="8c84fa94-04c1-424b-9868-57a2d4851a1d" />
    <TestEntry testId="e96eba43-707e-f129-90f4-8d4bc696c294" executionId="e57dc029-83e5-4f18-9e90-7e43a2d1dbc2" testListId="8c84fa94-04c1-424b-9868-57a2d4851a1d" />
    <TestEntry testId="ef4bfb85-1bf8-c28e-ab05-376804b161f2" executionId="3a9ec830-948f-413c-9537-cbcd5819a023" testListId="8c84fa94-04c1-424b-9868-57a2d4851a1d" />
    <TestEntry testId="7a427c76-6277-3d44-85c8-288ce907545c" executionId="0a786659-e464-4243-a2dd-ceb416a26272" testListId="8c84fa94-04c1-424b-9868-57a2d4851a1d" />
    <TestEntry testId="8b7d5bc8-c8ce-1412-af68-97cd16f8e716" executionId="19cc0d0d-2d4c-47df-8b2c-7b89f4b53a73" testListId="8c84fa94-04c1-424b-9868-57a2d4851a1d" />
    <TestEntry testId="38e46477-e8cd-ebae-2dca-03d9894f248c" executionId="b069eaf5-1fbf-42a5-9c5f-88cb171db46c" testListId="8c84fa94-04c1-424b-9868-57a2d4851a1d" />
    <TestEntry testId="0d7c05bc-6d36-8126-cd8b-bc1a9c92e925" executionId="1dc9a0f0-1334-4a2f-a9c0-06fc6f9a74f6" testListId="8c84fa94-04c1-424b-9868-57a2d4851a1d" />
    <TestEntry testId="57c265eb-6f4f-6e64-cc22-19546a1d775a" executionId="d02cd280-f2e9-415a-941a-1a79abf3caa5" testListId="8c84fa94-04c1-424b-9868-57a2d4851a1d" />
    <TestEntry testId="b6a0f5fb-4bb7-97bd-2c15-5ee7f1f2c8d5" executionId="e79d97cc-8912-4fe7-9dea-a044e0007787" testListId="8c84fa94-04c1-424b-9868-57a2d4851a1d" />
    <TestEntry testId="dc8e12f0-fd89-2fdd-e7b5-0da90646fdd5" executionId="2143f2e3-e8a1-4094-820e-80e64112cfee" testListId="8c84fa94-04c1-424b-9868-57a2d4851a1d" />
    <TestEntry testId="c04916e9-b6ac-fd8a-dfdc-65e0247e2335" executionId="950078d1-57a2-452e-a25b-b9cdf9eb7fac" testListId="8c84fa94-04c1-424b-9868-57a2d4851a1d" />
    <TestEntry testId="3aedc30b-49f4-ff0f-680b-aad67022a5d1" executionId="64dfc0cc-dd33-4590-8c3a-131fc12e599e" testListId="8c84fa94-04c1-424b-9868-57a2d4851a1d" />
    <TestEntry testId="730f5bdd-2db2-1c8d-a33e-c1f9dd7b77f3" executionId="7df7999d-42a9-49ea-9008-1136e0f1537d" testListId="8c84fa94-04c1-424b-9868-57a2d4851a1d" />
    <TestEntry testId="9612546d-018d-a9c4-f710-6f8b93722d9b" executionId="962e0c84-9bad-4811-bbf2-fe5fa5b69f15" testListId="8c84fa94-04c1-424b-9868-57a2d4851a1d" />
    <TestEntry testId="4e5502ac-bda2-4618-9cdc-4a77f465f2cd" executionId="36462cb9-7586-49a8-a3ea-a27e4fe2b3ea" testListId="8c84fa94-04c1-424b-9868-57a2d4851a1d" />
    <TestEntry testId="c8cf448d-a8a9-06de-d925-6badd8bf6d0f" executionId="9ba976f4-fddf-4804-9580-99126c661f70" testListId="8c84fa94-04c1-424b-9868-57a2d4851a1d" />
  </TestEntries>
  <TestLists>
    <TestList name="Results Not in a List" id="8c84fa94-04c1-424b-9868-57a2d4851a1d" />
    <TestList name="All Loaded Results" id="19431567-8539-422a-85d7-44ee4e166bda" />
  </TestLists>
  <ResultSummary outcome="Failed">
    <Counters total="656" executed="652" passed="606" failed="46" error="0" timeout="0" aborted="0" inconclusive="0" passedButRunAborted="0" notRunnable="0" notExecuted="0" disconnected="0" warning="0" completed="0" inProgress="0" pending="0" />
    <Output>
      <StdOut>Test 'Find_EscapeSequenceWithPlusQuantifier_KnownLimitation' was skipped in the test run.
Test 'Find_AlphaSequenceWithPlusQuantifier_KnownLimitation' was skipped in the test run.
Test 'Find_StarQuantifierWithSpaces_KnownLimitation' was skipped in the test run.
Test 'Find_StarQuantifierWithLetters_KnownLimitation' was skipped in the test run.
</StdOut>
    </Output>
  </ResultSummary>
</TestRun>