<?xml version="1.0" encoding="utf-8"?>
<TestRun id="de5216e0-4893-4546-8741-126b28cc07e2" name="@dadsmbp 2025-08-22 08:10:55" xmlns="http://microsoft.com/schemas/VisualStudio/TeamTest/2010">
  <Times creation="2025-08-22T08:10:55.8827260-04:00" queuing="2025-08-22T08:10:55.8827260-04:00" start="2025-08-22T08:10:55.6070850-04:00" finish="2025-08-22T08:10:55.8950560-04:00" />
  <TestSettings name="default" id="d3f885a8-c00e-4c6b-a666-6f9d36dab058">
    <Deployment runDeploymentRoot="_dadsmbp_2025-08-22_08_10_55" />
  </TestSettings>
  <Results>
    <UnitTestResult executionId="8e55e287-76a7-46b5-b78a-92e710459c48" testId="c0ebb1e9-08ad-10a1-df68-ea7095d9eee2" testName="Generate_StringConcatenation_WorksCorrectly" computerName="dadsmbp" duration="00:00:00.0101253" startTime="2025-08-22T08:10:55.8247010-04:00" endTime="2025-08-22T08:10:55.8397650-04:00" testType="13cdc9d9-ddb5-4fa4-a97d-d965ccfc6d4b" outcome="Passed" testListId="8c84fa94-04c1-424b-9868-57a2d4851a1d" relativeResultsDirectory="8e55e287-76a7-46b5-b78a-92e710459c48" />
    <UnitTestResult executionId="0fb5775e-8964-410b-a55f-a74a206a7403" testId="8f5ff8ee-95a5-9903-dd91-e367d6400e49" testName="TestConditionalLogic" computerName="dadsmbp" duration="00:00:00.0396112" startTime="2025-08-22T08:10:55.8245400-04:00" endTime="2025-08-22T08:10:55.8695230-04:00" testType="13cdc9d9-ddb5-4fa4-a97d-d965ccfc6d4b" outcome="Passed" testListId="8c84fa94-04c1-424b-9868-57a2d4851a1d" relativeResultsDirectory="0fb5775e-8964-410b-a55f-a74a206a7403" />
    <UnitTestResult executionId="17f92c76-753d-407b-8fc2-4eac26244f22" testId="05b45c7a-7b61-af78-c874-e07bbacad5d4" testName="TestSimpleExpression" computerName="dadsmbp" duration="00:00:00.0384797" startTime="2025-08-22T08:10:55.8245090-04:00" endTime="2025-08-22T08:10:55.8681200-04:00" testType="13cdc9d9-ddb5-4fa4-a97d-d965ccfc6d4b" outcome="Passed" testListId="8c84fa94-04c1-424b-9868-57a2d4851a1d" relativeResultsDirectory="17f92c76-753d-407b-8fc2-4eac26244f22" />
    <UnitTestResult executionId="283b40af-76de-4bd6-9f2c-ba897ae9e7d2" testId="104f923f-4173-17fc-69e8-fd6982f7395a" testName="TestNameTranslation" computerName="dadsmbp" duration="00:00:00.0385360" startTime="2025-08-22T08:10:55.8245390-04:00" endTime="2025-08-22T08:10:55.8681510-04:00" testType="13cdc9d9-ddb5-4fa4-a97d-d965ccfc6d4b" outcome="Passed" testListId="8c84fa94-04c1-424b-9868-57a2d4851a1d" relativeResultsDirectory="283b40af-76de-4bd6-9f2c-ba897ae9e7d2" />
    <UnitTestResult executionId="8e151112-9374-419e-9bec-25e18a18565e" testId="a136f953-1daa-333f-6cc5-1ea1b293423d" testName="Generate_BooleanOperations_WorkCorrectly" computerName="dadsmbp" duration="00:00:00.0031582" startTime="2025-08-22T08:10:55.8364520-04:00" endTime="2025-08-22T08:10:55.8397160-04:00" testType="13cdc9d9-ddb5-4fa4-a97d-d965ccfc6d4b" outcome="Passed" testListId="8c84fa94-04c1-424b-9868-57a2d4851a1d" relativeResultsDirectory="8e151112-9374-419e-9bec-25e18a18565e" />
    <UnitTestResult executionId="571e132d-1d4d-43fc-aede-5fe674f60fbc" testId="ed43ec2e-4199-0aa3-fd8f-82a92383f136" testName="TestMethod1" computerName="dadsmbp" duration="00:00:00.0004730" startTime="2025-08-22T08:10:55.8366860-04:00" endTime="2025-08-22T08:10:55.8387670-04:00" testType="13cdc9d9-ddb5-4fa4-a97d-d965ccfc6d4b" outcome="Passed" testListId="8c84fa94-04c1-424b-9868-57a2d4851a1d" relativeResultsDirectory="571e132d-1d4d-43fc-aede-5fe674f60fbc" />
    <UnitTestResult executionId="fb13ec8f-3c56-45cd-9293-5701607bd324" testId="94d18b1c-ca84-857a-5fed-cec2bc8cdaf2" testName="Generate_EnvironmentVariableAccess_WorksCorrectly" computerName="dadsmbp" duration="00:00:00.0042920" startTime="2025-08-22T08:10:55.8364660-04:00" endTime="2025-08-22T08:10:55.8408320-04:00" testType="13cdc9d9-ddb5-4fa4-a97d-d965ccfc6d4b" outcome="Passed" testListId="8c84fa94-04c1-424b-9868-57a2d4851a1d" relativeResultsDirectory="fb13ec8f-3c56-45cd-9293-5701607bd324" />
    <UnitTestResult executionId="3eac295c-af1c-4c2d-a232-56c21762142e" testId="0837e4f5-dcb8-e07e-2613-fe53ca3ffdd5" testName="Generate_MultipleArithmeticOperations_AllWork" computerName="dadsmbp" duration="00:00:00.0116168" startTime="2025-08-22T08:10:55.8246320-04:00" endTime="2025-08-22T08:10:55.8412710-04:00" testType="13cdc9d9-ddb5-4fa4-a97d-d965ccfc6d4b" outcome="Passed" testListId="8c84fa94-04c1-424b-9868-57a2d4851a1d" relativeResultsDirectory="3eac295c-af1c-4c2d-a232-56c21762142e" />
    <UnitTestResult executionId="d47a03b0-df9c-4d1a-be12-45c2c76d8e65" testId="b06a484f-4618-73a2-cda2-2c151396c512" testName="Generate_LocalVariables_WorkCorrectly" computerName="dadsmbp" duration="00:00:00.0112180" startTime="2025-08-22T08:10:55.8246690-04:00" endTime="2025-08-22T08:10:55.8409200-04:00" testType="13cdc9d9-ddb5-4fa4-a97d-d965ccfc6d4b" outcome="Passed" testListId="8c84fa94-04c1-424b-9868-57a2d4851a1d" relativeResultsDirectory="d47a03b0-df9c-4d1a-be12-45c2c76d8e65" />
    <UnitTestResult executionId="cd56e5e5-9bf8-4490-ba5f-131d1b6082f6" testId="f71c76a7-cca9-8eac-b876-1cc83af6e19d" testName="TestMethodCall" computerName="dadsmbp" duration="00:00:00.0383766" startTime="2025-08-22T08:10:55.8245360-04:00" endTime="2025-08-22T08:10:55.8680550-04:00" testType="13cdc9d9-ddb5-4fa4-a97d-d965ccfc6d4b" outcome="Passed" testListId="8c84fa94-04c1-424b-9868-57a2d4851a1d" relativeResultsDirectory="cd56e5e5-9bf8-4490-ba5f-131d1b6082f6" />
    <UnitTestResult executionId="8389b8f1-cd3c-46d0-a3aa-b01a2a443812" testId="9680e231-b1b6-9a77-8f90-4cfee21f662c" testName="TestPropertyAccess" computerName="dadsmbp" duration="00:00:00.0384281" startTime="2025-08-22T08:10:55.8245190-04:00" endTime="2025-08-22T08:10:55.8680550-04:00" testType="13cdc9d9-ddb5-4fa4-a97d-d965ccfc6d4b" outcome="Passed" testListId="8c84fa94-04c1-424b-9868-57a2d4851a1d" relativeResultsDirectory="8389b8f1-cd3c-46d0-a3aa-b01a2a443812" />
    <UnitTestResult executionId="ffd17e35-714d-4a4d-bec9-3b367154329c" testId="2e068a36-96c2-1f6c-72f9-e07f1731aff6" testName="Generate_SimpleArithmetic_CreatesCorrectExpression" computerName="dadsmbp" duration="00:00:00.0112419" startTime="2025-08-22T08:10:55.8245910-04:00" endTime="2025-08-22T08:10:55.8409100-04:00" testType="13cdc9d9-ddb5-4fa4-a97d-d965ccfc6d4b" outcome="Passed" testListId="8c84fa94-04c1-424b-9868-57a2d4851a1d" relativeResultsDirectory="ffd17e35-714d-4a4d-bec9-3b367154329c" />
  </Results>
  <TestDefinitions>
    <UnitTest name="Generate_LocalVariables_WorkCorrectly" storage="/users/bill/repos/flua/flua.compiler.tests/bin/debug/net8.0/flua.compiler.tests.dll" id="b06a484f-4618-73a2-cda2-2c151396c512">
      <Execution id="d47a03b0-df9c-4d1a-be12-45c2c76d8e65" />
      <TestMethod codeBase="/Users/bill/Repos/FLua/FLua.Compiler.Tests/bin/Debug/net8.0/FLua.Compiler.Tests.dll" adapterTypeName="executor://mstestadapter/v2" className="FLua.Compiler.Tests.MinimalExpressionTreeGeneratorTests" name="Generate_LocalVariables_WorkCorrectly" />
    </UnitTest>
    <UnitTest name="Generate_BooleanOperations_WorkCorrectly" storage="/users/bill/repos/flua/flua.compiler.tests/bin/debug/net8.0/flua.compiler.tests.dll" id="a136f953-1daa-333f-6cc5-1ea1b293423d">
      <Execution id="8e151112-9374-419e-9bec-25e18a18565e" />
      <TestMethod codeBase="/Users/bill/Repos/FLua/FLua.Compiler.Tests/bin/Debug/net8.0/FLua.Compiler.Tests.dll" adapterTypeName="executor://mstestadapter/v2" className="FLua.Compiler.Tests.MinimalExpressionTreeGeneratorTests" name="Generate_BooleanOperations_WorkCorrectly" />
    </UnitTest>
    <UnitTest name="Generate_EnvironmentVariableAccess_WorksCorrectly" storage="/users/bill/repos/flua/flua.compiler.tests/bin/debug/net8.0/flua.compiler.tests.dll" id="94d18b1c-ca84-857a-5fed-cec2bc8cdaf2">
      <Execution id="fb13ec8f-3c56-45cd-9293-5701607bd324" />
      <TestMethod codeBase="/Users/bill/Repos/FLua/FLua.Compiler.Tests/bin/Debug/net8.0/FLua.Compiler.Tests.dll" adapterTypeName="executor://mstestadapter/v2" className="FLua.Compiler.Tests.MinimalExpressionTreeGeneratorTests" name="Generate_EnvironmentVariableAccess_WorksCorrectly" />
    </UnitTest>
    <UnitTest name="TestPropertyAccess" storage="/users/bill/repos/flua/flua.compiler.tests/bin/debug/net8.0/flua.compiler.tests.dll" id="9680e231-b1b6-9a77-8f90-4cfee21f662c">
      <Execution id="8389b8f1-cd3c-46d0-a3aa-b01a2a443812" />
      <TestMethod codeBase="/Users/bill/Repos/FLua/FLua.Compiler.Tests/bin/Debug/net8.0/FLua.Compiler.Tests.dll" adapterTypeName="executor://mstestadapter/v2" className="FLua.Compiler.Tests.ContextBoundCompilerTests" name="TestPropertyAccess" />
    </UnitTest>
    <UnitTest name="TestSimpleExpression" storage="/users/bill/repos/flua/flua.compiler.tests/bin/debug/net8.0/flua.compiler.tests.dll" id="05b45c7a-7b61-af78-c874-e07bbacad5d4">
      <Execution id="17f92c76-753d-407b-8fc2-4eac26244f22" />
      <TestMethod codeBase="/Users/bill/Repos/FLua/FLua.Compiler.Tests/bin/Debug/net8.0/FLua.Compiler.Tests.dll" adapterTypeName="executor://mstestadapter/v2" className="FLua.Compiler.Tests.ContextBoundCompilerTests" name="TestSimpleExpression" />
    </UnitTest>
    <UnitTest name="Generate_MultipleArithmeticOperations_AllWork" storage="/users/bill/repos/flua/flua.compiler.tests/bin/debug/net8.0/flua.compiler.tests.dll" id="0837e4f5-dcb8-e07e-2613-fe53ca3ffdd5">
      <Execution id="3eac295c-af1c-4c2d-a232-56c21762142e" />
      <TestMethod codeBase="/Users/bill/Repos/FLua/FLua.Compiler.Tests/bin/Debug/net8.0/FLua.Compiler.Tests.dll" adapterTypeName="executor://mstestadapter/v2" className="FLua.Compiler.Tests.MinimalExpressionTreeGeneratorTests" name="Generate_MultipleArithmeticOperations_AllWork" />
    </UnitTest>
    <UnitTest name="Generate_SimpleArithmetic_CreatesCorrectExpression" storage="/users/bill/repos/flua/flua.compiler.tests/bin/debug/net8.0/flua.compiler.tests.dll" id="2e068a36-96c2-1f6c-72f9-e07f1731aff6">
      <Execution id="ffd17e35-714d-4a4d-bec9-3b367154329c" />
      <TestMethod codeBase="/Users/bill/Repos/FLua/FLua.Compiler.Tests/bin/Debug/net8.0/FLua.Compiler.Tests.dll" adapterTypeName="executor://mstestadapter/v2" className="FLua.Compiler.Tests.MinimalExpressionTreeGeneratorTests" name="Generate_SimpleArithmetic_CreatesCorrectExpression" />
    </UnitTest>
    <UnitTest name="Generate_StringConcatenation_WorksCorrectly" storage="/users/bill/repos/flua/flua.compiler.tests/bin/debug/net8.0/flua.compiler.tests.dll" id="c0ebb1e9-08ad-10a1-df68-ea7095d9eee2">
      <Execution id="8e55e287-76a7-46b5-b78a-92e710459c48" />
      <TestMethod codeBase="/Users/bill/Repos/FLua/FLua.Compiler.Tests/bin/Debug/net8.0/FLua.Compiler.Tests.dll" adapterTypeName="executor://mstestadapter/v2" className="FLua.Compiler.Tests.MinimalExpressionTreeGeneratorTests" name="Generate_StringConcatenation_WorksCorrectly" />
    </UnitTest>
    <UnitTest name="TestConditionalLogic" storage="/users/bill/repos/flua/flua.compiler.tests/bin/debug/net8.0/flua.compiler.tests.dll" id="8f5ff8ee-95a5-9903-dd91-e367d6400e49">
      <Execution id="0fb5775e-8964-410b-a55f-a74a206a7403" />
      <TestMethod codeBase="/Users/bill/Repos/FLua/FLua.Compiler.Tests/bin/Debug/net8.0/FLua.Compiler.Tests.dll" adapterTypeName="executor://mstestadapter/v2" className="FLua.Compiler.Tests.ContextBoundCompilerTests" name="TestConditionalLogic" />
    </UnitTest>
    <UnitTest name="TestMethodCall" storage="/users/bill/repos/flua/flua.compiler.tests/bin/debug/net8.0/flua.compiler.tests.dll" id="f71c76a7-cca9-8eac-b876-1cc83af6e19d">
      <Execution id="cd56e5e5-9bf8-4490-ba5f-131d1b6082f6" />
      <TestMethod codeBase="/Users/bill/Repos/FLua/FLua.Compiler.Tests/bin/Debug/net8.0/FLua.Compiler.Tests.dll" adapterTypeName="executor://mstestadapter/v2" className="FLua.Compiler.Tests.ContextBoundCompilerTests" name="TestMethodCall" />
    </UnitTest>
    <UnitTest name="TestNameTranslation" storage="/users/bill/repos/flua/flua.compiler.tests/bin/debug/net8.0/flua.compiler.tests.dll" id="104f923f-4173-17fc-69e8-fd6982f7395a">
      <Execution id="283b40af-76de-4bd6-9f2c-ba897ae9e7d2" />
      <TestMethod codeBase="/Users/bill/Repos/FLua/FLua.Compiler.Tests/bin/Debug/net8.0/FLua.Compiler.Tests.dll" adapterTypeName="executor://mstestadapter/v2" className="FLua.Compiler.Tests.ContextBoundCompilerTests" name="TestNameTranslation" />
    </UnitTest>
    <UnitTest name="TestMethod1" storage="/users/bill/repos/flua/flua.compiler.tests/bin/debug/net8.0/flua.compiler.tests.dll" id="ed43ec2e-4199-0aa3-fd8f-82a92383f136">
      <Execution id="571e132d-1d4d-43fc-aede-5fe674f60fbc" />
      <TestMethod codeBase="/Users/bill/Repos/FLua/FLua.Compiler.Tests/bin/Debug/net8.0/FLua.Compiler.Tests.dll" adapterTypeName="executor://mstestadapter/v2" className="FLua.Compiler.Tests.Test1" name="TestMethod1" />
    </UnitTest>
  </TestDefinitions>
  <TestEntries>
    <TestEntry testId="c0ebb1e9-08ad-10a1-df68-ea7095d9eee2" executionId="8e55e287-76a7-46b5-b78a-92e710459c48" testListId="8c84fa94-04c1-424b-9868-57a2d4851a1d" />
    <TestEntry testId="8f5ff8ee-95a5-9903-dd91-e367d6400e49" executionId="0fb5775e-8964-410b-a55f-a74a206a7403" testListId="8c84fa94-04c1-424b-9868-57a2d4851a1d" />
    <TestEntry testId="05b45c7a-7b61-af78-c874-e07bbacad5d4" executionId="17f92c76-753d-407b-8fc2-4eac26244f22" testListId="8c84fa94-04c1-424b-9868-57a2d4851a1d" />
    <TestEntry testId="104f923f-4173-17fc-69e8-fd6982f7395a" executionId="283b40af-76de-4bd6-9f2c-ba897ae9e7d2" testListId="8c84fa94-04c1-424b-9868-57a2d4851a1d" />
    <TestEntry testId="a136f953-1daa-333f-6cc5-1ea1b293423d" executionId="8e151112-9374-419e-9bec-25e18a18565e" testListId="8c84fa94-04c1-424b-9868-57a2d4851a1d" />
    <TestEntry testId="ed43ec2e-4199-0aa3-fd8f-82a92383f136" executionId="571e132d-1d4d-43fc-aede-5fe674f60fbc" testListId="8c84fa94-04c1-424b-9868-57a2d4851a1d" />
    <TestEntry testId="94d18b1c-ca84-857a-5fed-cec2bc8cdaf2" executionId="fb13ec8f-3c56-45cd-9293-5701607bd324" testListId="8c84fa94-04c1-424b-9868-57a2d4851a1d" />
    <TestEntry testId="0837e4f5-dcb8-e07e-2613-fe53ca3ffdd5" executionId="3eac295c-af1c-4c2d-a232-56c21762142e" testListId="8c84fa94-04c1-424b-9868-57a2d4851a1d" />
    <TestEntry testId="b06a484f-4618-73a2-cda2-2c151396c512" executionId="d47a03b0-df9c-4d1a-be12-45c2c76d8e65" testListId="8c84fa94-04c1-424b-9868-57a2d4851a1d" />
    <TestEntry testId="f71c76a7-cca9-8eac-b876-1cc83af6e19d" executionId="cd56e5e5-9bf8-4490-ba5f-131d1b6082f6" testListId="8c84fa94-04c1-424b-9868-57a2d4851a1d" />
    <TestEntry testId="9680e231-b1b6-9a77-8f90-4cfee21f662c" executionId="8389b8f1-cd3c-46d0-a3aa-b01a2a443812" testListId="8c84fa94-04c1-424b-9868-57a2d4851a1d" />
    <TestEntry testId="2e068a36-96c2-1f6c-72f9-e07f1731aff6" executionId="ffd17e35-714d-4a4d-bec9-3b367154329c" testListId="8c84fa94-04c1-424b-9868-57a2d4851a1d" />
  </TestEntries>
  <TestLists>
    <TestList name="Results Not in a List" id="8c84fa94-04c1-424b-9868-57a2d4851a1d" />
    <TestList name="All Loaded Results" id="19431567-8539-422a-85d7-44ee4e166bda" />
  </TestLists>
  <ResultSummary outcome="Completed">
    <Counters total="12" executed="12" passed="12" failed="0" error="0" timeout="0" aborted="0" inconclusive="0" passedButRunAborted="0" notRunnable="0" notExecuted="0" disconnected="0" warning="0" completed="0" inProgress="0" pending="0" />
    <Output>
      <StdOut>MSTest Executor: Test Parallelization enabled for /Users/bill/Repos/FLua/FLua.Compiler.Tests/bin/Debug/net8.0/FLua.Compiler.Tests.dll (Workers: 16, Scope: MethodLevel).
</StdOut>
    </Output>
  </ResultSummary>
</TestRun>