<?xml version="1.0" encoding="utf-8"?>
<TestRun id="db430d63-d74c-4b9e-9bf3-6db0633bbfb3" name="@dadsmbp 2025-08-22 08:18:24" xmlns="http://microsoft.com/schemas/VisualStudio/TeamTest/2010">
  <Times creation="2025-08-22T08:18:24.3934890-04:00" queuing="2025-08-22T08:18:24.3934890-04:00" start="2025-08-22T08:18:23.8417600-04:00" finish="2025-08-22T08:18:24.5984480-04:00" />
  <TestSettings name="default" id="14ae93f1-3b60-4d2d-8057-412649502634">
    <Deployment runDeploymentRoot="_dadsmbp_2025-08-22_08_18_24" />
  </TestSettings>
  <Results>
    <UnitTestResult executionId="6358082e-4ec9-4954-ac87-d9940840bfcb" testId="28956f83-5909-2465-c921-e81fa45af59d" testName="Parser Tests.Statement Parser Tests.Basic Statements.multiple assignment" computerName="dadsmbp" duration="00:00:00.0010000" startTime="2025-08-22T08:18:24.4755170-04:00" endTime="2025-08-22T08:18:24.4775830-04:00" testType="13cdc9d9-ddb5-4fa4-a97d-d965ccfc6d4b" outcome="Passed" testListId="8c84fa94-04c1-424b-9868-57a2d4851a1d" relativeResultsDirectory="6358082e-4ec9-4954-ac87-d9940840bfcb" />
    <UnitTestResult executionId="f5836d5b-21f2-4637-a4bb-cb57edb9e168" testId="37da12f7-31a3-327d-1172-79e133b6c0c6" testName="String escape sequences.Unicode escape" computerName="dadsmbp" duration="00:00:00.0040000" startTime="2025-08-22T08:18:24.5411800-04:00" endTime="2025-08-22T08:18:24.5462230-04:00" testType="13cdc9d9-ddb5-4fa4-a97d-d965ccfc6d4b" outcome="Passed" testListId="8c84fa94-04c1-424b-9868-57a2d4851a1d" relativeResultsDirectory="f5836d5b-21f2-4637-a4bb-cb57edb9e168" />
    <UnitTestResult executionId="5e4d4cf7-c339-40c4-a5ab-23b4ebb0414b" testId="9941d091-0d12-9ab4-3186-9c070f874a75" testName="Parser Tests.Statement Parser Tests.Control Flow Statements.Labels and Goto.goto with underscore" computerName="dadsmbp" startTime="2025-08-22T08:18:24.4973650-04:00" endTime="2025-08-22T08:18:24.4974700-04:00" testType="13cdc9d9-ddb5-4fa4-a97d-d965ccfc6d4b" outcome="Passed" testListId="8c84fa94-04c1-424b-9868-57a2d4851a1d" relativeResultsDirectory="5e4d4cf7-c339-40c4-a5ab-23b4ebb0414b" />
    <UnitTestResult executionId="8a3647c6-2673-4cdb-b833-a164b41ddcc1" testId="ffc50473-1728-3b39-765c-2603db6d395a" testName="Parser Tests.Statement Parser Tests.Basic Statements.assignment with expressions" computerName="dadsmbp" duration="00:00:00.0010000" startTime="2025-08-22T08:18:24.4755270-04:00" endTime="2025-08-22T08:18:24.4775780-04:00" testType="13cdc9d9-ddb5-4fa4-a97d-d965ccfc6d4b" outcome="Passed" testListId="8c84fa94-04c1-424b-9868-57a2d4851a1d" relativeResultsDirectory="8a3647c6-2673-4cdb-b833-a164b41ddcc1" />
    <UnitTestResult executionId="dbd108a3-1b8a-49ba-bb2d-f6020a6cb091" testId="2f3f10ea-dadb-86ef-4da9-f3e8ca2875bf" testName="Parser Tests.Expression Parser Tests.Comparison Operators.equal" computerName="dadsmbp" startTime="2025-08-22T08:18:24.4313350-04:00" endTime="2025-08-22T08:18:24.4317780-04:00" testType="13cdc9d9-ddb5-4fa4-a97d-d965ccfc6d4b" outcome="Passed" testListId="8c84fa94-04c1-424b-9868-57a2d4851a1d" relativeResultsDirectory="dbd108a3-1b8a-49ba-bb2d-f6020a6cb091" />
    <UnitTestResult executionId="167e2d34-5f1d-4f6a-80d4-abcf37178fb9" testId="436116f5-bf6c-9584-a37a-ff3cdf214fe2" testName="Parser Tests.Statement Parser Tests.Variable Attributes.Local Variable Attributes.multiple variables with mixed attributes" computerName="dadsmbp" startTime="2025-08-22T08:18:24.5081140-04:00" endTime="2025-08-22T08:18:24.5084640-04:00" testType="13cdc9d9-ddb5-4fa4-a97d-d965ccfc6d4b" outcome="Passed" testListId="8c84fa94-04c1-424b-9868-57a2d4851a1d" relativeResultsDirectory="167e2d34-5f1d-4f6a-80d4-abcf37178fb9" />
    <UnitTestResult executionId="c87de7e7-5123-4a14-9bde-b011578c8557" testId="7629efc5-22c4-69dc-f7ed-95c284f64f2c" testName="Parser Tests.Expression Parser Tests.Literals.escape carriage return" computerName="dadsmbp" startTime="2025-08-22T08:18:24.3876280-04:00" endTime="2025-08-22T08:18:24.3883060-04:00" testType="13cdc9d9-ddb5-4fa4-a97d-d965ccfc6d4b" outcome="Passed" testListId="8c84fa94-04c1-424b-9868-57a2d4851a1d" relativeResultsDirectory="c87de7e7-5123-4a14-9bde-b011578c8557" />
    <UnitTestResult executionId="f77da348-63fc-48f2-823f-144e74867c06" testId="8dfd896c-4a4b-dcc4-c53c-56fdcd545dd6" testName="Parser Tests.Expression Parser Tests.Complex Expressions.mixed operators" computerName="dadsmbp" startTime="2025-08-22T08:18:24.4313980-04:00" endTime="2025-08-22T08:18:24.4320860-04:00" testType="13cdc9d9-ddb5-4fa4-a97d-d965ccfc6d4b" outcome="Passed" testListId="8c84fa94-04c1-424b-9868-57a2d4851a1d" relativeResultsDirectory="f77da348-63fc-48f2-823f-144e74867c06" />
    <UnitTestResult executionId="427dc202-3c52-4ba3-b325-64a96433f980" testId="c1a072c2-ee01-a7ae-6887-46b271e84c2b" testName="Parser Tests.Expression Parser Tests.Method Calls.method call with long string multiline" computerName="dadsmbp" startTime="2025-08-22T08:18:24.4640470-04:00" endTime="2025-08-22T08:18:24.4641500-04:00" testType="13cdc9d9-ddb5-4fa4-a97d-d965ccfc6d4b" outcome="Passed" testListId="8c84fa94-04c1-424b-9868-57a2d4851a1d" relativeResultsDirectory="427dc202-3c52-4ba3-b325-64a96433f980" />
    <UnitTestResult executionId="0a333407-566d-4018-859c-29b62776864e" testId="a5c15af2-bd63-9071-a28b-992426b66362" testName="Parser Tests.Expression Parser Tests.Literals.negative hex float" computerName="dadsmbp" startTime="2025-08-22T08:18:24.3636650-04:00" endTime="2025-08-22T08:18:24.3778830-04:00" testType="13cdc9d9-ddb5-4fa4-a97d-d965ccfc6d4b" outcome="Passed" testListId="8c84fa94-04c1-424b-9868-57a2d4851a1d" relativeResultsDirectory="0a333407-566d-4018-859c-29b62776864e" />
    <UnitTestResult executionId="528a1a8d-d220-42e9-9d18-01b219783404" testId="f1daec19-81ab-0a86-67a4-55383baf385f" testName="Parser Tests.Expression Parser Tests.Literals.decimal escape two digits" computerName="dadsmbp" startTime="2025-08-22T08:18:24.3878320-04:00" endTime="2025-08-22T08:18:24.3884010-04:00" testType="13cdc9d9-ddb5-4fa4-a97d-d965ccfc6d4b" outcome="Passed" testListId="8c84fa94-04c1-424b-9868-57a2d4851a1d" relativeResultsDirectory="528a1a8d-d220-42e9-9d18-01b219783404" />
    <UnitTestResult executionId="946dbd3c-cfc1-45cf-89cb-49c71e4b2e76" testId="a14baa81-afe4-ffee-4549-d9c74ec6ed97" testName="Parser Tests.Statement Parser Tests.Variable Attributes.Generic For Attributes.generic for with mixed attributes" computerName="dadsmbp" startTime="2025-08-22T08:18:24.5191140-04:00" endTime="2025-08-22T08:18:24.5193860-04:00" testType="13cdc9d9-ddb5-4fa4-a97d-d965ccfc6d4b" outcome="Passed" testListId="8c84fa94-04c1-424b-9868-57a2d4851a1d" relativeResultsDirectory="946dbd3c-cfc1-45cf-89cb-49c71e4b2e76" />
    <UnitTestResult executionId="9d72000b-bbca-4dee-9814-58dd09c005bc" testId="ee6bd5ed-b0fa-e4dd-f322-54c174b3d129" testName="Parser Tests.Expression Parser Tests.Function Expressions.empty function" computerName="dadsmbp" duration="00:00:00.0010000" startTime="2025-08-22T08:18:24.4753960-04:00" endTime="2025-08-22T08:18:24.4769760-04:00" testType="13cdc9d9-ddb5-4fa4-a97d-d965ccfc6d4b" outcome="Passed" testListId="8c84fa94-04c1-424b-9868-57a2d4851a1d" relativeResultsDirectory="9d72000b-bbca-4dee-9814-58dd09c005bc" />
    <UnitTestResult executionId="cc30fb7c-1fd4-4fdc-ba25-41f975bfd93b" testId="c6c69823-0e8f-a585-91ca-73273148719d" testName="Parser Tests.Expression Parser Tests.Table Constructors.Key Fields.key field with expression" computerName="dadsmbp" startTime="2025-08-22T08:18:24.4642110-04:00" endTime="2025-08-22T08:18:24.4649060-04:00" testType="13cdc9d9-ddb5-4fa4-a97d-d965ccfc6d4b" outcome="Passed" testListId="8c84fa94-04c1-424b-9868-57a2d4851a1d" relativeResultsDirectory="cc30fb7c-1fd4-4fdc-ba25-41f975bfd93b" />
    <UnitTestResult executionId="0382f06a-3c9b-4822-8509-65ccb56557e1" testId="f720ad31-ae74-79e7-22fb-fd540fe1e410" testName="Parser Tests.Statement Parser Tests.Variable Attributes.Generic For Attributes.generic for with const variable" computerName="dadsmbp" startTime="2025-08-22T08:18:24.5191000-04:00" endTime="2025-08-22T08:18:24.5191750-04:00" testType="13cdc9d9-ddb5-4fa4-a97d-d965ccfc6d4b" outcome="Passed" testListId="8c84fa94-04c1-424b-9868-57a2d4851a1d" relativeResultsDirectory="0382f06a-3c9b-4822-8509-65ccb56557e1" />
    <UnitTestResult executionId="3a029f00-fefa-42f2-90f0-52bdecaf2203" testId="bc8aacaf-5f55-4f78-74de-8b2898429afa" testName="Parser Tests.Statement Parser Tests.Parser Fixes.Table Assignment at Statement Level (Fixed).multiple table assignment" computerName="dadsmbp" startTime="2025-08-22T08:18:24.5191670-04:00" endTime="2025-08-22T08:18:24.5195060-04:00" testType="13cdc9d9-ddb5-4fa4-a97d-d965ccfc6d4b" outcome="Passed" testListId="8c84fa94-04c1-424b-9868-57a2d4851a1d" relativeResultsDirectory="3a029f00-fefa-42f2-90f0-52bdecaf2203" />
    <UnitTestResult executionId="c41e88f2-63ff-427e-8e20-d62be60b9e00" testId="21209d58-9833-62ae-f6ea-f4976a9ae006" testName="Parser Tests.Expression Parser Tests.Table Constructors.Complex Examples.deeply nested tables" computerName="dadsmbp" startTime="2025-08-22T08:18:24.4753780-04:00" endTime="2025-08-22T08:18:24.4756520-04:00" testType="13cdc9d9-ddb5-4fa4-a97d-d965ccfc6d4b" outcome="Passed" testListId="8c84fa94-04c1-424b-9868-57a2d4851a1d" relativeResultsDirectory="c41e88f2-63ff-427e-8e20-d62be60b9e00" />
    <UnitTestResult executionId="0f301502-7fad-4bab-95b4-1ad8f44ab0c6" testId="bf42d420-5348-a17d-f0f1-75c223705f03" testName="Parser Tests.Expression Parser Tests.Unary Operators.not" computerName="dadsmbp" startTime="2025-08-22T08:18:24.4099020-04:00" endTime="2025-08-22T08:18:24.4103240-04:00" testType="13cdc9d9-ddb5-4fa4-a97d-d965ccfc6d4b" outcome="Passed" testListId="8c84fa94-04c1-424b-9868-57a2d4851a1d" relativeResultsDirectory="0f301502-7fad-4bab-95b4-1ad8f44ab0c6" />
    <UnitTestResult executionId="459dff17-c1d7-4aa7-9cde-7c4299446bc9" testId="7254bc38-d0ef-97ce-6b01-c2b0df4e1184" testName="Operator precedence.Arithmetic precedence" computerName="dadsmbp" duration="00:00:00.0020000" startTime="2025-08-22T08:18:24.5518230-04:00" endTime="2025-08-22T08:18:24.5538620-04:00" testType="13cdc9d9-ddb5-4fa4-a97d-d965ccfc6d4b" outcome="Passed" testListId="8c84fa94-04c1-424b-9868-57a2d4851a1d" relativeResultsDirectory="459dff17-c1d7-4aa7-9cde-7c4299446bc9" />
    <UnitTestResult executionId="9892460a-9fa3-4f2b-8392-ecff133eb7d4" testId="879bc477-5080-4fcf-e639-e827fa9c2556" testName="Parser Tests.Expression Parser Tests.Literals.escape form feed" computerName="dadsmbp" startTime="2025-08-22T08:18:24.3876240-04:00" endTime="2025-08-22T08:18:24.3882890-04:00" testType="13cdc9d9-ddb5-4fa4-a97d-d965ccfc6d4b" outcome="Passed" testListId="8c84fa94-04c1-424b-9868-57a2d4851a1d" relativeResultsDirectory="9892460a-9fa3-4f2b-8392-ecff133eb7d4" />
    <UnitTestResult executionId="f76efbf2-9079-42e0-ba75-0f0c3d134482" testId="74d64d57-23b6-db5a-27b8-8384e8cfe593" testName="Decimal number parsing.Numbers starting with dot" computerName="dadsmbp" startTime="2025-08-22T08:18:24.5404710-04:00" endTime="2025-08-22T08:18:24.5413680-04:00" testType="13cdc9d9-ddb5-4fa4-a97d-d965ccfc6d4b" outcome="Passed" testListId="8c84fa94-04c1-424b-9868-57a2d4851a1d" relativeResultsDirectory="f76efbf2-9079-42e0-ba75-0f0c3d134482" />
    <UnitTestResult executionId="682b80fc-f88c-4189-8d93-fe46e178d9b4" testId="f8e7b8a6-9a5d-992c-06a6-7db03c0015d3" testName="Parser Tests.Expression Parser Tests.Power Operator.simple power" computerName="dadsmbp" startTime="2025-08-22T08:18:24.4206140-04:00" endTime="2025-08-22T08:18:24.4213680-04:00" testType="13cdc9d9-ddb5-4fa4-a97d-d965ccfc6d4b" outcome="Passed" testListId="8c84fa94-04c1-424b-9868-57a2d4851a1d" relativeResultsDirectory="682b80fc-f88c-4189-8d93-fe46e178d9b4" />
    <UnitTestResult executionId="15527972-e6ec-48fc-a059-e9f12695f4e0" testId="45db1f03-5434-2f8a-352f-bbb37bed0c95" testName="Parser Tests.Expression Parser Tests.Literals.escape tab" computerName="dadsmbp" startTime="2025-08-22T08:18:24.3873870-04:00" endTime="2025-08-22T08:18:24.3874960-04:00" testType="13cdc9d9-ddb5-4fa4-a97d-d965ccfc6d4b" outcome="Passed" testListId="8c84fa94-04c1-424b-9868-57a2d4851a1d" relativeResultsDirectory="15527972-e6ec-48fc-a059-e9f12695f4e0" />
    <UnitTestResult executionId="171cf174-07e3-408c-a97d-7ab6916b61aa" testId="65098e0b-d31f-493f-f5c7-89b21212d75c" testName="Parser Tests.Statement Parser Tests.Basic Statements.multiple local" computerName="dadsmbp" startTime="2025-08-22T08:18:24.4858840-04:00" endTime="2025-08-22T08:18:24.4861110-04:00" testType="13cdc9d9-ddb5-4fa4-a97d-d965ccfc6d4b" outcome="Passed" testListId="8c84fa94-04c1-424b-9868-57a2d4851a1d" relativeResultsDirectory="171cf174-07e3-408c-a97d-7ab6916b61aa" />
    <UnitTestResult executionId="d6b3b60e-76c5-4980-843b-27df894ed702" testId="e49a374f-44a9-aa9d-355d-21ac7439d26a" testName="Function call parsing.Call with string literal (no parens)" computerName="dadsmbp" duration="00:00:00.0010000" startTime="2025-08-22T08:18:24.5525280-04:00" endTime="2025-08-22T08:18:24.5538990-04:00" testType="13cdc9d9-ddb5-4fa4-a97d-d965ccfc6d4b" outcome="Passed" testListId="8c84fa94-04c1-424b-9868-57a2d4851a1d" relativeResultsDirectory="d6b3b60e-76c5-4980-843b-27df894ed702" />
    <UnitTestResult executionId="0638ce87-3b29-4321-b5b3-96f51456bbbc" testId="3b276006-ded9-3e33-7cce-35cbf2995e25" testName="Parser Tests.Statement Parser Tests.Control Flow Statements.if with else" computerName="dadsmbp" startTime="2025-08-22T08:18:24.4860290-04:00" endTime="2025-08-22T08:18:24.4872850-04:00" testType="13cdc9d9-ddb5-4fa4-a97d-d965ccfc6d4b" outcome="Passed" testListId="8c84fa94-04c1-424b-9868-57a2d4851a1d" relativeResultsDirectory="0638ce87-3b29-4321-b5b3-96f51456bbbc" />
    <UnitTestResult executionId="3468236c-9ed4-4ff2-ab95-e94b3c6393ff" testId="b91df055-d81f-13a2-3b2a-adce7e1ce561" testName="Parser Tests.Statement Parser Tests.Basic Statements.assignment with table access" computerName="dadsmbp" startTime="2025-08-22T08:18:24.4857940-04:00" endTime="2025-08-22T08:18:24.4859600-04:00" testType="13cdc9d9-ddb5-4fa4-a97d-d965ccfc6d4b" outcome="Passed" testListId="8c84fa94-04c1-424b-9868-57a2d4851a1d" relativeResultsDirectory="3468236c-9ed4-4ff2-ab95-e94b3c6393ff" />
    <UnitTestResult executionId="ce009c32-3845-4dda-9084-2ee712b6cb96" testId="176664cd-e332-31a2-9d05-82d737b12220" testName="Parser Tests.Expression Parser Tests.Function Calls.no arguments" computerName="dadsmbp" startTime="2025-08-22T08:18:24.4418960-04:00" endTime="2025-08-22T08:18:24.4428530-04:00" testType="13cdc9d9-ddb5-4fa4-a97d-d965ccfc6d4b" outcome="Passed" testListId="8c84fa94-04c1-424b-9868-57a2d4851a1d" relativeResultsDirectory="ce009c32-3845-4dda-9084-2ee712b6cb96" />
    <UnitTestResult executionId="5c7a2ec0-251b-49f8-a9da-5c7e711308e9" testId="fdcfdd08-e7ac-a1f9-5ac4-b193cd2e55be" testName="Parser Tests.Expression Parser Tests.Identifiers.alphanumeric identifier" computerName="dadsmbp" startTime="2025-08-22T08:18:24.4097950-04:00" endTime="2025-08-22T08:18:24.4104440-04:00" testType="13cdc9d9-ddb5-4fa4-a97d-d965ccfc6d4b" outcome="Passed" testListId="8c84fa94-04c1-424b-9868-57a2d4851a1d" relativeResultsDirectory="5c7a2ec0-251b-49f8-a9da-5c7e711308e9" />
    <UnitTestResult executionId="f1f8d466-25af-495e-a525-2c194af4e934" testId="e5c063e2-57d2-6d48-c35f-7e8e3d6332c0" testName="Hex literal parsing.Standard hex values" computerName="dadsmbp" startTime="2025-08-22T08:18:24.5303200-04:00" endTime="2025-08-22T08:18:24.5315090-04:00" testType="13cdc9d9-ddb5-4fa4-a97d-d965ccfc6d4b" outcome="Passed" testListId="8c84fa94-04c1-424b-9868-57a2d4851a1d" relativeResultsDirectory="f1f8d466-25af-495e-a525-2c194af4e934" />
    <UnitTestResult executionId="569afc5c-913c-4ed0-9ae7-3c62474666e2" testId="657128c5-a00a-417a-0398-225465022baf" testName="Parser Tests.Expression Parser Tests.Table Constructors.Named Fields.named field with expression" computerName="dadsmbp" startTime="2025-08-22T08:18:24.4641610-04:00" endTime="2025-08-22T08:18:24.4649120-04:00" testType="13cdc9d9-ddb5-4fa4-a97d-d965ccfc6d4b" outcome="Passed" testListId="8c84fa94-04c1-424b-9868-57a2d4851a1d" relativeResultsDirectory="569afc5c-913c-4ed0-9ae7-3c62474666e2" />
    <UnitTestResult executionId="ad76b166-a62c-493b-82b5-19472409c598" testId="48b68161-6a77-c4ee-cbc6-b600ca4b2b7f" testName="Parser Tests.Statement Parser Tests.Parser Fixes.Table Assignment at Statement Level (Fixed).table string key assignment" computerName="dadsmbp" startTime="2025-08-22T08:18:24.5191320-04:00" endTime="2025-08-22T08:18:24.5194200-04:00" testType="13cdc9d9-ddb5-4fa4-a97d-d965ccfc6d4b" outcome="Passed" testListId="8c84fa94-04c1-424b-9868-57a2d4851a1d" relativeResultsDirectory="ad76b166-a62c-493b-82b5-19472409c598" />
    <UnitTestResult executionId="e31209e7-eeb2-4c4c-b9ea-e683198b5dca" testId="0ba7aa40-6834-6408-0135-49e448773151" testName="Parser Tests.Expression Parser Tests.Identifiers.underscore identifier" computerName="dadsmbp" startTime="2025-08-22T08:18:24.4097860-04:00" endTime="2025-08-22T08:18:24.4104510-04:00" testType="13cdc9d9-ddb5-4fa4-a97d-d965ccfc6d4b" outcome="Passed" testListId="8c84fa94-04c1-424b-9868-57a2d4851a1d" relativeResultsDirectory="e31209e7-eeb2-4c4c-b9ea-e683198b5dca" />
    <UnitTestResult executionId="44e90ad3-e206-40d5-a351-55a6af17741b" testId="4aa0c269-359a-c858-e90f-1fae4b1d119c" testName="Parser Tests.Expression Parser Tests.Table Constructors.Key Fields.key field with variable" computerName="dadsmbp" startTime="2025-08-22T08:18:24.4641980-04:00" endTime="2025-08-22T08:18:24.4648980-04:00" testType="13cdc9d9-ddb5-4fa4-a97d-d965ccfc6d4b" outcome="Passed" testListId="8c84fa94-04c1-424b-9868-57a2d4851a1d" relativeResultsDirectory="44e90ad3-e206-40d5-a351-55a6af17741b" />
    <UnitTestResult executionId="f6300bfc-8132-4562-8a48-1f48d3b77be6" testId="f362749b-c766-edfa-beed-a4a7ae724ae8" testName="Parser Tests.Expression Parser Tests.Table Constructors.Mixed Fields.values and named" computerName="dadsmbp" startTime="2025-08-22T08:18:24.4642280-04:00" endTime="2025-08-22T08:18:24.4649250-04:00" testType="13cdc9d9-ddb5-4fa4-a97d-d965ccfc6d4b" outcome="Passed" testListId="8c84fa94-04c1-424b-9868-57a2d4851a1d" relativeResultsDirectory="f6300bfc-8132-4562-8a48-1f48d3b77be6" />
    <UnitTestResult executionId="a3ced859-66c6-4c97-85a4-99d55dacd103" testId="7ab74693-7ec4-60ea-51c2-12f33101f335" testName="Parser Tests.Statement Parser Tests.Parser Fixes.Table Assignment at Statement Level (Fixed).table dot assignment" computerName="dadsmbp" startTime="2025-08-22T08:18:24.5191320-04:00" endTime="2025-08-22T08:18:24.5194840-04:00" testType="13cdc9d9-ddb5-4fa4-a97d-d965ccfc6d4b" outcome="Passed" testListId="8c84fa94-04c1-424b-9868-57a2d4851a1d" relativeResultsDirectory="a3ced859-66c6-4c97-85a4-99d55dacd103" />
    <UnitTestResult executionId="ce077fb6-fd74-48aa-9199-c2fcece391cc" testId="5dff5f0c-32ad-0c05-14a6-b79d6a364636" testName="Parser Tests.Expression Parser Tests.Table Constructors.Simple Values.multiple values" computerName="dadsmbp" startTime="2025-08-22T08:18:24.4641020-04:00" endTime="2025-08-22T08:18:24.4648930-04:00" testType="13cdc9d9-ddb5-4fa4-a97d-d965ccfc6d4b" outcome="Passed" testListId="8c84fa94-04c1-424b-9868-57a2d4851a1d" relativeResultsDirectory="ce077fb6-fd74-48aa-9199-c2fcece391cc" />
    <UnitTestResult executionId="81507d6c-795c-4afe-b9a0-9494d3e6a59f" testId="23f84a4d-bc21-b97f-e115-11bf0b33db04" testName="Parser Tests.Statement Parser Tests.Integration Tests - Multiple Features.table with method calls and functions" computerName="dadsmbp" startTime="2025-08-22T08:18:24.5080010-04:00" endTime="2025-08-22T08:18:24.5084720-04:00" testType="13cdc9d9-ddb5-4fa4-a97d-d965ccfc6d4b" outcome="Passed" testListId="8c84fa94-04c1-424b-9868-57a2d4851a1d" relativeResultsDirectory="81507d6c-795c-4afe-b9a0-9494d3e6a59f" />
    <UnitTestResult executionId="2a23c724-7add-43a1-8d79-9fb2d520c8ce" testId="1a716a10-d641-d602-72f7-3f93f8cd0402" testName="Parser Tests.Expression Parser Tests.Table Constructors.Complex Examples.mixed complex expressions" computerName="dadsmbp" duration="00:00:00.0010000" startTime="2025-08-22T08:18:24.4753930-04:00" endTime="2025-08-22T08:18:24.4768920-04:00" testType="13cdc9d9-ddb5-4fa4-a97d-d965ccfc6d4b" outcome="Passed" testListId="8c84fa94-04c1-424b-9868-57a2d4851a1d" relativeResultsDirectory="2a23c724-7add-43a1-8d79-9fb2d520c8ce" />
    <UnitTestResult executionId="593c02e7-e10b-46f6-b581-ed5c6d782a68" testId="4ea9d3ff-8424-0fad-33d4-4da20e6be977" testName="Parser Tests.Expression Parser Tests.Identifiers.single character" computerName="dadsmbp" startTime="2025-08-22T08:18:24.4098320-04:00" endTime="2025-08-22T08:18:24.4104420-04:00" testType="13cdc9d9-ddb5-4fa4-a97d-d965ccfc6d4b" outcome="Passed" testListId="8c84fa94-04c1-424b-9868-57a2d4851a1d" relativeResultsDirectory="593c02e7-e10b-46f6-b581-ed5c6d782a68" />
    <UnitTestResult executionId="751ef6b2-822a-4875-b593-55be0c2c3b43" testId="f55754ec-072d-a532-5fd1-647f087fa389" testName="Parser Tests.Expression Parser Tests.Table Constructors.Complex Examples.table with function definition" computerName="dadsmbp" duration="00:00:00.0010000" startTime="2025-08-22T08:18:24.4753250-04:00" endTime="2025-08-22T08:18:24.4769000-04:00" testType="13cdc9d9-ddb5-4fa4-a97d-d965ccfc6d4b" outcome="Passed" testListId="8c84fa94-04c1-424b-9868-57a2d4851a1d" relativeResultsDirectory="751ef6b2-822a-4875-b593-55be0c2c3b43" />
    <UnitTestResult executionId="bae98c69-d482-4a93-be68-5a7ec3fca8ce" testId="1445a436-f34a-a70f-5047-8283ef73049c" testName="Function call parsing.Standard call" computerName="dadsmbp" startTime="2025-08-22T08:18:24.5518550-04:00" endTime="2025-08-22T08:18:24.5530260-04:00" testType="13cdc9d9-ddb5-4fa4-a97d-d965ccfc6d4b" outcome="Passed" testListId="8c84fa94-04c1-424b-9868-57a2d4851a1d" relativeResultsDirectory="bae98c69-d482-4a93-be68-5a7ec3fca8ce" />
    <UnitTestResult executionId="7003368d-3c6b-4bbc-9b01-e92313ce852d" testId="413dc1a3-0eee-2fa8-da62-4788e8635f66" testName="Parser Tests.Statement Parser Tests.Variable Attributes.Function Parameter Attributes.local function with attributes" computerName="dadsmbp" startTime="2025-08-22T08:18:24.5190920-04:00" endTime="2025-08-22T08:18:24.5191600-04:00" testType="13cdc9d9-ddb5-4fa4-a97d-d965ccfc6d4b" outcome="Passed" testListId="8c84fa94-04c1-424b-9868-57a2d4851a1d" relativeResultsDirectory="7003368d-3c6b-4bbc-9b01-e92313ce852d" />
    <UnitTestResult executionId="0241d8f0-0d8e-46ea-bded-d37186f2d390" testId="f0647535-9b53-2b97-a592-0347a36420eb" testName="Generic for loop parsing.Multiple iterator values" computerName="dadsmbp" duration="00:00:00.0010000" startTime="2025-08-22T08:18:24.5517890-04:00" endTime="2025-08-22T08:18:24.5530180-04:00" testType="13cdc9d9-ddb5-4fa4-a97d-d965ccfc6d4b" outcome="Passed" testListId="8c84fa94-04c1-424b-9868-57a2d4851a1d" relativeResultsDirectory="0241d8f0-0d8e-46ea-bded-d37186f2d390" />
    <UnitTestResult executionId="4dcfff42-0f68-4001-a2ec-11e8493c6b6f" testId="f5a75e3b-7a61-b51c-fbbf-ba6389078cf8" testName="Parser Tests.Statement Parser Tests.Parser Fixes.Table Assignment at Statement Level (Fixed).table assignment with expression key" computerName="dadsmbp" startTime="2025-08-22T08:18:24.5191840-04:00" endTime="2025-08-22T08:18:24.5196750-04:00" testType="13cdc9d9-ddb5-4fa4-a97d-d965ccfc6d4b" outcome="Passed" testListId="8c84fa94-04c1-424b-9868-57a2d4851a1d" relativeResultsDirectory="4dcfff42-0f68-4001-a2ec-11e8493c6b6f" />
    <UnitTestResult executionId="cef94b7b-6ca6-46a8-ab3c-729afcc25f38" testId="b4887e73-89aa-9e82-9b02-5368d0b98e0e" testName="Parser Tests.Expression Parser Tests.Table Constructors.Simple Values.single value" computerName="dadsmbp" startTime="2025-08-22T08:18:24.4640990-04:00" endTime="2025-08-22T08:18:24.4649440-04:00" testType="13cdc9d9-ddb5-4fa4-a97d-d965ccfc6d4b" outcome="Passed" testListId="8c84fa94-04c1-424b-9868-57a2d4851a1d" relativeResultsDirectory="cef94b7b-6ca6-46a8-ab3c-729afcc25f38" />
    <UnitTestResult executionId="4293fcaa-9450-4a5a-a574-44ff8d1858f9" testId="c9bdd070-3a4d-f33d-8633-0f0ada3f44b8" testName="Parser Tests.Expression Parser Tests.Function Calls.single argument" computerName="dadsmbp" startTime="2025-08-22T08:18:24.4419060-04:00" endTime="2025-08-22T08:18:24.4430370-04:00" testType="13cdc9d9-ddb5-4fa4-a97d-d965ccfc6d4b" outcome="Passed" testListId="8c84fa94-04c1-424b-9868-57a2d4851a1d" relativeResultsDirectory="4293fcaa-9450-4a5a-a574-44ff8d1858f9" />
    <UnitTestResult executionId="06b126a2-9151-46fd-94a3-0226896ae695" testId="ac74d753-3ccd-5e13-c5be-1ad7a4aad554" testName="Long string parsing.Nested brackets" computerName="dadsmbp" duration="00:00:00.0050000" startTime="2025-08-22T08:18:24.5405700-04:00" endTime="2025-08-22T08:18:24.5461610-04:00" testType="13cdc9d9-ddb5-4fa4-a97d-d965ccfc6d4b" outcome="Passed" testListId="8c84fa94-04c1-424b-9868-57a2d4851a1d" relativeResultsDirectory="06b126a2-9151-46fd-94a3-0226896ae695" />
    <UnitTestResult executionId="01e276ad-251e-43a7-b8cd-d8161c0d5955" testId="e514b4b5-ff0e-0503-c03f-cd130b642260" testName="Parser Tests.Statement Parser Tests.Variable Attributes.Function Parameter Attributes.function with close parameter" computerName="dadsmbp" startTime="2025-08-22T08:18:24.5190710-04:00" endTime="2025-08-22T08:18:24.5191340-04:00" testType="13cdc9d9-ddb5-4fa4-a97d-d965ccfc6d4b" outcome="Passed" testListId="8c84fa94-04c1-424b-9868-57a2d4851a1d" relativeResultsDirectory="01e276ad-251e-43a7-b8cd-d8161c0d5955" />
    <UnitTestResult executionId="134a020b-cfdb-46a2-a7cc-340f323e70d0" testId="13e04fc6-8833-a314-b97b-622e7e4d78bc" testName="Parser Tests.Expression Parser Tests.Method Calls.method with single arg" computerName="dadsmbp" startTime="2025-08-22T08:18:24.4529870-04:00" endTime="2025-08-22T08:18:24.4537700-04:00" testType="13cdc9d9-ddb5-4fa4-a97d-d965ccfc6d4b" outcome="Passed" testListId="8c84fa94-04c1-424b-9868-57a2d4851a1d" relativeResultsDirectory="134a020b-cfdb-46a2-a7cc-340f323e70d0" />
    <UnitTestResult executionId="629439cd-05de-4612-aaa8-cf73056b2778" testId="61b22050-97ad-20ac-89ce-f3b72a5a8e5a" testName="Parser Tests.Statement Parser Tests.Parser Fixes.Complex Assignment Patterns.assignment with table constructor key" computerName="dadsmbp" startTime="2025-08-22T08:18:24.5302160-04:00" endTime="2025-08-22T08:18:24.5305590-04:00" testType="13cdc9d9-ddb5-4fa4-a97d-d965ccfc6d4b" outcome="Passed" testListId="8c84fa94-04c1-424b-9868-57a2d4851a1d" relativeResultsDirectory="629439cd-05de-4612-aaa8-cf73056b2778" />
    <UnitTestResult executionId="544fa9b0-cbcd-471d-ad0f-21775c0ad242" testId="2954afc1-d821-d9ae-f321-0aef5158aafe" testName="Parser Tests.Expression Parser Tests.Method Calls.chained method with long string" computerName="dadsmbp" startTime="2025-08-22T08:18:24.4640640-04:00" endTime="2025-08-22T08:18:24.4642060-04:00" testType="13cdc9d9-ddb5-4fa4-a97d-d965ccfc6d4b" outcome="Passed" testListId="8c84fa94-04c1-424b-9868-57a2d4851a1d" relativeResultsDirectory="544fa9b0-cbcd-471d-ad0f-21775c0ad242" />
    <UnitTestResult executionId="cc265d05-d169-4795-b1a6-bf31701d3553" testId="dd87e8f5-47dd-63a5-b069-c24fab3a48d5" testName="Parser Tests.Expression Parser Tests.Literals.escape backspace" computerName="dadsmbp" startTime="2025-08-22T08:18:24.3876020-04:00" endTime="2025-08-22T08:18:24.3882680-04:00" testType="13cdc9d9-ddb5-4fa4-a97d-d965ccfc6d4b" outcome="Passed" testListId="8c84fa94-04c1-424b-9868-57a2d4851a1d" relativeResultsDirectory="cc265d05-d169-4795-b1a6-bf31701d3553" />
    <UnitTestResult executionId="e952aa36-740e-4cb5-9936-3d88ce4560b3" testId="7b8d351e-949a-a562-6c8a-b72a61dc4e22" testName="Parser Tests.Statement Parser Tests.Parser Fixes.Assignment vs Function Call Disambiguation.table access function call" computerName="dadsmbp" startTime="2025-08-22T08:18:24.5301350-04:00" endTime="2025-08-22T08:18:24.5302340-04:00" testType="13cdc9d9-ddb5-4fa4-a97d-d965ccfc6d4b" outcome="Passed" testListId="8c84fa94-04c1-424b-9868-57a2d4851a1d" relativeResultsDirectory="e952aa36-740e-4cb5-9936-3d88ce4560b3" />
    <UnitTestResult executionId="56ae99c4-0371-41d2-a288-96447582f488" testId="95ca2f10-0840-0229-390b-f87fb8626041" testName="Parser Tests.Expression Parser Tests.Parentheses.parentheses with spaces" computerName="dadsmbp" startTime="2025-08-22T08:18:24.4098910-04:00" endTime="2025-08-22T08:18:24.4102780-04:00" testType="13cdc9d9-ddb5-4fa4-a97d-d965ccfc6d4b" outcome="Passed" testListId="8c84fa94-04c1-424b-9868-57a2d4851a1d" relativeResultsDirectory="56ae99c4-0371-41d2-a288-96447582f488" />
    <UnitTestResult executionId="6d5dbfed-1605-4f07-9ec6-ae167e94100d" testId="862c78bf-ab7b-7516-2ebe-a03d490a5635" testName="Parser Tests.Expression Parser Tests.Method Calls.mixed access and method" computerName="dadsmbp" startTime="2025-08-22T08:18:24.4530910-04:00" endTime="2025-08-22T08:18:24.4537700-04:00" testType="13cdc9d9-ddb5-4fa4-a97d-d965ccfc6d4b" outcome="Passed" testListId="8c84fa94-04c1-424b-9868-57a2d4851a1d" relativeResultsDirectory="6d5dbfed-1605-4f07-9ec6-ae167e94100d" />
    <UnitTestResult executionId="51b71367-7407-424b-9ec5-df510d82b2dd" testId="affcd0cb-5609-83cd-3160-dc9ebb422db5" testName="Parser Tests.Expression Parser Tests.Edge Cases.deeply nested precedence" computerName="dadsmbp" startTime="2025-08-22T08:18:24.4418780-04:00" endTime="2025-08-22T08:18:24.4421540-04:00" testType="13cdc9d9-ddb5-4fa4-a97d-d965ccfc6d4b" outcome="Passed" testListId="8c84fa94-04c1-424b-9868-57a2d4851a1d" relativeResultsDirectory="51b71367-7407-424b-9ec5-df510d82b2dd" />
    <UnitTestResult executionId="25141c51-f309-4a02-8588-07c311888659" testId="f9b1b562-700c-308d-bc66-002581032a2e" testName="Parser Tests.Statement Parser Tests.Basic Statements.simple assignment" computerName="dadsmbp" duration="00:00:00.0010000" startTime="2025-08-22T08:18:24.4754960-04:00" endTime="2025-08-22T08:18:24.4775740-04:00" testType="13cdc9d9-ddb5-4fa4-a97d-d965ccfc6d4b" outcome="Passed" testListId="8c84fa94-04c1-424b-9868-57a2d4851a1d" relativeResultsDirectory="25141c51-f309-4a02-8588-07c311888659" />
    <UnitTestResult executionId="7c0dd529-6b62-4429-9865-c58cd8e569ec" testId="6bcb40f4-cf24-de68-ebe9-a8a7e6ab39fc" testName="Parser Tests.Expression Parser Tests.Literals.hex escape A" computerName="dadsmbp" startTime="2025-08-22T08:18:24.3989980-04:00" endTime="2025-08-22T08:18:24.4004810-04:00" testType="13cdc9d9-ddb5-4fa4-a97d-d965ccfc6d4b" outcome="Passed" testListId="8c84fa94-04c1-424b-9868-57a2d4851a1d" relativeResultsDirectory="7c0dd529-6b62-4429-9865-c58cd8e569ec" />
    <UnitTestResult executionId="953da825-34fc-403a-b74d-13e561b2e04f" testId="56bc034c-870c-2029-f5c0-ce7cb67ea11d" testName="Parser Tests.Expression Parser Tests.Literals.zero float" computerName="dadsmbp" duration="00:00:00.0180000" startTime="2025-08-22T08:18:24.3487520-04:00" endTime="2025-08-22T08:18:24.3740940-04:00" testType="13cdc9d9-ddb5-4fa4-a97d-d965ccfc6d4b" outcome="Passed" testListId="8c84fa94-04c1-424b-9868-57a2d4851a1d" relativeResultsDirectory="953da825-34fc-403a-b74d-13e561b2e04f" />
    <UnitTestResult executionId="4ad8801a-f2db-47db-b56c-8d69016cf385" testId="d3ebb7cf-f9ec-9b3e-35a1-23e19c538cfa" testName="Scientific notation parsing.Explicit positive exponent" computerName="dadsmbp" startTime="2025-08-22T08:18:24.5405370-04:00" endTime="2025-08-22T08:18:24.5413840-04:00" testType="13cdc9d9-ddb5-4fa4-a97d-d965ccfc6d4b" outcome="Passed" testListId="8c84fa94-04c1-424b-9868-57a2d4851a1d" relativeResultsDirectory="4ad8801a-f2db-47db-b56c-8d69016cf385" />
    <UnitTestResult executionId="926945a1-dba3-47d4-aea8-840361f22833" testId="c98a6040-df85-4dcf-82be-4564f2a354ed" testName="Parser Tests.Statement Parser Tests.Basic Statements.return value" computerName="dadsmbp" startTime="2025-08-22T08:18:24.4859550-04:00" endTime="2025-08-22T08:18:24.4862570-04:00" testType="13cdc9d9-ddb5-4fa4-a97d-d965ccfc6d4b" outcome="Passed" testListId="8c84fa94-04c1-424b-9868-57a2d4851a1d" relativeResultsDirectory="926945a1-dba3-47d4-aea8-840361f22833" />
    <UnitTestResult executionId="ccaf4f75-863a-4e32-b83d-258f85fc1489" testId="a7981e95-1323-105c-d83e-9d57dec6b2d8" testName="Parser Tests.Expression Parser Tests.Comparison Operators.less" computerName="dadsmbp" startTime="2025-08-22T08:18:24.4312650-04:00" endTime="2025-08-22T08:18:24.4315390-04:00" testType="13cdc9d9-ddb5-4fa4-a97d-d965ccfc6d4b" outcome="Passed" testListId="8c84fa94-04c1-424b-9868-57a2d4851a1d" relativeResultsDirectory="ccaf4f75-863a-4e32-b83d-258f85fc1489" />
    <UnitTestResult executionId="825346ea-f24e-4cb5-9af3-49476d6bc203" testId="a48197e7-34b6-2816-16e7-425e0038f95b" testName="Parser Tests.Expression Parser Tests.Complex Expressions.bitwise and arithmetic" computerName="dadsmbp" startTime="2025-08-22T08:18:24.4418040-04:00" endTime="2025-08-22T08:18:24.4419740-04:00" testType="13cdc9d9-ddb5-4fa4-a97d-d965ccfc6d4b" outcome="Passed" testListId="8c84fa94-04c1-424b-9868-57a2d4851a1d" relativeResultsDirectory="825346ea-f24e-4cb5-9af3-49476d6bc203" />
    <UnitTestResult executionId="8c620bd3-2289-460a-a375-4dabcf9c7aa1" testId="1a7858ec-7b00-19e3-8d93-b0573ac54671" testName="Parser Tests.Expression Parser Tests.Table Access.mixed access" computerName="dadsmbp" startTime="2025-08-22T08:18:24.4529550-04:00" endTime="2025-08-22T08:18:24.4531770-04:00" testType="13cdc9d9-ddb5-4fa4-a97d-d965ccfc6d4b" outcome="Passed" testListId="8c84fa94-04c1-424b-9868-57a2d4851a1d" relativeResultsDirectory="8c620bd3-2289-460a-a375-4dabcf9c7aa1" />
    <UnitTestResult executionId="00675e2b-b412-4f71-b890-90c8c421d19c" testId="fe7b4783-5658-87e1-ca2c-6b15dc662819" testName="Parser Tests.Expression Parser Tests.Literals.complex string" computerName="dadsmbp" startTime="2025-08-22T08:18:24.4004260-04:00" endTime="2025-08-22T08:18:24.4005910-04:00" testType="13cdc9d9-ddb5-4fa4-a97d-d965ccfc6d4b" outcome="Passed" testListId="8c84fa94-04c1-424b-9868-57a2d4851a1d" relativeResultsDirectory="00675e2b-b412-4f71-b890-90c8c421d19c" />
    <UnitTestResult executionId="5899d4bf-c144-456b-8d6a-cc3ee7c9d5d9" testId="c7be5443-b868-5116-e84d-9ffcacf6dab8" testName="Parser Tests.Expression Parser Tests.Identifiers.long identifier" computerName="dadsmbp" startTime="2025-08-22T08:18:24.4098360-04:00" endTime="2025-08-22T08:18:24.4104720-04:00" testType="13cdc9d9-ddb5-4fa4-a97d-d965ccfc6d4b" outcome="Passed" testListId="8c84fa94-04c1-424b-9868-57a2d4851a1d" relativeResultsDirectory="5899d4bf-c144-456b-8d6a-cc3ee7c9d5d9" />
    <UnitTestResult executionId="8ed0842e-75ed-4d2a-8e8a-26035250f17d" testId="b720d5ae-34d4-7f69-eb3b-9e67edcaa5b6" testName="Parser Tests.Expression Parser Tests.Whitespace Handling.tabs and spaces" computerName="dadsmbp" startTime="2025-08-22T08:18:24.4418570-04:00" endTime="2025-08-22T08:18:24.4419850-04:00" testType="13cdc9d9-ddb5-4fa4-a97d-d965ccfc6d4b" outcome="Passed" testListId="8c84fa94-04c1-424b-9868-57a2d4851a1d" relativeResultsDirectory="8ed0842e-75ed-4d2a-8e8a-26035250f17d" />
    <UnitTestResult executionId="31cebbb2-1cc9-41f8-96b0-57ee18509b20" testId="ee64b813-f0cb-cb72-0323-df3a54bc0a5e" testName="Parser Tests.Statement Parser Tests.Control Flow Statements.Labels and Goto.goto with numbers" computerName="dadsmbp" startTime="2025-08-22T08:18:24.4973620-04:00" endTime="2025-08-22T08:18:24.4976530-04:00" testType="13cdc9d9-ddb5-4fa4-a97d-d965ccfc6d4b" outcome="Passed" testListId="8c84fa94-04c1-424b-9868-57a2d4851a1d" relativeResultsDirectory="31cebbb2-1cc9-41f8-96b0-57ee18509b20" />
    <UnitTestResult executionId="ceabc731-347b-418a-b78f-f5b8221e6cd5" testId="d62fdd4e-c660-b54e-8965-95156526d6c3" testName="Parser Tests.Statement Parser Tests.Control Flow Statements.Function Definitions.nested method" computerName="dadsmbp" startTime="2025-08-22T08:18:24.5078990-04:00" endTime="2025-08-22T08:18:24.5086120-04:00" testType="13cdc9d9-ddb5-4fa4-a97d-d965ccfc6d4b" outcome="Passed" testListId="8c84fa94-04c1-424b-9868-57a2d4851a1d" relativeResultsDirectory="ceabc731-347b-418a-b78f-f5b8221e6cd5" />
    <UnitTestResult executionId="7c04c908-88ba-440a-a6bb-823da1da763c" testId="bc676c70-bff1-771e-2805-b78bf099cdaf" testName="Parser Tests.Statement Parser Tests.Integration Tests - Multiple Features.multiple assignment with method calls" computerName="dadsmbp" startTime="2025-08-22T08:18:24.5080340-04:00" endTime="2025-08-22T08:18:24.5082060-04:00" testType="13cdc9d9-ddb5-4fa4-a97d-d965ccfc6d4b" outcome="Passed" testListId="8c84fa94-04c1-424b-9868-57a2d4851a1d" relativeResultsDirectory="7c04c908-88ba-440a-a6bb-823da1da763c" />
    <UnitTestResult executionId="d4b8aba9-9181-4276-906e-3a75c797dbdb" testId="42e215c3-5d2e-bd5d-b7d0-2ce1a036b738" testName="Parser Tests.Expression Parser Tests.Edge Cases.all unary operators" computerName="dadsmbp" startTime="2025-08-22T08:18:24.4418760-04:00" endTime="2025-08-22T08:18:24.4421360-04:00" testType="13cdc9d9-ddb5-4fa4-a97d-d965ccfc6d4b" outcome="Passed" testListId="8c84fa94-04c1-424b-9868-57a2d4851a1d" relativeResultsDirectory="d4b8aba9-9181-4276-906e-3a75c797dbdb" />
    <UnitTestResult executionId="b71529d0-e8fd-43fb-840f-9e9690aa69c1" testId="23f6c827-5298-1b85-4116-a388ac096ef2" testName="Parser Tests.Expression Parser Tests.Literals.mixed escape types" computerName="dadsmbp" startTime="2025-08-22T08:18:24.4004110-04:00" endTime="2025-08-22T08:18:24.4005820-04:00" testType="13cdc9d9-ddb5-4fa4-a97d-d965ccfc6d4b" outcome="Passed" testListId="8c84fa94-04c1-424b-9868-57a2d4851a1d" relativeResultsDirectory="b71529d0-e8fd-43fb-840f-9e9690aa69c1" />
    <UnitTestResult executionId="4d1c8d79-a718-4816-8133-4175adcebf2f" testId="50787197-3318-8798-72b6-de8685990f85" testName="Parser Tests.Statement Parser Tests.Parser Fixes.Table Assignment at Statement Level (Fixed).chained table assignment" computerName="dadsmbp" startTime="2025-08-22T08:18:24.5192050-04:00" endTime="2025-08-22T08:18:24.5198020-04:00" testType="13cdc9d9-ddb5-4fa4-a97d-d965ccfc6d4b" outcome="Passed" testListId="8c84fa94-04c1-424b-9868-57a2d4851a1d" relativeResultsDirectory="4d1c8d79-a718-4816-8133-4175adcebf2f" />
    <UnitTestResult executionId="1a8259c1-fcfd-4978-a734-f84591880c2a" testId="31b647c0-1b1b-231b-0aa9-4845822edf5a" testName="Parser Tests.Statement Parser Tests.Control Flow Statements.Function Definitions.method definition" computerName="dadsmbp" startTime="2025-08-22T08:18:24.5078730-04:00" endTime="2025-08-22T08:18:24.5083380-04:00" testType="13cdc9d9-ddb5-4fa4-a97d-d965ccfc6d4b" outcome="Passed" testListId="8c84fa94-04c1-424b-9868-57a2d4851a1d" relativeResultsDirectory="1a8259c1-fcfd-4978-a734-f84591880c2a" />
    <UnitTestResult executionId="7332c163-c510-4768-9502-f6456430e4c4" testId="9c232a12-9174-3ded-7f7f-f119a1bec44c" testName="Parser Tests.Expression Parser Tests.Literals.decimal escape with following digit" computerName="dadsmbp" startTime="2025-08-22T08:18:24.3880310-04:00" endTime="2025-08-22T08:18:24.3888280-04:00" testType="13cdc9d9-ddb5-4fa4-a97d-d965ccfc6d4b" outcome="Passed" testListId="8c84fa94-04c1-424b-9868-57a2d4851a1d" relativeResultsDirectory="7332c163-c510-4768-9502-f6456430e4c4" />
    <UnitTestResult executionId="2b62129e-6661-4313-ac19-fada36564601" testId="ac1786a2-dddf-f8c1-879b-8f2df0918d4f" testName="Parser Tests.Statement Parser Tests.Parser Fixes.Table Assignment at Statement Level (Fixed).nested table assignment" computerName="dadsmbp" startTime="2025-08-22T08:18:24.5191430-04:00" endTime="2025-08-22T08:18:24.5194390-04:00" testType="13cdc9d9-ddb5-4fa4-a97d-d965ccfc6d4b" outcome="Passed" testListId="8c84fa94-04c1-424b-9868-57a2d4851a1d" relativeResultsDirectory="2b62129e-6661-4313-ac19-fada36564601" />
    <UnitTestResult executionId="ebe02fe0-46ea-4c60-a7e9-36aaa2fc60e4" testId="9aff055a-1ad6-d302-1b8e-67c3f447edb9" testName="Parser Tests.Expression Parser Tests.Bitwise Operators.precedence" computerName="dadsmbp" startTime="2025-08-22T08:18:24.4312610-04:00" endTime="2025-08-22T08:18:24.4314840-04:00" testType="13cdc9d9-ddb5-4fa4-a97d-d965ccfc6d4b" outcome="Passed" testListId="8c84fa94-04c1-424b-9868-57a2d4851a1d" relativeResultsDirectory="ebe02fe0-46ea-4c60-a7e9-36aaa2fc60e4" />
    <UnitTestResult executionId="d0964498-198a-4a74-aba4-7a6a00fd4d48" testId="f77409eb-245e-e588-990d-732ccf35b9b9" testName="Parser Tests.Statement Parser Tests.Control Flow Statements.For Loops.numeric for with step" computerName="dadsmbp" startTime="2025-08-22T08:18:24.4970030-04:00" endTime="2025-08-22T08:18:24.4973880-04:00" testType="13cdc9d9-ddb5-4fa4-a97d-d965ccfc6d4b" outcome="Passed" testListId="8c84fa94-04c1-424b-9868-57a2d4851a1d" relativeResultsDirectory="d0964498-198a-4a74-aba4-7a6a00fd4d48" />
    <UnitTestResult executionId="3c256dbc-8728-4107-815c-614744f0b60d" testId="e1168bf7-fb11-75ad-9550-9989387a8ebe" testName="Parser Tests.Statement Parser Tests.Integration Tests - Multiple Features.return with method calls and table constructor" computerName="dadsmbp" startTime="2025-08-22T08:18:24.5080350-04:00" endTime="2025-08-22T08:18:24.5081860-04:00" testType="13cdc9d9-ddb5-4fa4-a97d-d965ccfc6d4b" outcome="Passed" testListId="8c84fa94-04c1-424b-9868-57a2d4851a1d" relativeResultsDirectory="3c256dbc-8728-4107-815c-614744f0b60d" />
    <UnitTestResult executionId="f4a7745a-6028-4508-94d8-93d3017bad30" testId="c8317e5f-ac87-ad9f-f963-f49170b308f5" testName="Parser Tests.Statement Parser Tests.Control Flow Statements.Function Definitions.function with parameters" computerName="dadsmbp" startTime="2025-08-22T08:18:24.4973800-04:00" endTime="2025-08-22T08:18:24.4977480-04:00" testType="13cdc9d9-ddb5-4fa4-a97d-d965ccfc6d4b" outcome="Passed" testListId="8c84fa94-04c1-424b-9868-57a2d4851a1d" relativeResultsDirectory="f4a7745a-6028-4508-94d8-93d3017bad30" />
    <UnitTestResult executionId="9268f7a4-273a-41f7-9f1c-fb7c4ab0b777" testId="8b13a765-8c99-aabc-b19d-11c9ca6f1b68" testName="Parser Tests.Expression Parser Tests.Table Access.dot access" computerName="dadsmbp" startTime="2025-08-22T08:18:24.4528820-04:00" endTime="2025-08-22T08:18:24.4530190-04:00" testType="13cdc9d9-ddb5-4fa4-a97d-d965ccfc6d4b" outcome="Passed" testListId="8c84fa94-04c1-424b-9868-57a2d4851a1d" relativeResultsDirectory="9268f7a4-273a-41f7-9f1c-fb7c4ab0b777" />
    <UnitTestResult executionId="69abb04d-e57b-4282-8459-07086b17dd82" testId="a4206639-8551-015b-9278-1c1f53a52704" testName="Parser Tests.Expression Parser Tests.Power Operator.right associative" computerName="dadsmbp" startTime="2025-08-22T08:18:24.4206260-04:00" endTime="2025-08-22T08:18:24.4213680-04:00" testType="13cdc9d9-ddb5-4fa4-a97d-d965ccfc6d4b" outcome="Passed" testListId="8c84fa94-04c1-424b-9868-57a2d4851a1d" relativeResultsDirectory="69abb04d-e57b-4282-8459-07086b17dd82" />
    <UnitTestResult executionId="cb7ba019-15b0-4788-a81e-b8ab69661cbb" testId="31f49240-24a2-0e5e-c8c3-739b4d81c6d7" testName="Parser Tests.Statement Parser Tests.Parser Fixes.Table Access in Binary Expressions (Fixed).table access addition" computerName="dadsmbp" startTime="2025-08-22T08:18:24.5302540-04:00" endTime="2025-08-22T08:18:24.5308210-04:00" testType="13cdc9d9-ddb5-4fa4-a97d-d965ccfc6d4b" outcome="Passed" testListId="8c84fa94-04c1-424b-9868-57a2d4851a1d" relativeResultsDirectory="cb7ba019-15b0-4788-a81e-b8ab69661cbb" />
    <UnitTestResult executionId="094504bf-99c9-4527-b510-349945d3513e" testId="0be8d713-e704-74fa-c8fe-5901f43db625" testName="Parser Tests.Expression Parser Tests.Literals.hex escape newline" computerName="dadsmbp" startTime="2025-08-22T08:18:24.3990350-04:00" endTime="2025-08-22T08:18:24.4005550-04:00" testType="13cdc9d9-ddb5-4fa4-a97d-d965ccfc6d4b" outcome="Passed" testListId="8c84fa94-04c1-424b-9868-57a2d4851a1d" relativeResultsDirectory="094504bf-99c9-4527-b510-349945d3513e" />
    <UnitTestResult executionId="3f333315-7731-44ab-aee3-01baecdbbc24" testId="23e43918-ba21-82a6-ae6e-1717b947fa41" testName="Parser Tests.Expression Parser Tests.Literals.decimal escape single digit" computerName="dadsmbp" startTime="2025-08-22T08:18:24.3877340-04:00" endTime="2025-08-22T08:18:24.3887720-04:00" testType="13cdc9d9-ddb5-4fa4-a97d-d965ccfc6d4b" outcome="Passed" testListId="8c84fa94-04c1-424b-9868-57a2d4851a1d" relativeResultsDirectory="3f333315-7731-44ab-aee3-01baecdbbc24" />
    <UnitTestResult executionId="76bdad97-5844-4ffa-ab8a-c5d4bc824e71" testId="35d02efc-7874-8194-c839-10cd28db0d9e" testName="Parser Tests.Expression Parser Tests.Multiplicative Operators.multiply" computerName="dadsmbp" startTime="2025-08-22T08:18:24.4206810-04:00" endTime="2025-08-22T08:18:24.4215690-04:00" testType="13cdc9d9-ddb5-4fa4-a97d-d965ccfc6d4b" outcome="Passed" testListId="8c84fa94-04c1-424b-9868-57a2d4851a1d" relativeResultsDirectory="76bdad97-5844-4ffa-ab8a-c5d4bc824e71" />
    <UnitTestResult executionId="aac60dae-44c9-4db7-b3cd-6a3b35400603" testId="61a7a37d-f46f-ed42-bd70-9b1373a3ced4" testName="Parser Tests.Expression Parser Tests.Function Expressions.function with body" computerName="dadsmbp" duration="00:00:00.0020000" startTime="2025-08-22T08:18:24.4754710-04:00" endTime="2025-08-22T08:18:24.4780010-04:00" testType="13cdc9d9-ddb5-4fa4-a97d-d965ccfc6d4b" outcome="Passed" testListId="8c84fa94-04c1-424b-9868-57a2d4851a1d" relativeResultsDirectory="aac60dae-44c9-4db7-b3cd-6a3b35400603" />
    <UnitTestResult executionId="3307d315-5b61-4db7-88e1-0db94451beae" testId="86fb7a5a-8cf2-4c36-a489-26ff73f20850" testName="Parser Tests.Expression Parser Tests.vararg" computerName="dadsmbp" startTime="2025-08-22T08:18:24.4098510-04:00" endTime="2025-08-22T08:18:24.4101790-04:00" testType="13cdc9d9-ddb5-4fa4-a97d-d965ccfc6d4b" outcome="Passed" testListId="8c84fa94-04c1-424b-9868-57a2d4851a1d" relativeResultsDirectory="3307d315-5b61-4db7-88e1-0db94451beae" />
    <UnitTestResult executionId="fc6eaf15-79b2-4dd2-b5a3-ba5cd595ba39" testId="e0198dfc-3381-5a04-2210-16421478411b" testName="Hex literal parsing.Min Int64 value (was causing overflow)" computerName="dadsmbp" startTime="2025-08-22T08:18:24.5404540-04:00" endTime="2025-08-22T08:18:24.5407120-04:00" testType="13cdc9d9-ddb5-4fa4-a97d-d965ccfc6d4b" outcome="Passed" testListId="8c84fa94-04c1-424b-9868-57a2d4851a1d" relativeResultsDirectory="fc6eaf15-79b2-4dd2-b5a3-ba5cd595ba39" />
    <UnitTestResult executionId="143c88bf-4a64-489e-b4d2-0234de967198" testId="2c397f14-cc89-a8af-7de5-b6c9486ecf65" testName="Operator precedence.Power is right associative" computerName="dadsmbp" startTime="2025-08-22T08:18:24.5518420-04:00" endTime="2025-08-22T08:18:24.5531690-04:00" testType="13cdc9d9-ddb5-4fa4-a97d-d965ccfc6d4b" outcome="Passed" testListId="8c84fa94-04c1-424b-9868-57a2d4851a1d" relativeResultsDirectory="143c88bf-4a64-489e-b4d2-0234de967198" />
    <UnitTestResult executionId="fdd81a6f-c762-4df3-9d19-8351d9cbd174" testId="5e57c659-2db4-b8ce-a9d9-50e1e7b7b842" testName="Parser Tests.Expression Parser Tests.Shift Operators.right shift" computerName="dadsmbp" startTime="2025-08-22T08:18:24.4208200-04:00" endTime="2025-08-22T08:18:24.4217920-04:00" testType="13cdc9d9-ddb5-4fa4-a97d-d965ccfc6d4b" outcome="Passed" testListId="8c84fa94-04c1-424b-9868-57a2d4851a1d" relativeResultsDirectory="fdd81a6f-c762-4df3-9d19-8351d9cbd174" />
    <UnitTestResult executionId="ad435c21-2564-4e65-85c4-45b43998f126" testId="17166041-3a52-168f-5319-cb48ea781845" testName="Parser Tests.Expression Parser Tests.Literals.decimal escape max value" computerName="dadsmbp" startTime="2025-08-22T08:18:24.3880080-04:00" endTime="2025-08-22T08:18:24.3884500-04:00" testType="13cdc9d9-ddb5-4fa4-a97d-d965ccfc6d4b" outcome="Passed" testListId="8c84fa94-04c1-424b-9868-57a2d4851a1d" relativeResultsDirectory="ad435c21-2564-4e65-85c4-45b43998f126" />
    <UnitTestResult executionId="46f37902-b267-4af6-9bb7-c50dac70b0d4" testId="9c786e3a-f036-49d6-6407-0d5acd7c1f61" testName="Scientific notation parsing.Positive exponent" computerName="dadsmbp" startTime="2025-08-22T08:18:24.5404880-04:00" endTime="2025-08-22T08:18:24.5413200-04:00" testType="13cdc9d9-ddb5-4fa4-a97d-d965ccfc6d4b" outcome="Passed" testListId="8c84fa94-04c1-424b-9868-57a2d4851a1d" relativeResultsDirectory="46f37902-b267-4af6-9bb7-c50dac70b0d4" />
    <UnitTestResult executionId="c45c17bf-e179-4cda-ac06-d1572c0d0eab" testId="d1fdf263-c1e9-9de3-2358-6aa706b01c30" testName="Parser Tests.Expression Parser Tests.Logical Operators.precedence" computerName="dadsmbp" startTime="2025-08-22T08:18:24.4313890-04:00" endTime="2025-08-22T08:18:24.4321460-04:00" testType="13cdc9d9-ddb5-4fa4-a97d-d965ccfc6d4b" outcome="Passed" testListId="8c84fa94-04c1-424b-9868-57a2d4851a1d" relativeResultsDirectory="c45c17bf-e179-4cda-ac06-d1572c0d0eab" />
    <UnitTestResult executionId="2958bbf6-e543-4a0d-b15d-e4b9edb70644" testId="73624354-1cd8-cfa9-9307-0f5e85db415f" testName="Parser Tests.Expression Parser Tests.Table Constructors.Key Fields.single key field" computerName="dadsmbp" startTime="2025-08-22T08:18:24.4641890-04:00" endTime="2025-08-22T08:18:24.4649310-04:00" testType="13cdc9d9-ddb5-4fa4-a97d-d965ccfc6d4b" outcome="Passed" testListId="8c84fa94-04c1-424b-9868-57a2d4851a1d" relativeResultsDirectory="2958bbf6-e543-4a0d-b15d-e4b9edb70644" />
    <UnitTestResult executionId="698ded62-e0da-4d52-9394-eaf7845a3d1e" testId="e4910e24-1d21-cc0f-b00b-383030d4728e" testName="Parser Tests.Expression Parser Tests.Table Access.chained dot access" computerName="dadsmbp" startTime="2025-08-22T08:18:24.4529300-04:00" endTime="2025-08-22T08:18:24.4531090-04:00" testType="13cdc9d9-ddb5-4fa4-a97d-d965ccfc6d4b" outcome="Passed" testListId="8c84fa94-04c1-424b-9868-57a2d4851a1d" relativeResultsDirectory="698ded62-e0da-4d52-9394-eaf7845a3d1e" />
    <UnitTestResult executionId="929db9a6-7d04-4676-a2c2-1ead305f3fdc" testId="83655a65-6632-03cc-e5e9-95762f9d8428" testName="Parser Tests.Expression Parser Tests.Literals.literals.lua case 2" computerName="dadsmbp" startTime="2025-08-22T08:18:24.4097610-04:00" endTime="2025-08-22T08:18:24.4100490-04:00" testType="13cdc9d9-ddb5-4fa4-a97d-d965ccfc6d4b" outcome="Passed" testListId="8c84fa94-04c1-424b-9868-57a2d4851a1d" relativeResultsDirectory="929db9a6-7d04-4676-a2c2-1ead305f3fdc" />
    <UnitTestResult executionId="3b8dd96d-50f5-43a2-a29f-788350470a5a" testId="a81fb642-5efa-96c7-9da8-620d14375041" testName="Parser Tests.Expression Parser Tests.Unary Operators.bitwise not" computerName="dadsmbp" startTime="2025-08-22T08:18:24.4205830-04:00" endTime="2025-08-22T08:18:24.4210010-04:00" testType="13cdc9d9-ddb5-4fa4-a97d-d965ccfc6d4b" outcome="Passed" testListId="8c84fa94-04c1-424b-9868-57a2d4851a1d" relativeResultsDirectory="3b8dd96d-50f5-43a2-a29f-788350470a5a" />
    <UnitTestResult executionId="85f397d7-dc33-4d1d-b67d-ad8e6d218e90" testId="a4cab702-ac88-7d1a-c836-d98380cd86ed" testName="Parser Tests.Expression Parser Tests.Literals.unicode escape A" computerName="dadsmbp" startTime="2025-08-22T08:18:24.3990500-04:00" endTime="2025-08-22T08:18:24.4005610-04:00" testType="13cdc9d9-ddb5-4fa4-a97d-d965ccfc6d4b" outcome="Passed" testListId="8c84fa94-04c1-424b-9868-57a2d4851a1d" relativeResultsDirectory="85f397d7-dc33-4d1d-b67d-ad8e6d218e90" />
    <UnitTestResult executionId="2245e622-0558-4f90-b1ea-7621203c5393" testId="0d60d1ec-e2ff-2472-8bf2-2c217ffcebab" testName="Parser Tests.Statement Parser Tests.Control Flow Statements.For Loops.numeric for with function call" computerName="dadsmbp" startTime="2025-08-22T08:18:24.4971330-04:00" endTime="2025-08-22T08:18:24.4974350-04:00" testType="13cdc9d9-ddb5-4fa4-a97d-d965ccfc6d4b" outcome="Passed" testListId="8c84fa94-04c1-424b-9868-57a2d4851a1d" relativeResultsDirectory="2245e622-0558-4f90-b1ea-7621203c5393" />
    <UnitTestResult executionId="d687141d-8041-43ad-997b-a509e76b4a8f" testId="db7077dd-4ef5-8d20-6540-9087a3bc4696" testName="Variable attributes (Lua 5.4).Const attribute" computerName="dadsmbp" startTime="2025-08-22T08:18:24.5526430-04:00" endTime="2025-08-22T08:18:24.5531430-04:00" testType="13cdc9d9-ddb5-4fa4-a97d-d965ccfc6d4b" outcome="Passed" testListId="8c84fa94-04c1-424b-9868-57a2d4851a1d" relativeResultsDirectory="d687141d-8041-43ad-997b-a509e76b4a8f" />
    <UnitTestResult executionId="b5ebf2e9-8aba-4d9a-af18-f512b7327765" testId="50da10f7-26a6-5189-a981-de50fa2ada1b" testName="Parser Tests.Expression Parser Tests.Edge Cases.boolean logic chain" computerName="dadsmbp" startTime="2025-08-22T08:18:24.4418900-04:00" endTime="2025-08-22T08:18:24.4422150-04:00" testType="13cdc9d9-ddb5-4fa4-a97d-d965ccfc6d4b" outcome="Passed" testListId="8c84fa94-04c1-424b-9868-57a2d4851a1d" relativeResultsDirectory="b5ebf2e9-8aba-4d9a-af18-f512b7327765" />
    <UnitTestResult executionId="38b11078-9e2e-4555-932c-1c58d7d699fd" testId="8ceac842-0694-da26-8741-33c171517815" testName="Parser Tests.Expression Parser Tests.Literals.hex escape null" computerName="dadsmbp" startTime="2025-08-22T08:18:24.3986830-04:00" endTime="2025-08-22T08:18:24.4004570-04:00" testType="13cdc9d9-ddb5-4fa4-a97d-d965ccfc6d4b" outcome="Passed" testListId="8c84fa94-04c1-424b-9868-57a2d4851a1d" relativeResultsDirectory="38b11078-9e2e-4555-932c-1c58d7d699fd" />
    <UnitTestResult executionId="34a24076-ea3d-4361-9748-db6de77b132f" testId="107fd52a-d610-16f7-d2b4-50729b7deaad" testName="Scientific notation parsing.Negative exponent" computerName="dadsmbp" startTime="2025-08-22T08:18:24.5405010-04:00" endTime="2025-08-22T08:18:24.5413330-04:00" testType="13cdc9d9-ddb5-4fa4-a97d-d965ccfc6d4b" outcome="Passed" testListId="8c84fa94-04c1-424b-9868-57a2d4851a1d" relativeResultsDirectory="34a24076-ea3d-4361-9748-db6de77b132f" />
    <UnitTestResult executionId="9d0d565b-9cd8-4565-949f-74c2f904862b" testId="7a121384-ad33-5a50-aa20-0dd3188d181a" testName="Parser Tests.Statement Parser Tests.Parser Fixes.Table Assignment at Statement Level (Fixed).table assignment from function call" computerName="dadsmbp" startTime="2025-08-22T08:18:24.5192000-04:00" endTime="2025-08-22T08:18:24.5196660-04:00" testType="13cdc9d9-ddb5-4fa4-a97d-d965ccfc6d4b" outcome="Passed" testListId="8c84fa94-04c1-424b-9868-57a2d4851a1d" relativeResultsDirectory="9d0d565b-9cd8-4565-949f-74c2f904862b" />
    <UnitTestResult executionId="a4c93223-2710-4824-adea-f93f6c7a8a61" testId="d1220d6b-41d1-f6d0-a837-b5893fc68d06" testName="Parser Tests.Expression Parser Tests.Literals.hex escape mixed case" computerName="dadsmbp" startTime="2025-08-22T08:18:24.3990270-04:00" endTime="2025-08-22T08:18:24.4005200-04:00" testType="13cdc9d9-ddb5-4fa4-a97d-d965ccfc6d4b" outcome="Passed" testListId="8c84fa94-04c1-424b-9868-57a2d4851a1d" relativeResultsDirectory="a4c93223-2710-4824-adea-f93f6c7a8a61" />
    <UnitTestResult executionId="bb24209d-8e1e-4c09-ac7e-c8555f96dc58" testId="ab03aeee-2a55-ff2d-2d4f-6583c6d3f265" testName="Parser Tests.Expression Parser Tests.Comparison Operators.not equal" computerName="dadsmbp" startTime="2025-08-22T08:18:24.4313320-04:00" endTime="2025-08-22T08:18:24.4317430-04:00" testType="13cdc9d9-ddb5-4fa4-a97d-d965ccfc6d4b" outcome="Passed" testListId="8c84fa94-04c1-424b-9868-57a2d4851a1d" relativeResultsDirectory="bb24209d-8e1e-4c09-ac7e-c8555f96dc58" />
    <UnitTestResult executionId="aa483dfb-8c4c-45cf-9470-a5ba3feb024f" testId="16e83989-f14b-2617-4a53-58c2828f533b" testName="Parser Tests.Statement Parser Tests.Parser Fixes.Assignment vs Function Call Disambiguation.assignment with newline" computerName="dadsmbp" startTime="2025-08-22T08:18:24.5301870-04:00" endTime="2025-08-22T08:18:24.5303570-04:00" testType="13cdc9d9-ddb5-4fa4-a97d-d965ccfc6d4b" outcome="Passed" testListId="8c84fa94-04c1-424b-9868-57a2d4851a1d" relativeResultsDirectory="aa483dfb-8c4c-45cf-9470-a5ba3feb024f" />
    <UnitTestResult executionId="b6e27fac-30a6-4ae7-8acb-7bba63e23380" testId="63187717-8e00-caba-40f9-a91ffcda26a1" testName="Parser Tests.Statement Parser Tests.Control Flow Statements.simple if" computerName="dadsmbp" startTime="2025-08-22T08:18:24.4860120-04:00" endTime="2025-08-22T08:18:24.4872360-04:00" testType="13cdc9d9-ddb5-4fa4-a97d-d965ccfc6d4b" outcome="Passed" testListId="8c84fa94-04c1-424b-9868-57a2d4851a1d" relativeResultsDirectory="b6e27fac-30a6-4ae7-8acb-7bba63e23380" />
    <UnitTestResult executionId="64777768-93f8-42b5-97b0-d3881d15f5e2" testId="d3c442eb-a0af-517d-1486-3bae2dbdb273" testName="String escape sequences.Hex escape" computerName="dadsmbp" duration="00:00:00.0050000" startTime="2025-08-22T08:18:24.5407630-04:00" endTime="2025-08-22T08:18:24.5461550-04:00" testType="13cdc9d9-ddb5-4fa4-a97d-d965ccfc6d4b" outcome="Passed" testListId="8c84fa94-04c1-424b-9868-57a2d4851a1d" relativeResultsDirectory="64777768-93f8-42b5-97b0-d3881d15f5e2" />
    <UnitTestResult executionId="ff32b65e-5acf-4faf-b78b-c433235d8da5" testId="51ca660f-46f5-4f0b-f9eb-b6d216c6a4a2" testName="Parser Tests.Expression Parser Tests.Multiplicative Operators.left associative" computerName="dadsmbp" startTime="2025-08-22T08:18:24.4207000-04:00" endTime="2025-08-22T08:18:24.4215610-04:00" testType="13cdc9d9-ddb5-4fa4-a97d-d965ccfc6d4b" outcome="Passed" testListId="8c84fa94-04c1-424b-9868-57a2d4851a1d" relativeResultsDirectory="ff32b65e-5acf-4faf-b78b-c433235d8da5" />
    <UnitTestResult executionId="4a4e4144-2c66-41e0-aeb3-94d3a3eb1005" testId="f3bed39f-48ad-33ee-e5db-7f7f6353e59e" testName="Function call parsing.Call with table constructor (no parens)" computerName="dadsmbp" duration="00:00:00.0010000" startTime="2025-08-22T08:18:24.5523990-04:00" endTime="2025-08-22T08:18:24.5535390-04:00" testType="13cdc9d9-ddb5-4fa4-a97d-d965ccfc6d4b" outcome="Passed" testListId="8c84fa94-04c1-424b-9868-57a2d4851a1d" relativeResultsDirectory="4a4e4144-2c66-41e0-aeb3-94d3a3eb1005" />
    <UnitTestResult executionId="a0dfd823-fc2f-49be-ac9e-e84d673d171f" testId="d42cbb2a-9c1a-4f4b-4584-5987904f9667" testName="Parser Tests.Expression Parser Tests.Table Constructors.Complex Examples.table with method calls" computerName="dadsmbp" startTime="2025-08-22T08:18:24.4753240-04:00" endTime="2025-08-22T08:18:24.4755370-04:00" testType="13cdc9d9-ddb5-4fa4-a97d-d965ccfc6d4b" outcome="Passed" testListId="8c84fa94-04c1-424b-9868-57a2d4851a1d" relativeResultsDirectory="a0dfd823-fc2f-49be-ac9e-e84d673d171f" />
    <UnitTestResult executionId="81d241b2-d332-41ff-bd84-a0eeb6aa9bb7" testId="b51db8bf-d36e-0aa7-8a8f-f4a9946301ba" testName="Parser Tests.Expression Parser Tests.Additive Operators.subtract" computerName="dadsmbp" startTime="2025-08-22T08:18:24.4207230-04:00" endTime="2025-08-22T08:18:24.4214940-04:00" testType="13cdc9d9-ddb5-4fa4-a97d-d965ccfc6d4b" outcome="Passed" testListId="8c84fa94-04c1-424b-9868-57a2d4851a1d" relativeResultsDirectory="81d241b2-d332-41ff-bd84-a0eeb6aa9bb7" />
    <UnitTestResult executionId="ec1d6863-610d-4eb4-aded-578d8a5dbae7" testId="e9dbbd1d-bdb4-59d4-eeba-825afa778cbf" testName="Parser Tests.Statement Parser Tests.Basic Statements.multiple local with function call" computerName="dadsmbp" startTime="2025-08-22T08:18:24.4858950-04:00" endTime="2025-08-22T08:18:24.4861120-04:00" testType="13cdc9d9-ddb5-4fa4-a97d-d965ccfc6d4b" outcome="Passed" testListId="8c84fa94-04c1-424b-9868-57a2d4851a1d" relativeResultsDirectory="ec1d6863-610d-4eb4-aded-578d8a5dbae7" />
    <UnitTestResult executionId="c174ccf4-b866-4c28-9dfd-28f9326d7d52" testId="cbf11f0c-9efd-21c8-0344-f5e3de7c50b7" testName="Parser Tests.Expression Parser Tests.Literals.escape backslash" computerName="dadsmbp" startTime="2025-08-22T08:18:24.3874690-04:00" endTime="2025-08-22T08:18:24.3875400-04:00" testType="13cdc9d9-ddb5-4fa4-a97d-d965ccfc6d4b" outcome="Passed" testListId="8c84fa94-04c1-424b-9868-57a2d4851a1d" relativeResultsDirectory="c174ccf4-b866-4c28-9dfd-28f9326d7d52" />
    <UnitTestResult executionId="c634796a-b916-4543-af39-af230ce1f4a5" testId="25722854-c2f4-5f12-2a6e-611e5536b3f9" testName="Parser Tests.Statement Parser Tests.Control Flow Statements.repeat until loop" computerName="dadsmbp" startTime="2025-08-22T08:18:24.4969570-04:00" endTime="2025-08-22T08:18:24.4975480-04:00" testType="13cdc9d9-ddb5-4fa4-a97d-d965ccfc6d4b" outcome="Passed" testListId="8c84fa94-04c1-424b-9868-57a2d4851a1d" relativeResultsDirectory="c634796a-b916-4543-af39-af230ce1f4a5" />
    <UnitTestResult executionId="a98bc821-c7ad-4d45-9eb3-4fa3ef404ae5" testId="908ca77d-10e0-7e63-e6d9-3ca0b72d983b" testName="Parser Tests.Expression Parser Tests.Bitwise Operators.bitwise and" computerName="dadsmbp" startTime="2025-08-22T08:18:24.4312220-04:00" endTime="2025-08-22T08:18:24.4314230-04:00" testType="13cdc9d9-ddb5-4fa4-a97d-d965ccfc6d4b" outcome="Passed" testListId="8c84fa94-04c1-424b-9868-57a2d4851a1d" relativeResultsDirectory="a98bc821-c7ad-4d45-9eb3-4fa3ef404ae5" />
    <UnitTestResult executionId="89d86981-4bdd-4440-8111-b39d2fa0d3ce" testId="ab278c63-bff2-f9db-860f-8f2ccbfd3000" testName="Parser Tests.Expression Parser Tests.Table Constructors.Complex Examples.table with table access" computerName="dadsmbp" startTime="2025-08-22T08:18:24.4752670-04:00" endTime="2025-08-22T08:18:24.4754370-04:00" testType="13cdc9d9-ddb5-4fa4-a97d-d965ccfc6d4b" outcome="Passed" testListId="8c84fa94-04c1-424b-9868-57a2d4851a1d" relativeResultsDirectory="89d86981-4bdd-4440-8111-b39d2fa0d3ce" />
    <UnitTestResult executionId="5b80a70c-b421-4b27-b407-1fc6a7a40989" testId="df9d586a-70f3-fbab-79ce-75289b292830" testName="Parser Tests.Expression Parser Tests.Literals.zero integer" computerName="dadsmbp" duration="00:00:00.0150000" startTime="2025-08-22T08:18:24.3471920-04:00" endTime="2025-08-22T08:18:24.3674350-04:00" testType="13cdc9d9-ddb5-4fa4-a97d-d965ccfc6d4b" outcome="Passed" testListId="8c84fa94-04c1-424b-9868-57a2d4851a1d" relativeResultsDirectory="5b80a70c-b421-4b27-b407-1fc6a7a40989" />
    <UnitTestResult executionId="b638eafe-e243-4633-b1f1-dd4039c1f4fa" testId="5bb5f4cc-8a1b-1d50-5b9e-c5ad18e143dd" testName="Parser Tests.Statement Parser Tests.Control Flow Statements.For Loops.generic for single var" computerName="dadsmbp" startTime="2025-08-22T08:18:24.4971470-04:00" endTime="2025-08-22T08:18:24.4974050-04:00" testType="13cdc9d9-ddb5-4fa4-a97d-d965ccfc6d4b" outcome="Passed" testListId="8c84fa94-04c1-424b-9868-57a2d4851a1d" relativeResultsDirectory="b638eafe-e243-4633-b1f1-dd4039c1f4fa" />
    <UnitTestResult executionId="9ccd8e05-a4c1-491d-b7b7-73da48cb7f09" testId="54696586-86f2-8469-5df1-683c5f3e3dfd" testName="Parser Tests.Expression Parser Tests.Method Calls.method call with long string no space" computerName="dadsmbp" duration="00:00:00.0020000" startTime="2025-08-22T08:18:24.4531000-04:00" endTime="2025-08-22T08:18:24.4559850-04:00" testType="13cdc9d9-ddb5-4fa4-a97d-d965ccfc6d4b" outcome="Passed" testListId="8c84fa94-04c1-424b-9868-57a2d4851a1d" relativeResultsDirectory="9ccd8e05-a4c1-491d-b7b7-73da48cb7f09" />
    <UnitTestResult executionId="75ca2664-47a0-49cc-89b3-d15d5f84f289" testId="6ae09f4d-7fb0-f7a6-a0bc-f2e9d59235e4" testName="Parser Tests.Expression Parser Tests.Shift Operators.left associative" computerName="dadsmbp" startTime="2025-08-22T08:18:24.4312130-04:00" endTime="2025-08-22T08:18:24.4314220-04:00" testType="13cdc9d9-ddb5-4fa4-a97d-d965ccfc6d4b" outcome="Passed" testListId="8c84fa94-04c1-424b-9868-57a2d4851a1d" relativeResultsDirectory="75ca2664-47a0-49cc-89b3-d15d5f84f289" />
    <UnitTestResult executionId="0915540b-4176-424a-baa7-c9b13c7c9730" testId="fc7a0a39-6e21-813b-9448-b0a212a69660" testName="Parser Tests.Expression Parser Tests.Function Calls.function call in expression" computerName="dadsmbp" startTime="2025-08-22T08:18:24.4419470-04:00" endTime="2025-08-22T08:18:24.4430400-04:00" testType="13cdc9d9-ddb5-4fa4-a97d-d965ccfc6d4b" outcome="Passed" testListId="8c84fa94-04c1-424b-9868-57a2d4851a1d" relativeResultsDirectory="0915540b-4176-424a-baa7-c9b13c7c9730" />
    <UnitTestResult executionId="32cc17b0-b482-4bab-952e-5ac4194b7f77" testId="2224406e-7d17-912a-65f5-f2ed533b7d62" testName="Long string parsing.Initial newline removal" computerName="dadsmbp" duration="00:00:00.0050000" startTime="2025-08-22T08:18:24.5405390-04:00" endTime="2025-08-22T08:18:24.5461950-04:00" testType="13cdc9d9-ddb5-4fa4-a97d-d965ccfc6d4b" outcome="Passed" testListId="8c84fa94-04c1-424b-9868-57a2d4851a1d" relativeResultsDirectory="32cc17b0-b482-4bab-952e-5ac4194b7f77" />
    <UnitTestResult executionId="887c9eba-2c35-4b5d-a803-5544fd27c7c4" testId="22e4173d-cb7e-9ab3-0463-97b7ca2b1bae" testName="Parser Tests.Expression Parser Tests.Shift Operators.left shift" computerName="dadsmbp" startTime="2025-08-22T08:18:24.4208050-04:00" endTime="2025-08-22T08:18:24.4214550-04:00" testType="13cdc9d9-ddb5-4fa4-a97d-d965ccfc6d4b" outcome="Passed" testListId="8c84fa94-04c1-424b-9868-57a2d4851a1d" relativeResultsDirectory="887c9eba-2c35-4b5d-a803-5544fd27c7c4" />
    <UnitTestResult executionId="6511b132-be8e-448b-b146-9c0d94a7dcc4" testId="d196b395-f31e-f4e9-9268-5512404cf3f1" testName="Parser Tests.Statement Parser Tests.Parser Fixes.Table Access in Binary Expressions (Fixed).whitespace variations" computerName="dadsmbp" startTime="2025-08-22T08:18:24.5303150-04:00" endTime="2025-08-22T08:18:24.5308370-04:00" testType="13cdc9d9-ddb5-4fa4-a97d-d965ccfc6d4b" outcome="Passed" testListId="8c84fa94-04c1-424b-9868-57a2d4851a1d" relativeResultsDirectory="6511b132-be8e-448b-b146-9c0d94a7dcc4" />
    <UnitTestResult executionId="1e502146-566c-470f-b56e-84b8560c01d5" testId="bdad5a6a-6be3-3f5f-d1ce-c9d3ae870232" testName="Parser Tests.Expression Parser Tests.Literals.null in middle" computerName="dadsmbp" startTime="2025-08-22T08:18:24.4004350-04:00" endTime="2025-08-22T08:18:24.4006010-04:00" testType="13cdc9d9-ddb5-4fa4-a97d-d965ccfc6d4b" outcome="Passed" testListId="8c84fa94-04c1-424b-9868-57a2d4851a1d" relativeResultsDirectory="1e502146-566c-470f-b56e-84b8560c01d5" />
    <UnitTestResult executionId="0a215e62-754d-494f-8a53-e47798228ecc" testId="8ac86056-e85a-652a-d482-fa4bdb7792cb" testName="Parser Tests.Expression Parser Tests.Parentheses.simple parentheses" computerName="dadsmbp" startTime="2025-08-22T08:18:24.4098650-04:00" endTime="2025-08-22T08:18:24.4101900-04:00" testType="13cdc9d9-ddb5-4fa4-a97d-d965ccfc6d4b" outcome="Passed" testListId="8c84fa94-04c1-424b-9868-57a2d4851a1d" relativeResultsDirectory="0a215e62-754d-494f-8a53-e47798228ecc" />
    <UnitTestResult executionId="2196bab5-a2dc-4855-81b4-7abcbab23fa5" testId="afe2b68b-714d-f139-8dd0-06272512af6b" testName="Parser Tests.Statement Parser Tests.Parser Fixes.Assignment vs Function Call Disambiguation.simple function call" computerName="dadsmbp" startTime="2025-08-22T08:18:24.5193610-04:00" endTime="2025-08-22T08:18:24.5194210-04:00" testType="13cdc9d9-ddb5-4fa4-a97d-d965ccfc6d4b" outcome="Passed" testListId="8c84fa94-04c1-424b-9868-57a2d4851a1d" relativeResultsDirectory="2196bab5-a2dc-4855-81b4-7abcbab23fa5" />
    <UnitTestResult executionId="a853d9bd-1a06-4dc4-90c9-089187cddd7b" testId="92c6010b-42e6-d615-8711-7979fc341358" testName="Variable attributes (Lua 5.4).Close attribute" computerName="dadsmbp" startTime="2025-08-22T08:18:24.5526930-04:00" endTime="2025-08-22T08:18:24.5535650-04:00" testType="13cdc9d9-ddb5-4fa4-a97d-d965ccfc6d4b" outcome="Passed" testListId="8c84fa94-04c1-424b-9868-57a2d4851a1d" relativeResultsDirectory="a853d9bd-1a06-4dc4-90c9-089187cddd7b" />
    <UnitTestResult executionId="750b27ad-e565-43ae-9e77-94f012c0fa0d" testId="e914e3fe-73be-d3f9-019e-573e777a6b58" testName="Parser Tests.Statement Parser Tests.Basic Statements.local declaration" computerName="dadsmbp" startTime="2025-08-22T08:18:24.4858540-04:00" endTime="2025-08-22T08:18:24.4861000-04:00" testType="13cdc9d9-ddb5-4fa4-a97d-d965ccfc6d4b" outcome="Passed" testListId="8c84fa94-04c1-424b-9868-57a2d4851a1d" relativeResultsDirectory="750b27ad-e565-43ae-9e77-94f012c0fa0d" />
    <UnitTestResult executionId="6774b0d2-4946-4ef5-a1cd-a3c08e5dba4b" testId="e084a9b3-905c-32f0-81f5-67ee354b61c3" testName="Parser Tests.Statement Parser Tests.Parser Fixes.Table Access in Binary Expressions (Fixed).complex table expression" computerName="dadsmbp" startTime="2025-08-22T08:18:24.5302700-04:00" endTime="2025-08-22T08:18:24.5308360-04:00" testType="13cdc9d9-ddb5-4fa4-a97d-d965ccfc6d4b" outcome="Passed" testListId="8c84fa94-04c1-424b-9868-57a2d4851a1d" relativeResultsDirectory="6774b0d2-4946-4ef5-a1cd-a3c08e5dba4b" />
    <UnitTestResult executionId="f9cf59cc-9ec5-4a40-a78c-ec948df6b838" testId="1709b4f3-8a8f-5c39-8a35-941bd3a74a13" testName="Parser Tests.Expression Parser Tests.Method Calls.method with expression args" computerName="dadsmbp" startTime="2025-08-22T08:18:24.4530740-04:00" endTime="2025-08-22T08:18:24.4537350-04:00" testType="13cdc9d9-ddb5-4fa4-a97d-d965ccfc6d4b" outcome="Passed" testListId="8c84fa94-04c1-424b-9868-57a2d4851a1d" relativeResultsDirectory="f9cf59cc-9ec5-4a40-a78c-ec948df6b838" />
    <UnitTestResult executionId="fccda108-cc68-4b1b-9a5e-782253c7ee06" testId="61bcbfaa-09a8-e49b-1e09-85c4de69467d" testName="Parser Tests.Expression Parser Tests.Literals.string" computerName="dadsmbp" duration="00:00:00.0250000" startTime="2025-08-22T08:18:24.3374710-04:00" endTime="2025-08-22T08:18:24.3643070-04:00" testType="13cdc9d9-ddb5-4fa4-a97d-d965ccfc6d4b" outcome="Passed" testListId="8c84fa94-04c1-424b-9868-57a2d4851a1d" relativeResultsDirectory="fccda108-cc68-4b1b-9a5e-782253c7ee06" />
    <UnitTestResult executionId="d1571d43-9017-44fd-943f-a380380dc8cd" testId="5f017da4-ef6a-5f78-e492-2001cbd1f689" testName="Parser Tests.Expression Parser Tests.Literals.hex escape with following char" computerName="dadsmbp" startTime="2025-08-22T08:18:24.3990420-04:00" endTime="2025-08-22T08:18:24.4005570-04:00" testType="13cdc9d9-ddb5-4fa4-a97d-d965ccfc6d4b" outcome="Passed" testListId="8c84fa94-04c1-424b-9868-57a2d4851a1d" relativeResultsDirectory="d1571d43-9017-44fd-943f-a380380dc8cd" />
    <UnitTestResult executionId="0b8454da-345b-4c02-9e85-20228d9c34fc" testId="6d9ca8dd-f154-227d-84e3-afa1a8dfa77e" testName="Parser Tests.Expression Parser Tests.Table Constructors.Mixed Fields.nested tables" computerName="dadsmbp" startTime="2025-08-22T08:18:24.4752190-04:00" endTime="2025-08-22T08:18:24.4753310-04:00" testType="13cdc9d9-ddb5-4fa4-a97d-d965ccfc6d4b" outcome="Passed" testListId="8c84fa94-04c1-424b-9868-57a2d4851a1d" relativeResultsDirectory="0b8454da-345b-4c02-9e85-20228d9c34fc" />
    <UnitTestResult executionId="19f1c094-33eb-4faa-9ad4-61bf11522990" testId="41759be0-8d28-fc24-8f8d-4b3695413d75" testName="Identifier parsing.Reserved words" computerName="dadsmbp" duration="00:00:00.0040000" startTime="2025-08-22T08:18:24.5406670-04:00" endTime="2025-08-22T08:18:24.5457360-04:00" testType="13cdc9d9-ddb5-4fa4-a97d-d965ccfc6d4b" outcome="Passed" testListId="8c84fa94-04c1-424b-9868-57a2d4851a1d" relativeResultsDirectory="19f1c094-33eb-4faa-9ad4-61bf11522990" />
    <UnitTestResult executionId="5a0fec00-23ad-4332-85a2-a45f33bedde2" testId="ed26fc88-791f-1658-dbfa-7a48264cd0f8" testName="Parser Tests.Statement Parser Tests.Control Flow Statements.For Loops.numeric for with body" computerName="dadsmbp" startTime="2025-08-22T08:18:24.4970830-04:00" endTime="2025-08-22T08:18:24.4973990-04:00" testType="13cdc9d9-ddb5-4fa4-a97d-d965ccfc6d4b" outcome="Passed" testListId="8c84fa94-04c1-424b-9868-57a2d4851a1d" relativeResultsDirectory="5a0fec00-23ad-4332-85a2-a45f33bedde2" />
    <UnitTestResult executionId="1959d450-efe4-44e5-8e5c-27750578ac9c" testId="a65bf685-fa17-2ecf-1f83-09acfe0e037c" testName="Parser Tests.Statement Parser Tests.Control Flow Statements.For Loops.generic for with body" computerName="dadsmbp" startTime="2025-08-22T08:18:24.4972250-04:00" endTime="2025-08-22T08:18:24.4977120-04:00" testType="13cdc9d9-ddb5-4fa4-a97d-d965ccfc6d4b" outcome="Passed" testListId="8c84fa94-04c1-424b-9868-57a2d4851a1d" relativeResultsDirectory="1959d450-efe4-44e5-8e5c-27750578ac9c" />
    <UnitTestResult executionId="f2b34101-ac64-41f9-8ab1-f3d9c3d12c10" testId="3c30a966-5d71-f183-32cf-39fc6c1d9ded" testName="Parser Tests.Expression Parser Tests.Whitespace Handling.newlines" computerName="dadsmbp" startTime="2025-08-22T08:18:24.4418750-04:00" endTime="2025-08-22T08:18:24.4419910-04:00" testType="13cdc9d9-ddb5-4fa4-a97d-d965ccfc6d4b" outcome="Passed" testListId="8c84fa94-04c1-424b-9868-57a2d4851a1d" relativeResultsDirectory="f2b34101-ac64-41f9-8ab1-f3d9c3d12c10" />
    <UnitTestResult executionId="89464573-9d16-4e99-a6b5-f6fb57128fab" testId="4cb6405b-7bb5-3db8-6617-a196a7bd9324" testName="Parser Tests.Expression Parser Tests.Literals.hex integer" computerName="dadsmbp" startTime="2025-08-22T08:18:24.3609330-04:00" endTime="2025-08-22T08:18:24.3777010-04:00" testType="13cdc9d9-ddb5-4fa4-a97d-d965ccfc6d4b" outcome="Passed" testListId="8c84fa94-04c1-424b-9868-57a2d4851a1d" relativeResultsDirectory="89464573-9d16-4e99-a6b5-f6fb57128fab" />
    <UnitTestResult executionId="129e35ea-16fe-4ad9-9cf7-c9989bc127d6" testId="1c229850-235f-5d22-0ad9-1b5eab113d0f" testName="Parser Tests.Expression Parser Tests.Literals.decimal escape three digits" computerName="dadsmbp" startTime="2025-08-22T08:18:24.3879880-04:00" endTime="2025-08-22T08:18:24.3886350-04:00" testType="13cdc9d9-ddb5-4fa4-a97d-d965ccfc6d4b" outcome="Passed" testListId="8c84fa94-04c1-424b-9868-57a2d4851a1d" relativeResultsDirectory="129e35ea-16fe-4ad9-9cf7-c9989bc127d6" />
    <UnitTestResult executionId="ef6aed93-9448-4d5b-818e-31eb39413494" testId="572906bd-cd69-d3d4-c0be-6d2b51eb223e" testName="Parser Tests.Expression Parser Tests.Method Calls.method call with long string with equals" computerName="dadsmbp" startTime="2025-08-22T08:18:24.4640400-04:00" endTime="2025-08-22T08:18:24.4642600-04:00" testType="13cdc9d9-ddb5-4fa4-a97d-d965ccfc6d4b" outcome="Passed" testListId="8c84fa94-04c1-424b-9868-57a2d4851a1d" relativeResultsDirectory="ef6aed93-9448-4d5b-818e-31eb39413494" />
    <UnitTestResult executionId="0d07e11d-7371-40da-8c35-4a0ed3aefdbf" testId="825fd467-52f0-ebc3-102d-d554859cb5d0" testName="Parser Tests.Expression Parser Tests.Literals.literals.lua case 3" computerName="dadsmbp" startTime="2025-08-22T08:18:24.4097710-04:00" endTime="2025-08-22T08:18:24.4101530-04:00" testType="13cdc9d9-ddb5-4fa4-a97d-d965ccfc6d4b" outcome="Passed" testListId="8c84fa94-04c1-424b-9868-57a2d4851a1d" relativeResultsDirectory="0d07e11d-7371-40da-8c35-4a0ed3aefdbf" />
    <UnitTestResult executionId="b275095c-0126-4564-aade-c70149b2aee5" testId="551f761e-e349-7a4d-824e-ba9635e4feb9" testName="Parser Tests.Statement Parser Tests.Variable Attributes.Local Variable Attributes.local close variable" computerName="dadsmbp" startTime="2025-08-22T08:18:24.5081070-04:00" endTime="2025-08-22T08:18:24.5083320-04:00" testType="13cdc9d9-ddb5-4fa4-a97d-d965ccfc6d4b" outcome="Passed" testListId="8c84fa94-04c1-424b-9868-57a2d4851a1d" relativeResultsDirectory="b275095c-0126-4564-aade-c70149b2aee5" />
    <UnitTestResult executionId="6bff55e8-43dc-44f6-992b-f0be4df9f8c8" testId="f7c7c155-dacf-8b29-9ffb-7a4a19c5a5dd" testName="Parser Tests.Expression Parser Tests.Method Calls.simple method call" computerName="dadsmbp" startTime="2025-08-22T08:18:24.4529750-04:00" endTime="2025-08-22T08:18:24.4536910-04:00" testType="13cdc9d9-ddb5-4fa4-a97d-d965ccfc6d4b" outcome="Passed" testListId="8c84fa94-04c1-424b-9868-57a2d4851a1d" relativeResultsDirectory="6bff55e8-43dc-44f6-992b-f0be4df9f8c8" />
    <UnitTestResult executionId="a6fc84b4-740b-43d0-bcba-2411e0616613" testId="bccd6e78-8c25-27a8-f677-63c64669d165" testName="Parser Tests.Expression Parser Tests.Function Calls.nested function calls" computerName="dadsmbp" startTime="2025-08-22T08:18:24.4419320-04:00" endTime="2025-08-22T08:18:24.4430570-04:00" testType="13cdc9d9-ddb5-4fa4-a97d-d965ccfc6d4b" outcome="Passed" testListId="8c84fa94-04c1-424b-9868-57a2d4851a1d" relativeResultsDirectory="a6fc84b4-740b-43d0-bcba-2411e0616613" />
    <UnitTestResult executionId="fb2ae0c4-62f7-47a3-9fa2-7c8b74a2c904" testId="fb2f3300-9207-53e8-1b8c-3c0b3c97dd35" testName="Parser Tests.Statement Parser Tests.Basic Statements.return with method call" computerName="dadsmbp" startTime="2025-08-22T08:18:24.4859990-04:00" endTime="2025-08-22T08:18:24.4862230-04:00" testType="13cdc9d9-ddb5-4fa4-a97d-d965ccfc6d4b" outcome="Passed" testListId="8c84fa94-04c1-424b-9868-57a2d4851a1d" relativeResultsDirectory="fb2ae0c4-62f7-47a3-9fa2-7c8b74a2c904" />
    <UnitTestResult executionId="a4a61dfb-346d-4596-9d24-0400b6e39f86" testId="de963660-c9b7-1271-b4b4-cb536cfbd754" testName="Parser Tests.Statement Parser Tests.Parser Fixes.Table Assignment at Statement Level (Fixed).table index assignment" computerName="dadsmbp" startTime="2025-08-22T08:18:24.5191520-04:00" endTime="2025-08-22T08:18:24.5194460-04:00" testType="13cdc9d9-ddb5-4fa4-a97d-d965ccfc6d4b" outcome="Passed" testListId="8c84fa94-04c1-424b-9868-57a2d4851a1d" relativeResultsDirectory="a4a61dfb-346d-4596-9d24-0400b6e39f86" />
    <UnitTestResult executionId="b2df2419-25fe-402c-971d-69a6676f8dee" testId="763c96db-6624-3c72-6180-fc6aded732d6" testName="Identifier parsing.Underscore as identifier" computerName="dadsmbp" duration="00:00:00.0050000" startTime="2025-08-22T08:18:24.5406140-04:00" endTime="2025-08-22T08:18:24.5461830-04:00" testType="13cdc9d9-ddb5-4fa4-a97d-d965ccfc6d4b" outcome="Passed" testListId="8c84fa94-04c1-424b-9868-57a2d4851a1d" relativeResultsDirectory="b2df2419-25fe-402c-971d-69a6676f8dee" />
    <UnitTestResult executionId="6c9c78a7-ffd7-41b3-a90a-1e9d5939577b" testId="e6fd593e-8926-6b22-f12a-96430c0fbf2e" testName="Parser Tests.Expression Parser Tests.Literals.unicode escape zero" computerName="dadsmbp" startTime="2025-08-22T08:18:24.3999560-04:00" endTime="2025-08-22T08:18:24.4005630-04:00" testType="13cdc9d9-ddb5-4fa4-a97d-d965ccfc6d4b" outcome="Passed" testListId="8c84fa94-04c1-424b-9868-57a2d4851a1d" relativeResultsDirectory="6c9c78a7-ffd7-41b3-a90a-1e9d5939577b" />
    <UnitTestResult executionId="a5489d84-04f8-4c48-ac6b-b56756be5a86" testId="01230dda-dd09-14e4-5ba7-6cc5a66146fe" testName="Parser Tests.Expression Parser Tests.Function Expressions.function with parameters" computerName="dadsmbp" duration="00:00:00.0010000" startTime="2025-08-22T08:18:24.4754160-04:00" endTime="2025-08-22T08:18:24.4772220-04:00" testType="13cdc9d9-ddb5-4fa4-a97d-d965ccfc6d4b" outcome="Passed" testListId="8c84fa94-04c1-424b-9868-57a2d4851a1d" relativeResultsDirectory="a5489d84-04f8-4c48-ac6b-b56756be5a86" />
    <UnitTestResult executionId="ba8b5438-ff2f-4b98-a6fd-4b3dcbe657d5" testId="0b233c23-ae12-4c20-ed95-2f98eacd55ad" testName="Parser Tests.Expression Parser Tests.Literals.escape single quote" computerName="dadsmbp" startTime="2025-08-22T08:18:24.3875730-04:00" endTime="2025-08-22T08:18:24.3881730-04:00" testType="13cdc9d9-ddb5-4fa4-a97d-d965ccfc6d4b" outcome="Passed" testListId="8c84fa94-04c1-424b-9868-57a2d4851a1d" relativeResultsDirectory="ba8b5438-ff2f-4b98-a6fd-4b3dcbe657d5" />
    <UnitTestResult executionId="d71ebbce-a1ec-448c-8646-64144a3f3edc" testId="93743fcd-e2c6-fcf8-1983-d6902911611b" testName="Parser Tests.Statement Parser Tests.Control Flow Statements.Labels and Goto.goto statement" computerName="dadsmbp" startTime="2025-08-22T08:18:24.4973290-04:00" endTime="2025-08-22T08:18:24.4974710-04:00" testType="13cdc9d9-ddb5-4fa4-a97d-d965ccfc6d4b" outcome="Passed" testListId="8c84fa94-04c1-424b-9868-57a2d4851a1d" relativeResultsDirectory="d71ebbce-a1ec-448c-8646-64144a3f3edc" />
    <UnitTestResult executionId="73d1bd90-fb1f-4e32-a971-558fb3911052" testId="b21fa29a-c221-a436-8f17-6ab1b870468e" testName="Parser Tests.Statement Parser Tests.Parser Fixes.Complex Assignment Patterns.table assignment in sequence" computerName="dadsmbp" startTime="2025-08-22T08:18:24.5302360-04:00" endTime="2025-08-22T08:18:24.5306420-04:00" testType="13cdc9d9-ddb5-4fa4-a97d-d965ccfc6d4b" outcome="Passed" testListId="8c84fa94-04c1-424b-9868-57a2d4851a1d" relativeResultsDirectory="73d1bd90-fb1f-4e32-a971-558fb3911052" />
    <UnitTestResult executionId="9fca47a8-a97c-40b4-b3f2-83d35dc51498" testId="7e85cdf8-1845-3a87-ed06-04c18958f263" testName="Parser Tests.Expression Parser Tests.Table Constructors.Complex Examples.table with complex keys" computerName="dadsmbp" startTime="2025-08-22T08:18:24.4753260-04:00" endTime="2025-08-22T08:18:24.4755440-04:00" testType="13cdc9d9-ddb5-4fa4-a97d-d965ccfc6d4b" outcome="Passed" testListId="8c84fa94-04c1-424b-9868-57a2d4851a1d" relativeResultsDirectory="9fca47a8-a97c-40b4-b3f2-83d35dc51498" />
    <UnitTestResult executionId="bcedcd85-bb21-4bd2-9e15-25bad5d6c66e" testId="61aaf27a-5745-0675-9d0e-4fbe43a5a884" testName="Parser Tests.Statement Parser Tests.Control Flow Statements.while loop" computerName="dadsmbp" startTime="2025-08-22T08:18:24.4969500-04:00" endTime="2025-08-22T08:18:24.4974070-04:00" testType="13cdc9d9-ddb5-4fa4-a97d-d965ccfc6d4b" outcome="Passed" testListId="8c84fa94-04c1-424b-9868-57a2d4851a1d" relativeResultsDirectory="bcedcd85-bb21-4bd2-9e15-25bad5d6c66e" />
    <UnitTestResult executionId="3f9225f1-c69e-412a-b7be-ec15c70eb4a1" testId="c72117c3-ab57-465e-9a92-830e8834255d" testName="Parser Tests.Expression Parser Tests.Bitwise Operators.bitwise xor" computerName="dadsmbp" startTime="2025-08-22T08:18:24.4312450-04:00" endTime="2025-08-22T08:18:24.4315660-04:00" testType="13cdc9d9-ddb5-4fa4-a97d-d965ccfc6d4b" outcome="Passed" testListId="8c84fa94-04c1-424b-9868-57a2d4851a1d" relativeResultsDirectory="3f9225f1-c69e-412a-b7be-ec15c70eb4a1" />
    <UnitTestResult executionId="61ae699a-b116-4dc0-83ff-9fbb909e4ef8" testId="f198c2f2-d97d-2ebd-6b38-42f64079cc49" testName="Parser Tests.Expression Parser Tests.Literals.escape double quote" computerName="dadsmbp" startTime="2025-08-22T08:18:24.3875470-04:00" endTime="2025-08-22T08:18:24.3880940-04:00" testType="13cdc9d9-ddb5-4fa4-a97d-d965ccfc6d4b" outcome="Passed" testListId="8c84fa94-04c1-424b-9868-57a2d4851a1d" relativeResultsDirectory="61ae699a-b116-4dc0-83ff-9fbb909e4ef8" />
    <UnitTestResult executionId="00e4b7da-b38c-4a06-a3e6-67960cb52120" testId="79a32c9d-4915-abcb-12b1-98842e995302" testName="Parser Tests.Statement Parser Tests.Parser Fixes.Table Access in Binary Expressions (Fixed).table dot access addition" computerName="dadsmbp" startTime="2025-08-22T08:18:24.5302680-04:00" endTime="2025-08-22T08:18:24.5307110-04:00" testType="13cdc9d9-ddb5-4fa4-a97d-d965ccfc6d4b" outcome="Passed" testListId="8c84fa94-04c1-424b-9868-57a2d4851a1d" relativeResultsDirectory="00e4b7da-b38c-4a06-a3e6-67960cb52120" />
    <UnitTestResult executionId="49b40b62-9869-4ac7-a708-9575fb7524f8" testId="5033ea7f-6424-ac9d-62c6-f7211e73cb60" testName="Parser Tests.Statement Parser Tests.Basic Statements.return multiple" computerName="dadsmbp" startTime="2025-08-22T08:18:24.4859620-04:00" endTime="2025-08-22T08:18:24.4861670-04:00" testType="13cdc9d9-ddb5-4fa4-a97d-d965ccfc6d4b" outcome="Passed" testListId="8c84fa94-04c1-424b-9868-57a2d4851a1d" relativeResultsDirectory="49b40b62-9869-4ac7-a708-9575fb7524f8" />
    <UnitTestResult executionId="0c2bbdca-187b-4ba5-b3df-4242fe2f1619" testId="5f395eb8-218b-3fe3-c75a-6bcd29c3c784" testName="Parser Tests.Statement Parser Tests.Variable Attributes.Local Variable Attributes.local variables without values" computerName="dadsmbp" startTime="2025-08-22T08:18:24.5081290-04:00" endTime="2025-08-22T08:18:24.5084310-04:00" testType="13cdc9d9-ddb5-4fa4-a97d-d965ccfc6d4b" outcome="Passed" testListId="8c84fa94-04c1-424b-9868-57a2d4851a1d" relativeResultsDirectory="0c2bbdca-187b-4ba5-b3df-4242fe2f1619" />
    <UnitTestResult executionId="5ceb443f-3a63-47c2-9d94-817f5b43b46c" testId="b7cfb307-96eb-9fb6-4f2c-0693389085a8" testName="Parser Tests.Statement Parser Tests.Control Flow Statements.Labels and Goto.label with spaces" computerName="dadsmbp" startTime="2025-08-22T08:18:24.4973020-04:00" endTime="2025-08-22T08:18:24.4976280-04:00" testType="13cdc9d9-ddb5-4fa4-a97d-d965ccfc6d4b" outcome="Passed" testListId="8c84fa94-04c1-424b-9868-57a2d4851a1d" relativeResultsDirectory="5ceb443f-3a63-47c2-9d94-817f5b43b46c" />
    <UnitTestResult executionId="fef1c6d4-600e-47d8-99d5-1b585fdca8cd" testId="abcd273c-5fb8-2e18-1f45-cd1c0a4ca70a" testName="Parser Tests.Expression Parser Tests.Table Access.chained bracket access" computerName="dadsmbp" startTime="2025-08-22T08:18:24.4529350-04:00" endTime="2025-08-22T08:18:24.4531900-04:00" testType="13cdc9d9-ddb5-4fa4-a97d-d965ccfc6d4b" outcome="Passed" testListId="8c84fa94-04c1-424b-9868-57a2d4851a1d" relativeResultsDirectory="fef1c6d4-600e-47d8-99d5-1b585fdca8cd" />
    <UnitTestResult executionId="6cbd510f-7c76-4c78-8d75-00dc11a166ee" testId="de71ee28-6047-7932-7ce3-b7522d43123b" testName="Parser Tests.Expression Parser Tests.Whitespace Handling.many spaces" computerName="dadsmbp" startTime="2025-08-22T08:18:24.4418240-04:00" endTime="2025-08-22T08:18:24.4419790-04:00" testType="13cdc9d9-ddb5-4fa4-a97d-d965ccfc6d4b" outcome="Passed" testListId="8c84fa94-04c1-424b-9868-57a2d4851a1d" relativeResultsDirectory="6cbd510f-7c76-4c78-8d75-00dc11a166ee" />
    <UnitTestResult executionId="d568ce23-1784-4e6e-9432-7e0c891a73bd" testId="e5732d60-3c29-5f54-625b-18b06e1698c9" testName="Parser Tests.Statement Parser Tests.Control Flow Statements.if with elseif" computerName="dadsmbp" startTime="2025-08-22T08:18:24.4860330-04:00" endTime="2025-08-22T08:18:24.4872440-04:00" testType="13cdc9d9-ddb5-4fa4-a97d-d965ccfc6d4b" outcome="Passed" testListId="8c84fa94-04c1-424b-9868-57a2d4851a1d" relativeResultsDirectory="d568ce23-1784-4e6e-9432-7e0c891a73bd" />
    <UnitTestResult executionId="d9cabf30-aa79-482c-8b4f-27e682f30555" testId="e99f9d4b-5305-939e-bdec-d1eb40673157" testName="Parser Tests.Expression Parser Tests.String Concatenation.simple concat" computerName="dadsmbp" startTime="2025-08-22T08:18:24.4207590-04:00" endTime="2025-08-22T08:18:24.4214500-04:00" testType="13cdc9d9-ddb5-4fa4-a97d-d965ccfc6d4b" outcome="Passed" testListId="8c84fa94-04c1-424b-9868-57a2d4851a1d" relativeResultsDirectory="d9cabf30-aa79-482c-8b4f-27e682f30555" />
    <UnitTestResult executionId="64ea4c6d-1e1e-4ba8-af51-3393086a428a" testId="b746141d-802a-6057-c7e9-1c6bb64fc356" testName="Parser Tests.Expression Parser Tests.Literals.decimal escape 65 (A)" computerName="dadsmbp" startTime="2025-08-22T08:18:24.3880690-04:00" endTime="2025-08-22T08:18:24.3886780-04:00" testType="13cdc9d9-ddb5-4fa4-a97d-d965ccfc6d4b" outcome="Passed" testListId="8c84fa94-04c1-424b-9868-57a2d4851a1d" relativeResultsDirectory="64ea4c6d-1e1e-4ba8-af51-3393086a428a" />
    <UnitTestResult executionId="e16c869a-4db7-4a1e-aeb4-bfc113ba1faa" testId="9c220c5d-d3c2-7f8d-3655-60791670893c" testName="Parser Tests.Expression Parser Tests.Literals.escape bell" computerName="dadsmbp" startTime="2025-08-22T08:18:24.3875840-04:00" endTime="2025-08-22T08:18:24.3881790-04:00" testType="13cdc9d9-ddb5-4fa4-a97d-d965ccfc6d4b" outcome="Passed" testListId="8c84fa94-04c1-424b-9868-57a2d4851a1d" relativeResultsDirectory="e16c869a-4db7-4a1e-aeb4-bfc113ba1faa" />
    <UnitTestResult executionId="01188f65-1d88-4ef8-99ea-7f82a1937dc0" testId="b2106cab-7252-8e78-56a6-4549da11719c" testName="Parser Tests.Expression Parser Tests.Logical Operators.or" computerName="dadsmbp" startTime="2025-08-22T08:18:24.4313700-04:00" endTime="2025-08-22T08:18:24.4321280-04:00" testType="13cdc9d9-ddb5-4fa4-a97d-d965ccfc6d4b" outcome="Passed" testListId="8c84fa94-04c1-424b-9868-57a2d4851a1d" relativeResultsDirectory="01188f65-1d88-4ef8-99ea-7f82a1937dc0" />
    <UnitTestResult executionId="b36ba25f-2b94-493a-a408-f1ba220fbddb" testId="abb00982-0096-661e-4e2d-bf082834ac59" testName="Parser Tests.Statement Parser Tests.Control Flow Statements.Function Definitions.local function" computerName="dadsmbp" startTime="2025-08-22T08:18:24.5079200-04:00" endTime="2025-08-22T08:18:24.5081580-04:00" testType="13cdc9d9-ddb5-4fa4-a97d-d965ccfc6d4b" outcome="Passed" testListId="8c84fa94-04c1-424b-9868-57a2d4851a1d" relativeResultsDirectory="b36ba25f-2b94-493a-a408-f1ba220fbddb" />
    <UnitTestResult executionId="4610f09a-8bec-4cbe-966a-dfaa14665733" testId="7bc1d170-f1b7-3e2b-5aa9-100d068bc770" testName="Parser Tests.Expression Parser Tests.Whitespace Handling.no spaces" computerName="dadsmbp" startTime="2025-08-22T08:18:24.4418050-04:00" endTime="2025-08-22T08:18:24.4419630-04:00" testType="13cdc9d9-ddb5-4fa4-a97d-d965ccfc6d4b" outcome="Passed" testListId="8c84fa94-04c1-424b-9868-57a2d4851a1d" relativeResultsDirectory="4610f09a-8bec-4cbe-966a-dfaa14665733" />
    <UnitTestResult executionId="0d2c6ae0-d10f-424f-b9b2-491bcb7359f6" testId="798740c7-4bcf-2860-2b4d-5db188ed8088" testName="Parser Tests.Statement Parser Tests.Parser Fixes.Complex Assignment Patterns.nil assignment to table" computerName="dadsmbp" startTime="2025-08-22T08:18:24.5302300-04:00" endTime="2025-08-22T08:18:24.5306220-04:00" testType="13cdc9d9-ddb5-4fa4-a97d-d965ccfc6d4b" outcome="Passed" testListId="8c84fa94-04c1-424b-9868-57a2d4851a1d" relativeResultsDirectory="0d2c6ae0-d10f-424f-b9b2-491bcb7359f6" />
    <UnitTestResult executionId="1932c23e-a3ca-48f3-89a2-92b051587682" testId="28ddcac7-99bc-77c0-4dc8-ebd403fecbf6" testName="Parser Tests.Expression Parser Tests.Method Calls.chained method calls" computerName="dadsmbp" startTime="2025-08-22T08:18:24.4530270-04:00" endTime="2025-08-22T08:18:24.4536660-04:00" testType="13cdc9d9-ddb5-4fa4-a97d-d965ccfc6d4b" outcome="Passed" testListId="8c84fa94-04c1-424b-9868-57a2d4851a1d" relativeResultsDirectory="1932c23e-a3ca-48f3-89a2-92b051587682" />
    <UnitTestResult executionId="d625df0e-4adb-4b78-a80d-ad0eb7cc288f" testId="237acf57-c5fc-ca6c-3440-3d76add45b48" testName="Parser Tests.Expression Parser Tests.Table Access.table access with function call" computerName="dadsmbp" startTime="2025-08-22T08:18:24.4529650-04:00" endTime="2025-08-22T08:18:24.4532030-04:00" testType="13cdc9d9-ddb5-4fa4-a97d-d965ccfc6d4b" outcome="Passed" testListId="8c84fa94-04c1-424b-9868-57a2d4851a1d" relativeResultsDirectory="d625df0e-4adb-4b78-a80d-ad0eb7cc288f" />
    <UnitTestResult executionId="1d7a3940-ff5a-4eb9-8386-8e6d634e600c" testId="77611967-c39f-23b1-340b-615b960040c1" testName="Parser Tests.Expression Parser Tests.Table Constructors.Complex Examples.table with function calls" computerName="dadsmbp" startTime="2025-08-22T08:18:24.4752270-04:00" endTime="2025-08-22T08:18:24.4753780-04:00" testType="13cdc9d9-ddb5-4fa4-a97d-d965ccfc6d4b" outcome="Passed" testListId="8c84fa94-04c1-424b-9868-57a2d4851a1d" relativeResultsDirectory="1d7a3940-ff5a-4eb9-8386-8e6d634e600c" />
    <UnitTestResult executionId="9015849d-76c4-4f82-a6b2-cc780db69ae5" testId="8ca401d4-73e8-2216-59da-4cc641e70c7c" testName="Parser Tests.Statement Parser Tests.Basic Statements.return empty" computerName="dadsmbp" startTime="2025-08-22T08:18:24.4859540-04:00" endTime="2025-08-22T08:18:24.4861360-04:00" testType="13cdc9d9-ddb5-4fa4-a97d-d965ccfc6d4b" outcome="Passed" testListId="8c84fa94-04c1-424b-9868-57a2d4851a1d" relativeResultsDirectory="9015849d-76c4-4f82-a6b2-cc780db69ae5" />
    <UnitTestResult executionId="6be0aefe-84d8-4b7c-a71f-e13ebd3f0e08" testId="8a23c638-9a92-0466-2449-0a7778ea7ab5" testName="Parser Tests.Expression Parser Tests.Table Constructors.empty table" computerName="dadsmbp" startTime="2025-08-22T08:18:24.4641410-04:00" endTime="2025-08-22T08:18:24.4646780-04:00" testType="13cdc9d9-ddb5-4fa4-a97d-d965ccfc6d4b" outcome="Passed" testListId="8c84fa94-04c1-424b-9868-57a2d4851a1d" relativeResultsDirectory="6be0aefe-84d8-4b7c-a71f-e13ebd3f0e08" />
    <UnitTestResult executionId="f31a7102-df13-4baa-9790-d110771c3b42" testId="37aa9393-f589-b635-2eec-42cc9cc48359" testName="Parser Tests.Expression Parser Tests.Table Access.bracket access expression" computerName="dadsmbp" startTime="2025-08-22T08:18:24.4529360-04:00" endTime="2025-08-22T08:18:24.4532330-04:00" testType="13cdc9d9-ddb5-4fa4-a97d-d965ccfc6d4b" outcome="Passed" testListId="8c84fa94-04c1-424b-9868-57a2d4851a1d" relativeResultsDirectory="f31a7102-df13-4baa-9790-d110771c3b42" />
    <UnitTestResult executionId="7dd27d1f-b1f3-43bf-a2c1-2216cf53651e" testId="3220c2ae-91b6-aff4-18b0-88557d16da4b" testName="Parser Tests.Statement Parser Tests.Parser Fixes.Complex Assignment Patterns.assignment after complex expression" computerName="dadsmbp" startTime="2025-08-22T08:18:24.5302080-04:00" endTime="2025-08-22T08:18:24.5305500-04:00" testType="13cdc9d9-ddb5-4fa4-a97d-d965ccfc6d4b" outcome="Passed" testListId="8c84fa94-04c1-424b-9868-57a2d4851a1d" relativeResultsDirectory="7dd27d1f-b1f3-43bf-a2c1-2216cf53651e" />
    <UnitTestResult executionId="a21c2b12-f9a0-4af9-84b0-6c156ae68387" testId="a2ad77d5-a223-490a-1277-8c00d5248cb1" testName="Parser Tests.Statement Parser Tests.Control Flow Statements.simple if with statement" computerName="dadsmbp" startTime="2025-08-22T08:18:24.4860170-04:00" endTime="2025-08-22T08:18:24.4872440-04:00" testType="13cdc9d9-ddb5-4fa4-a97d-d965ccfc6d4b" outcome="Passed" testListId="8c84fa94-04c1-424b-9868-57a2d4851a1d" relativeResultsDirectory="a21c2b12-f9a0-4af9-84b0-6c156ae68387" />
    <UnitTestResult executionId="20fdaf02-09fb-4af6-863f-d50ec7957dd8" testId="f56c348e-07a4-4939-d517-9340c0ab873a" testName="Parser Tests.Statement Parser Tests.Control Flow Statements.Labels and Goto.simple label" computerName="dadsmbp" startTime="2025-08-22T08:18:24.4973190-04:00" endTime="2025-08-22T08:18:24.4974070-04:00" testType="13cdc9d9-ddb5-4fa4-a97d-d965ccfc6d4b" outcome="Passed" testListId="8c84fa94-04c1-424b-9868-57a2d4851a1d" relativeResultsDirectory="20fdaf02-09fb-4af6-863f-d50ec7957dd8" />
    <UnitTestResult executionId="05b44bc9-a087-4f48-8339-364b931173b6" testId="6412ce07-78c8-4c98-b55c-92f2fe3f0b2c" testName="Parser Tests.Expression Parser Tests.Method Calls.method with multiple args" computerName="dadsmbp" startTime="2025-08-22T08:18:24.4530240-04:00" endTime="2025-08-22T08:18:24.4536670-04:00" testType="13cdc9d9-ddb5-4fa4-a97d-d965ccfc6d4b" outcome="Passed" testListId="8c84fa94-04c1-424b-9868-57a2d4851a1d" relativeResultsDirectory="05b44bc9-a087-4f48-8339-364b931173b6" />
    <UnitTestResult executionId="6091c9ca-484f-4045-8b52-03f1be385315" testId="bdf003e6-5e31-3757-8de6-b259949e60c6" testName="Parser Tests.Statement Parser Tests.Parser Fixes.Assignment vs Function Call Disambiguation.parenthesized function call" computerName="dadsmbp" startTime="2025-08-22T08:18:24.5301810-04:00" endTime="2025-08-22T08:18:24.5303820-04:00" testType="13cdc9d9-ddb5-4fa4-a97d-d965ccfc6d4b" outcome="Passed" testListId="8c84fa94-04c1-424b-9868-57a2d4851a1d" relativeResultsDirectory="6091c9ca-484f-4045-8b52-03f1be385315" />
    <UnitTestResult executionId="2494023d-e510-447b-b143-558d752917a6" testId="0ee73c2d-1ffb-ddf9-4e07-1b1702a6be39" testName="Parser Tests.Expression Parser Tests.Unary Operators.negate" computerName="dadsmbp" startTime="2025-08-22T08:18:24.4100290-04:00" endTime="2025-08-22T08:18:24.4104860-04:00" testType="13cdc9d9-ddb5-4fa4-a97d-d965ccfc6d4b" outcome="Passed" testListId="8c84fa94-04c1-424b-9868-57a2d4851a1d" relativeResultsDirectory="2494023d-e510-447b-b143-558d752917a6" />
    <UnitTestResult executionId="99ce86f2-41aa-454a-8a66-80b558c4772d" testId="697f4dc9-7b2c-f900-0b6d-c768a091bc66" testName="Parser Tests.Statement Parser Tests.Parser Fixes.Assignment vs Function Call Disambiguation.assignment with spaces" computerName="dadsmbp" startTime="2025-08-22T08:18:24.5301890-04:00" endTime="2025-08-22T08:18:24.5303770-04:00" testType="13cdc9d9-ddb5-4fa4-a97d-d965ccfc6d4b" outcome="Passed" testListId="8c84fa94-04c1-424b-9868-57a2d4851a1d" relativeResultsDirectory="99ce86f2-41aa-454a-8a66-80b558c4772d" />
    <UnitTestResult executionId="57b20604-c644-4de2-ba82-1dc6e06b8f31" testId="c44b47ac-34e7-a034-b2d7-a56e3ecf6a11" testName="Parser Tests.Statement Parser Tests.Variable Attributes.Local Variable Attributes.local const variable" computerName="dadsmbp" startTime="2025-08-22T08:18:24.5081070-04:00" endTime="2025-08-22T08:18:24.5083550-04:00" testType="13cdc9d9-ddb5-4fa4-a97d-d965ccfc6d4b" outcome="Passed" testListId="8c84fa94-04c1-424b-9868-57a2d4851a1d" relativeResultsDirectory="57b20604-c644-4de2-ba82-1dc6e06b8f31" />
    <UnitTestResult executionId="1a46f10c-f5a3-40c3-9e39-5024fecb535b" testId="5ac0815c-2cd0-83c8-4b20-9a9ca5bc58af" testName="Parser Tests.Statement Parser Tests.Basic Statements.break statement" computerName="dadsmbp" startTime="2025-08-22T08:18:24.4859040-04:00" endTime="2025-08-22T08:18:24.4861190-04:00" testType="13cdc9d9-ddb5-4fa4-a97d-d965ccfc6d4b" outcome="Passed" testListId="8c84fa94-04c1-424b-9868-57a2d4851a1d" relativeResultsDirectory="1a46f10c-f5a3-40c3-9e39-5024fecb535b" />
    <UnitTestResult executionId="16b47465-c838-4d32-9bc4-c1cb56124f33" testId="ce42fe75-2d5f-24a5-7c82-31959a01f53f" testName="Parser Tests.Statement Parser Tests.Control Flow Statements.For Loops.generic for multiple vars" computerName="dadsmbp" startTime="2025-08-22T08:18:24.4972100-04:00" endTime="2025-08-22T08:18:24.4974070-04:00" testType="13cdc9d9-ddb5-4fa4-a97d-d965ccfc6d4b" outcome="Passed" testListId="8c84fa94-04c1-424b-9868-57a2d4851a1d" relativeResultsDirectory="16b47465-c838-4d32-9bc4-c1cb56124f33" />
    <UnitTestResult executionId="0e6f4270-7eba-46bd-8ab2-0602b9aa6893" testId="ab5c8b26-ceaf-e0b0-101d-d5f2cd6d0842" testName="Parser Tests.Statement Parser Tests.Basic Statements.return expressions" computerName="dadsmbp" startTime="2025-08-22T08:18:24.4859730-04:00" endTime="2025-08-22T08:18:24.4862550-04:00" testType="13cdc9d9-ddb5-4fa4-a97d-d965ccfc6d4b" outcome="Passed" testListId="8c84fa94-04c1-424b-9868-57a2d4851a1d" relativeResultsDirectory="0e6f4270-7eba-46bd-8ab2-0602b9aa6893" />
    <UnitTestResult executionId="1f276c0a-d6f7-40f1-ae86-f4fd19d0bae7" testId="44d94748-57c3-dbaf-aee8-a341a854133e" testName="Parser Tests.Expression Parser Tests.Comparison Operators.less equal" computerName="dadsmbp" startTime="2025-08-22T08:18:24.4313180-04:00" endTime="2025-08-22T08:18:24.4316250-04:00" testType="13cdc9d9-ddb5-4fa4-a97d-d965ccfc6d4b" outcome="Passed" testListId="8c84fa94-04c1-424b-9868-57a2d4851a1d" relativeResultsDirectory="1f276c0a-d6f7-40f1-ae86-f4fd19d0bae7" />
    <UnitTestResult executionId="8fc60862-ddaa-419a-aea8-b06f9a8d153c" testId="384e7e46-2939-dfa4-d397-51eef363ea84" testName="Parser Tests.Statement Parser Tests.Control Flow Statements.Function Definitions.simple function" computerName="dadsmbp" startTime="2025-08-22T08:18:24.4973720-04:00" endTime="2025-08-22T08:18:24.4977480-04:00" testType="13cdc9d9-ddb5-4fa4-a97d-d965ccfc6d4b" outcome="Passed" testListId="8c84fa94-04c1-424b-9868-57a2d4851a1d" relativeResultsDirectory="8fc60862-ddaa-419a-aea8-b06f9a8d153c" />
    <UnitTestResult executionId="15de7548-56ae-480a-b995-773c14d04956" testId="b54fbc8b-aa09-8101-26eb-6b944ceeffe0" testName="Parser Tests.Expression Parser Tests.Literals.float" computerName="dadsmbp" duration="00:00:00.0310000" startTime="2025-08-22T08:18:24.3362520-04:00" endTime="2025-08-22T08:18:24.3680400-04:00" testType="13cdc9d9-ddb5-4fa4-a97d-d965ccfc6d4b" outcome="Passed" testListId="8c84fa94-04c1-424b-9868-57a2d4851a1d" relativeResultsDirectory="15de7548-56ae-480a-b995-773c14d04956" />
    <UnitTestResult executionId="c0604246-e0d9-4b92-8922-2444bf7aee77" testId="3c513f3b-1271-3f9c-ccd2-60479767cb29" testName="Parser Tests.Statement Parser Tests.Control Flow Statements.Function Definitions.local function with params" computerName="dadsmbp" startTime="2025-08-22T08:18:24.5079270-04:00" endTime="2025-08-22T08:18:24.5081650-04:00" testType="13cdc9d9-ddb5-4fa4-a97d-d965ccfc6d4b" outcome="Passed" testListId="8c84fa94-04c1-424b-9868-57a2d4851a1d" relativeResultsDirectory="c0604246-e0d9-4b92-8922-2444bf7aee77" />
    <UnitTestResult executionId="3d09b6cd-64b3-4abc-ab47-f2ab188fd852" testId="df226330-7aa0-8c33-1b47-375d91200853" testName="Parser Tests.Expression Parser Tests.Comparison Operators.greater" computerName="dadsmbp" startTime="2025-08-22T08:18:24.4312750-04:00" endTime="2025-08-22T08:18:24.4315790-04:00" testType="13cdc9d9-ddb5-4fa4-a97d-d965ccfc6d4b" outcome="Passed" testListId="8c84fa94-04c1-424b-9868-57a2d4851a1d" relativeResultsDirectory="3d09b6cd-64b3-4abc-ab47-f2ab188fd852" />
    <UnitTestResult executionId="5bf1c626-f5a3-4531-8325-fedb7c2e07e6" testId="197d35fc-39a4-fea2-6905-93fada68d92e" testName="Parser Tests.Statement Parser Tests.Parser Fixes.Table Assignment at Statement Level (Fixed).table method result assignment" computerName="dadsmbp" startTime="2025-08-22T08:18:24.5192120-04:00" endTime="2025-08-22T08:18:24.5199780-04:00" testType="13cdc9d9-ddb5-4fa4-a97d-d965ccfc6d4b" outcome="Passed" testListId="8c84fa94-04c1-424b-9868-57a2d4851a1d" relativeResultsDirectory="5bf1c626-f5a3-4531-8325-fedb7c2e07e6" />
    <UnitTestResult executionId="12deaca8-9ab2-47c3-83a9-3613b4621163" testId="33acbcbc-981c-563d-91c0-da679c0851c2" testName="Parser Tests.Expression Parser Tests.Function Expressions.function with vararg" computerName="dadsmbp" duration="00:00:00.0010000" startTime="2025-08-22T08:18:24.4754310-04:00" endTime="2025-08-22T08:18:24.4771480-04:00" testType="13cdc9d9-ddb5-4fa4-a97d-d965ccfc6d4b" outcome="Passed" testListId="8c84fa94-04c1-424b-9868-57a2d4851a1d" relativeResultsDirectory="12deaca8-9ab2-47c3-83a9-3613b4621163" />
    <UnitTestResult executionId="01811193-c965-487c-9c53-0117a91d31c1" testId="e75832d6-d2ab-78bd-b121-c76c19fe297c" testName="Parser Tests.Expression Parser Tests.Literals.line continuation basic" computerName="dadsmbp" startTime="2025-08-22T08:18:24.4001910-04:00" endTime="2025-08-22T08:18:24.4005760-04:00" testType="13cdc9d9-ddb5-4fa4-a97d-d965ccfc6d4b" outcome="Passed" testListId="8c84fa94-04c1-424b-9868-57a2d4851a1d" relativeResultsDirectory="01811193-c965-487c-9c53-0117a91d31c1" />
    <UnitTestResult executionId="60d05727-2e10-4da9-ba8d-ab62b4c69b01" testId="adbea6d5-a912-6bd3-599d-7bd4f6b0b166" testName="Parser Tests.Expression Parser Tests.Function Expressions.function with params and vararg" computerName="dadsmbp" duration="00:00:00.0010000" startTime="2025-08-22T08:18:24.4754560-04:00" endTime="2025-08-22T08:18:24.4771710-04:00" testType="13cdc9d9-ddb5-4fa4-a97d-d965ccfc6d4b" outcome="Passed" testListId="8c84fa94-04c1-424b-9868-57a2d4851a1d" relativeResultsDirectory="60d05727-2e10-4da9-ba8d-ab62b4c69b01" />
    <UnitTestResult executionId="3c444bd6-13e6-4f84-b17d-5cf1ea3afd6e" testId="19a77eda-136e-3711-6b1c-4a0ca92ae853" testName="Parser Tests.Expression Parser Tests.Method Calls.method call with long string with space" computerName="dadsmbp" startTime="2025-08-22T08:18:24.4640300-04:00" endTime="2025-08-22T08:18:24.4641110-04:00" testType="13cdc9d9-ddb5-4fa4-a97d-d965ccfc6d4b" outcome="Passed" testListId="8c84fa94-04c1-424b-9868-57a2d4851a1d" relativeResultsDirectory="3c444bd6-13e6-4f84-b17d-5cf1ea3afd6e" />
    <UnitTestResult executionId="425bd10a-2479-4d3e-a15b-60b2cb13ef87" testId="842abb2a-cf12-4fa5-cea8-ba137980c871" testName="Parser Tests.Expression Parser Tests.Table Constructors.Named Fields.single named field" computerName="dadsmbp" startTime="2025-08-22T08:18:24.4641230-04:00" endTime="2025-08-22T08:18:24.4648940-04:00" testType="13cdc9d9-ddb5-4fa4-a97d-d965ccfc6d4b" outcome="Passed" testListId="8c84fa94-04c1-424b-9868-57a2d4851a1d" relativeResultsDirectory="425bd10a-2479-4d3e-a15b-60b2cb13ef87" />
    <UnitTestResult executionId="195e03db-fe1c-4aa1-bee7-18b202316647" testId="32c198b5-8ae6-5eaa-e3d6-53da2a126eff" testName="Parser Tests.Statement Parser Tests.Control Flow Statements.if with elseif and else" computerName="dadsmbp" duration="00:00:00.0010000" startTime="2025-08-22T08:18:24.4860880-04:00" endTime="2025-08-22T08:18:24.4873160-04:00" testType="13cdc9d9-ddb5-4fa4-a97d-d965ccfc6d4b" outcome="Passed" testListId="8c84fa94-04c1-424b-9868-57a2d4851a1d" relativeResultsDirectory="195e03db-fe1c-4aa1-bee7-18b202316647" />
    <UnitTestResult executionId="628eaa91-59d6-4f9f-aa27-ff8657c8edaf" testId="1ab65006-1d16-c78b-9176-c6d1cbfa198a" testName="Parser Tests.Expression Parser Tests.Multiplicative Operators.float divide" computerName="dadsmbp" duration="00:00:00.0010000" startTime="2025-08-22T08:18:24.4206700-04:00" endTime="2025-08-22T08:18:24.4217330-04:00" testType="13cdc9d9-ddb5-4fa4-a97d-d965ccfc6d4b" outcome="Passed" testListId="8c84fa94-04c1-424b-9868-57a2d4851a1d" relativeResultsDirectory="628eaa91-59d6-4f9f-aa27-ff8657c8edaf" />
    <UnitTestResult executionId="be32371f-3b28-46be-9103-242b51c0d582" testId="3cd06007-638e-cadc-f706-4c9a509133f7" testName="Long string parsing.No initial newline" computerName="dadsmbp" duration="00:00:00.0050000" startTime="2025-08-22T08:18:24.5405540-04:00" endTime="2025-08-22T08:18:24.5461860-04:00" testType="13cdc9d9-ddb5-4fa4-a97d-d965ccfc6d4b" outcome="Passed" testListId="8c84fa94-04c1-424b-9868-57a2d4851a1d" relativeResultsDirectory="be32371f-3b28-46be-9103-242b51c0d582" />
    <UnitTestResult executionId="539146da-ff0e-4f00-8923-8ee17483240e" testId="d6ad8503-abcd-d671-2bc8-4af4c4c0ff76" testName="Parser Tests.Expression Parser Tests.Parentheses.triple nested" computerName="dadsmbp" startTime="2025-08-22T08:18:24.4098820-04:00" endTime="2025-08-22T08:18:24.4102480-04:00" testType="13cdc9d9-ddb5-4fa4-a97d-d965ccfc6d4b" outcome="Passed" testListId="8c84fa94-04c1-424b-9868-57a2d4851a1d" relativeResultsDirectory="539146da-ff0e-4f00-8923-8ee17483240e" />
    <UnitTestResult executionId="db600623-5168-4655-aa58-0ab898d65bc2" testId="db53c524-8356-fa82-3d0f-6ff9dca12bff" testName="Parser Tests.Expression Parser Tests.Literals.multiple escapes" computerName="dadsmbp" startTime="2025-08-22T08:18:24.4004020-04:00" endTime="2025-08-22T08:18:24.4005820-04:00" testType="13cdc9d9-ddb5-4fa4-a97d-d965ccfc6d4b" outcome="Passed" testListId="8c84fa94-04c1-424b-9868-57a2d4851a1d" relativeResultsDirectory="db600623-5168-4655-aa58-0ab898d65bc2" />
    <UnitTestResult executionId="1891a740-1a5d-475a-b682-7336b0a1a2e7" testId="cfa379e1-09d8-dba5-206b-c6e2aaf24ff1" testName="Parser Tests.Expression Parser Tests.Table Access.bracket access string" computerName="dadsmbp" startTime="2025-08-22T08:18:24.4528870-04:00" endTime="2025-08-22T08:18:24.4531770-04:00" testType="13cdc9d9-ddb5-4fa4-a97d-d965ccfc6d4b" outcome="Passed" testListId="8c84fa94-04c1-424b-9868-57a2d4851a1d" relativeResultsDirectory="1891a740-1a5d-475a-b682-7336b0a1a2e7" />
    <UnitTestResult executionId="fe16b553-4d3f-420d-9ded-bcf201d0aa86" testId="6da5de44-db3e-61ee-f3a8-e77c4b84e1d8" testName="Parser Tests.Expression Parser Tests.Unary Operators.length" computerName="dadsmbp" startTime="2025-08-22T08:18:24.4099090-04:00" endTime="2025-08-22T08:18:24.4103140-04:00" testType="13cdc9d9-ddb5-4fa4-a97d-d965ccfc6d4b" outcome="Passed" testListId="8c84fa94-04c1-424b-9868-57a2d4851a1d" relativeResultsDirectory="fe16b553-4d3f-420d-9ded-bcf201d0aa86" />
    <UnitTestResult executionId="3036fb09-d101-4dc4-9c88-6a00bf0aedef" testId="f821754b-36b1-623e-2d29-fe80c1cce32e" testName="Parser Tests.Expression Parser Tests.Additive Operators.add" computerName="dadsmbp" startTime="2025-08-22T08:18:24.4207070-04:00" endTime="2025-08-22T08:18:24.4213290-04:00" testType="13cdc9d9-ddb5-4fa4-a97d-d965ccfc6d4b" outcome="Passed" testListId="8c84fa94-04c1-424b-9868-57a2d4851a1d" relativeResultsDirectory="3036fb09-d101-4dc4-9c88-6a00bf0aedef" />
    <UnitTestResult executionId="0b6df266-5e60-4bb9-be9e-3b5310052c0c" testId="9244f1a4-b96d-9fb0-92ad-43c8c501a1ac" testName="Parser Tests.Expression Parser Tests.Multiplicative Operators.floor divide" computerName="dadsmbp" startTime="2025-08-22T08:18:24.4206710-04:00" endTime="2025-08-22T08:18:24.4216500-04:00" testType="13cdc9d9-ddb5-4fa4-a97d-d965ccfc6d4b" outcome="Passed" testListId="8c84fa94-04c1-424b-9868-57a2d4851a1d" relativeResultsDirectory="0b6df266-5e60-4bb9-be9e-3b5310052c0c" />
    <UnitTestResult executionId="e2b04a33-a83e-4e95-b8c8-0e0e9fef2ecf" testId="23936ca9-cb04-0d9a-ca60-67e86f26450c" testName="Parser Tests.Expression Parser Tests.Table Access.bracket access variable" computerName="dadsmbp" startTime="2025-08-22T08:18:24.4529040-04:00" endTime="2025-08-22T08:18:24.4531780-04:00" testType="13cdc9d9-ddb5-4fa4-a97d-d965ccfc6d4b" outcome="Passed" testListId="8c84fa94-04c1-424b-9868-57a2d4851a1d" relativeResultsDirectory="e2b04a33-a83e-4e95-b8c8-0e0e9fef2ecf" />
    <UnitTestResult executionId="b4f04e01-a976-4c43-a31d-5aedf06055e3" testId="79d5918b-926d-0485-ef83-d1e8dd4fbb4d" testName="Parser Tests.Expression Parser Tests.Literals.boolean true" computerName="dadsmbp" duration="00:00:00.0250000" startTime="2025-08-22T08:18:24.3383910-04:00" endTime="2025-08-22T08:18:24.3642870-04:00" testType="13cdc9d9-ddb5-4fa4-a97d-d965ccfc6d4b" outcome="Passed" testListId="8c84fa94-04c1-424b-9868-57a2d4851a1d" relativeResultsDirectory="b4f04e01-a976-4c43-a31d-5aedf06055e3" />
    <UnitTestResult executionId="eb550da0-43ab-46fa-8c26-8eb4eb40bbd3" testId="3b11aa8b-1906-ff2b-88bb-e6031120b9a4" testName="Parser Tests.Statement Parser Tests.Basic Statements.local without init" computerName="dadsmbp" startTime="2025-08-22T08:18:24.4858710-04:00" endTime="2025-08-22T08:18:24.4861070-04:00" testType="13cdc9d9-ddb5-4fa4-a97d-d965ccfc6d4b" outcome="Passed" testListId="8c84fa94-04c1-424b-9868-57a2d4851a1d" relativeResultsDirectory="eb550da0-43ab-46fa-8c26-8eb4eb40bbd3" />
    <UnitTestResult executionId="ec7d9800-38b3-413c-b87d-07d1a843b176" testId="4ae4fa9c-3625-f28b-db54-5c87485005f7" testName="Parser Tests.Expression Parser Tests.Literals.nil" computerName="dadsmbp" duration="00:00:00.0170000" startTime="2025-08-22T08:18:24.3470850-04:00" endTime="2025-08-22T08:18:24.3644450-04:00" testType="13cdc9d9-ddb5-4fa4-a97d-d965ccfc6d4b" outcome="Passed" testListId="8c84fa94-04c1-424b-9868-57a2d4851a1d" relativeResultsDirectory="ec7d9800-38b3-413c-b87d-07d1a843b176" />
    <UnitTestResult executionId="c8c3b6de-3ec2-4c26-b8ce-bb563b17f9e9" testId="3d0a5188-5277-1639-d400-b007191338ee" testName="Parser Tests.Statement Parser Tests.Integration Tests - Multiple Features.chained method calls with table access" computerName="dadsmbp" startTime="2025-08-22T08:18:24.5080150-04:00" endTime="2025-08-22T08:18:24.5083470-04:00" testType="13cdc9d9-ddb5-4fa4-a97d-d965ccfc6d4b" outcome="Passed" testListId="8c84fa94-04c1-424b-9868-57a2d4851a1d" relativeResultsDirectory="c8c3b6de-3ec2-4c26-b8ce-bb563b17f9e9" />
    <UnitTestResult executionId="70afa417-94c9-4538-9b01-bc6f3d04606a" testId="254cc30b-5b1d-8fc3-09ec-d3df0b2b3af0" testName="Parser Tests.Expression Parser Tests.Table Constructors.Named Fields.multiple named fields" computerName="dadsmbp" startTime="2025-08-22T08:18:24.4641500-04:00" endTime="2025-08-22T08:18:24.4649390-04:00" testType="13cdc9d9-ddb5-4fa4-a97d-d965ccfc6d4b" outcome="Passed" testListId="8c84fa94-04c1-424b-9868-57a2d4851a1d" relativeResultsDirectory="70afa417-94c9-4538-9b01-bc6f3d04606a" />
    <UnitTestResult executionId="fc07a444-1527-4a11-ba49-89a4a3f95dd1" testId="a70297cb-b828-e320-a622-e744839b447c" testName="Decimal number parsing.Numbers ending with dot" computerName="dadsmbp" startTime="2025-08-22T08:18:24.5404820-04:00" endTime="2025-08-22T08:18:24.5413180-04:00" testType="13cdc9d9-ddb5-4fa4-a97d-d965ccfc6d4b" outcome="Passed" testListId="8c84fa94-04c1-424b-9868-57a2d4851a1d" relativeResultsDirectory="fc07a444-1527-4a11-ba49-89a4a3f95dd1" />
    <UnitTestResult executionId="4a9e9106-2b42-43a2-81f9-f4e860e4f3e7" testId="7de23b8f-ae41-29e1-9984-ffa5121128b2" testName="Parser Tests.Expression Parser Tests.Comparison Operators.greater equal" computerName="dadsmbp" startTime="2025-08-22T08:18:24.4313030-04:00" endTime="2025-08-22T08:18:24.4315700-04:00" testType="13cdc9d9-ddb5-4fa4-a97d-d965ccfc6d4b" outcome="Passed" testListId="8c84fa94-04c1-424b-9868-57a2d4851a1d" relativeResultsDirectory="4a9e9106-2b42-43a2-81f9-f4e860e4f3e7" />
    <UnitTestResult executionId="50de987b-3ed9-4d1b-ad74-03eaad576ba2" testId="c9eb1b17-3b99-5890-d0cf-5a0275a0e128" testName="Parser Tests.Expression Parser Tests.Unary Operators.multiple unary" computerName="dadsmbp" startTime="2025-08-22T08:18:24.4205870-04:00" endTime="2025-08-22T08:18:24.4208190-04:00" testType="13cdc9d9-ddb5-4fa4-a97d-d965ccfc6d4b" outcome="Passed" testListId="8c84fa94-04c1-424b-9868-57a2d4851a1d" relativeResultsDirectory="50de987b-3ed9-4d1b-ad74-03eaad576ba2" />
    <UnitTestResult executionId="8e28584e-6ceb-45db-a826-5e0e900340c7" testId="f21fef0c-1b6d-1012-7719-4d0ad013ab4a" testName="Parser Tests.Expression Parser Tests.Literals.hex escape lowercase" computerName="dadsmbp" startTime="2025-08-22T08:18:24.3990190-04:00" endTime="2025-08-22T08:18:24.4005240-04:00" testType="13cdc9d9-ddb5-4fa4-a97d-d965ccfc6d4b" outcome="Passed" testListId="8c84fa94-04c1-424b-9868-57a2d4851a1d" relativeResultsDirectory="8e28584e-6ceb-45db-a826-5e0e900340c7" />
    <UnitTestResult executionId="5bd27d9e-3bd4-4f54-832a-912e6ded76cb" testId="300f6dee-6490-83f6-adc0-de2d0fa5816e" testName="Parser Tests.Expression Parser Tests.String Concatenation.right associative" computerName="dadsmbp" startTime="2025-08-22T08:18:24.4208040-04:00" endTime="2025-08-22T08:18:24.4216730-04:00" testType="13cdc9d9-ddb5-4fa4-a97d-d965ccfc6d4b" outcome="Passed" testListId="8c84fa94-04c1-424b-9868-57a2d4851a1d" relativeResultsDirectory="5bd27d9e-3bd4-4f54-832a-912e6ded76cb" />
    <UnitTestResult executionId="9cfd7479-c195-49a7-a54c-e593621d247a" testId="9dd28135-464f-23ca-c59d-4fbeadbbd66f" testName="Parser Tests.Statement Parser Tests.Parser Fixes.Assignment vs Function Call Disambiguation.method call statement" computerName="dadsmbp" startTime="2025-08-22T08:18:24.5301280-04:00" endTime="2025-08-22T08:18:24.5302440-04:00" testType="13cdc9d9-ddb5-4fa4-a97d-d965ccfc6d4b" outcome="Passed" testListId="8c84fa94-04c1-424b-9868-57a2d4851a1d" relativeResultsDirectory="9cfd7479-c195-49a7-a54c-e593621d247a" />
    <UnitTestResult executionId="69d2b3b5-aff5-4662-9867-c68385325f0d" testId="d1a34dd5-f580-23eb-b44e-ee2c966b1def" testName="Parser Tests.Statement Parser Tests.Control Flow Statements.Function Definitions.function with vararg" computerName="dadsmbp" startTime="2025-08-22T08:18:24.5078670-04:00" endTime="2025-08-22T08:18:24.5079940-04:00" testType="13cdc9d9-ddb5-4fa4-a97d-d965ccfc6d4b" outcome="Passed" testListId="8c84fa94-04c1-424b-9868-57a2d4851a1d" relativeResultsDirectory="69d2b3b5-aff5-4662-9867-c68385325f0d" />
    <UnitTestResult executionId="d9526465-803e-4980-bdaf-3f6b67a48e0e" testId="ca2684eb-4d89-488c-7145-809d378571ad" testName="Hex literal parsing.Max Int64 value" computerName="dadsmbp" startTime="2025-08-22T08:18:24.5303380-04:00" endTime="2025-08-22T08:18:24.5315120-04:00" testType="13cdc9d9-ddb5-4fa4-a97d-d965ccfc6d4b" outcome="Passed" testListId="8c84fa94-04c1-424b-9868-57a2d4851a1d" relativeResultsDirectory="d9526465-803e-4980-bdaf-3f6b67a48e0e" />
    <UnitTestResult executionId="db951d5a-f9b9-4742-9d70-e0d5a4dc02b0" testId="c8ec8d0b-8726-1048-5a8e-70417ccfe9cc" testName="Parser Tests.Expression Parser Tests.Literals.escape vertical tab" computerName="dadsmbp" startTime="2025-08-22T08:18:24.3876390-04:00" endTime="2025-08-22T08:18:24.3883290-04:00" testType="13cdc9d9-ddb5-4fa4-a97d-d965ccfc6d4b" outcome="Passed" testListId="8c84fa94-04c1-424b-9868-57a2d4851a1d" relativeResultsDirectory="db951d5a-f9b9-4742-9d70-e0d5a4dc02b0" />
    <UnitTestResult executionId="cd4b0af1-f503-453f-8fc6-c290751f44f4" testId="df0bcd8b-7844-5b92-d01d-86530aea9c35" testName="Parser Tests.Expression Parser Tests.Bitwise Operators.bitwise or" computerName="dadsmbp" startTime="2025-08-22T08:18:24.4312420-04:00" endTime="2025-08-22T08:18:24.4314430-04:00" testType="13cdc9d9-ddb5-4fa4-a97d-d965ccfc6d4b" outcome="Passed" testListId="8c84fa94-04c1-424b-9868-57a2d4851a1d" relativeResultsDirectory="cd4b0af1-f503-453f-8fc6-c290751f44f4" />
    <UnitTestResult executionId="2fa07768-3a9b-4248-8987-a540b2e92e0a" testId="906536ef-e98f-d22a-f50e-edb13761511c" testName="Parser Tests.Expression Parser Tests.Literals.single quote string" computerName="dadsmbp" startTime="2025-08-22T08:18:24.3543680-04:00" endTime="2025-08-22T08:18:24.3776340-04:00" testType="13cdc9d9-ddb5-4fa4-a97d-d965ccfc6d4b" outcome="Passed" testListId="8c84fa94-04c1-424b-9868-57a2d4851a1d" relativeResultsDirectory="2fa07768-3a9b-4248-8987-a540b2e92e0a" />
    <UnitTestResult executionId="e28a26e1-a003-4788-b8cb-e0c3cd4de0fe" testId="4d224471-c0d3-8189-5d40-1274a3458e31" testName="Parser Tests.Expression Parser Tests.Literals.literals.lua case 1" computerName="dadsmbp" startTime="2025-08-22T08:18:24.4004450-04:00" endTime="2025-08-22T08:18:24.4006030-04:00" testType="13cdc9d9-ddb5-4fa4-a97d-d965ccfc6d4b" outcome="Passed" testListId="8c84fa94-04c1-424b-9868-57a2d4851a1d" relativeResultsDirectory="e28a26e1-a003-4788-b8cb-e0c3cd4de0fe" />
    <UnitTestResult executionId="09934e6d-0f17-4cde-8c2d-8ac6cf108604" testId="eb8a8a87-74b5-4d8f-53ef-eaad7463aa03" testName="Parser Tests.Expression Parser Tests.Additive Operators.left associative" computerName="dadsmbp" startTime="2025-08-22T08:18:24.4207470-04:00" endTime="2025-08-22T08:18:24.4214330-04:00" testType="13cdc9d9-ddb5-4fa4-a97d-d965ccfc6d4b" outcome="Passed" testListId="8c84fa94-04c1-424b-9868-57a2d4851a1d" relativeResultsDirectory="09934e6d-0f17-4cde-8c2d-8ac6cf108604" />
    <UnitTestResult executionId="261fb5e7-eac8-4076-a371-cdd4a1dbc526" testId="c3b1ea7b-ede6-c7b9-1230-73a5ed747da0" testName="Parser Tests.Statement Parser Tests.Integration Tests - Multiple Features.method call with table constructor" computerName="dadsmbp" startTime="2025-08-22T08:18:24.5079380-04:00" endTime="2025-08-22T08:18:24.5081780-04:00" testType="13cdc9d9-ddb5-4fa4-a97d-d965ccfc6d4b" outcome="Passed" testListId="8c84fa94-04c1-424b-9868-57a2d4851a1d" relativeResultsDirectory="261fb5e7-eac8-4076-a371-cdd4a1dbc526" />
    <UnitTestResult executionId="7f981bf6-73f5-44b7-ab95-52c2f3a9ba6c" testId="c2b658e0-4b22-738c-bebe-cd41ac9fe9da" testName="Parser Tests.Expression Parser Tests.Literals.hex float with exponent" computerName="dadsmbp" duration="00:00:00.0030000" startTime="2025-08-22T08:18:24.3629430-04:00" endTime="2025-08-22T08:18:24.3784160-04:00" testType="13cdc9d9-ddb5-4fa4-a97d-d965ccfc6d4b" outcome="Passed" testListId="8c84fa94-04c1-424b-9868-57a2d4851a1d" relativeResultsDirectory="7f981bf6-73f5-44b7-ab95-52c2f3a9ba6c" />
    <UnitTestResult executionId="fc1243d2-9dfe-44e2-b526-cbf880ca091a" testId="af6ab75d-3a77-f5b8-a91e-e7b06ac4dc02" testName="String escape sequences.Basic escapes" computerName="dadsmbp" duration="00:00:00.0040000" startTime="2025-08-22T08:18:24.5407280-04:00" endTime="2025-08-22T08:18:24.5462170-04:00" testType="13cdc9d9-ddb5-4fa4-a97d-d965ccfc6d4b" outcome="Passed" testListId="8c84fa94-04c1-424b-9868-57a2d4851a1d" relativeResultsDirectory="fc1243d2-9dfe-44e2-b526-cbf880ca091a" />
    <UnitTestResult executionId="872a55b1-9b3a-4c27-9981-52ec31d11714" testId="3f3fa638-09ba-1011-7392-05cac169df0e" testName="Parser Tests.Expression Parser Tests.Complex Expressions.operator precedence" computerName="dadsmbp" startTime="2025-08-22T08:18:24.4313860-04:00" endTime="2025-08-22T08:18:24.4316420-04:00" testType="13cdc9d9-ddb5-4fa4-a97d-d965ccfc6d4b" outcome="Passed" testListId="8c84fa94-04c1-424b-9868-57a2d4851a1d" relativeResultsDirectory="872a55b1-9b3a-4c27-9981-52ec31d11714" />
    <UnitTestResult executionId="8c5e23a9-dee4-4c97-9f55-5ae10ab5367e" testId="f29bdae9-c01a-7137-ad74-65c73cf932a0" testName="Parser Tests.Expression Parser Tests.Literals.negative hex integer" computerName="dadsmbp" startTime="2025-08-22T08:18:24.3630240-04:00" endTime="2025-08-22T08:18:24.3838490-04:00" testType="13cdc9d9-ddb5-4fa4-a97d-d965ccfc6d4b" outcome="Passed" testListId="8c84fa94-04c1-424b-9868-57a2d4851a1d" relativeResultsDirectory="8c5e23a9-dee4-4c97-9f55-5ae10ab5367e" />
    <UnitTestResult executionId="5ce5d4a9-0747-4edd-9af2-82bb8927769c" testId="04ba60a7-0794-c732-2213-aafcbc4ed08e" testName="Parser Tests.Expression Parser Tests.Literals.escape newline" computerName="dadsmbp" startTime="2025-08-22T08:18:24.3640820-04:00" endTime="2025-08-22T08:18:24.3788100-04:00" testType="13cdc9d9-ddb5-4fa4-a97d-d965ccfc6d4b" outcome="Passed" testListId="8c84fa94-04c1-424b-9868-57a2d4851a1d" relativeResultsDirectory="5ce5d4a9-0747-4edd-9af2-82bb8927769c" />
    <UnitTestResult executionId="47c81543-7f45-4ec6-abe0-85c95b1fbb7d" testId="d70ea16a-84c0-2dfe-d4d6-916e2a4eee9d" testName="Parser Tests.Expression Parser Tests.Complex Expressions.logical and comparison" computerName="dadsmbp" startTime="2025-08-22T08:18:24.4417820-04:00" endTime="2025-08-22T08:18:24.4419590-04:00" testType="13cdc9d9-ddb5-4fa4-a97d-d965ccfc6d4b" outcome="Passed" testListId="8c84fa94-04c1-424b-9868-57a2d4851a1d" relativeResultsDirectory="47c81543-7f45-4ec6-abe0-85c95b1fbb7d" />
    <UnitTestResult executionId="044e601a-b2ed-4784-b6a2-af6b46cec298" testId="2235aeb2-d9db-b858-9ee9-ee90338ff81a" testName="Parser Tests.Statement Parser Tests.Variable Attributes.Function Parameter Attributes.function with mixed parameter attributes" computerName="dadsmbp" startTime="2025-08-22T08:18:24.5190820-04:00" endTime="2025-08-22T08:18:24.5191350-04:00" testType="13cdc9d9-ddb5-4fa4-a97d-d965ccfc6d4b" outcome="Passed" testListId="8c84fa94-04c1-424b-9868-57a2d4851a1d" relativeResultsDirectory="044e601a-b2ed-4784-b6a2-af6b46cec298" />
    <UnitTestResult executionId="cf66849c-096d-408f-8a70-9cafb270108f" testId="556ee242-82d6-10d0-ca79-6cc9ec701327" testName="Parser Tests.Expression Parser Tests.Literals.line continuation empty" computerName="dadsmbp" startTime="2025-08-22T08:18:24.4003900-04:00" endTime="2025-08-22T08:18:24.4005970-04:00" testType="13cdc9d9-ddb5-4fa4-a97d-d965ccfc6d4b" outcome="Passed" testListId="8c84fa94-04c1-424b-9868-57a2d4851a1d" relativeResultsDirectory="cf66849c-096d-408f-8a70-9cafb270108f" />
    <UnitTestResult executionId="db7fc7c3-cd9a-42d7-9a97-18161ec54682" testId="2b872452-2694-911a-53e8-7326d451f370" testName="Parser Tests.Statement Parser Tests.Parser Fixes.Table Assignment at Statement Level (Fixed).mixed assignment" computerName="dadsmbp" startTime="2025-08-22T08:18:24.5191900-04:00" endTime="2025-08-22T08:18:24.5196840-04:00" testType="13cdc9d9-ddb5-4fa4-a97d-d965ccfc6d4b" outcome="Passed" testListId="8c84fa94-04c1-424b-9868-57a2d4851a1d" relativeResultsDirectory="db7fc7c3-cd9a-42d7-9a97-18161ec54682" />
    <UnitTestResult executionId="14390824-6341-48b1-aaa7-1f0484be6110" testId="3c0e3cca-3008-f566-244c-afe831eddad2" testName="Parser Tests.Expression Parser Tests.Function Calls.multiple arguments" computerName="dadsmbp" startTime="2025-08-22T08:18:24.4419120-04:00" endTime="2025-08-22T08:18:24.4430480-04:00" testType="13cdc9d9-ddb5-4fa4-a97d-d965ccfc6d4b" outcome="Passed" testListId="8c84fa94-04c1-424b-9868-57a2d4851a1d" relativeResultsDirectory="14390824-6341-48b1-aaa7-1f0484be6110" />
    <UnitTestResult executionId="51727f07-af42-4396-bef1-6d2e2d4d047e" testId="94f7471f-2f99-85fa-737f-00c961802a75" testName="Parser Tests.Expression Parser Tests.Literals.integer" computerName="dadsmbp" duration="00:00:00.0290000" startTime="2025-08-22T08:18:24.3292890-04:00" endTime="2025-08-22T08:18:24.3633960-04:00" testType="13cdc9d9-ddb5-4fa4-a97d-d965ccfc6d4b" outcome="Passed" testListId="8c84fa94-04c1-424b-9868-57a2d4851a1d" relativeResultsDirectory="51727f07-af42-4396-bef1-6d2e2d4d047e" />
    <UnitTestResult executionId="0c6b9fcb-dea0-44dc-9e55-ea27abac5889" testId="9c78167c-ee87-bb4b-a014-3af8451f157b" testName="Parser Tests.Expression Parser Tests.Identifiers.single underscore" computerName="dadsmbp" startTime="2025-08-22T08:18:24.4098320-04:00" endTime="2025-08-22T08:18:24.4104750-04:00" testType="13cdc9d9-ddb5-4fa4-a97d-d965ccfc6d4b" outcome="Passed" testListId="8c84fa94-04c1-424b-9868-57a2d4851a1d" relativeResultsDirectory="0c6b9fcb-dea0-44dc-9e55-ea27abac5889" />
    <UnitTestResult executionId="3d5c8d94-dc00-4e5f-95b7-d1e6eb5810c8" testId="b6013297-8c3d-783b-6fe1-bb174e228c37" testName="Parser Tests.Expression Parser Tests.Literals.decimal escape null" computerName="dadsmbp" startTime="2025-08-22T08:18:24.3876510-04:00" endTime="2025-08-22T08:18:24.3885240-04:00" testType="13cdc9d9-ddb5-4fa4-a97d-d965ccfc6d4b" outcome="Passed" testListId="8c84fa94-04c1-424b-9868-57a2d4851a1d" relativeResultsDirectory="3d5c8d94-dc00-4e5f-95b7-d1e6eb5810c8" />
    <UnitTestResult executionId="201d051e-513c-40c0-9c70-1824d6234242" testId="a207ed3e-8aa1-e579-40f1-2c4582cae8f7" testName="Parser Tests.Expression Parser Tests.Identifiers.simple identifier" computerName="dadsmbp" startTime="2025-08-22T08:18:24.4097820-04:00" endTime="2025-08-22T08:18:24.4104900-04:00" testType="13cdc9d9-ddb5-4fa4-a97d-d965ccfc6d4b" outcome="Passed" testListId="8c84fa94-04c1-424b-9868-57a2d4851a1d" relativeResultsDirectory="201d051e-513c-40c0-9c70-1824d6234242" />
    <UnitTestResult executionId="34c7cf8a-f134-443b-9516-53043e3c5748" testId="3ec526ca-e695-30ed-ab17-22afd64268e8" testName="Parser Tests.Expression Parser Tests.Method Calls.method on table access" computerName="dadsmbp" startTime="2025-08-22T08:18:24.4530340-04:00" endTime="2025-08-22T08:18:24.4536920-04:00" testType="13cdc9d9-ddb5-4fa4-a97d-d965ccfc6d4b" outcome="Passed" testListId="8c84fa94-04c1-424b-9868-57a2d4851a1d" relativeResultsDirectory="34c7cf8a-f134-443b-9516-53043e3c5748" />
    <UnitTestResult executionId="b237d88d-adb0-4778-985e-1f7f508bbc86" testId="acbd658a-0a3a-c64b-60e8-e42ad757ae25" testName="Parser Tests.Expression Parser Tests.Literals.empty string" computerName="dadsmbp" duration="00:00:00.0120000" startTime="2025-08-22T08:18:24.3515150-04:00" endTime="2025-08-22T08:18:24.3747400-04:00" testType="13cdc9d9-ddb5-4fa4-a97d-d965ccfc6d4b" outcome="Passed" testListId="8c84fa94-04c1-424b-9868-57a2d4851a1d" relativeResultsDirectory="b237d88d-adb0-4778-985e-1f7f508bbc86" />
    <UnitTestResult executionId="07b08bfb-bce8-4c51-a7ea-5a7614677871" testId="bf1b4d49-e184-dfdd-ed3f-683ae593c916" testName="Parser Tests.Statement Parser Tests.Integration Tests - Multiple Features.local assignment with complex expressions" computerName="dadsmbp" startTime="2025-08-22T08:18:24.5080400-04:00" endTime="2025-08-22T08:18:24.5082150-04:00" testType="13cdc9d9-ddb5-4fa4-a97d-d965ccfc6d4b" outcome="Passed" testListId="8c84fa94-04c1-424b-9868-57a2d4851a1d" relativeResultsDirectory="07b08bfb-bce8-4c51-a7ea-5a7614677871" />
    <UnitTestResult executionId="44970bd0-c046-41a1-ab78-73adb0f0f774" testId="bda16938-26e8-7f58-0e78-0355787a8bdc" testName="Parser Tests.Expression Parser Tests.Literals.hex escape max" computerName="dadsmbp" startTime="2025-08-22T08:18:24.3990110-04:00" endTime="2025-08-22T08:18:24.4004830-04:00" testType="13cdc9d9-ddb5-4fa4-a97d-d965ccfc6d4b" outcome="Passed" testListId="8c84fa94-04c1-424b-9868-57a2d4851a1d" relativeResultsDirectory="44970bd0-c046-41a1-ab78-73adb0f0f774" />
    <UnitTestResult executionId="17d1ee1c-331d-4b96-b117-95bb1305be8b" testId="832d5440-de3d-6f1a-08b7-c647cf8b2957" testName="Parser Tests.Expression Parser Tests.Literals.hex float" computerName="dadsmbp" startTime="2025-08-22T08:18:24.3637040-04:00" endTime="2025-08-22T08:18:24.3787710-04:00" testType="13cdc9d9-ddb5-4fa4-a97d-d965ccfc6d4b" outcome="Passed" testListId="8c84fa94-04c1-424b-9868-57a2d4851a1d" relativeResultsDirectory="17d1ee1c-331d-4b96-b117-95bb1305be8b" />
    <UnitTestResult executionId="93677286-91c4-48c8-9803-e30a2c671656" testId="1c24d863-fa07-deb5-4fb7-f467d466cb55" testName="Parser Tests.Expression Parser Tests.Parentheses.nested parentheses" computerName="dadsmbp" startTime="2025-08-22T08:18:24.4098710-04:00" endTime="2025-08-22T08:18:24.4102260-04:00" testType="13cdc9d9-ddb5-4fa4-a97d-d965ccfc6d4b" outcome="Passed" testListId="8c84fa94-04c1-424b-9868-57a2d4851a1d" relativeResultsDirectory="93677286-91c4-48c8-9803-e30a2c671656" />
    <UnitTestResult executionId="3bac55ea-4e6f-40a7-a8ab-5aa3e6d20fca" testId="1e217421-7ab3-102f-da0e-17a8335329d4" testName="String escape sequences.Decimal escape" computerName="dadsmbp" duration="00:00:00.0050000" startTime="2025-08-22T08:18:24.5409110-04:00" endTime="2025-08-22T08:18:24.5461800-04:00" testType="13cdc9d9-ddb5-4fa4-a97d-d965ccfc6d4b" outcome="Passed" testListId="8c84fa94-04c1-424b-9868-57a2d4851a1d" relativeResultsDirectory="3bac55ea-4e6f-40a7-a8ab-5aa3e6d20fca" />
    <UnitTestResult executionId="83d1ac05-20cd-4eae-bb48-89dfbdebdfc4" testId="4a9b90f7-2118-e89c-bf1b-7ef1296b8510" testName="Parser Tests.Expression Parser Tests.Multiplicative Operators.modulo" computerName="dadsmbp" startTime="2025-08-22T08:18:24.4206990-04:00" endTime="2025-08-22T08:18:24.4213850-04:00" testType="13cdc9d9-ddb5-4fa4-a97d-d965ccfc6d4b" outcome="Passed" testListId="8c84fa94-04c1-424b-9868-57a2d4851a1d" relativeResultsDirectory="83d1ac05-20cd-4eae-bb48-89dfbdebdfc4" />
    <UnitTestResult executionId="e3498016-a64e-4607-b3d5-8306989db3c0" testId="fdd1ff42-4124-956c-0518-65da789ad001" testName="Parser Tests.Statement Parser Tests.Parser Fixes.Complex Assignment Patterns.assignment with parenthesized lvalue" computerName="dadsmbp" startTime="2025-08-22T08:18:24.5302180-04:00" endTime="2025-08-22T08:18:24.5305810-04:00" testType="13cdc9d9-ddb5-4fa4-a97d-d965ccfc6d4b" outcome="Passed" testListId="8c84fa94-04c1-424b-9868-57a2d4851a1d" relativeResultsDirectory="e3498016-a64e-4607-b3d5-8306989db3c0" />
    <UnitTestResult executionId="8b97d3d0-d0fc-4c24-9e7a-641b7b20fb80" testId="3dc1068f-82d6-84de-c908-e4f233ecb350" testName="Parser Tests.Expression Parser Tests.Table Constructors.Mixed Fields.all field types" computerName="dadsmbp" startTime="2025-08-22T08:18:24.4642360-04:00" endTime="2025-08-22T08:18:24.4649360-04:00" testType="13cdc9d9-ddb5-4fa4-a97d-d965ccfc6d4b" outcome="Passed" testListId="8c84fa94-04c1-424b-9868-57a2d4851a1d" relativeResultsDirectory="8b97d3d0-d0fc-4c24-9e7a-641b7b20fb80" />
    <UnitTestResult executionId="6518c0e9-7c87-4778-83b5-0721e95e2407" testId="48240e2c-a4d9-2594-4296-f471c14fc6a7" testName="Generic for loop parsing.Known limitation: f{} syntax" computerName="dadsmbp" duration="00:00:00.0030000" startTime="2025-08-22T08:18:24.5517950-04:00" endTime="2025-08-22T08:18:24.5552310-04:00" testType="13cdc9d9-ddb5-4fa4-a97d-d965ccfc6d4b" outcome="Passed" testListId="8c84fa94-04c1-424b-9868-57a2d4851a1d" relativeResultsDirectory="6518c0e9-7c87-4778-83b5-0721e95e2407" />
    <UnitTestResult executionId="aa27b69f-1d5b-4f9c-91cb-ff92840f4865" testId="04e7d918-25da-0f85-ac00-ebd526c020fb" testName="Parser Tests.Statement Parser Tests.Control Flow Statements.For Loops.numeric for basic" computerName="dadsmbp" startTime="2025-08-22T08:18:24.4969640-04:00" endTime="2025-08-22T08:18:24.4972990-04:00" testType="13cdc9d9-ddb5-4fa4-a97d-d965ccfc6d4b" outcome="Passed" testListId="8c84fa94-04c1-424b-9868-57a2d4851a1d" relativeResultsDirectory="aa27b69f-1d5b-4f9c-91cb-ff92840f4865" />
    <UnitTestResult executionId="bf3acbe8-09fe-4d2e-ad2c-d45faaefad40" testId="5cb5360f-8333-646e-ca46-79420386605a" testName="Generic for loop parsing.Standard syntax with parentheses" computerName="dadsmbp" startTime="2025-08-22T08:18:24.5517820-04:00" endTime="2025-08-22T08:18:24.5529570-04:00" testType="13cdc9d9-ddb5-4fa4-a97d-d965ccfc6d4b" outcome="Passed" testListId="8c84fa94-04c1-424b-9868-57a2d4851a1d" relativeResultsDirectory="bf3acbe8-09fe-4d2e-ad2c-d45faaefad40" />
    <UnitTestResult executionId="f8156d59-4e1f-4920-9077-1fdbb1ce01c8" testId="f3f9712d-8345-c669-0fbc-cbc9158ba417" testName="Hex literal parsing.-1 as hex" computerName="dadsmbp" startTime="2025-08-22T08:18:24.5404630-04:00" endTime="2025-08-22T08:18:24.5407250-04:00" testType="13cdc9d9-ddb5-4fa4-a97d-d965ccfc6d4b" outcome="Passed" testListId="8c84fa94-04c1-424b-9868-57a2d4851a1d" relativeResultsDirectory="f8156d59-4e1f-4920-9077-1fdbb1ce01c8" />
    <UnitTestResult executionId="84756123-0815-43a8-862f-1195cc3ef12d" testId="a7d43b45-68fb-6563-aff9-012574dcbd84" testName="Parser Tests.Expression Parser Tests.Table Constructors.Simple Values.mixed types" computerName="dadsmbp" duration="00:00:00.0010000" startTime="2025-08-22T08:18:24.4641080-04:00" endTime="2025-08-22T08:18:24.4655110-04:00" testType="13cdc9d9-ddb5-4fa4-a97d-d965ccfc6d4b" outcome="Passed" testListId="8c84fa94-04c1-424b-9868-57a2d4851a1d" relativeResultsDirectory="84756123-0815-43a8-862f-1195cc3ef12d" />
    <UnitTestResult executionId="e9348e51-a0bd-48d5-a8dd-779457d5013a" testId="91cc1712-5c7e-8346-f0fe-787746e3c609" testName="Parser Tests.Expression Parser Tests.Logical Operators.and" computerName="dadsmbp" startTime="2025-08-22T08:18:24.4313630-04:00" endTime="2025-08-22T08:18:24.4316780-04:00" testType="13cdc9d9-ddb5-4fa4-a97d-d965ccfc6d4b" outcome="Passed" testListId="8c84fa94-04c1-424b-9868-57a2d4851a1d" relativeResultsDirectory="e9348e51-a0bd-48d5-a8dd-779457d5013a" />
    <UnitTestResult executionId="ca151c6e-8b5b-4bcd-a7c4-041f2a2009ab" testId="1e8f1476-74a1-8640-15d5-70d9d9626f1e" testName="Parser Tests.Statement Parser Tests.Variable Attributes.Function Parameter Attributes.function with const parameter" computerName="dadsmbp" startTime="2025-08-22T08:18:24.5081460-04:00" endTime="2025-08-22T08:18:24.5084540-04:00" testType="13cdc9d9-ddb5-4fa4-a97d-d965ccfc6d4b" outcome="Passed" testListId="8c84fa94-04c1-424b-9868-57a2d4851a1d" relativeResultsDirectory="ca151c6e-8b5b-4bcd-a7c4-041f2a2009ab" />
    <UnitTestResult executionId="dd883d4c-8a24-473f-8e66-0a91198e0c46" testId="9ead8476-3505-ae20-9014-95ec40346eb5" testName="Parser Tests.Expression Parser Tests.Complex Expressions.parentheses override" computerName="dadsmbp" startTime="2025-08-22T08:18:24.4417660-04:00" endTime="2025-08-22T08:18:24.4419300-04:00" testType="13cdc9d9-ddb5-4fa4-a97d-d965ccfc6d4b" outcome="Passed" testListId="8c84fa94-04c1-424b-9868-57a2d4851a1d" relativeResultsDirectory="dd883d4c-8a24-473f-8e66-0a91198e0c46" />
    <UnitTestResult executionId="d707eef7-3b39-43a3-9408-aca15704e737" testId="8172ea32-9774-17c0-293a-0ca21dc5cce3" testName="Parser Tests.Expression Parser Tests.Edge Cases.mixed data types" computerName="dadsmbp" startTime="2025-08-22T08:18:24.4418860-04:00" endTime="2025-08-22T08:18:24.4421560-04:00" testType="13cdc9d9-ddb5-4fa4-a97d-d965ccfc6d4b" outcome="Passed" testListId="8c84fa94-04c1-424b-9868-57a2d4851a1d" relativeResultsDirectory="d707eef7-3b39-43a3-9408-aca15704e737" />
    <UnitTestResult executionId="a04b4dfd-0ab9-4b2c-940c-d1e5c44db77d" testId="ef88aec7-46d3-dd30-ec64-a51e14f8fab1" testName="Parser Tests.Expression Parser Tests.Literals.boolean false" computerName="dadsmbp" duration="00:00:00.0230000" startTime="2025-08-22T08:18:24.3409350-04:00" endTime="2025-08-22T08:18:24.3644660-04:00" testType="13cdc9d9-ddb5-4fa4-a97d-d965ccfc6d4b" outcome="Passed" testListId="8c84fa94-04c1-424b-9868-57a2d4851a1d" relativeResultsDirectory="a04b4dfd-0ab9-4b2c-940c-d1e5c44db77d" />
  </Results>
  <TestDefinitions>
    <UnitTest name="Parser Tests.Expression Parser Tests.Edge Cases.all unary operators" storage="/users/bill/repos/flua/flua.parser.tests/bin/debug/net8.0/flua.parser.tests.dll" id="42e215c3-5d2e-bd5d-b7d0-2ce1a036b738">
      <Execution id="d4b8aba9-9181-4276-906e-3a75c797dbdb" />
      <TestMethod codeBase="/Users/bill/Repos/FLua/FLua.Parser.Tests/bin/Debug/net8.0/FLua.Parser.Tests.dll" adapterTypeName="executor://yolodev/expecto" className="Parser Tests.Expression Parser Tests.Edge Cases" name="all unary operators" />
    </UnitTest>
    <UnitTest name="Parser Tests.Expression Parser Tests.Literals.hex escape max" storage="/users/bill/repos/flua/flua.parser.tests/bin/debug/net8.0/flua.parser.tests.dll" id="bda16938-26e8-7f58-0e78-0355787a8bdc">
      <Execution id="44970bd0-c046-41a1-ab78-73adb0f0f774" />
      <TestMethod codeBase="/Users/bill/Repos/FLua/FLua.Parser.Tests/bin/Debug/net8.0/FLua.Parser.Tests.dll" adapterTypeName="executor://yolodev/expecto" className="Parser Tests.Expression Parser Tests.Literals" name="hex escape max" />
    </UnitTest>
    <UnitTest name="Parser Tests.Expression Parser Tests.Literals.hex escape mixed case" storage="/users/bill/repos/flua/flua.parser.tests/bin/debug/net8.0/flua.parser.tests.dll" id="d1220d6b-41d1-f6d0-a837-b5893fc68d06">
      <Execution id="a4c93223-2710-4824-adea-f93f6c7a8a61" />
      <TestMethod codeBase="/Users/bill/Repos/FLua/FLua.Parser.Tests/bin/Debug/net8.0/FLua.Parser.Tests.dll" adapterTypeName="executor://yolodev/expecto" className="Parser Tests.Expression Parser Tests.Literals" name="hex escape mixed case" />
    </UnitTest>
    <UnitTest name="Parser Tests.Expression Parser Tests.Literals.hex escape with following char" storage="/users/bill/repos/flua/flua.parser.tests/bin/debug/net8.0/flua.parser.tests.dll" id="5f017da4-ef6a-5f78-e492-2001cbd1f689">
      <Execution id="d1571d43-9017-44fd-943f-a380380dc8cd" />
      <TestMethod codeBase="/Users/bill/Repos/FLua/FLua.Parser.Tests/bin/Debug/net8.0/FLua.Parser.Tests.dll" adapterTypeName="executor://yolodev/expecto" className="Parser Tests.Expression Parser Tests.Literals" name="hex escape with following char" />
    </UnitTest>
    <UnitTest name="Parser Tests.Statement Parser Tests.Variable Attributes.Local Variable Attributes.local variables without values" storage="/users/bill/repos/flua/flua.parser.tests/bin/debug/net8.0/flua.parser.tests.dll" id="5f395eb8-218b-3fe3-c75a-6bcd29c3c784">
      <Execution id="0c2bbdca-187b-4ba5-b3df-4242fe2f1619" />
      <TestMethod codeBase="/Users/bill/Repos/FLua/FLua.Parser.Tests/bin/Debug/net8.0/FLua.Parser.Tests.dll" adapterTypeName="executor://yolodev/expecto" className="Parser Tests.Statement Parser Tests.Variable Attributes.Local Variable Attributes" name="local variables without values" />
    </UnitTest>
    <UnitTest name="Parser Tests.Expression Parser Tests.Identifiers.simple identifier" storage="/users/bill/repos/flua/flua.parser.tests/bin/debug/net8.0/flua.parser.tests.dll" id="a207ed3e-8aa1-e579-40f1-2c4582cae8f7">
      <Execution id="201d051e-513c-40c0-9c70-1824d6234242" />
      <TestMethod codeBase="/Users/bill/Repos/FLua/FLua.Parser.Tests/bin/Debug/net8.0/FLua.Parser.Tests.dll" adapterTypeName="executor://yolodev/expecto" className="Parser Tests.Expression Parser Tests.Identifiers" name="simple identifier" />
    </UnitTest>
    <UnitTest name="Parser Tests.Expression Parser Tests.Function Expressions.function with vararg" storage="/users/bill/repos/flua/flua.parser.tests/bin/debug/net8.0/flua.parser.tests.dll" id="33acbcbc-981c-563d-91c0-da679c0851c2">
      <Execution id="12deaca8-9ab2-47c3-83a9-3613b4621163" />
      <TestMethod codeBase="/Users/bill/Repos/FLua/FLua.Parser.Tests/bin/Debug/net8.0/FLua.Parser.Tests.dll" adapterTypeName="executor://yolodev/expecto" className="Parser Tests.Expression Parser Tests.Function Expressions" name="function with vararg" />
    </UnitTest>
    <UnitTest name="Parser Tests.Expression Parser Tests.Literals.escape form feed" storage="/users/bill/repos/flua/flua.parser.tests/bin/debug/net8.0/flua.parser.tests.dll" id="879bc477-5080-4fcf-e639-e827fa9c2556">
      <Execution id="9892460a-9fa3-4f2b-8392-ecff133eb7d4" />
      <TestMethod codeBase="/Users/bill/Repos/FLua/FLua.Parser.Tests/bin/Debug/net8.0/FLua.Parser.Tests.dll" adapterTypeName="executor://yolodev/expecto" className="Parser Tests.Expression Parser Tests.Literals" name="escape form feed" />
    </UnitTest>
    <UnitTest name="Parser Tests.Expression Parser Tests.Literals.mixed escape types" storage="/users/bill/repos/flua/flua.parser.tests/bin/debug/net8.0/flua.parser.tests.dll" id="23f6c827-5298-1b85-4116-a388ac096ef2">
      <Execution id="b71529d0-e8fd-43fb-840f-9e9690aa69c1" />
      <TestMethod codeBase="/Users/bill/Repos/FLua/FLua.Parser.Tests/bin/Debug/net8.0/FLua.Parser.Tests.dll" adapterTypeName="executor://yolodev/expecto" className="Parser Tests.Expression Parser Tests.Literals" name="mixed escape types" />
    </UnitTest>
    <UnitTest name="Parser Tests.Expression Parser Tests.vararg" storage="/users/bill/repos/flua/flua.parser.tests/bin/debug/net8.0/flua.parser.tests.dll" id="86fb7a5a-8cf2-4c36-a489-26ff73f20850">
      <Execution id="3307d315-5b61-4db7-88e1-0db94451beae" />
      <TestMethod codeBase="/Users/bill/Repos/FLua/FLua.Parser.Tests/bin/Debug/net8.0/FLua.Parser.Tests.dll" adapterTypeName="executor://yolodev/expecto" className="Parser Tests.Expression Parser Tests" name="vararg" />
    </UnitTest>
    <UnitTest name="Parser Tests.Expression Parser Tests.Table Constructors.Complex Examples.table with method calls" storage="/users/bill/repos/flua/flua.parser.tests/bin/debug/net8.0/flua.parser.tests.dll" id="d42cbb2a-9c1a-4f4b-4584-5987904f9667">
      <Execution id="a0dfd823-fc2f-49be-ac9e-e84d673d171f" />
      <TestMethod codeBase="/Users/bill/Repos/FLua/FLua.Parser.Tests/bin/Debug/net8.0/FLua.Parser.Tests.dll" adapterTypeName="executor://yolodev/expecto" className="Parser Tests.Expression Parser Tests.Table Constructors.Complex Examples" name="table with method calls" />
    </UnitTest>
    <UnitTest name="Parser Tests.Expression Parser Tests.Literals.zero float" storage="/users/bill/repos/flua/flua.parser.tests/bin/debug/net8.0/flua.parser.tests.dll" id="56bc034c-870c-2029-f5c0-ce7cb67ea11d">
      <Execution id="953da825-34fc-403a-b74d-13e561b2e04f" />
      <TestMethod codeBase="/Users/bill/Repos/FLua/FLua.Parser.Tests/bin/Debug/net8.0/FLua.Parser.Tests.dll" adapterTypeName="executor://yolodev/expecto" className="Parser Tests.Expression Parser Tests.Literals" name="zero float" />
    </UnitTest>
    <UnitTest name="Parser Tests.Expression Parser Tests.Literals.escape bell" storage="/users/bill/repos/flua/flua.parser.tests/bin/debug/net8.0/flua.parser.tests.dll" id="9c220c5d-d3c2-7f8d-3655-60791670893c">
      <Execution id="e16c869a-4db7-4a1e-aeb4-bfc113ba1faa" />
      <TestMethod codeBase="/Users/bill/Repos/FLua/FLua.Parser.Tests/bin/Debug/net8.0/FLua.Parser.Tests.dll" adapterTypeName="executor://yolodev/expecto" className="Parser Tests.Expression Parser Tests.Literals" name="escape bell" />
    </UnitTest>
    <UnitTest name="Parser Tests.Expression Parser Tests.Edge Cases.boolean logic chain" storage="/users/bill/repos/flua/flua.parser.tests/bin/debug/net8.0/flua.parser.tests.dll" id="50da10f7-26a6-5189-a981-de50fa2ada1b">
      <Execution id="b5ebf2e9-8aba-4d9a-af18-f512b7327765" />
      <TestMethod codeBase="/Users/bill/Repos/FLua/FLua.Parser.Tests/bin/Debug/net8.0/FLua.Parser.Tests.dll" adapterTypeName="executor://yolodev/expecto" className="Parser Tests.Expression Parser Tests.Edge Cases" name="boolean logic chain" />
    </UnitTest>
    <UnitTest name="Parser Tests.Expression Parser Tests.Method Calls.method call with long string no space" storage="/users/bill/repos/flua/flua.parser.tests/bin/debug/net8.0/flua.parser.tests.dll" id="54696586-86f2-8469-5df1-683c5f3e3dfd">
      <Execution id="9ccd8e05-a4c1-491d-b7b7-73da48cb7f09" />
      <TestMethod codeBase="/Users/bill/Repos/FLua/FLua.Parser.Tests/bin/Debug/net8.0/FLua.Parser.Tests.dll" adapterTypeName="executor://yolodev/expecto" className="Parser Tests.Expression Parser Tests.Method Calls" name="method call with long string no space" />
    </UnitTest>
    <UnitTest name="Parser Tests.Statement Parser Tests.Basic Statements.return expressions" storage="/users/bill/repos/flua/flua.parser.tests/bin/debug/net8.0/flua.parser.tests.dll" id="ab5c8b26-ceaf-e0b0-101d-d5f2cd6d0842">
      <Execution id="0e6f4270-7eba-46bd-8ab2-0602b9aa6893" />
      <TestMethod codeBase="/Users/bill/Repos/FLua/FLua.Parser.Tests/bin/Debug/net8.0/FLua.Parser.Tests.dll" adapterTypeName="executor://yolodev/expecto" className="Parser Tests.Statement Parser Tests.Basic Statements" name="return expressions" />
    </UnitTest>
    <UnitTest name="Parser Tests.Expression Parser Tests.Literals.literals.lua case 1" storage="/users/bill/repos/flua/flua.parser.tests/bin/debug/net8.0/flua.parser.tests.dll" id="4d224471-c0d3-8189-5d40-1274a3458e31">
      <Execution id="e28a26e1-a003-4788-b8cb-e0c3cd4de0fe" />
      <TestMethod codeBase="/Users/bill/Repos/FLua/FLua.Parser.Tests/bin/Debug/net8.0/FLua.Parser.Tests.dll" adapterTypeName="executor://yolodev/expecto" className="Parser Tests.Expression Parser Tests.Literals.literals" name="lua case 1" />
    </UnitTest>
    <UnitTest name="Parser Tests.Expression Parser Tests.Function Expressions.function with body" storage="/users/bill/repos/flua/flua.parser.tests/bin/debug/net8.0/flua.parser.tests.dll" id="61a7a37d-f46f-ed42-bd70-9b1373a3ced4">
      <Execution id="aac60dae-44c9-4db7-b3cd-6a3b35400603" />
      <TestMethod codeBase="/Users/bill/Repos/FLua/FLua.Parser.Tests/bin/Debug/net8.0/FLua.Parser.Tests.dll" adapterTypeName="executor://yolodev/expecto" className="Parser Tests.Expression Parser Tests.Function Expressions" name="function with body" />
    </UnitTest>
    <UnitTest name="String escape sequences.Unicode escape" storage="/users/bill/repos/flua/flua.parser.tests/bin/debug/net8.0/flua.parser.tests.dll" id="37da12f7-31a3-327d-1172-79e133b6c0c6">
      <Execution id="f5836d5b-21f2-4637-a4bb-cb57edb9e168" />
      <TestMethod codeBase="/Users/bill/Repos/FLua/FLua.Parser.Tests/bin/Debug/net8.0/FLua.Parser.Tests.dll" adapterTypeName="executor://yolodev/expecto" className="String escape sequences" name="Unicode escape" />
    </UnitTest>
    <UnitTest name="Parser Tests.Expression Parser Tests.Multiplicative Operators.floor divide" storage="/users/bill/repos/flua/flua.parser.tests/bin/debug/net8.0/flua.parser.tests.dll" id="9244f1a4-b96d-9fb0-92ad-43c8c501a1ac">
      <Execution id="0b6df266-5e60-4bb9-be9e-3b5310052c0c" />
      <TestMethod codeBase="/Users/bill/Repos/FLua/FLua.Parser.Tests/bin/Debug/net8.0/FLua.Parser.Tests.dll" adapterTypeName="executor://yolodev/expecto" className="Parser Tests.Expression Parser Tests.Multiplicative Operators" name="floor divide" />
    </UnitTest>
    <UnitTest name="Variable attributes (Lua 5.4).Close attribute" storage="/users/bill/repos/flua/flua.parser.tests/bin/debug/net8.0/flua.parser.tests.dll" id="92c6010b-42e6-d615-8711-7979fc341358">
      <Execution id="a853d9bd-1a06-4dc4-90c9-089187cddd7b" />
      <TestMethod codeBase="/Users/bill/Repos/FLua/FLua.Parser.Tests/bin/Debug/net8.0/FLua.Parser.Tests.dll" adapterTypeName="executor://yolodev/expecto" className="Variable attributes (Lua 5.4)" name="Close attribute" />
    </UnitTest>
    <UnitTest name="Parser Tests.Expression Parser Tests.Literals.zero integer" storage="/users/bill/repos/flua/flua.parser.tests/bin/debug/net8.0/flua.parser.tests.dll" id="df9d586a-70f3-fbab-79ce-75289b292830">
      <Execution id="5b80a70c-b421-4b27-b407-1fc6a7a40989" />
      <TestMethod codeBase="/Users/bill/Repos/FLua/FLua.Parser.Tests/bin/Debug/net8.0/FLua.Parser.Tests.dll" adapterTypeName="executor://yolodev/expecto" className="Parser Tests.Expression Parser Tests.Literals" name="zero integer" />
    </UnitTest>
    <UnitTest name="Parser Tests.Expression Parser Tests.Multiplicative Operators.modulo" storage="/users/bill/repos/flua/flua.parser.tests/bin/debug/net8.0/flua.parser.tests.dll" id="4a9b90f7-2118-e89c-bf1b-7ef1296b8510">
      <Execution id="83d1ac05-20cd-4eae-bb48-89dfbdebdfc4" />
      <TestMethod codeBase="/Users/bill/Repos/FLua/FLua.Parser.Tests/bin/Debug/net8.0/FLua.Parser.Tests.dll" adapterTypeName="executor://yolodev/expecto" className="Parser Tests.Expression Parser Tests.Multiplicative Operators" name="modulo" />
    </UnitTest>
    <UnitTest name="Parser Tests.Statement Parser Tests.Parser Fixes.Table Assignment at Statement Level (Fixed).table assignment with expression key" storage="/users/bill/repos/flua/flua.parser.tests/bin/debug/net8.0/flua.parser.tests.dll" id="f5a75e3b-7a61-b51c-fbbf-ba6389078cf8">
      <Execution id="4dcfff42-0f68-4001-a2ec-11e8493c6b6f" />
      <TestMethod codeBase="/Users/bill/Repos/FLua/FLua.Parser.Tests/bin/Debug/net8.0/FLua.Parser.Tests.dll" adapterTypeName="executor://yolodev/expecto" className="Parser Tests.Statement Parser Tests.Parser Fixes.Table Assignment at Statement Level (Fixed)" name="table assignment with expression key" />
    </UnitTest>
    <UnitTest name="Parser Tests.Statement Parser Tests.Control Flow Statements.For Loops.generic for multiple vars" storage="/users/bill/repos/flua/flua.parser.tests/bin/debug/net8.0/flua.parser.tests.dll" id="ce42fe75-2d5f-24a5-7c82-31959a01f53f">
      <Execution id="16b47465-c838-4d32-9bc4-c1cb56124f33" />
      <TestMethod codeBase="/Users/bill/Repos/FLua/FLua.Parser.Tests/bin/Debug/net8.0/FLua.Parser.Tests.dll" adapterTypeName="executor://yolodev/expecto" className="Parser Tests.Statement Parser Tests.Control Flow Statements.For Loops" name="generic for multiple vars" />
    </UnitTest>
    <UnitTest name="Parser Tests.Expression Parser Tests.Literals.literals.lua case 2" storage="/users/bill/repos/flua/flua.parser.tests/bin/debug/net8.0/flua.parser.tests.dll" id="83655a65-6632-03cc-e5e9-95762f9d8428">
      <Execution id="929db9a6-7d04-4676-a2c2-1ead305f3fdc" />
      <TestMethod codeBase="/Users/bill/Repos/FLua/FLua.Parser.Tests/bin/Debug/net8.0/FLua.Parser.Tests.dll" adapterTypeName="executor://yolodev/expecto" className="Parser Tests.Expression Parser Tests.Literals.literals" name="lua case 2" />
    </UnitTest>
    <UnitTest name="Long string parsing.No initial newline" storage="/users/bill/repos/flua/flua.parser.tests/bin/debug/net8.0/flua.parser.tests.dll" id="3cd06007-638e-cadc-f706-4c9a509133f7">
      <Execution id="be32371f-3b28-46be-9103-242b51c0d582" />
      <TestMethod codeBase="/Users/bill/Repos/FLua/FLua.Parser.Tests/bin/Debug/net8.0/FLua.Parser.Tests.dll" adapterTypeName="executor://yolodev/expecto" className="Long string parsing" name="No initial newline" />
    </UnitTest>
    <UnitTest name="Parser Tests.Expression Parser Tests.Table Constructors.Simple Values.multiple values" storage="/users/bill/repos/flua/flua.parser.tests/bin/debug/net8.0/flua.parser.tests.dll" id="5dff5f0c-32ad-0c05-14a6-b79d6a364636">
      <Execution id="ce077fb6-fd74-48aa-9199-c2fcece391cc" />
      <TestMethod codeBase="/Users/bill/Repos/FLua/FLua.Parser.Tests/bin/Debug/net8.0/FLua.Parser.Tests.dll" adapterTypeName="executor://yolodev/expecto" className="Parser Tests.Expression Parser Tests.Table Constructors.Simple Values" name="multiple values" />
    </UnitTest>
    <UnitTest name="Parser Tests.Expression Parser Tests.Method Calls.method call with long string with equals" storage="/users/bill/repos/flua/flua.parser.tests/bin/debug/net8.0/flua.parser.tests.dll" id="572906bd-cd69-d3d4-c0be-6d2b51eb223e">
      <Execution id="ef6aed93-9448-4d5b-818e-31eb39413494" />
      <TestMethod codeBase="/Users/bill/Repos/FLua/FLua.Parser.Tests/bin/Debug/net8.0/FLua.Parser.Tests.dll" adapterTypeName="executor://yolodev/expecto" className="Parser Tests.Expression Parser Tests.Method Calls" name="method call with long string with equals" />
    </UnitTest>
    <UnitTest name="Parser Tests.Expression Parser Tests.Literals.decimal escape max value" storage="/users/bill/repos/flua/flua.parser.tests/bin/debug/net8.0/flua.parser.tests.dll" id="17166041-3a52-168f-5319-cb48ea781845">
      <Execution id="ad435c21-2564-4e65-85c4-45b43998f126" />
      <TestMethod codeBase="/Users/bill/Repos/FLua/FLua.Parser.Tests/bin/Debug/net8.0/FLua.Parser.Tests.dll" adapterTypeName="executor://yolodev/expecto" className="Parser Tests.Expression Parser Tests.Literals" name="decimal escape max value" />
    </UnitTest>
    <UnitTest name="Parser Tests.Statement Parser Tests.Parser Fixes.Table Assignment at Statement Level (Fixed).multiple table assignment" storage="/users/bill/repos/flua/flua.parser.tests/bin/debug/net8.0/flua.parser.tests.dll" id="bc8aacaf-5f55-4f78-74de-8b2898429afa">
      <Execution id="3a029f00-fefa-42f2-90f0-52bdecaf2203" />
      <TestMethod codeBase="/Users/bill/Repos/FLua/FLua.Parser.Tests/bin/Debug/net8.0/FLua.Parser.Tests.dll" adapterTypeName="executor://yolodev/expecto" className="Parser Tests.Statement Parser Tests.Parser Fixes.Table Assignment at Statement Level (Fixed)" name="multiple table assignment" />
    </UnitTest>
    <UnitTest name="Parser Tests.Statement Parser Tests.Variable Attributes.Generic For Attributes.generic for with mixed attributes" storage="/users/bill/repos/flua/flua.parser.tests/bin/debug/net8.0/flua.parser.tests.dll" id="a14baa81-afe4-ffee-4549-d9c74ec6ed97">
      <Execution id="946dbd3c-cfc1-45cf-89cb-49c71e4b2e76" />
      <TestMethod codeBase="/Users/bill/Repos/FLua/FLua.Parser.Tests/bin/Debug/net8.0/FLua.Parser.Tests.dll" adapterTypeName="executor://yolodev/expecto" className="Parser Tests.Statement Parser Tests.Variable Attributes.Generic For Attributes" name="generic for with mixed attributes" />
    </UnitTest>
    <UnitTest name="Parser Tests.Expression Parser Tests.Identifiers.single character" storage="/users/bill/repos/flua/flua.parser.tests/bin/debug/net8.0/flua.parser.tests.dll" id="4ea9d3ff-8424-0fad-33d4-4da20e6be977">
      <Execution id="593c02e7-e10b-46f6-b581-ed5c6d782a68" />
      <TestMethod codeBase="/Users/bill/Repos/FLua/FLua.Parser.Tests/bin/Debug/net8.0/FLua.Parser.Tests.dll" adapterTypeName="executor://yolodev/expecto" className="Parser Tests.Expression Parser Tests.Identifiers" name="single character" />
    </UnitTest>
    <UnitTest name="Parser Tests.Expression Parser Tests.Literals.decimal escape 65 (A)" storage="/users/bill/repos/flua/flua.parser.tests/bin/debug/net8.0/flua.parser.tests.dll" id="b746141d-802a-6057-c7e9-1c6bb64fc356">
      <Execution id="64ea4c6d-1e1e-4ba8-af51-3393086a428a" />
      <TestMethod codeBase="/Users/bill/Repos/FLua/FLua.Parser.Tests/bin/Debug/net8.0/FLua.Parser.Tests.dll" adapterTypeName="executor://yolodev/expecto" className="Parser Tests.Expression Parser Tests.Literals" name="decimal escape 65 (A)" />
    </UnitTest>
    <UnitTest name="Parser Tests.Expression Parser Tests.Parentheses.simple parentheses" storage="/users/bill/repos/flua/flua.parser.tests/bin/debug/net8.0/flua.parser.tests.dll" id="8ac86056-e85a-652a-d482-fa4bdb7792cb">
      <Execution id="0a215e62-754d-494f-8a53-e47798228ecc" />
      <TestMethod codeBase="/Users/bill/Repos/FLua/FLua.Parser.Tests/bin/Debug/net8.0/FLua.Parser.Tests.dll" adapterTypeName="executor://yolodev/expecto" className="Parser Tests.Expression Parser Tests.Parentheses" name="simple parentheses" />
    </UnitTest>
    <UnitTest name="Parser Tests.Expression Parser Tests.Table Constructors.Mixed Fields.values and named" storage="/users/bill/repos/flua/flua.parser.tests/bin/debug/net8.0/flua.parser.tests.dll" id="f362749b-c766-edfa-beed-a4a7ae724ae8">
      <Execution id="f6300bfc-8132-4562-8a48-1f48d3b77be6" />
      <TestMethod codeBase="/Users/bill/Repos/FLua/FLua.Parser.Tests/bin/Debug/net8.0/FLua.Parser.Tests.dll" adapterTypeName="executor://yolodev/expecto" className="Parser Tests.Expression Parser Tests.Table Constructors.Mixed Fields" name="values and named" />
    </UnitTest>
    <UnitTest name="String escape sequences.Basic escapes" storage="/users/bill/repos/flua/flua.parser.tests/bin/debug/net8.0/flua.parser.tests.dll" id="af6ab75d-3a77-f5b8-a91e-e7b06ac4dc02">
      <Execution id="fc1243d2-9dfe-44e2-b526-cbf880ca091a" />
      <TestMethod codeBase="/Users/bill/Repos/FLua/FLua.Parser.Tests/bin/Debug/net8.0/FLua.Parser.Tests.dll" adapterTypeName="executor://yolodev/expecto" className="String escape sequences" name="Basic escapes" />
    </UnitTest>
    <UnitTest name="Parser Tests.Expression Parser Tests.Table Constructors.Complex Examples.table with complex keys" storage="/users/bill/repos/flua/flua.parser.tests/bin/debug/net8.0/flua.parser.tests.dll" id="7e85cdf8-1845-3a87-ed06-04c18958f263">
      <Execution id="9fca47a8-a97c-40b4-b3f2-83d35dc51498" />
      <TestMethod codeBase="/Users/bill/Repos/FLua/FLua.Parser.Tests/bin/Debug/net8.0/FLua.Parser.Tests.dll" adapterTypeName="executor://yolodev/expecto" className="Parser Tests.Expression Parser Tests.Table Constructors.Complex Examples" name="table with complex keys" />
    </UnitTest>
    <UnitTest name="Parser Tests.Statement Parser Tests.Parser Fixes.Table Assignment at Statement Level (Fixed).table method result assignment" storage="/users/bill/repos/flua/flua.parser.tests/bin/debug/net8.0/flua.parser.tests.dll" id="197d35fc-39a4-fea2-6905-93fada68d92e">
      <Execution id="5bf1c626-f5a3-4531-8325-fedb7c2e07e6" />
      <TestMethod codeBase="/Users/bill/Repos/FLua/FLua.Parser.Tests/bin/Debug/net8.0/FLua.Parser.Tests.dll" adapterTypeName="executor://yolodev/expecto" className="Parser Tests.Statement Parser Tests.Parser Fixes.Table Assignment at Statement Level (Fixed)" name="table method result assignment" />
    </UnitTest>
    <UnitTest name="Parser Tests.Expression Parser Tests.Literals.escape tab" storage="/users/bill/repos/flua/flua.parser.tests/bin/debug/net8.0/flua.parser.tests.dll" id="45db1f03-5434-2f8a-352f-bbb37bed0c95">
      <Execution id="15527972-e6ec-48fc-a059-e9f12695f4e0" />
      <TestMethod codeBase="/Users/bill/Repos/FLua/FLua.Parser.Tests/bin/Debug/net8.0/FLua.Parser.Tests.dll" adapterTypeName="executor://yolodev/expecto" className="Parser Tests.Expression Parser Tests.Literals" name="escape tab" />
    </UnitTest>
    <UnitTest name="Parser Tests.Expression Parser Tests.Literals.decimal escape single digit" storage="/users/bill/repos/flua/flua.parser.tests/bin/debug/net8.0/flua.parser.tests.dll" id="23e43918-ba21-82a6-ae6e-1717b947fa41">
      <Execution id="3f333315-7731-44ab-aee3-01baecdbbc24" />
      <TestMethod codeBase="/Users/bill/Repos/FLua/FLua.Parser.Tests/bin/Debug/net8.0/FLua.Parser.Tests.dll" adapterTypeName="executor://yolodev/expecto" className="Parser Tests.Expression Parser Tests.Literals" name="decimal escape single digit" />
    </UnitTest>
    <UnitTest name="Parser Tests.Statement Parser Tests.Parser Fixes.Table Access in Binary Expressions (Fixed).table dot access addition" storage="/users/bill/repos/flua/flua.parser.tests/bin/debug/net8.0/flua.parser.tests.dll" id="79a32c9d-4915-abcb-12b1-98842e995302">
      <Execution id="00e4b7da-b38c-4a06-a3e6-67960cb52120" />
      <TestMethod codeBase="/Users/bill/Repos/FLua/FLua.Parser.Tests/bin/Debug/net8.0/FLua.Parser.Tests.dll" adapterTypeName="executor://yolodev/expecto" className="Parser Tests.Statement Parser Tests.Parser Fixes.Table Access in Binary Expressions (Fixed)" name="table dot access addition" />
    </UnitTest>
    <UnitTest name="Parser Tests.Expression Parser Tests.Literals.escape single quote" storage="/users/bill/repos/flua/flua.parser.tests/bin/debug/net8.0/flua.parser.tests.dll" id="0b233c23-ae12-4c20-ed95-2f98eacd55ad">
      <Execution id="ba8b5438-ff2f-4b98-a6fd-4b3dcbe657d5" />
      <TestMethod codeBase="/Users/bill/Repos/FLua/FLua.Parser.Tests/bin/Debug/net8.0/FLua.Parser.Tests.dll" adapterTypeName="executor://yolodev/expecto" className="Parser Tests.Expression Parser Tests.Literals" name="escape single quote" />
    </UnitTest>
    <UnitTest name="Parser Tests.Statement Parser Tests.Parser Fixes.Assignment vs Function Call Disambiguation.simple function call" storage="/users/bill/repos/flua/flua.parser.tests/bin/debug/net8.0/flua.parser.tests.dll" id="afe2b68b-714d-f139-8dd0-06272512af6b">
      <Execution id="2196bab5-a2dc-4855-81b4-7abcbab23fa5" />
      <TestMethod codeBase="/Users/bill/Repos/FLua/FLua.Parser.Tests/bin/Debug/net8.0/FLua.Parser.Tests.dll" adapterTypeName="executor://yolodev/expecto" className="Parser Tests.Statement Parser Tests.Parser Fixes.Assignment vs Function Call Disambiguation" name="simple function call" />
    </UnitTest>
    <UnitTest name="Parser Tests.Expression Parser Tests.Additive Operators.add" storage="/users/bill/repos/flua/flua.parser.tests/bin/debug/net8.0/flua.parser.tests.dll" id="f821754b-36b1-623e-2d29-fe80c1cce32e">
      <Execution id="3036fb09-d101-4dc4-9c88-6a00bf0aedef" />
      <TestMethod codeBase="/Users/bill/Repos/FLua/FLua.Parser.Tests/bin/Debug/net8.0/FLua.Parser.Tests.dll" adapterTypeName="executor://yolodev/expecto" className="Parser Tests.Expression Parser Tests.Additive Operators" name="add" />
    </UnitTest>
    <UnitTest name="Parser Tests.Expression Parser Tests.Table Constructors.Named Fields.named field with expression" storage="/users/bill/repos/flua/flua.parser.tests/bin/debug/net8.0/flua.parser.tests.dll" id="657128c5-a00a-417a-0398-225465022baf">
      <Execution id="569afc5c-913c-4ed0-9ae7-3c62474666e2" />
      <TestMethod codeBase="/Users/bill/Repos/FLua/FLua.Parser.Tests/bin/Debug/net8.0/FLua.Parser.Tests.dll" adapterTypeName="executor://yolodev/expecto" className="Parser Tests.Expression Parser Tests.Table Constructors.Named Fields" name="named field with expression" />
    </UnitTest>
    <UnitTest name="Parser Tests.Expression Parser Tests.Literals.nil" storage="/users/bill/repos/flua/flua.parser.tests/bin/debug/net8.0/flua.parser.tests.dll" id="4ae4fa9c-3625-f28b-db54-5c87485005f7">
      <Execution id="ec7d9800-38b3-413c-b87d-07d1a843b176" />
      <TestMethod codeBase="/Users/bill/Repos/FLua/FLua.Parser.Tests/bin/Debug/net8.0/FLua.Parser.Tests.dll" adapterTypeName="executor://yolodev/expecto" className="Parser Tests.Expression Parser Tests.Literals" name="nil" />
    </UnitTest>
    <UnitTest name="Parser Tests.Statement Parser Tests.Basic Statements.multiple local with function call" storage="/users/bill/repos/flua/flua.parser.tests/bin/debug/net8.0/flua.parser.tests.dll" id="e9dbbd1d-bdb4-59d4-eeba-825afa778cbf">
      <Execution id="ec1d6863-610d-4eb4-aded-578d8a5dbae7" />
      <TestMethod codeBase="/Users/bill/Repos/FLua/FLua.Parser.Tests/bin/Debug/net8.0/FLua.Parser.Tests.dll" adapterTypeName="executor://yolodev/expecto" className="Parser Tests.Statement Parser Tests.Basic Statements" name="multiple local with function call" />
    </UnitTest>
    <UnitTest name="Parser Tests.Statement Parser Tests.Parser Fixes.Assignment vs Function Call Disambiguation.method call statement" storage="/users/bill/repos/flua/flua.parser.tests/bin/debug/net8.0/flua.parser.tests.dll" id="9dd28135-464f-23ca-c59d-4fbeadbbd66f">
      <Execution id="9cfd7479-c195-49a7-a54c-e593621d247a" />
      <TestMethod codeBase="/Users/bill/Repos/FLua/FLua.Parser.Tests/bin/Debug/net8.0/FLua.Parser.Tests.dll" adapterTypeName="executor://yolodev/expecto" className="Parser Tests.Statement Parser Tests.Parser Fixes.Assignment vs Function Call Disambiguation" name="method call statement" />
    </UnitTest>
    <UnitTest name="Parser Tests.Expression Parser Tests.Bitwise Operators.bitwise xor" storage="/users/bill/repos/flua/flua.parser.tests/bin/debug/net8.0/flua.parser.tests.dll" id="c72117c3-ab57-465e-9a92-830e8834255d">
      <Execution id="3f9225f1-c69e-412a-b7be-ec15c70eb4a1" />
      <TestMethod codeBase="/Users/bill/Repos/FLua/FLua.Parser.Tests/bin/Debug/net8.0/FLua.Parser.Tests.dll" adapterTypeName="executor://yolodev/expecto" className="Parser Tests.Expression Parser Tests.Bitwise Operators" name="bitwise xor" />
    </UnitTest>
    <UnitTest name="Parser Tests.Expression Parser Tests.Table Constructors.Complex Examples.mixed complex expressions" storage="/users/bill/repos/flua/flua.parser.tests/bin/debug/net8.0/flua.parser.tests.dll" id="1a716a10-d641-d602-72f7-3f93f8cd0402">
      <Execution id="2a23c724-7add-43a1-8d79-9fb2d520c8ce" />
      <TestMethod codeBase="/Users/bill/Repos/FLua/FLua.Parser.Tests/bin/Debug/net8.0/FLua.Parser.Tests.dll" adapterTypeName="executor://yolodev/expecto" className="Parser Tests.Expression Parser Tests.Table Constructors.Complex Examples" name="mixed complex expressions" />
    </UnitTest>
    <UnitTest name="Parser Tests.Expression Parser Tests.Literals.hex float" storage="/users/bill/repos/flua/flua.parser.tests/bin/debug/net8.0/flua.parser.tests.dll" id="832d5440-de3d-6f1a-08b7-c647cf8b2957">
      <Execution id="17d1ee1c-331d-4b96-b117-95bb1305be8b" />
      <TestMethod codeBase="/Users/bill/Repos/FLua/FLua.Parser.Tests/bin/Debug/net8.0/FLua.Parser.Tests.dll" adapterTypeName="executor://yolodev/expecto" className="Parser Tests.Expression Parser Tests.Literals" name="hex float" />
    </UnitTest>
    <UnitTest name="Parser Tests.Expression Parser Tests.Bitwise Operators.bitwise and" storage="/users/bill/repos/flua/flua.parser.tests/bin/debug/net8.0/flua.parser.tests.dll" id="908ca77d-10e0-7e63-e6d9-3ca0b72d983b">
      <Execution id="a98bc821-c7ad-4d45-9eb3-4fa3ef404ae5" />
      <TestMethod codeBase="/Users/bill/Repos/FLua/FLua.Parser.Tests/bin/Debug/net8.0/FLua.Parser.Tests.dll" adapterTypeName="executor://yolodev/expecto" className="Parser Tests.Expression Parser Tests.Bitwise Operators" name="bitwise and" />
    </UnitTest>
    <UnitTest name="Parser Tests.Statement Parser Tests.Parser Fixes.Table Assignment at Statement Level (Fixed).table dot assignment" storage="/users/bill/repos/flua/flua.parser.tests/bin/debug/net8.0/flua.parser.tests.dll" id="7ab74693-7ec4-60ea-51c2-12f33101f335">
      <Execution id="a3ced859-66c6-4c97-85a4-99d55dacd103" />
      <TestMethod codeBase="/Users/bill/Repos/FLua/FLua.Parser.Tests/bin/Debug/net8.0/FLua.Parser.Tests.dll" adapterTypeName="executor://yolodev/expecto" className="Parser Tests.Statement Parser Tests.Parser Fixes.Table Assignment at Statement Level (Fixed)" name="table dot assignment" />
    </UnitTest>
    <UnitTest name="Parser Tests.Expression Parser Tests.Comparison Operators.less equal" storage="/users/bill/repos/flua/flua.parser.tests/bin/debug/net8.0/flua.parser.tests.dll" id="44d94748-57c3-dbaf-aee8-a341a854133e">
      <Execution id="1f276c0a-d6f7-40f1-ae86-f4fd19d0bae7" />
      <TestMethod codeBase="/Users/bill/Repos/FLua/FLua.Parser.Tests/bin/Debug/net8.0/FLua.Parser.Tests.dll" adapterTypeName="executor://yolodev/expecto" className="Parser Tests.Expression Parser Tests.Comparison Operators" name="less equal" />
    </UnitTest>
    <UnitTest name="Parser Tests.Statement Parser Tests.Basic Statements.return multiple" storage="/users/bill/repos/flua/flua.parser.tests/bin/debug/net8.0/flua.parser.tests.dll" id="5033ea7f-6424-ac9d-62c6-f7211e73cb60">
      <Execution id="49b40b62-9869-4ac7-a708-9575fb7524f8" />
      <TestMethod codeBase="/Users/bill/Repos/FLua/FLua.Parser.Tests/bin/Debug/net8.0/FLua.Parser.Tests.dll" adapterTypeName="executor://yolodev/expecto" className="Parser Tests.Statement Parser Tests.Basic Statements" name="return multiple" />
    </UnitTest>
    <UnitTest name="Parser Tests.Statement Parser Tests.Control Flow Statements.Function Definitions.function with parameters" storage="/users/bill/repos/flua/flua.parser.tests/bin/debug/net8.0/flua.parser.tests.dll" id="c8317e5f-ac87-ad9f-f963-f49170b308f5">
      <Execution id="f4a7745a-6028-4508-94d8-93d3017bad30" />
      <TestMethod codeBase="/Users/bill/Repos/FLua/FLua.Parser.Tests/bin/Debug/net8.0/FLua.Parser.Tests.dll" adapterTypeName="executor://yolodev/expecto" className="Parser Tests.Statement Parser Tests.Control Flow Statements.Function Definitions" name="function with parameters" />
    </UnitTest>
    <UnitTest name="Parser Tests.Expression Parser Tests.Complex Expressions.bitwise and arithmetic" storage="/users/bill/repos/flua/flua.parser.tests/bin/debug/net8.0/flua.parser.tests.dll" id="a48197e7-34b6-2816-16e7-425e0038f95b">
      <Execution id="825346ea-f24e-4cb5-9af3-49476d6bc203" />
      <TestMethod codeBase="/Users/bill/Repos/FLua/FLua.Parser.Tests/bin/Debug/net8.0/FLua.Parser.Tests.dll" adapterTypeName="executor://yolodev/expecto" className="Parser Tests.Expression Parser Tests.Complex Expressions" name="bitwise and arithmetic" />
    </UnitTest>
    <UnitTest name="Parser Tests.Statement Parser Tests.Control Flow Statements.repeat until loop" storage="/users/bill/repos/flua/flua.parser.tests/bin/debug/net8.0/flua.parser.tests.dll" id="25722854-c2f4-5f12-2a6e-611e5536b3f9">
      <Execution id="c634796a-b916-4543-af39-af230ce1f4a5" />
      <TestMethod codeBase="/Users/bill/Repos/FLua/FLua.Parser.Tests/bin/Debug/net8.0/FLua.Parser.Tests.dll" adapterTypeName="executor://yolodev/expecto" className="Parser Tests.Statement Parser Tests.Control Flow Statements" name="repeat until loop" />
    </UnitTest>
    <UnitTest name="Parser Tests.Expression Parser Tests.Bitwise Operators.precedence" storage="/users/bill/repos/flua/flua.parser.tests/bin/debug/net8.0/flua.parser.tests.dll" id="9aff055a-1ad6-d302-1b8e-67c3f447edb9">
      <Execution id="ebe02fe0-46ea-4c60-a7e9-36aaa2fc60e4" />
      <TestMethod codeBase="/Users/bill/Repos/FLua/FLua.Parser.Tests/bin/Debug/net8.0/FLua.Parser.Tests.dll" adapterTypeName="executor://yolodev/expecto" className="Parser Tests.Expression Parser Tests.Bitwise Operators" name="precedence" />
    </UnitTest>
    <UnitTest name="Parser Tests.Expression Parser Tests.Table Access.bracket access expression" storage="/users/bill/repos/flua/flua.parser.tests/bin/debug/net8.0/flua.parser.tests.dll" id="37aa9393-f589-b635-2eec-42cc9cc48359">
      <Execution id="f31a7102-df13-4baa-9790-d110771c3b42" />
      <TestMethod codeBase="/Users/bill/Repos/FLua/FLua.Parser.Tests/bin/Debug/net8.0/FLua.Parser.Tests.dll" adapterTypeName="executor://yolodev/expecto" className="Parser Tests.Expression Parser Tests.Table Access" name="bracket access expression" />
    </UnitTest>
    <UnitTest name="Parser Tests.Expression Parser Tests.Literals.complex string" storage="/users/bill/repos/flua/flua.parser.tests/bin/debug/net8.0/flua.parser.tests.dll" id="fe7b4783-5658-87e1-ca2c-6b15dc662819">
      <Execution id="00675e2b-b412-4f71-b890-90c8c421d19c" />
      <TestMethod codeBase="/Users/bill/Repos/FLua/FLua.Parser.Tests/bin/Debug/net8.0/FLua.Parser.Tests.dll" adapterTypeName="executor://yolodev/expecto" className="Parser Tests.Expression Parser Tests.Literals" name="complex string" />
    </UnitTest>
    <UnitTest name="Parser Tests.Expression Parser Tests.Logical Operators.precedence" storage="/users/bill/repos/flua/flua.parser.tests/bin/debug/net8.0/flua.parser.tests.dll" id="d1fdf263-c1e9-9de3-2358-6aa706b01c30">
      <Execution id="c45c17bf-e179-4cda-ac06-d1572c0d0eab" />
      <TestMethod codeBase="/Users/bill/Repos/FLua/FLua.Parser.Tests/bin/Debug/net8.0/FLua.Parser.Tests.dll" adapterTypeName="executor://yolodev/expecto" className="Parser Tests.Expression Parser Tests.Logical Operators" name="precedence" />
    </UnitTest>
    <UnitTest name="Parser Tests.Expression Parser Tests.Table Constructors.Simple Values.mixed types" storage="/users/bill/repos/flua/flua.parser.tests/bin/debug/net8.0/flua.parser.tests.dll" id="a7d43b45-68fb-6563-aff9-012574dcbd84">
      <Execution id="84756123-0815-43a8-862f-1195cc3ef12d" />
      <TestMethod codeBase="/Users/bill/Repos/FLua/FLua.Parser.Tests/bin/Debug/net8.0/FLua.Parser.Tests.dll" adapterTypeName="executor://yolodev/expecto" className="Parser Tests.Expression Parser Tests.Table Constructors.Simple Values" name="mixed types" />
    </UnitTest>
    <UnitTest name="Parser Tests.Expression Parser Tests.Literals.hex escape null" storage="/users/bill/repos/flua/flua.parser.tests/bin/debug/net8.0/flua.parser.tests.dll" id="8ceac842-0694-da26-8741-33c171517815">
      <Execution id="38b11078-9e2e-4555-932c-1c58d7d699fd" />
      <TestMethod codeBase="/Users/bill/Repos/FLua/FLua.Parser.Tests/bin/Debug/net8.0/FLua.Parser.Tests.dll" adapterTypeName="executor://yolodev/expecto" className="Parser Tests.Expression Parser Tests.Literals" name="hex escape null" />
    </UnitTest>
    <UnitTest name="Parser Tests.Expression Parser Tests.Unary Operators.multiple unary" storage="/users/bill/repos/flua/flua.parser.tests/bin/debug/net8.0/flua.parser.tests.dll" id="c9eb1b17-3b99-5890-d0cf-5a0275a0e128">
      <Execution id="50de987b-3ed9-4d1b-ad74-03eaad576ba2" />
      <TestMethod codeBase="/Users/bill/Repos/FLua/FLua.Parser.Tests/bin/Debug/net8.0/FLua.Parser.Tests.dll" adapterTypeName="executor://yolodev/expecto" className="Parser Tests.Expression Parser Tests.Unary Operators" name="multiple unary" />
    </UnitTest>
    <UnitTest name="Parser Tests.Statement Parser Tests.Basic Statements.assignment with table access" storage="/users/bill/repos/flua/flua.parser.tests/bin/debug/net8.0/flua.parser.tests.dll" id="b91df055-d81f-13a2-3b2a-adce7e1ce561">
      <Execution id="3468236c-9ed4-4ff2-ab95-e94b3c6393ff" />
      <TestMethod codeBase="/Users/bill/Repos/FLua/FLua.Parser.Tests/bin/Debug/net8.0/FLua.Parser.Tests.dll" adapterTypeName="executor://yolodev/expecto" className="Parser Tests.Statement Parser Tests.Basic Statements" name="assignment with table access" />
    </UnitTest>
    <UnitTest name="Parser Tests.Expression Parser Tests.Function Expressions.empty function" storage="/users/bill/repos/flua/flua.parser.tests/bin/debug/net8.0/flua.parser.tests.dll" id="ee6bd5ed-b0fa-e4dd-f322-54c174b3d129">
      <Execution id="9d72000b-bbca-4dee-9814-58dd09c005bc" />
      <TestMethod codeBase="/Users/bill/Repos/FLua/FLua.Parser.Tests/bin/Debug/net8.0/FLua.Parser.Tests.dll" adapterTypeName="executor://yolodev/expecto" className="Parser Tests.Expression Parser Tests.Function Expressions" name="empty function" />
    </UnitTest>
    <UnitTest name="Parser Tests.Statement Parser Tests.Control Flow Statements.For Loops.numeric for with function call" storage="/users/bill/repos/flua/flua.parser.tests/bin/debug/net8.0/flua.parser.tests.dll" id="0d60d1ec-e2ff-2472-8bf2-2c217ffcebab">
      <Execution id="2245e622-0558-4f90-b1ea-7621203c5393" />
      <TestMethod codeBase="/Users/bill/Repos/FLua/FLua.Parser.Tests/bin/Debug/net8.0/FLua.Parser.Tests.dll" adapterTypeName="executor://yolodev/expecto" className="Parser Tests.Statement Parser Tests.Control Flow Statements.For Loops" name="numeric for with function call" />
    </UnitTest>
    <UnitTest name="Parser Tests.Expression Parser Tests.Comparison Operators.not equal" storage="/users/bill/repos/flua/flua.parser.tests/bin/debug/net8.0/flua.parser.tests.dll" id="ab03aeee-2a55-ff2d-2d4f-6583c6d3f265">
      <Execution id="bb24209d-8e1e-4c09-ac7e-c8555f96dc58" />
      <TestMethod codeBase="/Users/bill/Repos/FLua/FLua.Parser.Tests/bin/Debug/net8.0/FLua.Parser.Tests.dll" adapterTypeName="executor://yolodev/expecto" className="Parser Tests.Expression Parser Tests.Comparison Operators" name="not equal" />
    </UnitTest>
    <UnitTest name="Scientific notation parsing.Positive exponent" storage="/users/bill/repos/flua/flua.parser.tests/bin/debug/net8.0/flua.parser.tests.dll" id="9c786e3a-f036-49d6-6407-0d5acd7c1f61">
      <Execution id="46f37902-b267-4af6-9bb7-c50dac70b0d4" />
      <TestMethod codeBase="/Users/bill/Repos/FLua/FLua.Parser.Tests/bin/Debug/net8.0/FLua.Parser.Tests.dll" adapterTypeName="executor://yolodev/expecto" className="Scientific notation parsing" name="Positive exponent" />
    </UnitTest>
    <UnitTest name="Parser Tests.Expression Parser Tests.Literals.decimal escape three digits" storage="/users/bill/repos/flua/flua.parser.tests/bin/debug/net8.0/flua.parser.tests.dll" id="1c229850-235f-5d22-0ad9-1b5eab113d0f">
      <Execution id="129e35ea-16fe-4ad9-9cf7-c9989bc127d6" />
      <TestMethod codeBase="/Users/bill/Repos/FLua/FLua.Parser.Tests/bin/Debug/net8.0/FLua.Parser.Tests.dll" adapterTypeName="executor://yolodev/expecto" className="Parser Tests.Expression Parser Tests.Literals" name="decimal escape three digits" />
    </UnitTest>
    <UnitTest name="Parser Tests.Statement Parser Tests.Parser Fixes.Table Assignment at Statement Level (Fixed).table string key assignment" storage="/users/bill/repos/flua/flua.parser.tests/bin/debug/net8.0/flua.parser.tests.dll" id="48b68161-6a77-c4ee-cbc6-b600ca4b2b7f">
      <Execution id="ad76b166-a62c-493b-82b5-19472409c598" />
      <TestMethod codeBase="/Users/bill/Repos/FLua/FLua.Parser.Tests/bin/Debug/net8.0/FLua.Parser.Tests.dll" adapterTypeName="executor://yolodev/expecto" className="Parser Tests.Statement Parser Tests.Parser Fixes.Table Assignment at Statement Level (Fixed)" name="table string key assignment" />
    </UnitTest>
    <UnitTest name="Variable attributes (Lua 5.4).Const attribute" storage="/users/bill/repos/flua/flua.parser.tests/bin/debug/net8.0/flua.parser.tests.dll" id="db7077dd-4ef5-8d20-6540-9087a3bc4696">
      <Execution id="d687141d-8041-43ad-997b-a509e76b4a8f" />
      <TestMethod codeBase="/Users/bill/Repos/FLua/FLua.Parser.Tests/bin/Debug/net8.0/FLua.Parser.Tests.dll" adapterTypeName="executor://yolodev/expecto" className="Variable attributes (Lua 5.4)" name="Const attribute" />
    </UnitTest>
    <UnitTest name="Parser Tests.Expression Parser Tests.Literals.multiple escapes" storage="/users/bill/repos/flua/flua.parser.tests/bin/debug/net8.0/flua.parser.tests.dll" id="db53c524-8356-fa82-3d0f-6ff9dca12bff">
      <Execution id="db600623-5168-4655-aa58-0ab898d65bc2" />
      <TestMethod codeBase="/Users/bill/Repos/FLua/FLua.Parser.Tests/bin/Debug/net8.0/FLua.Parser.Tests.dll" adapterTypeName="executor://yolodev/expecto" className="Parser Tests.Expression Parser Tests.Literals" name="multiple escapes" />
    </UnitTest>
    <UnitTest name="Parser Tests.Expression Parser Tests.Literals.float" storage="/users/bill/repos/flua/flua.parser.tests/bin/debug/net8.0/flua.parser.tests.dll" id="b54fbc8b-aa09-8101-26eb-6b944ceeffe0">
      <Execution id="15de7548-56ae-480a-b995-773c14d04956" />
      <TestMethod codeBase="/Users/bill/Repos/FLua/FLua.Parser.Tests/bin/Debug/net8.0/FLua.Parser.Tests.dll" adapterTypeName="executor://yolodev/expecto" className="Parser Tests.Expression Parser Tests.Literals" name="float" />
    </UnitTest>
    <UnitTest name="Parser Tests.Statement Parser Tests.Parser Fixes.Assignment vs Function Call Disambiguation.assignment with newline" storage="/users/bill/repos/flua/flua.parser.tests/bin/debug/net8.0/flua.parser.tests.dll" id="16e83989-f14b-2617-4a53-58c2828f533b">
      <Execution id="aa483dfb-8c4c-45cf-9470-a5ba3feb024f" />
      <TestMethod codeBase="/Users/bill/Repos/FLua/FLua.Parser.Tests/bin/Debug/net8.0/FLua.Parser.Tests.dll" adapterTypeName="executor://yolodev/expecto" className="Parser Tests.Statement Parser Tests.Parser Fixes.Assignment vs Function Call Disambiguation" name="assignment with newline" />
    </UnitTest>
    <UnitTest name="Scientific notation parsing.Explicit positive exponent" storage="/users/bill/repos/flua/flua.parser.tests/bin/debug/net8.0/flua.parser.tests.dll" id="d3ebb7cf-f9ec-9b3e-35a1-23e19c538cfa">
      <Execution id="4ad8801a-f2db-47db-b56c-8d69016cf385" />
      <TestMethod codeBase="/Users/bill/Repos/FLua/FLua.Parser.Tests/bin/Debug/net8.0/FLua.Parser.Tests.dll" adapterTypeName="executor://yolodev/expecto" className="Scientific notation parsing" name="Explicit positive exponent" />
    </UnitTest>
    <UnitTest name="String escape sequences.Decimal escape" storage="/users/bill/repos/flua/flua.parser.tests/bin/debug/net8.0/flua.parser.tests.dll" id="1e217421-7ab3-102f-da0e-17a8335329d4">
      <Execution id="3bac55ea-4e6f-40a7-a8ab-5aa3e6d20fca" />
      <TestMethod codeBase="/Users/bill/Repos/FLua/FLua.Parser.Tests/bin/Debug/net8.0/FLua.Parser.Tests.dll" adapterTypeName="executor://yolodev/expecto" className="String escape sequences" name="Decimal escape" />
    </UnitTest>
    <UnitTest name="Parser Tests.Expression Parser Tests.Shift Operators.left associative" storage="/users/bill/repos/flua/flua.parser.tests/bin/debug/net8.0/flua.parser.tests.dll" id="6ae09f4d-7fb0-f7a6-a0bc-f2e9d59235e4">
      <Execution id="75ca2664-47a0-49cc-89b3-d15d5f84f289" />
      <TestMethod codeBase="/Users/bill/Repos/FLua/FLua.Parser.Tests/bin/Debug/net8.0/FLua.Parser.Tests.dll" adapterTypeName="executor://yolodev/expecto" className="Parser Tests.Expression Parser Tests.Shift Operators" name="left associative" />
    </UnitTest>
    <UnitTest name="Parser Tests.Statement Parser Tests.Parser Fixes.Table Assignment at Statement Level (Fixed).table assignment from function call" storage="/users/bill/repos/flua/flua.parser.tests/bin/debug/net8.0/flua.parser.tests.dll" id="7a121384-ad33-5a50-aa20-0dd3188d181a">
      <Execution id="9d0d565b-9cd8-4565-949f-74c2f904862b" />
      <TestMethod codeBase="/Users/bill/Repos/FLua/FLua.Parser.Tests/bin/Debug/net8.0/FLua.Parser.Tests.dll" adapterTypeName="executor://yolodev/expecto" className="Parser Tests.Statement Parser Tests.Parser Fixes.Table Assignment at Statement Level (Fixed)" name="table assignment from function call" />
    </UnitTest>
    <UnitTest name="Parser Tests.Statement Parser Tests.Basic Statements.multiple assignment" storage="/users/bill/repos/flua/flua.parser.tests/bin/debug/net8.0/flua.parser.tests.dll" id="28956f83-5909-2465-c921-e81fa45af59d">
      <Execution id="6358082e-4ec9-4954-ac87-d9940840bfcb" />
      <TestMethod codeBase="/Users/bill/Repos/FLua/FLua.Parser.Tests/bin/Debug/net8.0/FLua.Parser.Tests.dll" adapterTypeName="executor://yolodev/expecto" className="Parser Tests.Statement Parser Tests.Basic Statements" name="multiple assignment" />
    </UnitTest>
    <UnitTest name="Hex literal parsing.Standard hex values" storage="/users/bill/repos/flua/flua.parser.tests/bin/debug/net8.0/flua.parser.tests.dll" id="e5c063e2-57d2-6d48-c35f-7e8e3d6332c0">
      <Execution id="f1f8d466-25af-495e-a525-2c194af4e934" />
      <TestMethod codeBase="/Users/bill/Repos/FLua/FLua.Parser.Tests/bin/Debug/net8.0/FLua.Parser.Tests.dll" adapterTypeName="executor://yolodev/expecto" className="Hex literal parsing" name="Standard hex values" />
    </UnitTest>
    <UnitTest name="Parser Tests.Expression Parser Tests.Table Constructors.Key Fields.single key field" storage="/users/bill/repos/flua/flua.parser.tests/bin/debug/net8.0/flua.parser.tests.dll" id="73624354-1cd8-cfa9-9307-0f5e85db415f">
      <Execution id="2958bbf6-e543-4a0d-b15d-e4b9edb70644" />
      <TestMethod codeBase="/Users/bill/Repos/FLua/FLua.Parser.Tests/bin/Debug/net8.0/FLua.Parser.Tests.dll" adapterTypeName="executor://yolodev/expecto" className="Parser Tests.Expression Parser Tests.Table Constructors.Key Fields" name="single key field" />
    </UnitTest>
    <UnitTest name="Parser Tests.Expression Parser Tests.Unary Operators.bitwise not" storage="/users/bill/repos/flua/flua.parser.tests/bin/debug/net8.0/flua.parser.tests.dll" id="a81fb642-5efa-96c7-9da8-620d14375041">
      <Execution id="3b8dd96d-50f5-43a2-a29f-788350470a5a" />
      <TestMethod codeBase="/Users/bill/Repos/FLua/FLua.Parser.Tests/bin/Debug/net8.0/FLua.Parser.Tests.dll" adapterTypeName="executor://yolodev/expecto" className="Parser Tests.Expression Parser Tests.Unary Operators" name="bitwise not" />
    </UnitTest>
    <UnitTest name="Parser Tests.Expression Parser Tests.Literals.null in middle" storage="/users/bill/repos/flua/flua.parser.tests/bin/debug/net8.0/flua.parser.tests.dll" id="bdad5a6a-6be3-3f5f-d1ce-c9d3ae870232">
      <Execution id="1e502146-566c-470f-b56e-84b8560c01d5" />
      <TestMethod codeBase="/Users/bill/Repos/FLua/FLua.Parser.Tests/bin/Debug/net8.0/FLua.Parser.Tests.dll" adapterTypeName="executor://yolodev/expecto" className="Parser Tests.Expression Parser Tests.Literals" name="null in middle" />
    </UnitTest>
    <UnitTest name="Parser Tests.Expression Parser Tests.Method Calls.chained method with long string" storage="/users/bill/repos/flua/flua.parser.tests/bin/debug/net8.0/flua.parser.tests.dll" id="2954afc1-d821-d9ae-f321-0aef5158aafe">
      <Execution id="544fa9b0-cbcd-471d-ad0f-21775c0ad242" />
      <TestMethod codeBase="/Users/bill/Repos/FLua/FLua.Parser.Tests/bin/Debug/net8.0/FLua.Parser.Tests.dll" adapterTypeName="executor://yolodev/expecto" className="Parser Tests.Expression Parser Tests.Method Calls" name="chained method with long string" />
    </UnitTest>
    <UnitTest name="Parser Tests.Expression Parser Tests.Literals.hex float with exponent" storage="/users/bill/repos/flua/flua.parser.tests/bin/debug/net8.0/flua.parser.tests.dll" id="c2b658e0-4b22-738c-bebe-cd41ac9fe9da">
      <Execution id="7f981bf6-73f5-44b7-ab95-52c2f3a9ba6c" />
      <TestMethod codeBase="/Users/bill/Repos/FLua/FLua.Parser.Tests/bin/Debug/net8.0/FLua.Parser.Tests.dll" adapterTypeName="executor://yolodev/expecto" className="Parser Tests.Expression Parser Tests.Literals" name="hex float with exponent" />
    </UnitTest>
    <UnitTest name="Operator precedence.Power is right associative" storage="/users/bill/repos/flua/flua.parser.tests/bin/debug/net8.0/flua.parser.tests.dll" id="2c397f14-cc89-a8af-7de5-b6c9486ecf65">
      <Execution id="143c88bf-4a64-489e-b4d2-0234de967198" />
      <TestMethod codeBase="/Users/bill/Repos/FLua/FLua.Parser.Tests/bin/Debug/net8.0/FLua.Parser.Tests.dll" adapterTypeName="executor://yolodev/expecto" className="Operator precedence" name="Power is right associative" />
    </UnitTest>
    <UnitTest name="Parser Tests.Expression Parser Tests.Method Calls.method on table access" storage="/users/bill/repos/flua/flua.parser.tests/bin/debug/net8.0/flua.parser.tests.dll" id="3ec526ca-e695-30ed-ab17-22afd64268e8">
      <Execution id="34c7cf8a-f134-443b-9516-53043e3c5748" />
      <TestMethod codeBase="/Users/bill/Repos/FLua/FLua.Parser.Tests/bin/Debug/net8.0/FLua.Parser.Tests.dll" adapterTypeName="executor://yolodev/expecto" className="Parser Tests.Expression Parser Tests.Method Calls" name="method on table access" />
    </UnitTest>
    <UnitTest name="Parser Tests.Expression Parser Tests.String Concatenation.simple concat" storage="/users/bill/repos/flua/flua.parser.tests/bin/debug/net8.0/flua.parser.tests.dll" id="e99f9d4b-5305-939e-bdec-d1eb40673157">
      <Execution id="d9cabf30-aa79-482c-8b4f-27e682f30555" />
      <TestMethod codeBase="/Users/bill/Repos/FLua/FLua.Parser.Tests/bin/Debug/net8.0/FLua.Parser.Tests.dll" adapterTypeName="executor://yolodev/expecto" className="Parser Tests.Expression Parser Tests.String Concatenation" name="simple concat" />
    </UnitTest>
    <UnitTest name="Parser Tests.Expression Parser Tests.Table Access.chained dot access" storage="/users/bill/repos/flua/flua.parser.tests/bin/debug/net8.0/flua.parser.tests.dll" id="e4910e24-1d21-cc0f-b00b-383030d4728e">
      <Execution id="698ded62-e0da-4d52-9394-eaf7845a3d1e" />
      <TestMethod codeBase="/Users/bill/Repos/FLua/FLua.Parser.Tests/bin/Debug/net8.0/FLua.Parser.Tests.dll" adapterTypeName="executor://yolodev/expecto" className="Parser Tests.Expression Parser Tests.Table Access" name="chained dot access" />
    </UnitTest>
    <UnitTest name="Parser Tests.Expression Parser Tests.Table Constructors.Complex Examples.table with table access" storage="/users/bill/repos/flua/flua.parser.tests/bin/debug/net8.0/flua.parser.tests.dll" id="ab278c63-bff2-f9db-860f-8f2ccbfd3000">
      <Execution id="89d86981-4bdd-4440-8111-b39d2fa0d3ce" />
      <TestMethod codeBase="/Users/bill/Repos/FLua/FLua.Parser.Tests/bin/Debug/net8.0/FLua.Parser.Tests.dll" adapterTypeName="executor://yolodev/expecto" className="Parser Tests.Expression Parser Tests.Table Constructors.Complex Examples" name="table with table access" />
    </UnitTest>
    <UnitTest name="Parser Tests.Statement Parser Tests.Variable Attributes.Function Parameter Attributes.function with close parameter" storage="/users/bill/repos/flua/flua.parser.tests/bin/debug/net8.0/flua.parser.tests.dll" id="e514b4b5-ff0e-0503-c03f-cd130b642260">
      <Execution id="01e276ad-251e-43a7-b8cd-d8161c0d5955" />
      <TestMethod codeBase="/Users/bill/Repos/FLua/FLua.Parser.Tests/bin/Debug/net8.0/FLua.Parser.Tests.dll" adapterTypeName="executor://yolodev/expecto" className="Parser Tests.Statement Parser Tests.Variable Attributes.Function Parameter Attributes" name="function with close parameter" />
    </UnitTest>
    <UnitTest name="Parser Tests.Statement Parser Tests.Parser Fixes.Assignment vs Function Call Disambiguation.assignment with spaces" storage="/users/bill/repos/flua/flua.parser.tests/bin/debug/net8.0/flua.parser.tests.dll" id="697f4dc9-7b2c-f900-0b6d-c768a091bc66">
      <Execution id="99ce86f2-41aa-454a-8a66-80b558c4772d" />
      <TestMethod codeBase="/Users/bill/Repos/FLua/FLua.Parser.Tests/bin/Debug/net8.0/FLua.Parser.Tests.dll" adapterTypeName="executor://yolodev/expecto" className="Parser Tests.Statement Parser Tests.Parser Fixes.Assignment vs Function Call Disambiguation" name="assignment with spaces" />
    </UnitTest>
    <UnitTest name="Parser Tests.Statement Parser Tests.Integration Tests - Multiple Features.return with method calls and table constructor" storage="/users/bill/repos/flua/flua.parser.tests/bin/debug/net8.0/flua.parser.tests.dll" id="e1168bf7-fb11-75ad-9550-9989387a8ebe">
      <Execution id="3c256dbc-8728-4107-815c-614744f0b60d" />
      <TestMethod codeBase="/Users/bill/Repos/FLua/FLua.Parser.Tests/bin/Debug/net8.0/FLua.Parser.Tests.dll" adapterTypeName="executor://yolodev/expecto" className="Parser Tests.Statement Parser Tests.Integration Tests - Multiple Features" name="return with method calls and table constructor" />
    </UnitTest>
    <UnitTest name="Parser Tests.Expression Parser Tests.Whitespace Handling.newlines" storage="/users/bill/repos/flua/flua.parser.tests/bin/debug/net8.0/flua.parser.tests.dll" id="3c30a966-5d71-f183-32cf-39fc6c1d9ded">
      <Execution id="f2b34101-ac64-41f9-8ab1-f3d9c3d12c10" />
      <TestMethod codeBase="/Users/bill/Repos/FLua/FLua.Parser.Tests/bin/Debug/net8.0/FLua.Parser.Tests.dll" adapterTypeName="executor://yolodev/expecto" className="Parser Tests.Expression Parser Tests.Whitespace Handling" name="newlines" />
    </UnitTest>
    <UnitTest name="Parser Tests.Expression Parser Tests.Edge Cases.deeply nested precedence" storage="/users/bill/repos/flua/flua.parser.tests/bin/debug/net8.0/flua.parser.tests.dll" id="affcd0cb-5609-83cd-3160-dc9ebb422db5">
      <Execution id="51b71367-7407-424b-9ec5-df510d82b2dd" />
      <TestMethod codeBase="/Users/bill/Repos/FLua/FLua.Parser.Tests/bin/Debug/net8.0/FLua.Parser.Tests.dll" adapterTypeName="executor://yolodev/expecto" className="Parser Tests.Expression Parser Tests.Edge Cases" name="deeply nested precedence" />
    </UnitTest>
    <UnitTest name="Hex literal parsing.-1 as hex" storage="/users/bill/repos/flua/flua.parser.tests/bin/debug/net8.0/flua.parser.tests.dll" id="f3f9712d-8345-c669-0fbc-cbc9158ba417">
      <Execution id="f8156d59-4e1f-4920-9077-1fdbb1ce01c8" />
      <TestMethod codeBase="/Users/bill/Repos/FLua/FLua.Parser.Tests/bin/Debug/net8.0/FLua.Parser.Tests.dll" adapterTypeName="executor://yolodev/expecto" className="Hex literal parsing" name="-1 as hex" />
    </UnitTest>
    <UnitTest name="Parser Tests.Expression Parser Tests.Shift Operators.left shift" storage="/users/bill/repos/flua/flua.parser.tests/bin/debug/net8.0/flua.parser.tests.dll" id="22e4173d-cb7e-9ab3-0463-97b7ca2b1bae">
      <Execution id="887c9eba-2c35-4b5d-a803-5544fd27c7c4" />
      <TestMethod codeBase="/Users/bill/Repos/FLua/FLua.Parser.Tests/bin/Debug/net8.0/FLua.Parser.Tests.dll" adapterTypeName="executor://yolodev/expecto" className="Parser Tests.Expression Parser Tests.Shift Operators" name="left shift" />
    </UnitTest>
    <UnitTest name="Parser Tests.Expression Parser Tests.Method Calls.simple method call" storage="/users/bill/repos/flua/flua.parser.tests/bin/debug/net8.0/flua.parser.tests.dll" id="f7c7c155-dacf-8b29-9ffb-7a4a19c5a5dd">
      <Execution id="6bff55e8-43dc-44f6-992b-f0be4df9f8c8" />
      <TestMethod codeBase="/Users/bill/Repos/FLua/FLua.Parser.Tests/bin/Debug/net8.0/FLua.Parser.Tests.dll" adapterTypeName="executor://yolodev/expecto" className="Parser Tests.Expression Parser Tests.Method Calls" name="simple method call" />
    </UnitTest>
    <UnitTest name="Parser Tests.Expression Parser Tests.Literals.integer" storage="/users/bill/repos/flua/flua.parser.tests/bin/debug/net8.0/flua.parser.tests.dll" id="94f7471f-2f99-85fa-737f-00c961802a75">
      <Execution id="51727f07-af42-4396-bef1-6d2e2d4d047e" />
      <TestMethod codeBase="/Users/bill/Repos/FLua/FLua.Parser.Tests/bin/Debug/net8.0/FLua.Parser.Tests.dll" adapterTypeName="executor://yolodev/expecto" className="Parser Tests.Expression Parser Tests.Literals" name="integer" />
    </UnitTest>
    <UnitTest name="Parser Tests.Expression Parser Tests.Literals.escape backslash" storage="/users/bill/repos/flua/flua.parser.tests/bin/debug/net8.0/flua.parser.tests.dll" id="cbf11f0c-9efd-21c8-0344-f5e3de7c50b7">
      <Execution id="c174ccf4-b866-4c28-9dfd-28f9326d7d52" />
      <TestMethod codeBase="/Users/bill/Repos/FLua/FLua.Parser.Tests/bin/Debug/net8.0/FLua.Parser.Tests.dll" adapterTypeName="executor://yolodev/expecto" className="Parser Tests.Expression Parser Tests.Literals" name="escape backslash" />
    </UnitTest>
    <UnitTest name="Parser Tests.Expression Parser Tests.Complex Expressions.operator precedence" storage="/users/bill/repos/flua/flua.parser.tests/bin/debug/net8.0/flua.parser.tests.dll" id="3f3fa638-09ba-1011-7392-05cac169df0e">
      <Execution id="872a55b1-9b3a-4c27-9981-52ec31d11714" />
      <TestMethod codeBase="/Users/bill/Repos/FLua/FLua.Parser.Tests/bin/Debug/net8.0/FLua.Parser.Tests.dll" adapterTypeName="executor://yolodev/expecto" className="Parser Tests.Expression Parser Tests.Complex Expressions" name="operator precedence" />
    </UnitTest>
    <UnitTest name="Parser Tests.Statement Parser Tests.Parser Fixes.Table Access in Binary Expressions (Fixed).whitespace variations" storage="/users/bill/repos/flua/flua.parser.tests/bin/debug/net8.0/flua.parser.tests.dll" id="d196b395-f31e-f4e9-9268-5512404cf3f1">
      <Execution id="6511b132-be8e-448b-b146-9c0d94a7dcc4" />
      <TestMethod codeBase="/Users/bill/Repos/FLua/FLua.Parser.Tests/bin/Debug/net8.0/FLua.Parser.Tests.dll" adapterTypeName="executor://yolodev/expecto" className="Parser Tests.Statement Parser Tests.Parser Fixes.Table Access in Binary Expressions (Fixed)" name="whitespace variations" />
    </UnitTest>
    <UnitTest name="Parser Tests.Statement Parser Tests.Control Flow Statements.if with else" storage="/users/bill/repos/flua/flua.parser.tests/bin/debug/net8.0/flua.parser.tests.dll" id="3b276006-ded9-3e33-7cce-35cbf2995e25">
      <Execution id="0638ce87-3b29-4321-b5b3-96f51456bbbc" />
      <TestMethod codeBase="/Users/bill/Repos/FLua/FLua.Parser.Tests/bin/Debug/net8.0/FLua.Parser.Tests.dll" adapterTypeName="executor://yolodev/expecto" className="Parser Tests.Statement Parser Tests.Control Flow Statements" name="if with else" />
    </UnitTest>
    <UnitTest name="Parser Tests.Expression Parser Tests.Literals.empty string" storage="/users/bill/repos/flua/flua.parser.tests/bin/debug/net8.0/flua.parser.tests.dll" id="acbd658a-0a3a-c64b-60e8-e42ad757ae25">
      <Execution id="b237d88d-adb0-4778-985e-1f7f508bbc86" />
      <TestMethod codeBase="/Users/bill/Repos/FLua/FLua.Parser.Tests/bin/Debug/net8.0/FLua.Parser.Tests.dll" adapterTypeName="executor://yolodev/expecto" className="Parser Tests.Expression Parser Tests.Literals" name="empty string" />
    </UnitTest>
    <UnitTest name="Parser Tests.Statement Parser Tests.Parser Fixes.Complex Assignment Patterns.assignment after complex expression" storage="/users/bill/repos/flua/flua.parser.tests/bin/debug/net8.0/flua.parser.tests.dll" id="3220c2ae-91b6-aff4-18b0-88557d16da4b">
      <Execution id="7dd27d1f-b1f3-43bf-a2c1-2216cf53651e" />
      <TestMethod codeBase="/Users/bill/Repos/FLua/FLua.Parser.Tests/bin/Debug/net8.0/FLua.Parser.Tests.dll" adapterTypeName="executor://yolodev/expecto" className="Parser Tests.Statement Parser Tests.Parser Fixes.Complex Assignment Patterns" name="assignment after complex expression" />
    </UnitTest>
    <UnitTest name="Parser Tests.Expression Parser Tests.Table Access.bracket access string" storage="/users/bill/repos/flua/flua.parser.tests/bin/debug/net8.0/flua.parser.tests.dll" id="cfa379e1-09d8-dba5-206b-c6e2aaf24ff1">
      <Execution id="1891a740-1a5d-475a-b682-7336b0a1a2e7" />
      <TestMethod codeBase="/Users/bill/Repos/FLua/FLua.Parser.Tests/bin/Debug/net8.0/FLua.Parser.Tests.dll" adapterTypeName="executor://yolodev/expecto" className="Parser Tests.Expression Parser Tests.Table Access" name="bracket access string" />
    </UnitTest>
    <UnitTest name="Parser Tests.Expression Parser Tests.Table Constructors.Named Fields.multiple named fields" storage="/users/bill/repos/flua/flua.parser.tests/bin/debug/net8.0/flua.parser.tests.dll" id="254cc30b-5b1d-8fc3-09ec-d3df0b2b3af0">
      <Execution id="70afa417-94c9-4538-9b01-bc6f3d04606a" />
      <TestMethod codeBase="/Users/bill/Repos/FLua/FLua.Parser.Tests/bin/Debug/net8.0/FLua.Parser.Tests.dll" adapterTypeName="executor://yolodev/expecto" className="Parser Tests.Expression Parser Tests.Table Constructors.Named Fields" name="multiple named fields" />
    </UnitTest>
    <UnitTest name="Parser Tests.Statement Parser Tests.Basic Statements.simple assignment" storage="/users/bill/repos/flua/flua.parser.tests/bin/debug/net8.0/flua.parser.tests.dll" id="f9b1b562-700c-308d-bc66-002581032a2e">
      <Execution id="25141c51-f309-4a02-8588-07c311888659" />
      <TestMethod codeBase="/Users/bill/Repos/FLua/FLua.Parser.Tests/bin/Debug/net8.0/FLua.Parser.Tests.dll" adapterTypeName="executor://yolodev/expecto" className="Parser Tests.Statement Parser Tests.Basic Statements" name="simple assignment" />
    </UnitTest>
    <UnitTest name="Parser Tests.Expression Parser Tests.Identifiers.long identifier" storage="/users/bill/repos/flua/flua.parser.tests/bin/debug/net8.0/flua.parser.tests.dll" id="c7be5443-b868-5116-e84d-9ffcacf6dab8">
      <Execution id="5899d4bf-c144-456b-8d6a-cc3ee7c9d5d9" />
      <TestMethod codeBase="/Users/bill/Repos/FLua/FLua.Parser.Tests/bin/Debug/net8.0/FLua.Parser.Tests.dll" adapterTypeName="executor://yolodev/expecto" className="Parser Tests.Expression Parser Tests.Identifiers" name="long identifier" />
    </UnitTest>
    <UnitTest name="Parser Tests.Statement Parser Tests.Integration Tests - Multiple Features.table with method calls and functions" storage="/users/bill/repos/flua/flua.parser.tests/bin/debug/net8.0/flua.parser.tests.dll" id="23f84a4d-bc21-b97f-e115-11bf0b33db04">
      <Execution id="81507d6c-795c-4afe-b9a0-9494d3e6a59f" />
      <TestMethod codeBase="/Users/bill/Repos/FLua/FLua.Parser.Tests/bin/Debug/net8.0/FLua.Parser.Tests.dll" adapterTypeName="executor://yolodev/expecto" className="Parser Tests.Statement Parser Tests.Integration Tests - Multiple Features" name="table with method calls and functions" />
    </UnitTest>
    <UnitTest name="Parser Tests.Statement Parser Tests.Integration Tests - Multiple Features.local assignment with complex expressions" storage="/users/bill/repos/flua/flua.parser.tests/bin/debug/net8.0/flua.parser.tests.dll" id="bf1b4d49-e184-dfdd-ed3f-683ae593c916">
      <Execution id="07b08bfb-bce8-4c51-a7ea-5a7614677871" />
      <TestMethod codeBase="/Users/bill/Repos/FLua/FLua.Parser.Tests/bin/Debug/net8.0/FLua.Parser.Tests.dll" adapterTypeName="executor://yolodev/expecto" className="Parser Tests.Statement Parser Tests.Integration Tests - Multiple Features" name="local assignment with complex expressions" />
    </UnitTest>
    <UnitTest name="Parser Tests.Expression Parser Tests.Multiplicative Operators.float divide" storage="/users/bill/repos/flua/flua.parser.tests/bin/debug/net8.0/flua.parser.tests.dll" id="1ab65006-1d16-c78b-9176-c6d1cbfa198a">
      <Execution id="628eaa91-59d6-4f9f-aa27-ff8657c8edaf" />
      <TestMethod codeBase="/Users/bill/Repos/FLua/FLua.Parser.Tests/bin/Debug/net8.0/FLua.Parser.Tests.dll" adapterTypeName="executor://yolodev/expecto" className="Parser Tests.Expression Parser Tests.Multiplicative Operators" name="float divide" />
    </UnitTest>
    <UnitTest name="Parser Tests.Statement Parser Tests.Basic Statements.assignment with expressions" storage="/users/bill/repos/flua/flua.parser.tests/bin/debug/net8.0/flua.parser.tests.dll" id="ffc50473-1728-3b39-765c-2603db6d395a">
      <Execution id="8a3647c6-2673-4cdb-b833-a164b41ddcc1" />
      <TestMethod codeBase="/Users/bill/Repos/FLua/FLua.Parser.Tests/bin/Debug/net8.0/FLua.Parser.Tests.dll" adapterTypeName="executor://yolodev/expecto" className="Parser Tests.Statement Parser Tests.Basic Statements" name="assignment with expressions" />
    </UnitTest>
    <UnitTest name="Parser Tests.Expression Parser Tests.Table Access.dot access" storage="/users/bill/repos/flua/flua.parser.tests/bin/debug/net8.0/flua.parser.tests.dll" id="8b13a765-8c99-aabc-b19d-11c9ca6f1b68">
      <Execution id="9268f7a4-273a-41f7-9f1c-fb7c4ab0b777" />
      <TestMethod codeBase="/Users/bill/Repos/FLua/FLua.Parser.Tests/bin/Debug/net8.0/FLua.Parser.Tests.dll" adapterTypeName="executor://yolodev/expecto" className="Parser Tests.Expression Parser Tests.Table Access" name="dot access" />
    </UnitTest>
    <UnitTest name="Parser Tests.Statement Parser Tests.Control Flow Statements.Function Definitions.simple function" storage="/users/bill/repos/flua/flua.parser.tests/bin/debug/net8.0/flua.parser.tests.dll" id="384e7e46-2939-dfa4-d397-51eef363ea84">
      <Execution id="8fc60862-ddaa-419a-aea8-b06f9a8d153c" />
      <TestMethod codeBase="/Users/bill/Repos/FLua/FLua.Parser.Tests/bin/Debug/net8.0/FLua.Parser.Tests.dll" adapterTypeName="executor://yolodev/expecto" className="Parser Tests.Statement Parser Tests.Control Flow Statements.Function Definitions" name="simple function" />
    </UnitTest>
    <UnitTest name="Parser Tests.Statement Parser Tests.Control Flow Statements.Function Definitions.local function" storage="/users/bill/repos/flua/flua.parser.tests/bin/debug/net8.0/flua.parser.tests.dll" id="abb00982-0096-661e-4e2d-bf082834ac59">
      <Execution id="b36ba25f-2b94-493a-a408-f1ba220fbddb" />
      <TestMethod codeBase="/Users/bill/Repos/FLua/FLua.Parser.Tests/bin/Debug/net8.0/FLua.Parser.Tests.dll" adapterTypeName="executor://yolodev/expecto" className="Parser Tests.Statement Parser Tests.Control Flow Statements.Function Definitions" name="local function" />
    </UnitTest>
    <UnitTest name="Parser Tests.Expression Parser Tests.Method Calls.mixed access and method" storage="/users/bill/repos/flua/flua.parser.tests/bin/debug/net8.0/flua.parser.tests.dll" id="862c78bf-ab7b-7516-2ebe-a03d490a5635">
      <Execution id="6d5dbfed-1605-4f07-9ec6-ae167e94100d" />
      <TestMethod codeBase="/Users/bill/Repos/FLua/FLua.Parser.Tests/bin/Debug/net8.0/FLua.Parser.Tests.dll" adapterTypeName="executor://yolodev/expecto" className="Parser Tests.Expression Parser Tests.Method Calls" name="mixed access and method" />
    </UnitTest>
    <UnitTest name="Parser Tests.Expression Parser Tests.Function Calls.single argument" storage="/users/bill/repos/flua/flua.parser.tests/bin/debug/net8.0/flua.parser.tests.dll" id="c9bdd070-3a4d-f33d-8633-0f0ada3f44b8">
      <Execution id="4293fcaa-9450-4a5a-a574-44ff8d1858f9" />
      <TestMethod codeBase="/Users/bill/Repos/FLua/FLua.Parser.Tests/bin/Debug/net8.0/FLua.Parser.Tests.dll" adapterTypeName="executor://yolodev/expecto" className="Parser Tests.Expression Parser Tests.Function Calls" name="single argument" />
    </UnitTest>
    <UnitTest name="Parser Tests.Expression Parser Tests.Identifiers.underscore identifier" storage="/users/bill/repos/flua/flua.parser.tests/bin/debug/net8.0/flua.parser.tests.dll" id="0ba7aa40-6834-6408-0135-49e448773151">
      <Execution id="e31209e7-eeb2-4c4c-b9ea-e683198b5dca" />
      <TestMethod codeBase="/Users/bill/Repos/FLua/FLua.Parser.Tests/bin/Debug/net8.0/FLua.Parser.Tests.dll" adapterTypeName="executor://yolodev/expecto" className="Parser Tests.Expression Parser Tests.Identifiers" name="underscore identifier" />
    </UnitTest>
    <UnitTest name="Decimal number parsing.Numbers starting with dot" storage="/users/bill/repos/flua/flua.parser.tests/bin/debug/net8.0/flua.parser.tests.dll" id="74d64d57-23b6-db5a-27b8-8384e8cfe593">
      <Execution id="f76efbf2-9079-42e0-ba75-0f0c3d134482" />
      <TestMethod codeBase="/Users/bill/Repos/FLua/FLua.Parser.Tests/bin/Debug/net8.0/FLua.Parser.Tests.dll" adapterTypeName="executor://yolodev/expecto" className="Decimal number parsing" name="Numbers starting with dot" />
    </UnitTest>
    <UnitTest name="Parser Tests.Statement Parser Tests.Basic Statements.multiple local" storage="/users/bill/repos/flua/flua.parser.tests/bin/debug/net8.0/flua.parser.tests.dll" id="65098e0b-d31f-493f-f5c7-89b21212d75c">
      <Execution id="171cf174-07e3-408c-a97d-7ab6916b61aa" />
      <TestMethod codeBase="/Users/bill/Repos/FLua/FLua.Parser.Tests/bin/Debug/net8.0/FLua.Parser.Tests.dll" adapterTypeName="executor://yolodev/expecto" className="Parser Tests.Statement Parser Tests.Basic Statements" name="multiple local" />
    </UnitTest>
    <UnitTest name="Parser Tests.Statement Parser Tests.Parser Fixes.Complex Assignment Patterns.nil assignment to table" storage="/users/bill/repos/flua/flua.parser.tests/bin/debug/net8.0/flua.parser.tests.dll" id="798740c7-4bcf-2860-2b4d-5db188ed8088">
      <Execution id="0d2c6ae0-d10f-424f-b9b2-491bcb7359f6" />
      <TestMethod codeBase="/Users/bill/Repos/FLua/FLua.Parser.Tests/bin/Debug/net8.0/FLua.Parser.Tests.dll" adapterTypeName="executor://yolodev/expecto" className="Parser Tests.Statement Parser Tests.Parser Fixes.Complex Assignment Patterns" name="nil assignment to table" />
    </UnitTest>
    <UnitTest name="Parser Tests.Expression Parser Tests.Table Constructors.Simple Values.single value" storage="/users/bill/repos/flua/flua.parser.tests/bin/debug/net8.0/flua.parser.tests.dll" id="b4887e73-89aa-9e82-9b02-5368d0b98e0e">
      <Execution id="cef94b7b-6ca6-46a8-ab3c-729afcc25f38" />
      <TestMethod codeBase="/Users/bill/Repos/FLua/FLua.Parser.Tests/bin/Debug/net8.0/FLua.Parser.Tests.dll" adapterTypeName="executor://yolodev/expecto" className="Parser Tests.Expression Parser Tests.Table Constructors.Simple Values" name="single value" />
    </UnitTest>
    <UnitTest name="Parser Tests.Expression Parser Tests.Literals.boolean false" storage="/users/bill/repos/flua/flua.parser.tests/bin/debug/net8.0/flua.parser.tests.dll" id="ef88aec7-46d3-dd30-ec64-a51e14f8fab1">
      <Execution id="a04b4dfd-0ab9-4b2c-940c-d1e5c44db77d" />
      <TestMethod codeBase="/Users/bill/Repos/FLua/FLua.Parser.Tests/bin/Debug/net8.0/FLua.Parser.Tests.dll" adapterTypeName="executor://yolodev/expecto" className="Parser Tests.Expression Parser Tests.Literals" name="boolean false" />
    </UnitTest>
    <UnitTest name="Parser Tests.Expression Parser Tests.Table Constructors.Key Fields.key field with variable" storage="/users/bill/repos/flua/flua.parser.tests/bin/debug/net8.0/flua.parser.tests.dll" id="4aa0c269-359a-c858-e90f-1fae4b1d119c">
      <Execution id="44e90ad3-e206-40d5-a351-55a6af17741b" />
      <TestMethod codeBase="/Users/bill/Repos/FLua/FLua.Parser.Tests/bin/Debug/net8.0/FLua.Parser.Tests.dll" adapterTypeName="executor://yolodev/expecto" className="Parser Tests.Expression Parser Tests.Table Constructors.Key Fields" name="key field with variable" />
    </UnitTest>
    <UnitTest name="Function call parsing.Standard call" storage="/users/bill/repos/flua/flua.parser.tests/bin/debug/net8.0/flua.parser.tests.dll" id="1445a436-f34a-a70f-5047-8283ef73049c">
      <Execution id="bae98c69-d482-4a93-be68-5a7ec3fca8ce" />
      <TestMethod codeBase="/Users/bill/Repos/FLua/FLua.Parser.Tests/bin/Debug/net8.0/FLua.Parser.Tests.dll" adapterTypeName="executor://yolodev/expecto" className="Function call parsing" name="Standard call" />
    </UnitTest>
    <UnitTest name="Parser Tests.Expression Parser Tests.Literals.escape vertical tab" storage="/users/bill/repos/flua/flua.parser.tests/bin/debug/net8.0/flua.parser.tests.dll" id="c8ec8d0b-8726-1048-5a8e-70417ccfe9cc">
      <Execution id="db951d5a-f9b9-4742-9d70-e0d5a4dc02b0" />
      <TestMethod codeBase="/Users/bill/Repos/FLua/FLua.Parser.Tests/bin/Debug/net8.0/FLua.Parser.Tests.dll" adapterTypeName="executor://yolodev/expecto" className="Parser Tests.Expression Parser Tests.Literals" name="escape vertical tab" />
    </UnitTest>
    <UnitTest name="Parser Tests.Expression Parser Tests.Bitwise Operators.bitwise or" storage="/users/bill/repos/flua/flua.parser.tests/bin/debug/net8.0/flua.parser.tests.dll" id="df0bcd8b-7844-5b92-d01d-86530aea9c35">
      <Execution id="cd4b0af1-f503-453f-8fc6-c290751f44f4" />
      <TestMethod codeBase="/Users/bill/Repos/FLua/FLua.Parser.Tests/bin/Debug/net8.0/FLua.Parser.Tests.dll" adapterTypeName="executor://yolodev/expecto" className="Parser Tests.Expression Parser Tests.Bitwise Operators" name="bitwise or" />
    </UnitTest>
    <UnitTest name="Parser Tests.Statement Parser Tests.Control Flow Statements.Labels and Goto.goto with underscore" storage="/users/bill/repos/flua/flua.parser.tests/bin/debug/net8.0/flua.parser.tests.dll" id="9941d091-0d12-9ab4-3186-9c070f874a75">
      <Execution id="5e4d4cf7-c339-40c4-a5ab-23b4ebb0414b" />
      <TestMethod codeBase="/Users/bill/Repos/FLua/FLua.Parser.Tests/bin/Debug/net8.0/FLua.Parser.Tests.dll" adapterTypeName="executor://yolodev/expecto" className="Parser Tests.Statement Parser Tests.Control Flow Statements.Labels and Goto" name="goto with underscore" />
    </UnitTest>
    <UnitTest name="Parser Tests.Expression Parser Tests.Power Operator.right associative" storage="/users/bill/repos/flua/flua.parser.tests/bin/debug/net8.0/flua.parser.tests.dll" id="a4206639-8551-015b-9278-1c1f53a52704">
      <Execution id="69abb04d-e57b-4282-8459-07086b17dd82" />
      <TestMethod codeBase="/Users/bill/Repos/FLua/FLua.Parser.Tests/bin/Debug/net8.0/FLua.Parser.Tests.dll" adapterTypeName="executor://yolodev/expecto" className="Parser Tests.Expression Parser Tests.Power Operator" name="right associative" />
    </UnitTest>
    <UnitTest name="Parser Tests.Expression Parser Tests.Additive Operators.subtract" storage="/users/bill/repos/flua/flua.parser.tests/bin/debug/net8.0/flua.parser.tests.dll" id="b51db8bf-d36e-0aa7-8a8f-f4a9946301ba">
      <Execution id="81d241b2-d332-41ff-bd84-a0eeb6aa9bb7" />
      <TestMethod codeBase="/Users/bill/Repos/FLua/FLua.Parser.Tests/bin/Debug/net8.0/FLua.Parser.Tests.dll" adapterTypeName="executor://yolodev/expecto" className="Parser Tests.Expression Parser Tests.Additive Operators" name="subtract" />
    </UnitTest>
    <UnitTest name="Parser Tests.Statement Parser Tests.Control Flow Statements.Function Definitions.local function with params" storage="/users/bill/repos/flua/flua.parser.tests/bin/debug/net8.0/flua.parser.tests.dll" id="3c513f3b-1271-3f9c-ccd2-60479767cb29">
      <Execution id="c0604246-e0d9-4b92-8922-2444bf7aee77" />
      <TestMethod codeBase="/Users/bill/Repos/FLua/FLua.Parser.Tests/bin/Debug/net8.0/FLua.Parser.Tests.dll" adapterTypeName="executor://yolodev/expecto" className="Parser Tests.Statement Parser Tests.Control Flow Statements.Function Definitions" name="local function with params" />
    </UnitTest>
    <UnitTest name="Parser Tests.Statement Parser Tests.Parser Fixes.Complex Assignment Patterns.table assignment in sequence" storage="/users/bill/repos/flua/flua.parser.tests/bin/debug/net8.0/flua.parser.tests.dll" id="b21fa29a-c221-a436-8f17-6ab1b870468e">
      <Execution id="73d1bd90-fb1f-4e32-a971-558fb3911052" />
      <TestMethod codeBase="/Users/bill/Repos/FLua/FLua.Parser.Tests/bin/Debug/net8.0/FLua.Parser.Tests.dll" adapterTypeName="executor://yolodev/expecto" className="Parser Tests.Statement Parser Tests.Parser Fixes.Complex Assignment Patterns" name="table assignment in sequence" />
    </UnitTest>
    <UnitTest name="Parser Tests.Statement Parser Tests.Variable Attributes.Function Parameter Attributes.function with mixed parameter attributes" storage="/users/bill/repos/flua/flua.parser.tests/bin/debug/net8.0/flua.parser.tests.dll" id="2235aeb2-d9db-b858-9ee9-ee90338ff81a">
      <Execution id="044e601a-b2ed-4784-b6a2-af6b46cec298" />
      <TestMethod codeBase="/Users/bill/Repos/FLua/FLua.Parser.Tests/bin/Debug/net8.0/FLua.Parser.Tests.dll" adapterTypeName="executor://yolodev/expecto" className="Parser Tests.Statement Parser Tests.Variable Attributes.Function Parameter Attributes" name="function with mixed parameter attributes" />
    </UnitTest>
    <UnitTest name="Parser Tests.Statement Parser Tests.Control Flow Statements.Function Definitions.method definition" storage="/users/bill/repos/flua/flua.parser.tests/bin/debug/net8.0/flua.parser.tests.dll" id="31b647c0-1b1b-231b-0aa9-4845822edf5a">
      <Execution id="1a8259c1-fcfd-4978-a734-f84591880c2a" />
      <TestMethod codeBase="/Users/bill/Repos/FLua/FLua.Parser.Tests/bin/Debug/net8.0/FLua.Parser.Tests.dll" adapterTypeName="executor://yolodev/expecto" className="Parser Tests.Statement Parser Tests.Control Flow Statements.Function Definitions" name="method definition" />
    </UnitTest>
    <UnitTest name="Parser Tests.Expression Parser Tests.Literals.hex escape A" storage="/users/bill/repos/flua/flua.parser.tests/bin/debug/net8.0/flua.parser.tests.dll" id="6bcb40f4-cf24-de68-ebe9-a8a7e6ab39fc">
      <Execution id="7c0dd529-6b62-4429-9865-c58cd8e569ec" />
      <TestMethod codeBase="/Users/bill/Repos/FLua/FLua.Parser.Tests/bin/Debug/net8.0/FLua.Parser.Tests.dll" adapterTypeName="executor://yolodev/expecto" className="Parser Tests.Expression Parser Tests.Literals" name="hex escape A" />
    </UnitTest>
    <UnitTest name="Generic for loop parsing.Multiple iterator values" storage="/users/bill/repos/flua/flua.parser.tests/bin/debug/net8.0/flua.parser.tests.dll" id="f0647535-9b53-2b97-a592-0347a36420eb">
      <Execution id="0241d8f0-0d8e-46ea-bded-d37186f2d390" />
      <TestMethod codeBase="/Users/bill/Repos/FLua/FLua.Parser.Tests/bin/Debug/net8.0/FLua.Parser.Tests.dll" adapterTypeName="executor://yolodev/expecto" className="Generic for loop parsing" name="Multiple iterator values" />
    </UnitTest>
    <UnitTest name="Parser Tests.Statement Parser Tests.Basic Statements.local without init" storage="/users/bill/repos/flua/flua.parser.tests/bin/debug/net8.0/flua.parser.tests.dll" id="3b11aa8b-1906-ff2b-88bb-e6031120b9a4">
      <Execution id="eb550da0-43ab-46fa-8c26-8eb4eb40bbd3" />
      <TestMethod codeBase="/Users/bill/Repos/FLua/FLua.Parser.Tests/bin/Debug/net8.0/FLua.Parser.Tests.dll" adapterTypeName="executor://yolodev/expecto" className="Parser Tests.Statement Parser Tests.Basic Statements" name="local without init" />
    </UnitTest>
    <UnitTest name="Parser Tests.Statement Parser Tests.Control Flow Statements.For Loops.generic for single var" storage="/users/bill/repos/flua/flua.parser.tests/bin/debug/net8.0/flua.parser.tests.dll" id="5bb5f4cc-8a1b-1d50-5b9e-c5ad18e143dd">
      <Execution id="b638eafe-e243-4633-b1f1-dd4039c1f4fa" />
      <TestMethod codeBase="/Users/bill/Repos/FLua/FLua.Parser.Tests/bin/Debug/net8.0/FLua.Parser.Tests.dll" adapterTypeName="executor://yolodev/expecto" className="Parser Tests.Statement Parser Tests.Control Flow Statements.For Loops" name="generic for single var" />
    </UnitTest>
    <UnitTest name="Parser Tests.Expression Parser Tests.Parentheses.parentheses with spaces" storage="/users/bill/repos/flua/flua.parser.tests/bin/debug/net8.0/flua.parser.tests.dll" id="95ca2f10-0840-0229-390b-f87fb8626041">
      <Execution id="56ae99c4-0371-41d2-a288-96447582f488" />
      <TestMethod codeBase="/Users/bill/Repos/FLua/FLua.Parser.Tests/bin/Debug/net8.0/FLua.Parser.Tests.dll" adapterTypeName="executor://yolodev/expecto" className="Parser Tests.Expression Parser Tests.Parentheses" name="parentheses with spaces" />
    </UnitTest>
    <UnitTest name="Parser Tests.Expression Parser Tests.Table Constructors.Key Fields.key field with expression" storage="/users/bill/repos/flua/flua.parser.tests/bin/debug/net8.0/flua.parser.tests.dll" id="c6c69823-0e8f-a585-91ca-73273148719d">
      <Execution id="cc30fb7c-1fd4-4fdc-ba25-41f975bfd93b" />
      <TestMethod codeBase="/Users/bill/Repos/FLua/FLua.Parser.Tests/bin/Debug/net8.0/FLua.Parser.Tests.dll" adapterTypeName="executor://yolodev/expecto" className="Parser Tests.Expression Parser Tests.Table Constructors.Key Fields" name="key field with expression" />
    </UnitTest>
    <UnitTest name="Parser Tests.Statement Parser Tests.Control Flow Statements.Labels and Goto.goto with numbers" storage="/users/bill/repos/flua/flua.parser.tests/bin/debug/net8.0/flua.parser.tests.dll" id="ee64b813-f0cb-cb72-0323-df3a54bc0a5e">
      <Execution id="31cebbb2-1cc9-41f8-96b0-57ee18509b20" />
      <TestMethod codeBase="/Users/bill/Repos/FLua/FLua.Parser.Tests/bin/Debug/net8.0/FLua.Parser.Tests.dll" adapterTypeName="executor://yolodev/expecto" className="Parser Tests.Statement Parser Tests.Control Flow Statements.Labels and Goto" name="goto with numbers" />
    </UnitTest>
    <UnitTest name="Parser Tests.Statement Parser Tests.Integration Tests - Multiple Features.multiple assignment with method calls" storage="/users/bill/repos/flua/flua.parser.tests/bin/debug/net8.0/flua.parser.tests.dll" id="bc676c70-bff1-771e-2805-b78bf099cdaf">
      <Execution id="7c04c908-88ba-440a-a6bb-823da1da763c" />
      <TestMethod codeBase="/Users/bill/Repos/FLua/FLua.Parser.Tests/bin/Debug/net8.0/FLua.Parser.Tests.dll" adapterTypeName="executor://yolodev/expecto" className="Parser Tests.Statement Parser Tests.Integration Tests - Multiple Features" name="multiple assignment with method calls" />
    </UnitTest>
    <UnitTest name="Parser Tests.Expression Parser Tests.Table Constructors.Mixed Fields.nested tables" storage="/users/bill/repos/flua/flua.parser.tests/bin/debug/net8.0/flua.parser.tests.dll" id="6d9ca8dd-f154-227d-84e3-afa1a8dfa77e">
      <Execution id="0b8454da-345b-4c02-9e85-20228d9c34fc" />
      <TestMethod codeBase="/Users/bill/Repos/FLua/FLua.Parser.Tests/bin/Debug/net8.0/FLua.Parser.Tests.dll" adapterTypeName="executor://yolodev/expecto" className="Parser Tests.Expression Parser Tests.Table Constructors.Mixed Fields" name="nested tables" />
    </UnitTest>
    <UnitTest name="Parser Tests.Expression Parser Tests.Table Constructors.Complex Examples.table with function definition" storage="/users/bill/repos/flua/flua.parser.tests/bin/debug/net8.0/flua.parser.tests.dll" id="f55754ec-072d-a532-5fd1-647f087fa389">
      <Execution id="751ef6b2-822a-4875-b593-55be0c2c3b43" />
      <TestMethod codeBase="/Users/bill/Repos/FLua/FLua.Parser.Tests/bin/Debug/net8.0/FLua.Parser.Tests.dll" adapterTypeName="executor://yolodev/expecto" className="Parser Tests.Expression Parser Tests.Table Constructors.Complex Examples" name="table with function definition" />
    </UnitTest>
    <UnitTest name="Parser Tests.Expression Parser Tests.Method Calls.method with multiple args" storage="/users/bill/repos/flua/flua.parser.tests/bin/debug/net8.0/flua.parser.tests.dll" id="6412ce07-78c8-4c98-b55c-92f2fe3f0b2c">
      <Execution id="05b44bc9-a087-4f48-8339-364b931173b6" />
      <TestMethod codeBase="/Users/bill/Repos/FLua/FLua.Parser.Tests/bin/Debug/net8.0/FLua.Parser.Tests.dll" adapterTypeName="executor://yolodev/expecto" className="Parser Tests.Expression Parser Tests.Method Calls" name="method with multiple args" />
    </UnitTest>
    <UnitTest name="Parser Tests.Expression Parser Tests.Table Access.bracket access variable" storage="/users/bill/repos/flua/flua.parser.tests/bin/debug/net8.0/flua.parser.tests.dll" id="23936ca9-cb04-0d9a-ca60-67e86f26450c">
      <Execution id="e2b04a33-a83e-4e95-b8c8-0e0e9fef2ecf" />
      <TestMethod codeBase="/Users/bill/Repos/FLua/FLua.Parser.Tests/bin/Debug/net8.0/FLua.Parser.Tests.dll" adapterTypeName="executor://yolodev/expecto" className="Parser Tests.Expression Parser Tests.Table Access" name="bracket access variable" />
    </UnitTest>
    <UnitTest name="Parser Tests.Expression Parser Tests.Unary Operators.negate" storage="/users/bill/repos/flua/flua.parser.tests/bin/debug/net8.0/flua.parser.tests.dll" id="0ee73c2d-1ffb-ddf9-4e07-1b1702a6be39">
      <Execution id="2494023d-e510-447b-b143-558d752917a6" />
      <TestMethod codeBase="/Users/bill/Repos/FLua/FLua.Parser.Tests/bin/Debug/net8.0/FLua.Parser.Tests.dll" adapterTypeName="executor://yolodev/expecto" className="Parser Tests.Expression Parser Tests.Unary Operators" name="negate" />
    </UnitTest>
    <UnitTest name="Parser Tests.Statement Parser Tests.Variable Attributes.Local Variable Attributes.local const variable" storage="/users/bill/repos/flua/flua.parser.tests/bin/debug/net8.0/flua.parser.tests.dll" id="c44b47ac-34e7-a034-b2d7-a56e3ecf6a11">
      <Execution id="57b20604-c644-4de2-ba82-1dc6e06b8f31" />
      <TestMethod codeBase="/Users/bill/Repos/FLua/FLua.Parser.Tests/bin/Debug/net8.0/FLua.Parser.Tests.dll" adapterTypeName="executor://yolodev/expecto" className="Parser Tests.Statement Parser Tests.Variable Attributes.Local Variable Attributes" name="local const variable" />
    </UnitTest>
    <UnitTest name="Parser Tests.Statement Parser Tests.Basic Statements.return empty" storage="/users/bill/repos/flua/flua.parser.tests/bin/debug/net8.0/flua.parser.tests.dll" id="8ca401d4-73e8-2216-59da-4cc641e70c7c">
      <Execution id="9015849d-76c4-4f82-a6b2-cc780db69ae5" />
      <TestMethod codeBase="/Users/bill/Repos/FLua/FLua.Parser.Tests/bin/Debug/net8.0/FLua.Parser.Tests.dll" adapterTypeName="executor://yolodev/expecto" className="Parser Tests.Statement Parser Tests.Basic Statements" name="return empty" />
    </UnitTest>
    <UnitTest name="Parser Tests.Statement Parser Tests.Control Flow Statements.Labels and Goto.goto statement" storage="/users/bill/repos/flua/flua.parser.tests/bin/debug/net8.0/flua.parser.tests.dll" id="93743fcd-e2c6-fcf8-1983-d6902911611b">
      <Execution id="d71ebbce-a1ec-448c-8646-64144a3f3edc" />
      <TestMethod codeBase="/Users/bill/Repos/FLua/FLua.Parser.Tests/bin/Debug/net8.0/FLua.Parser.Tests.dll" adapterTypeName="executor://yolodev/expecto" className="Parser Tests.Statement Parser Tests.Control Flow Statements.Labels and Goto" name="goto statement" />
    </UnitTest>
    <UnitTest name="Parser Tests.Statement Parser Tests.Integration Tests - Multiple Features.method call with table constructor" storage="/users/bill/repos/flua/flua.parser.tests/bin/debug/net8.0/flua.parser.tests.dll" id="c3b1ea7b-ede6-c7b9-1230-73a5ed747da0">
      <Execution id="261fb5e7-eac8-4076-a371-cdd4a1dbc526" />
      <TestMethod codeBase="/Users/bill/Repos/FLua/FLua.Parser.Tests/bin/Debug/net8.0/FLua.Parser.Tests.dll" adapterTypeName="executor://yolodev/expecto" className="Parser Tests.Statement Parser Tests.Integration Tests - Multiple Features" name="method call with table constructor" />
    </UnitTest>
    <UnitTest name="Parser Tests.Expression Parser Tests.Literals.decimal escape null" storage="/users/bill/repos/flua/flua.parser.tests/bin/debug/net8.0/flua.parser.tests.dll" id="b6013297-8c3d-783b-6fe1-bb174e228c37">
      <Execution id="3d5c8d94-dc00-4e5f-95b7-d1e6eb5810c8" />
      <TestMethod codeBase="/Users/bill/Repos/FLua/FLua.Parser.Tests/bin/Debug/net8.0/FLua.Parser.Tests.dll" adapterTypeName="executor://yolodev/expecto" className="Parser Tests.Expression Parser Tests.Literals" name="decimal escape null" />
    </UnitTest>
    <UnitTest name="Parser Tests.Expression Parser Tests.Table Access.chained bracket access" storage="/users/bill/repos/flua/flua.parser.tests/bin/debug/net8.0/flua.parser.tests.dll" id="abcd273c-5fb8-2e18-1f45-cd1c0a4ca70a">
      <Execution id="fef1c6d4-600e-47d8-99d5-1b585fdca8cd" />
      <TestMethod codeBase="/Users/bill/Repos/FLua/FLua.Parser.Tests/bin/Debug/net8.0/FLua.Parser.Tests.dll" adapterTypeName="executor://yolodev/expecto" className="Parser Tests.Expression Parser Tests.Table Access" name="chained bracket access" />
    </UnitTest>
    <UnitTest name="Parser Tests.Expression Parser Tests.Literals.single quote string" storage="/users/bill/repos/flua/flua.parser.tests/bin/debug/net8.0/flua.parser.tests.dll" id="906536ef-e98f-d22a-f50e-edb13761511c">
      <Execution id="2fa07768-3a9b-4248-8987-a540b2e92e0a" />
      <TestMethod codeBase="/Users/bill/Repos/FLua/FLua.Parser.Tests/bin/Debug/net8.0/FLua.Parser.Tests.dll" adapterTypeName="executor://yolodev/expecto" className="Parser Tests.Expression Parser Tests.Literals" name="single quote string" />
    </UnitTest>
    <UnitTest name="Parser Tests.Statement Parser Tests.Control Flow Statements.For Loops.numeric for with body" storage="/users/bill/repos/flua/flua.parser.tests/bin/debug/net8.0/flua.parser.tests.dll" id="ed26fc88-791f-1658-dbfa-7a48264cd0f8">
      <Execution id="5a0fec00-23ad-4332-85a2-a45f33bedde2" />
      <TestMethod codeBase="/Users/bill/Repos/FLua/FLua.Parser.Tests/bin/Debug/net8.0/FLua.Parser.Tests.dll" adapterTypeName="executor://yolodev/expecto" className="Parser Tests.Statement Parser Tests.Control Flow Statements.For Loops" name="numeric for with body" />
    </UnitTest>
    <UnitTest name="String escape sequences.Hex escape" storage="/users/bill/repos/flua/flua.parser.tests/bin/debug/net8.0/flua.parser.tests.dll" id="d3c442eb-a0af-517d-1486-3bae2dbdb273">
      <Execution id="64777768-93f8-42b5-97b0-d3881d15f5e2" />
      <TestMethod codeBase="/Users/bill/Repos/FLua/FLua.Parser.Tests/bin/Debug/net8.0/FLua.Parser.Tests.dll" adapterTypeName="executor://yolodev/expecto" className="String escape sequences" name="Hex escape" />
    </UnitTest>
    <UnitTest name="Parser Tests.Expression Parser Tests.Function Calls.no arguments" storage="/users/bill/repos/flua/flua.parser.tests/bin/debug/net8.0/flua.parser.tests.dll" id="176664cd-e332-31a2-9d05-82d737b12220">
      <Execution id="ce009c32-3845-4dda-9084-2ee712b6cb96" />
      <TestMethod codeBase="/Users/bill/Repos/FLua/FLua.Parser.Tests/bin/Debug/net8.0/FLua.Parser.Tests.dll" adapterTypeName="executor://yolodev/expecto" className="Parser Tests.Expression Parser Tests.Function Calls" name="no arguments" />
    </UnitTest>
    <UnitTest name="Parser Tests.Statement Parser Tests.Basic Statements.break statement" storage="/users/bill/repos/flua/flua.parser.tests/bin/debug/net8.0/flua.parser.tests.dll" id="5ac0815c-2cd0-83c8-4b20-9a9ca5bc58af">
      <Execution id="1a46f10c-f5a3-40c3-9e39-5024fecb535b" />
      <TestMethod codeBase="/Users/bill/Repos/FLua/FLua.Parser.Tests/bin/Debug/net8.0/FLua.Parser.Tests.dll" adapterTypeName="executor://yolodev/expecto" className="Parser Tests.Statement Parser Tests.Basic Statements" name="break statement" />
    </UnitTest>
    <UnitTest name="Parser Tests.Expression Parser Tests.Literals.unicode escape zero" storage="/users/bill/repos/flua/flua.parser.tests/bin/debug/net8.0/flua.parser.tests.dll" id="e6fd593e-8926-6b22-f12a-96430c0fbf2e">
      <Execution id="6c9c78a7-ffd7-41b3-a90a-1e9d5939577b" />
      <TestMethod codeBase="/Users/bill/Repos/FLua/FLua.Parser.Tests/bin/Debug/net8.0/FLua.Parser.Tests.dll" adapterTypeName="executor://yolodev/expecto" className="Parser Tests.Expression Parser Tests.Literals" name="unicode escape zero" />
    </UnitTest>
    <UnitTest name="Parser Tests.Expression Parser Tests.Parentheses.triple nested" storage="/users/bill/repos/flua/flua.parser.tests/bin/debug/net8.0/flua.parser.tests.dll" id="d6ad8503-abcd-d671-2bc8-4af4c4c0ff76">
      <Execution id="539146da-ff0e-4f00-8923-8ee17483240e" />
      <TestMethod codeBase="/Users/bill/Repos/FLua/FLua.Parser.Tests/bin/Debug/net8.0/FLua.Parser.Tests.dll" adapterTypeName="executor://yolodev/expecto" className="Parser Tests.Expression Parser Tests.Parentheses" name="triple nested" />
    </UnitTest>
    <UnitTest name="Parser Tests.Expression Parser Tests.String Concatenation.right associative" storage="/users/bill/repos/flua/flua.parser.tests/bin/debug/net8.0/flua.parser.tests.dll" id="300f6dee-6490-83f6-adc0-de2d0fa5816e">
      <Execution id="5bd27d9e-3bd4-4f54-832a-912e6ded76cb" />
      <TestMethod codeBase="/Users/bill/Repos/FLua/FLua.Parser.Tests/bin/Debug/net8.0/FLua.Parser.Tests.dll" adapterTypeName="executor://yolodev/expecto" className="Parser Tests.Expression Parser Tests.String Concatenation" name="right associative" />
    </UnitTest>
    <UnitTest name="Parser Tests.Expression Parser Tests.Comparison Operators.greater" storage="/users/bill/repos/flua/flua.parser.tests/bin/debug/net8.0/flua.parser.tests.dll" id="df226330-7aa0-8c33-1b47-375d91200853">
      <Execution id="3d09b6cd-64b3-4abc-ab47-f2ab188fd852" />
      <TestMethod codeBase="/Users/bill/Repos/FLua/FLua.Parser.Tests/bin/Debug/net8.0/FLua.Parser.Tests.dll" adapterTypeName="executor://yolodev/expecto" className="Parser Tests.Expression Parser Tests.Comparison Operators" name="greater" />
    </UnitTest>
    <UnitTest name="Parser Tests.Expression Parser Tests.Literals.escape double quote" storage="/users/bill/repos/flua/flua.parser.tests/bin/debug/net8.0/flua.parser.tests.dll" id="f198c2f2-d97d-2ebd-6b38-42f64079cc49">
      <Execution id="61ae699a-b116-4dc0-83ff-9fbb909e4ef8" />
      <TestMethod codeBase="/Users/bill/Repos/FLua/FLua.Parser.Tests/bin/Debug/net8.0/FLua.Parser.Tests.dll" adapterTypeName="executor://yolodev/expecto" className="Parser Tests.Expression Parser Tests.Literals" name="escape double quote" />
    </UnitTest>
    <UnitTest name="Parser Tests.Statement Parser Tests.Control Flow Statements.For Loops.numeric for basic" storage="/users/bill/repos/flua/flua.parser.tests/bin/debug/net8.0/flua.parser.tests.dll" id="04e7d918-25da-0f85-ac00-ebd526c020fb">
      <Execution id="aa27b69f-1d5b-4f9c-91cb-ff92840f4865" />
      <TestMethod codeBase="/Users/bill/Repos/FLua/FLua.Parser.Tests/bin/Debug/net8.0/FLua.Parser.Tests.dll" adapterTypeName="executor://yolodev/expecto" className="Parser Tests.Statement Parser Tests.Control Flow Statements.For Loops" name="numeric for basic" />
    </UnitTest>
    <UnitTest name="Parser Tests.Expression Parser Tests.Literals.literals.lua case 3" storage="/users/bill/repos/flua/flua.parser.tests/bin/debug/net8.0/flua.parser.tests.dll" id="825fd467-52f0-ebc3-102d-d554859cb5d0">
      <Execution id="0d07e11d-7371-40da-8c35-4a0ed3aefdbf" />
      <TestMethod codeBase="/Users/bill/Repos/FLua/FLua.Parser.Tests/bin/Debug/net8.0/FLua.Parser.Tests.dll" adapterTypeName="executor://yolodev/expecto" className="Parser Tests.Expression Parser Tests.Literals.literals" name="lua case 3" />
    </UnitTest>
    <UnitTest name="Parser Tests.Statement Parser Tests.Parser Fixes.Assignment vs Function Call Disambiguation.table access function call" storage="/users/bill/repos/flua/flua.parser.tests/bin/debug/net8.0/flua.parser.tests.dll" id="7b8d351e-949a-a562-6c8a-b72a61dc4e22">
      <Execution id="e952aa36-740e-4cb5-9936-3d88ce4560b3" />
      <TestMethod codeBase="/Users/bill/Repos/FLua/FLua.Parser.Tests/bin/Debug/net8.0/FLua.Parser.Tests.dll" adapterTypeName="executor://yolodev/expecto" className="Parser Tests.Statement Parser Tests.Parser Fixes.Assignment vs Function Call Disambiguation" name="table access function call" />
    </UnitTest>
    <UnitTest name="Parser Tests.Expression Parser Tests.Literals.negative hex integer" storage="/users/bill/repos/flua/flua.parser.tests/bin/debug/net8.0/flua.parser.tests.dll" id="f29bdae9-c01a-7137-ad74-65c73cf932a0">
      <Execution id="8c5e23a9-dee4-4c97-9f55-5ae10ab5367e" />
      <TestMethod codeBase="/Users/bill/Repos/FLua/FLua.Parser.Tests/bin/Debug/net8.0/FLua.Parser.Tests.dll" adapterTypeName="executor://yolodev/expecto" className="Parser Tests.Expression Parser Tests.Literals" name="negative hex integer" />
    </UnitTest>
    <UnitTest name="Parser Tests.Statement Parser Tests.Variable Attributes.Local Variable Attributes.local close variable" storage="/users/bill/repos/flua/flua.parser.tests/bin/debug/net8.0/flua.parser.tests.dll" id="551f761e-e349-7a4d-824e-ba9635e4feb9">
      <Execution id="b275095c-0126-4564-aade-c70149b2aee5" />
      <TestMethod codeBase="/Users/bill/Repos/FLua/FLua.Parser.Tests/bin/Debug/net8.0/FLua.Parser.Tests.dll" adapterTypeName="executor://yolodev/expecto" className="Parser Tests.Statement Parser Tests.Variable Attributes.Local Variable Attributes" name="local close variable" />
    </UnitTest>
    <UnitTest name="Hex literal parsing.Max Int64 value" storage="/users/bill/repos/flua/flua.parser.tests/bin/debug/net8.0/flua.parser.tests.dll" id="ca2684eb-4d89-488c-7145-809d378571ad">
      <Execution id="d9526465-803e-4980-bdaf-3f6b67a48e0e" />
      <TestMethod codeBase="/Users/bill/Repos/FLua/FLua.Parser.Tests/bin/Debug/net8.0/FLua.Parser.Tests.dll" adapterTypeName="executor://yolodev/expecto" className="Hex literal parsing" name="Max Int64 value" />
    </UnitTest>
    <UnitTest name="Parser Tests.Statement Parser Tests.Control Flow Statements.if with elseif" storage="/users/bill/repos/flua/flua.parser.tests/bin/debug/net8.0/flua.parser.tests.dll" id="e5732d60-3c29-5f54-625b-18b06e1698c9">
      <Execution id="d568ce23-1784-4e6e-9432-7e0c891a73bd" />
      <TestMethod codeBase="/Users/bill/Repos/FLua/FLua.Parser.Tests/bin/Debug/net8.0/FLua.Parser.Tests.dll" adapterTypeName="executor://yolodev/expecto" className="Parser Tests.Statement Parser Tests.Control Flow Statements" name="if with elseif" />
    </UnitTest>
    <UnitTest name="Parser Tests.Expression Parser Tests.Function Calls.nested function calls" storage="/users/bill/repos/flua/flua.parser.tests/bin/debug/net8.0/flua.parser.tests.dll" id="bccd6e78-8c25-27a8-f677-63c64669d165">
      <Execution id="a6fc84b4-740b-43d0-bcba-2411e0616613" />
      <TestMethod codeBase="/Users/bill/Repos/FLua/FLua.Parser.Tests/bin/Debug/net8.0/FLua.Parser.Tests.dll" adapterTypeName="executor://yolodev/expecto" className="Parser Tests.Expression Parser Tests.Function Calls" name="nested function calls" />
    </UnitTest>
    <UnitTest name="Scientific notation parsing.Negative exponent" storage="/users/bill/repos/flua/flua.parser.tests/bin/debug/net8.0/flua.parser.tests.dll" id="107fd52a-d610-16f7-d2b4-50729b7deaad">
      <Execution id="34a24076-ea3d-4361-9748-db6de77b132f" />
      <TestMethod codeBase="/Users/bill/Repos/FLua/FLua.Parser.Tests/bin/Debug/net8.0/FLua.Parser.Tests.dll" adapterTypeName="executor://yolodev/expecto" className="Scientific notation parsing" name="Negative exponent" />
    </UnitTest>
    <UnitTest name="Parser Tests.Expression Parser Tests.Literals.escape newline" storage="/users/bill/repos/flua/flua.parser.tests/bin/debug/net8.0/flua.parser.tests.dll" id="04ba60a7-0794-c732-2213-aafcbc4ed08e">
      <Execution id="5ce5d4a9-0747-4edd-9af2-82bb8927769c" />
      <TestMethod codeBase="/Users/bill/Repos/FLua/FLua.Parser.Tests/bin/Debug/net8.0/FLua.Parser.Tests.dll" adapterTypeName="executor://yolodev/expecto" className="Parser Tests.Expression Parser Tests.Literals" name="escape newline" />
    </UnitTest>
    <UnitTest name="Parser Tests.Expression Parser Tests.Identifiers.alphanumeric identifier" storage="/users/bill/repos/flua/flua.parser.tests/bin/debug/net8.0/flua.parser.tests.dll" id="fdcfdd08-e7ac-a1f9-5ac4-b193cd2e55be">
      <Execution id="5c7a2ec0-251b-49f8-a9da-5c7e711308e9" />
      <TestMethod codeBase="/Users/bill/Repos/FLua/FLua.Parser.Tests/bin/Debug/net8.0/FLua.Parser.Tests.dll" adapterTypeName="executor://yolodev/expecto" className="Parser Tests.Expression Parser Tests.Identifiers" name="alphanumeric identifier" />
    </UnitTest>
    <UnitTest name="Parser Tests.Expression Parser Tests.Function Expressions.function with params and vararg" storage="/users/bill/repos/flua/flua.parser.tests/bin/debug/net8.0/flua.parser.tests.dll" id="adbea6d5-a912-6bd3-599d-7bd4f6b0b166">
      <Execution id="60d05727-2e10-4da9-ba8d-ab62b4c69b01" />
      <TestMethod codeBase="/Users/bill/Repos/FLua/FLua.Parser.Tests/bin/Debug/net8.0/FLua.Parser.Tests.dll" adapterTypeName="executor://yolodev/expecto" className="Parser Tests.Expression Parser Tests.Function Expressions" name="function with params and vararg" />
    </UnitTest>
    <UnitTest name="Parser Tests.Expression Parser Tests.Comparison Operators.equal" storage="/users/bill/repos/flua/flua.parser.tests/bin/debug/net8.0/flua.parser.tests.dll" id="2f3f10ea-dadb-86ef-4da9-f3e8ca2875bf">
      <Execution id="dbd108a3-1b8a-49ba-bb2d-f6020a6cb091" />
      <TestMethod codeBase="/Users/bill/Repos/FLua/FLua.Parser.Tests/bin/Debug/net8.0/FLua.Parser.Tests.dll" adapterTypeName="executor://yolodev/expecto" className="Parser Tests.Expression Parser Tests.Comparison Operators" name="equal" />
    </UnitTest>
    <UnitTest name="Function call parsing.Call with string literal (no parens)" storage="/users/bill/repos/flua/flua.parser.tests/bin/debug/net8.0/flua.parser.tests.dll" id="e49a374f-44a9-aa9d-355d-21ac7439d26a">
      <Execution id="d6b3b60e-76c5-4980-843b-27df894ed702" />
      <TestMethod codeBase="/Users/bill/Repos/FLua/FLua.Parser.Tests/bin/Debug/net8.0/FLua.Parser.Tests.dll" adapterTypeName="executor://yolodev/expecto" className="Function call parsing" name="Call with string literal (no parens)" />
    </UnitTest>
    <UnitTest name="Parser Tests.Statement Parser Tests.Control Flow Statements.Function Definitions.function with vararg" storage="/users/bill/repos/flua/flua.parser.tests/bin/debug/net8.0/flua.parser.tests.dll" id="d1a34dd5-f580-23eb-b44e-ee2c966b1def">
      <Execution id="69d2b3b5-aff5-4662-9867-c68385325f0d" />
      <TestMethod codeBase="/Users/bill/Repos/FLua/FLua.Parser.Tests/bin/Debug/net8.0/FLua.Parser.Tests.dll" adapterTypeName="executor://yolodev/expecto" className="Parser Tests.Statement Parser Tests.Control Flow Statements.Function Definitions" name="function with vararg" />
    </UnitTest>
    <UnitTest name="Parser Tests.Expression Parser Tests.Edge Cases.mixed data types" storage="/users/bill/repos/flua/flua.parser.tests/bin/debug/net8.0/flua.parser.tests.dll" id="8172ea32-9774-17c0-293a-0ca21dc5cce3">
      <Execution id="d707eef7-3b39-43a3-9408-aca15704e737" />
      <TestMethod codeBase="/Users/bill/Repos/FLua/FLua.Parser.Tests/bin/Debug/net8.0/FLua.Parser.Tests.dll" adapterTypeName="executor://yolodev/expecto" className="Parser Tests.Expression Parser Tests.Edge Cases" name="mixed data types" />
    </UnitTest>
    <UnitTest name="Parser Tests.Expression Parser Tests.Literals.unicode escape A" storage="/users/bill/repos/flua/flua.parser.tests/bin/debug/net8.0/flua.parser.tests.dll" id="a4cab702-ac88-7d1a-c836-d98380cd86ed">
      <Execution id="85f397d7-dc33-4d1d-b67d-ad8e6d218e90" />
      <TestMethod codeBase="/Users/bill/Repos/FLua/FLua.Parser.Tests/bin/Debug/net8.0/FLua.Parser.Tests.dll" adapterTypeName="executor://yolodev/expecto" className="Parser Tests.Expression Parser Tests.Literals" name="unicode escape A" />
    </UnitTest>
    <UnitTest name="Parser Tests.Expression Parser Tests.Method Calls.chained method calls" storage="/users/bill/repos/flua/flua.parser.tests/bin/debug/net8.0/flua.parser.tests.dll" id="28ddcac7-99bc-77c0-4dc8-ebd403fecbf6">
      <Execution id="1932c23e-a3ca-48f3-89a2-92b051587682" />
      <TestMethod codeBase="/Users/bill/Repos/FLua/FLua.Parser.Tests/bin/Debug/net8.0/FLua.Parser.Tests.dll" adapterTypeName="executor://yolodev/expecto" className="Parser Tests.Expression Parser Tests.Method Calls" name="chained method calls" />
    </UnitTest>
    <UnitTest name="Identifier parsing.Underscore as identifier" storage="/users/bill/repos/flua/flua.parser.tests/bin/debug/net8.0/flua.parser.tests.dll" id="763c96db-6624-3c72-6180-fc6aded732d6">
      <Execution id="b2df2419-25fe-402c-971d-69a6676f8dee" />
      <TestMethod codeBase="/Users/bill/Repos/FLua/FLua.Parser.Tests/bin/Debug/net8.0/FLua.Parser.Tests.dll" adapterTypeName="executor://yolodev/expecto" className="Identifier parsing" name="Underscore as identifier" />
    </UnitTest>
    <UnitTest name="Parser Tests.Statement Parser Tests.Parser Fixes.Table Assignment at Statement Level (Fixed).chained table assignment" storage="/users/bill/repos/flua/flua.parser.tests/bin/debug/net8.0/flua.parser.tests.dll" id="50787197-3318-8798-72b6-de8685990f85">
      <Execution id="4d1c8d79-a718-4816-8133-4175adcebf2f" />
      <TestMethod codeBase="/Users/bill/Repos/FLua/FLua.Parser.Tests/bin/Debug/net8.0/FLua.Parser.Tests.dll" adapterTypeName="executor://yolodev/expecto" className="Parser Tests.Statement Parser Tests.Parser Fixes.Table Assignment at Statement Level (Fixed)" name="chained table assignment" />
    </UnitTest>
    <UnitTest name="Parser Tests.Expression Parser Tests.Literals.boolean true" storage="/users/bill/repos/flua/flua.parser.tests/bin/debug/net8.0/flua.parser.tests.dll" id="79d5918b-926d-0485-ef83-d1e8dd4fbb4d">
      <Execution id="b4f04e01-a976-4c43-a31d-5aedf06055e3" />
      <TestMethod codeBase="/Users/bill/Repos/FLua/FLua.Parser.Tests/bin/Debug/net8.0/FLua.Parser.Tests.dll" adapterTypeName="executor://yolodev/expecto" className="Parser Tests.Expression Parser Tests.Literals" name="boolean true" />
    </UnitTest>
    <UnitTest name="Operator precedence.Arithmetic precedence" storage="/users/bill/repos/flua/flua.parser.tests/bin/debug/net8.0/flua.parser.tests.dll" id="7254bc38-d0ef-97ce-6b01-c2b0df4e1184">
      <Execution id="459dff17-c1d7-4aa7-9cde-7c4299446bc9" />
      <TestMethod codeBase="/Users/bill/Repos/FLua/FLua.Parser.Tests/bin/Debug/net8.0/FLua.Parser.Tests.dll" adapterTypeName="executor://yolodev/expecto" className="Operator precedence" name="Arithmetic precedence" />
    </UnitTest>
    <UnitTest name="Parser Tests.Expression Parser Tests.Method Calls.method with single arg" storage="/users/bill/repos/flua/flua.parser.tests/bin/debug/net8.0/flua.parser.tests.dll" id="13e04fc6-8833-a314-b97b-622e7e4d78bc">
      <Execution id="134a020b-cfdb-46a2-a7cc-340f323e70d0" />
      <TestMethod codeBase="/Users/bill/Repos/FLua/FLua.Parser.Tests/bin/Debug/net8.0/FLua.Parser.Tests.dll" adapterTypeName="executor://yolodev/expecto" className="Parser Tests.Expression Parser Tests.Method Calls" name="method with single arg" />
    </UnitTest>
    <UnitTest name="Parser Tests.Expression Parser Tests.Literals.line continuation basic" storage="/users/bill/repos/flua/flua.parser.tests/bin/debug/net8.0/flua.parser.tests.dll" id="e75832d6-d2ab-78bd-b121-c76c19fe297c">
      <Execution id="01811193-c965-487c-9c53-0117a91d31c1" />
      <TestMethod codeBase="/Users/bill/Repos/FLua/FLua.Parser.Tests/bin/Debug/net8.0/FLua.Parser.Tests.dll" adapterTypeName="executor://yolodev/expecto" className="Parser Tests.Expression Parser Tests.Literals" name="line continuation basic" />
    </UnitTest>
    <UnitTest name="Parser Tests.Statement Parser Tests.Parser Fixes.Table Access in Binary Expressions (Fixed).table access addition" storage="/users/bill/repos/flua/flua.parser.tests/bin/debug/net8.0/flua.parser.tests.dll" id="31f49240-24a2-0e5e-c8c3-739b4d81c6d7">
      <Execution id="cb7ba019-15b0-4788-a81e-b8ab69661cbb" />
      <TestMethod codeBase="/Users/bill/Repos/FLua/FLua.Parser.Tests/bin/Debug/net8.0/FLua.Parser.Tests.dll" adapterTypeName="executor://yolodev/expecto" className="Parser Tests.Statement Parser Tests.Parser Fixes.Table Access in Binary Expressions (Fixed)" name="table access addition" />
    </UnitTest>
    <UnitTest name="Parser Tests.Statement Parser Tests.Control Flow Statements.simple if" storage="/users/bill/repos/flua/flua.parser.tests/bin/debug/net8.0/flua.parser.tests.dll" id="63187717-8e00-caba-40f9-a91ffcda26a1">
      <Execution id="b6e27fac-30a6-4ae7-8acb-7bba63e23380" />
      <TestMethod codeBase="/Users/bill/Repos/FLua/FLua.Parser.Tests/bin/Debug/net8.0/FLua.Parser.Tests.dll" adapterTypeName="executor://yolodev/expecto" className="Parser Tests.Statement Parser Tests.Control Flow Statements" name="simple if" />
    </UnitTest>
    <UnitTest name="Parser Tests.Expression Parser Tests.Logical Operators.or" storage="/users/bill/repos/flua/flua.parser.tests/bin/debug/net8.0/flua.parser.tests.dll" id="b2106cab-7252-8e78-56a6-4549da11719c">
      <Execution id="01188f65-1d88-4ef8-99ea-7f82a1937dc0" />
      <TestMethod codeBase="/Users/bill/Repos/FLua/FLua.Parser.Tests/bin/Debug/net8.0/FLua.Parser.Tests.dll" adapterTypeName="executor://yolodev/expecto" className="Parser Tests.Expression Parser Tests.Logical Operators" name="or" />
    </UnitTest>
    <UnitTest name="Generic for loop parsing.Standard syntax with parentheses" storage="/users/bill/repos/flua/flua.parser.tests/bin/debug/net8.0/flua.parser.tests.dll" id="5cb5360f-8333-646e-ca46-79420386605a">
      <Execution id="bf3acbe8-09fe-4d2e-ad2c-d45faaefad40" />
      <TestMethod codeBase="/Users/bill/Repos/FLua/FLua.Parser.Tests/bin/Debug/net8.0/FLua.Parser.Tests.dll" adapterTypeName="executor://yolodev/expecto" className="Generic for loop parsing" name="Standard syntax with parentheses" />
    </UnitTest>
    <UnitTest name="Parser Tests.Expression Parser Tests.Parentheses.nested parentheses" storage="/users/bill/repos/flua/flua.parser.tests/bin/debug/net8.0/flua.parser.tests.dll" id="1c24d863-fa07-deb5-4fb7-f467d466cb55">
      <Execution id="93677286-91c4-48c8-9803-e30a2c671656" />
      <TestMethod codeBase="/Users/bill/Repos/FLua/FLua.Parser.Tests/bin/Debug/net8.0/FLua.Parser.Tests.dll" adapterTypeName="executor://yolodev/expecto" className="Parser Tests.Expression Parser Tests.Parentheses" name="nested parentheses" />
    </UnitTest>
    <UnitTest name="Parser Tests.Statement Parser Tests.Control Flow Statements.while loop" storage="/users/bill/repos/flua/flua.parser.tests/bin/debug/net8.0/flua.parser.tests.dll" id="61aaf27a-5745-0675-9d0e-4fbe43a5a884">
      <Execution id="bcedcd85-bb21-4bd2-9e15-25bad5d6c66e" />
      <TestMethod codeBase="/Users/bill/Repos/FLua/FLua.Parser.Tests/bin/Debug/net8.0/FLua.Parser.Tests.dll" adapterTypeName="executor://yolodev/expecto" className="Parser Tests.Statement Parser Tests.Control Flow Statements" name="while loop" />
    </UnitTest>
    <UnitTest name="Parser Tests.Statement Parser Tests.Integration Tests - Multiple Features.chained method calls with table access" storage="/users/bill/repos/flua/flua.parser.tests/bin/debug/net8.0/flua.parser.tests.dll" id="3d0a5188-5277-1639-d400-b007191338ee">
      <Execution id="c8c3b6de-3ec2-4c26-b8ce-bb563b17f9e9" />
      <TestMethod codeBase="/Users/bill/Repos/FLua/FLua.Parser.Tests/bin/Debug/net8.0/FLua.Parser.Tests.dll" adapterTypeName="executor://yolodev/expecto" className="Parser Tests.Statement Parser Tests.Integration Tests - Multiple Features" name="chained method calls with table access" />
    </UnitTest>
    <UnitTest name="Parser Tests.Expression Parser Tests.Method Calls.method with expression args" storage="/users/bill/repos/flua/flua.parser.tests/bin/debug/net8.0/flua.parser.tests.dll" id="1709b4f3-8a8f-5c39-8a35-941bd3a74a13">
      <Execution id="f9cf59cc-9ec5-4a40-a78c-ec948df6b838" />
      <TestMethod codeBase="/Users/bill/Repos/FLua/FLua.Parser.Tests/bin/Debug/net8.0/FLua.Parser.Tests.dll" adapterTypeName="executor://yolodev/expecto" className="Parser Tests.Expression Parser Tests.Method Calls" name="method with expression args" />
    </UnitTest>
    <UnitTest name="Parser Tests.Expression Parser Tests.Power Operator.simple power" storage="/users/bill/repos/flua/flua.parser.tests/bin/debug/net8.0/flua.parser.tests.dll" id="f8e7b8a6-9a5d-992c-06a6-7db03c0015d3">
      <Execution id="682b80fc-f88c-4189-8d93-fe46e178d9b4" />
      <TestMethod codeBase="/Users/bill/Repos/FLua/FLua.Parser.Tests/bin/Debug/net8.0/FLua.Parser.Tests.dll" adapterTypeName="executor://yolodev/expecto" className="Parser Tests.Expression Parser Tests.Power Operator" name="simple power" />
    </UnitTest>
    <UnitTest name="Parser Tests.Expression Parser Tests.Comparison Operators.greater equal" storage="/users/bill/repos/flua/flua.parser.tests/bin/debug/net8.0/flua.parser.tests.dll" id="7de23b8f-ae41-29e1-9984-ffa5121128b2">
      <Execution id="4a9e9106-2b42-43a2-81f9-f4e860e4f3e7" />
      <TestMethod codeBase="/Users/bill/Repos/FLua/FLua.Parser.Tests/bin/Debug/net8.0/FLua.Parser.Tests.dll" adapterTypeName="executor://yolodev/expecto" className="Parser Tests.Expression Parser Tests.Comparison Operators" name="greater equal" />
    </UnitTest>
    <UnitTest name="Parser Tests.Expression Parser Tests.Literals.line continuation empty" storage="/users/bill/repos/flua/flua.parser.tests/bin/debug/net8.0/flua.parser.tests.dll" id="556ee242-82d6-10d0-ca79-6cc9ec701327">
      <Execution id="cf66849c-096d-408f-8a70-9cafb270108f" />
      <TestMethod codeBase="/Users/bill/Repos/FLua/FLua.Parser.Tests/bin/Debug/net8.0/FLua.Parser.Tests.dll" adapterTypeName="executor://yolodev/expecto" className="Parser Tests.Expression Parser Tests.Literals" name="line continuation empty" />
    </UnitTest>
    <UnitTest name="Parser Tests.Statement Parser Tests.Parser Fixes.Complex Assignment Patterns.assignment with table constructor key" storage="/users/bill/repos/flua/flua.parser.tests/bin/debug/net8.0/flua.parser.tests.dll" id="61b22050-97ad-20ac-89ce-f3b72a5a8e5a">
      <Execution id="629439cd-05de-4612-aaa8-cf73056b2778" />
      <TestMethod codeBase="/Users/bill/Repos/FLua/FLua.Parser.Tests/bin/Debug/net8.0/FLua.Parser.Tests.dll" adapterTypeName="executor://yolodev/expecto" className="Parser Tests.Statement Parser Tests.Parser Fixes.Complex Assignment Patterns" name="assignment with table constructor key" />
    </UnitTest>
    <UnitTest name="Parser Tests.Expression Parser Tests.Unary Operators.not" storage="/users/bill/repos/flua/flua.parser.tests/bin/debug/net8.0/flua.parser.tests.dll" id="bf42d420-5348-a17d-f0f1-75c223705f03">
      <Execution id="0f301502-7fad-4bab-95b4-1ad8f44ab0c6" />
      <TestMethod codeBase="/Users/bill/Repos/FLua/FLua.Parser.Tests/bin/Debug/net8.0/FLua.Parser.Tests.dll" adapterTypeName="executor://yolodev/expecto" className="Parser Tests.Expression Parser Tests.Unary Operators" name="not" />
    </UnitTest>
    <UnitTest name="Parser Tests.Statement Parser Tests.Variable Attributes.Local Variable Attributes.multiple variables with mixed attributes" storage="/users/bill/repos/flua/flua.parser.tests/bin/debug/net8.0/flua.parser.tests.dll" id="436116f5-bf6c-9584-a37a-ff3cdf214fe2">
      <Execution id="167e2d34-5f1d-4f6a-80d4-abcf37178fb9" />
      <TestMethod codeBase="/Users/bill/Repos/FLua/FLua.Parser.Tests/bin/Debug/net8.0/FLua.Parser.Tests.dll" adapterTypeName="executor://yolodev/expecto" className="Parser Tests.Statement Parser Tests.Variable Attributes.Local Variable Attributes" name="multiple variables with mixed attributes" />
    </UnitTest>
    <UnitTest name="Parser Tests.Expression Parser Tests.Function Calls.multiple arguments" storage="/users/bill/repos/flua/flua.parser.tests/bin/debug/net8.0/flua.parser.tests.dll" id="3c0e3cca-3008-f566-244c-afe831eddad2">
      <Execution id="14390824-6341-48b1-aaa7-1f0484be6110" />
      <TestMethod codeBase="/Users/bill/Repos/FLua/FLua.Parser.Tests/bin/Debug/net8.0/FLua.Parser.Tests.dll" adapterTypeName="executor://yolodev/expecto" className="Parser Tests.Expression Parser Tests.Function Calls" name="multiple arguments" />
    </UnitTest>
    <UnitTest name="Parser Tests.Expression Parser Tests.Function Expressions.function with parameters" storage="/users/bill/repos/flua/flua.parser.tests/bin/debug/net8.0/flua.parser.tests.dll" id="01230dda-dd09-14e4-5ba7-6cc5a66146fe">
      <Execution id="a5489d84-04f8-4c48-ac6b-b56756be5a86" />
      <TestMethod codeBase="/Users/bill/Repos/FLua/FLua.Parser.Tests/bin/Debug/net8.0/FLua.Parser.Tests.dll" adapterTypeName="executor://yolodev/expecto" className="Parser Tests.Expression Parser Tests.Function Expressions" name="function with parameters" />
    </UnitTest>
    <UnitTest name="Parser Tests.Expression Parser Tests.Logical Operators.and" storage="/users/bill/repos/flua/flua.parser.tests/bin/debug/net8.0/flua.parser.tests.dll" id="91cc1712-5c7e-8346-f0fe-787746e3c609">
      <Execution id="e9348e51-a0bd-48d5-a8dd-779457d5013a" />
      <TestMethod codeBase="/Users/bill/Repos/FLua/FLua.Parser.Tests/bin/Debug/net8.0/FLua.Parser.Tests.dll" adapterTypeName="executor://yolodev/expecto" className="Parser Tests.Expression Parser Tests.Logical Operators" name="and" />
    </UnitTest>
    <UnitTest name="Parser Tests.Expression Parser Tests.Multiplicative Operators.left associative" storage="/users/bill/repos/flua/flua.parser.tests/bin/debug/net8.0/flua.parser.tests.dll" id="51ca660f-46f5-4f0b-f9eb-b6d216c6a4a2">
      <Execution id="ff32b65e-5acf-4faf-b78b-c433235d8da5" />
      <TestMethod codeBase="/Users/bill/Repos/FLua/FLua.Parser.Tests/bin/Debug/net8.0/FLua.Parser.Tests.dll" adapterTypeName="executor://yolodev/expecto" className="Parser Tests.Expression Parser Tests.Multiplicative Operators" name="left associative" />
    </UnitTest>
    <UnitTest name="Parser Tests.Expression Parser Tests.Table Access.mixed access" storage="/users/bill/repos/flua/flua.parser.tests/bin/debug/net8.0/flua.parser.tests.dll" id="1a7858ec-7b00-19e3-8d93-b0573ac54671">
      <Execution id="8c620bd3-2289-460a-a375-4dabcf9c7aa1" />
      <TestMethod codeBase="/Users/bill/Repos/FLua/FLua.Parser.Tests/bin/Debug/net8.0/FLua.Parser.Tests.dll" adapterTypeName="executor://yolodev/expecto" className="Parser Tests.Expression Parser Tests.Table Access" name="mixed access" />
    </UnitTest>
    <UnitTest name="Parser Tests.Expression Parser Tests.Function Calls.function call in expression" storage="/users/bill/repos/flua/flua.parser.tests/bin/debug/net8.0/flua.parser.tests.dll" id="fc7a0a39-6e21-813b-9448-b0a212a69660">
      <Execution id="0915540b-4176-424a-baa7-c9b13c7c9730" />
      <TestMethod codeBase="/Users/bill/Repos/FLua/FLua.Parser.Tests/bin/Debug/net8.0/FLua.Parser.Tests.dll" adapterTypeName="executor://yolodev/expecto" className="Parser Tests.Expression Parser Tests.Function Calls" name="function call in expression" />
    </UnitTest>
    <UnitTest name="Parser Tests.Statement Parser Tests.Control Flow Statements.For Loops.generic for with body" storage="/users/bill/repos/flua/flua.parser.tests/bin/debug/net8.0/flua.parser.tests.dll" id="a65bf685-fa17-2ecf-1f83-09acfe0e037c">
      <Execution id="1959d450-efe4-44e5-8e5c-27750578ac9c" />
      <TestMethod codeBase="/Users/bill/Repos/FLua/FLua.Parser.Tests/bin/Debug/net8.0/FLua.Parser.Tests.dll" adapterTypeName="executor://yolodev/expecto" className="Parser Tests.Statement Parser Tests.Control Flow Statements.For Loops" name="generic for with body" />
    </UnitTest>
    <UnitTest name="Decimal number parsing.Numbers ending with dot" storage="/users/bill/repos/flua/flua.parser.tests/bin/debug/net8.0/flua.parser.tests.dll" id="a70297cb-b828-e320-a622-e744839b447c">
      <Execution id="fc07a444-1527-4a11-ba49-89a4a3f95dd1" />
      <TestMethod codeBase="/Users/bill/Repos/FLua/FLua.Parser.Tests/bin/Debug/net8.0/FLua.Parser.Tests.dll" adapterTypeName="executor://yolodev/expecto" className="Decimal number parsing" name="Numbers ending with dot" />
    </UnitTest>
    <UnitTest name="Parser Tests.Expression Parser Tests.Table Access.table access with function call" storage="/users/bill/repos/flua/flua.parser.tests/bin/debug/net8.0/flua.parser.tests.dll" id="237acf57-c5fc-ca6c-3440-3d76add45b48">
      <Execution id="d625df0e-4adb-4b78-a80d-ad0eb7cc288f" />
      <TestMethod codeBase="/Users/bill/Repos/FLua/FLua.Parser.Tests/bin/Debug/net8.0/FLua.Parser.Tests.dll" adapterTypeName="executor://yolodev/expecto" className="Parser Tests.Expression Parser Tests.Table Access" name="table access with function call" />
    </UnitTest>
    <UnitTest name="Parser Tests.Expression Parser Tests.Table Constructors.Complex Examples.table with function calls" storage="/users/bill/repos/flua/flua.parser.tests/bin/debug/net8.0/flua.parser.tests.dll" id="77611967-c39f-23b1-340b-615b960040c1">
      <Execution id="1d7a3940-ff5a-4eb9-8386-8e6d634e600c" />
      <TestMethod codeBase="/Users/bill/Repos/FLua/FLua.Parser.Tests/bin/Debug/net8.0/FLua.Parser.Tests.dll" adapterTypeName="executor://yolodev/expecto" className="Parser Tests.Expression Parser Tests.Table Constructors.Complex Examples" name="table with function calls" />
    </UnitTest>
    <UnitTest name="Parser Tests.Expression Parser Tests.Method Calls.method call with long string with space" storage="/users/bill/repos/flua/flua.parser.tests/bin/debug/net8.0/flua.parser.tests.dll" id="19a77eda-136e-3711-6b1c-4a0ca92ae853">
      <Execution id="3c444bd6-13e6-4f84-b17d-5cf1ea3afd6e" />
      <TestMethod codeBase="/Users/bill/Repos/FLua/FLua.Parser.Tests/bin/Debug/net8.0/FLua.Parser.Tests.dll" adapterTypeName="executor://yolodev/expecto" className="Parser Tests.Expression Parser Tests.Method Calls" name="method call with long string with space" />
    </UnitTest>
    <UnitTest name="Parser Tests.Statement Parser Tests.Control Flow Statements.if with elseif and else" storage="/users/bill/repos/flua/flua.parser.tests/bin/debug/net8.0/flua.parser.tests.dll" id="32c198b5-8ae6-5eaa-e3d6-53da2a126eff">
      <Execution id="195e03db-fe1c-4aa1-bee7-18b202316647" />
      <TestMethod codeBase="/Users/bill/Repos/FLua/FLua.Parser.Tests/bin/Debug/net8.0/FLua.Parser.Tests.dll" adapterTypeName="executor://yolodev/expecto" className="Parser Tests.Statement Parser Tests.Control Flow Statements" name="if with elseif and else" />
    </UnitTest>
    <UnitTest name="Parser Tests.Statement Parser Tests.Parser Fixes.Table Assignment at Statement Level (Fixed).table index assignment" storage="/users/bill/repos/flua/flua.parser.tests/bin/debug/net8.0/flua.parser.tests.dll" id="de963660-c9b7-1271-b4b4-cb536cfbd754">
      <Execution id="a4a61dfb-346d-4596-9d24-0400b6e39f86" />
      <TestMethod codeBase="/Users/bill/Repos/FLua/FLua.Parser.Tests/bin/Debug/net8.0/FLua.Parser.Tests.dll" adapterTypeName="executor://yolodev/expecto" className="Parser Tests.Statement Parser Tests.Parser Fixes.Table Assignment at Statement Level (Fixed)" name="table index assignment" />
    </UnitTest>
    <UnitTest name="Parser Tests.Expression Parser Tests.Literals.decimal escape two digits" storage="/users/bill/repos/flua/flua.parser.tests/bin/debug/net8.0/flua.parser.tests.dll" id="f1daec19-81ab-0a86-67a4-55383baf385f">
      <Execution id="528a1a8d-d220-42e9-9d18-01b219783404" />
      <TestMethod codeBase="/Users/bill/Repos/FLua/FLua.Parser.Tests/bin/Debug/net8.0/FLua.Parser.Tests.dll" adapterTypeName="executor://yolodev/expecto" className="Parser Tests.Expression Parser Tests.Literals" name="decimal escape two digits" />
    </UnitTest>
    <UnitTest name="Parser Tests.Expression Parser Tests.Literals.escape carriage return" storage="/users/bill/repos/flua/flua.parser.tests/bin/debug/net8.0/flua.parser.tests.dll" id="7629efc5-22c4-69dc-f7ed-95c284f64f2c">
      <Execution id="c87de7e7-5123-4a14-9bde-b011578c8557" />
      <TestMethod codeBase="/Users/bill/Repos/FLua/FLua.Parser.Tests/bin/Debug/net8.0/FLua.Parser.Tests.dll" adapterTypeName="executor://yolodev/expecto" className="Parser Tests.Expression Parser Tests.Literals" name="escape carriage return" />
    </UnitTest>
    <UnitTest name="Parser Tests.Expression Parser Tests.Literals.decimal escape with following digit" storage="/users/bill/repos/flua/flua.parser.tests/bin/debug/net8.0/flua.parser.tests.dll" id="9c232a12-9174-3ded-7f7f-f119a1bec44c">
      <Execution id="7332c163-c510-4768-9502-f6456430e4c4" />
      <TestMethod codeBase="/Users/bill/Repos/FLua/FLua.Parser.Tests/bin/Debug/net8.0/FLua.Parser.Tests.dll" adapterTypeName="executor://yolodev/expecto" className="Parser Tests.Expression Parser Tests.Literals" name="decimal escape with following digit" />
    </UnitTest>
    <UnitTest name="Parser Tests.Statement Parser Tests.Control Flow Statements.simple if with statement" storage="/users/bill/repos/flua/flua.parser.tests/bin/debug/net8.0/flua.parser.tests.dll" id="a2ad77d5-a223-490a-1277-8c00d5248cb1">
      <Execution id="a21c2b12-f9a0-4af9-84b0-6c156ae68387" />
      <TestMethod codeBase="/Users/bill/Repos/FLua/FLua.Parser.Tests/bin/Debug/net8.0/FLua.Parser.Tests.dll" adapterTypeName="executor://yolodev/expecto" className="Parser Tests.Statement Parser Tests.Control Flow Statements" name="simple if with statement" />
    </UnitTest>
    <UnitTest name="Parser Tests.Statement Parser Tests.Basic Statements.local declaration" storage="/users/bill/repos/flua/flua.parser.tests/bin/debug/net8.0/flua.parser.tests.dll" id="e914e3fe-73be-d3f9-019e-573e777a6b58">
      <Execution id="750b27ad-e565-43ae-9e77-94f012c0fa0d" />
      <TestMethod codeBase="/Users/bill/Repos/FLua/FLua.Parser.Tests/bin/Debug/net8.0/FLua.Parser.Tests.dll" adapterTypeName="executor://yolodev/expecto" className="Parser Tests.Statement Parser Tests.Basic Statements" name="local declaration" />
    </UnitTest>
    <UnitTest name="Parser Tests.Expression Parser Tests.Literals.escape backspace" storage="/users/bill/repos/flua/flua.parser.tests/bin/debug/net8.0/flua.parser.tests.dll" id="dd87e8f5-47dd-63a5-b069-c24fab3a48d5">
      <Execution id="cc265d05-d169-4795-b1a6-bf31701d3553" />
      <TestMethod codeBase="/Users/bill/Repos/FLua/FLua.Parser.Tests/bin/Debug/net8.0/FLua.Parser.Tests.dll" adapterTypeName="executor://yolodev/expecto" className="Parser Tests.Expression Parser Tests.Literals" name="escape backspace" />
    </UnitTest>
    <UnitTest name="Function call parsing.Call with table constructor (no parens)" storage="/users/bill/repos/flua/flua.parser.tests/bin/debug/net8.0/flua.parser.tests.dll" id="f3bed39f-48ad-33ee-e5db-7f7f6353e59e">
      <Execution id="4a4e4144-2c66-41e0-aeb3-94d3a3eb1005" />
      <TestMethod codeBase="/Users/bill/Repos/FLua/FLua.Parser.Tests/bin/Debug/net8.0/FLua.Parser.Tests.dll" adapterTypeName="executor://yolodev/expecto" className="Function call parsing" name="Call with table constructor (no parens)" />
    </UnitTest>
    <UnitTest name="Parser Tests.Expression Parser Tests.Whitespace Handling.no spaces" storage="/users/bill/repos/flua/flua.parser.tests/bin/debug/net8.0/flua.parser.tests.dll" id="7bc1d170-f1b7-3e2b-5aa9-100d068bc770">
      <Execution id="4610f09a-8bec-4cbe-966a-dfaa14665733" />
      <TestMethod codeBase="/Users/bill/Repos/FLua/FLua.Parser.Tests/bin/Debug/net8.0/FLua.Parser.Tests.dll" adapterTypeName="executor://yolodev/expecto" className="Parser Tests.Expression Parser Tests.Whitespace Handling" name="no spaces" />
    </UnitTest>
    <UnitTest name="Parser Tests.Expression Parser Tests.Literals.negative hex float" storage="/users/bill/repos/flua/flua.parser.tests/bin/debug/net8.0/flua.parser.tests.dll" id="a5c15af2-bd63-9071-a28b-992426b66362">
      <Execution id="0a333407-566d-4018-859c-29b62776864e" />
      <TestMethod codeBase="/Users/bill/Repos/FLua/FLua.Parser.Tests/bin/Debug/net8.0/FLua.Parser.Tests.dll" adapterTypeName="executor://yolodev/expecto" className="Parser Tests.Expression Parser Tests.Literals" name="negative hex float" />
    </UnitTest>
    <UnitTest name="Parser Tests.Statement Parser Tests.Variable Attributes.Generic For Attributes.generic for with const variable" storage="/users/bill/repos/flua/flua.parser.tests/bin/debug/net8.0/flua.parser.tests.dll" id="f720ad31-ae74-79e7-22fb-fd540fe1e410">
      <Execution id="0382f06a-3c9b-4822-8509-65ccb56557e1" />
      <TestMethod codeBase="/Users/bill/Repos/FLua/FLua.Parser.Tests/bin/Debug/net8.0/FLua.Parser.Tests.dll" adapterTypeName="executor://yolodev/expecto" className="Parser Tests.Statement Parser Tests.Variable Attributes.Generic For Attributes" name="generic for with const variable" />
    </UnitTest>
    <UnitTest name="Parser Tests.Expression Parser Tests.Method Calls.method call with long string multiline" storage="/users/bill/repos/flua/flua.parser.tests/bin/debug/net8.0/flua.parser.tests.dll" id="c1a072c2-ee01-a7ae-6887-46b271e84c2b">
      <Execution id="427dc202-3c52-4ba3-b325-64a96433f980" />
      <TestMethod codeBase="/Users/bill/Repos/FLua/FLua.Parser.Tests/bin/Debug/net8.0/FLua.Parser.Tests.dll" adapterTypeName="executor://yolodev/expecto" className="Parser Tests.Expression Parser Tests.Method Calls" name="method call with long string multiline" />
    </UnitTest>
    <UnitTest name="Parser Tests.Statement Parser Tests.Control Flow Statements.Labels and Goto.simple label" storage="/users/bill/repos/flua/flua.parser.tests/bin/debug/net8.0/flua.parser.tests.dll" id="f56c348e-07a4-4939-d517-9340c0ab873a">
      <Execution id="20fdaf02-09fb-4af6-863f-d50ec7957dd8" />
      <TestMethod codeBase="/Users/bill/Repos/FLua/FLua.Parser.Tests/bin/Debug/net8.0/FLua.Parser.Tests.dll" adapterTypeName="executor://yolodev/expecto" className="Parser Tests.Statement Parser Tests.Control Flow Statements.Labels and Goto" name="simple label" />
    </UnitTest>
    <UnitTest name="Identifier parsing.Reserved words" storage="/users/bill/repos/flua/flua.parser.tests/bin/debug/net8.0/flua.parser.tests.dll" id="41759be0-8d28-fc24-8f8d-4b3695413d75">
      <Execution id="19f1c094-33eb-4faa-9ad4-61bf11522990" />
      <TestMethod codeBase="/Users/bill/Repos/FLua/FLua.Parser.Tests/bin/Debug/net8.0/FLua.Parser.Tests.dll" adapterTypeName="executor://yolodev/expecto" className="Identifier parsing" name="Reserved words" />
    </UnitTest>
    <UnitTest name="Parser Tests.Statement Parser Tests.Variable Attributes.Function Parameter Attributes.local function with attributes" storage="/users/bill/repos/flua/flua.parser.tests/bin/debug/net8.0/flua.parser.tests.dll" id="413dc1a3-0eee-2fa8-da62-4788e8635f66">
      <Execution id="7003368d-3c6b-4bbc-9b01-e92313ce852d" />
      <TestMethod codeBase="/Users/bill/Repos/FLua/FLua.Parser.Tests/bin/Debug/net8.0/FLua.Parser.Tests.dll" adapterTypeName="executor://yolodev/expecto" className="Parser Tests.Statement Parser Tests.Variable Attributes.Function Parameter Attributes" name="local function with attributes" />
    </UnitTest>
    <UnitTest name="Parser Tests.Statement Parser Tests.Control Flow Statements.Labels and Goto.label with spaces" storage="/users/bill/repos/flua/flua.parser.tests/bin/debug/net8.0/flua.parser.tests.dll" id="b7cfb307-96eb-9fb6-4f2c-0693389085a8">
      <Execution id="5ceb443f-3a63-47c2-9d94-817f5b43b46c" />
      <TestMethod codeBase="/Users/bill/Repos/FLua/FLua.Parser.Tests/bin/Debug/net8.0/FLua.Parser.Tests.dll" adapterTypeName="executor://yolodev/expecto" className="Parser Tests.Statement Parser Tests.Control Flow Statements.Labels and Goto" name="label with spaces" />
    </UnitTest>
    <UnitTest name="Long string parsing.Nested brackets" storage="/users/bill/repos/flua/flua.parser.tests/bin/debug/net8.0/flua.parser.tests.dll" id="ac74d753-3ccd-5e13-c5be-1ad7a4aad554">
      <Execution id="06b126a2-9151-46fd-94a3-0226896ae695" />
      <TestMethod codeBase="/Users/bill/Repos/FLua/FLua.Parser.Tests/bin/Debug/net8.0/FLua.Parser.Tests.dll" adapterTypeName="executor://yolodev/expecto" className="Long string parsing" name="Nested brackets" />
    </UnitTest>
    <UnitTest name="Parser Tests.Statement Parser Tests.Basic Statements.return value" storage="/users/bill/repos/flua/flua.parser.tests/bin/debug/net8.0/flua.parser.tests.dll" id="c98a6040-df85-4dcf-82be-4564f2a354ed">
      <Execution id="926945a1-dba3-47d4-aea8-840361f22833" />
      <TestMethod codeBase="/Users/bill/Repos/FLua/FLua.Parser.Tests/bin/Debug/net8.0/FLua.Parser.Tests.dll" adapterTypeName="executor://yolodev/expecto" className="Parser Tests.Statement Parser Tests.Basic Statements" name="return value" />
    </UnitTest>
    <UnitTest name="Parser Tests.Statement Parser Tests.Basic Statements.return with method call" storage="/users/bill/repos/flua/flua.parser.tests/bin/debug/net8.0/flua.parser.tests.dll" id="fb2f3300-9207-53e8-1b8c-3c0b3c97dd35">
      <Execution id="fb2ae0c4-62f7-47a3-9fa2-7c8b74a2c904" />
      <TestMethod codeBase="/Users/bill/Repos/FLua/FLua.Parser.Tests/bin/Debug/net8.0/FLua.Parser.Tests.dll" adapterTypeName="executor://yolodev/expecto" className="Parser Tests.Statement Parser Tests.Basic Statements" name="return with method call" />
    </UnitTest>
    <UnitTest name="Parser Tests.Expression Parser Tests.Table Constructors.empty table" storage="/users/bill/repos/flua/flua.parser.tests/bin/debug/net8.0/flua.parser.tests.dll" id="8a23c638-9a92-0466-2449-0a7778ea7ab5">
      <Execution id="6be0aefe-84d8-4b7c-a71f-e13ebd3f0e08" />
      <TestMethod codeBase="/Users/bill/Repos/FLua/FLua.Parser.Tests/bin/Debug/net8.0/FLua.Parser.Tests.dll" adapterTypeName="executor://yolodev/expecto" className="Parser Tests.Expression Parser Tests.Table Constructors" name="empty table" />
    </UnitTest>
    <UnitTest name="Parser Tests.Expression Parser Tests.Whitespace Handling.tabs and spaces" storage="/users/bill/repos/flua/flua.parser.tests/bin/debug/net8.0/flua.parser.tests.dll" id="b720d5ae-34d4-7f69-eb3b-9e67edcaa5b6">
      <Execution id="8ed0842e-75ed-4d2a-8e8a-26035250f17d" />
      <TestMethod codeBase="/Users/bill/Repos/FLua/FLua.Parser.Tests/bin/Debug/net8.0/FLua.Parser.Tests.dll" adapterTypeName="executor://yolodev/expecto" className="Parser Tests.Expression Parser Tests.Whitespace Handling" name="tabs and spaces" />
    </UnitTest>
    <UnitTest name="Parser Tests.Statement Parser Tests.Control Flow Statements.Function Definitions.nested method" storage="/users/bill/repos/flua/flua.parser.tests/bin/debug/net8.0/flua.parser.tests.dll" id="d62fdd4e-c660-b54e-8965-95156526d6c3">
      <Execution id="ceabc731-347b-418a-b78f-f5b8221e6cd5" />
      <TestMethod codeBase="/Users/bill/Repos/FLua/FLua.Parser.Tests/bin/Debug/net8.0/FLua.Parser.Tests.dll" adapterTypeName="executor://yolodev/expecto" className="Parser Tests.Statement Parser Tests.Control Flow Statements.Function Definitions" name="nested method" />
    </UnitTest>
    <UnitTest name="Parser Tests.Statement Parser Tests.Parser Fixes.Complex Assignment Patterns.assignment with parenthesized lvalue" storage="/users/bill/repos/flua/flua.parser.tests/bin/debug/net8.0/flua.parser.tests.dll" id="fdd1ff42-4124-956c-0518-65da789ad001">
      <Execution id="e3498016-a64e-4607-b3d5-8306989db3c0" />
      <TestMethod codeBase="/Users/bill/Repos/FLua/FLua.Parser.Tests/bin/Debug/net8.0/FLua.Parser.Tests.dll" adapterTypeName="executor://yolodev/expecto" className="Parser Tests.Statement Parser Tests.Parser Fixes.Complex Assignment Patterns" name="assignment with parenthesized lvalue" />
    </UnitTest>
    <UnitTest name="Parser Tests.Statement Parser Tests.Parser Fixes.Table Assignment at Statement Level (Fixed).mixed assignment" storage="/users/bill/repos/flua/flua.parser.tests/bin/debug/net8.0/flua.parser.tests.dll" id="2b872452-2694-911a-53e8-7326d451f370">
      <Execution id="db7fc7c3-cd9a-42d7-9a97-18161ec54682" />
      <TestMethod codeBase="/Users/bill/Repos/FLua/FLua.Parser.Tests/bin/Debug/net8.0/FLua.Parser.Tests.dll" adapterTypeName="executor://yolodev/expecto" className="Parser Tests.Statement Parser Tests.Parser Fixes.Table Assignment at Statement Level (Fixed)" name="mixed assignment" />
    </UnitTest>
    <UnitTest name="Parser Tests.Expression Parser Tests.Literals.string" storage="/users/bill/repos/flua/flua.parser.tests/bin/debug/net8.0/flua.parser.tests.dll" id="61bcbfaa-09a8-e49b-1e09-85c4de69467d">
      <Execution id="fccda108-cc68-4b1b-9a5e-782253c7ee06" />
      <TestMethod codeBase="/Users/bill/Repos/FLua/FLua.Parser.Tests/bin/Debug/net8.0/FLua.Parser.Tests.dll" adapterTypeName="executor://yolodev/expecto" className="Parser Tests.Expression Parser Tests.Literals" name="string" />
    </UnitTest>
    <UnitTest name="Parser Tests.Expression Parser Tests.Literals.hex escape lowercase" storage="/users/bill/repos/flua/flua.parser.tests/bin/debug/net8.0/flua.parser.tests.dll" id="f21fef0c-1b6d-1012-7719-4d0ad013ab4a">
      <Execution id="8e28584e-6ceb-45db-a826-5e0e900340c7" />
      <TestMethod codeBase="/Users/bill/Repos/FLua/FLua.Parser.Tests/bin/Debug/net8.0/FLua.Parser.Tests.dll" adapterTypeName="executor://yolodev/expecto" className="Parser Tests.Expression Parser Tests.Literals" name="hex escape lowercase" />
    </UnitTest>
    <UnitTest name="Parser Tests.Expression Parser Tests.Identifiers.single underscore" storage="/users/bill/repos/flua/flua.parser.tests/bin/debug/net8.0/flua.parser.tests.dll" id="9c78167c-ee87-bb4b-a014-3af8451f157b">
      <Execution id="0c6b9fcb-dea0-44dc-9e55-ea27abac5889" />
      <TestMethod codeBase="/Users/bill/Repos/FLua/FLua.Parser.Tests/bin/Debug/net8.0/FLua.Parser.Tests.dll" adapterTypeName="executor://yolodev/expecto" className="Parser Tests.Expression Parser Tests.Identifiers" name="single underscore" />
    </UnitTest>
    <UnitTest name="Parser Tests.Expression Parser Tests.Unary Operators.length" storage="/users/bill/repos/flua/flua.parser.tests/bin/debug/net8.0/flua.parser.tests.dll" id="6da5de44-db3e-61ee-f3a8-e77c4b84e1d8">
      <Execution id="fe16b553-4d3f-420d-9ded-bcf201d0aa86" />
      <TestMethod codeBase="/Users/bill/Repos/FLua/FLua.Parser.Tests/bin/Debug/net8.0/FLua.Parser.Tests.dll" adapterTypeName="executor://yolodev/expecto" className="Parser Tests.Expression Parser Tests.Unary Operators" name="length" />
    </UnitTest>
    <UnitTest name="Parser Tests.Expression Parser Tests.Comparison Operators.less" storage="/users/bill/repos/flua/flua.parser.tests/bin/debug/net8.0/flua.parser.tests.dll" id="a7981e95-1323-105c-d83e-9d57dec6b2d8">
      <Execution id="ccaf4f75-863a-4e32-b83d-258f85fc1489" />
      <TestMethod codeBase="/Users/bill/Repos/FLua/FLua.Parser.Tests/bin/Debug/net8.0/FLua.Parser.Tests.dll" adapterTypeName="executor://yolodev/expecto" className="Parser Tests.Expression Parser Tests.Comparison Operators" name="less" />
    </UnitTest>
    <UnitTest name="Parser Tests.Expression Parser Tests.Additive Operators.left associative" storage="/users/bill/repos/flua/flua.parser.tests/bin/debug/net8.0/flua.parser.tests.dll" id="eb8a8a87-74b5-4d8f-53ef-eaad7463aa03">
      <Execution id="09934e6d-0f17-4cde-8c2d-8ac6cf108604" />
      <TestMethod codeBase="/Users/bill/Repos/FLua/FLua.Parser.Tests/bin/Debug/net8.0/FLua.Parser.Tests.dll" adapterTypeName="executor://yolodev/expecto" className="Parser Tests.Expression Parser Tests.Additive Operators" name="left associative" />
    </UnitTest>
    <UnitTest name="Parser Tests.Statement Parser Tests.Control Flow Statements.For Loops.numeric for with step" storage="/users/bill/repos/flua/flua.parser.tests/bin/debug/net8.0/flua.parser.tests.dll" id="f77409eb-245e-e588-990d-732ccf35b9b9">
      <Execution id="d0964498-198a-4a74-aba4-7a6a00fd4d48" />
      <TestMethod codeBase="/Users/bill/Repos/FLua/FLua.Parser.Tests/bin/Debug/net8.0/FLua.Parser.Tests.dll" adapterTypeName="executor://yolodev/expecto" className="Parser Tests.Statement Parser Tests.Control Flow Statements.For Loops" name="numeric for with step" />
    </UnitTest>
    <UnitTest name="Parser Tests.Expression Parser Tests.Shift Operators.right shift" storage="/users/bill/repos/flua/flua.parser.tests/bin/debug/net8.0/flua.parser.tests.dll" id="5e57c659-2db4-b8ce-a9d9-50e1e7b7b842">
      <Execution id="fdd81a6f-c762-4df3-9d19-8351d9cbd174" />
      <TestMethod codeBase="/Users/bill/Repos/FLua/FLua.Parser.Tests/bin/Debug/net8.0/FLua.Parser.Tests.dll" adapterTypeName="executor://yolodev/expecto" className="Parser Tests.Expression Parser Tests.Shift Operators" name="right shift" />
    </UnitTest>
    <UnitTest name="Parser Tests.Statement Parser Tests.Variable Attributes.Function Parameter Attributes.function with const parameter" storage="/users/bill/repos/flua/flua.parser.tests/bin/debug/net8.0/flua.parser.tests.dll" id="1e8f1476-74a1-8640-15d5-70d9d9626f1e">
      <Execution id="ca151c6e-8b5b-4bcd-a7c4-041f2a2009ab" />
      <TestMethod codeBase="/Users/bill/Repos/FLua/FLua.Parser.Tests/bin/Debug/net8.0/FLua.Parser.Tests.dll" adapterTypeName="executor://yolodev/expecto" className="Parser Tests.Statement Parser Tests.Variable Attributes.Function Parameter Attributes" name="function with const parameter" />
    </UnitTest>
    <UnitTest name="Parser Tests.Expression Parser Tests.Complex Expressions.logical and comparison" storage="/users/bill/repos/flua/flua.parser.tests/bin/debug/net8.0/flua.parser.tests.dll" id="d70ea16a-84c0-2dfe-d4d6-916e2a4eee9d">
      <Execution id="47c81543-7f45-4ec6-abe0-85c95b1fbb7d" />
      <TestMethod codeBase="/Users/bill/Repos/FLua/FLua.Parser.Tests/bin/Debug/net8.0/FLua.Parser.Tests.dll" adapterTypeName="executor://yolodev/expecto" className="Parser Tests.Expression Parser Tests.Complex Expressions" name="logical and comparison" />
    </UnitTest>
    <UnitTest name="Parser Tests.Expression Parser Tests.Complex Expressions.mixed operators" storage="/users/bill/repos/flua/flua.parser.tests/bin/debug/net8.0/flua.parser.tests.dll" id="8dfd896c-4a4b-dcc4-c53c-56fdcd545dd6">
      <Execution id="f77da348-63fc-48f2-823f-144e74867c06" />
      <TestMethod codeBase="/Users/bill/Repos/FLua/FLua.Parser.Tests/bin/Debug/net8.0/FLua.Parser.Tests.dll" adapterTypeName="executor://yolodev/expecto" className="Parser Tests.Expression Parser Tests.Complex Expressions" name="mixed operators" />
    </UnitTest>
    <UnitTest name="Long string parsing.Initial newline removal" storage="/users/bill/repos/flua/flua.parser.tests/bin/debug/net8.0/flua.parser.tests.dll" id="2224406e-7d17-912a-65f5-f2ed533b7d62">
      <Execution id="32cc17b0-b482-4bab-952e-5ac4194b7f77" />
      <TestMethod codeBase="/Users/bill/Repos/FLua/FLua.Parser.Tests/bin/Debug/net8.0/FLua.Parser.Tests.dll" adapterTypeName="executor://yolodev/expecto" className="Long string parsing" name="Initial newline removal" />
    </UnitTest>
    <UnitTest name="Parser Tests.Expression Parser Tests.Complex Expressions.parentheses override" storage="/users/bill/repos/flua/flua.parser.tests/bin/debug/net8.0/flua.parser.tests.dll" id="9ead8476-3505-ae20-9014-95ec40346eb5">
      <Execution id="dd883d4c-8a24-473f-8e66-0a91198e0c46" />
      <TestMethod codeBase="/Users/bill/Repos/FLua/FLua.Parser.Tests/bin/Debug/net8.0/FLua.Parser.Tests.dll" adapterTypeName="executor://yolodev/expecto" className="Parser Tests.Expression Parser Tests.Complex Expressions" name="parentheses override" />
    </UnitTest>
    <UnitTest name="Hex literal parsing.Min Int64 value (was causing overflow)" storage="/users/bill/repos/flua/flua.parser.tests/bin/debug/net8.0/flua.parser.tests.dll" id="e0198dfc-3381-5a04-2210-16421478411b">
      <Execution id="fc6eaf15-79b2-4dd2-b5a3-ba5cd595ba39" />
      <TestMethod codeBase="/Users/bill/Repos/FLua/FLua.Parser.Tests/bin/Debug/net8.0/FLua.Parser.Tests.dll" adapterTypeName="executor://yolodev/expecto" className="Hex literal parsing" name="Min Int64 value (was causing overflow)" />
    </UnitTest>
    <UnitTest name="Parser Tests.Expression Parser Tests.Whitespace Handling.many spaces" storage="/users/bill/repos/flua/flua.parser.tests/bin/debug/net8.0/flua.parser.tests.dll" id="de71ee28-6047-7932-7ce3-b7522d43123b">
      <Execution id="6cbd510f-7c76-4c78-8d75-00dc11a166ee" />
      <TestMethod codeBase="/Users/bill/Repos/FLua/FLua.Parser.Tests/bin/Debug/net8.0/FLua.Parser.Tests.dll" adapterTypeName="executor://yolodev/expecto" className="Parser Tests.Expression Parser Tests.Whitespace Handling" name="many spaces" />
    </UnitTest>
    <UnitTest name="Parser Tests.Statement Parser Tests.Parser Fixes.Table Assignment at Statement Level (Fixed).nested table assignment" storage="/users/bill/repos/flua/flua.parser.tests/bin/debug/net8.0/flua.parser.tests.dll" id="ac1786a2-dddf-f8c1-879b-8f2df0918d4f">
      <Execution id="2b62129e-6661-4313-ac19-fada36564601" />
      <TestMethod codeBase="/Users/bill/Repos/FLua/FLua.Parser.Tests/bin/Debug/net8.0/FLua.Parser.Tests.dll" adapterTypeName="executor://yolodev/expecto" className="Parser Tests.Statement Parser Tests.Parser Fixes.Table Assignment at Statement Level (Fixed)" name="nested table assignment" />
    </UnitTest>
    <UnitTest name="Parser Tests.Expression Parser Tests.Table Constructors.Named Fields.single named field" storage="/users/bill/repos/flua/flua.parser.tests/bin/debug/net8.0/flua.parser.tests.dll" id="842abb2a-cf12-4fa5-cea8-ba137980c871">
      <Execution id="425bd10a-2479-4d3e-a15b-60b2cb13ef87" />
      <TestMethod codeBase="/Users/bill/Repos/FLua/FLua.Parser.Tests/bin/Debug/net8.0/FLua.Parser.Tests.dll" adapterTypeName="executor://yolodev/expecto" className="Parser Tests.Expression Parser Tests.Table Constructors.Named Fields" name="single named field" />
    </UnitTest>
    <UnitTest name="Parser Tests.Statement Parser Tests.Parser Fixes.Assignment vs Function Call Disambiguation.parenthesized function call" storage="/users/bill/repos/flua/flua.parser.tests/bin/debug/net8.0/flua.parser.tests.dll" id="bdf003e6-5e31-3757-8de6-b259949e60c6">
      <Execution id="6091c9ca-484f-4045-8b52-03f1be385315" />
      <TestMethod codeBase="/Users/bill/Repos/FLua/FLua.Parser.Tests/bin/Debug/net8.0/FLua.Parser.Tests.dll" adapterTypeName="executor://yolodev/expecto" className="Parser Tests.Statement Parser Tests.Parser Fixes.Assignment vs Function Call Disambiguation" name="parenthesized function call" />
    </UnitTest>
    <UnitTest name="Parser Tests.Expression Parser Tests.Multiplicative Operators.multiply" storage="/users/bill/repos/flua/flua.parser.tests/bin/debug/net8.0/flua.parser.tests.dll" id="35d02efc-7874-8194-c839-10cd28db0d9e">
      <Execution id="76bdad97-5844-4ffa-ab8a-c5d4bc824e71" />
      <TestMethod codeBase="/Users/bill/Repos/FLua/FLua.Parser.Tests/bin/Debug/net8.0/FLua.Parser.Tests.dll" adapterTypeName="executor://yolodev/expecto" className="Parser Tests.Expression Parser Tests.Multiplicative Operators" name="multiply" />
    </UnitTest>
    <UnitTest name="Parser Tests.Expression Parser Tests.Table Constructors.Complex Examples.deeply nested tables" storage="/users/bill/repos/flua/flua.parser.tests/bin/debug/net8.0/flua.parser.tests.dll" id="21209d58-9833-62ae-f6ea-f4976a9ae006">
      <Execution id="c41e88f2-63ff-427e-8e20-d62be60b9e00" />
      <TestMethod codeBase="/Users/bill/Repos/FLua/FLua.Parser.Tests/bin/Debug/net8.0/FLua.Parser.Tests.dll" adapterTypeName="executor://yolodev/expecto" className="Parser Tests.Expression Parser Tests.Table Constructors.Complex Examples" name="deeply nested tables" />
    </UnitTest>
    <UnitTest name="Parser Tests.Statement Parser Tests.Parser Fixes.Table Access in Binary Expressions (Fixed).complex table expression" storage="/users/bill/repos/flua/flua.parser.tests/bin/debug/net8.0/flua.parser.tests.dll" id="e084a9b3-905c-32f0-81f5-67ee354b61c3">
      <Execution id="6774b0d2-4946-4ef5-a1cd-a3c08e5dba4b" />
      <TestMethod codeBase="/Users/bill/Repos/FLua/FLua.Parser.Tests/bin/Debug/net8.0/FLua.Parser.Tests.dll" adapterTypeName="executor://yolodev/expecto" className="Parser Tests.Statement Parser Tests.Parser Fixes.Table Access in Binary Expressions (Fixed)" name="complex table expression" />
    </UnitTest>
    <UnitTest name="Generic for loop parsing.Known limitation: f{} syntax" storage="/users/bill/repos/flua/flua.parser.tests/bin/debug/net8.0/flua.parser.tests.dll" id="48240e2c-a4d9-2594-4296-f471c14fc6a7">
      <Execution id="6518c0e9-7c87-4778-83b5-0721e95e2407" />
      <TestMethod codeBase="/Users/bill/Repos/FLua/FLua.Parser.Tests/bin/Debug/net8.0/FLua.Parser.Tests.dll" adapterTypeName="executor://yolodev/expecto" className="Generic for loop parsing" name="Known limitation: f{} syntax" />
    </UnitTest>
    <UnitTest name="Parser Tests.Expression Parser Tests.Table Constructors.Mixed Fields.all field types" storage="/users/bill/repos/flua/flua.parser.tests/bin/debug/net8.0/flua.parser.tests.dll" id="3dc1068f-82d6-84de-c908-e4f233ecb350">
      <Execution id="8b97d3d0-d0fc-4c24-9e7a-641b7b20fb80" />
      <TestMethod codeBase="/Users/bill/Repos/FLua/FLua.Parser.Tests/bin/Debug/net8.0/FLua.Parser.Tests.dll" adapterTypeName="executor://yolodev/expecto" className="Parser Tests.Expression Parser Tests.Table Constructors.Mixed Fields" name="all field types" />
    </UnitTest>
    <UnitTest name="Parser Tests.Expression Parser Tests.Literals.hex escape newline" storage="/users/bill/repos/flua/flua.parser.tests/bin/debug/net8.0/flua.parser.tests.dll" id="0be8d713-e704-74fa-c8fe-5901f43db625">
      <Execution id="094504bf-99c9-4527-b510-349945d3513e" />
      <TestMethod codeBase="/Users/bill/Repos/FLua/FLua.Parser.Tests/bin/Debug/net8.0/FLua.Parser.Tests.dll" adapterTypeName="executor://yolodev/expecto" className="Parser Tests.Expression Parser Tests.Literals" name="hex escape newline" />
    </UnitTest>
    <UnitTest name="Parser Tests.Expression Parser Tests.Literals.hex integer" storage="/users/bill/repos/flua/flua.parser.tests/bin/debug/net8.0/flua.parser.tests.dll" id="4cb6405b-7bb5-3db8-6617-a196a7bd9324">
      <Execution id="89464573-9d16-4e99-a6b5-f6fb57128fab" />
      <TestMethod codeBase="/Users/bill/Repos/FLua/FLua.Parser.Tests/bin/Debug/net8.0/FLua.Parser.Tests.dll" adapterTypeName="executor://yolodev/expecto" className="Parser Tests.Expression Parser Tests.Literals" name="hex integer" />
    </UnitTest>
  </TestDefinitions>
  <TestEntries>
    <TestEntry testId="28956f83-5909-2465-c921-e81fa45af59d" executionId="6358082e-4ec9-4954-ac87-d9940840bfcb" testListId="8c84fa94-04c1-424b-9868-57a2d4851a1d" />
    <TestEntry testId="37da12f7-31a3-327d-1172-79e133b6c0c6" executionId="f5836d5b-21f2-4637-a4bb-cb57edb9e168" testListId="8c84fa94-04c1-424b-9868-57a2d4851a1d" />
    <TestEntry testId="9941d091-0d12-9ab4-3186-9c070f874a75" executionId="5e4d4cf7-c339-40c4-a5ab-23b4ebb0414b" testListId="8c84fa94-04c1-424b-9868-57a2d4851a1d" />
    <TestEntry testId="ffc50473-1728-3b39-765c-2603db6d395a" executionId="8a3647c6-2673-4cdb-b833-a164b41ddcc1" testListId="8c84fa94-04c1-424b-9868-57a2d4851a1d" />
    <TestEntry testId="2f3f10ea-dadb-86ef-4da9-f3e8ca2875bf" executionId="dbd108a3-1b8a-49ba-bb2d-f6020a6cb091" testListId="8c84fa94-04c1-424b-9868-57a2d4851a1d" />
    <TestEntry testId="436116f5-bf6c-9584-a37a-ff3cdf214fe2" executionId="167e2d34-5f1d-4f6a-80d4-abcf37178fb9" testListId="8c84fa94-04c1-424b-9868-57a2d4851a1d" />
    <TestEntry testId="7629efc5-22c4-69dc-f7ed-95c284f64f2c" executionId="c87de7e7-5123-4a14-9bde-b011578c8557" testListId="8c84fa94-04c1-424b-9868-57a2d4851a1d" />
    <TestEntry testId="8dfd896c-4a4b-dcc4-c53c-56fdcd545dd6" executionId="f77da348-63fc-48f2-823f-144e74867c06" testListId="8c84fa94-04c1-424b-9868-57a2d4851a1d" />
    <TestEntry testId="c1a072c2-ee01-a7ae-6887-46b271e84c2b" executionId="427dc202-3c52-4ba3-b325-64a96433f980" testListId="8c84fa94-04c1-424b-9868-57a2d4851a1d" />
    <TestEntry testId="a5c15af2-bd63-9071-a28b-992426b66362" executionId="0a333407-566d-4018-859c-29b62776864e" testListId="8c84fa94-04c1-424b-9868-57a2d4851a1d" />
    <TestEntry testId="f1daec19-81ab-0a86-67a4-55383baf385f" executionId="528a1a8d-d220-42e9-9d18-01b219783404" testListId="8c84fa94-04c1-424b-9868-57a2d4851a1d" />
    <TestEntry testId="a14baa81-afe4-ffee-4549-d9c74ec6ed97" executionId="946dbd3c-cfc1-45cf-89cb-49c71e4b2e76" testListId="8c84fa94-04c1-424b-9868-57a2d4851a1d" />
    <TestEntry testId="ee6bd5ed-b0fa-e4dd-f322-54c174b3d129" executionId="9d72000b-bbca-4dee-9814-58dd09c005bc" testListId="8c84fa94-04c1-424b-9868-57a2d4851a1d" />
    <TestEntry testId="c6c69823-0e8f-a585-91ca-73273148719d" executionId="cc30fb7c-1fd4-4fdc-ba25-41f975bfd93b" testListId="8c84fa94-04c1-424b-9868-57a2d4851a1d" />
    <TestEntry testId="f720ad31-ae74-79e7-22fb-fd540fe1e410" executionId="0382f06a-3c9b-4822-8509-65ccb56557e1" testListId="8c84fa94-04c1-424b-9868-57a2d4851a1d" />
    <TestEntry testId="bc8aacaf-5f55-4f78-74de-8b2898429afa" executionId="3a029f00-fefa-42f2-90f0-52bdecaf2203" testListId="8c84fa94-04c1-424b-9868-57a2d4851a1d" />
    <TestEntry testId="21209d58-9833-62ae-f6ea-f4976a9ae006" executionId="c41e88f2-63ff-427e-8e20-d62be60b9e00" testListId="8c84fa94-04c1-424b-9868-57a2d4851a1d" />
    <TestEntry testId="bf42d420-5348-a17d-f0f1-75c223705f03" executionId="0f301502-7fad-4bab-95b4-1ad8f44ab0c6" testListId="8c84fa94-04c1-424b-9868-57a2d4851a1d" />
    <TestEntry testId="7254bc38-d0ef-97ce-6b01-c2b0df4e1184" executionId="459dff17-c1d7-4aa7-9cde-7c4299446bc9" testListId="8c84fa94-04c1-424b-9868-57a2d4851a1d" />
    <TestEntry testId="879bc477-5080-4fcf-e639-e827fa9c2556" executionId="9892460a-9fa3-4f2b-8392-ecff133eb7d4" testListId="8c84fa94-04c1-424b-9868-57a2d4851a1d" />
    <TestEntry testId="74d64d57-23b6-db5a-27b8-8384e8cfe593" executionId="f76efbf2-9079-42e0-ba75-0f0c3d134482" testListId="8c84fa94-04c1-424b-9868-57a2d4851a1d" />
    <TestEntry testId="f8e7b8a6-9a5d-992c-06a6-7db03c0015d3" executionId="682b80fc-f88c-4189-8d93-fe46e178d9b4" testListId="8c84fa94-04c1-424b-9868-57a2d4851a1d" />
    <TestEntry testId="45db1f03-5434-2f8a-352f-bbb37bed0c95" executionId="15527972-e6ec-48fc-a059-e9f12695f4e0" testListId="8c84fa94-04c1-424b-9868-57a2d4851a1d" />
    <TestEntry testId="65098e0b-d31f-493f-f5c7-89b21212d75c" executionId="171cf174-07e3-408c-a97d-7ab6916b61aa" testListId="8c84fa94-04c1-424b-9868-57a2d4851a1d" />
    <TestEntry testId="e49a374f-44a9-aa9d-355d-21ac7439d26a" executionId="d6b3b60e-76c5-4980-843b-27df894ed702" testListId="8c84fa94-04c1-424b-9868-57a2d4851a1d" />
    <TestEntry testId="3b276006-ded9-3e33-7cce-35cbf2995e25" executionId="0638ce87-3b29-4321-b5b3-96f51456bbbc" testListId="8c84fa94-04c1-424b-9868-57a2d4851a1d" />
    <TestEntry testId="b91df055-d81f-13a2-3b2a-adce7e1ce561" executionId="3468236c-9ed4-4ff2-ab95-e94b3c6393ff" testListId="8c84fa94-04c1-424b-9868-57a2d4851a1d" />
    <TestEntry testId="176664cd-e332-31a2-9d05-82d737b12220" executionId="ce009c32-3845-4dda-9084-2ee712b6cb96" testListId="8c84fa94-04c1-424b-9868-57a2d4851a1d" />
    <TestEntry testId="fdcfdd08-e7ac-a1f9-5ac4-b193cd2e55be" executionId="5c7a2ec0-251b-49f8-a9da-5c7e711308e9" testListId="8c84fa94-04c1-424b-9868-57a2d4851a1d" />
    <TestEntry testId="e5c063e2-57d2-6d48-c35f-7e8e3d6332c0" executionId="f1f8d466-25af-495e-a525-2c194af4e934" testListId="8c84fa94-04c1-424b-9868-57a2d4851a1d" />
    <TestEntry testId="657128c5-a00a-417a-0398-225465022baf" executionId="569afc5c-913c-4ed0-9ae7-3c62474666e2" testListId="8c84fa94-04c1-424b-9868-57a2d4851a1d" />
    <TestEntry testId="48b68161-6a77-c4ee-cbc6-b600ca4b2b7f" executionId="ad76b166-a62c-493b-82b5-19472409c598" testListId="8c84fa94-04c1-424b-9868-57a2d4851a1d" />
    <TestEntry testId="0ba7aa40-6834-6408-0135-49e448773151" executionId="e31209e7-eeb2-4c4c-b9ea-e683198b5dca" testListId="8c84fa94-04c1-424b-9868-57a2d4851a1d" />
    <TestEntry testId="4aa0c269-359a-c858-e90f-1fae4b1d119c" executionId="44e90ad3-e206-40d5-a351-55a6af17741b" testListId="8c84fa94-04c1-424b-9868-57a2d4851a1d" />
    <TestEntry testId="f362749b-c766-edfa-beed-a4a7ae724ae8" executionId="f6300bfc-8132-4562-8a48-1f48d3b77be6" testListId="8c84fa94-04c1-424b-9868-57a2d4851a1d" />
    <TestEntry testId="7ab74693-7ec4-60ea-51c2-12f33101f335" executionId="a3ced859-66c6-4c97-85a4-99d55dacd103" testListId="8c84fa94-04c1-424b-9868-57a2d4851a1d" />
    <TestEntry testId="5dff5f0c-32ad-0c05-14a6-b79d6a364636" executionId="ce077fb6-fd74-48aa-9199-c2fcece391cc" testListId="8c84fa94-04c1-424b-9868-57a2d4851a1d" />
    <TestEntry testId="23f84a4d-bc21-b97f-e115-11bf0b33db04" executionId="81507d6c-795c-4afe-b9a0-9494d3e6a59f" testListId="8c84fa94-04c1-424b-9868-57a2d4851a1d" />
    <TestEntry testId="1a716a10-d641-d602-72f7-3f93f8cd0402" executionId="2a23c724-7add-43a1-8d79-9fb2d520c8ce" testListId="8c84fa94-04c1-424b-9868-57a2d4851a1d" />
    <TestEntry testId="4ea9d3ff-8424-0fad-33d4-4da20e6be977" executionId="593c02e7-e10b-46f6-b581-ed5c6d782a68" testListId="8c84fa94-04c1-424b-9868-57a2d4851a1d" />
    <TestEntry testId="f55754ec-072d-a532-5fd1-647f087fa389" executionId="751ef6b2-822a-4875-b593-55be0c2c3b43" testListId="8c84fa94-04c1-424b-9868-57a2d4851a1d" />
    <TestEntry testId="1445a436-f34a-a70f-5047-8283ef73049c" executionId="bae98c69-d482-4a93-be68-5a7ec3fca8ce" testListId="8c84fa94-04c1-424b-9868-57a2d4851a1d" />
    <TestEntry testId="413dc1a3-0eee-2fa8-da62-4788e8635f66" executionId="7003368d-3c6b-4bbc-9b01-e92313ce852d" testListId="8c84fa94-04c1-424b-9868-57a2d4851a1d" />
    <TestEntry testId="f0647535-9b53-2b97-a592-0347a36420eb" executionId="0241d8f0-0d8e-46ea-bded-d37186f2d390" testListId="8c84fa94-04c1-424b-9868-57a2d4851a1d" />
    <TestEntry testId="f5a75e3b-7a61-b51c-fbbf-ba6389078cf8" executionId="4dcfff42-0f68-4001-a2ec-11e8493c6b6f" testListId="8c84fa94-04c1-424b-9868-57a2d4851a1d" />
    <TestEntry testId="b4887e73-89aa-9e82-9b02-5368d0b98e0e" executionId="cef94b7b-6ca6-46a8-ab3c-729afcc25f38" testListId="8c84fa94-04c1-424b-9868-57a2d4851a1d" />
    <TestEntry testId="c9bdd070-3a4d-f33d-8633-0f0ada3f44b8" executionId="4293fcaa-9450-4a5a-a574-44ff8d1858f9" testListId="8c84fa94-04c1-424b-9868-57a2d4851a1d" />
    <TestEntry testId="ac74d753-3ccd-5e13-c5be-1ad7a4aad554" executionId="06b126a2-9151-46fd-94a3-0226896ae695" testListId="8c84fa94-04c1-424b-9868-57a2d4851a1d" />
    <TestEntry testId="e514b4b5-ff0e-0503-c03f-cd130b642260" executionId="01e276ad-251e-43a7-b8cd-d8161c0d5955" testListId="8c84fa94-04c1-424b-9868-57a2d4851a1d" />
    <TestEntry testId="13e04fc6-8833-a314-b97b-622e7e4d78bc" executionId="134a020b-cfdb-46a2-a7cc-340f323e70d0" testListId="8c84fa94-04c1-424b-9868-57a2d4851a1d" />
    <TestEntry testId="61b22050-97ad-20ac-89ce-f3b72a5a8e5a" executionId="629439cd-05de-4612-aaa8-cf73056b2778" testListId="8c84fa94-04c1-424b-9868-57a2d4851a1d" />
    <TestEntry testId="2954afc1-d821-d9ae-f321-0aef5158aafe" executionId="544fa9b0-cbcd-471d-ad0f-21775c0ad242" testListId="8c84fa94-04c1-424b-9868-57a2d4851a1d" />
    <TestEntry testId="dd87e8f5-47dd-63a5-b069-c24fab3a48d5" executionId="cc265d05-d169-4795-b1a6-bf31701d3553" testListId="8c84fa94-04c1-424b-9868-57a2d4851a1d" />
    <TestEntry testId="7b8d351e-949a-a562-6c8a-b72a61dc4e22" executionId="e952aa36-740e-4cb5-9936-3d88ce4560b3" testListId="8c84fa94-04c1-424b-9868-57a2d4851a1d" />
    <TestEntry testId="95ca2f10-0840-0229-390b-f87fb8626041" executionId="56ae99c4-0371-41d2-a288-96447582f488" testListId="8c84fa94-04c1-424b-9868-57a2d4851a1d" />
    <TestEntry testId="862c78bf-ab7b-7516-2ebe-a03d490a5635" executionId="6d5dbfed-1605-4f07-9ec6-ae167e94100d" testListId="8c84fa94-04c1-424b-9868-57a2d4851a1d" />
    <TestEntry testId="affcd0cb-5609-83cd-3160-dc9ebb422db5" executionId="51b71367-7407-424b-9ec5-df510d82b2dd" testListId="8c84fa94-04c1-424b-9868-57a2d4851a1d" />
    <TestEntry testId="f9b1b562-700c-308d-bc66-002581032a2e" executionId="25141c51-f309-4a02-8588-07c311888659" testListId="8c84fa94-04c1-424b-9868-57a2d4851a1d" />
    <TestEntry testId="6bcb40f4-cf24-de68-ebe9-a8a7e6ab39fc" executionId="7c0dd529-6b62-4429-9865-c58cd8e569ec" testListId="8c84fa94-04c1-424b-9868-57a2d4851a1d" />
    <TestEntry testId="56bc034c-870c-2029-f5c0-ce7cb67ea11d" executionId="953da825-34fc-403a-b74d-13e561b2e04f" testListId="8c84fa94-04c1-424b-9868-57a2d4851a1d" />
    <TestEntry testId="d3ebb7cf-f9ec-9b3e-35a1-23e19c538cfa" executionId="4ad8801a-f2db-47db-b56c-8d69016cf385" testListId="8c84fa94-04c1-424b-9868-57a2d4851a1d" />
    <TestEntry testId="c98a6040-df85-4dcf-82be-4564f2a354ed" executionId="926945a1-dba3-47d4-aea8-840361f22833" testListId="8c84fa94-04c1-424b-9868-57a2d4851a1d" />
    <TestEntry testId="a7981e95-1323-105c-d83e-9d57dec6b2d8" executionId="ccaf4f75-863a-4e32-b83d-258f85fc1489" testListId="8c84fa94-04c1-424b-9868-57a2d4851a1d" />
    <TestEntry testId="a48197e7-34b6-2816-16e7-425e0038f95b" executionId="825346ea-f24e-4cb5-9af3-49476d6bc203" testListId="8c84fa94-04c1-424b-9868-57a2d4851a1d" />
    <TestEntry testId="1a7858ec-7b00-19e3-8d93-b0573ac54671" executionId="8c620bd3-2289-460a-a375-4dabcf9c7aa1" testListId="8c84fa94-04c1-424b-9868-57a2d4851a1d" />
    <TestEntry testId="fe7b4783-5658-87e1-ca2c-6b15dc662819" executionId="00675e2b-b412-4f71-b890-90c8c421d19c" testListId="8c84fa94-04c1-424b-9868-57a2d4851a1d" />
    <TestEntry testId="c7be5443-b868-5116-e84d-9ffcacf6dab8" executionId="5899d4bf-c144-456b-8d6a-cc3ee7c9d5d9" testListId="8c84fa94-04c1-424b-9868-57a2d4851a1d" />
    <TestEntry testId="b720d5ae-34d4-7f69-eb3b-9e67edcaa5b6" executionId="8ed0842e-75ed-4d2a-8e8a-26035250f17d" testListId="8c84fa94-04c1-424b-9868-57a2d4851a1d" />
    <TestEntry testId="ee64b813-f0cb-cb72-0323-df3a54bc0a5e" executionId="31cebbb2-1cc9-41f8-96b0-57ee18509b20" testListId="8c84fa94-04c1-424b-9868-57a2d4851a1d" />
    <TestEntry testId="d62fdd4e-c660-b54e-8965-95156526d6c3" executionId="ceabc731-347b-418a-b78f-f5b8221e6cd5" testListId="8c84fa94-04c1-424b-9868-57a2d4851a1d" />
    <TestEntry testId="bc676c70-bff1-771e-2805-b78bf099cdaf" executionId="7c04c908-88ba-440a-a6bb-823da1da763c" testListId="8c84fa94-04c1-424b-9868-57a2d4851a1d" />
    <TestEntry testId="42e215c3-5d2e-bd5d-b7d0-2ce1a036b738" executionId="d4b8aba9-9181-4276-906e-3a75c797dbdb" testListId="8c84fa94-04c1-424b-9868-57a2d4851a1d" />
    <TestEntry testId="23f6c827-5298-1b85-4116-a388ac096ef2" executionId="b71529d0-e8fd-43fb-840f-9e9690aa69c1" testListId="8c84fa94-04c1-424b-9868-57a2d4851a1d" />
    <TestEntry testId="50787197-3318-8798-72b6-de8685990f85" executionId="4d1c8d79-a718-4816-8133-4175adcebf2f" testListId="8c84fa94-04c1-424b-9868-57a2d4851a1d" />
    <TestEntry testId="31b647c0-1b1b-231b-0aa9-4845822edf5a" executionId="1a8259c1-fcfd-4978-a734-f84591880c2a" testListId="8c84fa94-04c1-424b-9868-57a2d4851a1d" />
    <TestEntry testId="9c232a12-9174-3ded-7f7f-f119a1bec44c" executionId="7332c163-c510-4768-9502-f6456430e4c4" testListId="8c84fa94-04c1-424b-9868-57a2d4851a1d" />
    <TestEntry testId="ac1786a2-dddf-f8c1-879b-8f2df0918d4f" executionId="2b62129e-6661-4313-ac19-fada36564601" testListId="8c84fa94-04c1-424b-9868-57a2d4851a1d" />
    <TestEntry testId="9aff055a-1ad6-d302-1b8e-67c3f447edb9" executionId="ebe02fe0-46ea-4c60-a7e9-36aaa2fc60e4" testListId="8c84fa94-04c1-424b-9868-57a2d4851a1d" />
    <TestEntry testId="f77409eb-245e-e588-990d-732ccf35b9b9" executionId="d0964498-198a-4a74-aba4-7a6a00fd4d48" testListId="8c84fa94-04c1-424b-9868-57a2d4851a1d" />
    <TestEntry testId="e1168bf7-fb11-75ad-9550-9989387a8ebe" executionId="3c256dbc-8728-4107-815c-614744f0b60d" testListId="8c84fa94-04c1-424b-9868-57a2d4851a1d" />
    <TestEntry testId="c8317e5f-ac87-ad9f-f963-f49170b308f5" executionId="f4a7745a-6028-4508-94d8-93d3017bad30" testListId="8c84fa94-04c1-424b-9868-57a2d4851a1d" />
    <TestEntry testId="8b13a765-8c99-aabc-b19d-11c9ca6f1b68" executionId="9268f7a4-273a-41f7-9f1c-fb7c4ab0b777" testListId="8c84fa94-04c1-424b-9868-57a2d4851a1d" />
    <TestEntry testId="a4206639-8551-015b-9278-1c1f53a52704" executionId="69abb04d-e57b-4282-8459-07086b17dd82" testListId="8c84fa94-04c1-424b-9868-57a2d4851a1d" />
    <TestEntry testId="31f49240-24a2-0e5e-c8c3-739b4d81c6d7" executionId="cb7ba019-15b0-4788-a81e-b8ab69661cbb" testListId="8c84fa94-04c1-424b-9868-57a2d4851a1d" />
    <TestEntry testId="0be8d713-e704-74fa-c8fe-5901f43db625" executionId="094504bf-99c9-4527-b510-349945d3513e" testListId="8c84fa94-04c1-424b-9868-57a2d4851a1d" />
    <TestEntry testId="23e43918-ba21-82a6-ae6e-1717b947fa41" executionId="3f333315-7731-44ab-aee3-01baecdbbc24" testListId="8c84fa94-04c1-424b-9868-57a2d4851a1d" />
    <TestEntry testId="35d02efc-7874-8194-c839-10cd28db0d9e" executionId="76bdad97-5844-4ffa-ab8a-c5d4bc824e71" testListId="8c84fa94-04c1-424b-9868-57a2d4851a1d" />
    <TestEntry testId="61a7a37d-f46f-ed42-bd70-9b1373a3ced4" executionId="aac60dae-44c9-4db7-b3cd-6a3b35400603" testListId="8c84fa94-04c1-424b-9868-57a2d4851a1d" />
    <TestEntry testId="86fb7a5a-8cf2-4c36-a489-26ff73f20850" executionId="3307d315-5b61-4db7-88e1-0db94451beae" testListId="8c84fa94-04c1-424b-9868-57a2d4851a1d" />
    <TestEntry testId="e0198dfc-3381-5a04-2210-16421478411b" executionId="fc6eaf15-79b2-4dd2-b5a3-ba5cd595ba39" testListId="8c84fa94-04c1-424b-9868-57a2d4851a1d" />
    <TestEntry testId="2c397f14-cc89-a8af-7de5-b6c9486ecf65" executionId="143c88bf-4a64-489e-b4d2-0234de967198" testListId="8c84fa94-04c1-424b-9868-57a2d4851a1d" />
    <TestEntry testId="5e57c659-2db4-b8ce-a9d9-50e1e7b7b842" executionId="fdd81a6f-c762-4df3-9d19-8351d9cbd174" testListId="8c84fa94-04c1-424b-9868-57a2d4851a1d" />
    <TestEntry testId="17166041-3a52-168f-5319-cb48ea781845" executionId="ad435c21-2564-4e65-85c4-45b43998f126" testListId="8c84fa94-04c1-424b-9868-57a2d4851a1d" />
    <TestEntry testId="9c786e3a-f036-49d6-6407-0d5acd7c1f61" executionId="46f37902-b267-4af6-9bb7-c50dac70b0d4" testListId="8c84fa94-04c1-424b-9868-57a2d4851a1d" />
    <TestEntry testId="d1fdf263-c1e9-9de3-2358-6aa706b01c30" executionId="c45c17bf-e179-4cda-ac06-d1572c0d0eab" testListId="8c84fa94-04c1-424b-9868-57a2d4851a1d" />
    <TestEntry testId="73624354-1cd8-cfa9-9307-0f5e85db415f" executionId="2958bbf6-e543-4a0d-b15d-e4b9edb70644" testListId="8c84fa94-04c1-424b-9868-57a2d4851a1d" />
    <TestEntry testId="e4910e24-1d21-cc0f-b00b-383030d4728e" executionId="698ded62-e0da-4d52-9394-eaf7845a3d1e" testListId="8c84fa94-04c1-424b-9868-57a2d4851a1d" />
    <TestEntry testId="83655a65-6632-03cc-e5e9-95762f9d8428" executionId="929db9a6-7d04-4676-a2c2-1ead305f3fdc" testListId="8c84fa94-04c1-424b-9868-57a2d4851a1d" />
    <TestEntry testId="a81fb642-5efa-96c7-9da8-620d14375041" executionId="3b8dd96d-50f5-43a2-a29f-788350470a5a" testListId="8c84fa94-04c1-424b-9868-57a2d4851a1d" />
    <TestEntry testId="a4cab702-ac88-7d1a-c836-d98380cd86ed" executionId="85f397d7-dc33-4d1d-b67d-ad8e6d218e90" testListId="8c84fa94-04c1-424b-9868-57a2d4851a1d" />
    <TestEntry testId="0d60d1ec-e2ff-2472-8bf2-2c217ffcebab" executionId="2245e622-0558-4f90-b1ea-7621203c5393" testListId="8c84fa94-04c1-424b-9868-57a2d4851a1d" />
    <TestEntry testId="db7077dd-4ef5-8d20-6540-9087a3bc4696" executionId="d687141d-8041-43ad-997b-a509e76b4a8f" testListId="8c84fa94-04c1-424b-9868-57a2d4851a1d" />
    <TestEntry testId="50da10f7-26a6-5189-a981-de50fa2ada1b" executionId="b5ebf2e9-8aba-4d9a-af18-f512b7327765" testListId="8c84fa94-04c1-424b-9868-57a2d4851a1d" />
    <TestEntry testId="8ceac842-0694-da26-8741-33c171517815" executionId="38b11078-9e2e-4555-932c-1c58d7d699fd" testListId="8c84fa94-04c1-424b-9868-57a2d4851a1d" />
    <TestEntry testId="107fd52a-d610-16f7-d2b4-50729b7deaad" executionId="34a24076-ea3d-4361-9748-db6de77b132f" testListId="8c84fa94-04c1-424b-9868-57a2d4851a1d" />
    <TestEntry testId="7a121384-ad33-5a50-aa20-0dd3188d181a" executionId="9d0d565b-9cd8-4565-949f-74c2f904862b" testListId="8c84fa94-04c1-424b-9868-57a2d4851a1d" />
    <TestEntry testId="d1220d6b-41d1-f6d0-a837-b5893fc68d06" executionId="a4c93223-2710-4824-adea-f93f6c7a8a61" testListId="8c84fa94-04c1-424b-9868-57a2d4851a1d" />
    <TestEntry testId="ab03aeee-2a55-ff2d-2d4f-6583c6d3f265" executionId="bb24209d-8e1e-4c09-ac7e-c8555f96dc58" testListId="8c84fa94-04c1-424b-9868-57a2d4851a1d" />
    <TestEntry testId="16e83989-f14b-2617-4a53-58c2828f533b" executionId="aa483dfb-8c4c-45cf-9470-a5ba3feb024f" testListId="8c84fa94-04c1-424b-9868-57a2d4851a1d" />
    <TestEntry testId="63187717-8e00-caba-40f9-a91ffcda26a1" executionId="b6e27fac-30a6-4ae7-8acb-7bba63e23380" testListId="8c84fa94-04c1-424b-9868-57a2d4851a1d" />
    <TestEntry testId="d3c442eb-a0af-517d-1486-3bae2dbdb273" executionId="64777768-93f8-42b5-97b0-d3881d15f5e2" testListId="8c84fa94-04c1-424b-9868-57a2d4851a1d" />
    <TestEntry testId="51ca660f-46f5-4f0b-f9eb-b6d216c6a4a2" executionId="ff32b65e-5acf-4faf-b78b-c433235d8da5" testListId="8c84fa94-04c1-424b-9868-57a2d4851a1d" />
    <TestEntry testId="f3bed39f-48ad-33ee-e5db-7f7f6353e59e" executionId="4a4e4144-2c66-41e0-aeb3-94d3a3eb1005" testListId="8c84fa94-04c1-424b-9868-57a2d4851a1d" />
    <TestEntry testId="d42cbb2a-9c1a-4f4b-4584-5987904f9667" executionId="a0dfd823-fc2f-49be-ac9e-e84d673d171f" testListId="8c84fa94-04c1-424b-9868-57a2d4851a1d" />
    <TestEntry testId="b51db8bf-d36e-0aa7-8a8f-f4a9946301ba" executionId="81d241b2-d332-41ff-bd84-a0eeb6aa9bb7" testListId="8c84fa94-04c1-424b-9868-57a2d4851a1d" />
    <TestEntry testId="e9dbbd1d-bdb4-59d4-eeba-825afa778cbf" executionId="ec1d6863-610d-4eb4-aded-578d8a5dbae7" testListId="8c84fa94-04c1-424b-9868-57a2d4851a1d" />
    <TestEntry testId="cbf11f0c-9efd-21c8-0344-f5e3de7c50b7" executionId="c174ccf4-b866-4c28-9dfd-28f9326d7d52" testListId="8c84fa94-04c1-424b-9868-57a2d4851a1d" />
    <TestEntry testId="25722854-c2f4-5f12-2a6e-611e5536b3f9" executionId="c634796a-b916-4543-af39-af230ce1f4a5" testListId="8c84fa94-04c1-424b-9868-57a2d4851a1d" />
    <TestEntry testId="908ca77d-10e0-7e63-e6d9-3ca0b72d983b" executionId="a98bc821-c7ad-4d45-9eb3-4fa3ef404ae5" testListId="8c84fa94-04c1-424b-9868-57a2d4851a1d" />
    <TestEntry testId="ab278c63-bff2-f9db-860f-8f2ccbfd3000" executionId="89d86981-4bdd-4440-8111-b39d2fa0d3ce" testListId="8c84fa94-04c1-424b-9868-57a2d4851a1d" />
    <TestEntry testId="df9d586a-70f3-fbab-79ce-75289b292830" executionId="5b80a70c-b421-4b27-b407-1fc6a7a40989" testListId="8c84fa94-04c1-424b-9868-57a2d4851a1d" />
    <TestEntry testId="5bb5f4cc-8a1b-1d50-5b9e-c5ad18e143dd" executionId="b638eafe-e243-4633-b1f1-dd4039c1f4fa" testListId="8c84fa94-04c1-424b-9868-57a2d4851a1d" />
    <TestEntry testId="54696586-86f2-8469-5df1-683c5f3e3dfd" executionId="9ccd8e05-a4c1-491d-b7b7-73da48cb7f09" testListId="8c84fa94-04c1-424b-9868-57a2d4851a1d" />
    <TestEntry testId="6ae09f4d-7fb0-f7a6-a0bc-f2e9d59235e4" executionId="75ca2664-47a0-49cc-89b3-d15d5f84f289" testListId="8c84fa94-04c1-424b-9868-57a2d4851a1d" />
    <TestEntry testId="fc7a0a39-6e21-813b-9448-b0a212a69660" executionId="0915540b-4176-424a-baa7-c9b13c7c9730" testListId="8c84fa94-04c1-424b-9868-57a2d4851a1d" />
    <TestEntry testId="2224406e-7d17-912a-65f5-f2ed533b7d62" executionId="32cc17b0-b482-4bab-952e-5ac4194b7f77" testListId="8c84fa94-04c1-424b-9868-57a2d4851a1d" />
    <TestEntry testId="22e4173d-cb7e-9ab3-0463-97b7ca2b1bae" executionId="887c9eba-2c35-4b5d-a803-5544fd27c7c4" testListId="8c84fa94-04c1-424b-9868-57a2d4851a1d" />
    <TestEntry testId="d196b395-f31e-f4e9-9268-5512404cf3f1" executionId="6511b132-be8e-448b-b146-9c0d94a7dcc4" testListId="8c84fa94-04c1-424b-9868-57a2d4851a1d" />
    <TestEntry testId="bdad5a6a-6be3-3f5f-d1ce-c9d3ae870232" executionId="1e502146-566c-470f-b56e-84b8560c01d5" testListId="8c84fa94-04c1-424b-9868-57a2d4851a1d" />
    <TestEntry testId="8ac86056-e85a-652a-d482-fa4bdb7792cb" executionId="0a215e62-754d-494f-8a53-e47798228ecc" testListId="8c84fa94-04c1-424b-9868-57a2d4851a1d" />
    <TestEntry testId="afe2b68b-714d-f139-8dd0-06272512af6b" executionId="2196bab5-a2dc-4855-81b4-7abcbab23fa5" testListId="8c84fa94-04c1-424b-9868-57a2d4851a1d" />
    <TestEntry testId="92c6010b-42e6-d615-8711-7979fc341358" executionId="a853d9bd-1a06-4dc4-90c9-089187cddd7b" testListId="8c84fa94-04c1-424b-9868-57a2d4851a1d" />
    <TestEntry testId="e914e3fe-73be-d3f9-019e-573e777a6b58" executionId="750b27ad-e565-43ae-9e77-94f012c0fa0d" testListId="8c84fa94-04c1-424b-9868-57a2d4851a1d" />
    <TestEntry testId="e084a9b3-905c-32f0-81f5-67ee354b61c3" executionId="6774b0d2-4946-4ef5-a1cd-a3c08e5dba4b" testListId="8c84fa94-04c1-424b-9868-57a2d4851a1d" />
    <TestEntry testId="1709b4f3-8a8f-5c39-8a35-941bd3a74a13" executionId="f9cf59cc-9ec5-4a40-a78c-ec948df6b838" testListId="8c84fa94-04c1-424b-9868-57a2d4851a1d" />
    <TestEntry testId="61bcbfaa-09a8-e49b-1e09-85c4de69467d" executionId="fccda108-cc68-4b1b-9a5e-782253c7ee06" testListId="8c84fa94-04c1-424b-9868-57a2d4851a1d" />
    <TestEntry testId="5f017da4-ef6a-5f78-e492-2001cbd1f689" executionId="d1571d43-9017-44fd-943f-a380380dc8cd" testListId="8c84fa94-04c1-424b-9868-57a2d4851a1d" />
    <TestEntry testId="6d9ca8dd-f154-227d-84e3-afa1a8dfa77e" executionId="0b8454da-345b-4c02-9e85-20228d9c34fc" testListId="8c84fa94-04c1-424b-9868-57a2d4851a1d" />
    <TestEntry testId="41759be0-8d28-fc24-8f8d-4b3695413d75" executionId="19f1c094-33eb-4faa-9ad4-61bf11522990" testListId="8c84fa94-04c1-424b-9868-57a2d4851a1d" />
    <TestEntry testId="ed26fc88-791f-1658-dbfa-7a48264cd0f8" executionId="5a0fec00-23ad-4332-85a2-a45f33bedde2" testListId="8c84fa94-04c1-424b-9868-57a2d4851a1d" />
    <TestEntry testId="a65bf685-fa17-2ecf-1f83-09acfe0e037c" executionId="1959d450-efe4-44e5-8e5c-27750578ac9c" testListId="8c84fa94-04c1-424b-9868-57a2d4851a1d" />
    <TestEntry testId="3c30a966-5d71-f183-32cf-39fc6c1d9ded" executionId="f2b34101-ac64-41f9-8ab1-f3d9c3d12c10" testListId="8c84fa94-04c1-424b-9868-57a2d4851a1d" />
    <TestEntry testId="4cb6405b-7bb5-3db8-6617-a196a7bd9324" executionId="89464573-9d16-4e99-a6b5-f6fb57128fab" testListId="8c84fa94-04c1-424b-9868-57a2d4851a1d" />
    <TestEntry testId="1c229850-235f-5d22-0ad9-1b5eab113d0f" executionId="129e35ea-16fe-4ad9-9cf7-c9989bc127d6" testListId="8c84fa94-04c1-424b-9868-57a2d4851a1d" />
    <TestEntry testId="572906bd-cd69-d3d4-c0be-6d2b51eb223e" executionId="ef6aed93-9448-4d5b-818e-31eb39413494" testListId="8c84fa94-04c1-424b-9868-57a2d4851a1d" />
    <TestEntry testId="825fd467-52f0-ebc3-102d-d554859cb5d0" executionId="0d07e11d-7371-40da-8c35-4a0ed3aefdbf" testListId="8c84fa94-04c1-424b-9868-57a2d4851a1d" />
    <TestEntry testId="551f761e-e349-7a4d-824e-ba9635e4feb9" executionId="b275095c-0126-4564-aade-c70149b2aee5" testListId="8c84fa94-04c1-424b-9868-57a2d4851a1d" />
    <TestEntry testId="f7c7c155-dacf-8b29-9ffb-7a4a19c5a5dd" executionId="6bff55e8-43dc-44f6-992b-f0be4df9f8c8" testListId="8c84fa94-04c1-424b-9868-57a2d4851a1d" />
    <TestEntry testId="bccd6e78-8c25-27a8-f677-63c64669d165" executionId="a6fc84b4-740b-43d0-bcba-2411e0616613" testListId="8c84fa94-04c1-424b-9868-57a2d4851a1d" />
    <TestEntry testId="fb2f3300-9207-53e8-1b8c-3c0b3c97dd35" executionId="fb2ae0c4-62f7-47a3-9fa2-7c8b74a2c904" testListId="8c84fa94-04c1-424b-9868-57a2d4851a1d" />
    <TestEntry testId="de963660-c9b7-1271-b4b4-cb536cfbd754" executionId="a4a61dfb-346d-4596-9d24-0400b6e39f86" testListId="8c84fa94-04c1-424b-9868-57a2d4851a1d" />
    <TestEntry testId="763c96db-6624-3c72-6180-fc6aded732d6" executionId="b2df2419-25fe-402c-971d-69a6676f8dee" testListId="8c84fa94-04c1-424b-9868-57a2d4851a1d" />
    <TestEntry testId="e6fd593e-8926-6b22-f12a-96430c0fbf2e" executionId="6c9c78a7-ffd7-41b3-a90a-1e9d5939577b" testListId="8c84fa94-04c1-424b-9868-57a2d4851a1d" />
    <TestEntry testId="01230dda-dd09-14e4-5ba7-6cc5a66146fe" executionId="a5489d84-04f8-4c48-ac6b-b56756be5a86" testListId="8c84fa94-04c1-424b-9868-57a2d4851a1d" />
    <TestEntry testId="0b233c23-ae12-4c20-ed95-2f98eacd55ad" executionId="ba8b5438-ff2f-4b98-a6fd-4b3dcbe657d5" testListId="8c84fa94-04c1-424b-9868-57a2d4851a1d" />
    <TestEntry testId="93743fcd-e2c6-fcf8-1983-d6902911611b" executionId="d71ebbce-a1ec-448c-8646-64144a3f3edc" testListId="8c84fa94-04c1-424b-9868-57a2d4851a1d" />
    <TestEntry testId="b21fa29a-c221-a436-8f17-6ab1b870468e" executionId="73d1bd90-fb1f-4e32-a971-558fb3911052" testListId="8c84fa94-04c1-424b-9868-57a2d4851a1d" />
    <TestEntry testId="7e85cdf8-1845-3a87-ed06-04c18958f263" executionId="9fca47a8-a97c-40b4-b3f2-83d35dc51498" testListId="8c84fa94-04c1-424b-9868-57a2d4851a1d" />
    <TestEntry testId="61aaf27a-5745-0675-9d0e-4fbe43a5a884" executionId="bcedcd85-bb21-4bd2-9e15-25bad5d6c66e" testListId="8c84fa94-04c1-424b-9868-57a2d4851a1d" />
    <TestEntry testId="c72117c3-ab57-465e-9a92-830e8834255d" executionId="3f9225f1-c69e-412a-b7be-ec15c70eb4a1" testListId="8c84fa94-04c1-424b-9868-57a2d4851a1d" />
    <TestEntry testId="f198c2f2-d97d-2ebd-6b38-42f64079cc49" executionId="61ae699a-b116-4dc0-83ff-9fbb909e4ef8" testListId="8c84fa94-04c1-424b-9868-57a2d4851a1d" />
    <TestEntry testId="79a32c9d-4915-abcb-12b1-98842e995302" executionId="00e4b7da-b38c-4a06-a3e6-67960cb52120" testListId="8c84fa94-04c1-424b-9868-57a2d4851a1d" />
    <TestEntry testId="5033ea7f-6424-ac9d-62c6-f7211e73cb60" executionId="49b40b62-9869-4ac7-a708-9575fb7524f8" testListId="8c84fa94-04c1-424b-9868-57a2d4851a1d" />
    <TestEntry testId="5f395eb8-218b-3fe3-c75a-6bcd29c3c784" executionId="0c2bbdca-187b-4ba5-b3df-4242fe2f1619" testListId="8c84fa94-04c1-424b-9868-57a2d4851a1d" />
    <TestEntry testId="b7cfb307-96eb-9fb6-4f2c-0693389085a8" executionId="5ceb443f-3a63-47c2-9d94-817f5b43b46c" testListId="8c84fa94-04c1-424b-9868-57a2d4851a1d" />
    <TestEntry testId="abcd273c-5fb8-2e18-1f45-cd1c0a4ca70a" executionId="fef1c6d4-600e-47d8-99d5-1b585fdca8cd" testListId="8c84fa94-04c1-424b-9868-57a2d4851a1d" />
    <TestEntry testId="de71ee28-6047-7932-7ce3-b7522d43123b" executionId="6cbd510f-7c76-4c78-8d75-00dc11a166ee" testListId="8c84fa94-04c1-424b-9868-57a2d4851a1d" />
    <TestEntry testId="e5732d60-3c29-5f54-625b-18b06e1698c9" executionId="d568ce23-1784-4e6e-9432-7e0c891a73bd" testListId="8c84fa94-04c1-424b-9868-57a2d4851a1d" />
    <TestEntry testId="e99f9d4b-5305-939e-bdec-d1eb40673157" executionId="d9cabf30-aa79-482c-8b4f-27e682f30555" testListId="8c84fa94-04c1-424b-9868-57a2d4851a1d" />
    <TestEntry testId="b746141d-802a-6057-c7e9-1c6bb64fc356" executionId="64ea4c6d-1e1e-4ba8-af51-3393086a428a" testListId="8c84fa94-04c1-424b-9868-57a2d4851a1d" />
    <TestEntry testId="9c220c5d-d3c2-7f8d-3655-60791670893c" executionId="e16c869a-4db7-4a1e-aeb4-bfc113ba1faa" testListId="8c84fa94-04c1-424b-9868-57a2d4851a1d" />
    <TestEntry testId="b2106cab-7252-8e78-56a6-4549da11719c" executionId="01188f65-1d88-4ef8-99ea-7f82a1937dc0" testListId="8c84fa94-04c1-424b-9868-57a2d4851a1d" />
    <TestEntry testId="abb00982-0096-661e-4e2d-bf082834ac59" executionId="b36ba25f-2b94-493a-a408-f1ba220fbddb" testListId="8c84fa94-04c1-424b-9868-57a2d4851a1d" />
    <TestEntry testId="7bc1d170-f1b7-3e2b-5aa9-100d068bc770" executionId="4610f09a-8bec-4cbe-966a-dfaa14665733" testListId="8c84fa94-04c1-424b-9868-57a2d4851a1d" />
    <TestEntry testId="798740c7-4bcf-2860-2b4d-5db188ed8088" executionId="0d2c6ae0-d10f-424f-b9b2-491bcb7359f6" testListId="8c84fa94-04c1-424b-9868-57a2d4851a1d" />
    <TestEntry testId="28ddcac7-99bc-77c0-4dc8-ebd403fecbf6" executionId="1932c23e-a3ca-48f3-89a2-92b051587682" testListId="8c84fa94-04c1-424b-9868-57a2d4851a1d" />
    <TestEntry testId="237acf57-c5fc-ca6c-3440-3d76add45b48" executionId="d625df0e-4adb-4b78-a80d-ad0eb7cc288f" testListId="8c84fa94-04c1-424b-9868-57a2d4851a1d" />
    <TestEntry testId="77611967-c39f-23b1-340b-615b960040c1" executionId="1d7a3940-ff5a-4eb9-8386-8e6d634e600c" testListId="8c84fa94-04c1-424b-9868-57a2d4851a1d" />
    <TestEntry testId="8ca401d4-73e8-2216-59da-4cc641e70c7c" executionId="9015849d-76c4-4f82-a6b2-cc780db69ae5" testListId="8c84fa94-04c1-424b-9868-57a2d4851a1d" />
    <TestEntry testId="8a23c638-9a92-0466-2449-0a7778ea7ab5" executionId="6be0aefe-84d8-4b7c-a71f-e13ebd3f0e08" testListId="8c84fa94-04c1-424b-9868-57a2d4851a1d" />
    <TestEntry testId="37aa9393-f589-b635-2eec-42cc9cc48359" executionId="f31a7102-df13-4baa-9790-d110771c3b42" testListId="8c84fa94-04c1-424b-9868-57a2d4851a1d" />
    <TestEntry testId="3220c2ae-91b6-aff4-18b0-88557d16da4b" executionId="7dd27d1f-b1f3-43bf-a2c1-2216cf53651e" testListId="8c84fa94-04c1-424b-9868-57a2d4851a1d" />
    <TestEntry testId="a2ad77d5-a223-490a-1277-8c00d5248cb1" executionId="a21c2b12-f9a0-4af9-84b0-6c156ae68387" testListId="8c84fa94-04c1-424b-9868-57a2d4851a1d" />
    <TestEntry testId="f56c348e-07a4-4939-d517-9340c0ab873a" executionId="20fdaf02-09fb-4af6-863f-d50ec7957dd8" testListId="8c84fa94-04c1-424b-9868-57a2d4851a1d" />
    <TestEntry testId="6412ce07-78c8-4c98-b55c-92f2fe3f0b2c" executionId="05b44bc9-a087-4f48-8339-364b931173b6" testListId="8c84fa94-04c1-424b-9868-57a2d4851a1d" />
    <TestEntry testId="bdf003e6-5e31-3757-8de6-b259949e60c6" executionId="6091c9ca-484f-4045-8b52-03f1be385315" testListId="8c84fa94-04c1-424b-9868-57a2d4851a1d" />
    <TestEntry testId="0ee73c2d-1ffb-ddf9-4e07-1b1702a6be39" executionId="2494023d-e510-447b-b143-558d752917a6" testListId="8c84fa94-04c1-424b-9868-57a2d4851a1d" />
    <TestEntry testId="697f4dc9-7b2c-f900-0b6d-c768a091bc66" executionId="99ce86f2-41aa-454a-8a66-80b558c4772d" testListId="8c84fa94-04c1-424b-9868-57a2d4851a1d" />
    <TestEntry testId="c44b47ac-34e7-a034-b2d7-a56e3ecf6a11" executionId="57b20604-c644-4de2-ba82-1dc6e06b8f31" testListId="8c84fa94-04c1-424b-9868-57a2d4851a1d" />
    <TestEntry testId="5ac0815c-2cd0-83c8-4b20-9a9ca5bc58af" executionId="1a46f10c-f5a3-40c3-9e39-5024fecb535b" testListId="8c84fa94-04c1-424b-9868-57a2d4851a1d" />
    <TestEntry testId="ce42fe75-2d5f-24a5-7c82-31959a01f53f" executionId="16b47465-c838-4d32-9bc4-c1cb56124f33" testListId="8c84fa94-04c1-424b-9868-57a2d4851a1d" />
    <TestEntry testId="ab5c8b26-ceaf-e0b0-101d-d5f2cd6d0842" executionId="0e6f4270-7eba-46bd-8ab2-0602b9aa6893" testListId="8c84fa94-04c1-424b-9868-57a2d4851a1d" />
    <TestEntry testId="44d94748-57c3-dbaf-aee8-a341a854133e" executionId="1f276c0a-d6f7-40f1-ae86-f4fd19d0bae7" testListId="8c84fa94-04c1-424b-9868-57a2d4851a1d" />
    <TestEntry testId="384e7e46-2939-dfa4-d397-51eef363ea84" executionId="8fc60862-ddaa-419a-aea8-b06f9a8d153c" testListId="8c84fa94-04c1-424b-9868-57a2d4851a1d" />
    <TestEntry testId="b54fbc8b-aa09-8101-26eb-6b944ceeffe0" executionId="15de7548-56ae-480a-b995-773c14d04956" testListId="8c84fa94-04c1-424b-9868-57a2d4851a1d" />
    <TestEntry testId="3c513f3b-1271-3f9c-ccd2-60479767cb29" executionId="c0604246-e0d9-4b92-8922-2444bf7aee77" testListId="8c84fa94-04c1-424b-9868-57a2d4851a1d" />
    <TestEntry testId="df226330-7aa0-8c33-1b47-375d91200853" executionId="3d09b6cd-64b3-4abc-ab47-f2ab188fd852" testListId="8c84fa94-04c1-424b-9868-57a2d4851a1d" />
    <TestEntry testId="197d35fc-39a4-fea2-6905-93fada68d92e" executionId="5bf1c626-f5a3-4531-8325-fedb7c2e07e6" testListId="8c84fa94-04c1-424b-9868-57a2d4851a1d" />
    <TestEntry testId="33acbcbc-981c-563d-91c0-da679c0851c2" executionId="12deaca8-9ab2-47c3-83a9-3613b4621163" testListId="8c84fa94-04c1-424b-9868-57a2d4851a1d" />
    <TestEntry testId="e75832d6-d2ab-78bd-b121-c76c19fe297c" executionId="01811193-c965-487c-9c53-0117a91d31c1" testListId="8c84fa94-04c1-424b-9868-57a2d4851a1d" />
    <TestEntry testId="adbea6d5-a912-6bd3-599d-7bd4f6b0b166" executionId="60d05727-2e10-4da9-ba8d-ab62b4c69b01" testListId="8c84fa94-04c1-424b-9868-57a2d4851a1d" />
    <TestEntry testId="19a77eda-136e-3711-6b1c-4a0ca92ae853" executionId="3c444bd6-13e6-4f84-b17d-5cf1ea3afd6e" testListId="8c84fa94-04c1-424b-9868-57a2d4851a1d" />
    <TestEntry testId="842abb2a-cf12-4fa5-cea8-ba137980c871" executionId="425bd10a-2479-4d3e-a15b-60b2cb13ef87" testListId="8c84fa94-04c1-424b-9868-57a2d4851a1d" />
    <TestEntry testId="32c198b5-8ae6-5eaa-e3d6-53da2a126eff" executionId="195e03db-fe1c-4aa1-bee7-18b202316647" testListId="8c84fa94-04c1-424b-9868-57a2d4851a1d" />
    <TestEntry testId="1ab65006-1d16-c78b-9176-c6d1cbfa198a" executionId="628eaa91-59d6-4f9f-aa27-ff8657c8edaf" testListId="8c84fa94-04c1-424b-9868-57a2d4851a1d" />
    <TestEntry testId="3cd06007-638e-cadc-f706-4c9a509133f7" executionId="be32371f-3b28-46be-9103-242b51c0d582" testListId="8c84fa94-04c1-424b-9868-57a2d4851a1d" />
    <TestEntry testId="d6ad8503-abcd-d671-2bc8-4af4c4c0ff76" executionId="539146da-ff0e-4f00-8923-8ee17483240e" testListId="8c84fa94-04c1-424b-9868-57a2d4851a1d" />
    <TestEntry testId="db53c524-8356-fa82-3d0f-6ff9dca12bff" executionId="db600623-5168-4655-aa58-0ab898d65bc2" testListId="8c84fa94-04c1-424b-9868-57a2d4851a1d" />
    <TestEntry testId="cfa379e1-09d8-dba5-206b-c6e2aaf24ff1" executionId="1891a740-1a5d-475a-b682-7336b0a1a2e7" testListId="8c84fa94-04c1-424b-9868-57a2d4851a1d" />
    <TestEntry testId="6da5de44-db3e-61ee-f3a8-e77c4b84e1d8" executionId="fe16b553-4d3f-420d-9ded-bcf201d0aa86" testListId="8c84fa94-04c1-424b-9868-57a2d4851a1d" />
    <TestEntry testId="f821754b-36b1-623e-2d29-fe80c1cce32e" executionId="3036fb09-d101-4dc4-9c88-6a00bf0aedef" testListId="8c84fa94-04c1-424b-9868-57a2d4851a1d" />
    <TestEntry testId="9244f1a4-b96d-9fb0-92ad-43c8c501a1ac" executionId="0b6df266-5e60-4bb9-be9e-3b5310052c0c" testListId="8c84fa94-04c1-424b-9868-57a2d4851a1d" />
    <TestEntry testId="23936ca9-cb04-0d9a-ca60-67e86f26450c" executionId="e2b04a33-a83e-4e95-b8c8-0e0e9fef2ecf" testListId="8c84fa94-04c1-424b-9868-57a2d4851a1d" />
    <TestEntry testId="79d5918b-926d-0485-ef83-d1e8dd4fbb4d" executionId="b4f04e01-a976-4c43-a31d-5aedf06055e3" testListId="8c84fa94-04c1-424b-9868-57a2d4851a1d" />
    <TestEntry testId="3b11aa8b-1906-ff2b-88bb-e6031120b9a4" executionId="eb550da0-43ab-46fa-8c26-8eb4eb40bbd3" testListId="8c84fa94-04c1-424b-9868-57a2d4851a1d" />
    <TestEntry testId="4ae4fa9c-3625-f28b-db54-5c87485005f7" executionId="ec7d9800-38b3-413c-b87d-07d1a843b176" testListId="8c84fa94-04c1-424b-9868-57a2d4851a1d" />
    <TestEntry testId="3d0a5188-5277-1639-d400-b007191338ee" executionId="c8c3b6de-3ec2-4c26-b8ce-bb563b17f9e9" testListId="8c84fa94-04c1-424b-9868-57a2d4851a1d" />
    <TestEntry testId="254cc30b-5b1d-8fc3-09ec-d3df0b2b3af0" executionId="70afa417-94c9-4538-9b01-bc6f3d04606a" testListId="8c84fa94-04c1-424b-9868-57a2d4851a1d" />
    <TestEntry testId="a70297cb-b828-e320-a622-e744839b447c" executionId="fc07a444-1527-4a11-ba49-89a4a3f95dd1" testListId="8c84fa94-04c1-424b-9868-57a2d4851a1d" />
    <TestEntry testId="7de23b8f-ae41-29e1-9984-ffa5121128b2" executionId="4a9e9106-2b42-43a2-81f9-f4e860e4f3e7" testListId="8c84fa94-04c1-424b-9868-57a2d4851a1d" />
    <TestEntry testId="c9eb1b17-3b99-5890-d0cf-5a0275a0e128" executionId="50de987b-3ed9-4d1b-ad74-03eaad576ba2" testListId="8c84fa94-04c1-424b-9868-57a2d4851a1d" />
    <TestEntry testId="f21fef0c-1b6d-1012-7719-4d0ad013ab4a" executionId="8e28584e-6ceb-45db-a826-5e0e900340c7" testListId="8c84fa94-04c1-424b-9868-57a2d4851a1d" />
    <TestEntry testId="300f6dee-6490-83f6-adc0-de2d0fa5816e" executionId="5bd27d9e-3bd4-4f54-832a-912e6ded76cb" testListId="8c84fa94-04c1-424b-9868-57a2d4851a1d" />
    <TestEntry testId="9dd28135-464f-23ca-c59d-4fbeadbbd66f" executionId="9cfd7479-c195-49a7-a54c-e593621d247a" testListId="8c84fa94-04c1-424b-9868-57a2d4851a1d" />
    <TestEntry testId="d1a34dd5-f580-23eb-b44e-ee2c966b1def" executionId="69d2b3b5-aff5-4662-9867-c68385325f0d" testListId="8c84fa94-04c1-424b-9868-57a2d4851a1d" />
    <TestEntry testId="ca2684eb-4d89-488c-7145-809d378571ad" executionId="d9526465-803e-4980-bdaf-3f6b67a48e0e" testListId="8c84fa94-04c1-424b-9868-57a2d4851a1d" />
    <TestEntry testId="c8ec8d0b-8726-1048-5a8e-70417ccfe9cc" executionId="db951d5a-f9b9-4742-9d70-e0d5a4dc02b0" testListId="8c84fa94-04c1-424b-9868-57a2d4851a1d" />
    <TestEntry testId="df0bcd8b-7844-5b92-d01d-86530aea9c35" executionId="cd4b0af1-f503-453f-8fc6-c290751f44f4" testListId="8c84fa94-04c1-424b-9868-57a2d4851a1d" />
    <TestEntry testId="906536ef-e98f-d22a-f50e-edb13761511c" executionId="2fa07768-3a9b-4248-8987-a540b2e92e0a" testListId="8c84fa94-04c1-424b-9868-57a2d4851a1d" />
    <TestEntry testId="4d224471-c0d3-8189-5d40-1274a3458e31" executionId="e28a26e1-a003-4788-b8cb-e0c3cd4de0fe" testListId="8c84fa94-04c1-424b-9868-57a2d4851a1d" />
    <TestEntry testId="eb8a8a87-74b5-4d8f-53ef-eaad7463aa03" executionId="09934e6d-0f17-4cde-8c2d-8ac6cf108604" testListId="8c84fa94-04c1-424b-9868-57a2d4851a1d" />
    <TestEntry testId="c3b1ea7b-ede6-c7b9-1230-73a5ed747da0" executionId="261fb5e7-eac8-4076-a371-cdd4a1dbc526" testListId="8c84fa94-04c1-424b-9868-57a2d4851a1d" />
    <TestEntry testId="c2b658e0-4b22-738c-bebe-cd41ac9fe9da" executionId="7f981bf6-73f5-44b7-ab95-52c2f3a9ba6c" testListId="8c84fa94-04c1-424b-9868-57a2d4851a1d" />
    <TestEntry testId="af6ab75d-3a77-f5b8-a91e-e7b06ac4dc02" executionId="fc1243d2-9dfe-44e2-b526-cbf880ca091a" testListId="8c84fa94-04c1-424b-9868-57a2d4851a1d" />
    <TestEntry testId="3f3fa638-09ba-1011-7392-05cac169df0e" executionId="872a55b1-9b3a-4c27-9981-52ec31d11714" testListId="8c84fa94-04c1-424b-9868-57a2d4851a1d" />
    <TestEntry testId="f29bdae9-c01a-7137-ad74-65c73cf932a0" executionId="8c5e23a9-dee4-4c97-9f55-5ae10ab5367e" testListId="8c84fa94-04c1-424b-9868-57a2d4851a1d" />
    <TestEntry testId="04ba60a7-0794-c732-2213-aafcbc4ed08e" executionId="5ce5d4a9-0747-4edd-9af2-82bb8927769c" testListId="8c84fa94-04c1-424b-9868-57a2d4851a1d" />
    <TestEntry testId="d70ea16a-84c0-2dfe-d4d6-916e2a4eee9d" executionId="47c81543-7f45-4ec6-abe0-85c95b1fbb7d" testListId="8c84fa94-04c1-424b-9868-57a2d4851a1d" />
    <TestEntry testId="2235aeb2-d9db-b858-9ee9-ee90338ff81a" executionId="044e601a-b2ed-4784-b6a2-af6b46cec298" testListId="8c84fa94-04c1-424b-9868-57a2d4851a1d" />
    <TestEntry testId="556ee242-82d6-10d0-ca79-6cc9ec701327" executionId="cf66849c-096d-408f-8a70-9cafb270108f" testListId="8c84fa94-04c1-424b-9868-57a2d4851a1d" />
    <TestEntry testId="2b872452-2694-911a-53e8-7326d451f370" executionId="db7fc7c3-cd9a-42d7-9a97-18161ec54682" testListId="8c84fa94-04c1-424b-9868-57a2d4851a1d" />
    <TestEntry testId="3c0e3cca-3008-f566-244c-afe831eddad2" executionId="14390824-6341-48b1-aaa7-1f0484be6110" testListId="8c84fa94-04c1-424b-9868-57a2d4851a1d" />
    <TestEntry testId="94f7471f-2f99-85fa-737f-00c961802a75" executionId="51727f07-af42-4396-bef1-6d2e2d4d047e" testListId="8c84fa94-04c1-424b-9868-57a2d4851a1d" />
    <TestEntry testId="9c78167c-ee87-bb4b-a014-3af8451f157b" executionId="0c6b9fcb-dea0-44dc-9e55-ea27abac5889" testListId="8c84fa94-04c1-424b-9868-57a2d4851a1d" />
    <TestEntry testId="b6013297-8c3d-783b-6fe1-bb174e228c37" executionId="3d5c8d94-dc00-4e5f-95b7-d1e6eb5810c8" testListId="8c84fa94-04c1-424b-9868-57a2d4851a1d" />
    <TestEntry testId="a207ed3e-8aa1-e579-40f1-2c4582cae8f7" executionId="201d051e-513c-40c0-9c70-1824d6234242" testListId="8c84fa94-04c1-424b-9868-57a2d4851a1d" />
    <TestEntry testId="3ec526ca-e695-30ed-ab17-22afd64268e8" executionId="34c7cf8a-f134-443b-9516-53043e3c5748" testListId="8c84fa94-04c1-424b-9868-57a2d4851a1d" />
    <TestEntry testId="acbd658a-0a3a-c64b-60e8-e42ad757ae25" executionId="b237d88d-adb0-4778-985e-1f7f508bbc86" testListId="8c84fa94-04c1-424b-9868-57a2d4851a1d" />
    <TestEntry testId="bf1b4d49-e184-dfdd-ed3f-683ae593c916" executionId="07b08bfb-bce8-4c51-a7ea-5a7614677871" testListId="8c84fa94-04c1-424b-9868-57a2d4851a1d" />
    <TestEntry testId="bda16938-26e8-7f58-0e78-0355787a8bdc" executionId="44970bd0-c046-41a1-ab78-73adb0f0f774" testListId="8c84fa94-04c1-424b-9868-57a2d4851a1d" />
    <TestEntry testId="832d5440-de3d-6f1a-08b7-c647cf8b2957" executionId="17d1ee1c-331d-4b96-b117-95bb1305be8b" testListId="8c84fa94-04c1-424b-9868-57a2d4851a1d" />
    <TestEntry testId="1c24d863-fa07-deb5-4fb7-f467d466cb55" executionId="93677286-91c4-48c8-9803-e30a2c671656" testListId="8c84fa94-04c1-424b-9868-57a2d4851a1d" />
    <TestEntry testId="1e217421-7ab3-102f-da0e-17a8335329d4" executionId="3bac55ea-4e6f-40a7-a8ab-5aa3e6d20fca" testListId="8c84fa94-04c1-424b-9868-57a2d4851a1d" />
    <TestEntry testId="4a9b90f7-2118-e89c-bf1b-7ef1296b8510" executionId="83d1ac05-20cd-4eae-bb48-89dfbdebdfc4" testListId="8c84fa94-04c1-424b-9868-57a2d4851a1d" />
    <TestEntry testId="fdd1ff42-4124-956c-0518-65da789ad001" executionId="e3498016-a64e-4607-b3d5-8306989db3c0" testListId="8c84fa94-04c1-424b-9868-57a2d4851a1d" />
    <TestEntry testId="3dc1068f-82d6-84de-c908-e4f233ecb350" executionId="8b97d3d0-d0fc-4c24-9e7a-641b7b20fb80" testListId="8c84fa94-04c1-424b-9868-57a2d4851a1d" />
    <TestEntry testId="48240e2c-a4d9-2594-4296-f471c14fc6a7" executionId="6518c0e9-7c87-4778-83b5-0721e95e2407" testListId="8c84fa94-04c1-424b-9868-57a2d4851a1d" />
    <TestEntry testId="04e7d918-25da-0f85-ac00-ebd526c020fb" executionId="aa27b69f-1d5b-4f9c-91cb-ff92840f4865" testListId="8c84fa94-04c1-424b-9868-57a2d4851a1d" />
    <TestEntry testId="5cb5360f-8333-646e-ca46-79420386605a" executionId="bf3acbe8-09fe-4d2e-ad2c-d45faaefad40" testListId="8c84fa94-04c1-424b-9868-57a2d4851a1d" />
    <TestEntry testId="f3f9712d-8345-c669-0fbc-cbc9158ba417" executionId="f8156d59-4e1f-4920-9077-1fdbb1ce01c8" testListId="8c84fa94-04c1-424b-9868-57a2d4851a1d" />
    <TestEntry testId="a7d43b45-68fb-6563-aff9-012574dcbd84" executionId="84756123-0815-43a8-862f-1195cc3ef12d" testListId="8c84fa94-04c1-424b-9868-57a2d4851a1d" />
    <TestEntry testId="91cc1712-5c7e-8346-f0fe-787746e3c609" executionId="e9348e51-a0bd-48d5-a8dd-779457d5013a" testListId="8c84fa94-04c1-424b-9868-57a2d4851a1d" />
    <TestEntry testId="1e8f1476-74a1-8640-15d5-70d9d9626f1e" executionId="ca151c6e-8b5b-4bcd-a7c4-041f2a2009ab" testListId="8c84fa94-04c1-424b-9868-57a2d4851a1d" />
    <TestEntry testId="9ead8476-3505-ae20-9014-95ec40346eb5" executionId="dd883d4c-8a24-473f-8e66-0a91198e0c46" testListId="8c84fa94-04c1-424b-9868-57a2d4851a1d" />
    <TestEntry testId="8172ea32-9774-17c0-293a-0ca21dc5cce3" executionId="d707eef7-3b39-43a3-9408-aca15704e737" testListId="8c84fa94-04c1-424b-9868-57a2d4851a1d" />
    <TestEntry testId="ef88aec7-46d3-dd30-ec64-a51e14f8fab1" executionId="a04b4dfd-0ab9-4b2c-940c-d1e5c44db77d" testListId="8c84fa94-04c1-424b-9868-57a2d4851a1d" />
  </TestEntries>
  <TestLists>
    <TestList name="Results Not in a List" id="8c84fa94-04c1-424b-9868-57a2d4851a1d" />
    <TestList name="All Loaded Results" id="19431567-8539-422a-85d7-44ee4e166bda" />
  </TestLists>
  <ResultSummary outcome="Completed">
    <Counters total="266" executed="266" passed="266" failed="0" error="0" timeout="0" aborted="0" inconclusive="0" passedButRunAborted="0" notRunnable="0" notExecuted="0" disconnected="0" warning="0" completed="0" inProgress="0" pending="0" />
  </ResultSummary>
</TestRun>