<?xml version="1.0" encoding="utf-8"?>
<TestRun id="224308b5-4e1e-4fc4-8f2d-4eda4f8ebde6" name="@dadsmbp 2025-08-22 12:12:54" xmlns="http://microsoft.com/schemas/VisualStudio/TeamTest/2010">
  <Times creation="2025-08-22T12:12:54.9400830-04:00" queuing="2025-08-22T12:12:54.9400830-04:00" start="2025-08-22T12:12:54.4328390-04:00" finish="2025-08-22T12:12:55.1433130-04:00" />
  <TestSettings name="default" id="939271b2-bb77-4ec7-9f6c-c3252f15cc64">
    <Deployment runDeploymentRoot="_dadsmbp_2025-08-22_12_12_54" />
  </TestSettings>
  <Results>
    <UnitTestResult executionId="2f16e732-243d-4cf1-9125-8d077273d39f" testId="5ac0815c-2cd0-83c8-4b20-9a9ca5bc58af" testName="Parser Tests.Statement Parser Tests.Basic Statements.break statement" computerName="dadsmbp" startTime="2025-08-22T12:12:55.0350080-04:00" endTime="2025-08-22T12:12:55.0361950-04:00" testType="13cdc9d9-ddb5-4fa4-a97d-d965ccfc6d4b" outcome="Passed" testListId="8c84fa94-04c1-424b-9868-57a2d4851a1d" relativeResultsDirectory="2f16e732-243d-4cf1-9125-8d077273d39f" />
    <UnitTestResult executionId="406b79a2-824a-4002-9139-8dd7f552ae76" testId="0be8d713-e704-74fa-c8fe-5901f43db625" testName="Parser Tests.Expression Parser Tests.Literals.hex escape newline" computerName="dadsmbp" startTime="2025-08-22T12:12:54.9466010-04:00" endTime="2025-08-22T12:12:54.9469190-04:00" testType="13cdc9d9-ddb5-4fa4-a97d-d965ccfc6d4b" outcome="Passed" testListId="8c84fa94-04c1-424b-9868-57a2d4851a1d" relativeResultsDirectory="406b79a2-824a-4002-9139-8dd7f552ae76" />
    <UnitTestResult executionId="8fac6141-5124-4949-99c6-e20afbb3031c" testId="77611967-c39f-23b1-340b-615b960040c1" testName="Parser Tests.Expression Parser Tests.Table Constructors.Complex Examples.table with function calls" computerName="dadsmbp" startTime="2025-08-22T12:12:55.0235190-04:00" endTime="2025-08-22T12:12:55.0237060-04:00" testType="13cdc9d9-ddb5-4fa4-a97d-d965ccfc6d4b" outcome="Passed" testListId="8c84fa94-04c1-424b-9868-57a2d4851a1d" relativeResultsDirectory="8fac6141-5124-4949-99c6-e20afbb3031c" />
    <UnitTestResult executionId="4dfdff8e-3ece-417d-953e-97fa14851f12" testId="50da10f7-26a6-5189-a981-de50fa2ada1b" testName="Parser Tests.Expression Parser Tests.Edge Cases.boolean logic chain" computerName="dadsmbp" startTime="2025-08-22T12:12:54.9901230-04:00" endTime="2025-08-22T12:12:54.9904550-04:00" testType="13cdc9d9-ddb5-4fa4-a97d-d965ccfc6d4b" outcome="Passed" testListId="8c84fa94-04c1-424b-9868-57a2d4851a1d" relativeResultsDirectory="4dfdff8e-3ece-417d-953e-97fa14851f12" />
    <UnitTestResult executionId="c1c65b43-89b4-4947-8f25-cf8fbafebb17" testId="862c78bf-ab7b-7516-2ebe-a03d490a5635" testName="Parser Tests.Expression Parser Tests.Method Calls.mixed access and method" computerName="dadsmbp" startTime="2025-08-22T12:12:55.0013110-04:00" endTime="2025-08-22T12:12:55.0019140-04:00" testType="13cdc9d9-ddb5-4fa4-a97d-d965ccfc6d4b" outcome="Passed" testListId="8c84fa94-04c1-424b-9868-57a2d4851a1d" relativeResultsDirectory="c1c65b43-89b4-4947-8f25-cf8fbafebb17" />
    <UnitTestResult executionId="aecff78d-3cc1-45db-9bb3-c4304c4e5c66" testId="e1168bf7-fb11-75ad-9550-9989387a8ebe" testName="Parser Tests.Statement Parser Tests.Integration Tests - Multiple Features.return with method calls and table constructor" computerName="dadsmbp" startTime="2025-08-22T12:12:55.0561380-04:00" endTime="2025-08-22T12:12:55.0567320-04:00" testType="13cdc9d9-ddb5-4fa4-a97d-d965ccfc6d4b" outcome="Passed" testListId="8c84fa94-04c1-424b-9868-57a2d4851a1d" relativeResultsDirectory="aecff78d-3cc1-45db-9bb3-c4304c4e5c66" />
    <UnitTestResult executionId="52455346-cf6e-4eca-b39f-122512992a9b" testId="9c786e3a-f036-49d6-6407-0d5acd7c1f61" testName="Scientific notation parsing.Positive exponent" computerName="dadsmbp" startTime="2025-08-22T12:12:55.0886980-04:00" endTime="2025-08-22T12:12:55.0898750-04:00" testType="13cdc9d9-ddb5-4fa4-a97d-d965ccfc6d4b" outcome="Passed" testListId="8c84fa94-04c1-424b-9868-57a2d4851a1d" relativeResultsDirectory="52455346-cf6e-4eca-b39f-122512992a9b" />
    <UnitTestResult executionId="a3177180-2bda-473a-aa8d-78f625647708" testId="3b276006-ded9-3e33-7cce-35cbf2995e25" testName="Parser Tests.Statement Parser Tests.Control Flow Statements.if with else" computerName="dadsmbp" duration="00:00:00.0010000" startTime="2025-08-22T12:12:55.0352810-04:00" endTime="2025-08-22T12:12:55.0363900-04:00" testType="13cdc9d9-ddb5-4fa4-a97d-d965ccfc6d4b" outcome="Passed" testListId="8c84fa94-04c1-424b-9868-57a2d4851a1d" relativeResultsDirectory="a3177180-2bda-473a-aa8d-78f625647708" />
    <UnitTestResult executionId="425dc428-7355-4475-84b4-83fcfa490443" testId="d3c442eb-a0af-517d-1486-3bae2dbdb273" testName="String escape sequences.Hex escape" computerName="dadsmbp" duration="00:00:00.0050000" startTime="2025-08-22T12:12:55.0888270-04:00" endTime="2025-08-22T12:12:55.0951210-04:00" testType="13cdc9d9-ddb5-4fa4-a97d-d965ccfc6d4b" outcome="Passed" testListId="8c84fa94-04c1-424b-9868-57a2d4851a1d" relativeResultsDirectory="425dc428-7355-4475-84b4-83fcfa490443" />
    <UnitTestResult executionId="35e61be9-7cae-461e-8d6a-ddfe51ba1be1" testId="de71ee28-6047-7932-7ce3-b7522d43123b" testName="Parser Tests.Expression Parser Tests.Whitespace Handling.many spaces" computerName="dadsmbp" startTime="2025-08-22T12:12:54.9900830-04:00" endTime="2025-08-22T12:12:54.9902970-04:00" testType="13cdc9d9-ddb5-4fa4-a97d-d965ccfc6d4b" outcome="Passed" testListId="8c84fa94-04c1-424b-9868-57a2d4851a1d" relativeResultsDirectory="35e61be9-7cae-461e-8d6a-ddfe51ba1be1" />
    <UnitTestResult executionId="e4b459a9-ff4f-4036-8a24-b31858ef0fe4" testId="c9bdd070-3a4d-f33d-8633-0f0ada3f44b8" testName="Parser Tests.Expression Parser Tests.Function Calls.single argument" computerName="dadsmbp" startTime="2025-08-22T12:12:54.9901440-04:00" endTime="2025-08-22T12:12:54.9913420-04:00" testType="13cdc9d9-ddb5-4fa4-a97d-d965ccfc6d4b" outcome="Passed" testListId="8c84fa94-04c1-424b-9868-57a2d4851a1d" relativeResultsDirectory="e4b459a9-ff4f-4036-8a24-b31858ef0fe4" />
    <UnitTestResult executionId="15dd16f7-c574-430a-a433-bab23e3a9fef" testId="21209d58-9833-62ae-f6ea-f4976a9ae006" testName="Parser Tests.Expression Parser Tests.Table Constructors.Complex Examples.deeply nested tables" computerName="dadsmbp" startTime="2025-08-22T12:12:55.0235980-04:00" endTime="2025-08-22T12:12:55.0241470-04:00" testType="13cdc9d9-ddb5-4fa4-a97d-d965ccfc6d4b" outcome="Passed" testListId="8c84fa94-04c1-424b-9868-57a2d4851a1d" relativeResultsDirectory="15dd16f7-c574-430a-a433-bab23e3a9fef" />
    <UnitTestResult executionId="d1178303-4c63-4ca8-85a4-137dec266aa6" testId="5033ea7f-6424-ac9d-62c6-f7211e73cb60" testName="Parser Tests.Statement Parser Tests.Basic Statements.return multiple" computerName="dadsmbp" startTime="2025-08-22T12:12:55.0351140-04:00" endTime="2025-08-22T12:12:55.0361630-04:00" testType="13cdc9d9-ddb5-4fa4-a97d-d965ccfc6d4b" outcome="Passed" testListId="8c84fa94-04c1-424b-9868-57a2d4851a1d" relativeResultsDirectory="d1178303-4c63-4ca8-85a4-137dec266aa6" />
    <UnitTestResult executionId="91706b41-dcd3-4d29-8209-ebeafaddef68" testId="f821754b-36b1-623e-2d29-fe80c1cce32e" testName="Parser Tests.Expression Parser Tests.Additive Operators.add" computerName="dadsmbp" startTime="2025-08-22T12:12:54.9678580-04:00" endTime="2025-08-22T12:12:54.9688450-04:00" testType="13cdc9d9-ddb5-4fa4-a97d-d965ccfc6d4b" outcome="Passed" testListId="8c84fa94-04c1-424b-9868-57a2d4851a1d" relativeResultsDirectory="91706b41-dcd3-4d29-8209-ebeafaddef68" />
    <UnitTestResult executionId="f5392866-0dbb-4019-bc92-045fdb6bdb79" testId="ce42fe75-2d5f-24a5-7c82-31959a01f53f" testName="Parser Tests.Statement Parser Tests.Control Flow Statements.For Loops.generic for multiple vars" computerName="dadsmbp" startTime="2025-08-22T12:12:55.0449880-04:00" endTime="2025-08-22T12:12:55.0453910-04:00" testType="13cdc9d9-ddb5-4fa4-a97d-d965ccfc6d4b" outcome="Passed" testListId="8c84fa94-04c1-424b-9868-57a2d4851a1d" relativeResultsDirectory="f5392866-0dbb-4019-bc92-045fdb6bdb79" />
    <UnitTestResult executionId="bc822a8f-83c8-4579-a3ba-3b6063261492" testId="8ceac842-0694-da26-8741-33c171517815" testName="Parser Tests.Expression Parser Tests.Literals.hex escape null" computerName="dadsmbp" startTime="2025-08-22T12:12:54.9465500-04:00" endTime="2025-08-22T12:12:54.9468840-04:00" testType="13cdc9d9-ddb5-4fa4-a97d-d965ccfc6d4b" outcome="Passed" testListId="8c84fa94-04c1-424b-9868-57a2d4851a1d" relativeResultsDirectory="bc822a8f-83c8-4579-a3ba-3b6063261492" />
    <UnitTestResult executionId="522bcba4-177d-4151-bb12-89b0ef56a91e" testId="df9d586a-70f3-fbab-79ce-75289b292830" testName="Parser Tests.Expression Parser Tests.Literals.zero integer" computerName="dadsmbp" duration="00:00:00.0300000" startTime="2025-08-22T12:12:54.8888510-04:00" endTime="2025-08-22T12:12:54.9241190-04:00" testType="13cdc9d9-ddb5-4fa4-a97d-d965ccfc6d4b" outcome="Passed" testListId="8c84fa94-04c1-424b-9868-57a2d4851a1d" relativeResultsDirectory="522bcba4-177d-4151-bb12-89b0ef56a91e" />
    <UnitTestResult executionId="1a8d164f-05e8-4de4-9e73-ef732f895473" testId="4ae4fa9c-3625-f28b-db54-5c87485005f7" testName="Parser Tests.Expression Parser Tests.Literals.nil" computerName="dadsmbp" duration="00:00:00.0300000" startTime="2025-08-22T12:12:54.8887570-04:00" endTime="2025-08-22T12:12:54.9241310-04:00" testType="13cdc9d9-ddb5-4fa4-a97d-d965ccfc6d4b" outcome="Passed" testListId="8c84fa94-04c1-424b-9868-57a2d4851a1d" relativeResultsDirectory="1a8d164f-05e8-4de4-9e73-ef732f895473" />
    <UnitTestResult executionId="8d02eae8-7eec-4e23-a2dc-6fe591cc5ae7" testId="3d0a5188-5277-1639-d400-b007191338ee" testName="Parser Tests.Statement Parser Tests.Integration Tests - Multiple Features.chained method calls with table access" computerName="dadsmbp" startTime="2025-08-22T12:12:55.0560810-04:00" endTime="2025-08-22T12:12:55.0566400-04:00" testType="13cdc9d9-ddb5-4fa4-a97d-d965ccfc6d4b" outcome="Passed" testListId="8c84fa94-04c1-424b-9868-57a2d4851a1d" relativeResultsDirectory="8d02eae8-7eec-4e23-a2dc-6fe591cc5ae7" />
    <UnitTestResult executionId="90783c6d-7e5d-4d18-a386-07cbae86c4de" testId="7ab74693-7ec4-60ea-51c2-12f33101f335" testName="Parser Tests.Statement Parser Tests.Parser Fixes.Table Assignment at Statement Level (Fixed).table dot assignment" computerName="dadsmbp" startTime="2025-08-22T12:12:55.0665470-04:00" endTime="2025-08-22T12:12:55.0668580-04:00" testType="13cdc9d9-ddb5-4fa4-a97d-d965ccfc6d4b" outcome="Passed" testListId="8c84fa94-04c1-424b-9868-57a2d4851a1d" relativeResultsDirectory="90783c6d-7e5d-4d18-a386-07cbae86c4de" />
    <UnitTestResult executionId="e92d4405-537c-4339-942c-0a85eef96bdf" testId="1709b4f3-8a8f-5c39-8a35-941bd3a74a13" testName="Parser Tests.Expression Parser Tests.Method Calls.method with expression args" computerName="dadsmbp" startTime="2025-08-22T12:12:55.0013060-04:00" endTime="2025-08-22T12:12:55.0019510-04:00" testType="13cdc9d9-ddb5-4fa4-a97d-d965ccfc6d4b" outcome="Passed" testListId="8c84fa94-04c1-424b-9868-57a2d4851a1d" relativeResultsDirectory="e92d4405-537c-4339-942c-0a85eef96bdf" />
    <UnitTestResult executionId="a0713738-594b-4967-882c-e138ce273b65" testId="8172ea32-9774-17c0-293a-0ca21dc5cce3" testName="Parser Tests.Expression Parser Tests.Edge Cases.mixed data types" computerName="dadsmbp" startTime="2025-08-22T12:12:54.9901220-04:00" endTime="2025-08-22T12:12:54.9903540-04:00" testType="13cdc9d9-ddb5-4fa4-a97d-d965ccfc6d4b" outcome="Passed" testListId="8c84fa94-04c1-424b-9868-57a2d4851a1d" relativeResultsDirectory="a0713738-594b-4967-882c-e138ce273b65" />
    <UnitTestResult executionId="1cd778f2-4903-4de1-915e-7495bbfcfc1a" testId="b6013297-8c3d-783b-6fe1-bb174e228c37" testName="Parser Tests.Expression Parser Tests.Literals.decimal escape null" computerName="dadsmbp" startTime="2025-08-22T12:12:54.9354970-04:00" endTime="2025-08-22T12:12:54.9364520-04:00" testType="13cdc9d9-ddb5-4fa4-a97d-d965ccfc6d4b" outcome="Passed" testListId="8c84fa94-04c1-424b-9868-57a2d4851a1d" relativeResultsDirectory="1cd778f2-4903-4de1-915e-7495bbfcfc1a" />
    <UnitTestResult executionId="00bff155-c4d5-4a45-842c-ee23f756f032" testId="17166041-3a52-168f-5319-cb48ea781845" testName="Parser Tests.Expression Parser Tests.Literals.decimal escape max value" computerName="dadsmbp" startTime="2025-08-22T12:12:54.9355250-04:00" endTime="2025-08-22T12:12:54.9364360-04:00" testType="13cdc9d9-ddb5-4fa4-a97d-d965ccfc6d4b" outcome="Passed" testListId="8c84fa94-04c1-424b-9868-57a2d4851a1d" relativeResultsDirectory="00bff155-c4d5-4a45-842c-ee23f756f032" />
    <UnitTestResult executionId="5030865c-3a50-4361-9735-f9706f6fa617" testId="e914e3fe-73be-d3f9-019e-573e777a6b58" testName="Parser Tests.Statement Parser Tests.Basic Statements.local declaration" computerName="dadsmbp" startTime="2025-08-22T12:12:55.0347090-04:00" endTime="2025-08-22T12:12:55.0353800-04:00" testType="13cdc9d9-ddb5-4fa4-a97d-d965ccfc6d4b" outcome="Passed" testListId="8c84fa94-04c1-424b-9868-57a2d4851a1d" relativeResultsDirectory="5030865c-3a50-4361-9735-f9706f6fa617" />
    <UnitTestResult executionId="89c959cd-ee0c-494c-842c-d50e092daaae" testId="d196b395-f31e-f4e9-9268-5512404cf3f1" testName="Parser Tests.Statement Parser Tests.Parser Fixes.Table Access in Binary Expressions (Fixed).whitespace variations" computerName="dadsmbp" startTime="2025-08-22T12:12:55.0781020-04:00" endTime="2025-08-22T12:12:55.0782270-04:00" testType="13cdc9d9-ddb5-4fa4-a97d-d965ccfc6d4b" outcome="Passed" testListId="8c84fa94-04c1-424b-9868-57a2d4851a1d" relativeResultsDirectory="89c959cd-ee0c-494c-842c-d50e092daaae" />
    <UnitTestResult executionId="37ac453b-fd90-4d72-8c66-1ccbdc634be4" testId="eb8a8a87-74b5-4d8f-53ef-eaad7463aa03" testName="Parser Tests.Expression Parser Tests.Additive Operators.left associative" computerName="dadsmbp" startTime="2025-08-22T12:12:54.9678710-04:00" endTime="2025-08-22T12:12:54.9688170-04:00" testType="13cdc9d9-ddb5-4fa4-a97d-d965ccfc6d4b" outcome="Passed" testListId="8c84fa94-04c1-424b-9868-57a2d4851a1d" relativeResultsDirectory="37ac453b-fd90-4d72-8c66-1ccbdc634be4" />
    <UnitTestResult executionId="8ee119ac-a68a-48d2-b214-d6d43aa72165" testId="f8e7b8a6-9a5d-992c-06a6-7db03c0015d3" testName="Parser Tests.Expression Parser Tests.Power Operator.simple power" computerName="dadsmbp" startTime="2025-08-22T12:12:54.9678120-04:00" endTime="2025-08-22T12:12:54.9688510-04:00" testType="13cdc9d9-ddb5-4fa4-a97d-d965ccfc6d4b" outcome="Passed" testListId="8c84fa94-04c1-424b-9868-57a2d4851a1d" relativeResultsDirectory="8ee119ac-a68a-48d2-b214-d6d43aa72165" />
    <UnitTestResult executionId="8231cc2e-91f1-4d7e-8818-206f76c02934" testId="d6ad8503-abcd-d671-2bc8-4af4c4c0ff76" testName="Parser Tests.Expression Parser Tests.Parentheses.triple nested" computerName="dadsmbp" startTime="2025-08-22T12:12:54.9578590-04:00" endTime="2025-08-22T12:12:54.9586260-04:00" testType="13cdc9d9-ddb5-4fa4-a97d-d965ccfc6d4b" outcome="Passed" testListId="8c84fa94-04c1-424b-9868-57a2d4851a1d" relativeResultsDirectory="8231cc2e-91f1-4d7e-8818-206f76c02934" />
    <UnitTestResult executionId="87febe77-2b31-4cc7-9b28-3f87bc5315dd" testId="bccd6e78-8c25-27a8-f677-63c64669d165" testName="Parser Tests.Expression Parser Tests.Function Calls.nested function calls" computerName="dadsmbp" startTime="2025-08-22T12:12:54.9901570-04:00" endTime="2025-08-22T12:12:54.9913530-04:00" testType="13cdc9d9-ddb5-4fa4-a97d-d965ccfc6d4b" outcome="Passed" testListId="8c84fa94-04c1-424b-9868-57a2d4851a1d" relativeResultsDirectory="87febe77-2b31-4cc7-9b28-3f87bc5315dd" />
    <UnitTestResult executionId="9ccef3dc-0324-45c7-b7d0-04d425416005" testId="0b233c23-ae12-4c20-ed95-2f98eacd55ad" testName="Parser Tests.Expression Parser Tests.Literals.escape single quote" computerName="dadsmbp" startTime="2025-08-22T12:12:54.9354450-04:00" endTime="2025-08-22T12:12:54.9359130-04:00" testType="13cdc9d9-ddb5-4fa4-a97d-d965ccfc6d4b" outcome="Passed" testListId="8c84fa94-04c1-424b-9868-57a2d4851a1d" relativeResultsDirectory="9ccef3dc-0324-45c7-b7d0-04d425416005" />
    <UnitTestResult executionId="5e1fd5aa-630d-443c-a125-f6fbfb2fbc9b" testId="237acf57-c5fc-ca6c-3440-3d76add45b48" testName="Parser Tests.Expression Parser Tests.Table Access.table access with function call" computerName="dadsmbp" startTime="2025-08-22T12:12:55.0012610-04:00" endTime="2025-08-22T12:12:55.0016830-04:00" testType="13cdc9d9-ddb5-4fa4-a97d-d965ccfc6d4b" outcome="Passed" testListId="8c84fa94-04c1-424b-9868-57a2d4851a1d" relativeResultsDirectory="5e1fd5aa-630d-443c-a125-f6fbfb2fbc9b" />
    <UnitTestResult executionId="c03f63bc-b79b-471c-8c0a-cb75288bf07f" testId="93743fcd-e2c6-fcf8-1983-d6902911611b" testName="Parser Tests.Statement Parser Tests.Control Flow Statements.Labels and Goto.goto statement" computerName="dadsmbp" startTime="2025-08-22T12:12:55.0451060-04:00" endTime="2025-08-22T12:12:55.0455580-04:00" testType="13cdc9d9-ddb5-4fa4-a97d-d965ccfc6d4b" outcome="Passed" testListId="8c84fa94-04c1-424b-9868-57a2d4851a1d" relativeResultsDirectory="c03f63bc-b79b-471c-8c0a-cb75288bf07f" />
    <UnitTestResult executionId="512445bf-0f64-4bc6-9bcb-298b8a1e0ada" testId="23f6c827-5298-1b85-4116-a388ac096ef2" testName="Parser Tests.Expression Parser Tests.Literals.mixed escape types" computerName="dadsmbp" startTime="2025-08-22T12:12:54.9466590-04:00" endTime="2025-08-22T12:12:54.9469470-04:00" testType="13cdc9d9-ddb5-4fa4-a97d-d965ccfc6d4b" outcome="Passed" testListId="8c84fa94-04c1-424b-9868-57a2d4851a1d" relativeResultsDirectory="512445bf-0f64-4bc6-9bcb-298b8a1e0ada" />
    <UnitTestResult executionId="339c93b6-a0bd-42ff-9485-5f280df798b4" testId="13e04fc6-8833-a314-b97b-622e7e4d78bc" testName="Parser Tests.Expression Parser Tests.Method Calls.method with single arg" computerName="dadsmbp" startTime="2025-08-22T12:12:55.0012710-04:00" endTime="2025-08-22T12:12:55.0019260-04:00" testType="13cdc9d9-ddb5-4fa4-a97d-d965ccfc6d4b" outcome="Passed" testListId="8c84fa94-04c1-424b-9868-57a2d4851a1d" relativeResultsDirectory="339c93b6-a0bd-42ff-9485-5f280df798b4" />
    <UnitTestResult executionId="20776d3d-d15d-4101-9a58-f0468dea238b" testId="5f395eb8-218b-3fe3-c75a-6bcd29c3c784" testName="Parser Tests.Statement Parser Tests.Variable Attributes.Local Variable Attributes.local variables without values" computerName="dadsmbp" startTime="2025-08-22T12:12:55.0563260-04:00" endTime="2025-08-22T12:12:55.0569850-04:00" testType="13cdc9d9-ddb5-4fa4-a97d-d965ccfc6d4b" outcome="Passed" testListId="8c84fa94-04c1-424b-9868-57a2d4851a1d" relativeResultsDirectory="20776d3d-d15d-4101-9a58-f0468dea238b" />
    <UnitTestResult executionId="3c2f7fd3-b36e-4e1c-99bf-0ab2feb41985" testId="9c78167c-ee87-bb4b-a014-3af8451f157b" testName="Parser Tests.Expression Parser Tests.Identifiers.single underscore" computerName="dadsmbp" duration="00:00:00.0010000" startTime="2025-08-22T12:12:54.9577990-04:00" endTime="2025-08-22T12:12:54.9589520-04:00" testType="13cdc9d9-ddb5-4fa4-a97d-d965ccfc6d4b" outcome="Passed" testListId="8c84fa94-04c1-424b-9868-57a2d4851a1d" relativeResultsDirectory="3c2f7fd3-b36e-4e1c-99bf-0ab2feb41985" />
    <UnitTestResult executionId="c674eb2b-c70c-4a9e-bdb3-ec9018c97716" testId="a207ed3e-8aa1-e579-40f1-2c4582cae8f7" testName="Parser Tests.Expression Parser Tests.Identifiers.simple identifier" computerName="dadsmbp" duration="00:00:00.0010000" startTime="2025-08-22T12:12:54.9576320-04:00" endTime="2025-08-22T12:12:54.9588190-04:00" testType="13cdc9d9-ddb5-4fa4-a97d-d965ccfc6d4b" outcome="Passed" testListId="8c84fa94-04c1-424b-9868-57a2d4851a1d" relativeResultsDirectory="c674eb2b-c70c-4a9e-bdb3-ec9018c97716" />
    <UnitTestResult executionId="fbd29bda-ccf5-45f8-a0bc-f56735520cae" testId="bf1b4d49-e184-dfdd-ed3f-683ae593c916" testName="Parser Tests.Statement Parser Tests.Integration Tests - Multiple Features.local assignment with complex expressions" computerName="dadsmbp" startTime="2025-08-22T12:12:55.0562590-04:00" endTime="2025-08-22T12:12:55.0567830-04:00" testType="13cdc9d9-ddb5-4fa4-a97d-d965ccfc6d4b" outcome="Passed" testListId="8c84fa94-04c1-424b-9868-57a2d4851a1d" relativeResultsDirectory="fbd29bda-ccf5-45f8-a0bc-f56735520cae" />
    <UnitTestResult executionId="e3acee57-9d3b-40f3-bc2d-71d0a0c87406" testId="2954afc1-d821-d9ae-f321-0aef5158aafe" testName="Parser Tests.Expression Parser Tests.Method Calls.chained method with long string" computerName="dadsmbp" startTime="2025-08-22T12:12:55.0123330-04:00" endTime="2025-08-22T12:12:55.0126620-04:00" testType="13cdc9d9-ddb5-4fa4-a97d-d965ccfc6d4b" outcome="Passed" testListId="8c84fa94-04c1-424b-9868-57a2d4851a1d" relativeResultsDirectory="e3acee57-9d3b-40f3-bc2d-71d0a0c87406" />
    <UnitTestResult executionId="c8839607-b30e-4022-be6f-b1c6b2d76a5d" testId="95ca2f10-0840-0229-390b-f87fb8626041" testName="Parser Tests.Expression Parser Tests.Parentheses.parentheses with spaces" computerName="dadsmbp" startTime="2025-08-22T12:12:54.9578480-04:00" endTime="2025-08-22T12:12:54.9584140-04:00" testType="13cdc9d9-ddb5-4fa4-a97d-d965ccfc6d4b" outcome="Passed" testListId="8c84fa94-04c1-424b-9868-57a2d4851a1d" relativeResultsDirectory="c8839607-b30e-4022-be6f-b1c6b2d76a5d" />
    <UnitTestResult executionId="1191739d-4bdb-4d6a-8f84-823c7e676143" testId="b4887e73-89aa-9e82-9b02-5368d0b98e0e" testName="Parser Tests.Expression Parser Tests.Table Constructors.Simple Values.single value" computerName="dadsmbp" startTime="2025-08-22T12:12:55.0123500-04:00" endTime="2025-08-22T12:12:55.0134720-04:00" testType="13cdc9d9-ddb5-4fa4-a97d-d965ccfc6d4b" outcome="Passed" testListId="8c84fa94-04c1-424b-9868-57a2d4851a1d" relativeResultsDirectory="1191739d-4bdb-4d6a-8f84-823c7e676143" />
    <UnitTestResult executionId="5e3caae7-5092-4493-9e51-56e9c4c2bdfc" testId="28ddcac7-99bc-77c0-4dc8-ebd403fecbf6" testName="Parser Tests.Expression Parser Tests.Method Calls.chained method calls" computerName="dadsmbp" startTime="2025-08-22T12:12:55.0012900-04:00" endTime="2025-08-22T12:12:55.0019330-04:00" testType="13cdc9d9-ddb5-4fa4-a97d-d965ccfc6d4b" outcome="Passed" testListId="8c84fa94-04c1-424b-9868-57a2d4851a1d" relativeResultsDirectory="5e3caae7-5092-4493-9e51-56e9c4c2bdfc" />
    <UnitTestResult executionId="ad4a508a-7d1c-453c-af5a-cba75c3977a3" testId="f5a75e3b-7a61-b51c-fbbf-ba6389078cf8" testName="Parser Tests.Statement Parser Tests.Parser Fixes.Table Assignment at Statement Level (Fixed).table assignment with expression key" computerName="dadsmbp" startTime="2025-08-22T12:12:55.0665840-04:00" endTime="2025-08-22T12:12:55.0671390-04:00" testType="13cdc9d9-ddb5-4fa4-a97d-d965ccfc6d4b" outcome="Passed" testListId="8c84fa94-04c1-424b-9868-57a2d4851a1d" relativeResultsDirectory="ad4a508a-7d1c-453c-af5a-cba75c3977a3" />
    <UnitTestResult executionId="c5347e04-0bd6-4b40-9b59-f454e51c32d0" testId="5cb5360f-8333-646e-ca46-79420386605a" testName="Generic for loop parsing.Standard syntax with parentheses" computerName="dadsmbp" startTime="2025-08-22T12:12:55.0898420-04:00" endTime="2025-08-22T12:12:55.0905720-04:00" testType="13cdc9d9-ddb5-4fa4-a97d-d965ccfc6d4b" outcome="Passed" testListId="8c84fa94-04c1-424b-9868-57a2d4851a1d" relativeResultsDirectory="c5347e04-0bd6-4b40-9b59-f454e51c32d0" />
    <UnitTestResult executionId="1a8d981a-94fa-476d-aac6-5c6ea90fc768" testId="ed26fc88-791f-1658-dbfa-7a48264cd0f8" testName="Parser Tests.Statement Parser Tests.Control Flow Statements.For Loops.numeric for with body" computerName="dadsmbp" startTime="2025-08-22T12:12:55.0448750-04:00" endTime="2025-08-22T12:12:55.0453250-04:00" testType="13cdc9d9-ddb5-4fa4-a97d-d965ccfc6d4b" outcome="Passed" testListId="8c84fa94-04c1-424b-9868-57a2d4851a1d" relativeResultsDirectory="1a8d981a-94fa-476d-aac6-5c6ea90fc768" />
    <UnitTestResult executionId="eccf4350-aca8-43ca-adf6-4fc81ecea875" testId="9aff055a-1ad6-d302-1b8e-67c3f447edb9" testName="Parser Tests.Expression Parser Tests.Bitwise Operators.precedence" computerName="dadsmbp" startTime="2025-08-22T12:12:54.9789620-04:00" endTime="2025-08-22T12:12:54.9793060-04:00" testType="13cdc9d9-ddb5-4fa4-a97d-d965ccfc6d4b" outcome="Passed" testListId="8c84fa94-04c1-424b-9868-57a2d4851a1d" relativeResultsDirectory="eccf4350-aca8-43ca-adf6-4fc81ecea875" />
    <UnitTestResult executionId="a77a5800-73e8-4297-b7e7-966ac57b3ad3" testId="9c220c5d-d3c2-7f8d-3655-60791670893c" testName="Parser Tests.Expression Parser Tests.Literals.escape bell" computerName="dadsmbp" startTime="2025-08-22T12:12:54.9354530-04:00" endTime="2025-08-22T12:12:54.9359230-04:00" testType="13cdc9d9-ddb5-4fa4-a97d-d965ccfc6d4b" outcome="Passed" testListId="8c84fa94-04c1-424b-9868-57a2d4851a1d" relativeResultsDirectory="a77a5800-73e8-4297-b7e7-966ac57b3ad3" />
    <UnitTestResult executionId="298c12f3-ad5a-4e66-a9ec-cb9859c912bf" testId="51ca660f-46f5-4f0b-f9eb-b6d216c6a4a2" testName="Parser Tests.Expression Parser Tests.Multiplicative Operators.left associative" computerName="dadsmbp" startTime="2025-08-22T12:12:54.9678530-04:00" endTime="2025-08-22T12:12:54.9688160-04:00" testType="13cdc9d9-ddb5-4fa4-a97d-d965ccfc6d4b" outcome="Passed" testListId="8c84fa94-04c1-424b-9868-57a2d4851a1d" relativeResultsDirectory="298c12f3-ad5a-4e66-a9ec-cb9859c912bf" />
    <UnitTestResult executionId="6825fa79-2001-4531-a170-92b1a56666a1" testId="37da12f7-31a3-327d-1172-79e133b6c0c6" testName="String escape sequences.Unicode escape" computerName="dadsmbp" duration="00:00:00.0050000" startTime="2025-08-22T12:12:55.0894020-04:00" endTime="2025-08-22T12:12:55.0951060-04:00" testType="13cdc9d9-ddb5-4fa4-a97d-d965ccfc6d4b" outcome="Passed" testListId="8c84fa94-04c1-424b-9868-57a2d4851a1d" relativeResultsDirectory="6825fa79-2001-4531-a170-92b1a56666a1" />
    <UnitTestResult executionId="508ed05a-d190-4799-98bf-e758c024ad4e" testId="7bc1d170-f1b7-3e2b-5aa9-100d068bc770" testName="Parser Tests.Expression Parser Tests.Whitespace Handling.no spaces" computerName="dadsmbp" startTime="2025-08-22T12:12:54.9900790-04:00" endTime="2025-08-22T12:12:54.9902810-04:00" testType="13cdc9d9-ddb5-4fa4-a97d-d965ccfc6d4b" outcome="Passed" testListId="8c84fa94-04c1-424b-9868-57a2d4851a1d" relativeResultsDirectory="508ed05a-d190-4799-98bf-e758c024ad4e" />
    <UnitTestResult executionId="61cf3cfb-f980-4f79-804e-10d010cdf707" testId="4ea9d3ff-8424-0fad-33d4-4da20e6be977" testName="Parser Tests.Expression Parser Tests.Identifiers.single character" computerName="dadsmbp" duration="00:00:00.0010000" startTime="2025-08-22T12:12:54.9577220-04:00" endTime="2025-08-22T12:12:54.9588170-04:00" testType="13cdc9d9-ddb5-4fa4-a97d-d965ccfc6d4b" outcome="Passed" testListId="8c84fa94-04c1-424b-9868-57a2d4851a1d" relativeResultsDirectory="61cf3cfb-f980-4f79-804e-10d010cdf707" />
    <UnitTestResult executionId="b8a011ef-b91c-4167-9f61-28cb3e5b22d5" testId="54696586-86f2-8469-5df1-683c5f3e3dfd" testName="Parser Tests.Expression Parser Tests.Method Calls.method call with long string no space" computerName="dadsmbp" duration="00:00:00.0020000" startTime="2025-08-22T12:12:55.0014640-04:00" endTime="2025-08-22T12:12:55.0040200-04:00" testType="13cdc9d9-ddb5-4fa4-a97d-d965ccfc6d4b" outcome="Passed" testListId="8c84fa94-04c1-424b-9868-57a2d4851a1d" relativeResultsDirectory="b8a011ef-b91c-4167-9f61-28cb3e5b22d5" />
    <UnitTestResult executionId="93bca5f6-67c9-4708-93e5-aeadda39c7e8" testId="56bc034c-870c-2029-f5c0-ce7cb67ea11d" testName="Parser Tests.Expression Parser Tests.Literals.zero float" computerName="dadsmbp" duration="00:00:00.0310000" startTime="2025-08-22T12:12:54.8889620-04:00" endTime="2025-08-22T12:12:54.9241150-04:00" testType="13cdc9d9-ddb5-4fa4-a97d-d965ccfc6d4b" outcome="Passed" testListId="8c84fa94-04c1-424b-9868-57a2d4851a1d" relativeResultsDirectory="93bca5f6-67c9-4708-93e5-aeadda39c7e8" />
    <UnitTestResult executionId="778ce946-500f-4f04-9ccd-f3c33d9f0d06" testId="9c232a12-9174-3ded-7f7f-f119a1bec44c" testName="Parser Tests.Expression Parser Tests.Literals.decimal escape with following digit" computerName="dadsmbp" startTime="2025-08-22T12:12:54.9358660-04:00" endTime="2025-08-22T12:12:54.9364670-04:00" testType="13cdc9d9-ddb5-4fa4-a97d-d965ccfc6d4b" outcome="Passed" testListId="8c84fa94-04c1-424b-9868-57a2d4851a1d" relativeResultsDirectory="778ce946-500f-4f04-9ccd-f3c33d9f0d06" />
    <UnitTestResult executionId="33247d9d-e815-44cd-8e62-b0e85704d1ee" testId="1c24d863-fa07-deb5-4fb7-f467d466cb55" testName="Parser Tests.Expression Parser Tests.Parentheses.nested parentheses" computerName="dadsmbp" startTime="2025-08-22T12:12:54.9578300-04:00" endTime="2025-08-22T12:12:54.9583700-04:00" testType="13cdc9d9-ddb5-4fa4-a97d-d965ccfc6d4b" outcome="Passed" testListId="8c84fa94-04c1-424b-9868-57a2d4851a1d" relativeResultsDirectory="33247d9d-e815-44cd-8e62-b0e85704d1ee" />
    <UnitTestResult executionId="7caa63ae-546c-4066-847e-c14cdd07915b" testId="f29bdae9-c01a-7137-ad74-65c73cf932a0" testName="Parser Tests.Expression Parser Tests.Literals.negative hex integer" computerName="dadsmbp" duration="00:00:00.0200000" startTime="2025-08-22T12:12:54.8892470-04:00" endTime="2025-08-22T12:12:54.9241350-04:00" testType="13cdc9d9-ddb5-4fa4-a97d-d965ccfc6d4b" outcome="Passed" testListId="8c84fa94-04c1-424b-9868-57a2d4851a1d" relativeResultsDirectory="7caa63ae-546c-4066-847e-c14cdd07915b" />
    <UnitTestResult executionId="7b529978-7d73-45ca-b0fe-f39402af386f" testId="23f84a4d-bc21-b97f-e115-11bf0b33db04" testName="Parser Tests.Statement Parser Tests.Integration Tests - Multiple Features.table with method calls and functions" computerName="dadsmbp" startTime="2025-08-22T12:12:55.0560700-04:00" endTime="2025-08-22T12:12:55.0563510-04:00" testType="13cdc9d9-ddb5-4fa4-a97d-d965ccfc6d4b" outcome="Passed" testListId="8c84fa94-04c1-424b-9868-57a2d4851a1d" relativeResultsDirectory="7b529978-7d73-45ca-b0fe-f39402af386f" />
    <UnitTestResult executionId="c9c98f96-e7a0-44f0-9cf0-3ad89409b02b" testId="b746141d-802a-6057-c7e9-1c6bb64fc356" testName="Parser Tests.Expression Parser Tests.Literals.decimal escape 65 (A)" computerName="dadsmbp" startTime="2025-08-22T12:12:54.9358770-04:00" endTime="2025-08-22T12:12:54.9364370-04:00" testType="13cdc9d9-ddb5-4fa4-a97d-d965ccfc6d4b" outcome="Passed" testListId="8c84fa94-04c1-424b-9868-57a2d4851a1d" relativeResultsDirectory="c9c98f96-e7a0-44f0-9cf0-3ad89409b02b" />
    <UnitTestResult executionId="a6bdbe57-5cfa-4051-aa4c-bc3bef688c88" testId="ac74d753-3ccd-5e13-c5be-1ad7a4aad554" testName="Long string parsing.Nested brackets" computerName="dadsmbp" duration="00:00:00.0060000" startTime="2025-08-22T12:12:55.0887430-04:00" endTime="2025-08-22T12:12:55.0951530-04:00" testType="13cdc9d9-ddb5-4fa4-a97d-d965ccfc6d4b" outcome="Passed" testListId="8c84fa94-04c1-424b-9868-57a2d4851a1d" relativeResultsDirectory="a6bdbe57-5cfa-4051-aa4c-bc3bef688c88" />
    <UnitTestResult executionId="4783e16f-3853-4467-94e3-32f450e0ec1c" testId="a2ad77d5-a223-490a-1277-8c00d5248cb1" testName="Parser Tests.Statement Parser Tests.Control Flow Statements.simple if with statement" computerName="dadsmbp" duration="00:00:00.0010000" startTime="2025-08-22T12:12:55.0352810-04:00" endTime="2025-08-22T12:12:55.0364370-04:00" testType="13cdc9d9-ddb5-4fa4-a97d-d965ccfc6d4b" outcome="Passed" testListId="8c84fa94-04c1-424b-9868-57a2d4851a1d" relativeResultsDirectory="4783e16f-3853-4467-94e3-32f450e0ec1c" />
    <UnitTestResult executionId="a102b102-1052-476e-88e4-714fa2a0baa9" testId="1e217421-7ab3-102f-da0e-17a8335329d4" testName="String escape sequences.Decimal escape" computerName="dadsmbp" duration="00:00:00.0050000" startTime="2025-08-22T12:12:55.0888270-04:00" endTime="2025-08-22T12:12:55.0951020-04:00" testType="13cdc9d9-ddb5-4fa4-a97d-d965ccfc6d4b" outcome="Passed" testListId="8c84fa94-04c1-424b-9868-57a2d4851a1d" relativeResultsDirectory="a102b102-1052-476e-88e4-714fa2a0baa9" />
    <UnitTestResult executionId="448e69f7-b029-499f-8720-3984185aceed" testId="0d60d1ec-e2ff-2472-8bf2-2c217ffcebab" testName="Parser Tests.Statement Parser Tests.Control Flow Statements.For Loops.numeric for with function call" computerName="dadsmbp" startTime="2025-08-22T12:12:55.0449250-04:00" endTime="2025-08-22T12:12:55.0453490-04:00" testType="13cdc9d9-ddb5-4fa4-a97d-d965ccfc6d4b" outcome="Passed" testListId="8c84fa94-04c1-424b-9868-57a2d4851a1d" relativeResultsDirectory="448e69f7-b029-499f-8720-3984185aceed" />
    <UnitTestResult executionId="c2c2e398-cc25-4aea-a02e-05a86b8f3512" testId="7629efc5-22c4-69dc-f7ed-95c284f64f2c" testName="Parser Tests.Expression Parser Tests.Literals.escape carriage return" computerName="dadsmbp" startTime="2025-08-22T12:12:54.9354810-04:00" endTime="2025-08-22T12:12:54.9359380-04:00" testType="13cdc9d9-ddb5-4fa4-a97d-d965ccfc6d4b" outcome="Passed" testListId="8c84fa94-04c1-424b-9868-57a2d4851a1d" relativeResultsDirectory="c2c2e398-cc25-4aea-a02e-05a86b8f3512" />
    <UnitTestResult executionId="b2494202-547e-4b8a-98d3-72c8aa6c36fc" testId="c44b47ac-34e7-a034-b2d7-a56e3ecf6a11" testName="Parser Tests.Statement Parser Tests.Variable Attributes.Local Variable Attributes.local const variable" computerName="dadsmbp" startTime="2025-08-22T12:12:55.0563030-04:00" endTime="2025-08-22T12:12:55.0568020-04:00" testType="13cdc9d9-ddb5-4fa4-a97d-d965ccfc6d4b" outcome="Passed" testListId="8c84fa94-04c1-424b-9868-57a2d4851a1d" relativeResultsDirectory="b2494202-547e-4b8a-98d3-72c8aa6c36fc" />
    <UnitTestResult executionId="383c6cd8-878c-49f2-ac35-dce561662b42" testId="f3f9712d-8345-c669-0fbc-cbc9158ba417" testName="Hex literal parsing.-1 as hex" computerName="dadsmbp" startTime="2025-08-22T12:12:55.0886180-04:00" endTime="2025-08-22T12:12:55.0889020-04:00" testType="13cdc9d9-ddb5-4fa4-a97d-d965ccfc6d4b" outcome="Passed" testListId="8c84fa94-04c1-424b-9868-57a2d4851a1d" relativeResultsDirectory="383c6cd8-878c-49f2-ac35-dce561662b42" />
    <UnitTestResult executionId="f62beac8-44aa-4555-91f6-1030f48c01e1" testId="61aaf27a-5745-0675-9d0e-4fbe43a5a884" testName="Parser Tests.Statement Parser Tests.Control Flow Statements.while loop" computerName="dadsmbp" startTime="2025-08-22T12:12:55.0443740-04:00" endTime="2025-08-22T12:12:55.0452980-04:00" testType="13cdc9d9-ddb5-4fa4-a97d-d965ccfc6d4b" outcome="Passed" testListId="8c84fa94-04c1-424b-9868-57a2d4851a1d" relativeResultsDirectory="f62beac8-44aa-4555-91f6-1030f48c01e1" />
    <UnitTestResult executionId="b5aa1f56-8a69-4c97-baf5-bb0c065d8955" testId="b51db8bf-d36e-0aa7-8a8f-f4a9946301ba" testName="Parser Tests.Expression Parser Tests.Additive Operators.subtract" computerName="dadsmbp" startTime="2025-08-22T12:12:54.9678660-04:00" endTime="2025-08-22T12:12:54.9688170-04:00" testType="13cdc9d9-ddb5-4fa4-a97d-d965ccfc6d4b" outcome="Passed" testListId="8c84fa94-04c1-424b-9868-57a2d4851a1d" relativeResultsDirectory="b5aa1f56-8a69-4c97-baf5-bb0c065d8955" />
    <UnitTestResult executionId="7802f082-8c66-4d4f-8e9c-843fdeb25b6a" testId="b54fbc8b-aa09-8101-26eb-6b944ceeffe0" testName="Parser Tests.Expression Parser Tests.Literals.float" computerName="dadsmbp" duration="00:00:00.0310000" startTime="2025-08-22T12:12:54.8885370-04:00" endTime="2025-08-22T12:12:54.9241130-04:00" testType="13cdc9d9-ddb5-4fa4-a97d-d965ccfc6d4b" outcome="Passed" testListId="8c84fa94-04c1-424b-9868-57a2d4851a1d" relativeResultsDirectory="7802f082-8c66-4d4f-8e9c-843fdeb25b6a" />
    <UnitTestResult executionId="b397286d-d5d2-436c-a480-b988dbe0e201" testId="94f7471f-2f99-85fa-737f-00c961802a75" testName="Parser Tests.Expression Parser Tests.Literals.integer" computerName="dadsmbp" duration="00:00:00.0300000" startTime="2025-08-22T12:12:54.8885380-04:00" endTime="2025-08-22T12:12:54.9241220-04:00" testType="13cdc9d9-ddb5-4fa4-a97d-d965ccfc6d4b" outcome="Passed" testListId="8c84fa94-04c1-424b-9868-57a2d4851a1d" relativeResultsDirectory="b397286d-d5d2-436c-a480-b988dbe0e201" />
    <UnitTestResult executionId="c033f5ba-e18b-4b6f-b189-5a73ae0b5f4b" testId="b7cfb307-96eb-9fb6-4f2c-0693389085a8" testName="Parser Tests.Statement Parser Tests.Control Flow Statements.Labels and Goto.label with spaces" computerName="dadsmbp" startTime="2025-08-22T12:12:55.0450330-04:00" endTime="2025-08-22T12:12:55.0456330-04:00" testType="13cdc9d9-ddb5-4fa4-a97d-d965ccfc6d4b" outcome="Passed" testListId="8c84fa94-04c1-424b-9868-57a2d4851a1d" relativeResultsDirectory="c033f5ba-e18b-4b6f-b189-5a73ae0b5f4b" />
    <UnitTestResult executionId="b341726e-97f5-4849-bfcd-72420004f2e0" testId="16e83989-f14b-2617-4a53-58c2828f533b" testName="Parser Tests.Statement Parser Tests.Parser Fixes.Assignment vs Function Call Disambiguation.assignment with newline" computerName="dadsmbp" startTime="2025-08-22T12:12:55.0778380-04:00" endTime="2025-08-22T12:12:55.0782320-04:00" testType="13cdc9d9-ddb5-4fa4-a97d-d965ccfc6d4b" outcome="Passed" testListId="8c84fa94-04c1-424b-9868-57a2d4851a1d" relativeResultsDirectory="b341726e-97f5-4849-bfcd-72420004f2e0" />
    <UnitTestResult executionId="33e6c3e8-a509-41b6-aa88-93369b71d6e5" testId="a7981e95-1323-105c-d83e-9d57dec6b2d8" testName="Parser Tests.Expression Parser Tests.Comparison Operators.less" computerName="dadsmbp" startTime="2025-08-22T12:12:54.9789610-04:00" endTime="2025-08-22T12:12:54.9792940-04:00" testType="13cdc9d9-ddb5-4fa4-a97d-d965ccfc6d4b" outcome="Passed" testListId="8c84fa94-04c1-424b-9868-57a2d4851a1d" relativeResultsDirectory="33e6c3e8-a509-41b6-aa88-93369b71d6e5" />
    <UnitTestResult executionId="154f0bbb-b7e5-408a-a15f-6b4d955920fc" testId="8ac86056-e85a-652a-d482-fa4bdb7792cb" testName="Parser Tests.Expression Parser Tests.Parentheses.simple parentheses" computerName="dadsmbp" startTime="2025-08-22T12:12:54.9578290-04:00" endTime="2025-08-22T12:12:54.9583170-04:00" testType="13cdc9d9-ddb5-4fa4-a97d-d965ccfc6d4b" outcome="Passed" testListId="8c84fa94-04c1-424b-9868-57a2d4851a1d" relativeResultsDirectory="154f0bbb-b7e5-408a-a15f-6b4d955920fc" />
    <UnitTestResult executionId="06fac006-0644-49fe-b034-41ee2c8e6c53" testId="d42cbb2a-9c1a-4f4b-4584-5987904f9667" testName="Parser Tests.Expression Parser Tests.Table Constructors.Complex Examples.table with method calls" computerName="dadsmbp" startTime="2025-08-22T12:12:55.0235480-04:00" endTime="2025-08-22T12:12:55.0238430-04:00" testType="13cdc9d9-ddb5-4fa4-a97d-d965ccfc6d4b" outcome="Passed" testListId="8c84fa94-04c1-424b-9868-57a2d4851a1d" relativeResultsDirectory="06fac006-0644-49fe-b034-41ee2c8e6c53" />
    <UnitTestResult executionId="60c638d7-c797-48b8-abc4-7a572bd367ae" testId="b91df055-d81f-13a2-3b2a-adce7e1ce561" testName="Parser Tests.Statement Parser Tests.Basic Statements.assignment with table access" computerName="dadsmbp" startTime="2025-08-22T12:12:55.0347860-04:00" endTime="2025-08-22T12:12:55.0353830-04:00" testType="13cdc9d9-ddb5-4fa4-a97d-d965ccfc6d4b" outcome="Passed" testListId="8c84fa94-04c1-424b-9868-57a2d4851a1d" relativeResultsDirectory="60c638d7-c797-48b8-abc4-7a572bd367ae" />
    <UnitTestResult executionId="9c584981-42b1-4529-9a31-0d53ca593474" testId="3cd06007-638e-cadc-f706-4c9a509133f7" testName="Long string parsing.No initial newline" computerName="dadsmbp" duration="00:00:00.0060000" startTime="2025-08-22T12:12:55.0887370-04:00" endTime="2025-08-22T12:12:55.0951110-04:00" testType="13cdc9d9-ddb5-4fa4-a97d-d965ccfc6d4b" outcome="Passed" testListId="8c84fa94-04c1-424b-9868-57a2d4851a1d" relativeResultsDirectory="9c584981-42b1-4529-9a31-0d53ca593474" />
    <UnitTestResult executionId="e1fae8a3-8d55-419e-ad1b-1b333652f72d" testId="61a7a37d-f46f-ed42-bd70-9b1373a3ced4" testName="Parser Tests.Expression Parser Tests.Function Expressions.function with body" computerName="dadsmbp" duration="00:00:00.0020000" startTime="2025-08-22T12:12:55.0236750-04:00" endTime="2025-08-22T12:12:55.0263950-04:00" testType="13cdc9d9-ddb5-4fa4-a97d-d965ccfc6d4b" outcome="Passed" testListId="8c84fa94-04c1-424b-9868-57a2d4851a1d" relativeResultsDirectory="e1fae8a3-8d55-419e-ad1b-1b333652f72d" />
    <UnitTestResult executionId="fd2d7ee6-e094-4a58-bbaf-08e966660735" testId="6da5de44-db3e-61ee-f3a8-e77c4b84e1d8" testName="Parser Tests.Expression Parser Tests.Unary Operators.length" computerName="dadsmbp" startTime="2025-08-22T12:12:54.9586040-04:00" endTime="2025-08-22T12:12:54.9587310-04:00" testType="13cdc9d9-ddb5-4fa4-a97d-d965ccfc6d4b" outcome="Passed" testListId="8c84fa94-04c1-424b-9868-57a2d4851a1d" relativeResultsDirectory="fd2d7ee6-e094-4a58-bbaf-08e966660735" />
    <UnitTestResult executionId="781e9590-8277-4035-97ce-57366dce62bf" testId="551f761e-e349-7a4d-824e-ba9635e4feb9" testName="Parser Tests.Statement Parser Tests.Variable Attributes.Local Variable Attributes.local close variable" computerName="dadsmbp" startTime="2025-08-22T12:12:55.0563120-04:00" endTime="2025-08-22T12:12:55.0568910-04:00" testType="13cdc9d9-ddb5-4fa4-a97d-d965ccfc6d4b" outcome="Passed" testListId="8c84fa94-04c1-424b-9868-57a2d4851a1d" relativeResultsDirectory="781e9590-8277-4035-97ce-57366dce62bf" />
    <UnitTestResult executionId="819e9e69-ed55-447b-95c5-40bd84aae8c2" testId="31b647c0-1b1b-231b-0aa9-4845822edf5a" testName="Parser Tests.Statement Parser Tests.Control Flow Statements.Function Definitions.method definition" computerName="dadsmbp" duration="00:00:00.0010000" startTime="2025-08-22T12:12:55.0559330-04:00" endTime="2025-08-22T12:12:55.0572540-04:00" testType="13cdc9d9-ddb5-4fa4-a97d-d965ccfc6d4b" outcome="Passed" testListId="8c84fa94-04c1-424b-9868-57a2d4851a1d" relativeResultsDirectory="819e9e69-ed55-447b-95c5-40bd84aae8c2" />
    <UnitTestResult executionId="2316915c-c550-498a-8962-315756c7eaa1" testId="ca2684eb-4d89-488c-7145-809d378571ad" testName="Hex literal parsing.Max Int64 value" computerName="dadsmbp" startTime="2025-08-22T12:12:55.0781410-04:00" endTime="2025-08-22T12:12:55.0793140-04:00" testType="13cdc9d9-ddb5-4fa4-a97d-d965ccfc6d4b" outcome="Passed" testListId="8c84fa94-04c1-424b-9868-57a2d4851a1d" relativeResultsDirectory="2316915c-c550-498a-8962-315756c7eaa1" />
    <UnitTestResult executionId="785d3b8d-dc18-4cf1-be3d-1f5845339ebc" testId="ffc50473-1728-3b39-765c-2603db6d395a" testName="Parser Tests.Statement Parser Tests.Basic Statements.assignment with expressions" computerName="dadsmbp" duration="00:00:00.0010000" startTime="2025-08-22T12:12:55.0237080-04:00" endTime="2025-08-22T12:12:55.0260400-04:00" testType="13cdc9d9-ddb5-4fa4-a97d-d965ccfc6d4b" outcome="Passed" testListId="8c84fa94-04c1-424b-9868-57a2d4851a1d" relativeResultsDirectory="785d3b8d-dc18-4cf1-be3d-1f5845339ebc" />
    <UnitTestResult executionId="cef41e76-ad19-4096-a76d-51fad5270f92" testId="9dd28135-464f-23ca-c59d-4fbeadbbd66f" testName="Parser Tests.Statement Parser Tests.Parser Fixes.Assignment vs Function Call Disambiguation.method call statement" computerName="dadsmbp" startTime="2025-08-22T12:12:55.0668160-04:00" endTime="2025-08-22T12:12:55.0668500-04:00" testType="13cdc9d9-ddb5-4fa4-a97d-d965ccfc6d4b" outcome="Passed" testListId="8c84fa94-04c1-424b-9868-57a2d4851a1d" relativeResultsDirectory="cef41e76-ad19-4096-a76d-51fad5270f92" />
    <UnitTestResult executionId="60be58c7-ac4c-4690-a346-aabbdbc10d1f" testId="45db1f03-5434-2f8a-352f-bbb37bed0c95" testName="Parser Tests.Expression Parser Tests.Literals.escape tab" computerName="dadsmbp" startTime="2025-08-22T12:12:54.9353260-04:00" endTime="2025-08-22T12:12:54.9354000-04:00" testType="13cdc9d9-ddb5-4fa4-a97d-d965ccfc6d4b" outcome="Passed" testListId="8c84fa94-04c1-424b-9868-57a2d4851a1d" relativeResultsDirectory="60be58c7-ac4c-4690-a346-aabbdbc10d1f" />
    <UnitTestResult executionId="51dcec37-de28-4110-9cc6-c1bf2f60f1e6" testId="db7077dd-4ef5-8d20-6540-9087a3bc4696" testName="Variable attributes (Lua 5.4).Const attribute" computerName="dadsmbp" startTime="2025-08-22T12:12:55.0998560-04:00" endTime="2025-08-22T12:12:55.1003170-04:00" testType="13cdc9d9-ddb5-4fa4-a97d-d965ccfc6d4b" outcome="Passed" testListId="8c84fa94-04c1-424b-9868-57a2d4851a1d" relativeResultsDirectory="51dcec37-de28-4110-9cc6-c1bf2f60f1e6" />
    <UnitTestResult executionId="b3cd04e9-28ed-476d-a7e4-9236a4366543" testId="176664cd-e332-31a2-9d05-82d737b12220" testName="Parser Tests.Expression Parser Tests.Function Calls.no arguments" computerName="dadsmbp" startTime="2025-08-22T12:12:54.9901380-04:00" endTime="2025-08-22T12:12:54.9911890-04:00" testType="13cdc9d9-ddb5-4fa4-a97d-d965ccfc6d4b" outcome="Passed" testListId="8c84fa94-04c1-424b-9868-57a2d4851a1d" relativeResultsDirectory="b3cd04e9-28ed-476d-a7e4-9236a4366543" />
    <UnitTestResult executionId="1e8a697e-c83e-4037-8a28-72d4ceb9575c" testId="48240e2c-a4d9-2594-4296-f471c14fc6a7" testName="Generic for loop parsing.Known limitation: f{} syntax" computerName="dadsmbp" duration="00:00:00.0010000" startTime="2025-08-22T12:12:55.0997860-04:00" endTime="2025-08-22T12:12:55.1011670-04:00" testType="13cdc9d9-ddb5-4fa4-a97d-d965ccfc6d4b" outcome="Passed" testListId="8c84fa94-04c1-424b-9868-57a2d4851a1d" relativeResultsDirectory="1e8a697e-c83e-4037-8a28-72d4ceb9575c" />
    <UnitTestResult executionId="be1159b8-0092-4cab-bcba-95a35588048b" testId="e084a9b3-905c-32f0-81f5-67ee354b61c3" testName="Parser Tests.Statement Parser Tests.Parser Fixes.Table Access in Binary Expressions (Fixed).complex table expression" computerName="dadsmbp" startTime="2025-08-22T12:12:55.0780220-04:00" endTime="2025-08-22T12:12:55.0781970-04:00" testType="13cdc9d9-ddb5-4fa4-a97d-d965ccfc6d4b" outcome="Passed" testListId="8c84fa94-04c1-424b-9868-57a2d4851a1d" relativeResultsDirectory="be1159b8-0092-4cab-bcba-95a35588048b" />
    <UnitTestResult executionId="9e410e80-6b64-4ed5-b724-5d62dc9f2f3e" testId="798740c7-4bcf-2860-2b4d-5db188ed8088" testName="Parser Tests.Statement Parser Tests.Parser Fixes.Complex Assignment Patterns.nil assignment to table" computerName="dadsmbp" startTime="2025-08-22T12:12:55.0779310-04:00" endTime="2025-08-22T12:12:55.0789640-04:00" testType="13cdc9d9-ddb5-4fa4-a97d-d965ccfc6d4b" outcome="Passed" testListId="8c84fa94-04c1-424b-9868-57a2d4851a1d" relativeResultsDirectory="9e410e80-6b64-4ed5-b724-5d62dc9f2f3e" />
    <UnitTestResult executionId="7aabd5cf-2696-4a3f-8371-afda2598c643" testId="79a32c9d-4915-abcb-12b1-98842e995302" testName="Parser Tests.Statement Parser Tests.Parser Fixes.Table Access in Binary Expressions (Fixed).table dot access addition" computerName="dadsmbp" startTime="2025-08-22T12:12:55.0780090-04:00" endTime="2025-08-22T12:12:55.0781860-04:00" testType="13cdc9d9-ddb5-4fa4-a97d-d965ccfc6d4b" outcome="Passed" testListId="8c84fa94-04c1-424b-9868-57a2d4851a1d" relativeResultsDirectory="7aabd5cf-2696-4a3f-8371-afda2598c643" />
    <UnitTestResult executionId="35970ddb-12f7-4771-968a-1106f821e443" testId="6bcb40f4-cf24-de68-ebe9-a8a7e6ab39fc" testName="Parser Tests.Expression Parser Tests.Literals.hex escape A" computerName="dadsmbp" startTime="2025-08-22T12:12:54.9465540-04:00" endTime="2025-08-22T12:12:54.9470040-04:00" testType="13cdc9d9-ddb5-4fa4-a97d-d965ccfc6d4b" outcome="Passed" testListId="8c84fa94-04c1-424b-9868-57a2d4851a1d" relativeResultsDirectory="35970ddb-12f7-4771-968a-1106f821e443" />
    <UnitTestResult executionId="bff88b8d-39a3-409d-bda2-6d06ff5c0270" testId="cbf11f0c-9efd-21c8-0344-f5e3de7c50b7" testName="Parser Tests.Expression Parser Tests.Literals.escape backslash" computerName="dadsmbp" startTime="2025-08-22T12:12:54.9353400-04:00" endTime="2025-08-22T12:12:54.9358950-04:00" testType="13cdc9d9-ddb5-4fa4-a97d-d965ccfc6d4b" outcome="Passed" testListId="8c84fa94-04c1-424b-9868-57a2d4851a1d" relativeResultsDirectory="bff88b8d-39a3-409d-bda2-6d06ff5c0270" />
    <UnitTestResult executionId="a89773da-c451-4b1a-b822-206cbeaebc4c" testId="dd87e8f5-47dd-63a5-b069-c24fab3a48d5" testName="Parser Tests.Expression Parser Tests.Literals.escape backspace" computerName="dadsmbp" startTime="2025-08-22T12:12:54.9354640-04:00" endTime="2025-08-22T12:12:54.9361500-04:00" testType="13cdc9d9-ddb5-4fa4-a97d-d965ccfc6d4b" outcome="Passed" testListId="8c84fa94-04c1-424b-9868-57a2d4851a1d" relativeResultsDirectory="a89773da-c451-4b1a-b822-206cbeaebc4c" />
    <UnitTestResult executionId="c142fe9f-2250-435f-acde-8b35f4bdb78f" testId="61bcbfaa-09a8-e49b-1e09-85c4de69467d" testName="Parser Tests.Expression Parser Tests.Literals.string" computerName="dadsmbp" duration="00:00:00.0300000" startTime="2025-08-22T12:12:54.8885910-04:00" endTime="2025-08-22T12:12:54.9241280-04:00" testType="13cdc9d9-ddb5-4fa4-a97d-d965ccfc6d4b" outcome="Passed" testListId="8c84fa94-04c1-424b-9868-57a2d4851a1d" relativeResultsDirectory="c142fe9f-2250-435f-acde-8b35f4bdb78f" />
    <UnitTestResult executionId="e154e0e3-a0d7-4457-8f65-67d0de112671" testId="ac1786a2-dddf-f8c1-879b-8f2df0918d4f" testName="Parser Tests.Statement Parser Tests.Parser Fixes.Table Assignment at Statement Level (Fixed).nested table assignment" computerName="dadsmbp" startTime="2025-08-22T12:12:55.0665720-04:00" endTime="2025-08-22T12:12:55.0669030-04:00" testType="13cdc9d9-ddb5-4fa4-a97d-d965ccfc6d4b" outcome="Passed" testListId="8c84fa94-04c1-424b-9868-57a2d4851a1d" relativeResultsDirectory="e154e0e3-a0d7-4457-8f65-67d0de112671" />
    <UnitTestResult executionId="a6ee83ea-1dbb-40ba-8342-12c89b9f9931" testId="908ca77d-10e0-7e63-e6d9-3ca0b72d983b" testName="Parser Tests.Expression Parser Tests.Bitwise Operators.bitwise and" computerName="dadsmbp" startTime="2025-08-22T12:12:54.9789200-04:00" endTime="2025-08-22T12:12:54.9792810-04:00" testType="13cdc9d9-ddb5-4fa4-a97d-d965ccfc6d4b" outcome="Passed" testListId="8c84fa94-04c1-424b-9868-57a2d4851a1d" relativeResultsDirectory="a6ee83ea-1dbb-40ba-8342-12c89b9f9931" />
    <UnitTestResult executionId="dc273b09-a559-411d-8133-7833e07dee66" testId="ef88aec7-46d3-dd30-ec64-a51e14f8fab1" testName="Parser Tests.Expression Parser Tests.Literals.boolean false" computerName="dadsmbp" duration="00:00:00.0300000" startTime="2025-08-22T12:12:54.8887110-04:00" endTime="2025-08-22T12:12:54.9241260-04:00" testType="13cdc9d9-ddb5-4fa4-a97d-d965ccfc6d4b" outcome="Passed" testListId="8c84fa94-04c1-424b-9868-57a2d4851a1d" relativeResultsDirectory="dc273b09-a559-411d-8133-7833e07dee66" />
    <UnitTestResult executionId="65a852c4-6311-47f7-86e6-9f1bbae5dbf1" testId="f9b1b562-700c-308d-bc66-002581032a2e" testName="Parser Tests.Statement Parser Tests.Basic Statements.simple assignment" computerName="dadsmbp" duration="00:00:00.0010000" startTime="2025-08-22T12:12:55.0236830-04:00" endTime="2025-08-22T12:12:55.0260320-04:00" testType="13cdc9d9-ddb5-4fa4-a97d-d965ccfc6d4b" outcome="Passed" testListId="8c84fa94-04c1-424b-9868-57a2d4851a1d" relativeResultsDirectory="65a852c4-6311-47f7-86e6-9f1bbae5dbf1" />
    <UnitTestResult executionId="925fc67e-acfc-4830-9535-5d3ecac64aa3" testId="cfa379e1-09d8-dba5-206b-c6e2aaf24ff1" testName="Parser Tests.Expression Parser Tests.Table Access.bracket access string" computerName="dadsmbp" startTime="2025-08-22T12:12:55.0011790-04:00" endTime="2025-08-22T12:12:55.0015530-04:00" testType="13cdc9d9-ddb5-4fa4-a97d-d965ccfc6d4b" outcome="Passed" testListId="8c84fa94-04c1-424b-9868-57a2d4851a1d" relativeResultsDirectory="925fc67e-acfc-4830-9535-5d3ecac64aa3" />
    <UnitTestResult executionId="e5b41ff2-081e-4c84-aef0-ed5951b5bce2" testId="0ba7aa40-6834-6408-0135-49e448773151" testName="Parser Tests.Expression Parser Tests.Identifiers.underscore identifier" computerName="dadsmbp" duration="00:00:00.0010000" startTime="2025-08-22T12:12:54.9576390-04:00" endTime="2025-08-22T12:12:54.9589270-04:00" testType="13cdc9d9-ddb5-4fa4-a97d-d965ccfc6d4b" outcome="Passed" testListId="8c84fa94-04c1-424b-9868-57a2d4851a1d" relativeResultsDirectory="e5b41ff2-081e-4c84-aef0-ed5951b5bce2" />
    <UnitTestResult executionId="9d8a8f9a-05ec-42d7-b4de-5d6419e2d0d6" testId="e514b4b5-ff0e-0503-c03f-cd130b642260" testName="Parser Tests.Statement Parser Tests.Variable Attributes.Function Parameter Attributes.function with close parameter" computerName="dadsmbp" startTime="2025-08-22T12:12:55.0563950-04:00" endTime="2025-08-22T12:12:55.0575740-04:00" testType="13cdc9d9-ddb5-4fa4-a97d-d965ccfc6d4b" outcome="Passed" testListId="8c84fa94-04c1-424b-9868-57a2d4851a1d" relativeResultsDirectory="9d8a8f9a-05ec-42d7-b4de-5d6419e2d0d6" />
    <UnitTestResult executionId="ffd9537e-07cd-4e14-8f1f-6a8bed91d851" testId="1e8f1476-74a1-8640-15d5-70d9d9626f1e" testName="Parser Tests.Statement Parser Tests.Variable Attributes.Function Parameter Attributes.function with const parameter" computerName="dadsmbp" startTime="2025-08-22T12:12:55.0563650-04:00" endTime="2025-08-22T12:12:55.0575740-04:00" testType="13cdc9d9-ddb5-4fa4-a97d-d965ccfc6d4b" outcome="Passed" testListId="8c84fa94-04c1-424b-9868-57a2d4851a1d" relativeResultsDirectory="ffd9537e-07cd-4e14-8f1f-6a8bed91d851" />
    <UnitTestResult executionId="b5e9acd9-3ab4-4ea4-a1b7-177635e51b00" testId="04e7d918-25da-0f85-ac00-ebd526c020fb" testName="Parser Tests.Statement Parser Tests.Control Flow Statements.For Loops.numeric for basic" computerName="dadsmbp" startTime="2025-08-22T12:12:55.0447950-04:00" endTime="2025-08-22T12:12:55.0453280-04:00" testType="13cdc9d9-ddb5-4fa4-a97d-d965ccfc6d4b" outcome="Passed" testListId="8c84fa94-04c1-424b-9868-57a2d4851a1d" relativeResultsDirectory="b5e9acd9-3ab4-4ea4-a1b7-177635e51b00" />
    <UnitTestResult executionId="09a31cdb-72f8-446e-b9fc-bceb56c4f717" testId="25722854-c2f4-5f12-2a6e-611e5536b3f9" testName="Parser Tests.Statement Parser Tests.Control Flow Statements.repeat until loop" computerName="dadsmbp" startTime="2025-08-22T12:12:55.0443600-04:00" endTime="2025-08-22T12:12:55.0453090-04:00" testType="13cdc9d9-ddb5-4fa4-a97d-d965ccfc6d4b" outcome="Passed" testListId="8c84fa94-04c1-424b-9868-57a2d4851a1d" relativeResultsDirectory="09a31cdb-72f8-446e-b9fc-bceb56c4f717" />
    <UnitTestResult executionId="fb0fa8ba-9f83-4e70-b085-c5f20c3d32c4" testId="e75832d6-d2ab-78bd-b121-c76c19fe297c" testName="Parser Tests.Expression Parser Tests.Literals.line continuation basic" computerName="dadsmbp" startTime="2025-08-22T12:12:54.9466180-04:00" endTime="2025-08-22T12:12:54.9470320-04:00" testType="13cdc9d9-ddb5-4fa4-a97d-d965ccfc6d4b" outcome="Passed" testListId="8c84fa94-04c1-424b-9868-57a2d4851a1d" relativeResultsDirectory="fb0fa8ba-9f83-4e70-b085-c5f20c3d32c4" />
    <UnitTestResult executionId="6f58d2a8-73f5-4c3f-833c-872c9f204947" testId="e99f9d4b-5305-939e-bdec-d1eb40673157" testName="Parser Tests.Expression Parser Tests.String Concatenation.simple concat" computerName="dadsmbp" startTime="2025-08-22T12:12:54.9678760-04:00" endTime="2025-08-22T12:12:54.9688150-04:00" testType="13cdc9d9-ddb5-4fa4-a97d-d965ccfc6d4b" outcome="Passed" testListId="8c84fa94-04c1-424b-9868-57a2d4851a1d" relativeResultsDirectory="6f58d2a8-73f5-4c3f-833c-872c9f204947" />
    <UnitTestResult executionId="60b11790-adbf-423d-97e8-b7d57b1a841a" testId="6412ce07-78c8-4c98-b55c-92f2fe3f0b2c" testName="Parser Tests.Expression Parser Tests.Method Calls.method with multiple args" computerName="dadsmbp" startTime="2025-08-22T12:12:55.0012830-04:00" endTime="2025-08-22T12:12:55.0019390-04:00" testType="13cdc9d9-ddb5-4fa4-a97d-d965ccfc6d4b" outcome="Passed" testListId="8c84fa94-04c1-424b-9868-57a2d4851a1d" relativeResultsDirectory="60b11790-adbf-423d-97e8-b7d57b1a841a" />
    <UnitTestResult executionId="7bb5e68b-ebe2-4d70-ba45-cae2c7618995" testId="b720d5ae-34d4-7f69-eb3b-9e67edcaa5b6" testName="Parser Tests.Expression Parser Tests.Whitespace Handling.tabs and spaces" computerName="dadsmbp" startTime="2025-08-22T12:12:54.9900870-04:00" endTime="2025-08-22T12:12:54.9902980-04:00" testType="13cdc9d9-ddb5-4fa4-a97d-d965ccfc6d4b" outcome="Passed" testListId="8c84fa94-04c1-424b-9868-57a2d4851a1d" relativeResultsDirectory="7bb5e68b-ebe2-4d70-ba45-cae2c7618995" />
    <UnitTestResult executionId="8b4c009a-965a-4de3-893d-d5a648b5a1a4" testId="d1a34dd5-f580-23eb-b44e-ee2c966b1def" testName="Parser Tests.Statement Parser Tests.Control Flow Statements.Function Definitions.function with vararg" computerName="dadsmbp" startTime="2025-08-22T12:12:55.0559260-04:00" endTime="2025-08-22T12:12:55.0560230-04:00" testType="13cdc9d9-ddb5-4fa4-a97d-d965ccfc6d4b" outcome="Passed" testListId="8c84fa94-04c1-424b-9868-57a2d4851a1d" relativeResultsDirectory="8b4c009a-965a-4de3-893d-d5a648b5a1a4" />
    <UnitTestResult executionId="b8b8b20a-81c1-4c61-9439-85af04ae0eca" testId="e49a374f-44a9-aa9d-355d-21ac7439d26a" testName="Function call parsing.Call with string literal (no parens)" computerName="dadsmbp" startTime="2025-08-22T12:12:55.0998390-04:00" endTime="2025-08-22T12:12:55.1004390-04:00" testType="13cdc9d9-ddb5-4fa4-a97d-d965ccfc6d4b" outcome="Passed" testListId="8c84fa94-04c1-424b-9868-57a2d4851a1d" relativeResultsDirectory="b8b8b20a-81c1-4c61-9439-85af04ae0eca" />
    <UnitTestResult executionId="532cf2af-c7ee-4300-bb35-783bd045140e" testId="2235aeb2-d9db-b858-9ee9-ee90338ff81a" testName="Parser Tests.Statement Parser Tests.Variable Attributes.Function Parameter Attributes.function with mixed parameter attributes" computerName="dadsmbp" startTime="2025-08-22T12:12:55.0664950-04:00" endTime="2025-08-22T12:12:55.0665500-04:00" testType="13cdc9d9-ddb5-4fa4-a97d-d965ccfc6d4b" outcome="Passed" testListId="8c84fa94-04c1-424b-9868-57a2d4851a1d" relativeResultsDirectory="532cf2af-c7ee-4300-bb35-783bd045140e" />
    <UnitTestResult executionId="51771272-196c-4e97-a9e4-3d7dc69fd2bd" testId="32c198b5-8ae6-5eaa-e3d6-53da2a126eff" testName="Parser Tests.Statement Parser Tests.Control Flow Statements.if with elseif and else" computerName="dadsmbp" duration="00:00:00.0010000" startTime="2025-08-22T12:12:55.0353470-04:00" endTime="2025-08-22T12:12:55.0364260-04:00" testType="13cdc9d9-ddb5-4fa4-a97d-d965ccfc6d4b" outcome="Passed" testListId="8c84fa94-04c1-424b-9868-57a2d4851a1d" relativeResultsDirectory="51771272-196c-4e97-a9e4-3d7dc69fd2bd" />
    <UnitTestResult executionId="ae1659e1-a73a-4917-8985-64231d1ac634" testId="436116f5-bf6c-9584-a37a-ff3cdf214fe2" testName="Parser Tests.Statement Parser Tests.Variable Attributes.Local Variable Attributes.multiple variables with mixed attributes" computerName="dadsmbp" startTime="2025-08-22T12:12:55.0563200-04:00" endTime="2025-08-22T12:12:55.0569180-04:00" testType="13cdc9d9-ddb5-4fa4-a97d-d965ccfc6d4b" outcome="Passed" testListId="8c84fa94-04c1-424b-9868-57a2d4851a1d" relativeResultsDirectory="ae1659e1-a73a-4917-8985-64231d1ac634" />
    <UnitTestResult executionId="489ad0f6-7510-4541-a3b3-898318be96ac" testId="33acbcbc-981c-563d-91c0-da679c0851c2" testName="Parser Tests.Expression Parser Tests.Function Expressions.function with vararg" computerName="dadsmbp" duration="00:00:00.0010000" startTime="2025-08-22T12:12:55.0236590-04:00" endTime="2025-08-22T12:12:55.0259270-04:00" testType="13cdc9d9-ddb5-4fa4-a97d-d965ccfc6d4b" outcome="Passed" testListId="8c84fa94-04c1-424b-9868-57a2d4851a1d" relativeResultsDirectory="489ad0f6-7510-4541-a3b3-898318be96ac" />
    <UnitTestResult executionId="6c31cfb5-b707-4a3d-ab26-1ef56611cbaf" testId="bf42d420-5348-a17d-f0f1-75c223705f03" testName="Parser Tests.Expression Parser Tests.Unary Operators.not" computerName="dadsmbp" startTime="2025-08-22T12:12:54.9580880-04:00" endTime="2025-08-22T12:12:54.9588970-04:00" testType="13cdc9d9-ddb5-4fa4-a97d-d965ccfc6d4b" outcome="Passed" testListId="8c84fa94-04c1-424b-9868-57a2d4851a1d" relativeResultsDirectory="6c31cfb5-b707-4a3d-ab26-1ef56611cbaf" />
    <UnitTestResult executionId="1a981d00-a00c-4560-92a0-f4c48772f02f" testId="04ba60a7-0794-c732-2213-aafcbc4ed08e" testName="Parser Tests.Expression Parser Tests.Literals.escape newline" computerName="dadsmbp" startTime="2025-08-22T12:12:54.9226120-04:00" endTime="2025-08-22T12:12:54.9261080-04:00" testType="13cdc9d9-ddb5-4fa4-a97d-d965ccfc6d4b" outcome="Passed" testListId="8c84fa94-04c1-424b-9868-57a2d4851a1d" relativeResultsDirectory="1a981d00-a00c-4560-92a0-f4c48772f02f" />
    <UnitTestResult executionId="baad9010-caf5-4824-8f99-1ffccaef1bef" testId="22e4173d-cb7e-9ab3-0463-97b7ca2b1bae" testName="Parser Tests.Expression Parser Tests.Shift Operators.left shift" computerName="dadsmbp" startTime="2025-08-22T12:12:54.9678850-04:00" endTime="2025-08-22T12:12:54.9688630-04:00" testType="13cdc9d9-ddb5-4fa4-a97d-d965ccfc6d4b" outcome="Passed" testListId="8c84fa94-04c1-424b-9868-57a2d4851a1d" relativeResultsDirectory="baad9010-caf5-4824-8f99-1ffccaef1bef" />
    <UnitTestResult executionId="0feeb706-8998-49f9-b8bf-90e66f0882f3" testId="4cb6405b-7bb5-3db8-6617-a196a7bd9324" testName="Parser Tests.Expression Parser Tests.Literals.hex integer" computerName="dadsmbp" duration="00:00:00.0200000" startTime="2025-08-22T12:12:54.8891420-04:00" endTime="2025-08-22T12:12:54.9241230-04:00" testType="13cdc9d9-ddb5-4fa4-a97d-d965ccfc6d4b" outcome="Passed" testListId="8c84fa94-04c1-424b-9868-57a2d4851a1d" relativeResultsDirectory="0feeb706-8998-49f9-b8bf-90e66f0882f3" />
    <UnitTestResult executionId="80268acd-8800-4da9-85cc-884d6ff03912" testId="fe7b4783-5658-87e1-ca2c-6b15dc662819" testName="Parser Tests.Expression Parser Tests.Literals.complex string" computerName="dadsmbp" startTime="2025-08-22T12:12:54.9466610-04:00" endTime="2025-08-22T12:12:54.9471170-04:00" testType="13cdc9d9-ddb5-4fa4-a97d-d965ccfc6d4b" outcome="Passed" testListId="8c84fa94-04c1-424b-9868-57a2d4851a1d" relativeResultsDirectory="80268acd-8800-4da9-85cc-884d6ff03912" />
    <UnitTestResult executionId="f1e54497-720e-495a-ab93-3729f8f0fdee" testId="556ee242-82d6-10d0-ca79-6cc9ec701327" testName="Parser Tests.Expression Parser Tests.Literals.line continuation empty" computerName="dadsmbp" startTime="2025-08-22T12:12:54.9466370-04:00" endTime="2025-08-22T12:12:54.9470300-04:00" testType="13cdc9d9-ddb5-4fa4-a97d-d965ccfc6d4b" outcome="Passed" testListId="8c84fa94-04c1-424b-9868-57a2d4851a1d" relativeResultsDirectory="f1e54497-720e-495a-ab93-3729f8f0fdee" />
    <UnitTestResult executionId="72662116-b204-4c98-8815-7e97d8f41390" testId="d70ea16a-84c0-2dfe-d4d6-916e2a4eee9d" testName="Parser Tests.Expression Parser Tests.Complex Expressions.logical and comparison" computerName="dadsmbp" startTime="2025-08-22T12:12:54.9900530-04:00" endTime="2025-08-22T12:12:54.9902880-04:00" testType="13cdc9d9-ddb5-4fa4-a97d-d965ccfc6d4b" outcome="Passed" testListId="8c84fa94-04c1-424b-9868-57a2d4851a1d" relativeResultsDirectory="72662116-b204-4c98-8815-7e97d8f41390" />
    <UnitTestResult executionId="5cb8bab3-b1d0-42d9-8810-e9d98a44ee76" testId="48b68161-6a77-c4ee-cbc6-b600ca4b2b7f" testName="Parser Tests.Statement Parser Tests.Parser Fixes.Table Assignment at Statement Level (Fixed).table string key assignment" computerName="dadsmbp" startTime="2025-08-22T12:12:55.0665480-04:00" endTime="2025-08-22T12:12:55.0668450-04:00" testType="13cdc9d9-ddb5-4fa4-a97d-d965ccfc6d4b" outcome="Passed" testListId="8c84fa94-04c1-424b-9868-57a2d4851a1d" relativeResultsDirectory="5cb8bab3-b1d0-42d9-8810-e9d98a44ee76" />
    <UnitTestResult executionId="353de091-c8a0-47e5-9fb4-563bc8e19057" testId="a81fb642-5efa-96c7-9da8-620d14375041" testName="Parser Tests.Expression Parser Tests.Unary Operators.bitwise not" computerName="dadsmbp" startTime="2025-08-22T12:12:54.9677950-04:00" endTime="2025-08-22T12:12:54.9682080-04:00" testType="13cdc9d9-ddb5-4fa4-a97d-d965ccfc6d4b" outcome="Passed" testListId="8c84fa94-04c1-424b-9868-57a2d4851a1d" relativeResultsDirectory="353de091-c8a0-47e5-9fb4-563bc8e19057" />
    <UnitTestResult executionId="3d3a3b50-9c7a-4cbb-936c-9be8304aff09" testId="fc7a0a39-6e21-813b-9448-b0a212a69660" testName="Parser Tests.Expression Parser Tests.Function Calls.function call in expression" computerName="dadsmbp" duration="00:00:00.0010000" startTime="2025-08-22T12:12:54.9902640-04:00" endTime="2025-08-22T12:12:54.9913390-04:00" testType="13cdc9d9-ddb5-4fa4-a97d-d965ccfc6d4b" outcome="Passed" testListId="8c84fa94-04c1-424b-9868-57a2d4851a1d" relativeResultsDirectory="3d3a3b50-9c7a-4cbb-936c-9be8304aff09" />
    <UnitTestResult executionId="fc2b94fa-f490-44b8-a2e5-e3ae5efd4364" testId="197d35fc-39a4-fea2-6905-93fada68d92e" testName="Parser Tests.Statement Parser Tests.Parser Fixes.Table Assignment at Statement Level (Fixed).table method result assignment" computerName="dadsmbp" startTime="2025-08-22T12:12:55.0666140-04:00" endTime="2025-08-22T12:12:55.0671690-04:00" testType="13cdc9d9-ddb5-4fa4-a97d-d965ccfc6d4b" outcome="Passed" testListId="8c84fa94-04c1-424b-9868-57a2d4851a1d" relativeResultsDirectory="fc2b94fa-f490-44b8-a2e5-e3ae5efd4364" />
    <UnitTestResult executionId="77222d75-b01d-464c-8555-914a2071a85e" testId="db53c524-8356-fa82-3d0f-6ff9dca12bff" testName="Parser Tests.Expression Parser Tests.Literals.multiple escapes" computerName="dadsmbp" startTime="2025-08-22T12:12:54.9466420-04:00" endTime="2025-08-22T12:12:54.9469150-04:00" testType="13cdc9d9-ddb5-4fa4-a97d-d965ccfc6d4b" outcome="Passed" testListId="8c84fa94-04c1-424b-9868-57a2d4851a1d" relativeResultsDirectory="77222d75-b01d-464c-8555-914a2071a85e" />
    <UnitTestResult executionId="0b85d67f-c86d-453e-b8f0-68c87a7cee47" testId="86fb7a5a-8cf2-4c36-a489-26ff73f20850" testName="Parser Tests.Expression Parser Tests.vararg" computerName="dadsmbp" startTime="2025-08-22T12:12:54.9578160-04:00" endTime="2025-08-22T12:12:54.9583150-04:00" testType="13cdc9d9-ddb5-4fa4-a97d-d965ccfc6d4b" outcome="Passed" testListId="8c84fa94-04c1-424b-9868-57a2d4851a1d" relativeResultsDirectory="0b85d67f-c86d-453e-b8f0-68c87a7cee47" />
    <UnitTestResult executionId="522afd44-f759-428c-acbe-2fbd5945c9a2" testId="23936ca9-cb04-0d9a-ca60-67e86f26450c" testName="Parser Tests.Expression Parser Tests.Table Access.bracket access variable" computerName="dadsmbp" startTime="2025-08-22T12:12:55.0012000-04:00" endTime="2025-08-22T12:12:55.0015410-04:00" testType="13cdc9d9-ddb5-4fa4-a97d-d965ccfc6d4b" outcome="Passed" testListId="8c84fa94-04c1-424b-9868-57a2d4851a1d" relativeResultsDirectory="522afd44-f759-428c-acbe-2fbd5945c9a2" />
    <UnitTestResult executionId="1b3c1002-b500-4139-9a77-95405a09d42e" testId="c2b658e0-4b22-738c-bebe-cd41ac9fe9da" testName="Parser Tests.Expression Parser Tests.Literals.hex float with exponent" computerName="dadsmbp" duration="00:00:00.0200000" startTime="2025-08-22T12:12:54.8892450-04:00" endTime="2025-08-22T12:12:54.9241170-04:00" testType="13cdc9d9-ddb5-4fa4-a97d-d965ccfc6d4b" outcome="Passed" testListId="8c84fa94-04c1-424b-9868-57a2d4851a1d" relativeResultsDirectory="1b3c1002-b500-4139-9a77-95405a09d42e" />
    <UnitTestResult executionId="e76f1a6f-d5e7-46d4-ada7-8af7384a54ce" testId="79d5918b-926d-0485-ef83-d1e8dd4fbb4d" testName="Parser Tests.Expression Parser Tests.Literals.boolean true" computerName="dadsmbp" duration="00:00:00.0300000" startTime="2025-08-22T12:12:54.8886570-04:00" endTime="2025-08-22T12:12:54.9241110-04:00" testType="13cdc9d9-ddb5-4fa4-a97d-d965ccfc6d4b" outcome="Passed" testListId="8c84fa94-04c1-424b-9868-57a2d4851a1d" relativeResultsDirectory="e76f1a6f-d5e7-46d4-ada7-8af7384a54ce" />
    <UnitTestResult executionId="d96ad7db-4778-4324-9596-18e4679e8272" testId="e5c063e2-57d2-6d48-c35f-7e8e3d6332c0" testName="Hex literal parsing.Standard hex values" computerName="dadsmbp" startTime="2025-08-22T12:12:55.0780980-04:00" endTime="2025-08-22T12:12:55.0788890-04:00" testType="13cdc9d9-ddb5-4fa4-a97d-d965ccfc6d4b" outcome="Passed" testListId="8c84fa94-04c1-424b-9868-57a2d4851a1d" relativeResultsDirectory="d96ad7db-4778-4324-9596-18e4679e8272" />
    <UnitTestResult executionId="a58c1a4c-6fbc-4714-9a34-1d048e55ce92" testId="c7be5443-b868-5116-e84d-9ffcacf6dab8" testName="Parser Tests.Expression Parser Tests.Identifiers.long identifier" computerName="dadsmbp" duration="00:00:00.0010000" startTime="2025-08-22T12:12:54.9578030-04:00" endTime="2025-08-22T12:12:54.9589450-04:00" testType="13cdc9d9-ddb5-4fa4-a97d-d965ccfc6d4b" outcome="Passed" testListId="8c84fa94-04c1-424b-9868-57a2d4851a1d" relativeResultsDirectory="a58c1a4c-6fbc-4714-9a34-1d048e55ce92" />
    <UnitTestResult executionId="7c5a8a53-2d72-42a0-a58e-48ee3898882e" testId="d62fdd4e-c660-b54e-8965-95156526d6c3" testName="Parser Tests.Statement Parser Tests.Control Flow Statements.Function Definitions.nested method" computerName="dadsmbp" duration="00:00:00.0010000" startTime="2025-08-22T12:12:55.0560010-04:00" endTime="2025-08-22T12:12:55.0572370-04:00" testType="13cdc9d9-ddb5-4fa4-a97d-d965ccfc6d4b" outcome="Passed" testListId="8c84fa94-04c1-424b-9868-57a2d4851a1d" relativeResultsDirectory="7c5a8a53-2d72-42a0-a58e-48ee3898882e" />
    <UnitTestResult executionId="5e799918-4b82-4c35-b64f-55e0cb7a90bd" testId="65098e0b-d31f-493f-f5c7-89b21212d75c" testName="Parser Tests.Statement Parser Tests.Basic Statements.multiple local" computerName="dadsmbp" startTime="2025-08-22T12:12:55.0348330-04:00" endTime="2025-08-22T12:12:55.0354670-04:00" testType="13cdc9d9-ddb5-4fa4-a97d-d965ccfc6d4b" outcome="Passed" testListId="8c84fa94-04c1-424b-9868-57a2d4851a1d" relativeResultsDirectory="5e799918-4b82-4c35-b64f-55e0cb7a90bd" />
    <UnitTestResult executionId="77f15425-d1bd-40f1-b3e4-ffffb4c4c518" testId="f720ad31-ae74-79e7-22fb-fd540fe1e410" testName="Parser Tests.Statement Parser Tests.Variable Attributes.Generic For Attributes.generic for with const variable" computerName="dadsmbp" startTime="2025-08-22T12:12:55.0665150-04:00" endTime="2025-08-22T12:12:55.0665610-04:00" testType="13cdc9d9-ddb5-4fa4-a97d-d965ccfc6d4b" outcome="Passed" testListId="8c84fa94-04c1-424b-9868-57a2d4851a1d" relativeResultsDirectory="77f15425-d1bd-40f1-b3e4-ffffb4c4c518" />
    <UnitTestResult executionId="efe5d56b-9e7a-40c8-93a5-16cc260684cc" testId="df0bcd8b-7844-5b92-d01d-86530aea9c35" testName="Parser Tests.Expression Parser Tests.Bitwise Operators.bitwise or" computerName="dadsmbp" startTime="2025-08-22T12:12:54.9789550-04:00" endTime="2025-08-22T12:12:54.9792990-04:00" testType="13cdc9d9-ddb5-4fa4-a97d-d965ccfc6d4b" outcome="Passed" testListId="8c84fa94-04c1-424b-9868-57a2d4851a1d" relativeResultsDirectory="efe5d56b-9e7a-40c8-93a5-16cc260684cc" />
    <UnitTestResult executionId="7a8445f2-fe57-45e4-b06e-d0922d151cb5" testId="1445a436-f34a-a70f-5047-8283ef73049c" testName="Function call parsing.Standard call" computerName="dadsmbp" startTime="2025-08-22T12:12:55.0998160-04:00" endTime="2025-08-22T12:12:55.1002140-04:00" testType="13cdc9d9-ddb5-4fa4-a97d-d965ccfc6d4b" outcome="Passed" testListId="8c84fa94-04c1-424b-9868-57a2d4851a1d" relativeResultsDirectory="7a8445f2-fe57-45e4-b06e-d0922d151cb5" />
    <UnitTestResult executionId="aa5f8511-0ec5-499b-b10a-6a25fe7c8e97" testId="f77409eb-245e-e588-990d-732ccf35b9b9" testName="Parser Tests.Statement Parser Tests.Control Flow Statements.For Loops.numeric for with step" computerName="dadsmbp" startTime="2025-08-22T12:12:55.0447350-04:00" endTime="2025-08-22T12:12:55.0453230-04:00" testType="13cdc9d9-ddb5-4fa4-a97d-d965ccfc6d4b" outcome="Passed" testListId="8c84fa94-04c1-424b-9868-57a2d4851a1d" relativeResultsDirectory="aa5f8511-0ec5-499b-b10a-6a25fe7c8e97" />
    <UnitTestResult executionId="5a2293f1-12f9-443f-a9ef-30d7a4252d55" testId="df226330-7aa0-8c33-1b47-375d91200853" testName="Parser Tests.Expression Parser Tests.Comparison Operators.greater" computerName="dadsmbp" startTime="2025-08-22T12:12:54.9789710-04:00" endTime="2025-08-22T12:12:54.9792630-04:00" testType="13cdc9d9-ddb5-4fa4-a97d-d965ccfc6d4b" outcome="Passed" testListId="8c84fa94-04c1-424b-9868-57a2d4851a1d" relativeResultsDirectory="5a2293f1-12f9-443f-a9ef-30d7a4252d55" />
    <UnitTestResult executionId="e13674d2-5cdf-4728-90ea-afdc06122f4e" testId="5f017da4-ef6a-5f78-e492-2001cbd1f689" testName="Parser Tests.Expression Parser Tests.Literals.hex escape with following char" computerName="dadsmbp" startTime="2025-08-22T12:12:54.9466060-04:00" endTime="2025-08-22T12:12:54.9468990-04:00" testType="13cdc9d9-ddb5-4fa4-a97d-d965ccfc6d4b" outcome="Passed" testListId="8c84fa94-04c1-424b-9868-57a2d4851a1d" relativeResultsDirectory="e13674d2-5cdf-4728-90ea-afdc06122f4e" />
    <UnitTestResult executionId="8acd0e6b-c27b-4600-bea6-1b5ed8c4beea" testId="fb2f3300-9207-53e8-1b8c-3c0b3c97dd35" testName="Parser Tests.Statement Parser Tests.Basic Statements.return with method call" computerName="dadsmbp" startTime="2025-08-22T12:12:55.0352330-04:00" endTime="2025-08-22T12:12:55.0354960-04:00" testType="13cdc9d9-ddb5-4fa4-a97d-d965ccfc6d4b" outcome="Passed" testListId="8c84fa94-04c1-424b-9868-57a2d4851a1d" relativeResultsDirectory="8acd0e6b-c27b-4600-bea6-1b5ed8c4beea" />
    <UnitTestResult executionId="9c0af5f2-6e5d-4149-b38d-974023a84caa" testId="300f6dee-6490-83f6-adc0-de2d0fa5816e" testName="Parser Tests.Expression Parser Tests.String Concatenation.right associative" computerName="dadsmbp" startTime="2025-08-22T12:12:54.9678790-04:00" endTime="2025-08-22T12:12:54.9688170-04:00" testType="13cdc9d9-ddb5-4fa4-a97d-d965ccfc6d4b" outcome="Passed" testListId="8c84fa94-04c1-424b-9868-57a2d4851a1d" relativeResultsDirectory="9c0af5f2-6e5d-4149-b38d-974023a84caa" />
    <UnitTestResult executionId="d1c11a34-a554-4ee5-b99b-6fc30afa77cd" testId="6ae09f4d-7fb0-f7a6-a0bc-f2e9d59235e4" testName="Parser Tests.Expression Parser Tests.Shift Operators.left associative" computerName="dadsmbp" startTime="2025-08-22T12:12:54.9789140-04:00" endTime="2025-08-22T12:12:54.9789910-04:00" testType="13cdc9d9-ddb5-4fa4-a97d-d965ccfc6d4b" outcome="Passed" testListId="8c84fa94-04c1-424b-9868-57a2d4851a1d" relativeResultsDirectory="d1c11a34-a554-4ee5-b99b-6fc30afa77cd" />
    <UnitTestResult executionId="f0391fe6-5c17-49e0-bd2c-26d3e316b53e" testId="a7d43b45-68fb-6563-aff9-012574dcbd84" testName="Parser Tests.Expression Parser Tests.Table Constructors.Simple Values.mixed types" computerName="dadsmbp" duration="00:00:00.0010000" startTime="2025-08-22T12:12:55.0123680-04:00" endTime="2025-08-22T12:12:55.0140830-04:00" testType="13cdc9d9-ddb5-4fa4-a97d-d965ccfc6d4b" outcome="Passed" testListId="8c84fa94-04c1-424b-9868-57a2d4851a1d" relativeResultsDirectory="f0391fe6-5c17-49e0-bd2c-26d3e316b53e" />
    <UnitTestResult executionId="e1eb8872-f569-461b-9ea5-ab6333bd397b" testId="19a77eda-136e-3711-6b1c-4a0ca92ae853" testName="Parser Tests.Expression Parser Tests.Method Calls.method call with long string with space" computerName="dadsmbp" startTime="2025-08-22T12:12:55.0123100-04:00" endTime="2025-08-22T12:12:55.0123790-04:00" testType="13cdc9d9-ddb5-4fa4-a97d-d965ccfc6d4b" outcome="Passed" testListId="8c84fa94-04c1-424b-9868-57a2d4851a1d" relativeResultsDirectory="e1eb8872-f569-461b-9ea5-ab6333bd397b" />
    <UnitTestResult executionId="b81c4188-25ad-4d31-bf2d-5cac4d9d1e7b" testId="fdcfdd08-e7ac-a1f9-5ac4-b193cd2e55be" testName="Parser Tests.Expression Parser Tests.Identifiers.alphanumeric identifier" computerName="dadsmbp" duration="00:00:00.0010000" startTime="2025-08-22T12:12:54.9577220-04:00" endTime="2025-08-22T12:12:54.9588190-04:00" testType="13cdc9d9-ddb5-4fa4-a97d-d965ccfc6d4b" outcome="Passed" testListId="8c84fa94-04c1-424b-9868-57a2d4851a1d" relativeResultsDirectory="b81c4188-25ad-4d31-bf2d-5cac4d9d1e7b" />
    <UnitTestResult executionId="75a910eb-1cf6-4994-be72-ac60f34ef594" testId="61b22050-97ad-20ac-89ce-f3b72a5a8e5a" testName="Parser Tests.Statement Parser Tests.Parser Fixes.Complex Assignment Patterns.assignment with table constructor key" computerName="dadsmbp" startTime="2025-08-22T12:12:55.0779020-04:00" endTime="2025-08-22T12:12:55.0790690-04:00" testType="13cdc9d9-ddb5-4fa4-a97d-d965ccfc6d4b" outcome="Passed" testListId="8c84fa94-04c1-424b-9868-57a2d4851a1d" relativeResultsDirectory="75a910eb-1cf6-4994-be72-ac60f34ef594" />
    <UnitTestResult executionId="ed2a1507-5b05-4171-8911-b77bdce11cd9" testId="23e43918-ba21-82a6-ae6e-1717b947fa41" testName="Parser Tests.Expression Parser Tests.Literals.decimal escape single digit" computerName="dadsmbp" startTime="2025-08-22T12:12:54.9355020-04:00" endTime="2025-08-22T12:12:54.9364220-04:00" testType="13cdc9d9-ddb5-4fa4-a97d-d965ccfc6d4b" outcome="Passed" testListId="8c84fa94-04c1-424b-9868-57a2d4851a1d" relativeResultsDirectory="ed2a1507-5b05-4171-8911-b77bdce11cd9" />
    <UnitTestResult executionId="ae45b4c0-1856-4df1-8003-b8654c7220f6" testId="657128c5-a00a-417a-0398-225465022baf" testName="Parser Tests.Expression Parser Tests.Table Constructors.Named Fields.named field with expression" computerName="dadsmbp" startTime="2025-08-22T12:12:55.0123850-04:00" endTime="2025-08-22T12:12:55.0135060-04:00" testType="13cdc9d9-ddb5-4fa4-a97d-d965ccfc6d4b" outcome="Passed" testListId="8c84fa94-04c1-424b-9868-57a2d4851a1d" relativeResultsDirectory="ae45b4c0-1856-4df1-8003-b8654c7220f6" />
    <UnitTestResult executionId="3bffc46d-f8ac-4324-b26b-99eaea73f243" testId="d3ebb7cf-f9ec-9b3e-35a1-23e19c538cfa" testName="Scientific notation parsing.Explicit positive exponent" computerName="dadsmbp" startTime="2025-08-22T12:12:55.0887010-04:00" endTime="2025-08-22T12:12:55.0898490-04:00" testType="13cdc9d9-ddb5-4fa4-a97d-d965ccfc6d4b" outcome="Passed" testListId="8c84fa94-04c1-424b-9868-57a2d4851a1d" relativeResultsDirectory="3bffc46d-f8ac-4324-b26b-99eaea73f243" />
    <UnitTestResult executionId="ce602393-78e5-456f-90ef-1712975146e7" testId="8b13a765-8c99-aabc-b19d-11c9ca6f1b68" testName="Parser Tests.Expression Parser Tests.Table Access.dot access" computerName="dadsmbp" startTime="2025-08-22T12:12:55.0011720-04:00" endTime="2025-08-22T12:12:55.0013420-04:00" testType="13cdc9d9-ddb5-4fa4-a97d-d965ccfc6d4b" outcome="Passed" testListId="8c84fa94-04c1-424b-9868-57a2d4851a1d" relativeResultsDirectory="ce602393-78e5-456f-90ef-1712975146e7" />
    <UnitTestResult executionId="08a5a18e-023b-460d-b858-cfae22ce0fa3" testId="44d94748-57c3-dbaf-aee8-a341a854133e" testName="Parser Tests.Expression Parser Tests.Comparison Operators.less equal" computerName="dadsmbp" startTime="2025-08-22T12:12:54.9789800-04:00" endTime="2025-08-22T12:12:54.9792810-04:00" testType="13cdc9d9-ddb5-4fa4-a97d-d965ccfc6d4b" outcome="Passed" testListId="8c84fa94-04c1-424b-9868-57a2d4851a1d" relativeResultsDirectory="08a5a18e-023b-460d-b858-cfae22ce0fa3" />
    <UnitTestResult executionId="a9dbe5d9-03ef-4a70-9a21-1b7f40b146f1" testId="c9eb1b17-3b99-5890-d0cf-5a0275a0e128" testName="Parser Tests.Expression Parser Tests.Unary Operators.multiple unary" computerName="dadsmbp" startTime="2025-08-22T12:12:54.9678080-04:00" endTime="2025-08-22T12:12:54.9683350-04:00" testType="13cdc9d9-ddb5-4fa4-a97d-d965ccfc6d4b" outcome="Passed" testListId="8c84fa94-04c1-424b-9868-57a2d4851a1d" relativeResultsDirectory="a9dbe5d9-03ef-4a70-9a21-1b7f40b146f1" />
    <UnitTestResult executionId="b85159f6-cdfe-460a-a80a-dc6c8f5782f2" testId="e5732d60-3c29-5f54-625b-18b06e1698c9" testName="Parser Tests.Statement Parser Tests.Control Flow Statements.if with elseif" computerName="dadsmbp" duration="00:00:00.0010000" startTime="2025-08-22T12:12:55.0352870-04:00" endTime="2025-08-22T12:12:55.0363510-04:00" testType="13cdc9d9-ddb5-4fa4-a97d-d965ccfc6d4b" outcome="Passed" testListId="8c84fa94-04c1-424b-9868-57a2d4851a1d" relativeResultsDirectory="b85159f6-cdfe-460a-a80a-dc6c8f5782f2" />
    <UnitTestResult executionId="a5ca113b-a7db-4b87-a1d2-dcbc34acdda4" testId="a70297cb-b828-e320-a622-e744839b447c" testName="Decimal number parsing.Numbers ending with dot" computerName="dadsmbp" duration="00:00:00.0010000" startTime="2025-08-22T12:12:55.0886350-04:00" endTime="2025-08-22T12:12:55.0898360-04:00" testType="13cdc9d9-ddb5-4fa4-a97d-d965ccfc6d4b" outcome="Passed" testListId="8c84fa94-04c1-424b-9868-57a2d4851a1d" relativeResultsDirectory="a5ca113b-a7db-4b87-a1d2-dcbc34acdda4" />
    <UnitTestResult executionId="c39928ac-092f-4059-84af-cc455a3ab718" testId="572906bd-cd69-d3d4-c0be-6d2b51eb223e" testName="Parser Tests.Expression Parser Tests.Method Calls.method call with long string with equals" computerName="dadsmbp" startTime="2025-08-22T12:12:55.0123110-04:00" endTime="2025-08-22T12:12:55.0128280-04:00" testType="13cdc9d9-ddb5-4fa4-a97d-d965ccfc6d4b" outcome="Passed" testListId="8c84fa94-04c1-424b-9868-57a2d4851a1d" relativeResultsDirectory="c39928ac-092f-4059-84af-cc455a3ab718" />
    <UnitTestResult executionId="76a73453-e228-4492-a17a-398ab187e77d" testId="9ead8476-3505-ae20-9014-95ec40346eb5" testName="Parser Tests.Expression Parser Tests.Complex Expressions.parentheses override" computerName="dadsmbp" startTime="2025-08-22T12:12:54.9900480-04:00" endTime="2025-08-22T12:12:54.9901350-04:00" testType="13cdc9d9-ddb5-4fa4-a97d-d965ccfc6d4b" outcome="Passed" testListId="8c84fa94-04c1-424b-9868-57a2d4851a1d" relativeResultsDirectory="76a73453-e228-4492-a17a-398ab187e77d" />
    <UnitTestResult executionId="49fb789c-7cb8-4188-a3ce-63a3701baff0" testId="83655a65-6632-03cc-e5e9-95762f9d8428" testName="Parser Tests.Expression Parser Tests.Literals.literals.lua case 2" computerName="dadsmbp" startTime="2025-08-22T12:12:54.9576300-04:00" endTime="2025-08-22T12:12:54.9583040-04:00" testType="13cdc9d9-ddb5-4fa4-a97d-d965ccfc6d4b" outcome="Passed" testListId="8c84fa94-04c1-424b-9868-57a2d4851a1d" relativeResultsDirectory="49fb789c-7cb8-4188-a3ce-63a3701baff0" />
    <UnitTestResult executionId="eaa8a073-d9a6-44e7-a2b3-fb7d1910c18f" testId="5bb5f4cc-8a1b-1d50-5b9e-c5ad18e143dd" testName="Parser Tests.Statement Parser Tests.Control Flow Statements.For Loops.generic for single var" computerName="dadsmbp" startTime="2025-08-22T12:12:55.0449340-04:00" endTime="2025-08-22T12:12:55.0453350-04:00" testType="13cdc9d9-ddb5-4fa4-a97d-d965ccfc6d4b" outcome="Passed" testListId="8c84fa94-04c1-424b-9868-57a2d4851a1d" relativeResultsDirectory="eaa8a073-d9a6-44e7-a2b3-fb7d1910c18f" />
    <UnitTestResult executionId="f81a01d0-afb1-4a57-83e1-40189ba0e1db" testId="ab5c8b26-ceaf-e0b0-101d-d5f2cd6d0842" testName="Parser Tests.Statement Parser Tests.Basic Statements.return expressions" computerName="dadsmbp" startTime="2025-08-22T12:12:55.0352160-04:00" endTime="2025-08-22T12:12:55.0354900-04:00" testType="13cdc9d9-ddb5-4fa4-a97d-d965ccfc6d4b" outcome="Passed" testListId="8c84fa94-04c1-424b-9868-57a2d4851a1d" relativeResultsDirectory="f81a01d0-afb1-4a57-83e1-40189ba0e1db" />
    <UnitTestResult executionId="96b089e1-132f-44d9-b67b-5a7f4fac5abe" testId="42e215c3-5d2e-bd5d-b7d0-2ce1a036b738" testName="Parser Tests.Expression Parser Tests.Edge Cases.all unary operators" computerName="dadsmbp" startTime="2025-08-22T12:12:54.9901020-04:00" endTime="2025-08-22T12:12:54.9903180-04:00" testType="13cdc9d9-ddb5-4fa4-a97d-d965ccfc6d4b" outcome="Passed" testListId="8c84fa94-04c1-424b-9868-57a2d4851a1d" relativeResultsDirectory="96b089e1-132f-44d9-b67b-5a7f4fac5abe" />
    <UnitTestResult executionId="841cc2f8-5763-4602-8a54-508f32d3c871" testId="6d9ca8dd-f154-227d-84e3-afa1a8dfa77e" testName="Parser Tests.Expression Parser Tests.Table Constructors.Mixed Fields.nested tables" computerName="dadsmbp" startTime="2025-08-22T12:12:55.0235160-04:00" endTime="2025-08-22T12:12:55.0238220-04:00" testType="13cdc9d9-ddb5-4fa4-a97d-d965ccfc6d4b" outcome="Passed" testListId="8c84fa94-04c1-424b-9868-57a2d4851a1d" relativeResultsDirectory="841cc2f8-5763-4602-8a54-508f32d3c871" />
    <UnitTestResult executionId="10c65b9b-a713-44e0-a0b2-9f319cae0ae3" testId="384e7e46-2939-dfa4-d397-51eef363ea84" testName="Parser Tests.Statement Parser Tests.Control Flow Statements.Function Definitions.simple function" computerName="dadsmbp" startTime="2025-08-22T12:12:55.0452330-04:00" endTime="2025-08-22T12:12:55.0455670-04:00" testType="13cdc9d9-ddb5-4fa4-a97d-d965ccfc6d4b" outcome="Passed" testListId="8c84fa94-04c1-424b-9868-57a2d4851a1d" relativeResultsDirectory="10c65b9b-a713-44e0-a0b2-9f319cae0ae3" />
    <UnitTestResult executionId="35cba6d5-3ab3-49b4-9705-5d619c69d298" testId="9941d091-0d12-9ab4-3186-9c070f874a75" testName="Parser Tests.Statement Parser Tests.Control Flow Statements.Labels and Goto.goto with underscore" computerName="dadsmbp" startTime="2025-08-22T12:12:55.0451700-04:00" endTime="2025-08-22T12:12:55.0454670-04:00" testType="13cdc9d9-ddb5-4fa4-a97d-d965ccfc6d4b" outcome="Passed" testListId="8c84fa94-04c1-424b-9868-57a2d4851a1d" relativeResultsDirectory="35cba6d5-3ab3-49b4-9705-5d619c69d298" />
    <UnitTestResult executionId="94ce3646-a248-4dfc-a7e5-7a29cc362792" testId="abcd273c-5fb8-2e18-1f45-cd1c0a4ca70a" testName="Parser Tests.Expression Parser Tests.Table Access.chained bracket access" computerName="dadsmbp" startTime="2025-08-22T12:12:55.0012210-04:00" endTime="2025-08-22T12:12:55.0015560-04:00" testType="13cdc9d9-ddb5-4fa4-a97d-d965ccfc6d4b" outcome="Passed" testListId="8c84fa94-04c1-424b-9868-57a2d4851a1d" relativeResultsDirectory="94ce3646-a248-4dfc-a7e5-7a29cc362792" />
    <UnitTestResult executionId="67b1f59c-1612-4600-9450-4c5136d210c7" testId="ab278c63-bff2-f9db-860f-8f2ccbfd3000" testName="Parser Tests.Expression Parser Tests.Table Constructors.Complex Examples.table with table access" computerName="dadsmbp" startTime="2025-08-22T12:12:55.0235580-04:00" endTime="2025-08-22T12:12:55.0238540-04:00" testType="13cdc9d9-ddb5-4fa4-a97d-d965ccfc6d4b" outcome="Passed" testListId="8c84fa94-04c1-424b-9868-57a2d4851a1d" relativeResultsDirectory="67b1f59c-1612-4600-9450-4c5136d210c7" />
    <UnitTestResult executionId="fa562d79-bc5e-4310-84b0-807a33165531" testId="5dff5f0c-32ad-0c05-14a6-b79d6a364636" testName="Parser Tests.Expression Parser Tests.Table Constructors.Simple Values.multiple values" computerName="dadsmbp" startTime="2025-08-22T12:12:55.0123600-04:00" endTime="2025-08-22T12:12:55.0134980-04:00" testType="13cdc9d9-ddb5-4fa4-a97d-d965ccfc6d4b" outcome="Passed" testListId="8c84fa94-04c1-424b-9868-57a2d4851a1d" relativeResultsDirectory="fa562d79-bc5e-4310-84b0-807a33165531" />
    <UnitTestResult executionId="67f74d83-7100-4848-a8e7-72ec83ef7763" testId="74d64d57-23b6-db5a-27b8-8384e8cfe593" testName="Decimal number parsing.Numbers starting with dot" computerName="dadsmbp" duration="00:00:00.0010000" startTime="2025-08-22T12:12:55.0886270-04:00" endTime="2025-08-22T12:12:55.0898820-04:00" testType="13cdc9d9-ddb5-4fa4-a97d-d965ccfc6d4b" outcome="Passed" testListId="8c84fa94-04c1-424b-9868-57a2d4851a1d" relativeResultsDirectory="67f74d83-7100-4848-a8e7-72ec83ef7763" />
    <UnitTestResult executionId="8e3e161f-0f77-4d5c-ac2d-cddf75a674a4" testId="7b8d351e-949a-a562-6c8a-b72a61dc4e22" testName="Parser Tests.Statement Parser Tests.Parser Fixes.Assignment vs Function Call Disambiguation.table access function call" computerName="dadsmbp" startTime="2025-08-22T12:12:55.0777570-04:00" endTime="2025-08-22T12:12:55.0781170-04:00" testType="13cdc9d9-ddb5-4fa4-a97d-d965ccfc6d4b" outcome="Passed" testListId="8c84fa94-04c1-424b-9868-57a2d4851a1d" relativeResultsDirectory="8e3e161f-0f77-4d5c-ac2d-cddf75a674a4" />
    <UnitTestResult executionId="5453150d-eb8d-4b08-bc65-cb84b24a1482" testId="4aa0c269-359a-c858-e90f-1fae4b1d119c" testName="Parser Tests.Expression Parser Tests.Table Constructors.Key Fields.key field with variable" computerName="dadsmbp" startTime="2025-08-22T12:12:55.0123960-04:00" endTime="2025-08-22T12:12:55.0135030-04:00" testType="13cdc9d9-ddb5-4fa4-a97d-d965ccfc6d4b" outcome="Passed" testListId="8c84fa94-04c1-424b-9868-57a2d4851a1d" relativeResultsDirectory="5453150d-eb8d-4b08-bc65-cb84b24a1482" />
    <UnitTestResult executionId="550e2f83-1d9b-483b-a5e7-71e5dedcce71" testId="7254bc38-d0ef-97ce-6b01-c2b0df4e1184" testName="Operator precedence.Arithmetic precedence" computerName="dadsmbp" startTime="2025-08-22T12:12:55.0997990-04:00" endTime="2025-08-22T12:12:55.1001420-04:00" testType="13cdc9d9-ddb5-4fa4-a97d-d965ccfc6d4b" outcome="Passed" testListId="8c84fa94-04c1-424b-9868-57a2d4851a1d" relativeResultsDirectory="550e2f83-1d9b-483b-a5e7-71e5dedcce71" />
    <UnitTestResult executionId="217c8b70-cf05-47df-a131-fec9eb3a9c16" testId="a4cab702-ac88-7d1a-c836-d98380cd86ed" testName="Parser Tests.Expression Parser Tests.Literals.unicode escape A" computerName="dadsmbp" startTime="2025-08-22T12:12:54.9466120-04:00" endTime="2025-08-22T12:12:54.9478120-04:00" testType="13cdc9d9-ddb5-4fa4-a97d-d965ccfc6d4b" outcome="Passed" testListId="8c84fa94-04c1-424b-9868-57a2d4851a1d" relativeResultsDirectory="217c8b70-cf05-47df-a131-fec9eb3a9c16" />
    <UnitTestResult executionId="51a32884-2eba-4d61-9456-0f16fbd37d16" testId="1c229850-235f-5d22-0ad9-1b5eab113d0f" testName="Parser Tests.Expression Parser Tests.Literals.decimal escape three digits" computerName="dadsmbp" startTime="2025-08-22T12:12:54.9355170-04:00" endTime="2025-08-22T12:12:54.9364520-04:00" testType="13cdc9d9-ddb5-4fa4-a97d-d965ccfc6d4b" outcome="Passed" testListId="8c84fa94-04c1-424b-9868-57a2d4851a1d" relativeResultsDirectory="51a32884-2eba-4d61-9456-0f16fbd37d16" />
    <UnitTestResult executionId="5e15aed5-b9f4-4023-b209-bb1fadd05e24" testId="7de23b8f-ae41-29e1-9984-ffa5121128b2" testName="Parser Tests.Expression Parser Tests.Comparison Operators.greater equal" computerName="dadsmbp" startTime="2025-08-22T12:12:54.9789860-04:00" endTime="2025-08-22T12:12:54.9792870-04:00" testType="13cdc9d9-ddb5-4fa4-a97d-d965ccfc6d4b" outcome="Passed" testListId="8c84fa94-04c1-424b-9868-57a2d4851a1d" relativeResultsDirectory="5e15aed5-b9f4-4023-b209-bb1fadd05e24" />
    <UnitTestResult executionId="0e6e70bb-78cd-4143-a4ec-a56cc21abd4d" testId="906536ef-e98f-d22a-f50e-edb13761511c" testName="Parser Tests.Expression Parser Tests.Literals.single quote string" computerName="dadsmbp" duration="00:00:00.0200000" startTime="2025-08-22T12:12:54.8890890-04:00" endTime="2025-08-22T12:12:54.9241090-04:00" testType="13cdc9d9-ddb5-4fa4-a97d-d965ccfc6d4b" outcome="Passed" testListId="8c84fa94-04c1-424b-9868-57a2d4851a1d" relativeResultsDirectory="0e6e70bb-78cd-4143-a4ec-a56cc21abd4d" />
    <UnitTestResult executionId="d88c0afa-4f27-4f8c-9657-7c791bbef8bf" testId="41759be0-8d28-fc24-8f8d-4b3695413d75" testName="Identifier parsing.Reserved words" computerName="dadsmbp" duration="00:00:00.0050000" startTime="2025-08-22T12:12:55.0887620-04:00" endTime="2025-08-22T12:12:55.0941610-04:00" testType="13cdc9d9-ddb5-4fa4-a97d-d965ccfc6d4b" outcome="Passed" testListId="8c84fa94-04c1-424b-9868-57a2d4851a1d" relativeResultsDirectory="d88c0afa-4f27-4f8c-9657-7c791bbef8bf" />
    <UnitTestResult executionId="c92e6614-9734-4fb0-9710-4f018dbb7cf8" testId="4a9b90f7-2118-e89c-bf1b-7ef1296b8510" testName="Parser Tests.Expression Parser Tests.Multiplicative Operators.modulo" computerName="dadsmbp" startTime="2025-08-22T12:12:54.9678460-04:00" endTime="2025-08-22T12:12:54.9688580-04:00" testType="13cdc9d9-ddb5-4fa4-a97d-d965ccfc6d4b" outcome="Passed" testListId="8c84fa94-04c1-424b-9868-57a2d4851a1d" relativeResultsDirectory="c92e6614-9734-4fb0-9710-4f018dbb7cf8" />
    <UnitTestResult executionId="b6dd1bdc-c47c-4244-831a-5dfd6d83a630" testId="35d02efc-7874-8194-c839-10cd28db0d9e" testName="Parser Tests.Expression Parser Tests.Multiplicative Operators.multiply" computerName="dadsmbp" startTime="2025-08-22T12:12:54.9678280-04:00" endTime="2025-08-22T12:12:54.9688240-04:00" testType="13cdc9d9-ddb5-4fa4-a97d-d965ccfc6d4b" outcome="Passed" testListId="8c84fa94-04c1-424b-9868-57a2d4851a1d" relativeResultsDirectory="b6dd1bdc-c47c-4244-831a-5dfd6d83a630" />
    <UnitTestResult executionId="ff2c983a-aaca-43a8-bcec-3a9cebed1f76" testId="50787197-3318-8798-72b6-de8685990f85" testName="Parser Tests.Statement Parser Tests.Parser Fixes.Table Assignment at Statement Level (Fixed).chained table assignment" computerName="dadsmbp" startTime="2025-08-22T12:12:55.0666110-04:00" endTime="2025-08-22T12:12:55.0671540-04:00" testType="13cdc9d9-ddb5-4fa4-a97d-d965ccfc6d4b" outcome="Passed" testListId="8c84fa94-04c1-424b-9868-57a2d4851a1d" relativeResultsDirectory="ff2c983a-aaca-43a8-bcec-3a9cebed1f76" />
    <UnitTestResult executionId="14fd5f6b-402b-4991-8d97-e29fc17b0c51" testId="d1220d6b-41d1-f6d0-a837-b5893fc68d06" testName="Parser Tests.Expression Parser Tests.Literals.hex escape mixed case" computerName="dadsmbp" startTime="2025-08-22T12:12:54.9465950-04:00" endTime="2025-08-22T12:12:54.9468880-04:00" testType="13cdc9d9-ddb5-4fa4-a97d-d965ccfc6d4b" outcome="Passed" testListId="8c84fa94-04c1-424b-9868-57a2d4851a1d" relativeResultsDirectory="14fd5f6b-402b-4991-8d97-e29fc17b0c51" />
    <UnitTestResult executionId="25b5ea96-f48b-4f91-992c-03815f48d995" testId="f7c7c155-dacf-8b29-9ffb-7a4a19c5a5dd" testName="Parser Tests.Expression Parser Tests.Method Calls.simple method call" computerName="dadsmbp" startTime="2025-08-22T12:12:55.0012650-04:00" endTime="2025-08-22T12:12:55.0019320-04:00" testType="13cdc9d9-ddb5-4fa4-a97d-d965ccfc6d4b" outcome="Passed" testListId="8c84fa94-04c1-424b-9868-57a2d4851a1d" relativeResultsDirectory="25b5ea96-f48b-4f91-992c-03815f48d995" />
    <UnitTestResult executionId="255338a4-8090-4439-87ca-89d9f3276a85" testId="a14baa81-afe4-ffee-4549-d9c74ec6ed97" testName="Parser Tests.Statement Parser Tests.Variable Attributes.Generic For Attributes.generic for with mixed attributes" computerName="dadsmbp" startTime="2025-08-22T12:12:55.0665320-04:00" endTime="2025-08-22T12:12:55.0668200-04:00" testType="13cdc9d9-ddb5-4fa4-a97d-d965ccfc6d4b" outcome="Passed" testListId="8c84fa94-04c1-424b-9868-57a2d4851a1d" relativeResultsDirectory="255338a4-8090-4439-87ca-89d9f3276a85" />
    <UnitTestResult executionId="477cad7a-5b86-46fb-9f01-f1845f77bd86" testId="3dc1068f-82d6-84de-c908-e4f233ecb350" testName="Parser Tests.Expression Parser Tests.Table Constructors.Mixed Fields.all field types" computerName="dadsmbp" startTime="2025-08-22T12:12:55.0126130-04:00" endTime="2025-08-22T12:12:55.0134890-04:00" testType="13cdc9d9-ddb5-4fa4-a97d-d965ccfc6d4b" outcome="Passed" testListId="8c84fa94-04c1-424b-9868-57a2d4851a1d" relativeResultsDirectory="477cad7a-5b86-46fb-9f01-f1845f77bd86" />
    <UnitTestResult executionId="f99fa118-f5f5-40ad-a1fa-79850d861c74" testId="afe2b68b-714d-f139-8dd0-06272512af6b" testName="Parser Tests.Statement Parser Tests.Parser Fixes.Assignment vs Function Call Disambiguation.simple function call" computerName="dadsmbp" startTime="2025-08-22T12:12:55.0668070-04:00" endTime="2025-08-22T12:12:55.0668500-04:00" testType="13cdc9d9-ddb5-4fa4-a97d-d965ccfc6d4b" outcome="Passed" testListId="8c84fa94-04c1-424b-9868-57a2d4851a1d" relativeResultsDirectory="f99fa118-f5f5-40ad-a1fa-79850d861c74" />
    <UnitTestResult executionId="e96c1aec-d4c6-485e-ae9e-4f9ba2c811ea" testId="affcd0cb-5609-83cd-3160-dc9ebb422db5" testName="Parser Tests.Expression Parser Tests.Edge Cases.deeply nested precedence" computerName="dadsmbp" startTime="2025-08-22T12:12:54.9901190-04:00" endTime="2025-08-22T12:12:54.9903380-04:00" testType="13cdc9d9-ddb5-4fa4-a97d-d965ccfc6d4b" outcome="Passed" testListId="8c84fa94-04c1-424b-9868-57a2d4851a1d" relativeResultsDirectory="e96c1aec-d4c6-485e-ae9e-4f9ba2c811ea" />
    <UnitTestResult executionId="d5f9dfef-89e8-4386-8f55-128df0b65d7a" testId="1a7858ec-7b00-19e3-8d93-b0573ac54671" testName="Parser Tests.Expression Parser Tests.Table Access.mixed access" computerName="dadsmbp" startTime="2025-08-22T12:12:55.0012490-04:00" endTime="2025-08-22T12:12:55.0015540-04:00" testType="13cdc9d9-ddb5-4fa4-a97d-d965ccfc6d4b" outcome="Passed" testListId="8c84fa94-04c1-424b-9868-57a2d4851a1d" relativeResultsDirectory="d5f9dfef-89e8-4386-8f55-128df0b65d7a" />
    <UnitTestResult executionId="44d9de1f-5587-450f-87c8-d0e0a9a805fa" testId="c3b1ea7b-ede6-c7b9-1230-73a5ed747da0" testName="Parser Tests.Statement Parser Tests.Integration Tests - Multiple Features.method call with table constructor" computerName="dadsmbp" startTime="2025-08-22T12:12:55.0560530-04:00" endTime="2025-08-22T12:12:55.0563580-04:00" testType="13cdc9d9-ddb5-4fa4-a97d-d965ccfc6d4b" outcome="Passed" testListId="8c84fa94-04c1-424b-9868-57a2d4851a1d" relativeResultsDirectory="44d9de1f-5587-450f-87c8-d0e0a9a805fa" />
    <UnitTestResult executionId="fbb78208-27fb-495b-9c3b-7a633958bb2c" testId="28956f83-5909-2465-c921-e81fa45af59d" testName="Parser Tests.Statement Parser Tests.Basic Statements.multiple assignment" computerName="dadsmbp" duration="00:00:00.0010000" startTime="2025-08-22T12:12:55.0236920-04:00" endTime="2025-08-22T12:12:55.0260410-04:00" testType="13cdc9d9-ddb5-4fa4-a97d-d965ccfc6d4b" outcome="Passed" testListId="8c84fa94-04c1-424b-9868-57a2d4851a1d" relativeResultsDirectory="fbb78208-27fb-495b-9c3b-7a633958bb2c" />
    <UnitTestResult executionId="80b1f21d-beb5-4891-9cda-2990ac0c312a" testId="8ca401d4-73e8-2216-59da-4cc641e70c7c" testName="Parser Tests.Statement Parser Tests.Basic Statements.return empty" computerName="dadsmbp" startTime="2025-08-22T12:12:55.0350360-04:00" endTime="2025-08-22T12:12:55.0363490-04:00" testType="13cdc9d9-ddb5-4fa4-a97d-d965ccfc6d4b" outcome="Passed" testListId="8c84fa94-04c1-424b-9868-57a2d4851a1d" relativeResultsDirectory="80b1f21d-beb5-4891-9cda-2990ac0c312a" />
    <UnitTestResult executionId="0ec79bc8-4476-4960-8bb8-1fff9f60f1e5" testId="adbea6d5-a912-6bd3-599d-7bd4f6b0b166" testName="Parser Tests.Expression Parser Tests.Function Expressions.function with params and vararg" computerName="dadsmbp" duration="00:00:00.0020000" startTime="2025-08-22T12:12:55.0236640-04:00" endTime="2025-08-22T12:12:55.0259690-04:00" testType="13cdc9d9-ddb5-4fa4-a97d-d965ccfc6d4b" outcome="Passed" testListId="8c84fa94-04c1-424b-9868-57a2d4851a1d" relativeResultsDirectory="0ec79bc8-4476-4960-8bb8-1fff9f60f1e5" />
    <UnitTestResult executionId="02882419-4270-42d8-82e1-e0d3a4b6308f" testId="fdd1ff42-4124-956c-0518-65da789ad001" testName="Parser Tests.Statement Parser Tests.Parser Fixes.Complex Assignment Patterns.assignment with parenthesized lvalue" computerName="dadsmbp" startTime="2025-08-22T12:12:55.0779100-04:00" endTime="2025-08-22T12:12:55.0790940-04:00" testType="13cdc9d9-ddb5-4fa4-a97d-d965ccfc6d4b" outcome="Passed" testListId="8c84fa94-04c1-424b-9868-57a2d4851a1d" relativeResultsDirectory="02882419-4270-42d8-82e1-e0d3a4b6308f" />
    <UnitTestResult executionId="042020a3-464d-428c-a497-0479b7545a53" testId="acbd658a-0a3a-c64b-60e8-e42ad757ae25" testName="Parser Tests.Expression Parser Tests.Literals.empty string" computerName="dadsmbp" duration="00:00:00.0300000" startTime="2025-08-22T12:12:54.8890290-04:00" endTime="2025-08-22T12:12:54.9241330-04:00" testType="13cdc9d9-ddb5-4fa4-a97d-d965ccfc6d4b" outcome="Passed" testListId="8c84fa94-04c1-424b-9868-57a2d4851a1d" relativeResultsDirectory="042020a3-464d-428c-a497-0479b7545a53" />
    <UnitTestResult executionId="f95a1432-a58a-45e9-b698-5f46c6ce5aca" testId="b21fa29a-c221-a436-8f17-6ab1b870468e" testName="Parser Tests.Statement Parser Tests.Parser Fixes.Complex Assignment Patterns.table assignment in sequence" computerName="dadsmbp" startTime="2025-08-22T12:12:55.0779420-04:00" endTime="2025-08-22T12:12:55.0790360-04:00" testType="13cdc9d9-ddb5-4fa4-a97d-d965ccfc6d4b" outcome="Passed" testListId="8c84fa94-04c1-424b-9868-57a2d4851a1d" relativeResultsDirectory="f95a1432-a58a-45e9-b698-5f46c6ce5aca" />
    <UnitTestResult executionId="a4fe932f-8685-4085-9a04-1a95beccf36b" testId="f56c348e-07a4-4939-d517-9340c0ab873a" testName="Parser Tests.Statement Parser Tests.Control Flow Statements.Labels and Goto.simple label" computerName="dadsmbp" startTime="2025-08-22T12:12:55.0449960-04:00" endTime="2025-08-22T12:12:55.0455040-04:00" testType="13cdc9d9-ddb5-4fa4-a97d-d965ccfc6d4b" outcome="Passed" testListId="8c84fa94-04c1-424b-9868-57a2d4851a1d" relativeResultsDirectory="a4fe932f-8685-4085-9a04-1a95beccf36b" />
    <UnitTestResult executionId="bf48ea02-2289-455a-8ab5-1a7d0e8e687f" testId="c98a6040-df85-4dcf-82be-4564f2a354ed" testName="Parser Tests.Statement Parser Tests.Basic Statements.return value" computerName="dadsmbp" startTime="2025-08-22T12:12:55.0350580-04:00" endTime="2025-08-22T12:12:55.0360780-04:00" testType="13cdc9d9-ddb5-4fa4-a97d-d965ccfc6d4b" outcome="Passed" testListId="8c84fa94-04c1-424b-9868-57a2d4851a1d" relativeResultsDirectory="bf48ea02-2289-455a-8ab5-1a7d0e8e687f" />
    <UnitTestResult executionId="da08eda3-8419-461b-90cd-7a91940b22fa" testId="a48197e7-34b6-2816-16e7-425e0038f95b" testName="Parser Tests.Expression Parser Tests.Complex Expressions.bitwise and arithmetic" computerName="dadsmbp" startTime="2025-08-22T12:12:54.9900630-04:00" endTime="2025-08-22T12:12:54.9902790-04:00" testType="13cdc9d9-ddb5-4fa4-a97d-d965ccfc6d4b" outcome="Passed" testListId="8c84fa94-04c1-424b-9868-57a2d4851a1d" relativeResultsDirectory="da08eda3-8419-461b-90cd-7a91940b22fa" />
    <UnitTestResult executionId="a9e37d9c-6393-4901-84f4-ae27c1f00606" testId="63187717-8e00-caba-40f9-a91ffcda26a1" testName="Parser Tests.Statement Parser Tests.Control Flow Statements.simple if" computerName="dadsmbp" duration="00:00:00.0010000" startTime="2025-08-22T12:12:55.0352600-04:00" endTime="2025-08-22T12:12:55.0363670-04:00" testType="13cdc9d9-ddb5-4fa4-a97d-d965ccfc6d4b" outcome="Passed" testListId="8c84fa94-04c1-424b-9868-57a2d4851a1d" relativeResultsDirectory="a9e37d9c-6393-4901-84f4-ae27c1f00606" />
    <UnitTestResult executionId="a666f6e7-c1c2-42b0-8902-d41fe0f00c5f" testId="e4910e24-1d21-cc0f-b00b-383030d4728e" testName="Parser Tests.Expression Parser Tests.Table Access.chained dot access" computerName="dadsmbp" startTime="2025-08-22T12:12:55.0012100-04:00" endTime="2025-08-22T12:12:55.0015350-04:00" testType="13cdc9d9-ddb5-4fa4-a97d-d965ccfc6d4b" outcome="Passed" testListId="8c84fa94-04c1-424b-9868-57a2d4851a1d" relativeResultsDirectory="a666f6e7-c1c2-42b0-8902-d41fe0f00c5f" />
    <UnitTestResult executionId="e2d6eaa5-a354-4ac6-bd49-bacc29568d5e" testId="c8317e5f-ac87-ad9f-f963-f49170b308f5" testName="Parser Tests.Statement Parser Tests.Control Flow Statements.Function Definitions.function with parameters" computerName="dadsmbp" startTime="2025-08-22T12:12:55.0452570-04:00" endTime="2025-08-22T12:12:55.0455710-04:00" testType="13cdc9d9-ddb5-4fa4-a97d-d965ccfc6d4b" outcome="Passed" testListId="8c84fa94-04c1-424b-9868-57a2d4851a1d" relativeResultsDirectory="e2d6eaa5-a354-4ac6-bd49-bacc29568d5e" />
    <UnitTestResult executionId="314ca388-e658-47a6-8b1c-01b2291d455a" testId="8a23c638-9a92-0466-2449-0a7778ea7ab5" testName="Parser Tests.Expression Parser Tests.Table Constructors.empty table" computerName="dadsmbp" startTime="2025-08-22T12:12:55.0123490-04:00" endTime="2025-08-22T12:12:55.0132370-04:00" testType="13cdc9d9-ddb5-4fa4-a97d-d965ccfc6d4b" outcome="Passed" testListId="8c84fa94-04c1-424b-9868-57a2d4851a1d" relativeResultsDirectory="314ca388-e658-47a6-8b1c-01b2291d455a" />
    <UnitTestResult executionId="36d3767d-5f69-4bae-a74e-826ee74c22b4" testId="31f49240-24a2-0e5e-c8c3-739b4d81c6d7" testName="Parser Tests.Statement Parser Tests.Parser Fixes.Table Access in Binary Expressions (Fixed).table access addition" computerName="dadsmbp" startTime="2025-08-22T12:12:55.0779670-04:00" endTime="2025-08-22T12:12:55.0782080-04:00" testType="13cdc9d9-ddb5-4fa4-a97d-d965ccfc6d4b" outcome="Passed" testListId="8c84fa94-04c1-424b-9868-57a2d4851a1d" relativeResultsDirectory="36d3767d-5f69-4bae-a74e-826ee74c22b4" />
    <UnitTestResult executionId="61ed1ed9-3b74-471b-a03c-0ce3a359b9df" testId="3b11aa8b-1906-ff2b-88bb-e6031120b9a4" testName="Parser Tests.Statement Parser Tests.Basic Statements.local without init" computerName="dadsmbp" startTime="2025-08-22T12:12:55.0347910-04:00" endTime="2025-08-22T12:12:55.0354520-04:00" testType="13cdc9d9-ddb5-4fa4-a97d-d965ccfc6d4b" outcome="Passed" testListId="8c84fa94-04c1-424b-9868-57a2d4851a1d" relativeResultsDirectory="61ed1ed9-3b74-471b-a03c-0ce3a359b9df" />
    <UnitTestResult executionId="ed98ea7f-ffdb-4582-9d96-714e43df9127" testId="ee64b813-f0cb-cb72-0323-df3a54bc0a5e" testName="Parser Tests.Statement Parser Tests.Control Flow Statements.Labels and Goto.goto with numbers" computerName="dadsmbp" startTime="2025-08-22T12:12:55.0452160-04:00" endTime="2025-08-22T12:12:55.0454600-04:00" testType="13cdc9d9-ddb5-4fa4-a97d-d965ccfc6d4b" outcome="Passed" testListId="8c84fa94-04c1-424b-9868-57a2d4851a1d" relativeResultsDirectory="ed98ea7f-ffdb-4582-9d96-714e43df9127" />
    <UnitTestResult executionId="181096a0-4891-4419-b24d-bd480fd5eb1d" testId="413dc1a3-0eee-2fa8-da62-4788e8635f66" testName="Parser Tests.Statement Parser Tests.Variable Attributes.Function Parameter Attributes.local function with attributes" computerName="dadsmbp" startTime="2025-08-22T12:12:55.0665080-04:00" endTime="2025-08-22T12:12:55.0665520-04:00" testType="13cdc9d9-ddb5-4fa4-a97d-d965ccfc6d4b" outcome="Passed" testListId="8c84fa94-04c1-424b-9868-57a2d4851a1d" relativeResultsDirectory="181096a0-4891-4419-b24d-bd480fd5eb1d" />
    <UnitTestResult executionId="647f8496-0cf9-459a-b190-0a54dee57c15" testId="4d224471-c0d3-8189-5d40-1274a3458e31" testName="Parser Tests.Expression Parser Tests.Literals.literals.lua case 1" computerName="dadsmbp" startTime="2025-08-22T12:12:54.9468690-04:00" endTime="2025-08-22T12:12:54.9469150-04:00" testType="13cdc9d9-ddb5-4fa4-a97d-d965ccfc6d4b" outcome="Passed" testListId="8c84fa94-04c1-424b-9868-57a2d4851a1d" relativeResultsDirectory="647f8496-0cf9-459a-b190-0a54dee57c15" />
    <UnitTestResult executionId="f12aaefb-30be-4f83-96ea-457de36681f8" testId="c72117c3-ab57-465e-9a92-830e8834255d" testName="Parser Tests.Expression Parser Tests.Bitwise Operators.bitwise xor" computerName="dadsmbp" startTime="2025-08-22T12:12:54.9789280-04:00" endTime="2025-08-22T12:12:54.9792990-04:00" testType="13cdc9d9-ddb5-4fa4-a97d-d965ccfc6d4b" outcome="Passed" testListId="8c84fa94-04c1-424b-9868-57a2d4851a1d" relativeResultsDirectory="f12aaefb-30be-4f83-96ea-457de36681f8" />
    <UnitTestResult executionId="ede3f8ed-0975-44e2-8627-1674103da4b2" testId="5e57c659-2db4-b8ce-a9d9-50e1e7b7b842" testName="Parser Tests.Expression Parser Tests.Shift Operators.right shift" computerName="dadsmbp" startTime="2025-08-22T12:12:54.9682050-04:00" endTime="2025-08-22T12:12:54.9688160-04:00" testType="13cdc9d9-ddb5-4fa4-a97d-d965ccfc6d4b" outcome="Passed" testListId="8c84fa94-04c1-424b-9868-57a2d4851a1d" relativeResultsDirectory="ede3f8ed-0975-44e2-8627-1674103da4b2" />
    <UnitTestResult executionId="0eef2057-c980-473d-b6b8-68c9a91e1630" testId="c6c69823-0e8f-a585-91ca-73273148719d" testName="Parser Tests.Expression Parser Tests.Table Constructors.Key Fields.key field with expression" computerName="dadsmbp" startTime="2025-08-22T12:12:55.0124000-04:00" endTime="2025-08-22T12:12:55.0134590-04:00" testType="13cdc9d9-ddb5-4fa4-a97d-d965ccfc6d4b" outcome="Passed" testListId="8c84fa94-04c1-424b-9868-57a2d4851a1d" relativeResultsDirectory="0eef2057-c980-473d-b6b8-68c9a91e1630" />
    <UnitTestResult executionId="14142d7a-3429-49ce-80fb-d0a7063301f7" testId="9244f1a4-b96d-9fb0-92ad-43c8c501a1ac" testName="Parser Tests.Expression Parser Tests.Multiplicative Operators.floor divide" computerName="dadsmbp" startTime="2025-08-22T12:12:54.9678330-04:00" endTime="2025-08-22T12:12:54.9689010-04:00" testType="13cdc9d9-ddb5-4fa4-a97d-d965ccfc6d4b" outcome="Passed" testListId="8c84fa94-04c1-424b-9868-57a2d4851a1d" relativeResultsDirectory="14142d7a-3429-49ce-80fb-d0a7063301f7" />
    <UnitTestResult executionId="b9517a18-819d-441f-9558-7bce16ee6ad9" testId="af6ab75d-3a77-f5b8-a91e-e7b06ac4dc02" testName="String escape sequences.Basic escapes" computerName="dadsmbp" duration="00:00:00.0050000" startTime="2025-08-22T12:12:55.0887950-04:00" endTime="2025-08-22T12:12:55.0951100-04:00" testType="13cdc9d9-ddb5-4fa4-a97d-d965ccfc6d4b" outcome="Passed" testListId="8c84fa94-04c1-424b-9868-57a2d4851a1d" relativeResultsDirectory="b9517a18-819d-441f-9558-7bce16ee6ad9" />
    <UnitTestResult executionId="a5415fdb-e080-411c-99d7-07f014559f0f" testId="a5c15af2-bd63-9071-a28b-992426b66362" testName="Parser Tests.Expression Parser Tests.Literals.negative hex float" computerName="dadsmbp" startTime="2025-08-22T12:12:54.9226110-04:00" endTime="2025-08-22T12:12:54.9261080-04:00" testType="13cdc9d9-ddb5-4fa4-a97d-d965ccfc6d4b" outcome="Passed" testListId="8c84fa94-04c1-424b-9868-57a2d4851a1d" relativeResultsDirectory="a5415fdb-e080-411c-99d7-07f014559f0f" />
    <UnitTestResult executionId="0310bbc3-dd66-418f-b07d-d9dbabef9da4" testId="de963660-c9b7-1271-b4b4-cb536cfbd754" testName="Parser Tests.Statement Parser Tests.Parser Fixes.Table Assignment at Statement Level (Fixed).table index assignment" computerName="dadsmbp" startTime="2025-08-22T12:12:55.0665380-04:00" endTime="2025-08-22T12:12:55.0668220-04:00" testType="13cdc9d9-ddb5-4fa4-a97d-d965ccfc6d4b" outcome="Passed" testListId="8c84fa94-04c1-424b-9868-57a2d4851a1d" relativeResultsDirectory="0310bbc3-dd66-418f-b07d-d9dbabef9da4" />
    <UnitTestResult executionId="02ddd264-38e7-4b64-a6a5-7648ea15c915" testId="bda16938-26e8-7f58-0e78-0355787a8bdc" testName="Parser Tests.Expression Parser Tests.Literals.hex escape max" computerName="dadsmbp" startTime="2025-08-22T12:12:54.9465580-04:00" endTime="2025-08-22T12:12:54.9469060-04:00" testType="13cdc9d9-ddb5-4fa4-a97d-d965ccfc6d4b" outcome="Passed" testListId="8c84fa94-04c1-424b-9868-57a2d4851a1d" relativeResultsDirectory="02ddd264-38e7-4b64-a6a5-7648ea15c915" />
    <UnitTestResult executionId="589ba9b2-0114-4869-bc48-10e081896905" testId="bdad5a6a-6be3-3f5f-d1ce-c9d3ae870232" testName="Parser Tests.Expression Parser Tests.Literals.null in middle" computerName="dadsmbp" startTime="2025-08-22T12:12:54.9468650-04:00" endTime="2025-08-22T12:12:54.9469020-04:00" testType="13cdc9d9-ddb5-4fa4-a97d-d965ccfc6d4b" outcome="Passed" testListId="8c84fa94-04c1-424b-9868-57a2d4851a1d" relativeResultsDirectory="589ba9b2-0114-4869-bc48-10e081896905" />
    <UnitTestResult executionId="6003f42d-9c22-4979-94cc-5e3ee132aa23" testId="91cc1712-5c7e-8346-f0fe-787746e3c609" testName="Parser Tests.Expression Parser Tests.Logical Operators.and" computerName="dadsmbp" startTime="2025-08-22T12:12:54.9790050-04:00" endTime="2025-08-22T12:12:54.9795120-04:00" testType="13cdc9d9-ddb5-4fa4-a97d-d965ccfc6d4b" outcome="Passed" testListId="8c84fa94-04c1-424b-9868-57a2d4851a1d" relativeResultsDirectory="6003f42d-9c22-4979-94cc-5e3ee132aa23" />
    <UnitTestResult executionId="9512d7cc-2164-4ddf-aac9-e2fce7fe54ed" testId="abb00982-0096-661e-4e2d-bf082834ac59" testName="Parser Tests.Statement Parser Tests.Control Flow Statements.Function Definitions.local function" computerName="dadsmbp" startTime="2025-08-22T12:12:55.0560390-04:00" endTime="2025-08-22T12:12:55.0567040-04:00" testType="13cdc9d9-ddb5-4fa4-a97d-d965ccfc6d4b" outcome="Passed" testListId="8c84fa94-04c1-424b-9868-57a2d4851a1d" relativeResultsDirectory="9512d7cc-2164-4ddf-aac9-e2fce7fe54ed" />
    <UnitTestResult executionId="97c15e7d-ace0-4fdc-95d9-b3dccc666758" testId="f1daec19-81ab-0a86-67a4-55383baf385f" testName="Parser Tests.Expression Parser Tests.Literals.decimal escape two digits" computerName="dadsmbp" startTime="2025-08-22T12:12:54.9355120-04:00" endTime="2025-08-22T12:12:54.9364250-04:00" testType="13cdc9d9-ddb5-4fa4-a97d-d965ccfc6d4b" outcome="Passed" testListId="8c84fa94-04c1-424b-9868-57a2d4851a1d" relativeResultsDirectory="97c15e7d-ace0-4fdc-95d9-b3dccc666758" />
    <UnitTestResult executionId="d8ab12b9-5e2f-4858-a1b2-424f6407bb7e" testId="ab03aeee-2a55-ff2d-2d4f-6583c6d3f265" testName="Parser Tests.Expression Parser Tests.Comparison Operators.not equal" computerName="dadsmbp" startTime="2025-08-22T12:12:54.9789920-04:00" endTime="2025-08-22T12:12:54.9794750-04:00" testType="13cdc9d9-ddb5-4fa4-a97d-d965ccfc6d4b" outcome="Passed" testListId="8c84fa94-04c1-424b-9868-57a2d4851a1d" relativeResultsDirectory="d8ab12b9-5e2f-4858-a1b2-424f6407bb7e" />
    <UnitTestResult executionId="6b7524fb-ae19-4694-a61c-9b0b1b2bbc66" testId="3220c2ae-91b6-aff4-18b0-88557d16da4b" testName="Parser Tests.Statement Parser Tests.Parser Fixes.Complex Assignment Patterns.assignment after complex expression" computerName="dadsmbp" startTime="2025-08-22T12:12:55.0778700-04:00" endTime="2025-08-22T12:12:55.0789800-04:00" testType="13cdc9d9-ddb5-4fa4-a97d-d965ccfc6d4b" outcome="Passed" testListId="8c84fa94-04c1-424b-9868-57a2d4851a1d" relativeResultsDirectory="6b7524fb-ae19-4694-a61c-9b0b1b2bbc66" />
    <UnitTestResult executionId="851cf04d-69f1-41d5-803d-8f9737a6feaf" testId="842abb2a-cf12-4fa5-cea8-ba137980c871" testName="Parser Tests.Expression Parser Tests.Table Constructors.Named Fields.single named field" computerName="dadsmbp" startTime="2025-08-22T12:12:55.0123770-04:00" endTime="2025-08-22T12:12:55.0134650-04:00" testType="13cdc9d9-ddb5-4fa4-a97d-d965ccfc6d4b" outcome="Passed" testListId="8c84fa94-04c1-424b-9868-57a2d4851a1d" relativeResultsDirectory="851cf04d-69f1-41d5-803d-8f9737a6feaf" />
    <UnitTestResult executionId="309eabf8-bb92-45bd-abe0-2af91e585955" testId="3ec526ca-e695-30ed-ab17-22afd64268e8" testName="Parser Tests.Expression Parser Tests.Method Calls.method on table access" computerName="dadsmbp" startTime="2025-08-22T12:12:55.0012990-04:00" endTime="2025-08-22T12:12:55.0019500-04:00" testType="13cdc9d9-ddb5-4fa4-a97d-d965ccfc6d4b" outcome="Passed" testListId="8c84fa94-04c1-424b-9868-57a2d4851a1d" relativeResultsDirectory="309eabf8-bb92-45bd-abe0-2af91e585955" />
    <UnitTestResult executionId="02ecbb6c-17fd-4ed4-ab4e-9dbb1641edb2" testId="92c6010b-42e6-d615-8711-7979fc341358" testName="Variable attributes (Lua 5.4).Close attribute" computerName="dadsmbp" startTime="2025-08-22T12:12:55.0998630-04:00" endTime="2025-08-22T12:12:55.1003140-04:00" testType="13cdc9d9-ddb5-4fa4-a97d-d965ccfc6d4b" outcome="Passed" testListId="8c84fa94-04c1-424b-9868-57a2d4851a1d" relativeResultsDirectory="02ecbb6c-17fd-4ed4-ab4e-9dbb1641edb2" />
    <UnitTestResult executionId="b998084b-fd0c-4d47-a2f0-b136347101e0" testId="a65bf685-fa17-2ecf-1f83-09acfe0e037c" testName="Parser Tests.Statement Parser Tests.Control Flow Statements.For Loops.generic for with body" computerName="dadsmbp" startTime="2025-08-22T12:12:55.0449820-04:00" endTime="2025-08-22T12:12:55.0453670-04:00" testType="13cdc9d9-ddb5-4fa4-a97d-d965ccfc6d4b" outcome="Passed" testListId="8c84fa94-04c1-424b-9868-57a2d4851a1d" relativeResultsDirectory="b998084b-fd0c-4d47-a2f0-b136347101e0" />
    <UnitTestResult executionId="b85c1efb-a5a3-4a5a-b330-f88302a5c4d7" testId="832d5440-de3d-6f1a-08b7-c647cf8b2957" testName="Parser Tests.Expression Parser Tests.Literals.hex float" computerName="dadsmbp" duration="00:00:00.0200000" startTime="2025-08-22T12:12:54.8891970-04:00" endTime="2025-08-22T12:12:54.9241370-04:00" testType="13cdc9d9-ddb5-4fa4-a97d-d965ccfc6d4b" outcome="Passed" testListId="8c84fa94-04c1-424b-9868-57a2d4851a1d" relativeResultsDirectory="b85c1efb-a5a3-4a5a-b330-f88302a5c4d7" />
    <UnitTestResult executionId="83d8e952-87b3-4933-baf8-05a878c8a01b" testId="1ab65006-1d16-c78b-9176-c6d1cbfa198a" testName="Parser Tests.Expression Parser Tests.Multiplicative Operators.float divide" computerName="dadsmbp" startTime="2025-08-22T12:12:54.9678270-04:00" endTime="2025-08-22T12:12:54.9688230-04:00" testType="13cdc9d9-ddb5-4fa4-a97d-d965ccfc6d4b" outcome="Passed" testListId="8c84fa94-04c1-424b-9868-57a2d4851a1d" relativeResultsDirectory="83d8e952-87b3-4933-baf8-05a878c8a01b" />
    <UnitTestResult executionId="ddb1a642-ff50-4021-9bca-87db661a73d9" testId="f0647535-9b53-2b97-a592-0347a36420eb" testName="Generic for loop parsing.Multiple iterator values" computerName="dadsmbp" startTime="2025-08-22T12:12:55.0997780-04:00" endTime="2025-08-22T12:12:55.1000220-04:00" testType="13cdc9d9-ddb5-4fa4-a97d-d965ccfc6d4b" outcome="Passed" testListId="8c84fa94-04c1-424b-9868-57a2d4851a1d" relativeResultsDirectory="ddb1a642-ff50-4021-9bca-87db661a73d9" />
    <UnitTestResult executionId="6c367499-5c9b-47df-b5a7-204e01f00f32" testId="7a121384-ad33-5a50-aa20-0dd3188d181a" testName="Parser Tests.Statement Parser Tests.Parser Fixes.Table Assignment at Statement Level (Fixed).table assignment from function call" computerName="dadsmbp" startTime="2025-08-22T12:12:55.0666010-04:00" endTime="2025-08-22T12:12:55.0671440-04:00" testType="13cdc9d9-ddb5-4fa4-a97d-d965ccfc6d4b" outcome="Passed" testListId="8c84fa94-04c1-424b-9868-57a2d4851a1d" relativeResultsDirectory="6c367499-5c9b-47df-b5a7-204e01f00f32" />
    <UnitTestResult executionId="482977de-5c0f-4276-8cee-a56a59fc7039" testId="c8ec8d0b-8726-1048-5a8e-70417ccfe9cc" testName="Parser Tests.Expression Parser Tests.Literals.escape vertical tab" computerName="dadsmbp" startTime="2025-08-22T12:12:54.9354900-04:00" endTime="2025-08-22T12:12:54.9361640-04:00" testType="13cdc9d9-ddb5-4fa4-a97d-d965ccfc6d4b" outcome="Passed" testListId="8c84fa94-04c1-424b-9868-57a2d4851a1d" relativeResultsDirectory="482977de-5c0f-4276-8cee-a56a59fc7039" />
    <UnitTestResult executionId="d8ef4bbe-24c7-43fb-916b-6d48a42756fe" testId="d1fdf263-c1e9-9de3-2358-6aa706b01c30" testName="Parser Tests.Expression Parser Tests.Logical Operators.precedence" computerName="dadsmbp" startTime="2025-08-22T12:12:54.9790220-04:00" endTime="2025-08-22T12:12:54.9795310-04:00" testType="13cdc9d9-ddb5-4fa4-a97d-d965ccfc6d4b" outcome="Passed" testListId="8c84fa94-04c1-424b-9868-57a2d4851a1d" relativeResultsDirectory="d8ef4bbe-24c7-43fb-916b-6d48a42756fe" />
    <UnitTestResult executionId="49d894ea-2b2e-48eb-94a4-ece57cec1ce4" testId="01230dda-dd09-14e4-5ba7-6cc5a66146fe" testName="Parser Tests.Expression Parser Tests.Function Expressions.function with parameters" computerName="dadsmbp" duration="00:00:00.0020000" startTime="2025-08-22T12:12:55.0236470-04:00" endTime="2025-08-22T12:12:55.0259660-04:00" testType="13cdc9d9-ddb5-4fa4-a97d-d965ccfc6d4b" outcome="Passed" testListId="8c84fa94-04c1-424b-9868-57a2d4851a1d" relativeResultsDirectory="49d894ea-2b2e-48eb-94a4-ece57cec1ce4" />
    <UnitTestResult executionId="69ab91e9-d1e5-48f4-8c0b-34aa58d5ec34" testId="b2106cab-7252-8e78-56a6-4549da11719c" testName="Parser Tests.Expression Parser Tests.Logical Operators.or" computerName="dadsmbp" startTime="2025-08-22T12:12:54.9790100-04:00" endTime="2025-08-22T12:12:54.9795290-04:00" testType="13cdc9d9-ddb5-4fa4-a97d-d965ccfc6d4b" outcome="Passed" testListId="8c84fa94-04c1-424b-9868-57a2d4851a1d" relativeResultsDirectory="69ab91e9-d1e5-48f4-8c0b-34aa58d5ec34" />
    <UnitTestResult executionId="93fa19ef-76d0-4e40-ba11-d805661cd0d5" testId="879bc477-5080-4fcf-e639-e827fa9c2556" testName="Parser Tests.Expression Parser Tests.Literals.escape form feed" computerName="dadsmbp" startTime="2025-08-22T12:12:54.9354700-04:00" endTime="2025-08-22T12:12:54.9359320-04:00" testType="13cdc9d9-ddb5-4fa4-a97d-d965ccfc6d4b" outcome="Passed" testListId="8c84fa94-04c1-424b-9868-57a2d4851a1d" relativeResultsDirectory="93fa19ef-76d0-4e40-ba11-d805661cd0d5" />
    <UnitTestResult executionId="07f90f1d-26e1-4404-a18a-ca92c673801f" testId="c1a072c2-ee01-a7ae-6887-46b271e84c2b" testName="Parser Tests.Expression Parser Tests.Method Calls.method call with long string multiline" computerName="dadsmbp" startTime="2025-08-22T12:12:55.0123240-04:00" endTime="2025-08-22T12:12:55.0126350-04:00" testType="13cdc9d9-ddb5-4fa4-a97d-d965ccfc6d4b" outcome="Passed" testListId="8c84fa94-04c1-424b-9868-57a2d4851a1d" relativeResultsDirectory="07f90f1d-26e1-4404-a18a-ca92c673801f" />
    <UnitTestResult executionId="7ac89499-9b69-4983-83c1-dde387d7cc84" testId="107fd52a-d610-16f7-d2b4-50729b7deaad" testName="Scientific notation parsing.Negative exponent" computerName="dadsmbp" duration="00:00:00.0010000" startTime="2025-08-22T12:12:55.0886900-04:00" endTime="2025-08-22T12:12:55.0898660-04:00" testType="13cdc9d9-ddb5-4fa4-a97d-d965ccfc6d4b" outcome="Passed" testListId="8c84fa94-04c1-424b-9868-57a2d4851a1d" relativeResultsDirectory="7ac89499-9b69-4983-83c1-dde387d7cc84" />
    <UnitTestResult executionId="f2d5a664-28db-404d-b66a-c99496aed9c1" testId="e0198dfc-3381-5a04-2210-16421478411b" testName="Hex literal parsing.Min Int64 value (was causing overflow)" computerName="dadsmbp" startTime="2025-08-22T12:12:55.0782160-04:00" endTime="2025-08-22T12:12:55.0789420-04:00" testType="13cdc9d9-ddb5-4fa4-a97d-d965ccfc6d4b" outcome="Passed" testListId="8c84fa94-04c1-424b-9868-57a2d4851a1d" relativeResultsDirectory="f2d5a664-28db-404d-b66a-c99496aed9c1" />
    <UnitTestResult executionId="6f098743-231a-4b73-9b9b-1424699aeaae" testId="ee6bd5ed-b0fa-e4dd-f322-54c174b3d129" testName="Parser Tests.Expression Parser Tests.Function Expressions.empty function" computerName="dadsmbp" duration="00:00:00.0010000" startTime="2025-08-22T12:12:55.0236020-04:00" endTime="2025-08-22T12:12:55.0255830-04:00" testType="13cdc9d9-ddb5-4fa4-a97d-d965ccfc6d4b" outcome="Passed" testListId="8c84fa94-04c1-424b-9868-57a2d4851a1d" relativeResultsDirectory="6f098743-231a-4b73-9b9b-1424699aeaae" />
    <UnitTestResult executionId="f43bba2e-4f7f-405c-961a-643b5fb8fe09" testId="7e85cdf8-1845-3a87-ed06-04c18958f263" testName="Parser Tests.Expression Parser Tests.Table Constructors.Complex Examples.table with complex keys" computerName="dadsmbp" startTime="2025-08-22T12:12:55.0235810-04:00" endTime="2025-08-22T12:12:55.0238740-04:00" testType="13cdc9d9-ddb5-4fa4-a97d-d965ccfc6d4b" outcome="Passed" testListId="8c84fa94-04c1-424b-9868-57a2d4851a1d" relativeResultsDirectory="f43bba2e-4f7f-405c-961a-643b5fb8fe09" />
    <UnitTestResult executionId="b0fec58d-4744-4495-a401-34467744ad47" testId="254cc30b-5b1d-8fc3-09ec-d3df0b2b3af0" testName="Parser Tests.Expression Parser Tests.Table Constructors.Named Fields.multiple named fields" computerName="dadsmbp" startTime="2025-08-22T12:12:55.0123810-04:00" endTime="2025-08-22T12:12:55.0134800-04:00" testType="13cdc9d9-ddb5-4fa4-a97d-d965ccfc6d4b" outcome="Passed" testListId="8c84fa94-04c1-424b-9868-57a2d4851a1d" relativeResultsDirectory="b0fec58d-4744-4495-a401-34467744ad47" />
    <UnitTestResult executionId="16002657-01bc-4852-850b-4433759ad383" testId="1a716a10-d641-d602-72f7-3f93f8cd0402" testName="Parser Tests.Expression Parser Tests.Table Constructors.Complex Examples.mixed complex expressions" computerName="dadsmbp" duration="00:00:00.0010000" startTime="2025-08-22T12:12:55.0236010-04:00" endTime="2025-08-22T12:12:55.0255730-04:00" testType="13cdc9d9-ddb5-4fa4-a97d-d965ccfc6d4b" outcome="Passed" testListId="8c84fa94-04c1-424b-9868-57a2d4851a1d" relativeResultsDirectory="16002657-01bc-4852-850b-4433759ad383" />
    <UnitTestResult executionId="eeb7e619-65c9-4115-ad36-2827524b4090" testId="f3bed39f-48ad-33ee-e5db-7f7f6353e59e" testName="Function call parsing.Call with table constructor (no parens)" computerName="dadsmbp" startTime="2025-08-22T12:12:55.0998240-04:00" endTime="2025-08-22T12:12:55.1003910-04:00" testType="13cdc9d9-ddb5-4fa4-a97d-d965ccfc6d4b" outcome="Passed" testListId="8c84fa94-04c1-424b-9868-57a2d4851a1d" relativeResultsDirectory="eeb7e619-65c9-4115-ad36-2827524b4090" />
    <UnitTestResult executionId="47921ff6-5fed-4550-8d99-86f903388c60" testId="f362749b-c766-edfa-beed-a4a7ae724ae8" testName="Parser Tests.Expression Parser Tests.Table Constructors.Mixed Fields.values and named" computerName="dadsmbp" startTime="2025-08-22T12:12:55.0124040-04:00" endTime="2025-08-22T12:12:55.0134900-04:00" testType="13cdc9d9-ddb5-4fa4-a97d-d965ccfc6d4b" outcome="Passed" testListId="8c84fa94-04c1-424b-9868-57a2d4851a1d" relativeResultsDirectory="47921ff6-5fed-4550-8d99-86f903388c60" />
    <UnitTestResult executionId="a255686e-a3b1-4a04-9c7d-8b249ad95dd1" testId="bc676c70-bff1-771e-2805-b78bf099cdaf" testName="Parser Tests.Statement Parser Tests.Integration Tests - Multiple Features.multiple assignment with method calls" computerName="dadsmbp" startTime="2025-08-22T12:12:55.0560960-04:00" endTime="2025-08-22T12:12:55.0566490-04:00" testType="13cdc9d9-ddb5-4fa4-a97d-d965ccfc6d4b" outcome="Passed" testListId="8c84fa94-04c1-424b-9868-57a2d4851a1d" relativeResultsDirectory="a255686e-a3b1-4a04-9c7d-8b249ad95dd1" />
    <UnitTestResult executionId="504ebbaa-1268-4c26-b53b-386163ce43e7" testId="f198c2f2-d97d-2ebd-6b38-42f64079cc49" testName="Parser Tests.Expression Parser Tests.Literals.escape double quote" computerName="dadsmbp" startTime="2025-08-22T12:12:54.9354230-04:00" endTime="2025-08-22T12:12:54.9359060-04:00" testType="13cdc9d9-ddb5-4fa4-a97d-d965ccfc6d4b" outcome="Passed" testListId="8c84fa94-04c1-424b-9868-57a2d4851a1d" relativeResultsDirectory="504ebbaa-1268-4c26-b53b-386163ce43e7" />
    <UnitTestResult executionId="532aff7a-9f20-480a-a988-7e376bceea6c" testId="bdf003e6-5e31-3757-8de6-b259949e60c6" testName="Parser Tests.Statement Parser Tests.Parser Fixes.Assignment vs Function Call Disambiguation.parenthesized function call" computerName="dadsmbp" startTime="2025-08-22T12:12:55.0778110-04:00" endTime="2025-08-22T12:12:55.0789410-04:00" testType="13cdc9d9-ddb5-4fa4-a97d-d965ccfc6d4b" outcome="Passed" testListId="8c84fa94-04c1-424b-9868-57a2d4851a1d" relativeResultsDirectory="532aff7a-9f20-480a-a988-7e376bceea6c" />
    <UnitTestResult executionId="c5b34ab4-f8c0-4898-a862-09d61bee97b3" testId="73624354-1cd8-cfa9-9307-0f5e85db415f" testName="Parser Tests.Expression Parser Tests.Table Constructors.Key Fields.single key field" computerName="dadsmbp" startTime="2025-08-22T12:12:55.0123930-04:00" endTime="2025-08-22T12:12:55.0134930-04:00" testType="13cdc9d9-ddb5-4fa4-a97d-d965ccfc6d4b" outcome="Passed" testListId="8c84fa94-04c1-424b-9868-57a2d4851a1d" relativeResultsDirectory="c5b34ab4-f8c0-4898-a862-09d61bee97b3" />
    <UnitTestResult executionId="3d25e532-b6e6-4134-8cf1-26f78125c2be" testId="bc8aacaf-5f55-4f78-74de-8b2898429afa" testName="Parser Tests.Statement Parser Tests.Parser Fixes.Table Assignment at Statement Level (Fixed).multiple table assignment" computerName="dadsmbp" startTime="2025-08-22T12:12:55.0665760-04:00" endTime="2025-08-22T12:12:55.0671340-04:00" testType="13cdc9d9-ddb5-4fa4-a97d-d965ccfc6d4b" outcome="Passed" testListId="8c84fa94-04c1-424b-9868-57a2d4851a1d" relativeResultsDirectory="3d25e532-b6e6-4134-8cf1-26f78125c2be" />
    <UnitTestResult executionId="36772623-11f9-4fbf-9390-d231ced1c288" testId="f55754ec-072d-a532-5fd1-647f087fa389" testName="Parser Tests.Expression Parser Tests.Table Constructors.Complex Examples.table with function definition" computerName="dadsmbp" duration="00:00:00.0010000" startTime="2025-08-22T12:12:55.0235750-04:00" endTime="2025-08-22T12:12:55.0256040-04:00" testType="13cdc9d9-ddb5-4fa4-a97d-d965ccfc6d4b" outcome="Passed" testListId="8c84fa94-04c1-424b-9868-57a2d4851a1d" relativeResultsDirectory="36772623-11f9-4fbf-9390-d231ced1c288" />
    <UnitTestResult executionId="6ef10503-de96-4060-9a5b-8a91439e73ce" testId="2f3f10ea-dadb-86ef-4da9-f3e8ca2875bf" testName="Parser Tests.Expression Parser Tests.Comparison Operators.equal" computerName="dadsmbp" startTime="2025-08-22T12:12:54.9790000-04:00" endTime="2025-08-22T12:12:54.9794780-04:00" testType="13cdc9d9-ddb5-4fa4-a97d-d965ccfc6d4b" outcome="Passed" testListId="8c84fa94-04c1-424b-9868-57a2d4851a1d" relativeResultsDirectory="6ef10503-de96-4060-9a5b-8a91439e73ce" />
    <UnitTestResult executionId="02552e96-03ca-42a0-a3db-d1f8e0c09835" testId="e9dbbd1d-bdb4-59d4-eeba-825afa778cbf" testName="Parser Tests.Statement Parser Tests.Basic Statements.multiple local with function call" computerName="dadsmbp" startTime="2025-08-22T12:12:55.0349360-04:00" endTime="2025-08-22T12:12:55.0355040-04:00" testType="13cdc9d9-ddb5-4fa4-a97d-d965ccfc6d4b" outcome="Passed" testListId="8c84fa94-04c1-424b-9868-57a2d4851a1d" relativeResultsDirectory="02552e96-03ca-42a0-a3db-d1f8e0c09835" />
    <UnitTestResult executionId="12a62af9-e8db-4a13-85b0-5cf6b8dc1e5a" testId="2224406e-7d17-912a-65f5-f2ed533b7d62" testName="Long string parsing.Initial newline removal" computerName="dadsmbp" duration="00:00:00.0060000" startTime="2025-08-22T12:12:55.0887100-04:00" endTime="2025-08-22T12:12:55.0952260-04:00" testType="13cdc9d9-ddb5-4fa4-a97d-d965ccfc6d4b" outcome="Passed" testListId="8c84fa94-04c1-424b-9868-57a2d4851a1d" relativeResultsDirectory="12a62af9-e8db-4a13-85b0-5cf6b8dc1e5a" />
    <UnitTestResult executionId="b0e077ad-01ab-410b-9a8e-b40bd9f4b36e" testId="0ee73c2d-1ffb-ddf9-4e07-1b1702a6be39" testName="Parser Tests.Expression Parser Tests.Unary Operators.negate" computerName="dadsmbp" startTime="2025-08-22T12:12:54.9580950-04:00" endTime="2025-08-22T12:12:54.9588340-04:00" testType="13cdc9d9-ddb5-4fa4-a97d-d965ccfc6d4b" outcome="Passed" testListId="8c84fa94-04c1-424b-9868-57a2d4851a1d" relativeResultsDirectory="b0e077ad-01ab-410b-9a8e-b40bd9f4b36e" />
    <UnitTestResult executionId="47fe322f-6a70-406d-b8a4-0ed82d5dcd03" testId="3f3fa638-09ba-1011-7392-05cac169df0e" testName="Parser Tests.Expression Parser Tests.Complex Expressions.operator precedence" computerName="dadsmbp" startTime="2025-08-22T12:12:54.9790240-04:00" endTime="2025-08-22T12:12:54.9794880-04:00" testType="13cdc9d9-ddb5-4fa4-a97d-d965ccfc6d4b" outcome="Passed" testListId="8c84fa94-04c1-424b-9868-57a2d4851a1d" relativeResultsDirectory="47fe322f-6a70-406d-b8a4-0ed82d5dcd03" />
    <UnitTestResult executionId="2655f4e2-d343-4a2f-990c-2f4a4ee482d5" testId="e6fd593e-8926-6b22-f12a-96430c0fbf2e" testName="Parser Tests.Expression Parser Tests.Literals.unicode escape zero" computerName="dadsmbp" startTime="2025-08-22T12:12:54.9466140-04:00" endTime="2025-08-22T12:12:54.9478120-04:00" testType="13cdc9d9-ddb5-4fa4-a97d-d965ccfc6d4b" outcome="Passed" testListId="8c84fa94-04c1-424b-9868-57a2d4851a1d" relativeResultsDirectory="2655f4e2-d343-4a2f-990c-2f4a4ee482d5" />
    <UnitTestResult executionId="8c6ef795-7254-45f4-a316-97f3a149c019" testId="f21fef0c-1b6d-1012-7719-4d0ad013ab4a" testName="Parser Tests.Expression Parser Tests.Literals.hex escape lowercase" computerName="dadsmbp" startTime="2025-08-22T12:12:54.9465890-04:00" endTime="2025-08-22T12:12:54.9468780-04:00" testType="13cdc9d9-ddb5-4fa4-a97d-d965ccfc6d4b" outcome="Passed" testListId="8c84fa94-04c1-424b-9868-57a2d4851a1d" relativeResultsDirectory="8c6ef795-7254-45f4-a316-97f3a149c019" />
    <UnitTestResult executionId="03227ad9-f76f-45c1-8eb9-206b30c2af79" testId="763c96db-6624-3c72-6180-fc6aded732d6" testName="Identifier parsing.Underscore as identifier" computerName="dadsmbp" duration="00:00:00.0060000" startTime="2025-08-22T12:12:55.0887600-04:00" endTime="2025-08-22T12:12:55.0952010-04:00" testType="13cdc9d9-ddb5-4fa4-a97d-d965ccfc6d4b" outcome="Passed" testListId="8c84fa94-04c1-424b-9868-57a2d4851a1d" relativeResultsDirectory="03227ad9-f76f-45c1-8eb9-206b30c2af79" />
    <UnitTestResult executionId="14d90c84-985c-46ec-ab47-d32673857c68" testId="2c397f14-cc89-a8af-7de5-b6c9486ecf65" testName="Operator precedence.Power is right associative" computerName="dadsmbp" startTime="2025-08-22T12:12:55.0998060-04:00" endTime="2025-08-22T12:12:55.0999930-04:00" testType="13cdc9d9-ddb5-4fa4-a97d-d965ccfc6d4b" outcome="Passed" testListId="8c84fa94-04c1-424b-9868-57a2d4851a1d" relativeResultsDirectory="14d90c84-985c-46ec-ab47-d32673857c68" />
    <UnitTestResult executionId="ed501ae0-8011-4ab4-b6e6-8a5c30d21bf5" testId="8dfd896c-4a4b-dcc4-c53c-56fdcd545dd6" testName="Parser Tests.Expression Parser Tests.Complex Expressions.mixed operators" computerName="dadsmbp" startTime="2025-08-22T12:12:54.9792280-04:00" endTime="2025-08-22T12:12:54.9792690-04:00" testType="13cdc9d9-ddb5-4fa4-a97d-d965ccfc6d4b" outcome="Passed" testListId="8c84fa94-04c1-424b-9868-57a2d4851a1d" relativeResultsDirectory="ed501ae0-8011-4ab4-b6e6-8a5c30d21bf5" />
    <UnitTestResult executionId="6c4f25e7-0391-475e-971c-4374ae7283b0" testId="825fd467-52f0-ebc3-102d-d554859cb5d0" testName="Parser Tests.Expression Parser Tests.Literals.literals.lua case 3" computerName="dadsmbp" startTime="2025-08-22T12:12:54.9576300-04:00" endTime="2025-08-22T12:12:54.9583130-04:00" testType="13cdc9d9-ddb5-4fa4-a97d-d965ccfc6d4b" outcome="Passed" testListId="8c84fa94-04c1-424b-9868-57a2d4851a1d" relativeResultsDirectory="6c4f25e7-0391-475e-971c-4374ae7283b0" />
    <UnitTestResult executionId="0477d8a4-1989-44d0-a3d9-2511e061a7e5" testId="a4206639-8551-015b-9278-1c1f53a52704" testName="Parser Tests.Expression Parser Tests.Power Operator.right associative" computerName="dadsmbp" startTime="2025-08-22T12:12:54.9678260-04:00" endTime="2025-08-22T12:12:54.9688210-04:00" testType="13cdc9d9-ddb5-4fa4-a97d-d965ccfc6d4b" outcome="Passed" testListId="8c84fa94-04c1-424b-9868-57a2d4851a1d" relativeResultsDirectory="0477d8a4-1989-44d0-a3d9-2511e061a7e5" />
    <UnitTestResult executionId="7b92a53e-1baf-4e52-85f4-95174faa4c03" testId="37aa9393-f589-b635-2eec-42cc9cc48359" testName="Parser Tests.Expression Parser Tests.Table Access.bracket access expression" computerName="dadsmbp" startTime="2025-08-22T12:12:55.0012070-04:00" endTime="2025-08-22T12:12:55.0015480-04:00" testType="13cdc9d9-ddb5-4fa4-a97d-d965ccfc6d4b" outcome="Passed" testListId="8c84fa94-04c1-424b-9868-57a2d4851a1d" relativeResultsDirectory="7b92a53e-1baf-4e52-85f4-95174faa4c03" />
    <UnitTestResult executionId="622c38cf-55a0-471b-97b3-84db0cee451c" testId="697f4dc9-7b2c-f900-0b6d-c768a091bc66" testName="Parser Tests.Statement Parser Tests.Parser Fixes.Assignment vs Function Call Disambiguation.assignment with spaces" computerName="dadsmbp" startTime="2025-08-22T12:12:55.0778290-04:00" endTime="2025-08-22T12:12:55.0782250-04:00" testType="13cdc9d9-ddb5-4fa4-a97d-d965ccfc6d4b" outcome="Passed" testListId="8c84fa94-04c1-424b-9868-57a2d4851a1d" relativeResultsDirectory="622c38cf-55a0-471b-97b3-84db0cee451c" />
    <UnitTestResult executionId="d23703fd-d88c-46e9-86b0-57526c4728df" testId="3c513f3b-1271-3f9c-ccd2-60479767cb29" testName="Parser Tests.Statement Parser Tests.Control Flow Statements.Function Definitions.local function with params" computerName="dadsmbp" startTime="2025-08-22T12:12:55.0560470-04:00" endTime="2025-08-22T12:12:55.0563710-04:00" testType="13cdc9d9-ddb5-4fa4-a97d-d965ccfc6d4b" outcome="Passed" testListId="8c84fa94-04c1-424b-9868-57a2d4851a1d" relativeResultsDirectory="d23703fd-d88c-46e9-86b0-57526c4728df" />
    <UnitTestResult executionId="a8be0b47-745b-4765-85f0-9cbf688d1ba2" testId="3c0e3cca-3008-f566-244c-afe831eddad2" testName="Parser Tests.Expression Parser Tests.Function Calls.multiple arguments" computerName="dadsmbp" startTime="2025-08-22T12:12:54.9901540-04:00" endTime="2025-08-22T12:12:54.9913480-04:00" testType="13cdc9d9-ddb5-4fa4-a97d-d965ccfc6d4b" outcome="Passed" testListId="8c84fa94-04c1-424b-9868-57a2d4851a1d" relativeResultsDirectory="a8be0b47-745b-4765-85f0-9cbf688d1ba2" />
    <UnitTestResult executionId="57383adb-f625-4987-b75f-15f988e7dae6" testId="2b872452-2694-911a-53e8-7326d451f370" testName="Parser Tests.Statement Parser Tests.Parser Fixes.Table Assignment at Statement Level (Fixed).mixed assignment" computerName="dadsmbp" startTime="2025-08-22T12:12:55.0665940-04:00" endTime="2025-08-22T12:12:55.0671500-04:00" testType="13cdc9d9-ddb5-4fa4-a97d-d965ccfc6d4b" outcome="Passed" testListId="8c84fa94-04c1-424b-9868-57a2d4851a1d" relativeResultsDirectory="57383adb-f625-4987-b75f-15f988e7dae6" />
    <UnitTestResult executionId="d6028c8b-382e-4b3b-ab8a-c001c1a6e405" testId="3c30a966-5d71-f183-32cf-39fc6c1d9ded" testName="Parser Tests.Expression Parser Tests.Whitespace Handling.newlines" computerName="dadsmbp" startTime="2025-08-22T12:12:54.9900970-04:00" endTime="2025-08-22T12:12:54.9903860-04:00" testType="13cdc9d9-ddb5-4fa4-a97d-d965ccfc6d4b" outcome="Passed" testListId="8c84fa94-04c1-424b-9868-57a2d4851a1d" relativeResultsDirectory="d6028c8b-382e-4b3b-ab8a-c001c1a6e405" />
  </Results>
  <TestDefinitions>
    <UnitTest name="Parser Tests.Expression Parser Tests.Edge Cases.all unary operators" storage="/users/bill/repos/flua/flua.parser.tests/bin/debug/net8.0/flua.parser.tests.dll" id="42e215c3-5d2e-bd5d-b7d0-2ce1a036b738">
      <Execution id="96b089e1-132f-44d9-b67b-5a7f4fac5abe" />
      <TestMethod codeBase="/Users/bill/Repos/FLua/FLua.Parser.Tests/bin/Debug/net8.0/FLua.Parser.Tests.dll" adapterTypeName="executor://yolodev/expecto" className="Parser Tests.Expression Parser Tests.Edge Cases" name="all unary operators" />
    </UnitTest>
    <UnitTest name="Parser Tests.Expression Parser Tests.Literals.hex escape max" storage="/users/bill/repos/flua/flua.parser.tests/bin/debug/net8.0/flua.parser.tests.dll" id="bda16938-26e8-7f58-0e78-0355787a8bdc">
      <Execution id="02ddd264-38e7-4b64-a6a5-7648ea15c915" />
      <TestMethod codeBase="/Users/bill/Repos/FLua/FLua.Parser.Tests/bin/Debug/net8.0/FLua.Parser.Tests.dll" adapterTypeName="executor://yolodev/expecto" className="Parser Tests.Expression Parser Tests.Literals" name="hex escape max" />
    </UnitTest>
    <UnitTest name="Parser Tests.Expression Parser Tests.Literals.hex escape mixed case" storage="/users/bill/repos/flua/flua.parser.tests/bin/debug/net8.0/flua.parser.tests.dll" id="d1220d6b-41d1-f6d0-a837-b5893fc68d06">
      <Execution id="14fd5f6b-402b-4991-8d97-e29fc17b0c51" />
      <TestMethod codeBase="/Users/bill/Repos/FLua/FLua.Parser.Tests/bin/Debug/net8.0/FLua.Parser.Tests.dll" adapterTypeName="executor://yolodev/expecto" className="Parser Tests.Expression Parser Tests.Literals" name="hex escape mixed case" />
    </UnitTest>
    <UnitTest name="Parser Tests.Expression Parser Tests.Literals.hex escape with following char" storage="/users/bill/repos/flua/flua.parser.tests/bin/debug/net8.0/flua.parser.tests.dll" id="5f017da4-ef6a-5f78-e492-2001cbd1f689">
      <Execution id="e13674d2-5cdf-4728-90ea-afdc06122f4e" />
      <TestMethod codeBase="/Users/bill/Repos/FLua/FLua.Parser.Tests/bin/Debug/net8.0/FLua.Parser.Tests.dll" adapterTypeName="executor://yolodev/expecto" className="Parser Tests.Expression Parser Tests.Literals" name="hex escape with following char" />
    </UnitTest>
    <UnitTest name="Parser Tests.Statement Parser Tests.Variable Attributes.Local Variable Attributes.local variables without values" storage="/users/bill/repos/flua/flua.parser.tests/bin/debug/net8.0/flua.parser.tests.dll" id="5f395eb8-218b-3fe3-c75a-6bcd29c3c784">
      <Execution id="20776d3d-d15d-4101-9a58-f0468dea238b" />
      <TestMethod codeBase="/Users/bill/Repos/FLua/FLua.Parser.Tests/bin/Debug/net8.0/FLua.Parser.Tests.dll" adapterTypeName="executor://yolodev/expecto" className="Parser Tests.Statement Parser Tests.Variable Attributes.Local Variable Attributes" name="local variables without values" />
    </UnitTest>
    <UnitTest name="Parser Tests.Expression Parser Tests.Identifiers.simple identifier" storage="/users/bill/repos/flua/flua.parser.tests/bin/debug/net8.0/flua.parser.tests.dll" id="a207ed3e-8aa1-e579-40f1-2c4582cae8f7">
      <Execution id="c674eb2b-c70c-4a9e-bdb3-ec9018c97716" />
      <TestMethod codeBase="/Users/bill/Repos/FLua/FLua.Parser.Tests/bin/Debug/net8.0/FLua.Parser.Tests.dll" adapterTypeName="executor://yolodev/expecto" className="Parser Tests.Expression Parser Tests.Identifiers" name="simple identifier" />
    </UnitTest>
    <UnitTest name="Parser Tests.Expression Parser Tests.Function Expressions.function with vararg" storage="/users/bill/repos/flua/flua.parser.tests/bin/debug/net8.0/flua.parser.tests.dll" id="33acbcbc-981c-563d-91c0-da679c0851c2">
      <Execution id="489ad0f6-7510-4541-a3b3-898318be96ac" />
      <TestMethod codeBase="/Users/bill/Repos/FLua/FLua.Parser.Tests/bin/Debug/net8.0/FLua.Parser.Tests.dll" adapterTypeName="executor://yolodev/expecto" className="Parser Tests.Expression Parser Tests.Function Expressions" name="function with vararg" />
    </UnitTest>
    <UnitTest name="Parser Tests.Expression Parser Tests.Literals.escape form feed" storage="/users/bill/repos/flua/flua.parser.tests/bin/debug/net8.0/flua.parser.tests.dll" id="879bc477-5080-4fcf-e639-e827fa9c2556">
      <Execution id="93fa19ef-76d0-4e40-ba11-d805661cd0d5" />
      <TestMethod codeBase="/Users/bill/Repos/FLua/FLua.Parser.Tests/bin/Debug/net8.0/FLua.Parser.Tests.dll" adapterTypeName="executor://yolodev/expecto" className="Parser Tests.Expression Parser Tests.Literals" name="escape form feed" />
    </UnitTest>
    <UnitTest name="Parser Tests.Expression Parser Tests.Literals.mixed escape types" storage="/users/bill/repos/flua/flua.parser.tests/bin/debug/net8.0/flua.parser.tests.dll" id="23f6c827-5298-1b85-4116-a388ac096ef2">
      <Execution id="512445bf-0f64-4bc6-9bcb-298b8a1e0ada" />
      <TestMethod codeBase="/Users/bill/Repos/FLua/FLua.Parser.Tests/bin/Debug/net8.0/FLua.Parser.Tests.dll" adapterTypeName="executor://yolodev/expecto" className="Parser Tests.Expression Parser Tests.Literals" name="mixed escape types" />
    </UnitTest>
    <UnitTest name="Parser Tests.Expression Parser Tests.vararg" storage="/users/bill/repos/flua/flua.parser.tests/bin/debug/net8.0/flua.parser.tests.dll" id="86fb7a5a-8cf2-4c36-a489-26ff73f20850">
      <Execution id="0b85d67f-c86d-453e-b8f0-68c87a7cee47" />
      <TestMethod codeBase="/Users/bill/Repos/FLua/FLua.Parser.Tests/bin/Debug/net8.0/FLua.Parser.Tests.dll" adapterTypeName="executor://yolodev/expecto" className="Parser Tests.Expression Parser Tests" name="vararg" />
    </UnitTest>
    <UnitTest name="Parser Tests.Expression Parser Tests.Table Constructors.Complex Examples.table with method calls" storage="/users/bill/repos/flua/flua.parser.tests/bin/debug/net8.0/flua.parser.tests.dll" id="d42cbb2a-9c1a-4f4b-4584-5987904f9667">
      <Execution id="06fac006-0644-49fe-b034-41ee2c8e6c53" />
      <TestMethod codeBase="/Users/bill/Repos/FLua/FLua.Parser.Tests/bin/Debug/net8.0/FLua.Parser.Tests.dll" adapterTypeName="executor://yolodev/expecto" className="Parser Tests.Expression Parser Tests.Table Constructors.Complex Examples" name="table with method calls" />
    </UnitTest>
    <UnitTest name="Parser Tests.Expression Parser Tests.Literals.zero float" storage="/users/bill/repos/flua/flua.parser.tests/bin/debug/net8.0/flua.parser.tests.dll" id="56bc034c-870c-2029-f5c0-ce7cb67ea11d">
      <Execution id="93bca5f6-67c9-4708-93e5-aeadda39c7e8" />
      <TestMethod codeBase="/Users/bill/Repos/FLua/FLua.Parser.Tests/bin/Debug/net8.0/FLua.Parser.Tests.dll" adapterTypeName="executor://yolodev/expecto" className="Parser Tests.Expression Parser Tests.Literals" name="zero float" />
    </UnitTest>
    <UnitTest name="Parser Tests.Expression Parser Tests.Literals.escape bell" storage="/users/bill/repos/flua/flua.parser.tests/bin/debug/net8.0/flua.parser.tests.dll" id="9c220c5d-d3c2-7f8d-3655-60791670893c">
      <Execution id="a77a5800-73e8-4297-b7e7-966ac57b3ad3" />
      <TestMethod codeBase="/Users/bill/Repos/FLua/FLua.Parser.Tests/bin/Debug/net8.0/FLua.Parser.Tests.dll" adapterTypeName="executor://yolodev/expecto" className="Parser Tests.Expression Parser Tests.Literals" name="escape bell" />
    </UnitTest>
    <UnitTest name="Parser Tests.Expression Parser Tests.Edge Cases.boolean logic chain" storage="/users/bill/repos/flua/flua.parser.tests/bin/debug/net8.0/flua.parser.tests.dll" id="50da10f7-26a6-5189-a981-de50fa2ada1b">
      <Execution id="4dfdff8e-3ece-417d-953e-97fa14851f12" />
      <TestMethod codeBase="/Users/bill/Repos/FLua/FLua.Parser.Tests/bin/Debug/net8.0/FLua.Parser.Tests.dll" adapterTypeName="executor://yolodev/expecto" className="Parser Tests.Expression Parser Tests.Edge Cases" name="boolean logic chain" />
    </UnitTest>
    <UnitTest name="Parser Tests.Expression Parser Tests.Method Calls.method call with long string no space" storage="/users/bill/repos/flua/flua.parser.tests/bin/debug/net8.0/flua.parser.tests.dll" id="54696586-86f2-8469-5df1-683c5f3e3dfd">
      <Execution id="b8a011ef-b91c-4167-9f61-28cb3e5b22d5" />
      <TestMethod codeBase="/Users/bill/Repos/FLua/FLua.Parser.Tests/bin/Debug/net8.0/FLua.Parser.Tests.dll" adapterTypeName="executor://yolodev/expecto" className="Parser Tests.Expression Parser Tests.Method Calls" name="method call with long string no space" />
    </UnitTest>
    <UnitTest name="Parser Tests.Statement Parser Tests.Basic Statements.return expressions" storage="/users/bill/repos/flua/flua.parser.tests/bin/debug/net8.0/flua.parser.tests.dll" id="ab5c8b26-ceaf-e0b0-101d-d5f2cd6d0842">
      <Execution id="f81a01d0-afb1-4a57-83e1-40189ba0e1db" />
      <TestMethod codeBase="/Users/bill/Repos/FLua/FLua.Parser.Tests/bin/Debug/net8.0/FLua.Parser.Tests.dll" adapterTypeName="executor://yolodev/expecto" className="Parser Tests.Statement Parser Tests.Basic Statements" name="return expressions" />
    </UnitTest>
    <UnitTest name="Parser Tests.Expression Parser Tests.Literals.literals.lua case 1" storage="/users/bill/repos/flua/flua.parser.tests/bin/debug/net8.0/flua.parser.tests.dll" id="4d224471-c0d3-8189-5d40-1274a3458e31">
      <Execution id="647f8496-0cf9-459a-b190-0a54dee57c15" />
      <TestMethod codeBase="/Users/bill/Repos/FLua/FLua.Parser.Tests/bin/Debug/net8.0/FLua.Parser.Tests.dll" adapterTypeName="executor://yolodev/expecto" className="Parser Tests.Expression Parser Tests.Literals.literals" name="lua case 1" />
    </UnitTest>
    <UnitTest name="Parser Tests.Expression Parser Tests.Function Expressions.function with body" storage="/users/bill/repos/flua/flua.parser.tests/bin/debug/net8.0/flua.parser.tests.dll" id="61a7a37d-f46f-ed42-bd70-9b1373a3ced4">
      <Execution id="e1fae8a3-8d55-419e-ad1b-1b333652f72d" />
      <TestMethod codeBase="/Users/bill/Repos/FLua/FLua.Parser.Tests/bin/Debug/net8.0/FLua.Parser.Tests.dll" adapterTypeName="executor://yolodev/expecto" className="Parser Tests.Expression Parser Tests.Function Expressions" name="function with body" />
    </UnitTest>
    <UnitTest name="String escape sequences.Unicode escape" storage="/users/bill/repos/flua/flua.parser.tests/bin/debug/net8.0/flua.parser.tests.dll" id="37da12f7-31a3-327d-1172-79e133b6c0c6">
      <Execution id="6825fa79-2001-4531-a170-92b1a56666a1" />
      <TestMethod codeBase="/Users/bill/Repos/FLua/FLua.Parser.Tests/bin/Debug/net8.0/FLua.Parser.Tests.dll" adapterTypeName="executor://yolodev/expecto" className="String escape sequences" name="Unicode escape" />
    </UnitTest>
    <UnitTest name="Parser Tests.Expression Parser Tests.Multiplicative Operators.floor divide" storage="/users/bill/repos/flua/flua.parser.tests/bin/debug/net8.0/flua.parser.tests.dll" id="9244f1a4-b96d-9fb0-92ad-43c8c501a1ac">
      <Execution id="14142d7a-3429-49ce-80fb-d0a7063301f7" />
      <TestMethod codeBase="/Users/bill/Repos/FLua/FLua.Parser.Tests/bin/Debug/net8.0/FLua.Parser.Tests.dll" adapterTypeName="executor://yolodev/expecto" className="Parser Tests.Expression Parser Tests.Multiplicative Operators" name="floor divide" />
    </UnitTest>
    <UnitTest name="Variable attributes (Lua 5.4).Close attribute" storage="/users/bill/repos/flua/flua.parser.tests/bin/debug/net8.0/flua.parser.tests.dll" id="92c6010b-42e6-d615-8711-7979fc341358">
      <Execution id="02ecbb6c-17fd-4ed4-ab4e-9dbb1641edb2" />
      <TestMethod codeBase="/Users/bill/Repos/FLua/FLua.Parser.Tests/bin/Debug/net8.0/FLua.Parser.Tests.dll" adapterTypeName="executor://yolodev/expecto" className="Variable attributes (Lua 5.4)" name="Close attribute" />
    </UnitTest>
    <UnitTest name="Parser Tests.Expression Parser Tests.Literals.zero integer" storage="/users/bill/repos/flua/flua.parser.tests/bin/debug/net8.0/flua.parser.tests.dll" id="df9d586a-70f3-fbab-79ce-75289b292830">
      <Execution id="522bcba4-177d-4151-bb12-89b0ef56a91e" />
      <TestMethod codeBase="/Users/bill/Repos/FLua/FLua.Parser.Tests/bin/Debug/net8.0/FLua.Parser.Tests.dll" adapterTypeName="executor://yolodev/expecto" className="Parser Tests.Expression Parser Tests.Literals" name="zero integer" />
    </UnitTest>
    <UnitTest name="Parser Tests.Expression Parser Tests.Multiplicative Operators.modulo" storage="/users/bill/repos/flua/flua.parser.tests/bin/debug/net8.0/flua.parser.tests.dll" id="4a9b90f7-2118-e89c-bf1b-7ef1296b8510">
      <Execution id="c92e6614-9734-4fb0-9710-4f018dbb7cf8" />
      <TestMethod codeBase="/Users/bill/Repos/FLua/FLua.Parser.Tests/bin/Debug/net8.0/FLua.Parser.Tests.dll" adapterTypeName="executor://yolodev/expecto" className="Parser Tests.Expression Parser Tests.Multiplicative Operators" name="modulo" />
    </UnitTest>
    <UnitTest name="Parser Tests.Statement Parser Tests.Parser Fixes.Table Assignment at Statement Level (Fixed).table assignment with expression key" storage="/users/bill/repos/flua/flua.parser.tests/bin/debug/net8.0/flua.parser.tests.dll" id="f5a75e3b-7a61-b51c-fbbf-ba6389078cf8">
      <Execution id="ad4a508a-7d1c-453c-af5a-cba75c3977a3" />
      <TestMethod codeBase="/Users/bill/Repos/FLua/FLua.Parser.Tests/bin/Debug/net8.0/FLua.Parser.Tests.dll" adapterTypeName="executor://yolodev/expecto" className="Parser Tests.Statement Parser Tests.Parser Fixes.Table Assignment at Statement Level (Fixed)" name="table assignment with expression key" />
    </UnitTest>
    <UnitTest name="Parser Tests.Statement Parser Tests.Control Flow Statements.For Loops.generic for multiple vars" storage="/users/bill/repos/flua/flua.parser.tests/bin/debug/net8.0/flua.parser.tests.dll" id="ce42fe75-2d5f-24a5-7c82-31959a01f53f">
      <Execution id="f5392866-0dbb-4019-bc92-045fdb6bdb79" />
      <TestMethod codeBase="/Users/bill/Repos/FLua/FLua.Parser.Tests/bin/Debug/net8.0/FLua.Parser.Tests.dll" adapterTypeName="executor://yolodev/expecto" className="Parser Tests.Statement Parser Tests.Control Flow Statements.For Loops" name="generic for multiple vars" />
    </UnitTest>
    <UnitTest name="Parser Tests.Expression Parser Tests.Literals.literals.lua case 2" storage="/users/bill/repos/flua/flua.parser.tests/bin/debug/net8.0/flua.parser.tests.dll" id="83655a65-6632-03cc-e5e9-95762f9d8428">
      <Execution id="49fb789c-7cb8-4188-a3ce-63a3701baff0" />
      <TestMethod codeBase="/Users/bill/Repos/FLua/FLua.Parser.Tests/bin/Debug/net8.0/FLua.Parser.Tests.dll" adapterTypeName="executor://yolodev/expecto" className="Parser Tests.Expression Parser Tests.Literals.literals" name="lua case 2" />
    </UnitTest>
    <UnitTest name="Long string parsing.No initial newline" storage="/users/bill/repos/flua/flua.parser.tests/bin/debug/net8.0/flua.parser.tests.dll" id="3cd06007-638e-cadc-f706-4c9a509133f7">
      <Execution id="9c584981-42b1-4529-9a31-0d53ca593474" />
      <TestMethod codeBase="/Users/bill/Repos/FLua/FLua.Parser.Tests/bin/Debug/net8.0/FLua.Parser.Tests.dll" adapterTypeName="executor://yolodev/expecto" className="Long string parsing" name="No initial newline" />
    </UnitTest>
    <UnitTest name="Parser Tests.Expression Parser Tests.Table Constructors.Simple Values.multiple values" storage="/users/bill/repos/flua/flua.parser.tests/bin/debug/net8.0/flua.parser.tests.dll" id="5dff5f0c-32ad-0c05-14a6-b79d6a364636">
      <Execution id="fa562d79-bc5e-4310-84b0-807a33165531" />
      <TestMethod codeBase="/Users/bill/Repos/FLua/FLua.Parser.Tests/bin/Debug/net8.0/FLua.Parser.Tests.dll" adapterTypeName="executor://yolodev/expecto" className="Parser Tests.Expression Parser Tests.Table Constructors.Simple Values" name="multiple values" />
    </UnitTest>
    <UnitTest name="Parser Tests.Expression Parser Tests.Method Calls.method call with long string with equals" storage="/users/bill/repos/flua/flua.parser.tests/bin/debug/net8.0/flua.parser.tests.dll" id="572906bd-cd69-d3d4-c0be-6d2b51eb223e">
      <Execution id="c39928ac-092f-4059-84af-cc455a3ab718" />
      <TestMethod codeBase="/Users/bill/Repos/FLua/FLua.Parser.Tests/bin/Debug/net8.0/FLua.Parser.Tests.dll" adapterTypeName="executor://yolodev/expecto" className="Parser Tests.Expression Parser Tests.Method Calls" name="method call with long string with equals" />
    </UnitTest>
    <UnitTest name="Parser Tests.Expression Parser Tests.Literals.decimal escape max value" storage="/users/bill/repos/flua/flua.parser.tests/bin/debug/net8.0/flua.parser.tests.dll" id="17166041-3a52-168f-5319-cb48ea781845">
      <Execution id="00bff155-c4d5-4a45-842c-ee23f756f032" />
      <TestMethod codeBase="/Users/bill/Repos/FLua/FLua.Parser.Tests/bin/Debug/net8.0/FLua.Parser.Tests.dll" adapterTypeName="executor://yolodev/expecto" className="Parser Tests.Expression Parser Tests.Literals" name="decimal escape max value" />
    </UnitTest>
    <UnitTest name="Parser Tests.Statement Parser Tests.Parser Fixes.Table Assignment at Statement Level (Fixed).multiple table assignment" storage="/users/bill/repos/flua/flua.parser.tests/bin/debug/net8.0/flua.parser.tests.dll" id="bc8aacaf-5f55-4f78-74de-8b2898429afa">
      <Execution id="3d25e532-b6e6-4134-8cf1-26f78125c2be" />
      <TestMethod codeBase="/Users/bill/Repos/FLua/FLua.Parser.Tests/bin/Debug/net8.0/FLua.Parser.Tests.dll" adapterTypeName="executor://yolodev/expecto" className="Parser Tests.Statement Parser Tests.Parser Fixes.Table Assignment at Statement Level (Fixed)" name="multiple table assignment" />
    </UnitTest>
    <UnitTest name="Parser Tests.Statement Parser Tests.Variable Attributes.Generic For Attributes.generic for with mixed attributes" storage="/users/bill/repos/flua/flua.parser.tests/bin/debug/net8.0/flua.parser.tests.dll" id="a14baa81-afe4-ffee-4549-d9c74ec6ed97">
      <Execution id="255338a4-8090-4439-87ca-89d9f3276a85" />
      <TestMethod codeBase="/Users/bill/Repos/FLua/FLua.Parser.Tests/bin/Debug/net8.0/FLua.Parser.Tests.dll" adapterTypeName="executor://yolodev/expecto" className="Parser Tests.Statement Parser Tests.Variable Attributes.Generic For Attributes" name="generic for with mixed attributes" />
    </UnitTest>
    <UnitTest name="Parser Tests.Expression Parser Tests.Identifiers.single character" storage="/users/bill/repos/flua/flua.parser.tests/bin/debug/net8.0/flua.parser.tests.dll" id="4ea9d3ff-8424-0fad-33d4-4da20e6be977">
      <Execution id="61cf3cfb-f980-4f79-804e-10d010cdf707" />
      <TestMethod codeBase="/Users/bill/Repos/FLua/FLua.Parser.Tests/bin/Debug/net8.0/FLua.Parser.Tests.dll" adapterTypeName="executor://yolodev/expecto" className="Parser Tests.Expression Parser Tests.Identifiers" name="single character" />
    </UnitTest>
    <UnitTest name="Parser Tests.Expression Parser Tests.Literals.decimal escape 65 (A)" storage="/users/bill/repos/flua/flua.parser.tests/bin/debug/net8.0/flua.parser.tests.dll" id="b746141d-802a-6057-c7e9-1c6bb64fc356">
      <Execution id="c9c98f96-e7a0-44f0-9cf0-3ad89409b02b" />
      <TestMethod codeBase="/Users/bill/Repos/FLua/FLua.Parser.Tests/bin/Debug/net8.0/FLua.Parser.Tests.dll" adapterTypeName="executor://yolodev/expecto" className="Parser Tests.Expression Parser Tests.Literals" name="decimal escape 65 (A)" />
    </UnitTest>
    <UnitTest name="Parser Tests.Expression Parser Tests.Parentheses.simple parentheses" storage="/users/bill/repos/flua/flua.parser.tests/bin/debug/net8.0/flua.parser.tests.dll" id="8ac86056-e85a-652a-d482-fa4bdb7792cb">
      <Execution id="154f0bbb-b7e5-408a-a15f-6b4d955920fc" />
      <TestMethod codeBase="/Users/bill/Repos/FLua/FLua.Parser.Tests/bin/Debug/net8.0/FLua.Parser.Tests.dll" adapterTypeName="executor://yolodev/expecto" className="Parser Tests.Expression Parser Tests.Parentheses" name="simple parentheses" />
    </UnitTest>
    <UnitTest name="Parser Tests.Expression Parser Tests.Table Constructors.Mixed Fields.values and named" storage="/users/bill/repos/flua/flua.parser.tests/bin/debug/net8.0/flua.parser.tests.dll" id="f362749b-c766-edfa-beed-a4a7ae724ae8">
      <Execution id="47921ff6-5fed-4550-8d99-86f903388c60" />
      <TestMethod codeBase="/Users/bill/Repos/FLua/FLua.Parser.Tests/bin/Debug/net8.0/FLua.Parser.Tests.dll" adapterTypeName="executor://yolodev/expecto" className="Parser Tests.Expression Parser Tests.Table Constructors.Mixed Fields" name="values and named" />
    </UnitTest>
    <UnitTest name="String escape sequences.Basic escapes" storage="/users/bill/repos/flua/flua.parser.tests/bin/debug/net8.0/flua.parser.tests.dll" id="af6ab75d-3a77-f5b8-a91e-e7b06ac4dc02">
      <Execution id="b9517a18-819d-441f-9558-7bce16ee6ad9" />
      <TestMethod codeBase="/Users/bill/Repos/FLua/FLua.Parser.Tests/bin/Debug/net8.0/FLua.Parser.Tests.dll" adapterTypeName="executor://yolodev/expecto" className="String escape sequences" name="Basic escapes" />
    </UnitTest>
    <UnitTest name="Parser Tests.Expression Parser Tests.Table Constructors.Complex Examples.table with complex keys" storage="/users/bill/repos/flua/flua.parser.tests/bin/debug/net8.0/flua.parser.tests.dll" id="7e85cdf8-1845-3a87-ed06-04c18958f263">
      <Execution id="f43bba2e-4f7f-405c-961a-643b5fb8fe09" />
      <TestMethod codeBase="/Users/bill/Repos/FLua/FLua.Parser.Tests/bin/Debug/net8.0/FLua.Parser.Tests.dll" adapterTypeName="executor://yolodev/expecto" className="Parser Tests.Expression Parser Tests.Table Constructors.Complex Examples" name="table with complex keys" />
    </UnitTest>
    <UnitTest name="Parser Tests.Statement Parser Tests.Parser Fixes.Table Assignment at Statement Level (Fixed).table method result assignment" storage="/users/bill/repos/flua/flua.parser.tests/bin/debug/net8.0/flua.parser.tests.dll" id="197d35fc-39a4-fea2-6905-93fada68d92e">
      <Execution id="fc2b94fa-f490-44b8-a2e5-e3ae5efd4364" />
      <TestMethod codeBase="/Users/bill/Repos/FLua/FLua.Parser.Tests/bin/Debug/net8.0/FLua.Parser.Tests.dll" adapterTypeName="executor://yolodev/expecto" className="Parser Tests.Statement Parser Tests.Parser Fixes.Table Assignment at Statement Level (Fixed)" name="table method result assignment" />
    </UnitTest>
    <UnitTest name="Parser Tests.Expression Parser Tests.Literals.escape tab" storage="/users/bill/repos/flua/flua.parser.tests/bin/debug/net8.0/flua.parser.tests.dll" id="45db1f03-5434-2f8a-352f-bbb37bed0c95">
      <Execution id="60be58c7-ac4c-4690-a346-aabbdbc10d1f" />
      <TestMethod codeBase="/Users/bill/Repos/FLua/FLua.Parser.Tests/bin/Debug/net8.0/FLua.Parser.Tests.dll" adapterTypeName="executor://yolodev/expecto" className="Parser Tests.Expression Parser Tests.Literals" name="escape tab" />
    </UnitTest>
    <UnitTest name="Parser Tests.Expression Parser Tests.Literals.decimal escape single digit" storage="/users/bill/repos/flua/flua.parser.tests/bin/debug/net8.0/flua.parser.tests.dll" id="23e43918-ba21-82a6-ae6e-1717b947fa41">
      <Execution id="ed2a1507-5b05-4171-8911-b77bdce11cd9" />
      <TestMethod codeBase="/Users/bill/Repos/FLua/FLua.Parser.Tests/bin/Debug/net8.0/FLua.Parser.Tests.dll" adapterTypeName="executor://yolodev/expecto" className="Parser Tests.Expression Parser Tests.Literals" name="decimal escape single digit" />
    </UnitTest>
    <UnitTest name="Parser Tests.Statement Parser Tests.Parser Fixes.Table Access in Binary Expressions (Fixed).table dot access addition" storage="/users/bill/repos/flua/flua.parser.tests/bin/debug/net8.0/flua.parser.tests.dll" id="79a32c9d-4915-abcb-12b1-98842e995302">
      <Execution id="7aabd5cf-2696-4a3f-8371-afda2598c643" />
      <TestMethod codeBase="/Users/bill/Repos/FLua/FLua.Parser.Tests/bin/Debug/net8.0/FLua.Parser.Tests.dll" adapterTypeName="executor://yolodev/expecto" className="Parser Tests.Statement Parser Tests.Parser Fixes.Table Access in Binary Expressions (Fixed)" name="table dot access addition" />
    </UnitTest>
    <UnitTest name="Parser Tests.Expression Parser Tests.Literals.escape single quote" storage="/users/bill/repos/flua/flua.parser.tests/bin/debug/net8.0/flua.parser.tests.dll" id="0b233c23-ae12-4c20-ed95-2f98eacd55ad">
      <Execution id="9ccef3dc-0324-45c7-b7d0-04d425416005" />
      <TestMethod codeBase="/Users/bill/Repos/FLua/FLua.Parser.Tests/bin/Debug/net8.0/FLua.Parser.Tests.dll" adapterTypeName="executor://yolodev/expecto" className="Parser Tests.Expression Parser Tests.Literals" name="escape single quote" />
    </UnitTest>
    <UnitTest name="Parser Tests.Statement Parser Tests.Parser Fixes.Assignment vs Function Call Disambiguation.simple function call" storage="/users/bill/repos/flua/flua.parser.tests/bin/debug/net8.0/flua.parser.tests.dll" id="afe2b68b-714d-f139-8dd0-06272512af6b">
      <Execution id="f99fa118-f5f5-40ad-a1fa-79850d861c74" />
      <TestMethod codeBase="/Users/bill/Repos/FLua/FLua.Parser.Tests/bin/Debug/net8.0/FLua.Parser.Tests.dll" adapterTypeName="executor://yolodev/expecto" className="Parser Tests.Statement Parser Tests.Parser Fixes.Assignment vs Function Call Disambiguation" name="simple function call" />
    </UnitTest>
    <UnitTest name="Parser Tests.Expression Parser Tests.Additive Operators.add" storage="/users/bill/repos/flua/flua.parser.tests/bin/debug/net8.0/flua.parser.tests.dll" id="f821754b-36b1-623e-2d29-fe80c1cce32e">
      <Execution id="91706b41-dcd3-4d29-8209-ebeafaddef68" />
      <TestMethod codeBase="/Users/bill/Repos/FLua/FLua.Parser.Tests/bin/Debug/net8.0/FLua.Parser.Tests.dll" adapterTypeName="executor://yolodev/expecto" className="Parser Tests.Expression Parser Tests.Additive Operators" name="add" />
    </UnitTest>
    <UnitTest name="Parser Tests.Expression Parser Tests.Table Constructors.Named Fields.named field with expression" storage="/users/bill/repos/flua/flua.parser.tests/bin/debug/net8.0/flua.parser.tests.dll" id="657128c5-a00a-417a-0398-225465022baf">
      <Execution id="ae45b4c0-1856-4df1-8003-b8654c7220f6" />
      <TestMethod codeBase="/Users/bill/Repos/FLua/FLua.Parser.Tests/bin/Debug/net8.0/FLua.Parser.Tests.dll" adapterTypeName="executor://yolodev/expecto" className="Parser Tests.Expression Parser Tests.Table Constructors.Named Fields" name="named field with expression" />
    </UnitTest>
    <UnitTest name="Parser Tests.Expression Parser Tests.Literals.nil" storage="/users/bill/repos/flua/flua.parser.tests/bin/debug/net8.0/flua.parser.tests.dll" id="4ae4fa9c-3625-f28b-db54-5c87485005f7">
      <Execution id="1a8d164f-05e8-4de4-9e73-ef732f895473" />
      <TestMethod codeBase="/Users/bill/Repos/FLua/FLua.Parser.Tests/bin/Debug/net8.0/FLua.Parser.Tests.dll" adapterTypeName="executor://yolodev/expecto" className="Parser Tests.Expression Parser Tests.Literals" name="nil" />
    </UnitTest>
    <UnitTest name="Parser Tests.Statement Parser Tests.Basic Statements.multiple local with function call" storage="/users/bill/repos/flua/flua.parser.tests/bin/debug/net8.0/flua.parser.tests.dll" id="e9dbbd1d-bdb4-59d4-eeba-825afa778cbf">
      <Execution id="02552e96-03ca-42a0-a3db-d1f8e0c09835" />
      <TestMethod codeBase="/Users/bill/Repos/FLua/FLua.Parser.Tests/bin/Debug/net8.0/FLua.Parser.Tests.dll" adapterTypeName="executor://yolodev/expecto" className="Parser Tests.Statement Parser Tests.Basic Statements" name="multiple local with function call" />
    </UnitTest>
    <UnitTest name="Parser Tests.Statement Parser Tests.Parser Fixes.Assignment vs Function Call Disambiguation.method call statement" storage="/users/bill/repos/flua/flua.parser.tests/bin/debug/net8.0/flua.parser.tests.dll" id="9dd28135-464f-23ca-c59d-4fbeadbbd66f">
      <Execution id="cef41e76-ad19-4096-a76d-51fad5270f92" />
      <TestMethod codeBase="/Users/bill/Repos/FLua/FLua.Parser.Tests/bin/Debug/net8.0/FLua.Parser.Tests.dll" adapterTypeName="executor://yolodev/expecto" className="Parser Tests.Statement Parser Tests.Parser Fixes.Assignment vs Function Call Disambiguation" name="method call statement" />
    </UnitTest>
    <UnitTest name="Parser Tests.Expression Parser Tests.Bitwise Operators.bitwise xor" storage="/users/bill/repos/flua/flua.parser.tests/bin/debug/net8.0/flua.parser.tests.dll" id="c72117c3-ab57-465e-9a92-830e8834255d">
      <Execution id="f12aaefb-30be-4f83-96ea-457de36681f8" />
      <TestMethod codeBase="/Users/bill/Repos/FLua/FLua.Parser.Tests/bin/Debug/net8.0/FLua.Parser.Tests.dll" adapterTypeName="executor://yolodev/expecto" className="Parser Tests.Expression Parser Tests.Bitwise Operators" name="bitwise xor" />
    </UnitTest>
    <UnitTest name="Parser Tests.Expression Parser Tests.Table Constructors.Complex Examples.mixed complex expressions" storage="/users/bill/repos/flua/flua.parser.tests/bin/debug/net8.0/flua.parser.tests.dll" id="1a716a10-d641-d602-72f7-3f93f8cd0402">
      <Execution id="16002657-01bc-4852-850b-4433759ad383" />
      <TestMethod codeBase="/Users/bill/Repos/FLua/FLua.Parser.Tests/bin/Debug/net8.0/FLua.Parser.Tests.dll" adapterTypeName="executor://yolodev/expecto" className="Parser Tests.Expression Parser Tests.Table Constructors.Complex Examples" name="mixed complex expressions" />
    </UnitTest>
    <UnitTest name="Parser Tests.Expression Parser Tests.Literals.hex float" storage="/users/bill/repos/flua/flua.parser.tests/bin/debug/net8.0/flua.parser.tests.dll" id="832d5440-de3d-6f1a-08b7-c647cf8b2957">
      <Execution id="b85c1efb-a5a3-4a5a-b330-f88302a5c4d7" />
      <TestMethod codeBase="/Users/bill/Repos/FLua/FLua.Parser.Tests/bin/Debug/net8.0/FLua.Parser.Tests.dll" adapterTypeName="executor://yolodev/expecto" className="Parser Tests.Expression Parser Tests.Literals" name="hex float" />
    </UnitTest>
    <UnitTest name="Parser Tests.Expression Parser Tests.Bitwise Operators.bitwise and" storage="/users/bill/repos/flua/flua.parser.tests/bin/debug/net8.0/flua.parser.tests.dll" id="908ca77d-10e0-7e63-e6d9-3ca0b72d983b">
      <Execution id="a6ee83ea-1dbb-40ba-8342-12c89b9f9931" />
      <TestMethod codeBase="/Users/bill/Repos/FLua/FLua.Parser.Tests/bin/Debug/net8.0/FLua.Parser.Tests.dll" adapterTypeName="executor://yolodev/expecto" className="Parser Tests.Expression Parser Tests.Bitwise Operators" name="bitwise and" />
    </UnitTest>
    <UnitTest name="Parser Tests.Statement Parser Tests.Parser Fixes.Table Assignment at Statement Level (Fixed).table dot assignment" storage="/users/bill/repos/flua/flua.parser.tests/bin/debug/net8.0/flua.parser.tests.dll" id="7ab74693-7ec4-60ea-51c2-12f33101f335">
      <Execution id="90783c6d-7e5d-4d18-a386-07cbae86c4de" />
      <TestMethod codeBase="/Users/bill/Repos/FLua/FLua.Parser.Tests/bin/Debug/net8.0/FLua.Parser.Tests.dll" adapterTypeName="executor://yolodev/expecto" className="Parser Tests.Statement Parser Tests.Parser Fixes.Table Assignment at Statement Level (Fixed)" name="table dot assignment" />
    </UnitTest>
    <UnitTest name="Parser Tests.Expression Parser Tests.Comparison Operators.less equal" storage="/users/bill/repos/flua/flua.parser.tests/bin/debug/net8.0/flua.parser.tests.dll" id="44d94748-57c3-dbaf-aee8-a341a854133e">
      <Execution id="08a5a18e-023b-460d-b858-cfae22ce0fa3" />
      <TestMethod codeBase="/Users/bill/Repos/FLua/FLua.Parser.Tests/bin/Debug/net8.0/FLua.Parser.Tests.dll" adapterTypeName="executor://yolodev/expecto" className="Parser Tests.Expression Parser Tests.Comparison Operators" name="less equal" />
    </UnitTest>
    <UnitTest name="Parser Tests.Statement Parser Tests.Basic Statements.return multiple" storage="/users/bill/repos/flua/flua.parser.tests/bin/debug/net8.0/flua.parser.tests.dll" id="5033ea7f-6424-ac9d-62c6-f7211e73cb60">
      <Execution id="d1178303-4c63-4ca8-85a4-137dec266aa6" />
      <TestMethod codeBase="/Users/bill/Repos/FLua/FLua.Parser.Tests/bin/Debug/net8.0/FLua.Parser.Tests.dll" adapterTypeName="executor://yolodev/expecto" className="Parser Tests.Statement Parser Tests.Basic Statements" name="return multiple" />
    </UnitTest>
    <UnitTest name="Parser Tests.Statement Parser Tests.Control Flow Statements.Function Definitions.function with parameters" storage="/users/bill/repos/flua/flua.parser.tests/bin/debug/net8.0/flua.parser.tests.dll" id="c8317e5f-ac87-ad9f-f963-f49170b308f5">
      <Execution id="e2d6eaa5-a354-4ac6-bd49-bacc29568d5e" />
      <TestMethod codeBase="/Users/bill/Repos/FLua/FLua.Parser.Tests/bin/Debug/net8.0/FLua.Parser.Tests.dll" adapterTypeName="executor://yolodev/expecto" className="Parser Tests.Statement Parser Tests.Control Flow Statements.Function Definitions" name="function with parameters" />
    </UnitTest>
    <UnitTest name="Parser Tests.Expression Parser Tests.Complex Expressions.bitwise and arithmetic" storage="/users/bill/repos/flua/flua.parser.tests/bin/debug/net8.0/flua.parser.tests.dll" id="a48197e7-34b6-2816-16e7-425e0038f95b">
      <Execution id="da08eda3-8419-461b-90cd-7a91940b22fa" />
      <TestMethod codeBase="/Users/bill/Repos/FLua/FLua.Parser.Tests/bin/Debug/net8.0/FLua.Parser.Tests.dll" adapterTypeName="executor://yolodev/expecto" className="Parser Tests.Expression Parser Tests.Complex Expressions" name="bitwise and arithmetic" />
    </UnitTest>
    <UnitTest name="Parser Tests.Statement Parser Tests.Control Flow Statements.repeat until loop" storage="/users/bill/repos/flua/flua.parser.tests/bin/debug/net8.0/flua.parser.tests.dll" id="25722854-c2f4-5f12-2a6e-611e5536b3f9">
      <Execution id="09a31cdb-72f8-446e-b9fc-bceb56c4f717" />
      <TestMethod codeBase="/Users/bill/Repos/FLua/FLua.Parser.Tests/bin/Debug/net8.0/FLua.Parser.Tests.dll" adapterTypeName="executor://yolodev/expecto" className="Parser Tests.Statement Parser Tests.Control Flow Statements" name="repeat until loop" />
    </UnitTest>
    <UnitTest name="Parser Tests.Expression Parser Tests.Bitwise Operators.precedence" storage="/users/bill/repos/flua/flua.parser.tests/bin/debug/net8.0/flua.parser.tests.dll" id="9aff055a-1ad6-d302-1b8e-67c3f447edb9">
      <Execution id="eccf4350-aca8-43ca-adf6-4fc81ecea875" />
      <TestMethod codeBase="/Users/bill/Repos/FLua/FLua.Parser.Tests/bin/Debug/net8.0/FLua.Parser.Tests.dll" adapterTypeName="executor://yolodev/expecto" className="Parser Tests.Expression Parser Tests.Bitwise Operators" name="precedence" />
    </UnitTest>
    <UnitTest name="Parser Tests.Expression Parser Tests.Table Access.bracket access expression" storage="/users/bill/repos/flua/flua.parser.tests/bin/debug/net8.0/flua.parser.tests.dll" id="37aa9393-f589-b635-2eec-42cc9cc48359">
      <Execution id="7b92a53e-1baf-4e52-85f4-95174faa4c03" />
      <TestMethod codeBase="/Users/bill/Repos/FLua/FLua.Parser.Tests/bin/Debug/net8.0/FLua.Parser.Tests.dll" adapterTypeName="executor://yolodev/expecto" className="Parser Tests.Expression Parser Tests.Table Access" name="bracket access expression" />
    </UnitTest>
    <UnitTest name="Parser Tests.Expression Parser Tests.Literals.complex string" storage="/users/bill/repos/flua/flua.parser.tests/bin/debug/net8.0/flua.parser.tests.dll" id="fe7b4783-5658-87e1-ca2c-6b15dc662819">
      <Execution id="80268acd-8800-4da9-85cc-884d6ff03912" />
      <TestMethod codeBase="/Users/bill/Repos/FLua/FLua.Parser.Tests/bin/Debug/net8.0/FLua.Parser.Tests.dll" adapterTypeName="executor://yolodev/expecto" className="Parser Tests.Expression Parser Tests.Literals" name="complex string" />
    </UnitTest>
    <UnitTest name="Parser Tests.Expression Parser Tests.Logical Operators.precedence" storage="/users/bill/repos/flua/flua.parser.tests/bin/debug/net8.0/flua.parser.tests.dll" id="d1fdf263-c1e9-9de3-2358-6aa706b01c30">
      <Execution id="d8ef4bbe-24c7-43fb-916b-6d48a42756fe" />
      <TestMethod codeBase="/Users/bill/Repos/FLua/FLua.Parser.Tests/bin/Debug/net8.0/FLua.Parser.Tests.dll" adapterTypeName="executor://yolodev/expecto" className="Parser Tests.Expression Parser Tests.Logical Operators" name="precedence" />
    </UnitTest>
    <UnitTest name="Parser Tests.Expression Parser Tests.Table Constructors.Simple Values.mixed types" storage="/users/bill/repos/flua/flua.parser.tests/bin/debug/net8.0/flua.parser.tests.dll" id="a7d43b45-68fb-6563-aff9-012574dcbd84">
      <Execution id="f0391fe6-5c17-49e0-bd2c-26d3e316b53e" />
      <TestMethod codeBase="/Users/bill/Repos/FLua/FLua.Parser.Tests/bin/Debug/net8.0/FLua.Parser.Tests.dll" adapterTypeName="executor://yolodev/expecto" className="Parser Tests.Expression Parser Tests.Table Constructors.Simple Values" name="mixed types" />
    </UnitTest>
    <UnitTest name="Parser Tests.Expression Parser Tests.Literals.hex escape null" storage="/users/bill/repos/flua/flua.parser.tests/bin/debug/net8.0/flua.parser.tests.dll" id="8ceac842-0694-da26-8741-33c171517815">
      <Execution id="bc822a8f-83c8-4579-a3ba-3b6063261492" />
      <TestMethod codeBase="/Users/bill/Repos/FLua/FLua.Parser.Tests/bin/Debug/net8.0/FLua.Parser.Tests.dll" adapterTypeName="executor://yolodev/expecto" className="Parser Tests.Expression Parser Tests.Literals" name="hex escape null" />
    </UnitTest>
    <UnitTest name="Parser Tests.Expression Parser Tests.Unary Operators.multiple unary" storage="/users/bill/repos/flua/flua.parser.tests/bin/debug/net8.0/flua.parser.tests.dll" id="c9eb1b17-3b99-5890-d0cf-5a0275a0e128">
      <Execution id="a9dbe5d9-03ef-4a70-9a21-1b7f40b146f1" />
      <TestMethod codeBase="/Users/bill/Repos/FLua/FLua.Parser.Tests/bin/Debug/net8.0/FLua.Parser.Tests.dll" adapterTypeName="executor://yolodev/expecto" className="Parser Tests.Expression Parser Tests.Unary Operators" name="multiple unary" />
    </UnitTest>
    <UnitTest name="Parser Tests.Statement Parser Tests.Basic Statements.assignment with table access" storage="/users/bill/repos/flua/flua.parser.tests/bin/debug/net8.0/flua.parser.tests.dll" id="b91df055-d81f-13a2-3b2a-adce7e1ce561">
      <Execution id="60c638d7-c797-48b8-abc4-7a572bd367ae" />
      <TestMethod codeBase="/Users/bill/Repos/FLua/FLua.Parser.Tests/bin/Debug/net8.0/FLua.Parser.Tests.dll" adapterTypeName="executor://yolodev/expecto" className="Parser Tests.Statement Parser Tests.Basic Statements" name="assignment with table access" />
    </UnitTest>
    <UnitTest name="Parser Tests.Expression Parser Tests.Function Expressions.empty function" storage="/users/bill/repos/flua/flua.parser.tests/bin/debug/net8.0/flua.parser.tests.dll" id="ee6bd5ed-b0fa-e4dd-f322-54c174b3d129">
      <Execution id="6f098743-231a-4b73-9b9b-1424699aeaae" />
      <TestMethod codeBase="/Users/bill/Repos/FLua/FLua.Parser.Tests/bin/Debug/net8.0/FLua.Parser.Tests.dll" adapterTypeName="executor://yolodev/expecto" className="Parser Tests.Expression Parser Tests.Function Expressions" name="empty function" />
    </UnitTest>
    <UnitTest name="Parser Tests.Statement Parser Tests.Control Flow Statements.For Loops.numeric for with function call" storage="/users/bill/repos/flua/flua.parser.tests/bin/debug/net8.0/flua.parser.tests.dll" id="0d60d1ec-e2ff-2472-8bf2-2c217ffcebab">
      <Execution id="448e69f7-b029-499f-8720-3984185aceed" />
      <TestMethod codeBase="/Users/bill/Repos/FLua/FLua.Parser.Tests/bin/Debug/net8.0/FLua.Parser.Tests.dll" adapterTypeName="executor://yolodev/expecto" className="Parser Tests.Statement Parser Tests.Control Flow Statements.For Loops" name="numeric for with function call" />
    </UnitTest>
    <UnitTest name="Parser Tests.Expression Parser Tests.Comparison Operators.not equal" storage="/users/bill/repos/flua/flua.parser.tests/bin/debug/net8.0/flua.parser.tests.dll" id="ab03aeee-2a55-ff2d-2d4f-6583c6d3f265">
      <Execution id="d8ab12b9-5e2f-4858-a1b2-424f6407bb7e" />
      <TestMethod codeBase="/Users/bill/Repos/FLua/FLua.Parser.Tests/bin/Debug/net8.0/FLua.Parser.Tests.dll" adapterTypeName="executor://yolodev/expecto" className="Parser Tests.Expression Parser Tests.Comparison Operators" name="not equal" />
    </UnitTest>
    <UnitTest name="Scientific notation parsing.Positive exponent" storage="/users/bill/repos/flua/flua.parser.tests/bin/debug/net8.0/flua.parser.tests.dll" id="9c786e3a-f036-49d6-6407-0d5acd7c1f61">
      <Execution id="52455346-cf6e-4eca-b39f-122512992a9b" />
      <TestMethod codeBase="/Users/bill/Repos/FLua/FLua.Parser.Tests/bin/Debug/net8.0/FLua.Parser.Tests.dll" adapterTypeName="executor://yolodev/expecto" className="Scientific notation parsing" name="Positive exponent" />
    </UnitTest>
    <UnitTest name="Parser Tests.Expression Parser Tests.Literals.decimal escape three digits" storage="/users/bill/repos/flua/flua.parser.tests/bin/debug/net8.0/flua.parser.tests.dll" id="1c229850-235f-5d22-0ad9-1b5eab113d0f">
      <Execution id="51a32884-2eba-4d61-9456-0f16fbd37d16" />
      <TestMethod codeBase="/Users/bill/Repos/FLua/FLua.Parser.Tests/bin/Debug/net8.0/FLua.Parser.Tests.dll" adapterTypeName="executor://yolodev/expecto" className="Parser Tests.Expression Parser Tests.Literals" name="decimal escape three digits" />
    </UnitTest>
    <UnitTest name="Parser Tests.Statement Parser Tests.Parser Fixes.Table Assignment at Statement Level (Fixed).table string key assignment" storage="/users/bill/repos/flua/flua.parser.tests/bin/debug/net8.0/flua.parser.tests.dll" id="48b68161-6a77-c4ee-cbc6-b600ca4b2b7f">
      <Execution id="5cb8bab3-b1d0-42d9-8810-e9d98a44ee76" />
      <TestMethod codeBase="/Users/bill/Repos/FLua/FLua.Parser.Tests/bin/Debug/net8.0/FLua.Parser.Tests.dll" adapterTypeName="executor://yolodev/expecto" className="Parser Tests.Statement Parser Tests.Parser Fixes.Table Assignment at Statement Level (Fixed)" name="table string key assignment" />
    </UnitTest>
    <UnitTest name="Variable attributes (Lua 5.4).Const attribute" storage="/users/bill/repos/flua/flua.parser.tests/bin/debug/net8.0/flua.parser.tests.dll" id="db7077dd-4ef5-8d20-6540-9087a3bc4696">
      <Execution id="51dcec37-de28-4110-9cc6-c1bf2f60f1e6" />
      <TestMethod codeBase="/Users/bill/Repos/FLua/FLua.Parser.Tests/bin/Debug/net8.0/FLua.Parser.Tests.dll" adapterTypeName="executor://yolodev/expecto" className="Variable attributes (Lua 5.4)" name="Const attribute" />
    </UnitTest>
    <UnitTest name="Parser Tests.Expression Parser Tests.Literals.multiple escapes" storage="/users/bill/repos/flua/flua.parser.tests/bin/debug/net8.0/flua.parser.tests.dll" id="db53c524-8356-fa82-3d0f-6ff9dca12bff">
      <Execution id="77222d75-b01d-464c-8555-914a2071a85e" />
      <TestMethod codeBase="/Users/bill/Repos/FLua/FLua.Parser.Tests/bin/Debug/net8.0/FLua.Parser.Tests.dll" adapterTypeName="executor://yolodev/expecto" className="Parser Tests.Expression Parser Tests.Literals" name="multiple escapes" />
    </UnitTest>
    <UnitTest name="Parser Tests.Expression Parser Tests.Literals.float" storage="/users/bill/repos/flua/flua.parser.tests/bin/debug/net8.0/flua.parser.tests.dll" id="b54fbc8b-aa09-8101-26eb-6b944ceeffe0">
      <Execution id="7802f082-8c66-4d4f-8e9c-843fdeb25b6a" />
      <TestMethod codeBase="/Users/bill/Repos/FLua/FLua.Parser.Tests/bin/Debug/net8.0/FLua.Parser.Tests.dll" adapterTypeName="executor://yolodev/expecto" className="Parser Tests.Expression Parser Tests.Literals" name="float" />
    </UnitTest>
    <UnitTest name="Parser Tests.Statement Parser Tests.Parser Fixes.Assignment vs Function Call Disambiguation.assignment with newline" storage="/users/bill/repos/flua/flua.parser.tests/bin/debug/net8.0/flua.parser.tests.dll" id="16e83989-f14b-2617-4a53-58c2828f533b">
      <Execution id="b341726e-97f5-4849-bfcd-72420004f2e0" />
      <TestMethod codeBase="/Users/bill/Repos/FLua/FLua.Parser.Tests/bin/Debug/net8.0/FLua.Parser.Tests.dll" adapterTypeName="executor://yolodev/expecto" className="Parser Tests.Statement Parser Tests.Parser Fixes.Assignment vs Function Call Disambiguation" name="assignment with newline" />
    </UnitTest>
    <UnitTest name="Scientific notation parsing.Explicit positive exponent" storage="/users/bill/repos/flua/flua.parser.tests/bin/debug/net8.0/flua.parser.tests.dll" id="d3ebb7cf-f9ec-9b3e-35a1-23e19c538cfa">
      <Execution id="3bffc46d-f8ac-4324-b26b-99eaea73f243" />
      <TestMethod codeBase="/Users/bill/Repos/FLua/FLua.Parser.Tests/bin/Debug/net8.0/FLua.Parser.Tests.dll" adapterTypeName="executor://yolodev/expecto" className="Scientific notation parsing" name="Explicit positive exponent" />
    </UnitTest>
    <UnitTest name="String escape sequences.Decimal escape" storage="/users/bill/repos/flua/flua.parser.tests/bin/debug/net8.0/flua.parser.tests.dll" id="1e217421-7ab3-102f-da0e-17a8335329d4">
      <Execution id="a102b102-1052-476e-88e4-714fa2a0baa9" />
      <TestMethod codeBase="/Users/bill/Repos/FLua/FLua.Parser.Tests/bin/Debug/net8.0/FLua.Parser.Tests.dll" adapterTypeName="executor://yolodev/expecto" className="String escape sequences" name="Decimal escape" />
    </UnitTest>
    <UnitTest name="Parser Tests.Expression Parser Tests.Shift Operators.left associative" storage="/users/bill/repos/flua/flua.parser.tests/bin/debug/net8.0/flua.parser.tests.dll" id="6ae09f4d-7fb0-f7a6-a0bc-f2e9d59235e4">
      <Execution id="d1c11a34-a554-4ee5-b99b-6fc30afa77cd" />
      <TestMethod codeBase="/Users/bill/Repos/FLua/FLua.Parser.Tests/bin/Debug/net8.0/FLua.Parser.Tests.dll" adapterTypeName="executor://yolodev/expecto" className="Parser Tests.Expression Parser Tests.Shift Operators" name="left associative" />
    </UnitTest>
    <UnitTest name="Parser Tests.Statement Parser Tests.Parser Fixes.Table Assignment at Statement Level (Fixed).table assignment from function call" storage="/users/bill/repos/flua/flua.parser.tests/bin/debug/net8.0/flua.parser.tests.dll" id="7a121384-ad33-5a50-aa20-0dd3188d181a">
      <Execution id="6c367499-5c9b-47df-b5a7-204e01f00f32" />
      <TestMethod codeBase="/Users/bill/Repos/FLua/FLua.Parser.Tests/bin/Debug/net8.0/FLua.Parser.Tests.dll" adapterTypeName="executor://yolodev/expecto" className="Parser Tests.Statement Parser Tests.Parser Fixes.Table Assignment at Statement Level (Fixed)" name="table assignment from function call" />
    </UnitTest>
    <UnitTest name="Parser Tests.Statement Parser Tests.Basic Statements.multiple assignment" storage="/users/bill/repos/flua/flua.parser.tests/bin/debug/net8.0/flua.parser.tests.dll" id="28956f83-5909-2465-c921-e81fa45af59d">
      <Execution id="fbb78208-27fb-495b-9c3b-7a633958bb2c" />
      <TestMethod codeBase="/Users/bill/Repos/FLua/FLua.Parser.Tests/bin/Debug/net8.0/FLua.Parser.Tests.dll" adapterTypeName="executor://yolodev/expecto" className="Parser Tests.Statement Parser Tests.Basic Statements" name="multiple assignment" />
    </UnitTest>
    <UnitTest name="Hex literal parsing.Standard hex values" storage="/users/bill/repos/flua/flua.parser.tests/bin/debug/net8.0/flua.parser.tests.dll" id="e5c063e2-57d2-6d48-c35f-7e8e3d6332c0">
      <Execution id="d96ad7db-4778-4324-9596-18e4679e8272" />
      <TestMethod codeBase="/Users/bill/Repos/FLua/FLua.Parser.Tests/bin/Debug/net8.0/FLua.Parser.Tests.dll" adapterTypeName="executor://yolodev/expecto" className="Hex literal parsing" name="Standard hex values" />
    </UnitTest>
    <UnitTest name="Parser Tests.Expression Parser Tests.Table Constructors.Key Fields.single key field" storage="/users/bill/repos/flua/flua.parser.tests/bin/debug/net8.0/flua.parser.tests.dll" id="73624354-1cd8-cfa9-9307-0f5e85db415f">
      <Execution id="c5b34ab4-f8c0-4898-a862-09d61bee97b3" />
      <TestMethod codeBase="/Users/bill/Repos/FLua/FLua.Parser.Tests/bin/Debug/net8.0/FLua.Parser.Tests.dll" adapterTypeName="executor://yolodev/expecto" className="Parser Tests.Expression Parser Tests.Table Constructors.Key Fields" name="single key field" />
    </UnitTest>
    <UnitTest name="Parser Tests.Expression Parser Tests.Unary Operators.bitwise not" storage="/users/bill/repos/flua/flua.parser.tests/bin/debug/net8.0/flua.parser.tests.dll" id="a81fb642-5efa-96c7-9da8-620d14375041">
      <Execution id="353de091-c8a0-47e5-9fb4-563bc8e19057" />
      <TestMethod codeBase="/Users/bill/Repos/FLua/FLua.Parser.Tests/bin/Debug/net8.0/FLua.Parser.Tests.dll" adapterTypeName="executor://yolodev/expecto" className="Parser Tests.Expression Parser Tests.Unary Operators" name="bitwise not" />
    </UnitTest>
    <UnitTest name="Parser Tests.Expression Parser Tests.Literals.null in middle" storage="/users/bill/repos/flua/flua.parser.tests/bin/debug/net8.0/flua.parser.tests.dll" id="bdad5a6a-6be3-3f5f-d1ce-c9d3ae870232">
      <Execution id="589ba9b2-0114-4869-bc48-10e081896905" />
      <TestMethod codeBase="/Users/bill/Repos/FLua/FLua.Parser.Tests/bin/Debug/net8.0/FLua.Parser.Tests.dll" adapterTypeName="executor://yolodev/expecto" className="Parser Tests.Expression Parser Tests.Literals" name="null in middle" />
    </UnitTest>
    <UnitTest name="Parser Tests.Expression Parser Tests.Method Calls.chained method with long string" storage="/users/bill/repos/flua/flua.parser.tests/bin/debug/net8.0/flua.parser.tests.dll" id="2954afc1-d821-d9ae-f321-0aef5158aafe">
      <Execution id="e3acee57-9d3b-40f3-bc2d-71d0a0c87406" />
      <TestMethod codeBase="/Users/bill/Repos/FLua/FLua.Parser.Tests/bin/Debug/net8.0/FLua.Parser.Tests.dll" adapterTypeName="executor://yolodev/expecto" className="Parser Tests.Expression Parser Tests.Method Calls" name="chained method with long string" />
    </UnitTest>
    <UnitTest name="Parser Tests.Expression Parser Tests.Literals.hex float with exponent" storage="/users/bill/repos/flua/flua.parser.tests/bin/debug/net8.0/flua.parser.tests.dll" id="c2b658e0-4b22-738c-bebe-cd41ac9fe9da">
      <Execution id="1b3c1002-b500-4139-9a77-95405a09d42e" />
      <TestMethod codeBase="/Users/bill/Repos/FLua/FLua.Parser.Tests/bin/Debug/net8.0/FLua.Parser.Tests.dll" adapterTypeName="executor://yolodev/expecto" className="Parser Tests.Expression Parser Tests.Literals" name="hex float with exponent" />
    </UnitTest>
    <UnitTest name="Operator precedence.Power is right associative" storage="/users/bill/repos/flua/flua.parser.tests/bin/debug/net8.0/flua.parser.tests.dll" id="2c397f14-cc89-a8af-7de5-b6c9486ecf65">
      <Execution id="14d90c84-985c-46ec-ab47-d32673857c68" />
      <TestMethod codeBase="/Users/bill/Repos/FLua/FLua.Parser.Tests/bin/Debug/net8.0/FLua.Parser.Tests.dll" adapterTypeName="executor://yolodev/expecto" className="Operator precedence" name="Power is right associative" />
    </UnitTest>
    <UnitTest name="Parser Tests.Expression Parser Tests.Method Calls.method on table access" storage="/users/bill/repos/flua/flua.parser.tests/bin/debug/net8.0/flua.parser.tests.dll" id="3ec526ca-e695-30ed-ab17-22afd64268e8">
      <Execution id="309eabf8-bb92-45bd-abe0-2af91e585955" />
      <TestMethod codeBase="/Users/bill/Repos/FLua/FLua.Parser.Tests/bin/Debug/net8.0/FLua.Parser.Tests.dll" adapterTypeName="executor://yolodev/expecto" className="Parser Tests.Expression Parser Tests.Method Calls" name="method on table access" />
    </UnitTest>
    <UnitTest name="Parser Tests.Expression Parser Tests.String Concatenation.simple concat" storage="/users/bill/repos/flua/flua.parser.tests/bin/debug/net8.0/flua.parser.tests.dll" id="e99f9d4b-5305-939e-bdec-d1eb40673157">
      <Execution id="6f58d2a8-73f5-4c3f-833c-872c9f204947" />
      <TestMethod codeBase="/Users/bill/Repos/FLua/FLua.Parser.Tests/bin/Debug/net8.0/FLua.Parser.Tests.dll" adapterTypeName="executor://yolodev/expecto" className="Parser Tests.Expression Parser Tests.String Concatenation" name="simple concat" />
    </UnitTest>
    <UnitTest name="Parser Tests.Expression Parser Tests.Table Access.chained dot access" storage="/users/bill/repos/flua/flua.parser.tests/bin/debug/net8.0/flua.parser.tests.dll" id="e4910e24-1d21-cc0f-b00b-383030d4728e">
      <Execution id="a666f6e7-c1c2-42b0-8902-d41fe0f00c5f" />
      <TestMethod codeBase="/Users/bill/Repos/FLua/FLua.Parser.Tests/bin/Debug/net8.0/FLua.Parser.Tests.dll" adapterTypeName="executor://yolodev/expecto" className="Parser Tests.Expression Parser Tests.Table Access" name="chained dot access" />
    </UnitTest>
    <UnitTest name="Parser Tests.Expression Parser Tests.Table Constructors.Complex Examples.table with table access" storage="/users/bill/repos/flua/flua.parser.tests/bin/debug/net8.0/flua.parser.tests.dll" id="ab278c63-bff2-f9db-860f-8f2ccbfd3000">
      <Execution id="67b1f59c-1612-4600-9450-4c5136d210c7" />
      <TestMethod codeBase="/Users/bill/Repos/FLua/FLua.Parser.Tests/bin/Debug/net8.0/FLua.Parser.Tests.dll" adapterTypeName="executor://yolodev/expecto" className="Parser Tests.Expression Parser Tests.Table Constructors.Complex Examples" name="table with table access" />
    </UnitTest>
    <UnitTest name="Parser Tests.Statement Parser Tests.Variable Attributes.Function Parameter Attributes.function with close parameter" storage="/users/bill/repos/flua/flua.parser.tests/bin/debug/net8.0/flua.parser.tests.dll" id="e514b4b5-ff0e-0503-c03f-cd130b642260">
      <Execution id="9d8a8f9a-05ec-42d7-b4de-5d6419e2d0d6" />
      <TestMethod codeBase="/Users/bill/Repos/FLua/FLua.Parser.Tests/bin/Debug/net8.0/FLua.Parser.Tests.dll" adapterTypeName="executor://yolodev/expecto" className="Parser Tests.Statement Parser Tests.Variable Attributes.Function Parameter Attributes" name="function with close parameter" />
    </UnitTest>
    <UnitTest name="Parser Tests.Statement Parser Tests.Parser Fixes.Assignment vs Function Call Disambiguation.assignment with spaces" storage="/users/bill/repos/flua/flua.parser.tests/bin/debug/net8.0/flua.parser.tests.dll" id="697f4dc9-7b2c-f900-0b6d-c768a091bc66">
      <Execution id="622c38cf-55a0-471b-97b3-84db0cee451c" />
      <TestMethod codeBase="/Users/bill/Repos/FLua/FLua.Parser.Tests/bin/Debug/net8.0/FLua.Parser.Tests.dll" adapterTypeName="executor://yolodev/expecto" className="Parser Tests.Statement Parser Tests.Parser Fixes.Assignment vs Function Call Disambiguation" name="assignment with spaces" />
    </UnitTest>
    <UnitTest name="Parser Tests.Statement Parser Tests.Integration Tests - Multiple Features.return with method calls and table constructor" storage="/users/bill/repos/flua/flua.parser.tests/bin/debug/net8.0/flua.parser.tests.dll" id="e1168bf7-fb11-75ad-9550-9989387a8ebe">
      <Execution id="aecff78d-3cc1-45db-9bb3-c4304c4e5c66" />
      <TestMethod codeBase="/Users/bill/Repos/FLua/FLua.Parser.Tests/bin/Debug/net8.0/FLua.Parser.Tests.dll" adapterTypeName="executor://yolodev/expecto" className="Parser Tests.Statement Parser Tests.Integration Tests - Multiple Features" name="return with method calls and table constructor" />
    </UnitTest>
    <UnitTest name="Parser Tests.Expression Parser Tests.Whitespace Handling.newlines" storage="/users/bill/repos/flua/flua.parser.tests/bin/debug/net8.0/flua.parser.tests.dll" id="3c30a966-5d71-f183-32cf-39fc6c1d9ded">
      <Execution id="d6028c8b-382e-4b3b-ab8a-c001c1a6e405" />
      <TestMethod codeBase="/Users/bill/Repos/FLua/FLua.Parser.Tests/bin/Debug/net8.0/FLua.Parser.Tests.dll" adapterTypeName="executor://yolodev/expecto" className="Parser Tests.Expression Parser Tests.Whitespace Handling" name="newlines" />
    </UnitTest>
    <UnitTest name="Parser Tests.Expression Parser Tests.Edge Cases.deeply nested precedence" storage="/users/bill/repos/flua/flua.parser.tests/bin/debug/net8.0/flua.parser.tests.dll" id="affcd0cb-5609-83cd-3160-dc9ebb422db5">
      <Execution id="e96c1aec-d4c6-485e-ae9e-4f9ba2c811ea" />
      <TestMethod codeBase="/Users/bill/Repos/FLua/FLua.Parser.Tests/bin/Debug/net8.0/FLua.Parser.Tests.dll" adapterTypeName="executor://yolodev/expecto" className="Parser Tests.Expression Parser Tests.Edge Cases" name="deeply nested precedence" />
    </UnitTest>
    <UnitTest name="Hex literal parsing.-1 as hex" storage="/users/bill/repos/flua/flua.parser.tests/bin/debug/net8.0/flua.parser.tests.dll" id="f3f9712d-8345-c669-0fbc-cbc9158ba417">
      <Execution id="383c6cd8-878c-49f2-ac35-dce561662b42" />
      <TestMethod codeBase="/Users/bill/Repos/FLua/FLua.Parser.Tests/bin/Debug/net8.0/FLua.Parser.Tests.dll" adapterTypeName="executor://yolodev/expecto" className="Hex literal parsing" name="-1 as hex" />
    </UnitTest>
    <UnitTest name="Parser Tests.Expression Parser Tests.Shift Operators.left shift" storage="/users/bill/repos/flua/flua.parser.tests/bin/debug/net8.0/flua.parser.tests.dll" id="22e4173d-cb7e-9ab3-0463-97b7ca2b1bae">
      <Execution id="baad9010-caf5-4824-8f99-1ffccaef1bef" />
      <TestMethod codeBase="/Users/bill/Repos/FLua/FLua.Parser.Tests/bin/Debug/net8.0/FLua.Parser.Tests.dll" adapterTypeName="executor://yolodev/expecto" className="Parser Tests.Expression Parser Tests.Shift Operators" name="left shift" />
    </UnitTest>
    <UnitTest name="Parser Tests.Expression Parser Tests.Method Calls.simple method call" storage="/users/bill/repos/flua/flua.parser.tests/bin/debug/net8.0/flua.parser.tests.dll" id="f7c7c155-dacf-8b29-9ffb-7a4a19c5a5dd">
      <Execution id="25b5ea96-f48b-4f91-992c-03815f48d995" />
      <TestMethod codeBase="/Users/bill/Repos/FLua/FLua.Parser.Tests/bin/Debug/net8.0/FLua.Parser.Tests.dll" adapterTypeName="executor://yolodev/expecto" className="Parser Tests.Expression Parser Tests.Method Calls" name="simple method call" />
    </UnitTest>
    <UnitTest name="Parser Tests.Expression Parser Tests.Literals.integer" storage="/users/bill/repos/flua/flua.parser.tests/bin/debug/net8.0/flua.parser.tests.dll" id="94f7471f-2f99-85fa-737f-00c961802a75">
      <Execution id="b397286d-d5d2-436c-a480-b988dbe0e201" />
      <TestMethod codeBase="/Users/bill/Repos/FLua/FLua.Parser.Tests/bin/Debug/net8.0/FLua.Parser.Tests.dll" adapterTypeName="executor://yolodev/expecto" className="Parser Tests.Expression Parser Tests.Literals" name="integer" />
    </UnitTest>
    <UnitTest name="Parser Tests.Expression Parser Tests.Literals.escape backslash" storage="/users/bill/repos/flua/flua.parser.tests/bin/debug/net8.0/flua.parser.tests.dll" id="cbf11f0c-9efd-21c8-0344-f5e3de7c50b7">
      <Execution id="bff88b8d-39a3-409d-bda2-6d06ff5c0270" />
      <TestMethod codeBase="/Users/bill/Repos/FLua/FLua.Parser.Tests/bin/Debug/net8.0/FLua.Parser.Tests.dll" adapterTypeName="executor://yolodev/expecto" className="Parser Tests.Expression Parser Tests.Literals" name="escape backslash" />
    </UnitTest>
    <UnitTest name="Parser Tests.Expression Parser Tests.Complex Expressions.operator precedence" storage="/users/bill/repos/flua/flua.parser.tests/bin/debug/net8.0/flua.parser.tests.dll" id="3f3fa638-09ba-1011-7392-05cac169df0e">
      <Execution id="47fe322f-6a70-406d-b8a4-0ed82d5dcd03" />
      <TestMethod codeBase="/Users/bill/Repos/FLua/FLua.Parser.Tests/bin/Debug/net8.0/FLua.Parser.Tests.dll" adapterTypeName="executor://yolodev/expecto" className="Parser Tests.Expression Parser Tests.Complex Expressions" name="operator precedence" />
    </UnitTest>
    <UnitTest name="Parser Tests.Statement Parser Tests.Parser Fixes.Table Access in Binary Expressions (Fixed).whitespace variations" storage="/users/bill/repos/flua/flua.parser.tests/bin/debug/net8.0/flua.parser.tests.dll" id="d196b395-f31e-f4e9-9268-5512404cf3f1">
      <Execution id="89c959cd-ee0c-494c-842c-d50e092daaae" />
      <TestMethod codeBase="/Users/bill/Repos/FLua/FLua.Parser.Tests/bin/Debug/net8.0/FLua.Parser.Tests.dll" adapterTypeName="executor://yolodev/expecto" className="Parser Tests.Statement Parser Tests.Parser Fixes.Table Access in Binary Expressions (Fixed)" name="whitespace variations" />
    </UnitTest>
    <UnitTest name="Parser Tests.Statement Parser Tests.Control Flow Statements.if with else" storage="/users/bill/repos/flua/flua.parser.tests/bin/debug/net8.0/flua.parser.tests.dll" id="3b276006-ded9-3e33-7cce-35cbf2995e25">
      <Execution id="a3177180-2bda-473a-aa8d-78f625647708" />
      <TestMethod codeBase="/Users/bill/Repos/FLua/FLua.Parser.Tests/bin/Debug/net8.0/FLua.Parser.Tests.dll" adapterTypeName="executor://yolodev/expecto" className="Parser Tests.Statement Parser Tests.Control Flow Statements" name="if with else" />
    </UnitTest>
    <UnitTest name="Parser Tests.Expression Parser Tests.Literals.empty string" storage="/users/bill/repos/flua/flua.parser.tests/bin/debug/net8.0/flua.parser.tests.dll" id="acbd658a-0a3a-c64b-60e8-e42ad757ae25">
      <Execution id="042020a3-464d-428c-a497-0479b7545a53" />
      <TestMethod codeBase="/Users/bill/Repos/FLua/FLua.Parser.Tests/bin/Debug/net8.0/FLua.Parser.Tests.dll" adapterTypeName="executor://yolodev/expecto" className="Parser Tests.Expression Parser Tests.Literals" name="empty string" />
    </UnitTest>
    <UnitTest name="Parser Tests.Statement Parser Tests.Parser Fixes.Complex Assignment Patterns.assignment after complex expression" storage="/users/bill/repos/flua/flua.parser.tests/bin/debug/net8.0/flua.parser.tests.dll" id="3220c2ae-91b6-aff4-18b0-88557d16da4b">
      <Execution id="6b7524fb-ae19-4694-a61c-9b0b1b2bbc66" />
      <TestMethod codeBase="/Users/bill/Repos/FLua/FLua.Parser.Tests/bin/Debug/net8.0/FLua.Parser.Tests.dll" adapterTypeName="executor://yolodev/expecto" className="Parser Tests.Statement Parser Tests.Parser Fixes.Complex Assignment Patterns" name="assignment after complex expression" />
    </UnitTest>
    <UnitTest name="Parser Tests.Expression Parser Tests.Table Access.bracket access string" storage="/users/bill/repos/flua/flua.parser.tests/bin/debug/net8.0/flua.parser.tests.dll" id="cfa379e1-09d8-dba5-206b-c6e2aaf24ff1">
      <Execution id="925fc67e-acfc-4830-9535-5d3ecac64aa3" />
      <TestMethod codeBase="/Users/bill/Repos/FLua/FLua.Parser.Tests/bin/Debug/net8.0/FLua.Parser.Tests.dll" adapterTypeName="executor://yolodev/expecto" className="Parser Tests.Expression Parser Tests.Table Access" name="bracket access string" />
    </UnitTest>
    <UnitTest name="Parser Tests.Expression Parser Tests.Table Constructors.Named Fields.multiple named fields" storage="/users/bill/repos/flua/flua.parser.tests/bin/debug/net8.0/flua.parser.tests.dll" id="254cc30b-5b1d-8fc3-09ec-d3df0b2b3af0">
      <Execution id="b0fec58d-4744-4495-a401-34467744ad47" />
      <TestMethod codeBase="/Users/bill/Repos/FLua/FLua.Parser.Tests/bin/Debug/net8.0/FLua.Parser.Tests.dll" adapterTypeName="executor://yolodev/expecto" className="Parser Tests.Expression Parser Tests.Table Constructors.Named Fields" name="multiple named fields" />
    </UnitTest>
    <UnitTest name="Parser Tests.Statement Parser Tests.Basic Statements.simple assignment" storage="/users/bill/repos/flua/flua.parser.tests/bin/debug/net8.0/flua.parser.tests.dll" id="f9b1b562-700c-308d-bc66-002581032a2e">
      <Execution id="65a852c4-6311-47f7-86e6-9f1bbae5dbf1" />
      <TestMethod codeBase="/Users/bill/Repos/FLua/FLua.Parser.Tests/bin/Debug/net8.0/FLua.Parser.Tests.dll" adapterTypeName="executor://yolodev/expecto" className="Parser Tests.Statement Parser Tests.Basic Statements" name="simple assignment" />
    </UnitTest>
    <UnitTest name="Parser Tests.Expression Parser Tests.Identifiers.long identifier" storage="/users/bill/repos/flua/flua.parser.tests/bin/debug/net8.0/flua.parser.tests.dll" id="c7be5443-b868-5116-e84d-9ffcacf6dab8">
      <Execution id="a58c1a4c-6fbc-4714-9a34-1d048e55ce92" />
      <TestMethod codeBase="/Users/bill/Repos/FLua/FLua.Parser.Tests/bin/Debug/net8.0/FLua.Parser.Tests.dll" adapterTypeName="executor://yolodev/expecto" className="Parser Tests.Expression Parser Tests.Identifiers" name="long identifier" />
    </UnitTest>
    <UnitTest name="Parser Tests.Statement Parser Tests.Integration Tests - Multiple Features.table with method calls and functions" storage="/users/bill/repos/flua/flua.parser.tests/bin/debug/net8.0/flua.parser.tests.dll" id="23f84a4d-bc21-b97f-e115-11bf0b33db04">
      <Execution id="7b529978-7d73-45ca-b0fe-f39402af386f" />
      <TestMethod codeBase="/Users/bill/Repos/FLua/FLua.Parser.Tests/bin/Debug/net8.0/FLua.Parser.Tests.dll" adapterTypeName="executor://yolodev/expecto" className="Parser Tests.Statement Parser Tests.Integration Tests - Multiple Features" name="table with method calls and functions" />
    </UnitTest>
    <UnitTest name="Parser Tests.Statement Parser Tests.Integration Tests - Multiple Features.local assignment with complex expressions" storage="/users/bill/repos/flua/flua.parser.tests/bin/debug/net8.0/flua.parser.tests.dll" id="bf1b4d49-e184-dfdd-ed3f-683ae593c916">
      <Execution id="fbd29bda-ccf5-45f8-a0bc-f56735520cae" />
      <TestMethod codeBase="/Users/bill/Repos/FLua/FLua.Parser.Tests/bin/Debug/net8.0/FLua.Parser.Tests.dll" adapterTypeName="executor://yolodev/expecto" className="Parser Tests.Statement Parser Tests.Integration Tests - Multiple Features" name="local assignment with complex expressions" />
    </UnitTest>
    <UnitTest name="Parser Tests.Expression Parser Tests.Multiplicative Operators.float divide" storage="/users/bill/repos/flua/flua.parser.tests/bin/debug/net8.0/flua.parser.tests.dll" id="1ab65006-1d16-c78b-9176-c6d1cbfa198a">
      <Execution id="83d8e952-87b3-4933-baf8-05a878c8a01b" />
      <TestMethod codeBase="/Users/bill/Repos/FLua/FLua.Parser.Tests/bin/Debug/net8.0/FLua.Parser.Tests.dll" adapterTypeName="executor://yolodev/expecto" className="Parser Tests.Expression Parser Tests.Multiplicative Operators" name="float divide" />
    </UnitTest>
    <UnitTest name="Parser Tests.Statement Parser Tests.Basic Statements.assignment with expressions" storage="/users/bill/repos/flua/flua.parser.tests/bin/debug/net8.0/flua.parser.tests.dll" id="ffc50473-1728-3b39-765c-2603db6d395a">
      <Execution id="785d3b8d-dc18-4cf1-be3d-1f5845339ebc" />
      <TestMethod codeBase="/Users/bill/Repos/FLua/FLua.Parser.Tests/bin/Debug/net8.0/FLua.Parser.Tests.dll" adapterTypeName="executor://yolodev/expecto" className="Parser Tests.Statement Parser Tests.Basic Statements" name="assignment with expressions" />
    </UnitTest>
    <UnitTest name="Parser Tests.Expression Parser Tests.Table Access.dot access" storage="/users/bill/repos/flua/flua.parser.tests/bin/debug/net8.0/flua.parser.tests.dll" id="8b13a765-8c99-aabc-b19d-11c9ca6f1b68">
      <Execution id="ce602393-78e5-456f-90ef-1712975146e7" />
      <TestMethod codeBase="/Users/bill/Repos/FLua/FLua.Parser.Tests/bin/Debug/net8.0/FLua.Parser.Tests.dll" adapterTypeName="executor://yolodev/expecto" className="Parser Tests.Expression Parser Tests.Table Access" name="dot access" />
    </UnitTest>
    <UnitTest name="Parser Tests.Statement Parser Tests.Control Flow Statements.Function Definitions.simple function" storage="/users/bill/repos/flua/flua.parser.tests/bin/debug/net8.0/flua.parser.tests.dll" id="384e7e46-2939-dfa4-d397-51eef363ea84">
      <Execution id="10c65b9b-a713-44e0-a0b2-9f319cae0ae3" />
      <TestMethod codeBase="/Users/bill/Repos/FLua/FLua.Parser.Tests/bin/Debug/net8.0/FLua.Parser.Tests.dll" adapterTypeName="executor://yolodev/expecto" className="Parser Tests.Statement Parser Tests.Control Flow Statements.Function Definitions" name="simple function" />
    </UnitTest>
    <UnitTest name="Parser Tests.Statement Parser Tests.Control Flow Statements.Function Definitions.local function" storage="/users/bill/repos/flua/flua.parser.tests/bin/debug/net8.0/flua.parser.tests.dll" id="abb00982-0096-661e-4e2d-bf082834ac59">
      <Execution id="9512d7cc-2164-4ddf-aac9-e2fce7fe54ed" />
      <TestMethod codeBase="/Users/bill/Repos/FLua/FLua.Parser.Tests/bin/Debug/net8.0/FLua.Parser.Tests.dll" adapterTypeName="executor://yolodev/expecto" className="Parser Tests.Statement Parser Tests.Control Flow Statements.Function Definitions" name="local function" />
    </UnitTest>
    <UnitTest name="Parser Tests.Expression Parser Tests.Method Calls.mixed access and method" storage="/users/bill/repos/flua/flua.parser.tests/bin/debug/net8.0/flua.parser.tests.dll" id="862c78bf-ab7b-7516-2ebe-a03d490a5635">
      <Execution id="c1c65b43-89b4-4947-8f25-cf8fbafebb17" />
      <TestMethod codeBase="/Users/bill/Repos/FLua/FLua.Parser.Tests/bin/Debug/net8.0/FLua.Parser.Tests.dll" adapterTypeName="executor://yolodev/expecto" className="Parser Tests.Expression Parser Tests.Method Calls" name="mixed access and method" />
    </UnitTest>
    <UnitTest name="Parser Tests.Expression Parser Tests.Function Calls.single argument" storage="/users/bill/repos/flua/flua.parser.tests/bin/debug/net8.0/flua.parser.tests.dll" id="c9bdd070-3a4d-f33d-8633-0f0ada3f44b8">
      <Execution id="e4b459a9-ff4f-4036-8a24-b31858ef0fe4" />
      <TestMethod codeBase="/Users/bill/Repos/FLua/FLua.Parser.Tests/bin/Debug/net8.0/FLua.Parser.Tests.dll" adapterTypeName="executor://yolodev/expecto" className="Parser Tests.Expression Parser Tests.Function Calls" name="single argument" />
    </UnitTest>
    <UnitTest name="Parser Tests.Expression Parser Tests.Identifiers.underscore identifier" storage="/users/bill/repos/flua/flua.parser.tests/bin/debug/net8.0/flua.parser.tests.dll" id="0ba7aa40-6834-6408-0135-49e448773151">
      <Execution id="e5b41ff2-081e-4c84-aef0-ed5951b5bce2" />
      <TestMethod codeBase="/Users/bill/Repos/FLua/FLua.Parser.Tests/bin/Debug/net8.0/FLua.Parser.Tests.dll" adapterTypeName="executor://yolodev/expecto" className="Parser Tests.Expression Parser Tests.Identifiers" name="underscore identifier" />
    </UnitTest>
    <UnitTest name="Decimal number parsing.Numbers starting with dot" storage="/users/bill/repos/flua/flua.parser.tests/bin/debug/net8.0/flua.parser.tests.dll" id="74d64d57-23b6-db5a-27b8-8384e8cfe593">
      <Execution id="67f74d83-7100-4848-a8e7-72ec83ef7763" />
      <TestMethod codeBase="/Users/bill/Repos/FLua/FLua.Parser.Tests/bin/Debug/net8.0/FLua.Parser.Tests.dll" adapterTypeName="executor://yolodev/expecto" className="Decimal number parsing" name="Numbers starting with dot" />
    </UnitTest>
    <UnitTest name="Parser Tests.Statement Parser Tests.Basic Statements.multiple local" storage="/users/bill/repos/flua/flua.parser.tests/bin/debug/net8.0/flua.parser.tests.dll" id="65098e0b-d31f-493f-f5c7-89b21212d75c">
      <Execution id="5e799918-4b82-4c35-b64f-55e0cb7a90bd" />
      <TestMethod codeBase="/Users/bill/Repos/FLua/FLua.Parser.Tests/bin/Debug/net8.0/FLua.Parser.Tests.dll" adapterTypeName="executor://yolodev/expecto" className="Parser Tests.Statement Parser Tests.Basic Statements" name="multiple local" />
    </UnitTest>
    <UnitTest name="Parser Tests.Statement Parser Tests.Parser Fixes.Complex Assignment Patterns.nil assignment to table" storage="/users/bill/repos/flua/flua.parser.tests/bin/debug/net8.0/flua.parser.tests.dll" id="798740c7-4bcf-2860-2b4d-5db188ed8088">
      <Execution id="9e410e80-6b64-4ed5-b724-5d62dc9f2f3e" />
      <TestMethod codeBase="/Users/bill/Repos/FLua/FLua.Parser.Tests/bin/Debug/net8.0/FLua.Parser.Tests.dll" adapterTypeName="executor://yolodev/expecto" className="Parser Tests.Statement Parser Tests.Parser Fixes.Complex Assignment Patterns" name="nil assignment to table" />
    </UnitTest>
    <UnitTest name="Parser Tests.Expression Parser Tests.Table Constructors.Simple Values.single value" storage="/users/bill/repos/flua/flua.parser.tests/bin/debug/net8.0/flua.parser.tests.dll" id="b4887e73-89aa-9e82-9b02-5368d0b98e0e">
      <Execution id="1191739d-4bdb-4d6a-8f84-823c7e676143" />
      <TestMethod codeBase="/Users/bill/Repos/FLua/FLua.Parser.Tests/bin/Debug/net8.0/FLua.Parser.Tests.dll" adapterTypeName="executor://yolodev/expecto" className="Parser Tests.Expression Parser Tests.Table Constructors.Simple Values" name="single value" />
    </UnitTest>
    <UnitTest name="Parser Tests.Expression Parser Tests.Literals.boolean false" storage="/users/bill/repos/flua/flua.parser.tests/bin/debug/net8.0/flua.parser.tests.dll" id="ef88aec7-46d3-dd30-ec64-a51e14f8fab1">
      <Execution id="dc273b09-a559-411d-8133-7833e07dee66" />
      <TestMethod codeBase="/Users/bill/Repos/FLua/FLua.Parser.Tests/bin/Debug/net8.0/FLua.Parser.Tests.dll" adapterTypeName="executor://yolodev/expecto" className="Parser Tests.Expression Parser Tests.Literals" name="boolean false" />
    </UnitTest>
    <UnitTest name="Parser Tests.Expression Parser Tests.Table Constructors.Key Fields.key field with variable" storage="/users/bill/repos/flua/flua.parser.tests/bin/debug/net8.0/flua.parser.tests.dll" id="4aa0c269-359a-c858-e90f-1fae4b1d119c">
      <Execution id="5453150d-eb8d-4b08-bc65-cb84b24a1482" />
      <TestMethod codeBase="/Users/bill/Repos/FLua/FLua.Parser.Tests/bin/Debug/net8.0/FLua.Parser.Tests.dll" adapterTypeName="executor://yolodev/expecto" className="Parser Tests.Expression Parser Tests.Table Constructors.Key Fields" name="key field with variable" />
    </UnitTest>
    <UnitTest name="Function call parsing.Standard call" storage="/users/bill/repos/flua/flua.parser.tests/bin/debug/net8.0/flua.parser.tests.dll" id="1445a436-f34a-a70f-5047-8283ef73049c">
      <Execution id="7a8445f2-fe57-45e4-b06e-d0922d151cb5" />
      <TestMethod codeBase="/Users/bill/Repos/FLua/FLua.Parser.Tests/bin/Debug/net8.0/FLua.Parser.Tests.dll" adapterTypeName="executor://yolodev/expecto" className="Function call parsing" name="Standard call" />
    </UnitTest>
    <UnitTest name="Parser Tests.Expression Parser Tests.Literals.escape vertical tab" storage="/users/bill/repos/flua/flua.parser.tests/bin/debug/net8.0/flua.parser.tests.dll" id="c8ec8d0b-8726-1048-5a8e-70417ccfe9cc">
      <Execution id="482977de-5c0f-4276-8cee-a56a59fc7039" />
      <TestMethod codeBase="/Users/bill/Repos/FLua/FLua.Parser.Tests/bin/Debug/net8.0/FLua.Parser.Tests.dll" adapterTypeName="executor://yolodev/expecto" className="Parser Tests.Expression Parser Tests.Literals" name="escape vertical tab" />
    </UnitTest>
    <UnitTest name="Parser Tests.Expression Parser Tests.Bitwise Operators.bitwise or" storage="/users/bill/repos/flua/flua.parser.tests/bin/debug/net8.0/flua.parser.tests.dll" id="df0bcd8b-7844-5b92-d01d-86530aea9c35">
      <Execution id="efe5d56b-9e7a-40c8-93a5-16cc260684cc" />
      <TestMethod codeBase="/Users/bill/Repos/FLua/FLua.Parser.Tests/bin/Debug/net8.0/FLua.Parser.Tests.dll" adapterTypeName="executor://yolodev/expecto" className="Parser Tests.Expression Parser Tests.Bitwise Operators" name="bitwise or" />
    </UnitTest>
    <UnitTest name="Parser Tests.Statement Parser Tests.Control Flow Statements.Labels and Goto.goto with underscore" storage="/users/bill/repos/flua/flua.parser.tests/bin/debug/net8.0/flua.parser.tests.dll" id="9941d091-0d12-9ab4-3186-9c070f874a75">
      <Execution id="35cba6d5-3ab3-49b4-9705-5d619c69d298" />
      <TestMethod codeBase="/Users/bill/Repos/FLua/FLua.Parser.Tests/bin/Debug/net8.0/FLua.Parser.Tests.dll" adapterTypeName="executor://yolodev/expecto" className="Parser Tests.Statement Parser Tests.Control Flow Statements.Labels and Goto" name="goto with underscore" />
    </UnitTest>
    <UnitTest name="Parser Tests.Expression Parser Tests.Power Operator.right associative" storage="/users/bill/repos/flua/flua.parser.tests/bin/debug/net8.0/flua.parser.tests.dll" id="a4206639-8551-015b-9278-1c1f53a52704">
      <Execution id="0477d8a4-1989-44d0-a3d9-2511e061a7e5" />
      <TestMethod codeBase="/Users/bill/Repos/FLua/FLua.Parser.Tests/bin/Debug/net8.0/FLua.Parser.Tests.dll" adapterTypeName="executor://yolodev/expecto" className="Parser Tests.Expression Parser Tests.Power Operator" name="right associative" />
    </UnitTest>
    <UnitTest name="Parser Tests.Expression Parser Tests.Additive Operators.subtract" storage="/users/bill/repos/flua/flua.parser.tests/bin/debug/net8.0/flua.parser.tests.dll" id="b51db8bf-d36e-0aa7-8a8f-f4a9946301ba">
      <Execution id="b5aa1f56-8a69-4c97-baf5-bb0c065d8955" />
      <TestMethod codeBase="/Users/bill/Repos/FLua/FLua.Parser.Tests/bin/Debug/net8.0/FLua.Parser.Tests.dll" adapterTypeName="executor://yolodev/expecto" className="Parser Tests.Expression Parser Tests.Additive Operators" name="subtract" />
    </UnitTest>
    <UnitTest name="Parser Tests.Statement Parser Tests.Control Flow Statements.Function Definitions.local function with params" storage="/users/bill/repos/flua/flua.parser.tests/bin/debug/net8.0/flua.parser.tests.dll" id="3c513f3b-1271-3f9c-ccd2-60479767cb29">
      <Execution id="d23703fd-d88c-46e9-86b0-57526c4728df" />
      <TestMethod codeBase="/Users/bill/Repos/FLua/FLua.Parser.Tests/bin/Debug/net8.0/FLua.Parser.Tests.dll" adapterTypeName="executor://yolodev/expecto" className="Parser Tests.Statement Parser Tests.Control Flow Statements.Function Definitions" name="local function with params" />
    </UnitTest>
    <UnitTest name="Parser Tests.Statement Parser Tests.Parser Fixes.Complex Assignment Patterns.table assignment in sequence" storage="/users/bill/repos/flua/flua.parser.tests/bin/debug/net8.0/flua.parser.tests.dll" id="b21fa29a-c221-a436-8f17-6ab1b870468e">
      <Execution id="f95a1432-a58a-45e9-b698-5f46c6ce5aca" />
      <TestMethod codeBase="/Users/bill/Repos/FLua/FLua.Parser.Tests/bin/Debug/net8.0/FLua.Parser.Tests.dll" adapterTypeName="executor://yolodev/expecto" className="Parser Tests.Statement Parser Tests.Parser Fixes.Complex Assignment Patterns" name="table assignment in sequence" />
    </UnitTest>
    <UnitTest name="Parser Tests.Statement Parser Tests.Variable Attributes.Function Parameter Attributes.function with mixed parameter attributes" storage="/users/bill/repos/flua/flua.parser.tests/bin/debug/net8.0/flua.parser.tests.dll" id="2235aeb2-d9db-b858-9ee9-ee90338ff81a">
      <Execution id="532cf2af-c7ee-4300-bb35-783bd045140e" />
      <TestMethod codeBase="/Users/bill/Repos/FLua/FLua.Parser.Tests/bin/Debug/net8.0/FLua.Parser.Tests.dll" adapterTypeName="executor://yolodev/expecto" className="Parser Tests.Statement Parser Tests.Variable Attributes.Function Parameter Attributes" name="function with mixed parameter attributes" />
    </UnitTest>
    <UnitTest name="Parser Tests.Statement Parser Tests.Control Flow Statements.Function Definitions.method definition" storage="/users/bill/repos/flua/flua.parser.tests/bin/debug/net8.0/flua.parser.tests.dll" id="31b647c0-1b1b-231b-0aa9-4845822edf5a">
      <Execution id="819e9e69-ed55-447b-95c5-40bd84aae8c2" />
      <TestMethod codeBase="/Users/bill/Repos/FLua/FLua.Parser.Tests/bin/Debug/net8.0/FLua.Parser.Tests.dll" adapterTypeName="executor://yolodev/expecto" className="Parser Tests.Statement Parser Tests.Control Flow Statements.Function Definitions" name="method definition" />
    </UnitTest>
    <UnitTest name="Parser Tests.Expression Parser Tests.Literals.hex escape A" storage="/users/bill/repos/flua/flua.parser.tests/bin/debug/net8.0/flua.parser.tests.dll" id="6bcb40f4-cf24-de68-ebe9-a8a7e6ab39fc">
      <Execution id="35970ddb-12f7-4771-968a-1106f821e443" />
      <TestMethod codeBase="/Users/bill/Repos/FLua/FLua.Parser.Tests/bin/Debug/net8.0/FLua.Parser.Tests.dll" adapterTypeName="executor://yolodev/expecto" className="Parser Tests.Expression Parser Tests.Literals" name="hex escape A" />
    </UnitTest>
    <UnitTest name="Generic for loop parsing.Multiple iterator values" storage="/users/bill/repos/flua/flua.parser.tests/bin/debug/net8.0/flua.parser.tests.dll" id="f0647535-9b53-2b97-a592-0347a36420eb">
      <Execution id="ddb1a642-ff50-4021-9bca-87db661a73d9" />
      <TestMethod codeBase="/Users/bill/Repos/FLua/FLua.Parser.Tests/bin/Debug/net8.0/FLua.Parser.Tests.dll" adapterTypeName="executor://yolodev/expecto" className="Generic for loop parsing" name="Multiple iterator values" />
    </UnitTest>
    <UnitTest name="Parser Tests.Statement Parser Tests.Basic Statements.local without init" storage="/users/bill/repos/flua/flua.parser.tests/bin/debug/net8.0/flua.parser.tests.dll" id="3b11aa8b-1906-ff2b-88bb-e6031120b9a4">
      <Execution id="61ed1ed9-3b74-471b-a03c-0ce3a359b9df" />
      <TestMethod codeBase="/Users/bill/Repos/FLua/FLua.Parser.Tests/bin/Debug/net8.0/FLua.Parser.Tests.dll" adapterTypeName="executor://yolodev/expecto" className="Parser Tests.Statement Parser Tests.Basic Statements" name="local without init" />
    </UnitTest>
    <UnitTest name="Parser Tests.Statement Parser Tests.Control Flow Statements.For Loops.generic for single var" storage="/users/bill/repos/flua/flua.parser.tests/bin/debug/net8.0/flua.parser.tests.dll" id="5bb5f4cc-8a1b-1d50-5b9e-c5ad18e143dd">
      <Execution id="eaa8a073-d9a6-44e7-a2b3-fb7d1910c18f" />
      <TestMethod codeBase="/Users/bill/Repos/FLua/FLua.Parser.Tests/bin/Debug/net8.0/FLua.Parser.Tests.dll" adapterTypeName="executor://yolodev/expecto" className="Parser Tests.Statement Parser Tests.Control Flow Statements.For Loops" name="generic for single var" />
    </UnitTest>
    <UnitTest name="Parser Tests.Expression Parser Tests.Parentheses.parentheses with spaces" storage="/users/bill/repos/flua/flua.parser.tests/bin/debug/net8.0/flua.parser.tests.dll" id="95ca2f10-0840-0229-390b-f87fb8626041">
      <Execution id="c8839607-b30e-4022-be6f-b1c6b2d76a5d" />
      <TestMethod codeBase="/Users/bill/Repos/FLua/FLua.Parser.Tests/bin/Debug/net8.0/FLua.Parser.Tests.dll" adapterTypeName="executor://yolodev/expecto" className="Parser Tests.Expression Parser Tests.Parentheses" name="parentheses with spaces" />
    </UnitTest>
    <UnitTest name="Parser Tests.Expression Parser Tests.Table Constructors.Key Fields.key field with expression" storage="/users/bill/repos/flua/flua.parser.tests/bin/debug/net8.0/flua.parser.tests.dll" id="c6c69823-0e8f-a585-91ca-73273148719d">
      <Execution id="0eef2057-c980-473d-b6b8-68c9a91e1630" />
      <TestMethod codeBase="/Users/bill/Repos/FLua/FLua.Parser.Tests/bin/Debug/net8.0/FLua.Parser.Tests.dll" adapterTypeName="executor://yolodev/expecto" className="Parser Tests.Expression Parser Tests.Table Constructors.Key Fields" name="key field with expression" />
    </UnitTest>
    <UnitTest name="Parser Tests.Statement Parser Tests.Control Flow Statements.Labels and Goto.goto with numbers" storage="/users/bill/repos/flua/flua.parser.tests/bin/debug/net8.0/flua.parser.tests.dll" id="ee64b813-f0cb-cb72-0323-df3a54bc0a5e">
      <Execution id="ed98ea7f-ffdb-4582-9d96-714e43df9127" />
      <TestMethod codeBase="/Users/bill/Repos/FLua/FLua.Parser.Tests/bin/Debug/net8.0/FLua.Parser.Tests.dll" adapterTypeName="executor://yolodev/expecto" className="Parser Tests.Statement Parser Tests.Control Flow Statements.Labels and Goto" name="goto with numbers" />
    </UnitTest>
    <UnitTest name="Parser Tests.Statement Parser Tests.Integration Tests - Multiple Features.multiple assignment with method calls" storage="/users/bill/repos/flua/flua.parser.tests/bin/debug/net8.0/flua.parser.tests.dll" id="bc676c70-bff1-771e-2805-b78bf099cdaf">
      <Execution id="a255686e-a3b1-4a04-9c7d-8b249ad95dd1" />
      <TestMethod codeBase="/Users/bill/Repos/FLua/FLua.Parser.Tests/bin/Debug/net8.0/FLua.Parser.Tests.dll" adapterTypeName="executor://yolodev/expecto" className="Parser Tests.Statement Parser Tests.Integration Tests - Multiple Features" name="multiple assignment with method calls" />
    </UnitTest>
    <UnitTest name="Parser Tests.Expression Parser Tests.Table Constructors.Mixed Fields.nested tables" storage="/users/bill/repos/flua/flua.parser.tests/bin/debug/net8.0/flua.parser.tests.dll" id="6d9ca8dd-f154-227d-84e3-afa1a8dfa77e">
      <Execution id="841cc2f8-5763-4602-8a54-508f32d3c871" />
      <TestMethod codeBase="/Users/bill/Repos/FLua/FLua.Parser.Tests/bin/Debug/net8.0/FLua.Parser.Tests.dll" adapterTypeName="executor://yolodev/expecto" className="Parser Tests.Expression Parser Tests.Table Constructors.Mixed Fields" name="nested tables" />
    </UnitTest>
    <UnitTest name="Parser Tests.Expression Parser Tests.Table Constructors.Complex Examples.table with function definition" storage="/users/bill/repos/flua/flua.parser.tests/bin/debug/net8.0/flua.parser.tests.dll" id="f55754ec-072d-a532-5fd1-647f087fa389">
      <Execution id="36772623-11f9-4fbf-9390-d231ced1c288" />
      <TestMethod codeBase="/Users/bill/Repos/FLua/FLua.Parser.Tests/bin/Debug/net8.0/FLua.Parser.Tests.dll" adapterTypeName="executor://yolodev/expecto" className="Parser Tests.Expression Parser Tests.Table Constructors.Complex Examples" name="table with function definition" />
    </UnitTest>
    <UnitTest name="Parser Tests.Expression Parser Tests.Method Calls.method with multiple args" storage="/users/bill/repos/flua/flua.parser.tests/bin/debug/net8.0/flua.parser.tests.dll" id="6412ce07-78c8-4c98-b55c-92f2fe3f0b2c">
      <Execution id="60b11790-adbf-423d-97e8-b7d57b1a841a" />
      <TestMethod codeBase="/Users/bill/Repos/FLua/FLua.Parser.Tests/bin/Debug/net8.0/FLua.Parser.Tests.dll" adapterTypeName="executor://yolodev/expecto" className="Parser Tests.Expression Parser Tests.Method Calls" name="method with multiple args" />
    </UnitTest>
    <UnitTest name="Parser Tests.Expression Parser Tests.Table Access.bracket access variable" storage="/users/bill/repos/flua/flua.parser.tests/bin/debug/net8.0/flua.parser.tests.dll" id="23936ca9-cb04-0d9a-ca60-67e86f26450c">
      <Execution id="522afd44-f759-428c-acbe-2fbd5945c9a2" />
      <TestMethod codeBase="/Users/bill/Repos/FLua/FLua.Parser.Tests/bin/Debug/net8.0/FLua.Parser.Tests.dll" adapterTypeName="executor://yolodev/expecto" className="Parser Tests.Expression Parser Tests.Table Access" name="bracket access variable" />
    </UnitTest>
    <UnitTest name="Parser Tests.Expression Parser Tests.Unary Operators.negate" storage="/users/bill/repos/flua/flua.parser.tests/bin/debug/net8.0/flua.parser.tests.dll" id="0ee73c2d-1ffb-ddf9-4e07-1b1702a6be39">
      <Execution id="b0e077ad-01ab-410b-9a8e-b40bd9f4b36e" />
      <TestMethod codeBase="/Users/bill/Repos/FLua/FLua.Parser.Tests/bin/Debug/net8.0/FLua.Parser.Tests.dll" adapterTypeName="executor://yolodev/expecto" className="Parser Tests.Expression Parser Tests.Unary Operators" name="negate" />
    </UnitTest>
    <UnitTest name="Parser Tests.Statement Parser Tests.Variable Attributes.Local Variable Attributes.local const variable" storage="/users/bill/repos/flua/flua.parser.tests/bin/debug/net8.0/flua.parser.tests.dll" id="c44b47ac-34e7-a034-b2d7-a56e3ecf6a11">
      <Execution id="b2494202-547e-4b8a-98d3-72c8aa6c36fc" />
      <TestMethod codeBase="/Users/bill/Repos/FLua/FLua.Parser.Tests/bin/Debug/net8.0/FLua.Parser.Tests.dll" adapterTypeName="executor://yolodev/expecto" className="Parser Tests.Statement Parser Tests.Variable Attributes.Local Variable Attributes" name="local const variable" />
    </UnitTest>
    <UnitTest name="Parser Tests.Statement Parser Tests.Basic Statements.return empty" storage="/users/bill/repos/flua/flua.parser.tests/bin/debug/net8.0/flua.parser.tests.dll" id="8ca401d4-73e8-2216-59da-4cc641e70c7c">
      <Execution id="80b1f21d-beb5-4891-9cda-2990ac0c312a" />
      <TestMethod codeBase="/Users/bill/Repos/FLua/FLua.Parser.Tests/bin/Debug/net8.0/FLua.Parser.Tests.dll" adapterTypeName="executor://yolodev/expecto" className="Parser Tests.Statement Parser Tests.Basic Statements" name="return empty" />
    </UnitTest>
    <UnitTest name="Parser Tests.Statement Parser Tests.Control Flow Statements.Labels and Goto.goto statement" storage="/users/bill/repos/flua/flua.parser.tests/bin/debug/net8.0/flua.parser.tests.dll" id="93743fcd-e2c6-fcf8-1983-d6902911611b">
      <Execution id="c03f63bc-b79b-471c-8c0a-cb75288bf07f" />
      <TestMethod codeBase="/Users/bill/Repos/FLua/FLua.Parser.Tests/bin/Debug/net8.0/FLua.Parser.Tests.dll" adapterTypeName="executor://yolodev/expecto" className="Parser Tests.Statement Parser Tests.Control Flow Statements.Labels and Goto" name="goto statement" />
    </UnitTest>
    <UnitTest name="Parser Tests.Statement Parser Tests.Integration Tests - Multiple Features.method call with table constructor" storage="/users/bill/repos/flua/flua.parser.tests/bin/debug/net8.0/flua.parser.tests.dll" id="c3b1ea7b-ede6-c7b9-1230-73a5ed747da0">
      <Execution id="44d9de1f-5587-450f-87c8-d0e0a9a805fa" />
      <TestMethod codeBase="/Users/bill/Repos/FLua/FLua.Parser.Tests/bin/Debug/net8.0/FLua.Parser.Tests.dll" adapterTypeName="executor://yolodev/expecto" className="Parser Tests.Statement Parser Tests.Integration Tests - Multiple Features" name="method call with table constructor" />
    </UnitTest>
    <UnitTest name="Parser Tests.Expression Parser Tests.Literals.decimal escape null" storage="/users/bill/repos/flua/flua.parser.tests/bin/debug/net8.0/flua.parser.tests.dll" id="b6013297-8c3d-783b-6fe1-bb174e228c37">
      <Execution id="1cd778f2-4903-4de1-915e-7495bbfcfc1a" />
      <TestMethod codeBase="/Users/bill/Repos/FLua/FLua.Parser.Tests/bin/Debug/net8.0/FLua.Parser.Tests.dll" adapterTypeName="executor://yolodev/expecto" className="Parser Tests.Expression Parser Tests.Literals" name="decimal escape null" />
    </UnitTest>
    <UnitTest name="Parser Tests.Expression Parser Tests.Table Access.chained bracket access" storage="/users/bill/repos/flua/flua.parser.tests/bin/debug/net8.0/flua.parser.tests.dll" id="abcd273c-5fb8-2e18-1f45-cd1c0a4ca70a">
      <Execution id="94ce3646-a248-4dfc-a7e5-7a29cc362792" />
      <TestMethod codeBase="/Users/bill/Repos/FLua/FLua.Parser.Tests/bin/Debug/net8.0/FLua.Parser.Tests.dll" adapterTypeName="executor://yolodev/expecto" className="Parser Tests.Expression Parser Tests.Table Access" name="chained bracket access" />
    </UnitTest>
    <UnitTest name="Parser Tests.Expression Parser Tests.Literals.single quote string" storage="/users/bill/repos/flua/flua.parser.tests/bin/debug/net8.0/flua.parser.tests.dll" id="906536ef-e98f-d22a-f50e-edb13761511c">
      <Execution id="0e6e70bb-78cd-4143-a4ec-a56cc21abd4d" />
      <TestMethod codeBase="/Users/bill/Repos/FLua/FLua.Parser.Tests/bin/Debug/net8.0/FLua.Parser.Tests.dll" adapterTypeName="executor://yolodev/expecto" className="Parser Tests.Expression Parser Tests.Literals" name="single quote string" />
    </UnitTest>
    <UnitTest name="Parser Tests.Statement Parser Tests.Control Flow Statements.For Loops.numeric for with body" storage="/users/bill/repos/flua/flua.parser.tests/bin/debug/net8.0/flua.parser.tests.dll" id="ed26fc88-791f-1658-dbfa-7a48264cd0f8">
      <Execution id="1a8d981a-94fa-476d-aac6-5c6ea90fc768" />
      <TestMethod codeBase="/Users/bill/Repos/FLua/FLua.Parser.Tests/bin/Debug/net8.0/FLua.Parser.Tests.dll" adapterTypeName="executor://yolodev/expecto" className="Parser Tests.Statement Parser Tests.Control Flow Statements.For Loops" name="numeric for with body" />
    </UnitTest>
    <UnitTest name="String escape sequences.Hex escape" storage="/users/bill/repos/flua/flua.parser.tests/bin/debug/net8.0/flua.parser.tests.dll" id="d3c442eb-a0af-517d-1486-3bae2dbdb273">
      <Execution id="425dc428-7355-4475-84b4-83fcfa490443" />
      <TestMethod codeBase="/Users/bill/Repos/FLua/FLua.Parser.Tests/bin/Debug/net8.0/FLua.Parser.Tests.dll" adapterTypeName="executor://yolodev/expecto" className="String escape sequences" name="Hex escape" />
    </UnitTest>
    <UnitTest name="Parser Tests.Expression Parser Tests.Function Calls.no arguments" storage="/users/bill/repos/flua/flua.parser.tests/bin/debug/net8.0/flua.parser.tests.dll" id="176664cd-e332-31a2-9d05-82d737b12220">
      <Execution id="b3cd04e9-28ed-476d-a7e4-9236a4366543" />
      <TestMethod codeBase="/Users/bill/Repos/FLua/FLua.Parser.Tests/bin/Debug/net8.0/FLua.Parser.Tests.dll" adapterTypeName="executor://yolodev/expecto" className="Parser Tests.Expression Parser Tests.Function Calls" name="no arguments" />
    </UnitTest>
    <UnitTest name="Parser Tests.Statement Parser Tests.Basic Statements.break statement" storage="/users/bill/repos/flua/flua.parser.tests/bin/debug/net8.0/flua.parser.tests.dll" id="5ac0815c-2cd0-83c8-4b20-9a9ca5bc58af">
      <Execution id="2f16e732-243d-4cf1-9125-8d077273d39f" />
      <TestMethod codeBase="/Users/bill/Repos/FLua/FLua.Parser.Tests/bin/Debug/net8.0/FLua.Parser.Tests.dll" adapterTypeName="executor://yolodev/expecto" className="Parser Tests.Statement Parser Tests.Basic Statements" name="break statement" />
    </UnitTest>
    <UnitTest name="Parser Tests.Expression Parser Tests.Literals.unicode escape zero" storage="/users/bill/repos/flua/flua.parser.tests/bin/debug/net8.0/flua.parser.tests.dll" id="e6fd593e-8926-6b22-f12a-96430c0fbf2e">
      <Execution id="2655f4e2-d343-4a2f-990c-2f4a4ee482d5" />
      <TestMethod codeBase="/Users/bill/Repos/FLua/FLua.Parser.Tests/bin/Debug/net8.0/FLua.Parser.Tests.dll" adapterTypeName="executor://yolodev/expecto" className="Parser Tests.Expression Parser Tests.Literals" name="unicode escape zero" />
    </UnitTest>
    <UnitTest name="Parser Tests.Expression Parser Tests.Parentheses.triple nested" storage="/users/bill/repos/flua/flua.parser.tests/bin/debug/net8.0/flua.parser.tests.dll" id="d6ad8503-abcd-d671-2bc8-4af4c4c0ff76">
      <Execution id="8231cc2e-91f1-4d7e-8818-206f76c02934" />
      <TestMethod codeBase="/Users/bill/Repos/FLua/FLua.Parser.Tests/bin/Debug/net8.0/FLua.Parser.Tests.dll" adapterTypeName="executor://yolodev/expecto" className="Parser Tests.Expression Parser Tests.Parentheses" name="triple nested" />
    </UnitTest>
    <UnitTest name="Parser Tests.Expression Parser Tests.String Concatenation.right associative" storage="/users/bill/repos/flua/flua.parser.tests/bin/debug/net8.0/flua.parser.tests.dll" id="300f6dee-6490-83f6-adc0-de2d0fa5816e">
      <Execution id="9c0af5f2-6e5d-4149-b38d-974023a84caa" />
      <TestMethod codeBase="/Users/bill/Repos/FLua/FLua.Parser.Tests/bin/Debug/net8.0/FLua.Parser.Tests.dll" adapterTypeName="executor://yolodev/expecto" className="Parser Tests.Expression Parser Tests.String Concatenation" name="right associative" />
    </UnitTest>
    <UnitTest name="Parser Tests.Expression Parser Tests.Comparison Operators.greater" storage="/users/bill/repos/flua/flua.parser.tests/bin/debug/net8.0/flua.parser.tests.dll" id="df226330-7aa0-8c33-1b47-375d91200853">
      <Execution id="5a2293f1-12f9-443f-a9ef-30d7a4252d55" />
      <TestMethod codeBase="/Users/bill/Repos/FLua/FLua.Parser.Tests/bin/Debug/net8.0/FLua.Parser.Tests.dll" adapterTypeName="executor://yolodev/expecto" className="Parser Tests.Expression Parser Tests.Comparison Operators" name="greater" />
    </UnitTest>
    <UnitTest name="Parser Tests.Expression Parser Tests.Literals.escape double quote" storage="/users/bill/repos/flua/flua.parser.tests/bin/debug/net8.0/flua.parser.tests.dll" id="f198c2f2-d97d-2ebd-6b38-42f64079cc49">
      <Execution id="504ebbaa-1268-4c26-b53b-386163ce43e7" />
      <TestMethod codeBase="/Users/bill/Repos/FLua/FLua.Parser.Tests/bin/Debug/net8.0/FLua.Parser.Tests.dll" adapterTypeName="executor://yolodev/expecto" className="Parser Tests.Expression Parser Tests.Literals" name="escape double quote" />
    </UnitTest>
    <UnitTest name="Parser Tests.Statement Parser Tests.Control Flow Statements.For Loops.numeric for basic" storage="/users/bill/repos/flua/flua.parser.tests/bin/debug/net8.0/flua.parser.tests.dll" id="04e7d918-25da-0f85-ac00-ebd526c020fb">
      <Execution id="b5e9acd9-3ab4-4ea4-a1b7-177635e51b00" />
      <TestMethod codeBase="/Users/bill/Repos/FLua/FLua.Parser.Tests/bin/Debug/net8.0/FLua.Parser.Tests.dll" adapterTypeName="executor://yolodev/expecto" className="Parser Tests.Statement Parser Tests.Control Flow Statements.For Loops" name="numeric for basic" />
    </UnitTest>
    <UnitTest name="Parser Tests.Expression Parser Tests.Literals.literals.lua case 3" storage="/users/bill/repos/flua/flua.parser.tests/bin/debug/net8.0/flua.parser.tests.dll" id="825fd467-52f0-ebc3-102d-d554859cb5d0">
      <Execution id="6c4f25e7-0391-475e-971c-4374ae7283b0" />
      <TestMethod codeBase="/Users/bill/Repos/FLua/FLua.Parser.Tests/bin/Debug/net8.0/FLua.Parser.Tests.dll" adapterTypeName="executor://yolodev/expecto" className="Parser Tests.Expression Parser Tests.Literals.literals" name="lua case 3" />
    </UnitTest>
    <UnitTest name="Parser Tests.Statement Parser Tests.Parser Fixes.Assignment vs Function Call Disambiguation.table access function call" storage="/users/bill/repos/flua/flua.parser.tests/bin/debug/net8.0/flua.parser.tests.dll" id="7b8d351e-949a-a562-6c8a-b72a61dc4e22">
      <Execution id="8e3e161f-0f77-4d5c-ac2d-cddf75a674a4" />
      <TestMethod codeBase="/Users/bill/Repos/FLua/FLua.Parser.Tests/bin/Debug/net8.0/FLua.Parser.Tests.dll" adapterTypeName="executor://yolodev/expecto" className="Parser Tests.Statement Parser Tests.Parser Fixes.Assignment vs Function Call Disambiguation" name="table access function call" />
    </UnitTest>
    <UnitTest name="Parser Tests.Expression Parser Tests.Literals.negative hex integer" storage="/users/bill/repos/flua/flua.parser.tests/bin/debug/net8.0/flua.parser.tests.dll" id="f29bdae9-c01a-7137-ad74-65c73cf932a0">
      <Execution id="7caa63ae-546c-4066-847e-c14cdd07915b" />
      <TestMethod codeBase="/Users/bill/Repos/FLua/FLua.Parser.Tests/bin/Debug/net8.0/FLua.Parser.Tests.dll" adapterTypeName="executor://yolodev/expecto" className="Parser Tests.Expression Parser Tests.Literals" name="negative hex integer" />
    </UnitTest>
    <UnitTest name="Parser Tests.Statement Parser Tests.Variable Attributes.Local Variable Attributes.local close variable" storage="/users/bill/repos/flua/flua.parser.tests/bin/debug/net8.0/flua.parser.tests.dll" id="551f761e-e349-7a4d-824e-ba9635e4feb9">
      <Execution id="781e9590-8277-4035-97ce-57366dce62bf" />
      <TestMethod codeBase="/Users/bill/Repos/FLua/FLua.Parser.Tests/bin/Debug/net8.0/FLua.Parser.Tests.dll" adapterTypeName="executor://yolodev/expecto" className="Parser Tests.Statement Parser Tests.Variable Attributes.Local Variable Attributes" name="local close variable" />
    </UnitTest>
    <UnitTest name="Hex literal parsing.Max Int64 value" storage="/users/bill/repos/flua/flua.parser.tests/bin/debug/net8.0/flua.parser.tests.dll" id="ca2684eb-4d89-488c-7145-809d378571ad">
      <Execution id="2316915c-c550-498a-8962-315756c7eaa1" />
      <TestMethod codeBase="/Users/bill/Repos/FLua/FLua.Parser.Tests/bin/Debug/net8.0/FLua.Parser.Tests.dll" adapterTypeName="executor://yolodev/expecto" className="Hex literal parsing" name="Max Int64 value" />
    </UnitTest>
    <UnitTest name="Parser Tests.Statement Parser Tests.Control Flow Statements.if with elseif" storage="/users/bill/repos/flua/flua.parser.tests/bin/debug/net8.0/flua.parser.tests.dll" id="e5732d60-3c29-5f54-625b-18b06e1698c9">
      <Execution id="b85159f6-cdfe-460a-a80a-dc6c8f5782f2" />
      <TestMethod codeBase="/Users/bill/Repos/FLua/FLua.Parser.Tests/bin/Debug/net8.0/FLua.Parser.Tests.dll" adapterTypeName="executor://yolodev/expecto" className="Parser Tests.Statement Parser Tests.Control Flow Statements" name="if with elseif" />
    </UnitTest>
    <UnitTest name="Parser Tests.Expression Parser Tests.Function Calls.nested function calls" storage="/users/bill/repos/flua/flua.parser.tests/bin/debug/net8.0/flua.parser.tests.dll" id="bccd6e78-8c25-27a8-f677-63c64669d165">
      <Execution id="87febe77-2b31-4cc7-9b28-3f87bc5315dd" />
      <TestMethod codeBase="/Users/bill/Repos/FLua/FLua.Parser.Tests/bin/Debug/net8.0/FLua.Parser.Tests.dll" adapterTypeName="executor://yolodev/expecto" className="Parser Tests.Expression Parser Tests.Function Calls" name="nested function calls" />
    </UnitTest>
    <UnitTest name="Scientific notation parsing.Negative exponent" storage="/users/bill/repos/flua/flua.parser.tests/bin/debug/net8.0/flua.parser.tests.dll" id="107fd52a-d610-16f7-d2b4-50729b7deaad">
      <Execution id="7ac89499-9b69-4983-83c1-dde387d7cc84" />
      <TestMethod codeBase="/Users/bill/Repos/FLua/FLua.Parser.Tests/bin/Debug/net8.0/FLua.Parser.Tests.dll" adapterTypeName="executor://yolodev/expecto" className="Scientific notation parsing" name="Negative exponent" />
    </UnitTest>
    <UnitTest name="Parser Tests.Expression Parser Tests.Literals.escape newline" storage="/users/bill/repos/flua/flua.parser.tests/bin/debug/net8.0/flua.parser.tests.dll" id="04ba60a7-0794-c732-2213-aafcbc4ed08e">
      <Execution id="1a981d00-a00c-4560-92a0-f4c48772f02f" />
      <TestMethod codeBase="/Users/bill/Repos/FLua/FLua.Parser.Tests/bin/Debug/net8.0/FLua.Parser.Tests.dll" adapterTypeName="executor://yolodev/expecto" className="Parser Tests.Expression Parser Tests.Literals" name="escape newline" />
    </UnitTest>
    <UnitTest name="Parser Tests.Expression Parser Tests.Identifiers.alphanumeric identifier" storage="/users/bill/repos/flua/flua.parser.tests/bin/debug/net8.0/flua.parser.tests.dll" id="fdcfdd08-e7ac-a1f9-5ac4-b193cd2e55be">
      <Execution id="b81c4188-25ad-4d31-bf2d-5cac4d9d1e7b" />
      <TestMethod codeBase="/Users/bill/Repos/FLua/FLua.Parser.Tests/bin/Debug/net8.0/FLua.Parser.Tests.dll" adapterTypeName="executor://yolodev/expecto" className="Parser Tests.Expression Parser Tests.Identifiers" name="alphanumeric identifier" />
    </UnitTest>
    <UnitTest name="Parser Tests.Expression Parser Tests.Function Expressions.function with params and vararg" storage="/users/bill/repos/flua/flua.parser.tests/bin/debug/net8.0/flua.parser.tests.dll" id="adbea6d5-a912-6bd3-599d-7bd4f6b0b166">
      <Execution id="0ec79bc8-4476-4960-8bb8-1fff9f60f1e5" />
      <TestMethod codeBase="/Users/bill/Repos/FLua/FLua.Parser.Tests/bin/Debug/net8.0/FLua.Parser.Tests.dll" adapterTypeName="executor://yolodev/expecto" className="Parser Tests.Expression Parser Tests.Function Expressions" name="function with params and vararg" />
    </UnitTest>
    <UnitTest name="Parser Tests.Expression Parser Tests.Comparison Operators.equal" storage="/users/bill/repos/flua/flua.parser.tests/bin/debug/net8.0/flua.parser.tests.dll" id="2f3f10ea-dadb-86ef-4da9-f3e8ca2875bf">
      <Execution id="6ef10503-de96-4060-9a5b-8a91439e73ce" />
      <TestMethod codeBase="/Users/bill/Repos/FLua/FLua.Parser.Tests/bin/Debug/net8.0/FLua.Parser.Tests.dll" adapterTypeName="executor://yolodev/expecto" className="Parser Tests.Expression Parser Tests.Comparison Operators" name="equal" />
    </UnitTest>
    <UnitTest name="Function call parsing.Call with string literal (no parens)" storage="/users/bill/repos/flua/flua.parser.tests/bin/debug/net8.0/flua.parser.tests.dll" id="e49a374f-44a9-aa9d-355d-21ac7439d26a">
      <Execution id="b8b8b20a-81c1-4c61-9439-85af04ae0eca" />
      <TestMethod codeBase="/Users/bill/Repos/FLua/FLua.Parser.Tests/bin/Debug/net8.0/FLua.Parser.Tests.dll" adapterTypeName="executor://yolodev/expecto" className="Function call parsing" name="Call with string literal (no parens)" />
    </UnitTest>
    <UnitTest name="Parser Tests.Statement Parser Tests.Control Flow Statements.Function Definitions.function with vararg" storage="/users/bill/repos/flua/flua.parser.tests/bin/debug/net8.0/flua.parser.tests.dll" id="d1a34dd5-f580-23eb-b44e-ee2c966b1def">
      <Execution id="8b4c009a-965a-4de3-893d-d5a648b5a1a4" />
      <TestMethod codeBase="/Users/bill/Repos/FLua/FLua.Parser.Tests/bin/Debug/net8.0/FLua.Parser.Tests.dll" adapterTypeName="executor://yolodev/expecto" className="Parser Tests.Statement Parser Tests.Control Flow Statements.Function Definitions" name="function with vararg" />
    </UnitTest>
    <UnitTest name="Parser Tests.Expression Parser Tests.Edge Cases.mixed data types" storage="/users/bill/repos/flua/flua.parser.tests/bin/debug/net8.0/flua.parser.tests.dll" id="8172ea32-9774-17c0-293a-0ca21dc5cce3">
      <Execution id="a0713738-594b-4967-882c-e138ce273b65" />
      <TestMethod codeBase="/Users/bill/Repos/FLua/FLua.Parser.Tests/bin/Debug/net8.0/FLua.Parser.Tests.dll" adapterTypeName="executor://yolodev/expecto" className="Parser Tests.Expression Parser Tests.Edge Cases" name="mixed data types" />
    </UnitTest>
    <UnitTest name="Parser Tests.Expression Parser Tests.Literals.unicode escape A" storage="/users/bill/repos/flua/flua.parser.tests/bin/debug/net8.0/flua.parser.tests.dll" id="a4cab702-ac88-7d1a-c836-d98380cd86ed">
      <Execution id="217c8b70-cf05-47df-a131-fec9eb3a9c16" />
      <TestMethod codeBase="/Users/bill/Repos/FLua/FLua.Parser.Tests/bin/Debug/net8.0/FLua.Parser.Tests.dll" adapterTypeName="executor://yolodev/expecto" className="Parser Tests.Expression Parser Tests.Literals" name="unicode escape A" />
    </UnitTest>
    <UnitTest name="Parser Tests.Expression Parser Tests.Method Calls.chained method calls" storage="/users/bill/repos/flua/flua.parser.tests/bin/debug/net8.0/flua.parser.tests.dll" id="28ddcac7-99bc-77c0-4dc8-ebd403fecbf6">
      <Execution id="5e3caae7-5092-4493-9e51-56e9c4c2bdfc" />
      <TestMethod codeBase="/Users/bill/Repos/FLua/FLua.Parser.Tests/bin/Debug/net8.0/FLua.Parser.Tests.dll" adapterTypeName="executor://yolodev/expecto" className="Parser Tests.Expression Parser Tests.Method Calls" name="chained method calls" />
    </UnitTest>
    <UnitTest name="Identifier parsing.Underscore as identifier" storage="/users/bill/repos/flua/flua.parser.tests/bin/debug/net8.0/flua.parser.tests.dll" id="763c96db-6624-3c72-6180-fc6aded732d6">
      <Execution id="03227ad9-f76f-45c1-8eb9-206b30c2af79" />
      <TestMethod codeBase="/Users/bill/Repos/FLua/FLua.Parser.Tests/bin/Debug/net8.0/FLua.Parser.Tests.dll" adapterTypeName="executor://yolodev/expecto" className="Identifier parsing" name="Underscore as identifier" />
    </UnitTest>
    <UnitTest name="Parser Tests.Statement Parser Tests.Parser Fixes.Table Assignment at Statement Level (Fixed).chained table assignment" storage="/users/bill/repos/flua/flua.parser.tests/bin/debug/net8.0/flua.parser.tests.dll" id="50787197-3318-8798-72b6-de8685990f85">
      <Execution id="ff2c983a-aaca-43a8-bcec-3a9cebed1f76" />
      <TestMethod codeBase="/Users/bill/Repos/FLua/FLua.Parser.Tests/bin/Debug/net8.0/FLua.Parser.Tests.dll" adapterTypeName="executor://yolodev/expecto" className="Parser Tests.Statement Parser Tests.Parser Fixes.Table Assignment at Statement Level (Fixed)" name="chained table assignment" />
    </UnitTest>
    <UnitTest name="Parser Tests.Expression Parser Tests.Literals.boolean true" storage="/users/bill/repos/flua/flua.parser.tests/bin/debug/net8.0/flua.parser.tests.dll" id="79d5918b-926d-0485-ef83-d1e8dd4fbb4d">
      <Execution id="e76f1a6f-d5e7-46d4-ada7-8af7384a54ce" />
      <TestMethod codeBase="/Users/bill/Repos/FLua/FLua.Parser.Tests/bin/Debug/net8.0/FLua.Parser.Tests.dll" adapterTypeName="executor://yolodev/expecto" className="Parser Tests.Expression Parser Tests.Literals" name="boolean true" />
    </UnitTest>
    <UnitTest name="Operator precedence.Arithmetic precedence" storage="/users/bill/repos/flua/flua.parser.tests/bin/debug/net8.0/flua.parser.tests.dll" id="7254bc38-d0ef-97ce-6b01-c2b0df4e1184">
      <Execution id="550e2f83-1d9b-483b-a5e7-71e5dedcce71" />
      <TestMethod codeBase="/Users/bill/Repos/FLua/FLua.Parser.Tests/bin/Debug/net8.0/FLua.Parser.Tests.dll" adapterTypeName="executor://yolodev/expecto" className="Operator precedence" name="Arithmetic precedence" />
    </UnitTest>
    <UnitTest name="Parser Tests.Expression Parser Tests.Method Calls.method with single arg" storage="/users/bill/repos/flua/flua.parser.tests/bin/debug/net8.0/flua.parser.tests.dll" id="13e04fc6-8833-a314-b97b-622e7e4d78bc">
      <Execution id="339c93b6-a0bd-42ff-9485-5f280df798b4" />
      <TestMethod codeBase="/Users/bill/Repos/FLua/FLua.Parser.Tests/bin/Debug/net8.0/FLua.Parser.Tests.dll" adapterTypeName="executor://yolodev/expecto" className="Parser Tests.Expression Parser Tests.Method Calls" name="method with single arg" />
    </UnitTest>
    <UnitTest name="Parser Tests.Expression Parser Tests.Literals.line continuation basic" storage="/users/bill/repos/flua/flua.parser.tests/bin/debug/net8.0/flua.parser.tests.dll" id="e75832d6-d2ab-78bd-b121-c76c19fe297c">
      <Execution id="fb0fa8ba-9f83-4e70-b085-c5f20c3d32c4" />
      <TestMethod codeBase="/Users/bill/Repos/FLua/FLua.Parser.Tests/bin/Debug/net8.0/FLua.Parser.Tests.dll" adapterTypeName="executor://yolodev/expecto" className="Parser Tests.Expression Parser Tests.Literals" name="line continuation basic" />
    </UnitTest>
    <UnitTest name="Parser Tests.Statement Parser Tests.Parser Fixes.Table Access in Binary Expressions (Fixed).table access addition" storage="/users/bill/repos/flua/flua.parser.tests/bin/debug/net8.0/flua.parser.tests.dll" id="31f49240-24a2-0e5e-c8c3-739b4d81c6d7">
      <Execution id="36d3767d-5f69-4bae-a74e-826ee74c22b4" />
      <TestMethod codeBase="/Users/bill/Repos/FLua/FLua.Parser.Tests/bin/Debug/net8.0/FLua.Parser.Tests.dll" adapterTypeName="executor://yolodev/expecto" className="Parser Tests.Statement Parser Tests.Parser Fixes.Table Access in Binary Expressions (Fixed)" name="table access addition" />
    </UnitTest>
    <UnitTest name="Parser Tests.Statement Parser Tests.Control Flow Statements.simple if" storage="/users/bill/repos/flua/flua.parser.tests/bin/debug/net8.0/flua.parser.tests.dll" id="63187717-8e00-caba-40f9-a91ffcda26a1">
      <Execution id="a9e37d9c-6393-4901-84f4-ae27c1f00606" />
      <TestMethod codeBase="/Users/bill/Repos/FLua/FLua.Parser.Tests/bin/Debug/net8.0/FLua.Parser.Tests.dll" adapterTypeName="executor://yolodev/expecto" className="Parser Tests.Statement Parser Tests.Control Flow Statements" name="simple if" />
    </UnitTest>
    <UnitTest name="Parser Tests.Expression Parser Tests.Logical Operators.or" storage="/users/bill/repos/flua/flua.parser.tests/bin/debug/net8.0/flua.parser.tests.dll" id="b2106cab-7252-8e78-56a6-4549da11719c">
      <Execution id="69ab91e9-d1e5-48f4-8c0b-34aa58d5ec34" />
      <TestMethod codeBase="/Users/bill/Repos/FLua/FLua.Parser.Tests/bin/Debug/net8.0/FLua.Parser.Tests.dll" adapterTypeName="executor://yolodev/expecto" className="Parser Tests.Expression Parser Tests.Logical Operators" name="or" />
    </UnitTest>
    <UnitTest name="Generic for loop parsing.Standard syntax with parentheses" storage="/users/bill/repos/flua/flua.parser.tests/bin/debug/net8.0/flua.parser.tests.dll" id="5cb5360f-8333-646e-ca46-79420386605a">
      <Execution id="c5347e04-0bd6-4b40-9b59-f454e51c32d0" />
      <TestMethod codeBase="/Users/bill/Repos/FLua/FLua.Parser.Tests/bin/Debug/net8.0/FLua.Parser.Tests.dll" adapterTypeName="executor://yolodev/expecto" className="Generic for loop parsing" name="Standard syntax with parentheses" />
    </UnitTest>
    <UnitTest name="Parser Tests.Expression Parser Tests.Parentheses.nested parentheses" storage="/users/bill/repos/flua/flua.parser.tests/bin/debug/net8.0/flua.parser.tests.dll" id="1c24d863-fa07-deb5-4fb7-f467d466cb55">
      <Execution id="33247d9d-e815-44cd-8e62-b0e85704d1ee" />
      <TestMethod codeBase="/Users/bill/Repos/FLua/FLua.Parser.Tests/bin/Debug/net8.0/FLua.Parser.Tests.dll" adapterTypeName="executor://yolodev/expecto" className="Parser Tests.Expression Parser Tests.Parentheses" name="nested parentheses" />
    </UnitTest>
    <UnitTest name="Parser Tests.Statement Parser Tests.Control Flow Statements.while loop" storage="/users/bill/repos/flua/flua.parser.tests/bin/debug/net8.0/flua.parser.tests.dll" id="61aaf27a-5745-0675-9d0e-4fbe43a5a884">
      <Execution id="f62beac8-44aa-4555-91f6-1030f48c01e1" />
      <TestMethod codeBase="/Users/bill/Repos/FLua/FLua.Parser.Tests/bin/Debug/net8.0/FLua.Parser.Tests.dll" adapterTypeName="executor://yolodev/expecto" className="Parser Tests.Statement Parser Tests.Control Flow Statements" name="while loop" />
    </UnitTest>
    <UnitTest name="Parser Tests.Statement Parser Tests.Integration Tests - Multiple Features.chained method calls with table access" storage="/users/bill/repos/flua/flua.parser.tests/bin/debug/net8.0/flua.parser.tests.dll" id="3d0a5188-5277-1639-d400-b007191338ee">
      <Execution id="8d02eae8-7eec-4e23-a2dc-6fe591cc5ae7" />
      <TestMethod codeBase="/Users/bill/Repos/FLua/FLua.Parser.Tests/bin/Debug/net8.0/FLua.Parser.Tests.dll" adapterTypeName="executor://yolodev/expecto" className="Parser Tests.Statement Parser Tests.Integration Tests - Multiple Features" name="chained method calls with table access" />
    </UnitTest>
    <UnitTest name="Parser Tests.Expression Parser Tests.Method Calls.method with expression args" storage="/users/bill/repos/flua/flua.parser.tests/bin/debug/net8.0/flua.parser.tests.dll" id="1709b4f3-8a8f-5c39-8a35-941bd3a74a13">
      <Execution id="e92d4405-537c-4339-942c-0a85eef96bdf" />
      <TestMethod codeBase="/Users/bill/Repos/FLua/FLua.Parser.Tests/bin/Debug/net8.0/FLua.Parser.Tests.dll" adapterTypeName="executor://yolodev/expecto" className="Parser Tests.Expression Parser Tests.Method Calls" name="method with expression args" />
    </UnitTest>
    <UnitTest name="Parser Tests.Expression Parser Tests.Power Operator.simple power" storage="/users/bill/repos/flua/flua.parser.tests/bin/debug/net8.0/flua.parser.tests.dll" id="f8e7b8a6-9a5d-992c-06a6-7db03c0015d3">
      <Execution id="8ee119ac-a68a-48d2-b214-d6d43aa72165" />
      <TestMethod codeBase="/Users/bill/Repos/FLua/FLua.Parser.Tests/bin/Debug/net8.0/FLua.Parser.Tests.dll" adapterTypeName="executor://yolodev/expecto" className="Parser Tests.Expression Parser Tests.Power Operator" name="simple power" />
    </UnitTest>
    <UnitTest name="Parser Tests.Expression Parser Tests.Comparison Operators.greater equal" storage="/users/bill/repos/flua/flua.parser.tests/bin/debug/net8.0/flua.parser.tests.dll" id="7de23b8f-ae41-29e1-9984-ffa5121128b2">
      <Execution id="5e15aed5-b9f4-4023-b209-bb1fadd05e24" />
      <TestMethod codeBase="/Users/bill/Repos/FLua/FLua.Parser.Tests/bin/Debug/net8.0/FLua.Parser.Tests.dll" adapterTypeName="executor://yolodev/expecto" className="Parser Tests.Expression Parser Tests.Comparison Operators" name="greater equal" />
    </UnitTest>
    <UnitTest name="Parser Tests.Expression Parser Tests.Literals.line continuation empty" storage="/users/bill/repos/flua/flua.parser.tests/bin/debug/net8.0/flua.parser.tests.dll" id="556ee242-82d6-10d0-ca79-6cc9ec701327">
      <Execution id="f1e54497-720e-495a-ab93-3729f8f0fdee" />
      <TestMethod codeBase="/Users/bill/Repos/FLua/FLua.Parser.Tests/bin/Debug/net8.0/FLua.Parser.Tests.dll" adapterTypeName="executor://yolodev/expecto" className="Parser Tests.Expression Parser Tests.Literals" name="line continuation empty" />
    </UnitTest>
    <UnitTest name="Parser Tests.Statement Parser Tests.Parser Fixes.Complex Assignment Patterns.assignment with table constructor key" storage="/users/bill/repos/flua/flua.parser.tests/bin/debug/net8.0/flua.parser.tests.dll" id="61b22050-97ad-20ac-89ce-f3b72a5a8e5a">
      <Execution id="75a910eb-1cf6-4994-be72-ac60f34ef594" />
      <TestMethod codeBase="/Users/bill/Repos/FLua/FLua.Parser.Tests/bin/Debug/net8.0/FLua.Parser.Tests.dll" adapterTypeName="executor://yolodev/expecto" className="Parser Tests.Statement Parser Tests.Parser Fixes.Complex Assignment Patterns" name="assignment with table constructor key" />
    </UnitTest>
    <UnitTest name="Parser Tests.Expression Parser Tests.Unary Operators.not" storage="/users/bill/repos/flua/flua.parser.tests/bin/debug/net8.0/flua.parser.tests.dll" id="bf42d420-5348-a17d-f0f1-75c223705f03">
      <Execution id="6c31cfb5-b707-4a3d-ab26-1ef56611cbaf" />
      <TestMethod codeBase="/Users/bill/Repos/FLua/FLua.Parser.Tests/bin/Debug/net8.0/FLua.Parser.Tests.dll" adapterTypeName="executor://yolodev/expecto" className="Parser Tests.Expression Parser Tests.Unary Operators" name="not" />
    </UnitTest>
    <UnitTest name="Parser Tests.Statement Parser Tests.Variable Attributes.Local Variable Attributes.multiple variables with mixed attributes" storage="/users/bill/repos/flua/flua.parser.tests/bin/debug/net8.0/flua.parser.tests.dll" id="436116f5-bf6c-9584-a37a-ff3cdf214fe2">
      <Execution id="ae1659e1-a73a-4917-8985-64231d1ac634" />
      <TestMethod codeBase="/Users/bill/Repos/FLua/FLua.Parser.Tests/bin/Debug/net8.0/FLua.Parser.Tests.dll" adapterTypeName="executor://yolodev/expecto" className="Parser Tests.Statement Parser Tests.Variable Attributes.Local Variable Attributes" name="multiple variables with mixed attributes" />
    </UnitTest>
    <UnitTest name="Parser Tests.Expression Parser Tests.Function Calls.multiple arguments" storage="/users/bill/repos/flua/flua.parser.tests/bin/debug/net8.0/flua.parser.tests.dll" id="3c0e3cca-3008-f566-244c-afe831eddad2">
      <Execution id="a8be0b47-745b-4765-85f0-9cbf688d1ba2" />
      <TestMethod codeBase="/Users/bill/Repos/FLua/FLua.Parser.Tests/bin/Debug/net8.0/FLua.Parser.Tests.dll" adapterTypeName="executor://yolodev/expecto" className="Parser Tests.Expression Parser Tests.Function Calls" name="multiple arguments" />
    </UnitTest>
    <UnitTest name="Parser Tests.Expression Parser Tests.Function Expressions.function with parameters" storage="/users/bill/repos/flua/flua.parser.tests/bin/debug/net8.0/flua.parser.tests.dll" id="01230dda-dd09-14e4-5ba7-6cc5a66146fe">
      <Execution id="49d894ea-2b2e-48eb-94a4-ece57cec1ce4" />
      <TestMethod codeBase="/Users/bill/Repos/FLua/FLua.Parser.Tests/bin/Debug/net8.0/FLua.Parser.Tests.dll" adapterTypeName="executor://yolodev/expecto" className="Parser Tests.Expression Parser Tests.Function Expressions" name="function with parameters" />
    </UnitTest>
    <UnitTest name="Parser Tests.Expression Parser Tests.Logical Operators.and" storage="/users/bill/repos/flua/flua.parser.tests/bin/debug/net8.0/flua.parser.tests.dll" id="91cc1712-5c7e-8346-f0fe-787746e3c609">
      <Execution id="6003f42d-9c22-4979-94cc-5e3ee132aa23" />
      <TestMethod codeBase="/Users/bill/Repos/FLua/FLua.Parser.Tests/bin/Debug/net8.0/FLua.Parser.Tests.dll" adapterTypeName="executor://yolodev/expecto" className="Parser Tests.Expression Parser Tests.Logical Operators" name="and" />
    </UnitTest>
    <UnitTest name="Parser Tests.Expression Parser Tests.Multiplicative Operators.left associative" storage="/users/bill/repos/flua/flua.parser.tests/bin/debug/net8.0/flua.parser.tests.dll" id="51ca660f-46f5-4f0b-f9eb-b6d216c6a4a2">
      <Execution id="298c12f3-ad5a-4e66-a9ec-cb9859c912bf" />
      <TestMethod codeBase="/Users/bill/Repos/FLua/FLua.Parser.Tests/bin/Debug/net8.0/FLua.Parser.Tests.dll" adapterTypeName="executor://yolodev/expecto" className="Parser Tests.Expression Parser Tests.Multiplicative Operators" name="left associative" />
    </UnitTest>
    <UnitTest name="Parser Tests.Expression Parser Tests.Table Access.mixed access" storage="/users/bill/repos/flua/flua.parser.tests/bin/debug/net8.0/flua.parser.tests.dll" id="1a7858ec-7b00-19e3-8d93-b0573ac54671">
      <Execution id="d5f9dfef-89e8-4386-8f55-128df0b65d7a" />
      <TestMethod codeBase="/Users/bill/Repos/FLua/FLua.Parser.Tests/bin/Debug/net8.0/FLua.Parser.Tests.dll" adapterTypeName="executor://yolodev/expecto" className="Parser Tests.Expression Parser Tests.Table Access" name="mixed access" />
    </UnitTest>
    <UnitTest name="Parser Tests.Expression Parser Tests.Function Calls.function call in expression" storage="/users/bill/repos/flua/flua.parser.tests/bin/debug/net8.0/flua.parser.tests.dll" id="fc7a0a39-6e21-813b-9448-b0a212a69660">
      <Execution id="3d3a3b50-9c7a-4cbb-936c-9be8304aff09" />
      <TestMethod codeBase="/Users/bill/Repos/FLua/FLua.Parser.Tests/bin/Debug/net8.0/FLua.Parser.Tests.dll" adapterTypeName="executor://yolodev/expecto" className="Parser Tests.Expression Parser Tests.Function Calls" name="function call in expression" />
    </UnitTest>
    <UnitTest name="Parser Tests.Statement Parser Tests.Control Flow Statements.For Loops.generic for with body" storage="/users/bill/repos/flua/flua.parser.tests/bin/debug/net8.0/flua.parser.tests.dll" id="a65bf685-fa17-2ecf-1f83-09acfe0e037c">
      <Execution id="b998084b-fd0c-4d47-a2f0-b136347101e0" />
      <TestMethod codeBase="/Users/bill/Repos/FLua/FLua.Parser.Tests/bin/Debug/net8.0/FLua.Parser.Tests.dll" adapterTypeName="executor://yolodev/expecto" className="Parser Tests.Statement Parser Tests.Control Flow Statements.For Loops" name="generic for with body" />
    </UnitTest>
    <UnitTest name="Decimal number parsing.Numbers ending with dot" storage="/users/bill/repos/flua/flua.parser.tests/bin/debug/net8.0/flua.parser.tests.dll" id="a70297cb-b828-e320-a622-e744839b447c">
      <Execution id="a5ca113b-a7db-4b87-a1d2-dcbc34acdda4" />
      <TestMethod codeBase="/Users/bill/Repos/FLua/FLua.Parser.Tests/bin/Debug/net8.0/FLua.Parser.Tests.dll" adapterTypeName="executor://yolodev/expecto" className="Decimal number parsing" name="Numbers ending with dot" />
    </UnitTest>
    <UnitTest name="Parser Tests.Expression Parser Tests.Table Access.table access with function call" storage="/users/bill/repos/flua/flua.parser.tests/bin/debug/net8.0/flua.parser.tests.dll" id="237acf57-c5fc-ca6c-3440-3d76add45b48">
      <Execution id="5e1fd5aa-630d-443c-a125-f6fbfb2fbc9b" />
      <TestMethod codeBase="/Users/bill/Repos/FLua/FLua.Parser.Tests/bin/Debug/net8.0/FLua.Parser.Tests.dll" adapterTypeName="executor://yolodev/expecto" className="Parser Tests.Expression Parser Tests.Table Access" name="table access with function call" />
    </UnitTest>
    <UnitTest name="Parser Tests.Expression Parser Tests.Table Constructors.Complex Examples.table with function calls" storage="/users/bill/repos/flua/flua.parser.tests/bin/debug/net8.0/flua.parser.tests.dll" id="77611967-c39f-23b1-340b-615b960040c1">
      <Execution id="8fac6141-5124-4949-99c6-e20afbb3031c" />
      <TestMethod codeBase="/Users/bill/Repos/FLua/FLua.Parser.Tests/bin/Debug/net8.0/FLua.Parser.Tests.dll" adapterTypeName="executor://yolodev/expecto" className="Parser Tests.Expression Parser Tests.Table Constructors.Complex Examples" name="table with function calls" />
    </UnitTest>
    <UnitTest name="Parser Tests.Expression Parser Tests.Method Calls.method call with long string with space" storage="/users/bill/repos/flua/flua.parser.tests/bin/debug/net8.0/flua.parser.tests.dll" id="19a77eda-136e-3711-6b1c-4a0ca92ae853">
      <Execution id="e1eb8872-f569-461b-9ea5-ab6333bd397b" />
      <TestMethod codeBase="/Users/bill/Repos/FLua/FLua.Parser.Tests/bin/Debug/net8.0/FLua.Parser.Tests.dll" adapterTypeName="executor://yolodev/expecto" className="Parser Tests.Expression Parser Tests.Method Calls" name="method call with long string with space" />
    </UnitTest>
    <UnitTest name="Parser Tests.Statement Parser Tests.Control Flow Statements.if with elseif and else" storage="/users/bill/repos/flua/flua.parser.tests/bin/debug/net8.0/flua.parser.tests.dll" id="32c198b5-8ae6-5eaa-e3d6-53da2a126eff">
      <Execution id="51771272-196c-4e97-a9e4-3d7dc69fd2bd" />
      <TestMethod codeBase="/Users/bill/Repos/FLua/FLua.Parser.Tests/bin/Debug/net8.0/FLua.Parser.Tests.dll" adapterTypeName="executor://yolodev/expecto" className="Parser Tests.Statement Parser Tests.Control Flow Statements" name="if with elseif and else" />
    </UnitTest>
    <UnitTest name="Parser Tests.Statement Parser Tests.Parser Fixes.Table Assignment at Statement Level (Fixed).table index assignment" storage="/users/bill/repos/flua/flua.parser.tests/bin/debug/net8.0/flua.parser.tests.dll" id="de963660-c9b7-1271-b4b4-cb536cfbd754">
      <Execution id="0310bbc3-dd66-418f-b07d-d9dbabef9da4" />
      <TestMethod codeBase="/Users/bill/Repos/FLua/FLua.Parser.Tests/bin/Debug/net8.0/FLua.Parser.Tests.dll" adapterTypeName="executor://yolodev/expecto" className="Parser Tests.Statement Parser Tests.Parser Fixes.Table Assignment at Statement Level (Fixed)" name="table index assignment" />
    </UnitTest>
    <UnitTest name="Parser Tests.Expression Parser Tests.Literals.decimal escape two digits" storage="/users/bill/repos/flua/flua.parser.tests/bin/debug/net8.0/flua.parser.tests.dll" id="f1daec19-81ab-0a86-67a4-55383baf385f">
      <Execution id="97c15e7d-ace0-4fdc-95d9-b3dccc666758" />
      <TestMethod codeBase="/Users/bill/Repos/FLua/FLua.Parser.Tests/bin/Debug/net8.0/FLua.Parser.Tests.dll" adapterTypeName="executor://yolodev/expecto" className="Parser Tests.Expression Parser Tests.Literals" name="decimal escape two digits" />
    </UnitTest>
    <UnitTest name="Parser Tests.Expression Parser Tests.Literals.escape carriage return" storage="/users/bill/repos/flua/flua.parser.tests/bin/debug/net8.0/flua.parser.tests.dll" id="7629efc5-22c4-69dc-f7ed-95c284f64f2c">
      <Execution id="c2c2e398-cc25-4aea-a02e-05a86b8f3512" />
      <TestMethod codeBase="/Users/bill/Repos/FLua/FLua.Parser.Tests/bin/Debug/net8.0/FLua.Parser.Tests.dll" adapterTypeName="executor://yolodev/expecto" className="Parser Tests.Expression Parser Tests.Literals" name="escape carriage return" />
    </UnitTest>
    <UnitTest name="Parser Tests.Expression Parser Tests.Literals.decimal escape with following digit" storage="/users/bill/repos/flua/flua.parser.tests/bin/debug/net8.0/flua.parser.tests.dll" id="9c232a12-9174-3ded-7f7f-f119a1bec44c">
      <Execution id="778ce946-500f-4f04-9ccd-f3c33d9f0d06" />
      <TestMethod codeBase="/Users/bill/Repos/FLua/FLua.Parser.Tests/bin/Debug/net8.0/FLua.Parser.Tests.dll" adapterTypeName="executor://yolodev/expecto" className="Parser Tests.Expression Parser Tests.Literals" name="decimal escape with following digit" />
    </UnitTest>
    <UnitTest name="Parser Tests.Statement Parser Tests.Control Flow Statements.simple if with statement" storage="/users/bill/repos/flua/flua.parser.tests/bin/debug/net8.0/flua.parser.tests.dll" id="a2ad77d5-a223-490a-1277-8c00d5248cb1">
      <Execution id="4783e16f-3853-4467-94e3-32f450e0ec1c" />
      <TestMethod codeBase="/Users/bill/Repos/FLua/FLua.Parser.Tests/bin/Debug/net8.0/FLua.Parser.Tests.dll" adapterTypeName="executor://yolodev/expecto" className="Parser Tests.Statement Parser Tests.Control Flow Statements" name="simple if with statement" />
    </UnitTest>
    <UnitTest name="Parser Tests.Statement Parser Tests.Basic Statements.local declaration" storage="/users/bill/repos/flua/flua.parser.tests/bin/debug/net8.0/flua.parser.tests.dll" id="e914e3fe-73be-d3f9-019e-573e777a6b58">
      <Execution id="5030865c-3a50-4361-9735-f9706f6fa617" />
      <TestMethod codeBase="/Users/bill/Repos/FLua/FLua.Parser.Tests/bin/Debug/net8.0/FLua.Parser.Tests.dll" adapterTypeName="executor://yolodev/expecto" className="Parser Tests.Statement Parser Tests.Basic Statements" name="local declaration" />
    </UnitTest>
    <UnitTest name="Parser Tests.Expression Parser Tests.Literals.escape backspace" storage="/users/bill/repos/flua/flua.parser.tests/bin/debug/net8.0/flua.parser.tests.dll" id="dd87e8f5-47dd-63a5-b069-c24fab3a48d5">
      <Execution id="a89773da-c451-4b1a-b822-206cbeaebc4c" />
      <TestMethod codeBase="/Users/bill/Repos/FLua/FLua.Parser.Tests/bin/Debug/net8.0/FLua.Parser.Tests.dll" adapterTypeName="executor://yolodev/expecto" className="Parser Tests.Expression Parser Tests.Literals" name="escape backspace" />
    </UnitTest>
    <UnitTest name="Function call parsing.Call with table constructor (no parens)" storage="/users/bill/repos/flua/flua.parser.tests/bin/debug/net8.0/flua.parser.tests.dll" id="f3bed39f-48ad-33ee-e5db-7f7f6353e59e">
      <Execution id="eeb7e619-65c9-4115-ad36-2827524b4090" />
      <TestMethod codeBase="/Users/bill/Repos/FLua/FLua.Parser.Tests/bin/Debug/net8.0/FLua.Parser.Tests.dll" adapterTypeName="executor://yolodev/expecto" className="Function call parsing" name="Call with table constructor (no parens)" />
    </UnitTest>
    <UnitTest name="Parser Tests.Expression Parser Tests.Whitespace Handling.no spaces" storage="/users/bill/repos/flua/flua.parser.tests/bin/debug/net8.0/flua.parser.tests.dll" id="7bc1d170-f1b7-3e2b-5aa9-100d068bc770">
      <Execution id="508ed05a-d190-4799-98bf-e758c024ad4e" />
      <TestMethod codeBase="/Users/bill/Repos/FLua/FLua.Parser.Tests/bin/Debug/net8.0/FLua.Parser.Tests.dll" adapterTypeName="executor://yolodev/expecto" className="Parser Tests.Expression Parser Tests.Whitespace Handling" name="no spaces" />
    </UnitTest>
    <UnitTest name="Parser Tests.Expression Parser Tests.Literals.negative hex float" storage="/users/bill/repos/flua/flua.parser.tests/bin/debug/net8.0/flua.parser.tests.dll" id="a5c15af2-bd63-9071-a28b-992426b66362">
      <Execution id="a5415fdb-e080-411c-99d7-07f014559f0f" />
      <TestMethod codeBase="/Users/bill/Repos/FLua/FLua.Parser.Tests/bin/Debug/net8.0/FLua.Parser.Tests.dll" adapterTypeName="executor://yolodev/expecto" className="Parser Tests.Expression Parser Tests.Literals" name="negative hex float" />
    </UnitTest>
    <UnitTest name="Parser Tests.Statement Parser Tests.Variable Attributes.Generic For Attributes.generic for with const variable" storage="/users/bill/repos/flua/flua.parser.tests/bin/debug/net8.0/flua.parser.tests.dll" id="f720ad31-ae74-79e7-22fb-fd540fe1e410">
      <Execution id="77f15425-d1bd-40f1-b3e4-ffffb4c4c518" />
      <TestMethod codeBase="/Users/bill/Repos/FLua/FLua.Parser.Tests/bin/Debug/net8.0/FLua.Parser.Tests.dll" adapterTypeName="executor://yolodev/expecto" className="Parser Tests.Statement Parser Tests.Variable Attributes.Generic For Attributes" name="generic for with const variable" />
    </UnitTest>
    <UnitTest name="Parser Tests.Expression Parser Tests.Method Calls.method call with long string multiline" storage="/users/bill/repos/flua/flua.parser.tests/bin/debug/net8.0/flua.parser.tests.dll" id="c1a072c2-ee01-a7ae-6887-46b271e84c2b">
      <Execution id="07f90f1d-26e1-4404-a18a-ca92c673801f" />
      <TestMethod codeBase="/Users/bill/Repos/FLua/FLua.Parser.Tests/bin/Debug/net8.0/FLua.Parser.Tests.dll" adapterTypeName="executor://yolodev/expecto" className="Parser Tests.Expression Parser Tests.Method Calls" name="method call with long string multiline" />
    </UnitTest>
    <UnitTest name="Parser Tests.Statement Parser Tests.Control Flow Statements.Labels and Goto.simple label" storage="/users/bill/repos/flua/flua.parser.tests/bin/debug/net8.0/flua.parser.tests.dll" id="f56c348e-07a4-4939-d517-9340c0ab873a">
      <Execution id="a4fe932f-8685-4085-9a04-1a95beccf36b" />
      <TestMethod codeBase="/Users/bill/Repos/FLua/FLua.Parser.Tests/bin/Debug/net8.0/FLua.Parser.Tests.dll" adapterTypeName="executor://yolodev/expecto" className="Parser Tests.Statement Parser Tests.Control Flow Statements.Labels and Goto" name="simple label" />
    </UnitTest>
    <UnitTest name="Identifier parsing.Reserved words" storage="/users/bill/repos/flua/flua.parser.tests/bin/debug/net8.0/flua.parser.tests.dll" id="41759be0-8d28-fc24-8f8d-4b3695413d75">
      <Execution id="d88c0afa-4f27-4f8c-9657-7c791bbef8bf" />
      <TestMethod codeBase="/Users/bill/Repos/FLua/FLua.Parser.Tests/bin/Debug/net8.0/FLua.Parser.Tests.dll" adapterTypeName="executor://yolodev/expecto" className="Identifier parsing" name="Reserved words" />
    </UnitTest>
    <UnitTest name="Parser Tests.Statement Parser Tests.Variable Attributes.Function Parameter Attributes.local function with attributes" storage="/users/bill/repos/flua/flua.parser.tests/bin/debug/net8.0/flua.parser.tests.dll" id="413dc1a3-0eee-2fa8-da62-4788e8635f66">
      <Execution id="181096a0-4891-4419-b24d-bd480fd5eb1d" />
      <TestMethod codeBase="/Users/bill/Repos/FLua/FLua.Parser.Tests/bin/Debug/net8.0/FLua.Parser.Tests.dll" adapterTypeName="executor://yolodev/expecto" className="Parser Tests.Statement Parser Tests.Variable Attributes.Function Parameter Attributes" name="local function with attributes" />
    </UnitTest>
    <UnitTest name="Parser Tests.Statement Parser Tests.Control Flow Statements.Labels and Goto.label with spaces" storage="/users/bill/repos/flua/flua.parser.tests/bin/debug/net8.0/flua.parser.tests.dll" id="b7cfb307-96eb-9fb6-4f2c-0693389085a8">
      <Execution id="c033f5ba-e18b-4b6f-b189-5a73ae0b5f4b" />
      <TestMethod codeBase="/Users/bill/Repos/FLua/FLua.Parser.Tests/bin/Debug/net8.0/FLua.Parser.Tests.dll" adapterTypeName="executor://yolodev/expecto" className="Parser Tests.Statement Parser Tests.Control Flow Statements.Labels and Goto" name="label with spaces" />
    </UnitTest>
    <UnitTest name="Long string parsing.Nested brackets" storage="/users/bill/repos/flua/flua.parser.tests/bin/debug/net8.0/flua.parser.tests.dll" id="ac74d753-3ccd-5e13-c5be-1ad7a4aad554">
      <Execution id="a6bdbe57-5cfa-4051-aa4c-bc3bef688c88" />
      <TestMethod codeBase="/Users/bill/Repos/FLua/FLua.Parser.Tests/bin/Debug/net8.0/FLua.Parser.Tests.dll" adapterTypeName="executor://yolodev/expecto" className="Long string parsing" name="Nested brackets" />
    </UnitTest>
    <UnitTest name="Parser Tests.Statement Parser Tests.Basic Statements.return value" storage="/users/bill/repos/flua/flua.parser.tests/bin/debug/net8.0/flua.parser.tests.dll" id="c98a6040-df85-4dcf-82be-4564f2a354ed">
      <Execution id="bf48ea02-2289-455a-8ab5-1a7d0e8e687f" />
      <TestMethod codeBase="/Users/bill/Repos/FLua/FLua.Parser.Tests/bin/Debug/net8.0/FLua.Parser.Tests.dll" adapterTypeName="executor://yolodev/expecto" className="Parser Tests.Statement Parser Tests.Basic Statements" name="return value" />
    </UnitTest>
    <UnitTest name="Parser Tests.Statement Parser Tests.Basic Statements.return with method call" storage="/users/bill/repos/flua/flua.parser.tests/bin/debug/net8.0/flua.parser.tests.dll" id="fb2f3300-9207-53e8-1b8c-3c0b3c97dd35">
      <Execution id="8acd0e6b-c27b-4600-bea6-1b5ed8c4beea" />
      <TestMethod codeBase="/Users/bill/Repos/FLua/FLua.Parser.Tests/bin/Debug/net8.0/FLua.Parser.Tests.dll" adapterTypeName="executor://yolodev/expecto" className="Parser Tests.Statement Parser Tests.Basic Statements" name="return with method call" />
    </UnitTest>
    <UnitTest name="Parser Tests.Expression Parser Tests.Table Constructors.empty table" storage="/users/bill/repos/flua/flua.parser.tests/bin/debug/net8.0/flua.parser.tests.dll" id="8a23c638-9a92-0466-2449-0a7778ea7ab5">
      <Execution id="314ca388-e658-47a6-8b1c-01b2291d455a" />
      <TestMethod codeBase="/Users/bill/Repos/FLua/FLua.Parser.Tests/bin/Debug/net8.0/FLua.Parser.Tests.dll" adapterTypeName="executor://yolodev/expecto" className="Parser Tests.Expression Parser Tests.Table Constructors" name="empty table" />
    </UnitTest>
    <UnitTest name="Parser Tests.Expression Parser Tests.Whitespace Handling.tabs and spaces" storage="/users/bill/repos/flua/flua.parser.tests/bin/debug/net8.0/flua.parser.tests.dll" id="b720d5ae-34d4-7f69-eb3b-9e67edcaa5b6">
      <Execution id="7bb5e68b-ebe2-4d70-ba45-cae2c7618995" />
      <TestMethod codeBase="/Users/bill/Repos/FLua/FLua.Parser.Tests/bin/Debug/net8.0/FLua.Parser.Tests.dll" adapterTypeName="executor://yolodev/expecto" className="Parser Tests.Expression Parser Tests.Whitespace Handling" name="tabs and spaces" />
    </UnitTest>
    <UnitTest name="Parser Tests.Statement Parser Tests.Control Flow Statements.Function Definitions.nested method" storage="/users/bill/repos/flua/flua.parser.tests/bin/debug/net8.0/flua.parser.tests.dll" id="d62fdd4e-c660-b54e-8965-95156526d6c3">
      <Execution id="7c5a8a53-2d72-42a0-a58e-48ee3898882e" />
      <TestMethod codeBase="/Users/bill/Repos/FLua/FLua.Parser.Tests/bin/Debug/net8.0/FLua.Parser.Tests.dll" adapterTypeName="executor://yolodev/expecto" className="Parser Tests.Statement Parser Tests.Control Flow Statements.Function Definitions" name="nested method" />
    </UnitTest>
    <UnitTest name="Parser Tests.Statement Parser Tests.Parser Fixes.Complex Assignment Patterns.assignment with parenthesized lvalue" storage="/users/bill/repos/flua/flua.parser.tests/bin/debug/net8.0/flua.parser.tests.dll" id="fdd1ff42-4124-956c-0518-65da789ad001">
      <Execution id="02882419-4270-42d8-82e1-e0d3a4b6308f" />
      <TestMethod codeBase="/Users/bill/Repos/FLua/FLua.Parser.Tests/bin/Debug/net8.0/FLua.Parser.Tests.dll" adapterTypeName="executor://yolodev/expecto" className="Parser Tests.Statement Parser Tests.Parser Fixes.Complex Assignment Patterns" name="assignment with parenthesized lvalue" />
    </UnitTest>
    <UnitTest name="Parser Tests.Statement Parser Tests.Parser Fixes.Table Assignment at Statement Level (Fixed).mixed assignment" storage="/users/bill/repos/flua/flua.parser.tests/bin/debug/net8.0/flua.parser.tests.dll" id="2b872452-2694-911a-53e8-7326d451f370">
      <Execution id="57383adb-f625-4987-b75f-15f988e7dae6" />
      <TestMethod codeBase="/Users/bill/Repos/FLua/FLua.Parser.Tests/bin/Debug/net8.0/FLua.Parser.Tests.dll" adapterTypeName="executor://yolodev/expecto" className="Parser Tests.Statement Parser Tests.Parser Fixes.Table Assignment at Statement Level (Fixed)" name="mixed assignment" />
    </UnitTest>
    <UnitTest name="Parser Tests.Expression Parser Tests.Literals.string" storage="/users/bill/repos/flua/flua.parser.tests/bin/debug/net8.0/flua.parser.tests.dll" id="61bcbfaa-09a8-e49b-1e09-85c4de69467d">
      <Execution id="c142fe9f-2250-435f-acde-8b35f4bdb78f" />
      <TestMethod codeBase="/Users/bill/Repos/FLua/FLua.Parser.Tests/bin/Debug/net8.0/FLua.Parser.Tests.dll" adapterTypeName="executor://yolodev/expecto" className="Parser Tests.Expression Parser Tests.Literals" name="string" />
    </UnitTest>
    <UnitTest name="Parser Tests.Expression Parser Tests.Literals.hex escape lowercase" storage="/users/bill/repos/flua/flua.parser.tests/bin/debug/net8.0/flua.parser.tests.dll" id="f21fef0c-1b6d-1012-7719-4d0ad013ab4a">
      <Execution id="8c6ef795-7254-45f4-a316-97f3a149c019" />
      <TestMethod codeBase="/Users/bill/Repos/FLua/FLua.Parser.Tests/bin/Debug/net8.0/FLua.Parser.Tests.dll" adapterTypeName="executor://yolodev/expecto" className="Parser Tests.Expression Parser Tests.Literals" name="hex escape lowercase" />
    </UnitTest>
    <UnitTest name="Parser Tests.Expression Parser Tests.Identifiers.single underscore" storage="/users/bill/repos/flua/flua.parser.tests/bin/debug/net8.0/flua.parser.tests.dll" id="9c78167c-ee87-bb4b-a014-3af8451f157b">
      <Execution id="3c2f7fd3-b36e-4e1c-99bf-0ab2feb41985" />
      <TestMethod codeBase="/Users/bill/Repos/FLua/FLua.Parser.Tests/bin/Debug/net8.0/FLua.Parser.Tests.dll" adapterTypeName="executor://yolodev/expecto" className="Parser Tests.Expression Parser Tests.Identifiers" name="single underscore" />
    </UnitTest>
    <UnitTest name="Parser Tests.Expression Parser Tests.Unary Operators.length" storage="/users/bill/repos/flua/flua.parser.tests/bin/debug/net8.0/flua.parser.tests.dll" id="6da5de44-db3e-61ee-f3a8-e77c4b84e1d8">
      <Execution id="fd2d7ee6-e094-4a58-bbaf-08e966660735" />
      <TestMethod codeBase="/Users/bill/Repos/FLua/FLua.Parser.Tests/bin/Debug/net8.0/FLua.Parser.Tests.dll" adapterTypeName="executor://yolodev/expecto" className="Parser Tests.Expression Parser Tests.Unary Operators" name="length" />
    </UnitTest>
    <UnitTest name="Parser Tests.Expression Parser Tests.Comparison Operators.less" storage="/users/bill/repos/flua/flua.parser.tests/bin/debug/net8.0/flua.parser.tests.dll" id="a7981e95-1323-105c-d83e-9d57dec6b2d8">
      <Execution id="33e6c3e8-a509-41b6-aa88-93369b71d6e5" />
      <TestMethod codeBase="/Users/bill/Repos/FLua/FLua.Parser.Tests/bin/Debug/net8.0/FLua.Parser.Tests.dll" adapterTypeName="executor://yolodev/expecto" className="Parser Tests.Expression Parser Tests.Comparison Operators" name="less" />
    </UnitTest>
    <UnitTest name="Parser Tests.Expression Parser Tests.Additive Operators.left associative" storage="/users/bill/repos/flua/flua.parser.tests/bin/debug/net8.0/flua.parser.tests.dll" id="eb8a8a87-74b5-4d8f-53ef-eaad7463aa03">
      <Execution id="37ac453b-fd90-4d72-8c66-1ccbdc634be4" />
      <TestMethod codeBase="/Users/bill/Repos/FLua/FLua.Parser.Tests/bin/Debug/net8.0/FLua.Parser.Tests.dll" adapterTypeName="executor://yolodev/expecto" className="Parser Tests.Expression Parser Tests.Additive Operators" name="left associative" />
    </UnitTest>
    <UnitTest name="Parser Tests.Statement Parser Tests.Control Flow Statements.For Loops.numeric for with step" storage="/users/bill/repos/flua/flua.parser.tests/bin/debug/net8.0/flua.parser.tests.dll" id="f77409eb-245e-e588-990d-732ccf35b9b9">
      <Execution id="aa5f8511-0ec5-499b-b10a-6a25fe7c8e97" />
      <TestMethod codeBase="/Users/bill/Repos/FLua/FLua.Parser.Tests/bin/Debug/net8.0/FLua.Parser.Tests.dll" adapterTypeName="executor://yolodev/expecto" className="Parser Tests.Statement Parser Tests.Control Flow Statements.For Loops" name="numeric for with step" />
    </UnitTest>
    <UnitTest name="Parser Tests.Expression Parser Tests.Shift Operators.right shift" storage="/users/bill/repos/flua/flua.parser.tests/bin/debug/net8.0/flua.parser.tests.dll" id="5e57c659-2db4-b8ce-a9d9-50e1e7b7b842">
      <Execution id="ede3f8ed-0975-44e2-8627-1674103da4b2" />
      <TestMethod codeBase="/Users/bill/Repos/FLua/FLua.Parser.Tests/bin/Debug/net8.0/FLua.Parser.Tests.dll" adapterTypeName="executor://yolodev/expecto" className="Parser Tests.Expression Parser Tests.Shift Operators" name="right shift" />
    </UnitTest>
    <UnitTest name="Parser Tests.Statement Parser Tests.Variable Attributes.Function Parameter Attributes.function with const parameter" storage="/users/bill/repos/flua/flua.parser.tests/bin/debug/net8.0/flua.parser.tests.dll" id="1e8f1476-74a1-8640-15d5-70d9d9626f1e">
      <Execution id="ffd9537e-07cd-4e14-8f1f-6a8bed91d851" />
      <TestMethod codeBase="/Users/bill/Repos/FLua/FLua.Parser.Tests/bin/Debug/net8.0/FLua.Parser.Tests.dll" adapterTypeName="executor://yolodev/expecto" className="Parser Tests.Statement Parser Tests.Variable Attributes.Function Parameter Attributes" name="function with const parameter" />
    </UnitTest>
    <UnitTest name="Parser Tests.Expression Parser Tests.Complex Expressions.logical and comparison" storage="/users/bill/repos/flua/flua.parser.tests/bin/debug/net8.0/flua.parser.tests.dll" id="d70ea16a-84c0-2dfe-d4d6-916e2a4eee9d">
      <Execution id="72662116-b204-4c98-8815-7e97d8f41390" />
      <TestMethod codeBase="/Users/bill/Repos/FLua/FLua.Parser.Tests/bin/Debug/net8.0/FLua.Parser.Tests.dll" adapterTypeName="executor://yolodev/expecto" className="Parser Tests.Expression Parser Tests.Complex Expressions" name="logical and comparison" />
    </UnitTest>
    <UnitTest name="Parser Tests.Expression Parser Tests.Complex Expressions.mixed operators" storage="/users/bill/repos/flua/flua.parser.tests/bin/debug/net8.0/flua.parser.tests.dll" id="8dfd896c-4a4b-dcc4-c53c-56fdcd545dd6">
      <Execution id="ed501ae0-8011-4ab4-b6e6-8a5c30d21bf5" />
      <TestMethod codeBase="/Users/bill/Repos/FLua/FLua.Parser.Tests/bin/Debug/net8.0/FLua.Parser.Tests.dll" adapterTypeName="executor://yolodev/expecto" className="Parser Tests.Expression Parser Tests.Complex Expressions" name="mixed operators" />
    </UnitTest>
    <UnitTest name="Long string parsing.Initial newline removal" storage="/users/bill/repos/flua/flua.parser.tests/bin/debug/net8.0/flua.parser.tests.dll" id="2224406e-7d17-912a-65f5-f2ed533b7d62">
      <Execution id="12a62af9-e8db-4a13-85b0-5cf6b8dc1e5a" />
      <TestMethod codeBase="/Users/bill/Repos/FLua/FLua.Parser.Tests/bin/Debug/net8.0/FLua.Parser.Tests.dll" adapterTypeName="executor://yolodev/expecto" className="Long string parsing" name="Initial newline removal" />
    </UnitTest>
    <UnitTest name="Parser Tests.Expression Parser Tests.Complex Expressions.parentheses override" storage="/users/bill/repos/flua/flua.parser.tests/bin/debug/net8.0/flua.parser.tests.dll" id="9ead8476-3505-ae20-9014-95ec40346eb5">
      <Execution id="76a73453-e228-4492-a17a-398ab187e77d" />
      <TestMethod codeBase="/Users/bill/Repos/FLua/FLua.Parser.Tests/bin/Debug/net8.0/FLua.Parser.Tests.dll" adapterTypeName="executor://yolodev/expecto" className="Parser Tests.Expression Parser Tests.Complex Expressions" name="parentheses override" />
    </UnitTest>
    <UnitTest name="Hex literal parsing.Min Int64 value (was causing overflow)" storage="/users/bill/repos/flua/flua.parser.tests/bin/debug/net8.0/flua.parser.tests.dll" id="e0198dfc-3381-5a04-2210-16421478411b">
      <Execution id="f2d5a664-28db-404d-b66a-c99496aed9c1" />
      <TestMethod codeBase="/Users/bill/Repos/FLua/FLua.Parser.Tests/bin/Debug/net8.0/FLua.Parser.Tests.dll" adapterTypeName="executor://yolodev/expecto" className="Hex literal parsing" name="Min Int64 value (was causing overflow)" />
    </UnitTest>
    <UnitTest name="Parser Tests.Expression Parser Tests.Whitespace Handling.many spaces" storage="/users/bill/repos/flua/flua.parser.tests/bin/debug/net8.0/flua.parser.tests.dll" id="de71ee28-6047-7932-7ce3-b7522d43123b">
      <Execution id="35e61be9-7cae-461e-8d6a-ddfe51ba1be1" />
      <TestMethod codeBase="/Users/bill/Repos/FLua/FLua.Parser.Tests/bin/Debug/net8.0/FLua.Parser.Tests.dll" adapterTypeName="executor://yolodev/expecto" className="Parser Tests.Expression Parser Tests.Whitespace Handling" name="many spaces" />
    </UnitTest>
    <UnitTest name="Parser Tests.Statement Parser Tests.Parser Fixes.Table Assignment at Statement Level (Fixed).nested table assignment" storage="/users/bill/repos/flua/flua.parser.tests/bin/debug/net8.0/flua.parser.tests.dll" id="ac1786a2-dddf-f8c1-879b-8f2df0918d4f">
      <Execution id="e154e0e3-a0d7-4457-8f65-67d0de112671" />
      <TestMethod codeBase="/Users/bill/Repos/FLua/FLua.Parser.Tests/bin/Debug/net8.0/FLua.Parser.Tests.dll" adapterTypeName="executor://yolodev/expecto" className="Parser Tests.Statement Parser Tests.Parser Fixes.Table Assignment at Statement Level (Fixed)" name="nested table assignment" />
    </UnitTest>
    <UnitTest name="Parser Tests.Expression Parser Tests.Table Constructors.Named Fields.single named field" storage="/users/bill/repos/flua/flua.parser.tests/bin/debug/net8.0/flua.parser.tests.dll" id="842abb2a-cf12-4fa5-cea8-ba137980c871">
      <Execution id="851cf04d-69f1-41d5-803d-8f9737a6feaf" />
      <TestMethod codeBase="/Users/bill/Repos/FLua/FLua.Parser.Tests/bin/Debug/net8.0/FLua.Parser.Tests.dll" adapterTypeName="executor://yolodev/expecto" className="Parser Tests.Expression Parser Tests.Table Constructors.Named Fields" name="single named field" />
    </UnitTest>
    <UnitTest name="Parser Tests.Statement Parser Tests.Parser Fixes.Assignment vs Function Call Disambiguation.parenthesized function call" storage="/users/bill/repos/flua/flua.parser.tests/bin/debug/net8.0/flua.parser.tests.dll" id="bdf003e6-5e31-3757-8de6-b259949e60c6">
      <Execution id="532aff7a-9f20-480a-a988-7e376bceea6c" />
      <TestMethod codeBase="/Users/bill/Repos/FLua/FLua.Parser.Tests/bin/Debug/net8.0/FLua.Parser.Tests.dll" adapterTypeName="executor://yolodev/expecto" className="Parser Tests.Statement Parser Tests.Parser Fixes.Assignment vs Function Call Disambiguation" name="parenthesized function call" />
    </UnitTest>
    <UnitTest name="Parser Tests.Expression Parser Tests.Multiplicative Operators.multiply" storage="/users/bill/repos/flua/flua.parser.tests/bin/debug/net8.0/flua.parser.tests.dll" id="35d02efc-7874-8194-c839-10cd28db0d9e">
      <Execution id="b6dd1bdc-c47c-4244-831a-5dfd6d83a630" />
      <TestMethod codeBase="/Users/bill/Repos/FLua/FLua.Parser.Tests/bin/Debug/net8.0/FLua.Parser.Tests.dll" adapterTypeName="executor://yolodev/expecto" className="Parser Tests.Expression Parser Tests.Multiplicative Operators" name="multiply" />
    </UnitTest>
    <UnitTest name="Parser Tests.Expression Parser Tests.Table Constructors.Complex Examples.deeply nested tables" storage="/users/bill/repos/flua/flua.parser.tests/bin/debug/net8.0/flua.parser.tests.dll" id="21209d58-9833-62ae-f6ea-f4976a9ae006">
      <Execution id="15dd16f7-c574-430a-a433-bab23e3a9fef" />
      <TestMethod codeBase="/Users/bill/Repos/FLua/FLua.Parser.Tests/bin/Debug/net8.0/FLua.Parser.Tests.dll" adapterTypeName="executor://yolodev/expecto" className="Parser Tests.Expression Parser Tests.Table Constructors.Complex Examples" name="deeply nested tables" />
    </UnitTest>
    <UnitTest name="Parser Tests.Statement Parser Tests.Parser Fixes.Table Access in Binary Expressions (Fixed).complex table expression" storage="/users/bill/repos/flua/flua.parser.tests/bin/debug/net8.0/flua.parser.tests.dll" id="e084a9b3-905c-32f0-81f5-67ee354b61c3">
      <Execution id="be1159b8-0092-4cab-bcba-95a35588048b" />
      <TestMethod codeBase="/Users/bill/Repos/FLua/FLua.Parser.Tests/bin/Debug/net8.0/FLua.Parser.Tests.dll" adapterTypeName="executor://yolodev/expecto" className="Parser Tests.Statement Parser Tests.Parser Fixes.Table Access in Binary Expressions (Fixed)" name="complex table expression" />
    </UnitTest>
    <UnitTest name="Generic for loop parsing.Known limitation: f{} syntax" storage="/users/bill/repos/flua/flua.parser.tests/bin/debug/net8.0/flua.parser.tests.dll" id="48240e2c-a4d9-2594-4296-f471c14fc6a7">
      <Execution id="1e8a697e-c83e-4037-8a28-72d4ceb9575c" />
      <TestMethod codeBase="/Users/bill/Repos/FLua/FLua.Parser.Tests/bin/Debug/net8.0/FLua.Parser.Tests.dll" adapterTypeName="executor://yolodev/expecto" className="Generic for loop parsing" name="Known limitation: f{} syntax" />
    </UnitTest>
    <UnitTest name="Parser Tests.Expression Parser Tests.Table Constructors.Mixed Fields.all field types" storage="/users/bill/repos/flua/flua.parser.tests/bin/debug/net8.0/flua.parser.tests.dll" id="3dc1068f-82d6-84de-c908-e4f233ecb350">
      <Execution id="477cad7a-5b86-46fb-9f01-f1845f77bd86" />
      <TestMethod codeBase="/Users/bill/Repos/FLua/FLua.Parser.Tests/bin/Debug/net8.0/FLua.Parser.Tests.dll" adapterTypeName="executor://yolodev/expecto" className="Parser Tests.Expression Parser Tests.Table Constructors.Mixed Fields" name="all field types" />
    </UnitTest>
    <UnitTest name="Parser Tests.Expression Parser Tests.Literals.hex escape newline" storage="/users/bill/repos/flua/flua.parser.tests/bin/debug/net8.0/flua.parser.tests.dll" id="0be8d713-e704-74fa-c8fe-5901f43db625">
      <Execution id="406b79a2-824a-4002-9139-8dd7f552ae76" />
      <TestMethod codeBase="/Users/bill/Repos/FLua/FLua.Parser.Tests/bin/Debug/net8.0/FLua.Parser.Tests.dll" adapterTypeName="executor://yolodev/expecto" className="Parser Tests.Expression Parser Tests.Literals" name="hex escape newline" />
    </UnitTest>
    <UnitTest name="Parser Tests.Expression Parser Tests.Literals.hex integer" storage="/users/bill/repos/flua/flua.parser.tests/bin/debug/net8.0/flua.parser.tests.dll" id="4cb6405b-7bb5-3db8-6617-a196a7bd9324">
      <Execution id="0feeb706-8998-49f9-b8bf-90e66f0882f3" />
      <TestMethod codeBase="/Users/bill/Repos/FLua/FLua.Parser.Tests/bin/Debug/net8.0/FLua.Parser.Tests.dll" adapterTypeName="executor://yolodev/expecto" className="Parser Tests.Expression Parser Tests.Literals" name="hex integer" />
    </UnitTest>
  </TestDefinitions>
  <TestEntries>
    <TestEntry testId="5ac0815c-2cd0-83c8-4b20-9a9ca5bc58af" executionId="2f16e732-243d-4cf1-9125-8d077273d39f" testListId="8c84fa94-04c1-424b-9868-57a2d4851a1d" />
    <TestEntry testId="0be8d713-e704-74fa-c8fe-5901f43db625" executionId="406b79a2-824a-4002-9139-8dd7f552ae76" testListId="8c84fa94-04c1-424b-9868-57a2d4851a1d" />
    <TestEntry testId="77611967-c39f-23b1-340b-615b960040c1" executionId="8fac6141-5124-4949-99c6-e20afbb3031c" testListId="8c84fa94-04c1-424b-9868-57a2d4851a1d" />
    <TestEntry testId="50da10f7-26a6-5189-a981-de50fa2ada1b" executionId="4dfdff8e-3ece-417d-953e-97fa14851f12" testListId="8c84fa94-04c1-424b-9868-57a2d4851a1d" />
    <TestEntry testId="862c78bf-ab7b-7516-2ebe-a03d490a5635" executionId="c1c65b43-89b4-4947-8f25-cf8fbafebb17" testListId="8c84fa94-04c1-424b-9868-57a2d4851a1d" />
    <TestEntry testId="e1168bf7-fb11-75ad-9550-9989387a8ebe" executionId="aecff78d-3cc1-45db-9bb3-c4304c4e5c66" testListId="8c84fa94-04c1-424b-9868-57a2d4851a1d" />
    <TestEntry testId="9c786e3a-f036-49d6-6407-0d5acd7c1f61" executionId="52455346-cf6e-4eca-b39f-122512992a9b" testListId="8c84fa94-04c1-424b-9868-57a2d4851a1d" />
    <TestEntry testId="3b276006-ded9-3e33-7cce-35cbf2995e25" executionId="a3177180-2bda-473a-aa8d-78f625647708" testListId="8c84fa94-04c1-424b-9868-57a2d4851a1d" />
    <TestEntry testId="d3c442eb-a0af-517d-1486-3bae2dbdb273" executionId="425dc428-7355-4475-84b4-83fcfa490443" testListId="8c84fa94-04c1-424b-9868-57a2d4851a1d" />
    <TestEntry testId="de71ee28-6047-7932-7ce3-b7522d43123b" executionId="35e61be9-7cae-461e-8d6a-ddfe51ba1be1" testListId="8c84fa94-04c1-424b-9868-57a2d4851a1d" />
    <TestEntry testId="c9bdd070-3a4d-f33d-8633-0f0ada3f44b8" executionId="e4b459a9-ff4f-4036-8a24-b31858ef0fe4" testListId="8c84fa94-04c1-424b-9868-57a2d4851a1d" />
    <TestEntry testId="21209d58-9833-62ae-f6ea-f4976a9ae006" executionId="15dd16f7-c574-430a-a433-bab23e3a9fef" testListId="8c84fa94-04c1-424b-9868-57a2d4851a1d" />
    <TestEntry testId="5033ea7f-6424-ac9d-62c6-f7211e73cb60" executionId="d1178303-4c63-4ca8-85a4-137dec266aa6" testListId="8c84fa94-04c1-424b-9868-57a2d4851a1d" />
    <TestEntry testId="f821754b-36b1-623e-2d29-fe80c1cce32e" executionId="91706b41-dcd3-4d29-8209-ebeafaddef68" testListId="8c84fa94-04c1-424b-9868-57a2d4851a1d" />
    <TestEntry testId="ce42fe75-2d5f-24a5-7c82-31959a01f53f" executionId="f5392866-0dbb-4019-bc92-045fdb6bdb79" testListId="8c84fa94-04c1-424b-9868-57a2d4851a1d" />
    <TestEntry testId="8ceac842-0694-da26-8741-33c171517815" executionId="bc822a8f-83c8-4579-a3ba-3b6063261492" testListId="8c84fa94-04c1-424b-9868-57a2d4851a1d" />
    <TestEntry testId="df9d586a-70f3-fbab-79ce-75289b292830" executionId="522bcba4-177d-4151-bb12-89b0ef56a91e" testListId="8c84fa94-04c1-424b-9868-57a2d4851a1d" />
    <TestEntry testId="4ae4fa9c-3625-f28b-db54-5c87485005f7" executionId="1a8d164f-05e8-4de4-9e73-ef732f895473" testListId="8c84fa94-04c1-424b-9868-57a2d4851a1d" />
    <TestEntry testId="3d0a5188-5277-1639-d400-b007191338ee" executionId="8d02eae8-7eec-4e23-a2dc-6fe591cc5ae7" testListId="8c84fa94-04c1-424b-9868-57a2d4851a1d" />
    <TestEntry testId="7ab74693-7ec4-60ea-51c2-12f33101f335" executionId="90783c6d-7e5d-4d18-a386-07cbae86c4de" testListId="8c84fa94-04c1-424b-9868-57a2d4851a1d" />
    <TestEntry testId="1709b4f3-8a8f-5c39-8a35-941bd3a74a13" executionId="e92d4405-537c-4339-942c-0a85eef96bdf" testListId="8c84fa94-04c1-424b-9868-57a2d4851a1d" />
    <TestEntry testId="8172ea32-9774-17c0-293a-0ca21dc5cce3" executionId="a0713738-594b-4967-882c-e138ce273b65" testListId="8c84fa94-04c1-424b-9868-57a2d4851a1d" />
    <TestEntry testId="b6013297-8c3d-783b-6fe1-bb174e228c37" executionId="1cd778f2-4903-4de1-915e-7495bbfcfc1a" testListId="8c84fa94-04c1-424b-9868-57a2d4851a1d" />
    <TestEntry testId="17166041-3a52-168f-5319-cb48ea781845" executionId="00bff155-c4d5-4a45-842c-ee23f756f032" testListId="8c84fa94-04c1-424b-9868-57a2d4851a1d" />
    <TestEntry testId="e914e3fe-73be-d3f9-019e-573e777a6b58" executionId="5030865c-3a50-4361-9735-f9706f6fa617" testListId="8c84fa94-04c1-424b-9868-57a2d4851a1d" />
    <TestEntry testId="d196b395-f31e-f4e9-9268-5512404cf3f1" executionId="89c959cd-ee0c-494c-842c-d50e092daaae" testListId="8c84fa94-04c1-424b-9868-57a2d4851a1d" />
    <TestEntry testId="eb8a8a87-74b5-4d8f-53ef-eaad7463aa03" executionId="37ac453b-fd90-4d72-8c66-1ccbdc634be4" testListId="8c84fa94-04c1-424b-9868-57a2d4851a1d" />
    <TestEntry testId="f8e7b8a6-9a5d-992c-06a6-7db03c0015d3" executionId="8ee119ac-a68a-48d2-b214-d6d43aa72165" testListId="8c84fa94-04c1-424b-9868-57a2d4851a1d" />
    <TestEntry testId="d6ad8503-abcd-d671-2bc8-4af4c4c0ff76" executionId="8231cc2e-91f1-4d7e-8818-206f76c02934" testListId="8c84fa94-04c1-424b-9868-57a2d4851a1d" />
    <TestEntry testId="bccd6e78-8c25-27a8-f677-63c64669d165" executionId="87febe77-2b31-4cc7-9b28-3f87bc5315dd" testListId="8c84fa94-04c1-424b-9868-57a2d4851a1d" />
    <TestEntry testId="0b233c23-ae12-4c20-ed95-2f98eacd55ad" executionId="9ccef3dc-0324-45c7-b7d0-04d425416005" testListId="8c84fa94-04c1-424b-9868-57a2d4851a1d" />
    <TestEntry testId="237acf57-c5fc-ca6c-3440-3d76add45b48" executionId="5e1fd5aa-630d-443c-a125-f6fbfb2fbc9b" testListId="8c84fa94-04c1-424b-9868-57a2d4851a1d" />
    <TestEntry testId="93743fcd-e2c6-fcf8-1983-d6902911611b" executionId="c03f63bc-b79b-471c-8c0a-cb75288bf07f" testListId="8c84fa94-04c1-424b-9868-57a2d4851a1d" />
    <TestEntry testId="23f6c827-5298-1b85-4116-a388ac096ef2" executionId="512445bf-0f64-4bc6-9bcb-298b8a1e0ada" testListId="8c84fa94-04c1-424b-9868-57a2d4851a1d" />
    <TestEntry testId="13e04fc6-8833-a314-b97b-622e7e4d78bc" executionId="339c93b6-a0bd-42ff-9485-5f280df798b4" testListId="8c84fa94-04c1-424b-9868-57a2d4851a1d" />
    <TestEntry testId="5f395eb8-218b-3fe3-c75a-6bcd29c3c784" executionId="20776d3d-d15d-4101-9a58-f0468dea238b" testListId="8c84fa94-04c1-424b-9868-57a2d4851a1d" />
    <TestEntry testId="9c78167c-ee87-bb4b-a014-3af8451f157b" executionId="3c2f7fd3-b36e-4e1c-99bf-0ab2feb41985" testListId="8c84fa94-04c1-424b-9868-57a2d4851a1d" />
    <TestEntry testId="a207ed3e-8aa1-e579-40f1-2c4582cae8f7" executionId="c674eb2b-c70c-4a9e-bdb3-ec9018c97716" testListId="8c84fa94-04c1-424b-9868-57a2d4851a1d" />
    <TestEntry testId="bf1b4d49-e184-dfdd-ed3f-683ae593c916" executionId="fbd29bda-ccf5-45f8-a0bc-f56735520cae" testListId="8c84fa94-04c1-424b-9868-57a2d4851a1d" />
    <TestEntry testId="2954afc1-d821-d9ae-f321-0aef5158aafe" executionId="e3acee57-9d3b-40f3-bc2d-71d0a0c87406" testListId="8c84fa94-04c1-424b-9868-57a2d4851a1d" />
    <TestEntry testId="95ca2f10-0840-0229-390b-f87fb8626041" executionId="c8839607-b30e-4022-be6f-b1c6b2d76a5d" testListId="8c84fa94-04c1-424b-9868-57a2d4851a1d" />
    <TestEntry testId="b4887e73-89aa-9e82-9b02-5368d0b98e0e" executionId="1191739d-4bdb-4d6a-8f84-823c7e676143" testListId="8c84fa94-04c1-424b-9868-57a2d4851a1d" />
    <TestEntry testId="28ddcac7-99bc-77c0-4dc8-ebd403fecbf6" executionId="5e3caae7-5092-4493-9e51-56e9c4c2bdfc" testListId="8c84fa94-04c1-424b-9868-57a2d4851a1d" />
    <TestEntry testId="f5a75e3b-7a61-b51c-fbbf-ba6389078cf8" executionId="ad4a508a-7d1c-453c-af5a-cba75c3977a3" testListId="8c84fa94-04c1-424b-9868-57a2d4851a1d" />
    <TestEntry testId="5cb5360f-8333-646e-ca46-79420386605a" executionId="c5347e04-0bd6-4b40-9b59-f454e51c32d0" testListId="8c84fa94-04c1-424b-9868-57a2d4851a1d" />
    <TestEntry testId="ed26fc88-791f-1658-dbfa-7a48264cd0f8" executionId="1a8d981a-94fa-476d-aac6-5c6ea90fc768" testListId="8c84fa94-04c1-424b-9868-57a2d4851a1d" />
    <TestEntry testId="9aff055a-1ad6-d302-1b8e-67c3f447edb9" executionId="eccf4350-aca8-43ca-adf6-4fc81ecea875" testListId="8c84fa94-04c1-424b-9868-57a2d4851a1d" />
    <TestEntry testId="9c220c5d-d3c2-7f8d-3655-60791670893c" executionId="a77a5800-73e8-4297-b7e7-966ac57b3ad3" testListId="8c84fa94-04c1-424b-9868-57a2d4851a1d" />
    <TestEntry testId="51ca660f-46f5-4f0b-f9eb-b6d216c6a4a2" executionId="298c12f3-ad5a-4e66-a9ec-cb9859c912bf" testListId="8c84fa94-04c1-424b-9868-57a2d4851a1d" />
    <TestEntry testId="37da12f7-31a3-327d-1172-79e133b6c0c6" executionId="6825fa79-2001-4531-a170-92b1a56666a1" testListId="8c84fa94-04c1-424b-9868-57a2d4851a1d" />
    <TestEntry testId="7bc1d170-f1b7-3e2b-5aa9-100d068bc770" executionId="508ed05a-d190-4799-98bf-e758c024ad4e" testListId="8c84fa94-04c1-424b-9868-57a2d4851a1d" />
    <TestEntry testId="4ea9d3ff-8424-0fad-33d4-4da20e6be977" executionId="61cf3cfb-f980-4f79-804e-10d010cdf707" testListId="8c84fa94-04c1-424b-9868-57a2d4851a1d" />
    <TestEntry testId="54696586-86f2-8469-5df1-683c5f3e3dfd" executionId="b8a011ef-b91c-4167-9f61-28cb3e5b22d5" testListId="8c84fa94-04c1-424b-9868-57a2d4851a1d" />
    <TestEntry testId="56bc034c-870c-2029-f5c0-ce7cb67ea11d" executionId="93bca5f6-67c9-4708-93e5-aeadda39c7e8" testListId="8c84fa94-04c1-424b-9868-57a2d4851a1d" />
    <TestEntry testId="9c232a12-9174-3ded-7f7f-f119a1bec44c" executionId="778ce946-500f-4f04-9ccd-f3c33d9f0d06" testListId="8c84fa94-04c1-424b-9868-57a2d4851a1d" />
    <TestEntry testId="1c24d863-fa07-deb5-4fb7-f467d466cb55" executionId="33247d9d-e815-44cd-8e62-b0e85704d1ee" testListId="8c84fa94-04c1-424b-9868-57a2d4851a1d" />
    <TestEntry testId="f29bdae9-c01a-7137-ad74-65c73cf932a0" executionId="7caa63ae-546c-4066-847e-c14cdd07915b" testListId="8c84fa94-04c1-424b-9868-57a2d4851a1d" />
    <TestEntry testId="23f84a4d-bc21-b97f-e115-11bf0b33db04" executionId="7b529978-7d73-45ca-b0fe-f39402af386f" testListId="8c84fa94-04c1-424b-9868-57a2d4851a1d" />
    <TestEntry testId="b746141d-802a-6057-c7e9-1c6bb64fc356" executionId="c9c98f96-e7a0-44f0-9cf0-3ad89409b02b" testListId="8c84fa94-04c1-424b-9868-57a2d4851a1d" />
    <TestEntry testId="ac74d753-3ccd-5e13-c5be-1ad7a4aad554" executionId="a6bdbe57-5cfa-4051-aa4c-bc3bef688c88" testListId="8c84fa94-04c1-424b-9868-57a2d4851a1d" />
    <TestEntry testId="a2ad77d5-a223-490a-1277-8c00d5248cb1" executionId="4783e16f-3853-4467-94e3-32f450e0ec1c" testListId="8c84fa94-04c1-424b-9868-57a2d4851a1d" />
    <TestEntry testId="1e217421-7ab3-102f-da0e-17a8335329d4" executionId="a102b102-1052-476e-88e4-714fa2a0baa9" testListId="8c84fa94-04c1-424b-9868-57a2d4851a1d" />
    <TestEntry testId="0d60d1ec-e2ff-2472-8bf2-2c217ffcebab" executionId="448e69f7-b029-499f-8720-3984185aceed" testListId="8c84fa94-04c1-424b-9868-57a2d4851a1d" />
    <TestEntry testId="7629efc5-22c4-69dc-f7ed-95c284f64f2c" executionId="c2c2e398-cc25-4aea-a02e-05a86b8f3512" testListId="8c84fa94-04c1-424b-9868-57a2d4851a1d" />
    <TestEntry testId="c44b47ac-34e7-a034-b2d7-a56e3ecf6a11" executionId="b2494202-547e-4b8a-98d3-72c8aa6c36fc" testListId="8c84fa94-04c1-424b-9868-57a2d4851a1d" />
    <TestEntry testId="f3f9712d-8345-c669-0fbc-cbc9158ba417" executionId="383c6cd8-878c-49f2-ac35-dce561662b42" testListId="8c84fa94-04c1-424b-9868-57a2d4851a1d" />
    <TestEntry testId="61aaf27a-5745-0675-9d0e-4fbe43a5a884" executionId="f62beac8-44aa-4555-91f6-1030f48c01e1" testListId="8c84fa94-04c1-424b-9868-57a2d4851a1d" />
    <TestEntry testId="b51db8bf-d36e-0aa7-8a8f-f4a9946301ba" executionId="b5aa1f56-8a69-4c97-baf5-bb0c065d8955" testListId="8c84fa94-04c1-424b-9868-57a2d4851a1d" />
    <TestEntry testId="b54fbc8b-aa09-8101-26eb-6b944ceeffe0" executionId="7802f082-8c66-4d4f-8e9c-843fdeb25b6a" testListId="8c84fa94-04c1-424b-9868-57a2d4851a1d" />
    <TestEntry testId="94f7471f-2f99-85fa-737f-00c961802a75" executionId="b397286d-d5d2-436c-a480-b988dbe0e201" testListId="8c84fa94-04c1-424b-9868-57a2d4851a1d" />
    <TestEntry testId="b7cfb307-96eb-9fb6-4f2c-0693389085a8" executionId="c033f5ba-e18b-4b6f-b189-5a73ae0b5f4b" testListId="8c84fa94-04c1-424b-9868-57a2d4851a1d" />
    <TestEntry testId="16e83989-f14b-2617-4a53-58c2828f533b" executionId="b341726e-97f5-4849-bfcd-72420004f2e0" testListId="8c84fa94-04c1-424b-9868-57a2d4851a1d" />
    <TestEntry testId="a7981e95-1323-105c-d83e-9d57dec6b2d8" executionId="33e6c3e8-a509-41b6-aa88-93369b71d6e5" testListId="8c84fa94-04c1-424b-9868-57a2d4851a1d" />
    <TestEntry testId="8ac86056-e85a-652a-d482-fa4bdb7792cb" executionId="154f0bbb-b7e5-408a-a15f-6b4d955920fc" testListId="8c84fa94-04c1-424b-9868-57a2d4851a1d" />
    <TestEntry testId="d42cbb2a-9c1a-4f4b-4584-5987904f9667" executionId="06fac006-0644-49fe-b034-41ee2c8e6c53" testListId="8c84fa94-04c1-424b-9868-57a2d4851a1d" />
    <TestEntry testId="b91df055-d81f-13a2-3b2a-adce7e1ce561" executionId="60c638d7-c797-48b8-abc4-7a572bd367ae" testListId="8c84fa94-04c1-424b-9868-57a2d4851a1d" />
    <TestEntry testId="3cd06007-638e-cadc-f706-4c9a509133f7" executionId="9c584981-42b1-4529-9a31-0d53ca593474" testListId="8c84fa94-04c1-424b-9868-57a2d4851a1d" />
    <TestEntry testId="61a7a37d-f46f-ed42-bd70-9b1373a3ced4" executionId="e1fae8a3-8d55-419e-ad1b-1b333652f72d" testListId="8c84fa94-04c1-424b-9868-57a2d4851a1d" />
    <TestEntry testId="6da5de44-db3e-61ee-f3a8-e77c4b84e1d8" executionId="fd2d7ee6-e094-4a58-bbaf-08e966660735" testListId="8c84fa94-04c1-424b-9868-57a2d4851a1d" />
    <TestEntry testId="551f761e-e349-7a4d-824e-ba9635e4feb9" executionId="781e9590-8277-4035-97ce-57366dce62bf" testListId="8c84fa94-04c1-424b-9868-57a2d4851a1d" />
    <TestEntry testId="31b647c0-1b1b-231b-0aa9-4845822edf5a" executionId="819e9e69-ed55-447b-95c5-40bd84aae8c2" testListId="8c84fa94-04c1-424b-9868-57a2d4851a1d" />
    <TestEntry testId="ca2684eb-4d89-488c-7145-809d378571ad" executionId="2316915c-c550-498a-8962-315756c7eaa1" testListId="8c84fa94-04c1-424b-9868-57a2d4851a1d" />
    <TestEntry testId="ffc50473-1728-3b39-765c-2603db6d395a" executionId="785d3b8d-dc18-4cf1-be3d-1f5845339ebc" testListId="8c84fa94-04c1-424b-9868-57a2d4851a1d" />
    <TestEntry testId="9dd28135-464f-23ca-c59d-4fbeadbbd66f" executionId="cef41e76-ad19-4096-a76d-51fad5270f92" testListId="8c84fa94-04c1-424b-9868-57a2d4851a1d" />
    <TestEntry testId="45db1f03-5434-2f8a-352f-bbb37bed0c95" executionId="60be58c7-ac4c-4690-a346-aabbdbc10d1f" testListId="8c84fa94-04c1-424b-9868-57a2d4851a1d" />
    <TestEntry testId="db7077dd-4ef5-8d20-6540-9087a3bc4696" executionId="51dcec37-de28-4110-9cc6-c1bf2f60f1e6" testListId="8c84fa94-04c1-424b-9868-57a2d4851a1d" />
    <TestEntry testId="176664cd-e332-31a2-9d05-82d737b12220" executionId="b3cd04e9-28ed-476d-a7e4-9236a4366543" testListId="8c84fa94-04c1-424b-9868-57a2d4851a1d" />
    <TestEntry testId="48240e2c-a4d9-2594-4296-f471c14fc6a7" executionId="1e8a697e-c83e-4037-8a28-72d4ceb9575c" testListId="8c84fa94-04c1-424b-9868-57a2d4851a1d" />
    <TestEntry testId="e084a9b3-905c-32f0-81f5-67ee354b61c3" executionId="be1159b8-0092-4cab-bcba-95a35588048b" testListId="8c84fa94-04c1-424b-9868-57a2d4851a1d" />
    <TestEntry testId="798740c7-4bcf-2860-2b4d-5db188ed8088" executionId="9e410e80-6b64-4ed5-b724-5d62dc9f2f3e" testListId="8c84fa94-04c1-424b-9868-57a2d4851a1d" />
    <TestEntry testId="79a32c9d-4915-abcb-12b1-98842e995302" executionId="7aabd5cf-2696-4a3f-8371-afda2598c643" testListId="8c84fa94-04c1-424b-9868-57a2d4851a1d" />
    <TestEntry testId="6bcb40f4-cf24-de68-ebe9-a8a7e6ab39fc" executionId="35970ddb-12f7-4771-968a-1106f821e443" testListId="8c84fa94-04c1-424b-9868-57a2d4851a1d" />
    <TestEntry testId="cbf11f0c-9efd-21c8-0344-f5e3de7c50b7" executionId="bff88b8d-39a3-409d-bda2-6d06ff5c0270" testListId="8c84fa94-04c1-424b-9868-57a2d4851a1d" />
    <TestEntry testId="dd87e8f5-47dd-63a5-b069-c24fab3a48d5" executionId="a89773da-c451-4b1a-b822-206cbeaebc4c" testListId="8c84fa94-04c1-424b-9868-57a2d4851a1d" />
    <TestEntry testId="61bcbfaa-09a8-e49b-1e09-85c4de69467d" executionId="c142fe9f-2250-435f-acde-8b35f4bdb78f" testListId="8c84fa94-04c1-424b-9868-57a2d4851a1d" />
    <TestEntry testId="ac1786a2-dddf-f8c1-879b-8f2df0918d4f" executionId="e154e0e3-a0d7-4457-8f65-67d0de112671" testListId="8c84fa94-04c1-424b-9868-57a2d4851a1d" />
    <TestEntry testId="908ca77d-10e0-7e63-e6d9-3ca0b72d983b" executionId="a6ee83ea-1dbb-40ba-8342-12c89b9f9931" testListId="8c84fa94-04c1-424b-9868-57a2d4851a1d" />
    <TestEntry testId="ef88aec7-46d3-dd30-ec64-a51e14f8fab1" executionId="dc273b09-a559-411d-8133-7833e07dee66" testListId="8c84fa94-04c1-424b-9868-57a2d4851a1d" />
    <TestEntry testId="f9b1b562-700c-308d-bc66-002581032a2e" executionId="65a852c4-6311-47f7-86e6-9f1bbae5dbf1" testListId="8c84fa94-04c1-424b-9868-57a2d4851a1d" />
    <TestEntry testId="cfa379e1-09d8-dba5-206b-c6e2aaf24ff1" executionId="925fc67e-acfc-4830-9535-5d3ecac64aa3" testListId="8c84fa94-04c1-424b-9868-57a2d4851a1d" />
    <TestEntry testId="0ba7aa40-6834-6408-0135-49e448773151" executionId="e5b41ff2-081e-4c84-aef0-ed5951b5bce2" testListId="8c84fa94-04c1-424b-9868-57a2d4851a1d" />
    <TestEntry testId="e514b4b5-ff0e-0503-c03f-cd130b642260" executionId="9d8a8f9a-05ec-42d7-b4de-5d6419e2d0d6" testListId="8c84fa94-04c1-424b-9868-57a2d4851a1d" />
    <TestEntry testId="1e8f1476-74a1-8640-15d5-70d9d9626f1e" executionId="ffd9537e-07cd-4e14-8f1f-6a8bed91d851" testListId="8c84fa94-04c1-424b-9868-57a2d4851a1d" />
    <TestEntry testId="04e7d918-25da-0f85-ac00-ebd526c020fb" executionId="b5e9acd9-3ab4-4ea4-a1b7-177635e51b00" testListId="8c84fa94-04c1-424b-9868-57a2d4851a1d" />
    <TestEntry testId="25722854-c2f4-5f12-2a6e-611e5536b3f9" executionId="09a31cdb-72f8-446e-b9fc-bceb56c4f717" testListId="8c84fa94-04c1-424b-9868-57a2d4851a1d" />
    <TestEntry testId="e75832d6-d2ab-78bd-b121-c76c19fe297c" executionId="fb0fa8ba-9f83-4e70-b085-c5f20c3d32c4" testListId="8c84fa94-04c1-424b-9868-57a2d4851a1d" />
    <TestEntry testId="e99f9d4b-5305-939e-bdec-d1eb40673157" executionId="6f58d2a8-73f5-4c3f-833c-872c9f204947" testListId="8c84fa94-04c1-424b-9868-57a2d4851a1d" />
    <TestEntry testId="6412ce07-78c8-4c98-b55c-92f2fe3f0b2c" executionId="60b11790-adbf-423d-97e8-b7d57b1a841a" testListId="8c84fa94-04c1-424b-9868-57a2d4851a1d" />
    <TestEntry testId="b720d5ae-34d4-7f69-eb3b-9e67edcaa5b6" executionId="7bb5e68b-ebe2-4d70-ba45-cae2c7618995" testListId="8c84fa94-04c1-424b-9868-57a2d4851a1d" />
    <TestEntry testId="d1a34dd5-f580-23eb-b44e-ee2c966b1def" executionId="8b4c009a-965a-4de3-893d-d5a648b5a1a4" testListId="8c84fa94-04c1-424b-9868-57a2d4851a1d" />
    <TestEntry testId="e49a374f-44a9-aa9d-355d-21ac7439d26a" executionId="b8b8b20a-81c1-4c61-9439-85af04ae0eca" testListId="8c84fa94-04c1-424b-9868-57a2d4851a1d" />
    <TestEntry testId="2235aeb2-d9db-b858-9ee9-ee90338ff81a" executionId="532cf2af-c7ee-4300-bb35-783bd045140e" testListId="8c84fa94-04c1-424b-9868-57a2d4851a1d" />
    <TestEntry testId="32c198b5-8ae6-5eaa-e3d6-53da2a126eff" executionId="51771272-196c-4e97-a9e4-3d7dc69fd2bd" testListId="8c84fa94-04c1-424b-9868-57a2d4851a1d" />
    <TestEntry testId="436116f5-bf6c-9584-a37a-ff3cdf214fe2" executionId="ae1659e1-a73a-4917-8985-64231d1ac634" testListId="8c84fa94-04c1-424b-9868-57a2d4851a1d" />
    <TestEntry testId="33acbcbc-981c-563d-91c0-da679c0851c2" executionId="489ad0f6-7510-4541-a3b3-898318be96ac" testListId="8c84fa94-04c1-424b-9868-57a2d4851a1d" />
    <TestEntry testId="bf42d420-5348-a17d-f0f1-75c223705f03" executionId="6c31cfb5-b707-4a3d-ab26-1ef56611cbaf" testListId="8c84fa94-04c1-424b-9868-57a2d4851a1d" />
    <TestEntry testId="04ba60a7-0794-c732-2213-aafcbc4ed08e" executionId="1a981d00-a00c-4560-92a0-f4c48772f02f" testListId="8c84fa94-04c1-424b-9868-57a2d4851a1d" />
    <TestEntry testId="22e4173d-cb7e-9ab3-0463-97b7ca2b1bae" executionId="baad9010-caf5-4824-8f99-1ffccaef1bef" testListId="8c84fa94-04c1-424b-9868-57a2d4851a1d" />
    <TestEntry testId="4cb6405b-7bb5-3db8-6617-a196a7bd9324" executionId="0feeb706-8998-49f9-b8bf-90e66f0882f3" testListId="8c84fa94-04c1-424b-9868-57a2d4851a1d" />
    <TestEntry testId="fe7b4783-5658-87e1-ca2c-6b15dc662819" executionId="80268acd-8800-4da9-85cc-884d6ff03912" testListId="8c84fa94-04c1-424b-9868-57a2d4851a1d" />
    <TestEntry testId="556ee242-82d6-10d0-ca79-6cc9ec701327" executionId="f1e54497-720e-495a-ab93-3729f8f0fdee" testListId="8c84fa94-04c1-424b-9868-57a2d4851a1d" />
    <TestEntry testId="d70ea16a-84c0-2dfe-d4d6-916e2a4eee9d" executionId="72662116-b204-4c98-8815-7e97d8f41390" testListId="8c84fa94-04c1-424b-9868-57a2d4851a1d" />
    <TestEntry testId="48b68161-6a77-c4ee-cbc6-b600ca4b2b7f" executionId="5cb8bab3-b1d0-42d9-8810-e9d98a44ee76" testListId="8c84fa94-04c1-424b-9868-57a2d4851a1d" />
    <TestEntry testId="a81fb642-5efa-96c7-9da8-620d14375041" executionId="353de091-c8a0-47e5-9fb4-563bc8e19057" testListId="8c84fa94-04c1-424b-9868-57a2d4851a1d" />
    <TestEntry testId="fc7a0a39-6e21-813b-9448-b0a212a69660" executionId="3d3a3b50-9c7a-4cbb-936c-9be8304aff09" testListId="8c84fa94-04c1-424b-9868-57a2d4851a1d" />
    <TestEntry testId="197d35fc-39a4-fea2-6905-93fada68d92e" executionId="fc2b94fa-f490-44b8-a2e5-e3ae5efd4364" testListId="8c84fa94-04c1-424b-9868-57a2d4851a1d" />
    <TestEntry testId="db53c524-8356-fa82-3d0f-6ff9dca12bff" executionId="77222d75-b01d-464c-8555-914a2071a85e" testListId="8c84fa94-04c1-424b-9868-57a2d4851a1d" />
    <TestEntry testId="86fb7a5a-8cf2-4c36-a489-26ff73f20850" executionId="0b85d67f-c86d-453e-b8f0-68c87a7cee47" testListId="8c84fa94-04c1-424b-9868-57a2d4851a1d" />
    <TestEntry testId="23936ca9-cb04-0d9a-ca60-67e86f26450c" executionId="522afd44-f759-428c-acbe-2fbd5945c9a2" testListId="8c84fa94-04c1-424b-9868-57a2d4851a1d" />
    <TestEntry testId="c2b658e0-4b22-738c-bebe-cd41ac9fe9da" executionId="1b3c1002-b500-4139-9a77-95405a09d42e" testListId="8c84fa94-04c1-424b-9868-57a2d4851a1d" />
    <TestEntry testId="79d5918b-926d-0485-ef83-d1e8dd4fbb4d" executionId="e76f1a6f-d5e7-46d4-ada7-8af7384a54ce" testListId="8c84fa94-04c1-424b-9868-57a2d4851a1d" />
    <TestEntry testId="e5c063e2-57d2-6d48-c35f-7e8e3d6332c0" executionId="d96ad7db-4778-4324-9596-18e4679e8272" testListId="8c84fa94-04c1-424b-9868-57a2d4851a1d" />
    <TestEntry testId="c7be5443-b868-5116-e84d-9ffcacf6dab8" executionId="a58c1a4c-6fbc-4714-9a34-1d048e55ce92" testListId="8c84fa94-04c1-424b-9868-57a2d4851a1d" />
    <TestEntry testId="d62fdd4e-c660-b54e-8965-95156526d6c3" executionId="7c5a8a53-2d72-42a0-a58e-48ee3898882e" testListId="8c84fa94-04c1-424b-9868-57a2d4851a1d" />
    <TestEntry testId="65098e0b-d31f-493f-f5c7-89b21212d75c" executionId="5e799918-4b82-4c35-b64f-55e0cb7a90bd" testListId="8c84fa94-04c1-424b-9868-57a2d4851a1d" />
    <TestEntry testId="f720ad31-ae74-79e7-22fb-fd540fe1e410" executionId="77f15425-d1bd-40f1-b3e4-ffffb4c4c518" testListId="8c84fa94-04c1-424b-9868-57a2d4851a1d" />
    <TestEntry testId="df0bcd8b-7844-5b92-d01d-86530aea9c35" executionId="efe5d56b-9e7a-40c8-93a5-16cc260684cc" testListId="8c84fa94-04c1-424b-9868-57a2d4851a1d" />
    <TestEntry testId="1445a436-f34a-a70f-5047-8283ef73049c" executionId="7a8445f2-fe57-45e4-b06e-d0922d151cb5" testListId="8c84fa94-04c1-424b-9868-57a2d4851a1d" />
    <TestEntry testId="f77409eb-245e-e588-990d-732ccf35b9b9" executionId="aa5f8511-0ec5-499b-b10a-6a25fe7c8e97" testListId="8c84fa94-04c1-424b-9868-57a2d4851a1d" />
    <TestEntry testId="df226330-7aa0-8c33-1b47-375d91200853" executionId="5a2293f1-12f9-443f-a9ef-30d7a4252d55" testListId="8c84fa94-04c1-424b-9868-57a2d4851a1d" />
    <TestEntry testId="5f017da4-ef6a-5f78-e492-2001cbd1f689" executionId="e13674d2-5cdf-4728-90ea-afdc06122f4e" testListId="8c84fa94-04c1-424b-9868-57a2d4851a1d" />
    <TestEntry testId="fb2f3300-9207-53e8-1b8c-3c0b3c97dd35" executionId="8acd0e6b-c27b-4600-bea6-1b5ed8c4beea" testListId="8c84fa94-04c1-424b-9868-57a2d4851a1d" />
    <TestEntry testId="300f6dee-6490-83f6-adc0-de2d0fa5816e" executionId="9c0af5f2-6e5d-4149-b38d-974023a84caa" testListId="8c84fa94-04c1-424b-9868-57a2d4851a1d" />
    <TestEntry testId="6ae09f4d-7fb0-f7a6-a0bc-f2e9d59235e4" executionId="d1c11a34-a554-4ee5-b99b-6fc30afa77cd" testListId="8c84fa94-04c1-424b-9868-57a2d4851a1d" />
    <TestEntry testId="a7d43b45-68fb-6563-aff9-012574dcbd84" executionId="f0391fe6-5c17-49e0-bd2c-26d3e316b53e" testListId="8c84fa94-04c1-424b-9868-57a2d4851a1d" />
    <TestEntry testId="19a77eda-136e-3711-6b1c-4a0ca92ae853" executionId="e1eb8872-f569-461b-9ea5-ab6333bd397b" testListId="8c84fa94-04c1-424b-9868-57a2d4851a1d" />
    <TestEntry testId="fdcfdd08-e7ac-a1f9-5ac4-b193cd2e55be" executionId="b81c4188-25ad-4d31-bf2d-5cac4d9d1e7b" testListId="8c84fa94-04c1-424b-9868-57a2d4851a1d" />
    <TestEntry testId="61b22050-97ad-20ac-89ce-f3b72a5a8e5a" executionId="75a910eb-1cf6-4994-be72-ac60f34ef594" testListId="8c84fa94-04c1-424b-9868-57a2d4851a1d" />
    <TestEntry testId="23e43918-ba21-82a6-ae6e-1717b947fa41" executionId="ed2a1507-5b05-4171-8911-b77bdce11cd9" testListId="8c84fa94-04c1-424b-9868-57a2d4851a1d" />
    <TestEntry testId="657128c5-a00a-417a-0398-225465022baf" executionId="ae45b4c0-1856-4df1-8003-b8654c7220f6" testListId="8c84fa94-04c1-424b-9868-57a2d4851a1d" />
    <TestEntry testId="d3ebb7cf-f9ec-9b3e-35a1-23e19c538cfa" executionId="3bffc46d-f8ac-4324-b26b-99eaea73f243" testListId="8c84fa94-04c1-424b-9868-57a2d4851a1d" />
    <TestEntry testId="8b13a765-8c99-aabc-b19d-11c9ca6f1b68" executionId="ce602393-78e5-456f-90ef-1712975146e7" testListId="8c84fa94-04c1-424b-9868-57a2d4851a1d" />
    <TestEntry testId="44d94748-57c3-dbaf-aee8-a341a854133e" executionId="08a5a18e-023b-460d-b858-cfae22ce0fa3" testListId="8c84fa94-04c1-424b-9868-57a2d4851a1d" />
    <TestEntry testId="c9eb1b17-3b99-5890-d0cf-5a0275a0e128" executionId="a9dbe5d9-03ef-4a70-9a21-1b7f40b146f1" testListId="8c84fa94-04c1-424b-9868-57a2d4851a1d" />
    <TestEntry testId="e5732d60-3c29-5f54-625b-18b06e1698c9" executionId="b85159f6-cdfe-460a-a80a-dc6c8f5782f2" testListId="8c84fa94-04c1-424b-9868-57a2d4851a1d" />
    <TestEntry testId="a70297cb-b828-e320-a622-e744839b447c" executionId="a5ca113b-a7db-4b87-a1d2-dcbc34acdda4" testListId="8c84fa94-04c1-424b-9868-57a2d4851a1d" />
    <TestEntry testId="572906bd-cd69-d3d4-c0be-6d2b51eb223e" executionId="c39928ac-092f-4059-84af-cc455a3ab718" testListId="8c84fa94-04c1-424b-9868-57a2d4851a1d" />
    <TestEntry testId="9ead8476-3505-ae20-9014-95ec40346eb5" executionId="76a73453-e228-4492-a17a-398ab187e77d" testListId="8c84fa94-04c1-424b-9868-57a2d4851a1d" />
    <TestEntry testId="83655a65-6632-03cc-e5e9-95762f9d8428" executionId="49fb789c-7cb8-4188-a3ce-63a3701baff0" testListId="8c84fa94-04c1-424b-9868-57a2d4851a1d" />
    <TestEntry testId="5bb5f4cc-8a1b-1d50-5b9e-c5ad18e143dd" executionId="eaa8a073-d9a6-44e7-a2b3-fb7d1910c18f" testListId="8c84fa94-04c1-424b-9868-57a2d4851a1d" />
    <TestEntry testId="ab5c8b26-ceaf-e0b0-101d-d5f2cd6d0842" executionId="f81a01d0-afb1-4a57-83e1-40189ba0e1db" testListId="8c84fa94-04c1-424b-9868-57a2d4851a1d" />
    <TestEntry testId="42e215c3-5d2e-bd5d-b7d0-2ce1a036b738" executionId="96b089e1-132f-44d9-b67b-5a7f4fac5abe" testListId="8c84fa94-04c1-424b-9868-57a2d4851a1d" />
    <TestEntry testId="6d9ca8dd-f154-227d-84e3-afa1a8dfa77e" executionId="841cc2f8-5763-4602-8a54-508f32d3c871" testListId="8c84fa94-04c1-424b-9868-57a2d4851a1d" />
    <TestEntry testId="384e7e46-2939-dfa4-d397-51eef363ea84" executionId="10c65b9b-a713-44e0-a0b2-9f319cae0ae3" testListId="8c84fa94-04c1-424b-9868-57a2d4851a1d" />
    <TestEntry testId="9941d091-0d12-9ab4-3186-9c070f874a75" executionId="35cba6d5-3ab3-49b4-9705-5d619c69d298" testListId="8c84fa94-04c1-424b-9868-57a2d4851a1d" />
    <TestEntry testId="abcd273c-5fb8-2e18-1f45-cd1c0a4ca70a" executionId="94ce3646-a248-4dfc-a7e5-7a29cc362792" testListId="8c84fa94-04c1-424b-9868-57a2d4851a1d" />
    <TestEntry testId="ab278c63-bff2-f9db-860f-8f2ccbfd3000" executionId="67b1f59c-1612-4600-9450-4c5136d210c7" testListId="8c84fa94-04c1-424b-9868-57a2d4851a1d" />
    <TestEntry testId="5dff5f0c-32ad-0c05-14a6-b79d6a364636" executionId="fa562d79-bc5e-4310-84b0-807a33165531" testListId="8c84fa94-04c1-424b-9868-57a2d4851a1d" />
    <TestEntry testId="74d64d57-23b6-db5a-27b8-8384e8cfe593" executionId="67f74d83-7100-4848-a8e7-72ec83ef7763" testListId="8c84fa94-04c1-424b-9868-57a2d4851a1d" />
    <TestEntry testId="7b8d351e-949a-a562-6c8a-b72a61dc4e22" executionId="8e3e161f-0f77-4d5c-ac2d-cddf75a674a4" testListId="8c84fa94-04c1-424b-9868-57a2d4851a1d" />
    <TestEntry testId="4aa0c269-359a-c858-e90f-1fae4b1d119c" executionId="5453150d-eb8d-4b08-bc65-cb84b24a1482" testListId="8c84fa94-04c1-424b-9868-57a2d4851a1d" />
    <TestEntry testId="7254bc38-d0ef-97ce-6b01-c2b0df4e1184" executionId="550e2f83-1d9b-483b-a5e7-71e5dedcce71" testListId="8c84fa94-04c1-424b-9868-57a2d4851a1d" />
    <TestEntry testId="a4cab702-ac88-7d1a-c836-d98380cd86ed" executionId="217c8b70-cf05-47df-a131-fec9eb3a9c16" testListId="8c84fa94-04c1-424b-9868-57a2d4851a1d" />
    <TestEntry testId="1c229850-235f-5d22-0ad9-1b5eab113d0f" executionId="51a32884-2eba-4d61-9456-0f16fbd37d16" testListId="8c84fa94-04c1-424b-9868-57a2d4851a1d" />
    <TestEntry testId="7de23b8f-ae41-29e1-9984-ffa5121128b2" executionId="5e15aed5-b9f4-4023-b209-bb1fadd05e24" testListId="8c84fa94-04c1-424b-9868-57a2d4851a1d" />
    <TestEntry testId="906536ef-e98f-d22a-f50e-edb13761511c" executionId="0e6e70bb-78cd-4143-a4ec-a56cc21abd4d" testListId="8c84fa94-04c1-424b-9868-57a2d4851a1d" />
    <TestEntry testId="41759be0-8d28-fc24-8f8d-4b3695413d75" executionId="d88c0afa-4f27-4f8c-9657-7c791bbef8bf" testListId="8c84fa94-04c1-424b-9868-57a2d4851a1d" />
    <TestEntry testId="4a9b90f7-2118-e89c-bf1b-7ef1296b8510" executionId="c92e6614-9734-4fb0-9710-4f018dbb7cf8" testListId="8c84fa94-04c1-424b-9868-57a2d4851a1d" />
    <TestEntry testId="35d02efc-7874-8194-c839-10cd28db0d9e" executionId="b6dd1bdc-c47c-4244-831a-5dfd6d83a630" testListId="8c84fa94-04c1-424b-9868-57a2d4851a1d" />
    <TestEntry testId="50787197-3318-8798-72b6-de8685990f85" executionId="ff2c983a-aaca-43a8-bcec-3a9cebed1f76" testListId="8c84fa94-04c1-424b-9868-57a2d4851a1d" />
    <TestEntry testId="d1220d6b-41d1-f6d0-a837-b5893fc68d06" executionId="14fd5f6b-402b-4991-8d97-e29fc17b0c51" testListId="8c84fa94-04c1-424b-9868-57a2d4851a1d" />
    <TestEntry testId="f7c7c155-dacf-8b29-9ffb-7a4a19c5a5dd" executionId="25b5ea96-f48b-4f91-992c-03815f48d995" testListId="8c84fa94-04c1-424b-9868-57a2d4851a1d" />
    <TestEntry testId="a14baa81-afe4-ffee-4549-d9c74ec6ed97" executionId="255338a4-8090-4439-87ca-89d9f3276a85" testListId="8c84fa94-04c1-424b-9868-57a2d4851a1d" />
    <TestEntry testId="3dc1068f-82d6-84de-c908-e4f233ecb350" executionId="477cad7a-5b86-46fb-9f01-f1845f77bd86" testListId="8c84fa94-04c1-424b-9868-57a2d4851a1d" />
    <TestEntry testId="afe2b68b-714d-f139-8dd0-06272512af6b" executionId="f99fa118-f5f5-40ad-a1fa-79850d861c74" testListId="8c84fa94-04c1-424b-9868-57a2d4851a1d" />
    <TestEntry testId="affcd0cb-5609-83cd-3160-dc9ebb422db5" executionId="e96c1aec-d4c6-485e-ae9e-4f9ba2c811ea" testListId="8c84fa94-04c1-424b-9868-57a2d4851a1d" />
    <TestEntry testId="1a7858ec-7b00-19e3-8d93-b0573ac54671" executionId="d5f9dfef-89e8-4386-8f55-128df0b65d7a" testListId="8c84fa94-04c1-424b-9868-57a2d4851a1d" />
    <TestEntry testId="c3b1ea7b-ede6-c7b9-1230-73a5ed747da0" executionId="44d9de1f-5587-450f-87c8-d0e0a9a805fa" testListId="8c84fa94-04c1-424b-9868-57a2d4851a1d" />
    <TestEntry testId="28956f83-5909-2465-c921-e81fa45af59d" executionId="fbb78208-27fb-495b-9c3b-7a633958bb2c" testListId="8c84fa94-04c1-424b-9868-57a2d4851a1d" />
    <TestEntry testId="8ca401d4-73e8-2216-59da-4cc641e70c7c" executionId="80b1f21d-beb5-4891-9cda-2990ac0c312a" testListId="8c84fa94-04c1-424b-9868-57a2d4851a1d" />
    <TestEntry testId="adbea6d5-a912-6bd3-599d-7bd4f6b0b166" executionId="0ec79bc8-4476-4960-8bb8-1fff9f60f1e5" testListId="8c84fa94-04c1-424b-9868-57a2d4851a1d" />
    <TestEntry testId="fdd1ff42-4124-956c-0518-65da789ad001" executionId="02882419-4270-42d8-82e1-e0d3a4b6308f" testListId="8c84fa94-04c1-424b-9868-57a2d4851a1d" />
    <TestEntry testId="acbd658a-0a3a-c64b-60e8-e42ad757ae25" executionId="042020a3-464d-428c-a497-0479b7545a53" testListId="8c84fa94-04c1-424b-9868-57a2d4851a1d" />
    <TestEntry testId="b21fa29a-c221-a436-8f17-6ab1b870468e" executionId="f95a1432-a58a-45e9-b698-5f46c6ce5aca" testListId="8c84fa94-04c1-424b-9868-57a2d4851a1d" />
    <TestEntry testId="f56c348e-07a4-4939-d517-9340c0ab873a" executionId="a4fe932f-8685-4085-9a04-1a95beccf36b" testListId="8c84fa94-04c1-424b-9868-57a2d4851a1d" />
    <TestEntry testId="c98a6040-df85-4dcf-82be-4564f2a354ed" executionId="bf48ea02-2289-455a-8ab5-1a7d0e8e687f" testListId="8c84fa94-04c1-424b-9868-57a2d4851a1d" />
    <TestEntry testId="a48197e7-34b6-2816-16e7-425e0038f95b" executionId="da08eda3-8419-461b-90cd-7a91940b22fa" testListId="8c84fa94-04c1-424b-9868-57a2d4851a1d" />
    <TestEntry testId="63187717-8e00-caba-40f9-a91ffcda26a1" executionId="a9e37d9c-6393-4901-84f4-ae27c1f00606" testListId="8c84fa94-04c1-424b-9868-57a2d4851a1d" />
    <TestEntry testId="e4910e24-1d21-cc0f-b00b-383030d4728e" executionId="a666f6e7-c1c2-42b0-8902-d41fe0f00c5f" testListId="8c84fa94-04c1-424b-9868-57a2d4851a1d" />
    <TestEntry testId="c8317e5f-ac87-ad9f-f963-f49170b308f5" executionId="e2d6eaa5-a354-4ac6-bd49-bacc29568d5e" testListId="8c84fa94-04c1-424b-9868-57a2d4851a1d" />
    <TestEntry testId="8a23c638-9a92-0466-2449-0a7778ea7ab5" executionId="314ca388-e658-47a6-8b1c-01b2291d455a" testListId="8c84fa94-04c1-424b-9868-57a2d4851a1d" />
    <TestEntry testId="31f49240-24a2-0e5e-c8c3-739b4d81c6d7" executionId="36d3767d-5f69-4bae-a74e-826ee74c22b4" testListId="8c84fa94-04c1-424b-9868-57a2d4851a1d" />
    <TestEntry testId="3b11aa8b-1906-ff2b-88bb-e6031120b9a4" executionId="61ed1ed9-3b74-471b-a03c-0ce3a359b9df" testListId="8c84fa94-04c1-424b-9868-57a2d4851a1d" />
    <TestEntry testId="ee64b813-f0cb-cb72-0323-df3a54bc0a5e" executionId="ed98ea7f-ffdb-4582-9d96-714e43df9127" testListId="8c84fa94-04c1-424b-9868-57a2d4851a1d" />
    <TestEntry testId="413dc1a3-0eee-2fa8-da62-4788e8635f66" executionId="181096a0-4891-4419-b24d-bd480fd5eb1d" testListId="8c84fa94-04c1-424b-9868-57a2d4851a1d" />
    <TestEntry testId="4d224471-c0d3-8189-5d40-1274a3458e31" executionId="647f8496-0cf9-459a-b190-0a54dee57c15" testListId="8c84fa94-04c1-424b-9868-57a2d4851a1d" />
    <TestEntry testId="c72117c3-ab57-465e-9a92-830e8834255d" executionId="f12aaefb-30be-4f83-96ea-457de36681f8" testListId="8c84fa94-04c1-424b-9868-57a2d4851a1d" />
    <TestEntry testId="5e57c659-2db4-b8ce-a9d9-50e1e7b7b842" executionId="ede3f8ed-0975-44e2-8627-1674103da4b2" testListId="8c84fa94-04c1-424b-9868-57a2d4851a1d" />
    <TestEntry testId="c6c69823-0e8f-a585-91ca-73273148719d" executionId="0eef2057-c980-473d-b6b8-68c9a91e1630" testListId="8c84fa94-04c1-424b-9868-57a2d4851a1d" />
    <TestEntry testId="9244f1a4-b96d-9fb0-92ad-43c8c501a1ac" executionId="14142d7a-3429-49ce-80fb-d0a7063301f7" testListId="8c84fa94-04c1-424b-9868-57a2d4851a1d" />
    <TestEntry testId="af6ab75d-3a77-f5b8-a91e-e7b06ac4dc02" executionId="b9517a18-819d-441f-9558-7bce16ee6ad9" testListId="8c84fa94-04c1-424b-9868-57a2d4851a1d" />
    <TestEntry testId="a5c15af2-bd63-9071-a28b-992426b66362" executionId="a5415fdb-e080-411c-99d7-07f014559f0f" testListId="8c84fa94-04c1-424b-9868-57a2d4851a1d" />
    <TestEntry testId="de963660-c9b7-1271-b4b4-cb536cfbd754" executionId="0310bbc3-dd66-418f-b07d-d9dbabef9da4" testListId="8c84fa94-04c1-424b-9868-57a2d4851a1d" />
    <TestEntry testId="bda16938-26e8-7f58-0e78-0355787a8bdc" executionId="02ddd264-38e7-4b64-a6a5-7648ea15c915" testListId="8c84fa94-04c1-424b-9868-57a2d4851a1d" />
    <TestEntry testId="bdad5a6a-6be3-3f5f-d1ce-c9d3ae870232" executionId="589ba9b2-0114-4869-bc48-10e081896905" testListId="8c84fa94-04c1-424b-9868-57a2d4851a1d" />
    <TestEntry testId="91cc1712-5c7e-8346-f0fe-787746e3c609" executionId="6003f42d-9c22-4979-94cc-5e3ee132aa23" testListId="8c84fa94-04c1-424b-9868-57a2d4851a1d" />
    <TestEntry testId="abb00982-0096-661e-4e2d-bf082834ac59" executionId="9512d7cc-2164-4ddf-aac9-e2fce7fe54ed" testListId="8c84fa94-04c1-424b-9868-57a2d4851a1d" />
    <TestEntry testId="f1daec19-81ab-0a86-67a4-55383baf385f" executionId="97c15e7d-ace0-4fdc-95d9-b3dccc666758" testListId="8c84fa94-04c1-424b-9868-57a2d4851a1d" />
    <TestEntry testId="ab03aeee-2a55-ff2d-2d4f-6583c6d3f265" executionId="d8ab12b9-5e2f-4858-a1b2-424f6407bb7e" testListId="8c84fa94-04c1-424b-9868-57a2d4851a1d" />
    <TestEntry testId="3220c2ae-91b6-aff4-18b0-88557d16da4b" executionId="6b7524fb-ae19-4694-a61c-9b0b1b2bbc66" testListId="8c84fa94-04c1-424b-9868-57a2d4851a1d" />
    <TestEntry testId="842abb2a-cf12-4fa5-cea8-ba137980c871" executionId="851cf04d-69f1-41d5-803d-8f9737a6feaf" testListId="8c84fa94-04c1-424b-9868-57a2d4851a1d" />
    <TestEntry testId="3ec526ca-e695-30ed-ab17-22afd64268e8" executionId="309eabf8-bb92-45bd-abe0-2af91e585955" testListId="8c84fa94-04c1-424b-9868-57a2d4851a1d" />
    <TestEntry testId="92c6010b-42e6-d615-8711-7979fc341358" executionId="02ecbb6c-17fd-4ed4-ab4e-9dbb1641edb2" testListId="8c84fa94-04c1-424b-9868-57a2d4851a1d" />
    <TestEntry testId="a65bf685-fa17-2ecf-1f83-09acfe0e037c" executionId="b998084b-fd0c-4d47-a2f0-b136347101e0" testListId="8c84fa94-04c1-424b-9868-57a2d4851a1d" />
    <TestEntry testId="832d5440-de3d-6f1a-08b7-c647cf8b2957" executionId="b85c1efb-a5a3-4a5a-b330-f88302a5c4d7" testListId="8c84fa94-04c1-424b-9868-57a2d4851a1d" />
    <TestEntry testId="1ab65006-1d16-c78b-9176-c6d1cbfa198a" executionId="83d8e952-87b3-4933-baf8-05a878c8a01b" testListId="8c84fa94-04c1-424b-9868-57a2d4851a1d" />
    <TestEntry testId="f0647535-9b53-2b97-a592-0347a36420eb" executionId="ddb1a642-ff50-4021-9bca-87db661a73d9" testListId="8c84fa94-04c1-424b-9868-57a2d4851a1d" />
    <TestEntry testId="7a121384-ad33-5a50-aa20-0dd3188d181a" executionId="6c367499-5c9b-47df-b5a7-204e01f00f32" testListId="8c84fa94-04c1-424b-9868-57a2d4851a1d" />
    <TestEntry testId="c8ec8d0b-8726-1048-5a8e-70417ccfe9cc" executionId="482977de-5c0f-4276-8cee-a56a59fc7039" testListId="8c84fa94-04c1-424b-9868-57a2d4851a1d" />
    <TestEntry testId="d1fdf263-c1e9-9de3-2358-6aa706b01c30" executionId="d8ef4bbe-24c7-43fb-916b-6d48a42756fe" testListId="8c84fa94-04c1-424b-9868-57a2d4851a1d" />
    <TestEntry testId="01230dda-dd09-14e4-5ba7-6cc5a66146fe" executionId="49d894ea-2b2e-48eb-94a4-ece57cec1ce4" testListId="8c84fa94-04c1-424b-9868-57a2d4851a1d" />
    <TestEntry testId="b2106cab-7252-8e78-56a6-4549da11719c" executionId="69ab91e9-d1e5-48f4-8c0b-34aa58d5ec34" testListId="8c84fa94-04c1-424b-9868-57a2d4851a1d" />
    <TestEntry testId="879bc477-5080-4fcf-e639-e827fa9c2556" executionId="93fa19ef-76d0-4e40-ba11-d805661cd0d5" testListId="8c84fa94-04c1-424b-9868-57a2d4851a1d" />
    <TestEntry testId="c1a072c2-ee01-a7ae-6887-46b271e84c2b" executionId="07f90f1d-26e1-4404-a18a-ca92c673801f" testListId="8c84fa94-04c1-424b-9868-57a2d4851a1d" />
    <TestEntry testId="107fd52a-d610-16f7-d2b4-50729b7deaad" executionId="7ac89499-9b69-4983-83c1-dde387d7cc84" testListId="8c84fa94-04c1-424b-9868-57a2d4851a1d" />
    <TestEntry testId="e0198dfc-3381-5a04-2210-16421478411b" executionId="f2d5a664-28db-404d-b66a-c99496aed9c1" testListId="8c84fa94-04c1-424b-9868-57a2d4851a1d" />
    <TestEntry testId="ee6bd5ed-b0fa-e4dd-f322-54c174b3d129" executionId="6f098743-231a-4b73-9b9b-1424699aeaae" testListId="8c84fa94-04c1-424b-9868-57a2d4851a1d" />
    <TestEntry testId="7e85cdf8-1845-3a87-ed06-04c18958f263" executionId="f43bba2e-4f7f-405c-961a-643b5fb8fe09" testListId="8c84fa94-04c1-424b-9868-57a2d4851a1d" />
    <TestEntry testId="254cc30b-5b1d-8fc3-09ec-d3df0b2b3af0" executionId="b0fec58d-4744-4495-a401-34467744ad47" testListId="8c84fa94-04c1-424b-9868-57a2d4851a1d" />
    <TestEntry testId="1a716a10-d641-d602-72f7-3f93f8cd0402" executionId="16002657-01bc-4852-850b-4433759ad383" testListId="8c84fa94-04c1-424b-9868-57a2d4851a1d" />
    <TestEntry testId="f3bed39f-48ad-33ee-e5db-7f7f6353e59e" executionId="eeb7e619-65c9-4115-ad36-2827524b4090" testListId="8c84fa94-04c1-424b-9868-57a2d4851a1d" />
    <TestEntry testId="f362749b-c766-edfa-beed-a4a7ae724ae8" executionId="47921ff6-5fed-4550-8d99-86f903388c60" testListId="8c84fa94-04c1-424b-9868-57a2d4851a1d" />
    <TestEntry testId="bc676c70-bff1-771e-2805-b78bf099cdaf" executionId="a255686e-a3b1-4a04-9c7d-8b249ad95dd1" testListId="8c84fa94-04c1-424b-9868-57a2d4851a1d" />
    <TestEntry testId="f198c2f2-d97d-2ebd-6b38-42f64079cc49" executionId="504ebbaa-1268-4c26-b53b-386163ce43e7" testListId="8c84fa94-04c1-424b-9868-57a2d4851a1d" />
    <TestEntry testId="bdf003e6-5e31-3757-8de6-b259949e60c6" executionId="532aff7a-9f20-480a-a988-7e376bceea6c" testListId="8c84fa94-04c1-424b-9868-57a2d4851a1d" />
    <TestEntry testId="73624354-1cd8-cfa9-9307-0f5e85db415f" executionId="c5b34ab4-f8c0-4898-a862-09d61bee97b3" testListId="8c84fa94-04c1-424b-9868-57a2d4851a1d" />
    <TestEntry testId="bc8aacaf-5f55-4f78-74de-8b2898429afa" executionId="3d25e532-b6e6-4134-8cf1-26f78125c2be" testListId="8c84fa94-04c1-424b-9868-57a2d4851a1d" />
    <TestEntry testId="f55754ec-072d-a532-5fd1-647f087fa389" executionId="36772623-11f9-4fbf-9390-d231ced1c288" testListId="8c84fa94-04c1-424b-9868-57a2d4851a1d" />
    <TestEntry testId="2f3f10ea-dadb-86ef-4da9-f3e8ca2875bf" executionId="6ef10503-de96-4060-9a5b-8a91439e73ce" testListId="8c84fa94-04c1-424b-9868-57a2d4851a1d" />
    <TestEntry testId="e9dbbd1d-bdb4-59d4-eeba-825afa778cbf" executionId="02552e96-03ca-42a0-a3db-d1f8e0c09835" testListId="8c84fa94-04c1-424b-9868-57a2d4851a1d" />
    <TestEntry testId="2224406e-7d17-912a-65f5-f2ed533b7d62" executionId="12a62af9-e8db-4a13-85b0-5cf6b8dc1e5a" testListId="8c84fa94-04c1-424b-9868-57a2d4851a1d" />
    <TestEntry testId="0ee73c2d-1ffb-ddf9-4e07-1b1702a6be39" executionId="b0e077ad-01ab-410b-9a8e-b40bd9f4b36e" testListId="8c84fa94-04c1-424b-9868-57a2d4851a1d" />
    <TestEntry testId="3f3fa638-09ba-1011-7392-05cac169df0e" executionId="47fe322f-6a70-406d-b8a4-0ed82d5dcd03" testListId="8c84fa94-04c1-424b-9868-57a2d4851a1d" />
    <TestEntry testId="e6fd593e-8926-6b22-f12a-96430c0fbf2e" executionId="2655f4e2-d343-4a2f-990c-2f4a4ee482d5" testListId="8c84fa94-04c1-424b-9868-57a2d4851a1d" />
    <TestEntry testId="f21fef0c-1b6d-1012-7719-4d0ad013ab4a" executionId="8c6ef795-7254-45f4-a316-97f3a149c019" testListId="8c84fa94-04c1-424b-9868-57a2d4851a1d" />
    <TestEntry testId="763c96db-6624-3c72-6180-fc6aded732d6" executionId="03227ad9-f76f-45c1-8eb9-206b30c2af79" testListId="8c84fa94-04c1-424b-9868-57a2d4851a1d" />
    <TestEntry testId="2c397f14-cc89-a8af-7de5-b6c9486ecf65" executionId="14d90c84-985c-46ec-ab47-d32673857c68" testListId="8c84fa94-04c1-424b-9868-57a2d4851a1d" />
    <TestEntry testId="8dfd896c-4a4b-dcc4-c53c-56fdcd545dd6" executionId="ed501ae0-8011-4ab4-b6e6-8a5c30d21bf5" testListId="8c84fa94-04c1-424b-9868-57a2d4851a1d" />
    <TestEntry testId="825fd467-52f0-ebc3-102d-d554859cb5d0" executionId="6c4f25e7-0391-475e-971c-4374ae7283b0" testListId="8c84fa94-04c1-424b-9868-57a2d4851a1d" />
    <TestEntry testId="a4206639-8551-015b-9278-1c1f53a52704" executionId="0477d8a4-1989-44d0-a3d9-2511e061a7e5" testListId="8c84fa94-04c1-424b-9868-57a2d4851a1d" />
    <TestEntry testId="37aa9393-f589-b635-2eec-42cc9cc48359" executionId="7b92a53e-1baf-4e52-85f4-95174faa4c03" testListId="8c84fa94-04c1-424b-9868-57a2d4851a1d" />
    <TestEntry testId="697f4dc9-7b2c-f900-0b6d-c768a091bc66" executionId="622c38cf-55a0-471b-97b3-84db0cee451c" testListId="8c84fa94-04c1-424b-9868-57a2d4851a1d" />
    <TestEntry testId="3c513f3b-1271-3f9c-ccd2-60479767cb29" executionId="d23703fd-d88c-46e9-86b0-57526c4728df" testListId="8c84fa94-04c1-424b-9868-57a2d4851a1d" />
    <TestEntry testId="3c0e3cca-3008-f566-244c-afe831eddad2" executionId="a8be0b47-745b-4765-85f0-9cbf688d1ba2" testListId="8c84fa94-04c1-424b-9868-57a2d4851a1d" />
    <TestEntry testId="2b872452-2694-911a-53e8-7326d451f370" executionId="57383adb-f625-4987-b75f-15f988e7dae6" testListId="8c84fa94-04c1-424b-9868-57a2d4851a1d" />
    <TestEntry testId="3c30a966-5d71-f183-32cf-39fc6c1d9ded" executionId="d6028c8b-382e-4b3b-ab8a-c001c1a6e405" testListId="8c84fa94-04c1-424b-9868-57a2d4851a1d" />
  </TestEntries>
  <TestLists>
    <TestList name="Results Not in a List" id="8c84fa94-04c1-424b-9868-57a2d4851a1d" />
    <TestList name="All Loaded Results" id="19431567-8539-422a-85d7-44ee4e166bda" />
  </TestLists>
  <ResultSummary outcome="Completed">
    <Counters total="266" executed="266" passed="266" failed="0" error="0" timeout="0" aborted="0" inconclusive="0" passedButRunAborted="0" notRunnable="0" notExecuted="0" disconnected="0" warning="0" completed="0" inProgress="0" pending="0" />
  </ResultSummary>
</TestRun>